[1;32;40mINFO - 2023-01-04 10:38:52,157 - [33mwerkzeug[0m - [33m172.17.0.1 - - [04/Jan/2023 10:38:52] "GET /progress-scdg HTTP/1.1" 200 -[0m[0m
[1;32;40mINFO - 2023-01-04 10:38:52,158 - [33mwerkzeug[0m - [33m172.17.0.1 - - [04/Jan/2023 10:38:52] "GET /iteration-scdg HTTP/1.1" 200 -[0m[0m
[1;33;40mWARNING - 2023-01-04 10:38:52,198 - [34mangr.project[0m - [34mDisabling IRSB translation cache because support for self-modifying code is enabled.[0m[0m
[1;32;40mINFO - 2023-01-04 10:38:53,174 - [33mwerkzeug[0m - [33m172.17.0.1 - - [04/Jan/2023 10:38:53] "GET /iteration-scdg HTTP/1.1" 200 -[0m[0m
[1;32;40mINFO - 2023-01-04 10:38:53,175 - [33mwerkzeug[0m - [33m172.17.0.1 - - [04/Jan/2023 10:38:53] "GET /progress-scdg HTTP/1.1" 200 -[0m[0m
[1;32;40mINFO - 2023-01-04 10:38:55,884 - [33mwerkzeug[0m - [33m172.17.0.1 - - [04/Jan/2023 10:38:55] "GET /iteration-scdg HTTP/1.1" 200 -[0m[0m
[1;32;40mINFO - 2023-01-04 10:38:55,885 - [33mwerkzeug[0m - [33m172.17.0.1 - - [04/Jan/2023 10:38:55] "GET /progress-scdg HTTP/1.1" 200 -[0m[0m
[1;32;40mINFO - 2023-01-04 10:38:57,157 - [33mwerkzeug[0m - [33m172.17.0.1 - - [04/Jan/2023 10:38:57] "GET /iteration-scdg HTTP/1.1" 200 -[0m[0m
[1;32;40mINFO - 2023-01-04 10:38:57,159 - [33mwerkzeug[0m - [33m172.17.0.1 - - [04/Jan/2023 10:38:57] "GET /progress-scdg HTTP/1.1" 200 -[0m[0m
[1;32;40mINFO - 2023-01-04 10:38:58,174 - [33mwerkzeug[0m - [33m172.17.0.1 - - [04/Jan/2023 10:38:58] "GET /iteration-scdg HTTP/1.1" 200 -[0m[0m
[1;32;40mINFO - 2023-01-04 10:38:58,175 - [33mwerkzeug[0m - [33m172.17.0.1 - - [04/Jan/2023 10:38:58] "GET /progress-scdg HTTP/1.1" 200 -[0m[0m
[1;32;40mINFO - 2023-01-04 10:39:00,914 - [33mwerkzeug[0m - [33m172.17.0.1 - - [04/Jan/2023 10:39:00] "GET /iteration-scdg HTTP/1.1" 200 -[0m[0m
[1;32;40mINFO - 2023-01-04 10:39:00,921 - [33mwerkzeug[0m - [33m172.17.0.1 - - [04/Jan/2023 10:39:00] "GET /progress-scdg HTTP/1.1" 200 -[0m[0m
[1;32;40mINFO - 2023-01-04 10:39:02,179 - [33mwerkzeug[0m - [33m172.17.0.1 - - [04/Jan/2023 10:39:02] "GET /iteration-scdg HTTP/1.1" 200 -[0m[0m
[1;32;40mINFO - 2023-01-04 10:39:02,211 - [33mwerkzeug[0m - [33m172.17.0.1 - - [04/Jan/2023 10:39:02] "GET /progress-scdg HTTP/1.1" 200 -[0m[0m
[1;32;40mINFO - 2023-01-04 10:39:03,208 - [33mwerkzeug[0m - [33m172.17.0.1 - - [04/Jan/2023 10:39:03] "GET /iteration-scdg HTTP/1.1" 200 -[0m[0m
[1;32;40mINFO - 2023-01-04 10:39:03,229 - [33mwerkzeug[0m - [33m172.17.0.1 - - [04/Jan/2023 10:39:03] "GET /progress-scdg HTTP/1.1" 200 -[0m[0m
[1;32;40mINFO - 2023-01-04 10:39:03,308 - [36mCustomSimProcedure[0m - {'DecodePointer': 6291456, 'RaiseException': 6291460, 'GetLastError': 6291464, 'HeapDestroy': 6291468, 'HeapAlloc': 6291472, 'HeapReAlloc': 6291476, 'HeapFree': 6291480, 'HeapSize': 6291484, 'GetProcessHeap': 6291488, 'InitializeCriticalSectionEx': 6291492, 'DeleteCriticalSection': 6291496, 'Sleep': 6291500, 'VirtualAlloc': 6291504, 'VirtualProtect': 6291508, 'MultiByteToWideChar': 6291512, 'WideCharToMultiByte': 6291516, 'FreeConsole': 6291520, 'CreateFileW': 6291524, 'ReadConsoleW': 6291528, 'ReadFile': 6291532, 'SetFilePointerEx': 6291536, 'GetFileSizeEx': 6291540, 'GetConsoleMode': 6291544, 'GetConsoleOutputCP': 6291548, 'FlushFileBuffers': 6291552, 'GetStringTypeW': 6291556, 'SetStdHandle': 6291560, 'SetConsoleCtrlHandler': 6291564, 'SetEnvironmentVariableW': 6291568, 'FreeEnvironmentStringsW': 6291572, 'GetEnvironmentStringsW': 6291576, 'GetCPInfo': 6291580, 'GetOEMCP': 6291584, 'GetACP': 6291588, 'IsValidCodePage': 6291592, 'IsDebuggerPresent': 6291596, 'OutputDebugStringW': 6291600, 'EnterCriticalSection': 6291604, 'LeaveCriticalSection': 6291608, 'UnhandledExceptionFilter': 6291612, 'SetUnhandledExceptionFilter': 6291616, 'GetCurrentProcess': 6291620, 'TerminateProcess': 6291624, 'IsProcessorFeaturePresent': 6291628, 'CloseHandle': 6291632, 'InitializeCriticalSectionAndSpinCount': 6291636, 'SetEvent': 6291640, 'ResetEvent': 6291644, 'WaitForSingleObjectEx': 6291648, 'CreateEventW': 6291652, 'GetModuleHandleW': 6291656, 'GetProcAddress': 6291660, 'GetStartupInfoW': 6291664, 'QueryPerformanceCounter': 6291668, 'GetCurrentProcessId': 6291672, 'GetCurrentThreadId': 6291676, 'GetSystemTimeAsFileTime': 6291680, 'InitializeSListHead': 6291684, 'RtlUnwind': 6291688, 'InterlockedPushEntrySList': 6291692, 'InterlockedFlushSList': 6291696, 'SetLastError': 6291700, 'EncodePointer': 6291704, 'TlsAlloc': 6291708, 'TlsGetValue': 6291712, 'TlsSetValue': 6291716, 'TlsFree': 6291720, 'FreeLibrary': 6291724, 'LoadLibraryExW': 6291728, 'GetSystemInfo': 6291732, 'VirtualQuery': 6291736, 'ExitProcess': 6291740, 'GetModuleHandleExW': 6291744, 'GetModuleFileNameW': 6291748, 'GetStdHandle': 6291752, 'WriteFile': 6291756, 'GetCommandLineA': 6291760, 'GetCommandLineW': 6291764, 'GetCurrentThread': 6291768, 'GetDateFormatW': 6291772, 'GetTimeFormatW': 6291776, 'CompareStringW': 6291780, 'LCMapStringW': 6291784, 'GetLocaleInfoW': 6291788, 'IsValidLocale': 6291792, 'GetUserDefaultLCID': 6291796, 'EnumSystemLocalesW': 6291800, 'GetFileType': 6291804, 'FindClose': 6291808, 'FindFirstFileExW': 6291812, 'FindNextFileW': 6291816, 'WriteConsoleW': 6291820, 'GetActiveWindow': 6291824, 'MessageBoxW': 6291828, 'UnregisterClassA': 6291832, 'CoCreateInstance': 6291836, 'CoTaskMemFree': 6291840, 'CoTaskMemRealloc': 6291844, 'VariantCopy': 6291848, 'VariantClear': 6291852, 'VariantInit': 6291856, 'VariantChangeType': 6291860, 'SysFreeString': 6291864, 'SysAllocStringLen': 6291868, 'SysAllocString': 6291872, 'SafeArrayDestroy': 6291876, 'KiUserExceptionDispatcher': 7344148, '_fmode': 7344152, '_commode': 7344156, '_acmdln': 7344160, '_wcmdln': 7344164}[0m
[1;33;40mWARNING - 2023-01-04 10:39:03,327 - [34mangr.project[0m - [34mAddress is already hooked, during hook(0x600180, <SimProcedure CoTaskMemFree>). Not re-hooking.[0m[0m
[1;33;40mWARNING - 2023-01-04 10:39:03,328 - [34mangr.project[0m - [34mAddress is already hooked, during hook(0x600184, <SimProcedure CoTaskMemRealloc>). Not re-hooking.[0m[0m
[1;32;40mINFO - 2023-01-04 10:39:03,342 - [36mCustomSimProcedure[0m - [36mWas in angr :user32.dll[0m[0m
[1;33;40mWARNING - 2023-01-04 10:39:03,345 - [36mCustomSimProcedure[0m - [36mProcedure wsprintfA in DLL user32.dll has 3 arguments in json and 2 arguments in angr prototype. Taking number of arguments from json.[0m[0m
[1;33;40mWARNING - 2023-01-04 10:39:03,345 - [36mCustomSimProcedure[0m - [36mProcedure wsprintfW in DLL user32.dll has 3 arguments in json and 2 arguments in angr prototype. Taking number of arguments from json.[0m[0m
[1;32;40mINFO - 2023-01-04 10:39:03,392 - [36mCustomSimProcedure[0m - [36mWas in angr :kernel32.dll[0m[0m
[1;33;40mWARNING - 2023-01-04 10:39:03,503 - [34mangr.project[0m - [34mAddress is already hooked, during hook(0x6001a4, <SimProcedure SafeArrayDestroy>). Not re-hooking.[0m[0m
[1;33;40mWARNING - 2023-01-04 10:39:03,503 - [34mangr.project[0m - [34mAddress is already hooked, during hook(0x600194, <SimProcedure VariantChangeType>). Not re-hooking.[0m[0m
[1;33;40mWARNING - 2023-01-04 10:39:03,503 - [34mangr.project[0m - [34mAddress is already hooked, during hook(0x600188, <SimProcedure VariantCopy>). Not re-hooking.[0m[0m
[1;33;40mWARNING - 2023-01-04 10:39:03,504 - [34mangr.project[0m - [34mAddress is already hooked, during hook(0x600190, <SimProcedure VariantInit>). Not re-hooking.[0m[0m
[1;33;40mWARNING - 2023-01-04 10:39:03,504 - [34mangr.project[0m - [34mAddress is already hooked, during hook(0x60018c, <SimProcedure VariantClear>). Not re-hooking.[0m[0m
[1;33;40mWARNING - 2023-01-04 10:39:03,520 - [34mangr.project[0m - [34mAddress is already hooked, during hook(0x701014, <SimProcedure KiUserExceptionDispatcher>). Not re-hooking.[0m[0m
[1;32;40mINFO - 2023-01-04 10:39:03,521 - [36mCustomSimProcedure[0m - [36mNo hooks for: {'_fmode': 7344152, '_commode': 7344156, '_acmdln': 7344160, '_wcmdln': 7344164}[0m[0m
[1;32;40mINFO - 2023-01-04 10:39:03,521 - [36mCustomSimProcedure[0m - [36mcustom_hook_static[0m[0m
[1;33;40mWARNING - 2023-01-04 10:39:03,521 - [34mangr.project[0m - [34mAddress is already hooked, during hook(0x400000, <SimProcedure HeapReAlloc>). Not re-hooking.[0m[0m
[1;33;40mWARNING - 2023-01-04 10:39:03,521 - [34mangr.project[0m - [34mAddress is already hooked, during hook(0x400000, <SimProcedure HeapFree>). Not re-hooking.[0m[0m
[1;33;40mWARNING - 2023-01-04 10:39:03,521 - [34mangr.project[0m - [34mAddress is already hooked, during hook(0x400000, <SimProcedure GetProcessHeap>). Not re-hooking.[0m[0m
[1;33;40mWARNING - 2023-01-04 10:39:03,521 - [34mangr.project[0m - [34mAddress is already hooked, during hook(0x400000, <SimProcedure InitializeCriticalSectionEx>). Not re-hooking.[0m[0m
[1;33;40mWARNING - 2023-01-04 10:39:03,522 - [34mangr.project[0m - [34mAddress is already hooked, during hook(0x400000, <SimProcedure VirtualAlloc>). Not re-hooking.[0m[0m
[1;33;40mWARNING - 2023-01-04 10:39:03,522 - [34mangr.project[0m - [34mAddress is already hooked, during hook(0x400000, <SimProcedure VirtualProtect>). Not re-hooking.[0m[0m
[1;33;40mWARNING - 2023-01-04 10:39:03,522 - [34mangr.project[0m - [34mAddress is already hooked, during hook(0x400000, <SimProcedure ReadFile>). Not re-hooking.[0m[0m
[1;33;40mWARNING - 2023-01-04 10:39:03,522 - [34mangr.project[0m - [34mAddress is already hooked, during hook(0x400000, <SimProcedure IsProcessorFeaturePresent>). Not re-hooking.[0m[0m
[1;33;40mWARNING - 2023-01-04 10:39:03,522 - [34mangr.project[0m - [34mAddress is already hooked, during hook(0x400000, <SimProcedure InitializeCriticalSectionAndSpinCount>). Not re-hooking.[0m[0m
[1;33;40mWARNING - 2023-01-04 10:39:03,522 - [34mangr.project[0m - [34mAddress is already hooked, during hook(0x400000, <SimProcedure QueryPerformanceCounter>). Not re-hooking.[0m[0m
[1;33;40mWARNING - 2023-01-04 10:39:03,523 - [34mangr.project[0m - [34mAddress is already hooked, during hook(0x400000, <SimProcedure GetCurrentProcessId>). Not re-hooking.[0m[0m
[1;33;40mWARNING - 2023-01-04 10:39:03,523 - [34mangr.project[0m - [34mAddress is already hooked, during hook(0x400000, <SimProcedure GetCurrentThreadId>). Not re-hooking.[0m[0m
[1;33;40mWARNING - 2023-01-04 10:39:03,523 - [34mangr.project[0m - [34mAddress is already hooked, during hook(0x400000, <SimProcedure GetSystemTimeAsFileTime>). Not re-hooking.[0m[0m
[1;33;40mWARNING - 2023-01-04 10:39:03,523 - [34mangr.project[0m - [34mAddress is already hooked, during hook(0x400000, <SimProcedure EncodePointer>). Not re-hooking.[0m[0m
[1;33;40mWARNING - 2023-01-04 10:39:03,523 - [34mangr.project[0m - [34mAddress is already hooked, during hook(0x400000, <SimProcedure TlsAlloc>). Not re-hooking.[0m[0m
[1;33;40mWARNING - 2023-01-04 10:39:03,523 - [34mangr.project[0m - [34mAddress is already hooked, during hook(0x400000, <SimProcedure TlsGetValue>). Not re-hooking.[0m[0m
[1;33;40mWARNING - 2023-01-04 10:39:03,523 - [34mangr.project[0m - [34mAddress is already hooked, during hook(0x400000, <SimProcedure TlsSetValue>). Not re-hooking.[0m[0m
[1;33;40mWARNING - 2023-01-04 10:39:03,523 - [34mangr.project[0m - [34mAddress is already hooked, during hook(0x400000, <SimProcedure TlsFree>). Not re-hooking.[0m[0m
[1;33;40mWARNING - 2023-01-04 10:39:03,524 - [34mangr.project[0m - [34mAddress is already hooked, during hook(0x400000, <SimProcedure ExitProcess>). Not re-hooking.[0m[0m
[1;33;40mWARNING - 2023-01-04 10:39:03,524 - [34mangr.project[0m - [34mAddress is already hooked, during hook(0x400000, <SimProcedure GetStdHandle>). Not re-hooking.[0m[0m
[1;33;40mWARNING - 2023-01-04 10:39:03,524 - [34mangr.project[0m - [34mAddress is already hooked, during hook(0x400000, <SimProcedure WriteFile>). Not re-hooking.[0m[0m
[1;33;40mWARNING - 2023-01-04 10:39:03,524 - [34mangr.project[0m - [34mAddress is already hooked, during hook(0x400000, <SimProcedure GetCommandLineA>). Not re-hooking.[0m[0m
[1;33;40mWARNING - 2023-01-04 10:39:03,524 - [34mangr.project[0m - [34mAddress is already hooked, during hook(0x400000, <SimProcedure GetCommandLineW>). Not re-hooking.[0m[0m
[1;33;40mWARNING - 2023-01-04 10:39:03,524 - [34mangr.project[0m - [34mAddress is already hooked, during hook(0x400000, <SimProcedure MessageBoxW>). Not re-hooking.[0m[0m
[1;33;40mWARNING - 2023-01-04 10:39:03,525 - [34mangr.project[0m - [34mAddress is already hooked, during hook(0x600010, <SimProcedure HeapAlloc>). Not re-hooking.[0m[0m
[1;33;40mWARNING - 2023-01-04 10:39:03,525 - [34mangr.project[0m - [34mAddress is already hooked, during hook(0x600014, <SimProcedure HeapReAlloc>). Not re-hooking.[0m[0m
[1;33;40mWARNING - 2023-01-04 10:39:03,525 - [34mangr.project[0m - [34mAddress is already hooked, during hook(0x600018, <SimProcedure HeapFree>). Not re-hooking.[0m[0m
[1;33;40mWARNING - 2023-01-04 10:39:03,525 - [34mangr.project[0m - [34mAddress is already hooked, during hook(0x600020, <SimProcedure GetProcessHeap>). Not re-hooking.[0m[0m
[1;33;40mWARNING - 2023-01-04 10:39:03,525 - [34mangr.project[0m - [34mAddress is already hooked, during hook(0x600024, <SimProcedure InitializeCriticalSectionEx>). Not re-hooking.[0m[0m
[1;33;40mWARNING - 2023-01-04 10:39:03,525 - [34mangr.project[0m - [34mAddress is already hooked, during hook(0x600030, <SimProcedure VirtualAlloc>). Not re-hooking.[0m[0m
[1;33;40mWARNING - 2023-01-04 10:39:03,525 - [34mangr.project[0m - [34mAddress is already hooked, during hook(0x600034, <SimProcedure VirtualProtect>). Not re-hooking.[0m[0m
[1;33;40mWARNING - 2023-01-04 10:39:03,525 - [34mangr.project[0m - [34mAddress is already hooked, during hook(0x60004c, <SimProcedure ReadFile>). Not re-hooking.[0m[0m
[1;33;40mWARNING - 2023-01-04 10:39:03,526 - [34mangr.project[0m - [34mAddress is already hooked, during hook(0x6000ac, <SimProcedure IsProcessorFeaturePresent>). Not re-hooking.[0m[0m
[1;33;40mWARNING - 2023-01-04 10:39:03,526 - [34mangr.project[0m - [34mAddress is already hooked, during hook(0x6000b4, <SimProcedure InitializeCriticalSectionAndSpinCount>). Not re-hooking.[0m[0m
[1;33;40mWARNING - 2023-01-04 10:39:03,526 - [34mangr.project[0m - [34mAddress is already hooked, during hook(0x6000d4, <SimProcedure QueryPerformanceCounter>). Not re-hooking.[0m[0m
[1;33;40mWARNING - 2023-01-04 10:39:03,526 - [34mangr.project[0m - [34mAddress is already hooked, during hook(0x6000d8, <SimProcedure GetCurrentProcessId>). Not re-hooking.[0m[0m
[1;33;40mWARNING - 2023-01-04 10:39:03,526 - [34mangr.project[0m - [34mAddress is already hooked, during hook(0x6000dc, <SimProcedure GetCurrentThreadId>). Not re-hooking.[0m[0m
[1;33;40mWARNING - 2023-01-04 10:39:03,526 - [34mangr.project[0m - [34mAddress is already hooked, during hook(0x6000e0, <SimProcedure GetSystemTimeAsFileTime>). Not re-hooking.[0m[0m
[1;33;40mWARNING - 2023-01-04 10:39:03,526 - [34mangr.project[0m - [34mAddress is already hooked, during hook(0x6000f8, <SimProcedure EncodePointer>). Not re-hooking.[0m[0m
[1;33;40mWARNING - 2023-01-04 10:39:03,527 - [34mangr.project[0m - [34mAddress is already hooked, during hook(0x6000fc, <SimProcedure TlsAlloc>). Not re-hooking.[0m[0m
[1;33;40mWARNING - 2023-01-04 10:39:03,527 - [34mangr.project[0m - [34mAddress is already hooked, during hook(0x600100, <SimProcedure TlsGetValue>). Not re-hooking.[0m[0m
[1;33;40mWARNING - 2023-01-04 10:39:03,527 - [34mangr.project[0m - [34mAddress is already hooked, during hook(0x600104, <SimProcedure TlsSetValue>). Not re-hooking.[0m[0m
[1;33;40mWARNING - 2023-01-04 10:39:03,527 - [34mangr.project[0m - [34mAddress is already hooked, during hook(0x600108, <SimProcedure TlsFree>). Not re-hooking.[0m[0m
[1;33;40mWARNING - 2023-01-04 10:39:03,527 - [34mangr.project[0m - [34mAddress is already hooked, during hook(0x60011c, <SimProcedure ExitProcess>). Not re-hooking.[0m[0m
[1;33;40mWARNING - 2023-01-04 10:39:03,527 - [34mangr.project[0m - [34mAddress is already hooked, during hook(0x600128, <SimProcedure GetStdHandle>). Not re-hooking.[0m[0m
[1;33;40mWARNING - 2023-01-04 10:39:03,527 - [34mangr.project[0m - [34mAddress is already hooked, during hook(0x60012c, <SimProcedure WriteFile>). Not re-hooking.[0m[0m
[1;33;40mWARNING - 2023-01-04 10:39:03,528 - [34mangr.project[0m - [34mAddress is already hooked, during hook(0x600130, <SimProcedure GetCommandLineA>). Not re-hooking.[0m[0m
[1;33;40mWARNING - 2023-01-04 10:39:03,528 - [34mangr.project[0m - [34mAddress is already hooked, during hook(0x600134, <SimProcedure GetCommandLineW>). Not re-hooking.[0m[0m
[1;33;40mWARNING - 2023-01-04 10:39:03,528 - [34mangr.project[0m - [34mAddress is already hooked, during hook(0x600174, <SimProcedure MessageBoxW>). Not re-hooking.[0m[0m
[1;33;40mWARNING - 2023-01-04 10:39:03,528 - [34mangr.project[0m - [34mAddress is already hooked, during hook(0x701014, <SimProcedure KiUserExceptionDispatcher>). Not re-hooking.[0m[0m
[1;32;40mINFO - 2023-01-04 10:39:03,528 - [36mCustomSimProcedure[0m - [36mcustom_hook_windows_symbols[0m[0m
[1;33;40mWARNING - 2023-01-04 10:39:04,094 - [34mangr.project[0m - [34mAddress is already hooked, during hook(0x600180, <SimProcedure CoTaskMemFree>). Re-hooking.[0m[0m
[1;33;40mWARNING - 2023-01-04 10:39:04,096 - [34mangr.project[0m - [34mAddress is already hooked, during hook(0x600180, <SimProcedure CoTaskMemFree>). Re-hooking.[0m[0m
[1;33;40mWARNING - 2023-01-04 10:39:04,098 - [34mangr.project[0m - [34mAddress is already hooked, during hook(0x600184, <SimProcedure CoTaskMemRealloc>). Re-hooking.[0m[0m
[1;33;40mWARNING - 2023-01-04 10:39:04,099 - [34mangr.project[0m - [34mAddress is already hooked, during hook(0x600184, <SimProcedure CoTaskMemRealloc>). Re-hooking.[0m[0m
[1;33;40mWARNING - 2023-01-04 10:39:04,668 - [34mangr.project[0m - [34mAddress is already hooked, during hook(0x600180, <SimProcedure CoTaskMemFree>). Re-hooking.[0m[0m
[1;33;40mWARNING - 2023-01-04 10:39:04,670 - [34mangr.project[0m - [34mAddress is already hooked, during hook(0x600180, <SimProcedure CoTaskMemFree>). Re-hooking.[0m[0m
[1;33;40mWARNING - 2023-01-04 10:39:04,829 - [34mangr.project[0m - [34mAddress is already hooked, during hook(0x600184, <SimProcedure CoTaskMemRealloc>). Re-hooking.[0m[0m
[1;33;40mWARNING - 2023-01-04 10:39:04,831 - [34mangr.project[0m - [34mAddress is already hooked, during hook(0x600184, <SimProcedure CoTaskMemRealloc>). Re-hooking.[0m[0m
[1;33;40mWARNING - 2023-01-04 10:39:05,852 - [34mangr.project[0m - [34mAddress is already hooked, during hook(0x600170, <SimProcedure GetActiveWindow>). Re-hooking.[0m[0m
[1;33;40mWARNING - 2023-01-04 10:39:05,854 - [34mangr.project[0m - [34mAddress is already hooked, during hook(0x600170, <SimProcedure GetActiveWindow>). Re-hooking.[0m[0m
[1;32;40mINFO - 2023-01-04 10:39:05,906 - [33mwerkzeug[0m - [33m172.17.0.1 - - [04/Jan/2023 10:39:05] "GET /iteration-scdg HTTP/1.1" 200 -[0m[0m
[1;32;40mINFO - 2023-01-04 10:39:05,927 - [33mwerkzeug[0m - [33m172.17.0.1 - - [04/Jan/2023 10:39:05] "GET /progress-scdg HTTP/1.1" 200 -[0m[0m
[1;32;40mINFO - 2023-01-04 10:39:07,657 - [33mwerkzeug[0m - [33m172.17.0.1 - - [04/Jan/2023 10:39:07] "GET /iteration-scdg HTTP/1.1" 200 -[0m[0m
[1;32;40mINFO - 2023-01-04 10:39:07,658 - [33mwerkzeug[0m - [33m172.17.0.1 - - [04/Jan/2023 10:39:07] "GET /progress-scdg HTTP/1.1" 200 -[0m[0m
[1;32;40mINFO - 2023-01-04 10:39:08,200 - [33mwerkzeug[0m - [33m172.17.0.1 - - [04/Jan/2023 10:39:08] "GET /iteration-scdg HTTP/1.1" 200 -[0m[0m
[1;32;40mINFO - 2023-01-04 10:39:08,211 - [33mwerkzeug[0m - [33m172.17.0.1 - - [04/Jan/2023 10:39:08] "GET /progress-scdg HTTP/1.1" 200 -[0m[0m
[1;33;40mWARNING - 2023-01-04 10:39:08,264 - [34mangr.project[0m - [34mAddress is already hooked, during hook(0x600178, <SimProcedure UnregisterClassA>). Re-hooking.[0m[0m
[1;33;40mWARNING - 2023-01-04 10:39:08,265 - [34mangr.project[0m - [34mAddress is already hooked, during hook(0x600178, <SimProcedure UnregisterClassA>). Re-hooking.[0m[0m
[1;33;40mWARNING - 2023-01-04 10:39:08,873 - [34mangr.project[0m - [34mAddress is already hooked, during hook(0x600170, <SimProcedure GetActiveWindow>). Re-hooking.[0m[0m
[1;33;40mWARNING - 2023-01-04 10:39:08,875 - [34mangr.project[0m - [34mAddress is already hooked, during hook(0x600170, <SimProcedure GetActiveWindow>). Re-hooking.[0m[0m
[1;33;40mWARNING - 2023-01-04 10:39:09,003 - [34mangr.project[0m - [34mAddress is already hooked, during hook(0x600178, <SimProcedure UnregisterClassA>). Re-hooking.[0m[0m
[1;33;40mWARNING - 2023-01-04 10:39:09,005 - [34mangr.project[0m - [34mAddress is already hooked, during hook(0x600178, <SimProcedure UnregisterClassA>). Re-hooking.[0m[0m
[1;33;40mWARNING - 2023-01-04 10:39:09,906 - [34mangr.project[0m - [34mAddress is already hooked, during hook(0x6000b0, <SimProcedure CloseHandle>). Re-hooking.[0m[0m
[1;33;40mWARNING - 2023-01-04 10:39:09,907 - [34mangr.project[0m - [34mAddress is already hooked, during hook(0x6000b0, <SimProcedure CloseHandle>). Re-hooking.[0m[0m
[1;33;40mWARNING - 2023-01-04 10:39:09,952 - [34mangr.project[0m - [34mAddress is already hooked, during hook(0x600144, <SimProcedure CompareStringW>). Re-hooking.[0m[0m
[1;33;40mWARNING - 2023-01-04 10:39:09,954 - [34mangr.project[0m - [34mAddress is already hooked, during hook(0x600144, <SimProcedure CompareStringW>). Re-hooking.[0m[0m
[1;33;40mWARNING - 2023-01-04 10:39:10,033 - [34mangr.project[0m - [34mAddress is already hooked, during hook(0x6000c4, <SimProcedure CreateEventW>). Re-hooking.[0m[0m
[1;33;40mWARNING - 2023-01-04 10:39:10,036 - [34mangr.project[0m - [34mAddress is already hooked, during hook(0x6000c4, <SimProcedure CreateEventW>). Re-hooking.[0m[0m
[1;33;40mWARNING - 2023-01-04 10:39:10,230 - [34mangr.project[0m - [34mAddress is already hooked, during hook(0x600028, <SimProcedure DeleteCriticalSection>). Re-hooking.[0m[0m
[1;33;40mWARNING - 2023-01-04 10:39:10,232 - [34mangr.project[0m - [34mAddress is already hooked, during hook(0x600028, <SimProcedure DeleteCriticalSection>). Re-hooking.[0m[0m
[1;33;40mWARNING - 2023-01-04 10:39:10,310 - [34mangr.project[0m - [34mAddress is already hooked, during hook(0x600094, <SimProcedure EnterCriticalSection>). Re-hooking.[0m[0m
[1;33;40mWARNING - 2023-01-04 10:39:10,312 - [34mangr.project[0m - [34mAddress is already hooked, during hook(0x600094, <SimProcedure EnterCriticalSection>). Re-hooking.[0m[0m
[1;33;40mWARNING - 2023-01-04 10:39:10,413 - [34mangr.project[0m - [34mAddress is already hooked, during hook(0x600158, <SimProcedure EnumSystemLocalesW>). Re-hooking.[0m[0m
[1;33;40mWARNING - 2023-01-04 10:39:10,415 - [34mangr.project[0m - [34mAddress is already hooked, during hook(0x600158, <SimProcedure EnumSystemLocalesW>). Re-hooking.[0m[0m
[1;33;40mWARNING - 2023-01-04 10:39:10,496 - [34mangr.project[0m - [34mAddress is already hooked, during hook(0x600160, <SimProcedure FindClose>). Re-hooking.[0m[0m
[1;33;40mWARNING - 2023-01-04 10:39:10,497 - [34mangr.project[0m - [34mAddress is already hooked, during hook(0x600160, <SimProcedure FindClose>). Re-hooking.[0m[0m
[1;33;40mWARNING - 2023-01-04 10:39:10,513 - [34mangr.project[0m - [34mAddress is already hooked, during hook(0x600164, <SimProcedure FindFirstFileExW>). Re-hooking.[0m[0m
[1;33;40mWARNING - 2023-01-04 10:39:10,515 - [34mangr.project[0m - [34mAddress is already hooked, during hook(0x600164, <SimProcedure FindFirstFileExW>). Re-hooking.[0m[0m
[1;33;40mWARNING - 2023-01-04 10:39:10,563 - [34mangr.project[0m - [34mAddress is already hooked, during hook(0x600168, <SimProcedure FindNextFileW>). Re-hooking.[0m[0m
[1;33;40mWARNING - 2023-01-04 10:39:10,564 - [34mangr.project[0m - [34mAddress is already hooked, during hook(0x600168, <SimProcedure FindNextFileW>). Re-hooking.[0m[0m
[1;33;40mWARNING - 2023-01-04 10:39:10,610 - [34mangr.project[0m - [34mAddress is already hooked, during hook(0x600060, <SimProcedure FlushFileBuffers>). Re-hooking.[0m[0m
[1;33;40mWARNING - 2023-01-04 10:39:10,613 - [34mangr.project[0m - [34mAddress is already hooked, during hook(0x600060, <SimProcedure FlushFileBuffers>). Re-hooking.[0m[0m
[1;33;40mWARNING - 2023-01-04 10:39:10,641 - [34mangr.project[0m - [34mAddress is already hooked, during hook(0x600040, <SimProcedure FreeConsole>). Re-hooking.[0m[0m
[1;33;40mWARNING - 2023-01-04 10:39:10,643 - [34mangr.project[0m - [34mAddress is already hooked, during hook(0x600040, <SimProcedure FreeConsole>). Re-hooking.[0m[0m
[1;33;40mWARNING - 2023-01-04 10:39:10,647 - [34mangr.project[0m - [34mAddress is already hooked, during hook(0x600074, <SimProcedure FreeEnvironmentStringsW>). Re-hooking.[0m[0m
[1;33;40mWARNING - 2023-01-04 10:39:10,649 - [34mangr.project[0m - [34mAddress is already hooked, during hook(0x600074, <SimProcedure FreeEnvironmentStringsW>). Re-hooking.[0m[0m
[1;33;40mWARNING - 2023-01-04 10:39:10,654 - [34mangr.project[0m - [34mAddress is already hooked, during hook(0x60010c, <SimProcedure FreeLibrary>). Re-hooking.[0m[0m
[1;33;40mWARNING - 2023-01-04 10:39:10,656 - [34mangr.project[0m - [34mAddress is already hooked, during hook(0x60010c, <SimProcedure FreeLibrary>). Re-hooking.[0m[0m
[1;33;40mWARNING - 2023-01-04 10:39:10,713 - [34mangr.project[0m - [34mAddress is already hooked, during hook(0x60007c, <SimProcedure GetCPInfo>). Re-hooking.[0m[0m
[1;33;40mWARNING - 2023-01-04 10:39:10,715 - [34mangr.project[0m - [34mAddress is already hooked, during hook(0x60007c, <SimProcedure GetCPInfo>). Re-hooking.[0m[0m
[1;33;40mWARNING - 2023-01-04 10:39:10,820 - [34mangr.project[0m - [34mAddress is already hooked, during hook(0x600058, <SimProcedure GetConsoleMode>). Re-hooking.[0m[0m
[1;33;40mWARNING - 2023-01-04 10:39:10,822 - [34mangr.project[0m - [34mAddress is already hooked, during hook(0x600058, <SimProcedure GetConsoleMode>). Re-hooking.[0m[0m
[1;33;40mWARNING - 2023-01-04 10:39:10,830 - [34mangr.project[0m - [34mAddress is already hooked, during hook(0x60005c, <SimProcedure GetConsoleOutputCP>). Re-hooking.[0m[0m
[1;33;40mWARNING - 2023-01-04 10:39:10,832 - [34mangr.project[0m - [34mAddress is already hooked, during hook(0x60005c, <SimProcedure GetConsoleOutputCP>). Re-hooking.[0m[0m
[1;33;40mWARNING - 2023-01-04 10:39:10,902 - [34mangr.project[0m - [34mAddress is already hooked, during hook(0x600138, <SimProcedure GetCurrentThread>). Re-hooking.[0m[0m
[1;32;40mINFO - 2023-01-04 10:39:10,903 - [33mwerkzeug[0m - [33m172.17.0.1 - - [04/Jan/2023 10:39:10] "GET /iteration-scdg HTTP/1.1" 200 -[0m[0m
[1;33;40mWARNING - 2023-01-04 10:39:10,905 - [34mangr.project[0m - [34mAddress is already hooked, during hook(0x600138, <SimProcedure GetCurrentThread>). Re-hooking.[0m[0m
[1;32;40mINFO - 2023-01-04 10:39:10,906 - [33mwerkzeug[0m - [33m172.17.0.1 - - [04/Jan/2023 10:39:10] "GET /progress-scdg HTTP/1.1" 200 -[0m[0m
[1;33;40mWARNING - 2023-01-04 10:39:10,917 - [34mangr.project[0m - [34mAddress is already hooked, during hook(0x60013c, <SimProcedure GetDateFormatW>). Re-hooking.[0m[0m
[1;33;40mWARNING - 2023-01-04 10:39:10,920 - [34mangr.project[0m - [34mAddress is already hooked, during hook(0x60013c, <SimProcedure GetDateFormatW>). Re-hooking.[0m[0m
[1;33;40mWARNING - 2023-01-04 10:39:11,020 - [34mangr.project[0m - [34mAddress is already hooked, during hook(0x600054, <SimProcedure GetFileSizeEx>). Re-hooking.[0m[0m
[1;33;40mWARNING - 2023-01-04 10:39:11,022 - [34mangr.project[0m - [34mAddress is already hooked, during hook(0x600054, <SimProcedure GetFileSizeEx>). Re-hooking.[0m[0m
[1;33;40mWARNING - 2023-01-04 10:39:11,026 - [34mangr.project[0m - [34mAddress is already hooked, during hook(0x60015c, <SimProcedure GetFileType>). Re-hooking.[0m[0m
[1;33;40mWARNING - 2023-01-04 10:39:11,028 - [34mangr.project[0m - [34mAddress is already hooked, during hook(0x60015c, <SimProcedure GetFileType>). Re-hooking.[0m[0m
[1;33;40mWARNING - 2023-01-04 10:39:11,079 - [34mangr.project[0m - [34mAddress is already hooked, during hook(0x60014c, <SimProcedure GetLocaleInfoW>). Re-hooking.[0m[0m
[1;33;40mWARNING - 2023-01-04 10:39:11,081 - [34mangr.project[0m - [34mAddress is already hooked, during hook(0x60014c, <SimProcedure GetLocaleInfoW>). Re-hooking.[0m[0m
[1;33;40mWARNING - 2023-01-04 10:39:11,212 - [34mangr.project[0m - [34mAddress is already hooked, during hook(0x600080, <SimProcedure GetOEMCP>). Re-hooking.[0m[0m
[1;33;40mWARNING - 2023-01-04 10:39:11,214 - [34mangr.project[0m - [34mAddress is already hooked, during hook(0x600080, <SimProcedure GetOEMCP>). Re-hooking.[0m[0m
[1;33;40mWARNING - 2023-01-04 10:39:11,226 - [34mangr.project[0m - [34mAddress is already hooked, during hook(0x600060, <SimProcedure FlushFileBuffers>). Re-hooking.[0m[0m
[1;33;40mWARNING - 2023-01-04 10:39:11,227 - [34mangr.project[0m - [34mAddress is already hooked, during hook(0x600060, <SimProcedure FlushFileBuffers>). Re-hooking.[0m[0m
[1;33;40mWARNING - 2023-01-04 10:39:11,369 - [34mangr.project[0m - [34mAddress is already hooked, during hook(0x6000d0, <SimProcedure GetStartupInfoW>). Re-hooking.[0m[0m
[1;33;40mWARNING - 2023-01-04 10:39:11,373 - [34mangr.project[0m - [34mAddress is already hooked, during hook(0x6000d0, <SimProcedure GetStartupInfoW>). Re-hooking.[0m[0m
[1;33;40mWARNING - 2023-01-04 10:39:11,389 - [34mangr.project[0m - [34mAddress is already hooked, during hook(0x600064, <SimProcedure GetStringTypeW>). Re-hooking.[0m[0m
[1;33;40mWARNING - 2023-01-04 10:39:11,391 - [34mangr.project[0m - [34mAddress is already hooked, during hook(0x600064, <SimProcedure GetStringTypeW>). Re-hooking.[0m[0m
[1;33;40mWARNING - 2023-01-04 10:39:11,521 - [34mangr.project[0m - [34mAddress is already hooked, during hook(0x600140, <SimProcedure GetTimeFormatW>). Re-hooking.[0m[0m
[1;33;40mWARNING - 2023-01-04 10:39:11,524 - [34mangr.project[0m - [34mAddress is already hooked, during hook(0x600140, <SimProcedure GetTimeFormatW>). Re-hooking.[0m[0m
[1;33;40mWARNING - 2023-01-04 10:39:11,551 - [34mangr.project[0m - [34mAddress is already hooked, during hook(0x600080, <SimProcedure GetOEMCP>). Re-hooking.[0m[0m
[1;33;40mWARNING - 2023-01-04 10:39:11,554 - [34mangr.project[0m - [34mAddress is already hooked, during hook(0x600080, <SimProcedure GetOEMCP>). Re-hooking.[0m[0m
[1;33;40mWARNING - 2023-01-04 10:39:11,706 - [34mangr.project[0m - [34mAddress is already hooked, during hook(0x60001c, <SimProcedure HeapSize>). Re-hooking.[0m[0m
[1;33;40mWARNING - 2023-01-04 10:39:11,708 - [34mangr.project[0m - [34mAddress is already hooked, during hook(0x60001c, <SimProcedure HeapSize>). Re-hooking.[0m[0m
[1;33;40mWARNING - 2023-01-04 10:39:11,766 - [34mangr.project[0m - [34mAddress is already hooked, during hook(0x6000e4, <SimProcedure InitializeSListHead>). Re-hooking.[0m[0m
[1;33;40mWARNING - 2023-01-04 10:39:11,768 - [34mangr.project[0m - [34mAddress is already hooked, during hook(0x6000e4, <SimProcedure InitializeSListHead>). Re-hooking.[0m[0m
[1;33;40mWARNING - 2023-01-04 10:39:11,782 - [34mangr.project[0m - [34mAddress is already hooked, during hook(0x6000f0, <SimProcedure InterlockedFlushSList>). Re-hooking.[0m[0m
[1;33;40mWARNING - 2023-01-04 10:39:11,784 - [34mangr.project[0m - [34mAddress is already hooked, during hook(0x6000f0, <SimProcedure InterlockedFlushSList>). Re-hooking.[0m[0m
[1;33;40mWARNING - 2023-01-04 10:39:11,789 - [34mangr.project[0m - [34mAddress is already hooked, during hook(0x6000ec, <SimProcedure InterlockedPushEntrySList>). Re-hooking.[0m[0m
[1;33;40mWARNING - 2023-01-04 10:39:11,791 - [34mangr.project[0m - [34mAddress is already hooked, during hook(0x6000ec, <SimProcedure InterlockedPushEntrySList>). Re-hooking.[0m[0m
[1;33;40mWARNING - 2023-01-04 10:39:11,861 - [34mangr.project[0m - [34mAddress is already hooked, during hook(0x600150, <SimProcedure IsValidLocale>). Re-hooking.[0m[0m
[1;33;40mWARNING - 2023-01-04 10:39:11,863 - [34mangr.project[0m - [34mAddress is already hooked, during hook(0x600150, <SimProcedure IsValidLocale>). Re-hooking.[0m[0m
[1;33;40mWARNING - 2023-01-04 10:39:11,961 - [34mangr.project[0m - [34mAddress is already hooked, during hook(0x600148, <SimProcedure LCMapStringW>). Re-hooking.[0m[0m
[1;33;40mWARNING - 2023-01-04 10:39:11,963 - [34mangr.project[0m - [34mAddress is already hooked, during hook(0x600148, <SimProcedure LCMapStringW>). Re-hooking.[0m[0m
[1;33;40mWARNING - 2023-01-04 10:39:11,989 - [34mangr.project[0m - [34mAddress is already hooked, during hook(0x600098, <SimProcedure LeaveCriticalSection>). Re-hooking.[0m[0m
[1;33;40mWARNING - 2023-01-04 10:39:11,991 - [34mangr.project[0m - [34mAddress is already hooked, during hook(0x600098, <SimProcedure LeaveCriticalSection>). Re-hooking.[0m[0m
[1;32;40mINFO - 2023-01-04 10:39:12,194 - [33mwerkzeug[0m - [33m172.17.0.1 - - [04/Jan/2023 10:39:12] "GET /iteration-scdg HTTP/1.1" 200 -[0m[0m
[1;32;40mINFO - 2023-01-04 10:39:12,216 - [33mwerkzeug[0m - [33m172.17.0.1 - - [04/Jan/2023 10:39:12] "GET /progress-scdg HTTP/1.1" 200 -[0m[0m
[1;33;40mWARNING - 2023-01-04 10:39:12,223 - [34mangr.project[0m - [34mAddress is already hooked, during hook(0x600090, <SimProcedure OutputDebugStringW>). Re-hooking.[0m[0m
[1;33;40mWARNING - 2023-01-04 10:39:12,225 - [34mangr.project[0m - [34mAddress is already hooked, during hook(0x600090, <SimProcedure OutputDebugStringW>). Re-hooking.[0m[0m
[1;33;40mWARNING - 2023-01-04 10:39:12,385 - [34mangr.project[0m - [34mAddress is already hooked, during hook(0x600004, <SimProcedure RaiseException>). Re-hooking.[0m[0m
[1;33;40mWARNING - 2023-01-04 10:39:12,387 - [34mangr.project[0m - [34mAddress is already hooked, during hook(0x600004, <SimProcedure RaiseException>). Re-hooking.[0m[0m
[1;33;40mWARNING - 2023-01-04 10:39:12,649 - [34mangr.project[0m - [34mAddress is already hooked, during hook(0x6000bc, <SimProcedure ResetEvent>). Re-hooking.[0m[0m
[1;33;40mWARNING - 2023-01-04 10:39:12,651 - [34mangr.project[0m - [34mAddress is already hooked, during hook(0x6000bc, <SimProcedure ResetEvent>). Re-hooking.[0m[0m
[1;33;40mWARNING - 2023-01-04 10:39:12,674 - [34mangr.project[0m - [34mAddress is already hooked, during hook(0x6000e8, <SimProcedure RtlUnwind>). Re-hooking.[0m[0m
[1;33;40mWARNING - 2023-01-04 10:39:12,676 - [34mangr.project[0m - [34mAddress is already hooked, during hook(0x6000e8, <SimProcedure RtlUnwind>). Re-hooking.[0m[0m
[1;33;40mWARNING - 2023-01-04 10:39:12,737 - [34mangr.project[0m - [34mAddress is already hooked, during hook(0x60006c, <SimProcedure SetConsoleCtrlHandler>). Re-hooking.[0m[0m
[1;33;40mWARNING - 2023-01-04 10:39:12,739 - [34mangr.project[0m - [34mAddress is already hooked, during hook(0x60006c, <SimProcedure SetConsoleCtrlHandler>). Re-hooking.[0m[0m
[1;33;40mWARNING - 2023-01-04 10:39:12,826 - [34mangr.project[0m - [34mAddress is already hooked, during hook(0x600070, <SimProcedure SetEnvironmentVariableW>). Re-hooking.[0m[0m
[1;33;40mWARNING - 2023-01-04 10:39:12,828 - [34mangr.project[0m - [34mAddress is already hooked, during hook(0x600070, <SimProcedure SetEnvironmentVariableW>). Re-hooking.[0m[0m
[1;33;40mWARNING - 2023-01-04 10:39:12,832 - [34mangr.project[0m - [34mAddress is already hooked, during hook(0x6000b8, <SimProcedure SetEvent>). Re-hooking.[0m[0m
[1;33;40mWARNING - 2023-01-04 10:39:12,834 - [34mangr.project[0m - [34mAddress is already hooked, during hook(0x6000b8, <SimProcedure SetEvent>). Re-hooking.[0m[0m
[1;33;40mWARNING - 2023-01-04 10:39:12,861 - [34mangr.project[0m - [34mAddress is already hooked, during hook(0x6000b8, <SimProcedure SetEvent>). Re-hooking.[0m[0m
[1;33;40mWARNING - 2023-01-04 10:39:12,862 - [34mangr.project[0m - [34mAddress is already hooked, during hook(0x6000b8, <SimProcedure SetEvent>). Re-hooking.[0m[0m
[1;33;40mWARNING - 2023-01-04 10:39:12,965 - [34mangr.project[0m - [34mAddress is already hooked, during hook(0x600068, <SimProcedure SetStdHandle>). Re-hooking.[0m[0m
[1;33;40mWARNING - 2023-01-04 10:39:12,967 - [34mangr.project[0m - [34mAddress is already hooked, during hook(0x600068, <SimProcedure SetStdHandle>). Re-hooking.[0m[0m
[1;33;40mWARNING - 2023-01-04 10:39:13,092 - [34mangr.project[0m - [34mAddress is already hooked, during hook(0x60002c, <SimProcedure Sleep>). Re-hooking.[0m[0m
[1;33;40mWARNING - 2023-01-04 10:39:13,094 - [34mangr.project[0m - [34mAddress is already hooked, during hook(0x60002c, <SimProcedure Sleep>). Re-hooking.[0m[0m
[1;33;40mWARNING - 2023-01-04 10:39:13,173 - [34mangr.project[0m - [34mAddress is already hooked, during hook(0x60009c, <SimProcedure UnhandledExceptionFilter>). Re-hooking.[0m[0m
[1;32;40mINFO - 2023-01-04 10:39:13,175 - [33mwerkzeug[0m - [33m172.17.0.1 - - [04/Jan/2023 10:39:13] "GET /iteration-scdg HTTP/1.1" 200 -[0m[0m
[1;33;40mWARNING - 2023-01-04 10:39:13,177 - [34mangr.project[0m - [34mAddress is already hooked, during hook(0x60009c, <SimProcedure UnhandledExceptionFilter>). Re-hooking.[0m[0m
[1;32;40mINFO - 2023-01-04 10:39:13,178 - [33mwerkzeug[0m - [33m172.17.0.1 - - [04/Jan/2023 10:39:13] "GET /progress-scdg HTTP/1.1" 200 -[0m[0m
[1;33;40mWARNING - 2023-01-04 10:39:13,292 - [34mangr.project[0m - [34mAddress is already hooked, during hook(0x6000c0, <SimProcedure WaitForSingleObjectEx>). Re-hooking.[0m[0m
[1;33;40mWARNING - 2023-01-04 10:39:13,295 - [34mangr.project[0m - [34mAddress is already hooked, during hook(0x6000c0, <SimProcedure WaitForSingleObjectEx>). Re-hooking.[0m[0m
[1;33;40mWARNING - 2023-01-04 10:39:13,406 - [34mangr.project[0m - [34mAddress is already hooked, during hook(0x60016c, <SimProcedure WriteConsoleW>). Re-hooking.[0m[0m
[1;33;40mWARNING - 2023-01-04 10:39:13,409 - [34mangr.project[0m - [34mAddress is already hooked, during hook(0x60016c, <SimProcedure WriteConsoleW>). Re-hooking.[0m[0m
[1;33;40mWARNING - 2023-01-04 10:39:13,854 - [34mangr.project[0m - [34mAddress is already hooked, during hook(0x6000f0, <SimProcedure InterlockedFlushSList>). Re-hooking.[0m[0m
[1;33;40mWARNING - 2023-01-04 10:39:13,855 - [34mangr.project[0m - [34mAddress is already hooked, during hook(0x6000f0, <SimProcedure InterlockedFlushSList>). Re-hooking.[0m[0m
[1;33;40mWARNING - 2023-01-04 10:39:14,056 - [34mangr.project[0m - [34mAddress is already hooked, during hook(0x60010c, <SimProcedure FreeLibrary>). Re-hooking.[0m[0m
[1;33;40mWARNING - 2023-01-04 10:39:14,057 - [34mangr.project[0m - [34mAddress is already hooked, during hook(0x60010c, <SimProcedure FreeLibrary>). Re-hooking.[0m[0m
[1;33;40mWARNING - 2023-01-04 10:39:14,158 - [34mangr.project[0m - [34mAddress is already hooked, during hook(0x6000bc, <SimProcedure ResetEvent>). Re-hooking.[0m[0m
[1;33;40mWARNING - 2023-01-04 10:39:14,159 - [34mangr.project[0m - [34mAddress is already hooked, during hook(0x6000bc, <SimProcedure ResetEvent>). Re-hooking.[0m[0m
[1;33;40mWARNING - 2023-01-04 10:39:14,249 - [34mangr.project[0m - [34mAddress is already hooked, during hook(0x60009c, <SimProcedure UnhandledExceptionFilter>). Re-hooking.[0m[0m
[1;33;40mWARNING - 2023-01-04 10:39:14,252 - [34mangr.project[0m - [34mAddress is already hooked, during hook(0x60009c, <SimProcedure UnhandledExceptionFilter>). Re-hooking.[0m[0m
[1;33;40mWARNING - 2023-01-04 10:39:14,290 - [34mangr.project[0m - [34mAddress is already hooked, during hook(0x6000a4, <SimProcedure GetCurrentProcess>). Re-hooking.[0m[0m
[1;33;40mWARNING - 2023-01-04 10:39:14,293 - [34mangr.project[0m - [34mAddress is already hooked, during hook(0x6000a4, <SimProcedure GetCurrentProcess>). Re-hooking.[0m[0m
[1;33;40mWARNING - 2023-01-04 10:39:14,324 - [34mangr.project[0m - [34mAddress is already hooked, during hook(0x600058, <SimProcedure GetConsoleMode>). Re-hooking.[0m[0m
[1;33;40mWARNING - 2023-01-04 10:39:14,325 - [34mangr.project[0m - [34mAddress is already hooked, during hook(0x600058, <SimProcedure GetConsoleMode>). Re-hooking.[0m[0m
[1;33;40mWARNING - 2023-01-04 10:39:14,330 - [34mangr.project[0m - [34mAddress is already hooked, during hook(0x600098, <SimProcedure LeaveCriticalSection>). Re-hooking.[0m[0m
[1;33;40mWARNING - 2023-01-04 10:39:14,331 - [34mangr.project[0m - [34mAddress is already hooked, during hook(0x600098, <SimProcedure LeaveCriticalSection>). Re-hooking.[0m[0m
[1;33;40mWARNING - 2023-01-04 10:39:14,367 - [34mangr.project[0m - [34mAddress is already hooked, during hook(0x600168, <SimProcedure FindNextFileW>). Re-hooking.[0m[0m
[1;33;40mWARNING - 2023-01-04 10:39:14,368 - [34mangr.project[0m - [34mAddress is already hooked, during hook(0x600168, <SimProcedure FindNextFileW>). Re-hooking.[0m[0m
[1;33;40mWARNING - 2023-01-04 10:39:14,481 - [34mangr.project[0m - [34mAddress is already hooked, during hook(0x600028, <SimProcedure DeleteCriticalSection>). Re-hooking.[0m[0m
[1;33;40mWARNING - 2023-01-04 10:39:14,483 - [34mangr.project[0m - [34mAddress is already hooked, during hook(0x600028, <SimProcedure DeleteCriticalSection>). Re-hooking.[0m[0m
[1;33;40mWARNING - 2023-01-04 10:39:14,514 - [34mangr.project[0m - [34mAddress is already hooked, during hook(0x6000ec, <SimProcedure InterlockedPushEntrySList>). Re-hooking.[0m[0m
[1;33;40mWARNING - 2023-01-04 10:39:14,516 - [34mangr.project[0m - [34mAddress is already hooked, during hook(0x6000ec, <SimProcedure InterlockedPushEntrySList>). Re-hooking.[0m[0m
[1;33;40mWARNING - 2023-01-04 10:39:14,689 - [34mangr.project[0m - [34mAddress is already hooked, during hook(0x600040, <SimProcedure FreeConsole>). Re-hooking.[0m[0m
[1;33;40mWARNING - 2023-01-04 10:39:14,691 - [34mangr.project[0m - [34mAddress is already hooked, during hook(0x600040, <SimProcedure FreeConsole>). Re-hooking.[0m[0m
[1;33;40mWARNING - 2023-01-04 10:39:14,801 - [34mangr.project[0m - [34mAddress is already hooked, during hook(0x600048, <SimProcedure ReadConsoleW>). Re-hooking.[0m[0m
[1;33;40mWARNING - 2023-01-04 10:39:14,804 - [34mangr.project[0m - [34mAddress is already hooked, during hook(0x600048, <SimProcedure ReadConsoleW>). Re-hooking.[0m[0m
[1;33;40mWARNING - 2023-01-04 10:39:14,918 - [34mangr.project[0m - [34mAddress is already hooked, during hook(0x6000c0, <SimProcedure WaitForSingleObjectEx>). Re-hooking.[0m[0m
[1;33;40mWARNING - 2023-01-04 10:39:14,920 - [34mangr.project[0m - [34mAddress is already hooked, during hook(0x6000c0, <SimProcedure WaitForSingleObjectEx>). Re-hooking.[0m[0m
[1;33;40mWARNING - 2023-01-04 10:39:14,939 - [34mangr.project[0m - [34mAddress is already hooked, during hook(0x600138, <SimProcedure GetCurrentThread>). Re-hooking.[0m[0m
[1;33;40mWARNING - 2023-01-04 10:39:14,941 - [34mangr.project[0m - [34mAddress is already hooked, during hook(0x600138, <SimProcedure GetCurrentThread>). Re-hooking.[0m[0m
[1;33;40mWARNING - 2023-01-04 10:39:14,941 - [34mangr.project[0m - [34mAddress is already hooked, during hook(0x600004, <SimProcedure RaiseException>). Re-hooking.[0m[0m
[1;33;40mWARNING - 2023-01-04 10:39:14,943 - [34mangr.project[0m - [34mAddress is already hooked, during hook(0x600004, <SimProcedure RaiseException>). Re-hooking.[0m[0m
[1;33;40mWARNING - 2023-01-04 10:39:14,995 - [34mangr.project[0m - [34mAddress is already hooked, during hook(0x6000a4, <SimProcedure GetCurrentProcess>). Re-hooking.[0m[0m
[1;33;40mWARNING - 2023-01-04 10:39:14,997 - [34mangr.project[0m - [34mAddress is already hooked, during hook(0x6000a4, <SimProcedure GetCurrentProcess>). Re-hooking.[0m[0m
[1;33;40mWARNING - 2023-01-04 10:39:15,005 - [34mangr.project[0m - [34mAddress is already hooked, during hook(0x60001c, <SimProcedure HeapSize>). Re-hooking.[0m[0m
[1;33;40mWARNING - 2023-01-04 10:39:15,007 - [34mangr.project[0m - [34mAddress is already hooked, during hook(0x60001c, <SimProcedure HeapSize>). Re-hooking.[0m[0m
[1;33;40mWARNING - 2023-01-04 10:39:15,054 - [34mangr.project[0m - [34mAddress is already hooked, during hook(0x6000e8, <SimProcedure RtlUnwind>). Re-hooking.[0m[0m
[1;33;40mWARNING - 2023-01-04 10:39:15,056 - [34mangr.project[0m - [34mAddress is already hooked, during hook(0x6000e8, <SimProcedure RtlUnwind>). Re-hooking.[0m[0m
[1;33;40mWARNING - 2023-01-04 10:39:15,186 - [34mangr.project[0m - [34mAddress is already hooked, during hook(0x60000c, <SimProcedure HeapDestroy>). Re-hooking.[0m[0m
[1;33;40mWARNING - 2023-01-04 10:39:15,187 - [34mangr.project[0m - [34mAddress is already hooked, during hook(0x60000c, <SimProcedure HeapDestroy>). Re-hooking.[0m[0m
[1;33;40mWARNING - 2023-01-04 10:39:15,216 - [34mangr.project[0m - [34mAddress is already hooked, during hook(0x600054, <SimProcedure GetFileSizeEx>). Re-hooking.[0m[0m
[1;33;40mWARNING - 2023-01-04 10:39:15,218 - [34mangr.project[0m - [34mAddress is already hooked, during hook(0x600054, <SimProcedure GetFileSizeEx>). Re-hooking.[0m[0m
[1;33;40mWARNING - 2023-01-04 10:39:15,245 - [34mangr.project[0m - [34mAddress is already hooked, during hook(0x600088, <SimProcedure IsValidCodePage>). Re-hooking.[0m[0m
[1;33;40mWARNING - 2023-01-04 10:39:15,247 - [34mangr.project[0m - [34mAddress is already hooked, during hook(0x600088, <SimProcedure IsValidCodePage>). Re-hooking.[0m[0m
[1;33;40mWARNING - 2023-01-04 10:39:15,257 - [34mangr.project[0m - [34mAddress is already hooked, during hook(0x60005c, <SimProcedure GetConsoleOutputCP>). Re-hooking.[0m[0m
[1;33;40mWARNING - 2023-01-04 10:39:15,259 - [34mangr.project[0m - [34mAddress is already hooked, during hook(0x60005c, <SimProcedure GetConsoleOutputCP>). Re-hooking.[0m[0m
[1;33;40mWARNING - 2023-01-04 10:39:15,335 - [34mangr.project[0m - [34mAddress is already hooked, during hook(0x600160, <SimProcedure FindClose>). Re-hooking.[0m[0m
[1;33;40mWARNING - 2023-01-04 10:39:15,337 - [34mangr.project[0m - [34mAddress is already hooked, during hook(0x600160, <SimProcedure FindClose>). Re-hooking.[0m[0m
[1;33;40mWARNING - 2023-01-04 10:39:15,372 - [34mangr.project[0m - [34mAddress is already hooked, during hook(0x600158, <SimProcedure EnumSystemLocalesW>). Re-hooking.[0m[0m
[1;33;40mWARNING - 2023-01-04 10:39:15,374 - [34mangr.project[0m - [34mAddress is already hooked, during hook(0x600158, <SimProcedure EnumSystemLocalesW>). Re-hooking.[0m[0m
[1;33;40mWARNING - 2023-01-04 10:39:15,423 - [34mangr.project[0m - [34mAddress is already hooked, during hook(0x600088, <SimProcedure IsValidCodePage>). Re-hooking.[0m[0m
[1;33;40mWARNING - 2023-01-04 10:39:15,425 - [34mangr.project[0m - [34mAddress is already hooked, during hook(0x600088, <SimProcedure IsValidCodePage>). Re-hooking.[0m[0m
[1;33;40mWARNING - 2023-01-04 10:39:15,452 - [34mangr.project[0m - [34mAddress is already hooked, during hook(0x600150, <SimProcedure IsValidLocale>). Re-hooking.[0m[0m
[1;33;40mWARNING - 2023-01-04 10:39:15,454 - [34mangr.project[0m - [34mAddress is already hooked, during hook(0x600150, <SimProcedure IsValidLocale>). Re-hooking.[0m[0m
[1;33;40mWARNING - 2023-01-04 10:39:15,460 - [34mangr.project[0m - [34mAddress is already hooked, during hook(0x6000c4, <SimProcedure CreateEventW>). Re-hooking.[0m[0m
[1;33;40mWARNING - 2023-01-04 10:39:15,462 - [34mangr.project[0m - [34mAddress is already hooked, during hook(0x6000c4, <SimProcedure CreateEventW>). Re-hooking.[0m[0m
[1;33;40mWARNING - 2023-01-04 10:39:15,481 - [34mangr.project[0m - [34mAddress is already hooked, during hook(0x600148, <SimProcedure LCMapStringW>). Re-hooking.[0m[0m
[1;33;40mWARNING - 2023-01-04 10:39:15,483 - [34mangr.project[0m - [34mAddress is already hooked, during hook(0x600148, <SimProcedure LCMapStringW>). Re-hooking.[0m[0m
[1;33;40mWARNING - 2023-01-04 10:39:15,576 - [34mangr.project[0m - [34mAddress is already hooked, during hook(0x600074, <SimProcedure FreeEnvironmentStringsW>). Re-hooking.[0m[0m
[1;33;40mWARNING - 2023-01-04 10:39:15,578 - [34mangr.project[0m - [34mAddress is already hooked, during hook(0x600074, <SimProcedure FreeEnvironmentStringsW>). Re-hooking.[0m[0m
[1;33;40mWARNING - 2023-01-04 10:39:15,582 - [34mangr.project[0m - [34mAddress is already hooked, during hook(0x60014c, <SimProcedure GetLocaleInfoW>). Re-hooking.[0m[0m
[1;33;40mWARNING - 2023-01-04 10:39:15,584 - [34mangr.project[0m - [34mAddress is already hooked, during hook(0x60014c, <SimProcedure GetLocaleInfoW>). Re-hooking.[0m[0m
[1;33;40mWARNING - 2023-01-04 10:39:15,586 - [34mangr.project[0m - [34mAddress is already hooked, during hook(0x600068, <SimProcedure SetStdHandle>). Re-hooking.[0m[0m
[1;33;40mWARNING - 2023-01-04 10:39:15,588 - [34mangr.project[0m - [34mAddress is already hooked, during hook(0x600068, <SimProcedure SetStdHandle>). Re-hooking.[0m[0m
[1;33;40mWARNING - 2023-01-04 10:39:15,800 - [34mangr.project[0m - [34mAddress is already hooked, during hook(0x6000b0, <SimProcedure CloseHandle>). Re-hooking.[0m[0m
[1;33;40mWARNING - 2023-01-04 10:39:15,802 - [34mangr.project[0m - [34mAddress is already hooked, during hook(0x6000b0, <SimProcedure CloseHandle>). Re-hooking.[0m[0m
[1;33;40mWARNING - 2023-01-04 10:39:15,856 - [34mangr.project[0m - [34mAddress is already hooked, during hook(0x6000e4, <SimProcedure InitializeSListHead>). Re-hooking.[0m[0m
[1;33;40mWARNING - 2023-01-04 10:39:15,858 - [34mangr.project[0m - [34mAddress is already hooked, during hook(0x6000e4, <SimProcedure InitializeSListHead>). Re-hooking.[0m[0m
[1;33;40mWARNING - 2023-01-04 10:39:15,865 - [34mangr.project[0m - [34mAddress is already hooked, during hook(0x60007c, <SimProcedure GetCPInfo>). Re-hooking.[0m[0m
[1;33;40mWARNING - 2023-01-04 10:39:15,866 - [34mangr.project[0m - [34mAddress is already hooked, during hook(0x60007c, <SimProcedure GetCPInfo>). Re-hooking.[0m[0m
[1;33;40mWARNING - 2023-01-04 10:39:15,883 - [34mangr.project[0m - [34mAddress is already hooked, during hook(0x600090, <SimProcedure OutputDebugStringW>). Re-hooking.[0m[0m
[1;33;40mWARNING - 2023-01-04 10:39:15,885 - [34mangr.project[0m - [34mAddress is already hooked, during hook(0x600090, <SimProcedure OutputDebugStringW>). Re-hooking.[0m[0m
[1;32;40mINFO - 2023-01-04 10:39:15,905 - [33mwerkzeug[0m - [33m172.17.0.1 - - [04/Jan/2023 10:39:15] "GET /iteration-scdg HTTP/1.1" 200 -[0m[0m
[1;32;40mINFO - 2023-01-04 10:39:15,921 - [33mwerkzeug[0m - [33m172.17.0.1 - - [04/Jan/2023 10:39:15] "GET /progress-scdg HTTP/1.1" 200 -[0m[0m
[1;33;40mWARNING - 2023-01-04 10:39:15,943 - [34mangr.project[0m - [34mAddress is already hooked, during hook(0x600070, <SimProcedure SetEnvironmentVariableW>). Re-hooking.[0m[0m
[1;33;40mWARNING - 2023-01-04 10:39:15,945 - [34mangr.project[0m - [34mAddress is already hooked, during hook(0x600070, <SimProcedure SetEnvironmentVariableW>). Re-hooking.[0m[0m
[1;33;40mWARNING - 2023-01-04 10:39:15,999 - [34mangr.project[0m - [34mAddress is already hooked, during hook(0x600144, <SimProcedure CompareStringW>). Re-hooking.[0m[0m
[1;33;40mWARNING - 2023-01-04 10:39:16,001 - [34mangr.project[0m - [34mAddress is already hooked, during hook(0x600144, <SimProcedure CompareStringW>). Re-hooking.[0m[0m
[1;33;40mWARNING - 2023-01-04 10:39:16,121 - [34mangr.project[0m - [34mAddress is already hooked, during hook(0x600064, <SimProcedure GetStringTypeW>). Re-hooking.[0m[0m
[1;33;40mWARNING - 2023-01-04 10:39:16,122 - [34mangr.project[0m - [34mAddress is already hooked, during hook(0x600064, <SimProcedure GetStringTypeW>). Re-hooking.[0m[0m
[1;33;40mWARNING - 2023-01-04 10:39:16,129 - [34mangr.project[0m - [34mAddress is already hooked, during hook(0x600048, <SimProcedure ReadConsoleW>). Re-hooking.[0m[0m
[1;33;40mWARNING - 2023-01-04 10:39:16,130 - [34mangr.project[0m - [34mAddress is already hooked, during hook(0x600048, <SimProcedure ReadConsoleW>). Re-hooking.[0m[0m
[1;33;40mWARNING - 2023-01-04 10:39:16,232 - [34mangr.project[0m - [34mAddress is already hooked, during hook(0x600094, <SimProcedure EnterCriticalSection>). Re-hooking.[0m[0m
[1;33;40mWARNING - 2023-01-04 10:39:16,234 - [34mangr.project[0m - [34mAddress is already hooked, during hook(0x600094, <SimProcedure EnterCriticalSection>). Re-hooking.[0m[0m
[1;33;40mWARNING - 2023-01-04 10:39:16,269 - [34mangr.project[0m - [34mAddress is already hooked, during hook(0x60013c, <SimProcedure GetDateFormatW>). Re-hooking.[0m[0m
[1;33;40mWARNING - 2023-01-04 10:39:16,271 - [34mangr.project[0m - [34mAddress is already hooked, during hook(0x60013c, <SimProcedure GetDateFormatW>). Re-hooking.[0m[0m
[1;33;40mWARNING - 2023-01-04 10:39:16,280 - [34mangr.project[0m - [34mAddress is already hooked, during hook(0x600154, <SimProcedure GetUserDefaultLCID>). Re-hooking.[0m[0m
[1;33;40mWARNING - 2023-01-04 10:39:16,282 - [34mangr.project[0m - [34mAddress is already hooked, during hook(0x600154, <SimProcedure GetUserDefaultLCID>). Re-hooking.[0m[0m
[1;33;40mWARNING - 2023-01-04 10:39:16,296 - [34mangr.project[0m - [34mAddress is already hooked, during hook(0x600140, <SimProcedure GetTimeFormatW>). Re-hooking.[0m[0m
[1;33;40mWARNING - 2023-01-04 10:39:16,298 - [34mangr.project[0m - [34mAddress is already hooked, during hook(0x600140, <SimProcedure GetTimeFormatW>). Re-hooking.[0m[0m
[1;33;40mWARNING - 2023-01-04 10:39:16,325 - [34mangr.project[0m - [34mAddress is already hooked, during hook(0x600154, <SimProcedure GetUserDefaultLCID>). Re-hooking.[0m[0m
[1;33;40mWARNING - 2023-01-04 10:39:16,326 - [34mangr.project[0m - [34mAddress is already hooked, during hook(0x600154, <SimProcedure GetUserDefaultLCID>). Re-hooking.[0m[0m
[1;33;40mWARNING - 2023-01-04 10:39:16,444 - [34mangr.project[0m - [34mAddress is already hooked, during hook(0x600164, <SimProcedure FindFirstFileExW>). Re-hooking.[0m[0m
[1;33;40mWARNING - 2023-01-04 10:39:16,446 - [34mangr.project[0m - [34mAddress is already hooked, during hook(0x600164, <SimProcedure FindFirstFileExW>). Re-hooking.[0m[0m
[1;33;40mWARNING - 2023-01-04 10:39:16,486 - [34mangr.project[0m - [34mAddress is already hooked, during hook(0x60000c, <SimProcedure HeapDestroy>). Re-hooking.[0m[0m
[1;33;40mWARNING - 2023-01-04 10:39:16,488 - [34mangr.project[0m - [34mAddress is already hooked, during hook(0x60000c, <SimProcedure HeapDestroy>). Re-hooking.[0m[0m
[1;33;40mWARNING - 2023-01-04 10:39:16,518 - [34mangr.project[0m - [34mAddress is already hooked, during hook(0x60006c, <SimProcedure SetConsoleCtrlHandler>). Re-hooking.[0m[0m
[1;33;40mWARNING - 2023-01-04 10:39:16,520 - [34mangr.project[0m - [34mAddress is already hooked, during hook(0x60006c, <SimProcedure SetConsoleCtrlHandler>). Re-hooking.[0m[0m
[1;33;40mWARNING - 2023-01-04 10:39:16,565 - [34mangr.project[0m - [34mAddress is already hooked, during hook(0x60016c, <SimProcedure WriteConsoleW>). Re-hooking.[0m[0m
[1;33;40mWARNING - 2023-01-04 10:39:16,567 - [34mangr.project[0m - [34mAddress is already hooked, during hook(0x60016c, <SimProcedure WriteConsoleW>). Re-hooking.[0m[0m
[1;33;40mWARNING - 2023-01-04 10:39:16,599 - [34mangr.project[0m - [34mAddress is already hooked, during hook(0x6000d0, <SimProcedure GetStartupInfoW>). Re-hooking.[0m[0m
[1;33;40mWARNING - 2023-01-04 10:39:16,601 - [34mangr.project[0m - [34mAddress is already hooked, during hook(0x6000d0, <SimProcedure GetStartupInfoW>). Re-hooking.[0m[0m
[1;33;40mWARNING - 2023-01-04 10:39:16,644 - [34mangr.project[0m - [34mAddress is already hooked, during hook(0x60015c, <SimProcedure GetFileType>). Re-hooking.[0m[0m
[1;33;40mWARNING - 2023-01-04 10:39:16,646 - [34mangr.project[0m - [34mAddress is already hooked, during hook(0x60015c, <SimProcedure GetFileType>). Re-hooking.[0m[0m
[1;33;40mWARNING - 2023-01-04 10:39:16,797 - [34mangr.project[0m - [34mAddress is already hooked, during hook(0x600050, <SimProcedure SetFilePointerEx>). Re-hooking.[0m[0m
[1;33;40mWARNING - 2023-01-04 10:39:16,799 - [34mangr.project[0m - [34mAddress is already hooked, during hook(0x600050, <SimProcedure SetFilePointerEx>). Re-hooking.[0m[0m
[1;33;40mWARNING - 2023-01-04 10:39:16,952 - [34mangr.project[0m - [34mAddress is already hooked, during hook(0x600050, <SimProcedure SetFilePointerEx>). Re-hooking.[0m[0m
[1;33;40mWARNING - 2023-01-04 10:39:16,954 - [34mangr.project[0m - [34mAddress is already hooked, during hook(0x600050, <SimProcedure SetFilePointerEx>). Re-hooking.[0m[0m
[1;33;40mWARNING - 2023-01-04 10:39:17,000 - [34mangr.project[0m - [34mAddress is already hooked, during hook(0x60002c, <SimProcedure Sleep>). Re-hooking.[0m[0m
[1;33;40mWARNING - 2023-01-04 10:39:17,002 - [34mangr.project[0m - [34mAddress is already hooked, during hook(0x60002c, <SimProcedure Sleep>). Re-hooking.[0m[0m
[1;33;40mWARNING - 2023-01-04 10:39:17,046 - [34mangr.project[0m - [34mAddress is already hooked, during hook(0x600190, <SimProcedure VariantInit>). Re-hooking.[0m[0m
[1;33;40mWARNING - 2023-01-04 10:39:17,048 - [34mangr.project[0m - [34mAddress is already hooked, during hook(0x600190, <SimProcedure VariantInit>). Re-hooking.[0m[0m
[1;33;40mWARNING - 2023-01-04 10:39:17,049 - [34mangr.project[0m - [34mAddress is already hooked, during hook(0x60018c, <SimProcedure VariantClear>). Re-hooking.[0m[0m
[1;33;40mWARNING - 2023-01-04 10:39:17,051 - [34mangr.project[0m - [34mAddress is already hooked, during hook(0x60018c, <SimProcedure VariantClear>). Re-hooking.[0m[0m
[1;33;40mWARNING - 2023-01-04 10:39:17,052 - [34mangr.project[0m - [34mAddress is already hooked, during hook(0x600188, <SimProcedure VariantCopy>). Re-hooking.[0m[0m
[1;33;40mWARNING - 2023-01-04 10:39:17,054 - [34mangr.project[0m - [34mAddress is already hooked, during hook(0x600188, <SimProcedure VariantCopy>). Re-hooking.[0m[0m
[1;33;40mWARNING - 2023-01-04 10:39:17,058 - [34mangr.project[0m - [34mAddress is already hooked, during hook(0x600194, <SimProcedure VariantChangeType>). Re-hooking.[0m[0m
[1;33;40mWARNING - 2023-01-04 10:39:17,059 - [34mangr.project[0m - [34mAddress is already hooked, during hook(0x600194, <SimProcedure VariantChangeType>). Re-hooking.[0m[0m
[1;33;40mWARNING - 2023-01-04 10:39:17,069 - [34mangr.project[0m - [34mAddress is already hooked, during hook(0x6001a4, <SimProcedure SafeArrayDestroy>). Re-hooking.[0m[0m
[1;33;40mWARNING - 2023-01-04 10:39:17,070 - [34mangr.project[0m - [34mAddress is already hooked, during hook(0x6001a4, <SimProcedure SafeArrayDestroy>). Re-hooking.[0m[0m
[1;32;40mINFO - 2023-01-04 10:39:17,194 - [33mwerkzeug[0m - [33m172.17.0.1 - - [04/Jan/2023 10:39:17] "GET /iteration-scdg HTTP/1.1" 200 -[0m[0m
[1;32;40mINFO - 2023-01-04 10:39:17,211 - [33mwerkzeug[0m - [33m172.17.0.1 - - [04/Jan/2023 10:39:17] "GET /progress-scdg HTTP/1.1" 200 -[0m[0m
[1;33;40mWARNING - 2023-01-04 10:39:17,825 - [34mangr.project[0m - [34mAddress is already hooked, during hook(0x6001a4, <SimProcedure SafeArrayDestroy>). Re-hooking.[0m[0m
[1;33;40mWARNING - 2023-01-04 10:39:17,827 - [34mangr.project[0m - [34mAddress is already hooked, during hook(0x6001a4, <SimProcedure SafeArrayDestroy>). Re-hooking.[0m[0m
[1;32;40mINFO - 2023-01-04 10:39:18,220 - [33mwerkzeug[0m - [33m172.17.0.1 - - [04/Jan/2023 10:39:18] "GET /iteration-scdg HTTP/1.1" 200 -[0m[0m
[1;32;40mINFO - 2023-01-04 10:39:18,242 - [33mwerkzeug[0m - [33m172.17.0.1 - - [04/Jan/2023 10:39:18] "GET /progress-scdg HTTP/1.1" 200 -[0m[0m
[1;33;40mWARNING - 2023-01-04 10:39:18,325 - [34mangr.project[0m - [34mAddress is already hooked, during hook(0x600194, <SimProcedure VariantChangeType>). Re-hooking.[0m[0m
[1;33;40mWARNING - 2023-01-04 10:39:18,327 - [34mangr.project[0m - [34mAddress is already hooked, during hook(0x600194, <SimProcedure VariantChangeType>). Re-hooking.[0m[0m
[1;33;40mWARNING - 2023-01-04 10:39:18,561 - [34mangr.project[0m - [34mAddress is already hooked, during hook(0x600188, <SimProcedure VariantCopy>). Re-hooking.[0m[0m
[1;33;40mWARNING - 2023-01-04 10:39:18,563 - [34mangr.project[0m - [34mAddress is already hooked, during hook(0x600188, <SimProcedure VariantCopy>). Re-hooking.[0m[0m
[1;33;40mWARNING - 2023-01-04 10:39:18,880 - [34mangr.project[0m - [34mAddress is already hooked, during hook(0x600190, <SimProcedure VariantInit>). Re-hooking.[0m[0m
[1;33;40mWARNING - 2023-01-04 10:39:18,882 - [34mangr.project[0m - [34mAddress is already hooked, during hook(0x600190, <SimProcedure VariantInit>). Re-hooking.[0m[0m
[1;33;40mWARNING - 2023-01-04 10:39:19,086 - [34mangr.project[0m - [34mAddress is already hooked, during hook(0x60018c, <SimProcedure VariantClear>). Re-hooking.[0m[0m
[1;33;40mWARNING - 2023-01-04 10:39:19,087 - [34mangr.project[0m - [34mAddress is already hooked, during hook(0x60018c, <SimProcedure VariantClear>). Re-hooking.[0m[0m
[1;32;40mINFO - 2023-01-04 10:39:19,184 - [36mCustomSimProcedure[0m - [36mSyscall found:  IsProcessorFeaturePresent[<BV32 0xa>][0m[0m
[1;32;40mINFO - 2023-01-04 10:39:19,346 - [37mCustomSimProcedureWindows[0m - [37mLoadLibraryExW: Symbol not found[0m[0m
[1;32;40mINFO - 2023-01-04 10:39:19,361 - [36mCustomSimProcedure[0m - {'DecodePointer': 6291456, 'RaiseException': 6291460, 'GetLastError': 6291464, 'HeapDestroy': 6291468, 'HeapAlloc': 6291472, 'HeapReAlloc': 6291476, 'HeapFree': 6291480, 'HeapSize': 6291484, 'GetProcessHeap': 6291488, 'InitializeCriticalSectionEx': 6291492, 'DeleteCriticalSection': 6291496, 'Sleep': 6291500, 'VirtualAlloc': 6291504, 'VirtualProtect': 6291508, 'MultiByteToWideChar': 6291512, 'WideCharToMultiByte': 6291516, 'FreeConsole': 6291520, 'CreateFileW': 6291524, 'ReadConsoleW': 6291528, 'ReadFile': 6291532, 'SetFilePointerEx': 6291536, 'GetFileSizeEx': 6291540, 'GetConsoleMode': 6291544, 'GetConsoleOutputCP': 6291548, 'FlushFileBuffers': 6291552, 'GetStringTypeW': 6291556, 'SetStdHandle': 6291560, 'SetConsoleCtrlHandler': 6291564, 'SetEnvironmentVariableW': 6291568, 'FreeEnvironmentStringsW': 6291572, 'GetEnvironmentStringsW': 6291576, 'GetCPInfo': 6291580, 'GetOEMCP': 6291584, 'GetACP': 6291588, 'IsValidCodePage': 6291592, 'IsDebuggerPresent': 6291596, 'OutputDebugStringW': 6291600, 'EnterCriticalSection': 6291604, 'LeaveCriticalSection': 6291608, 'UnhandledExceptionFilter': 6291612, 'SetUnhandledExceptionFilter': 6291616, 'GetCurrentProcess': 6291620, 'TerminateProcess': 6291624, 'IsProcessorFeaturePresent': 6291628, 'CloseHandle': 6291632, 'InitializeCriticalSectionAndSpinCount': 6291636, 'SetEvent': 6291640, 'ResetEvent': 6291644, 'WaitForSingleObjectEx': 6291648, 'CreateEventW': 6291652, 'GetModuleHandleW': 6291656, 'GetProcAddress': 6291660, 'GetStartupInfoW': 6291664, 'QueryPerformanceCounter': 6291668, 'GetCurrentProcessId': 6291672, 'GetCurrentThreadId': 6291676, 'GetSystemTimeAsFileTime': 6291680, 'InitializeSListHead': 6291684, 'RtlUnwind': 6291688, 'InterlockedPushEntrySList': 6291692, 'InterlockedFlushSList': 6291696, 'SetLastError': 6291700, 'EncodePointer': 6291704, 'TlsAlloc': 6291708, 'TlsGetValue': 6291712, 'TlsSetValue': 6291716, 'TlsFree': 6291720, 'FreeLibrary': 6291724, 'LoadLibraryExW': 6291728, 'GetSystemInfo': 6291732, 'VirtualQuery': 6291736, 'ExitProcess': 6291740, 'GetModuleHandleExW': 6291744, 'GetModuleFileNameW': 6291748, 'GetStdHandle': 6291752, 'WriteFile': 6291756, 'GetCommandLineA': 6291760, 'GetCommandLineW': 6291764, 'GetCurrentThread': 6291768, 'GetDateFormatW': 6291772, 'GetTimeFormatW': 6291776, 'CompareStringW': 6291780, 'LCMapStringW': 6291784, 'GetLocaleInfoW': 6291788, 'IsValidLocale': 6291792, 'GetUserDefaultLCID': 6291796, 'EnumSystemLocalesW': 6291800, 'GetFileType': 6291804, 'FindClose': 6291808, 'FindFirstFileExW': 6291812, 'FindNextFileW': 6291816, 'WriteConsoleW': 6291820, 'GetActiveWindow': 6291824, 'MessageBoxW': 6291828, 'UnregisterClassA': 6291832, 'CoCreateInstance': 6291836, 'CoTaskMemFree': 6291840, 'CoTaskMemRealloc': 6291844, 'VariantCopy': 6291848, 'VariantClear': 6291852, 'VariantInit': 6291856, 'VariantChangeType': 6291860, 'SysFreeString': 6291864, 'SysAllocStringLen': 6291868, 'SysAllocString': 6291872, 'SafeArrayDestroy': 6291876, 'KiUserExceptionDispatcher': 7344148, '_fmode': 7344152, '_commode': 7344156, '_acmdln': 7344160, '_wcmdln': 7344164, 'api-ms-win-core-synch-l1-2-0': 7344168}[0m
[1;33;40mWARNING - 2023-01-04 10:39:19,375 - [34mangr.project[0m - [34mAddress is already hooked, during hook(0x600180, <SimProcedure CoTaskMemFree>). Not re-hooking.[0m[0m
[1;33;40mWARNING - 2023-01-04 10:39:19,376 - [34mangr.project[0m - [34mAddress is already hooked, during hook(0x600184, <SimProcedure CoTaskMemRealloc>). Not re-hooking.[0m[0m
[1;32;40mINFO - 2023-01-04 10:39:19,388 - [36mCustomSimProcedure[0m - [36mWas in angr :user32.dll[0m[0m
[1;33;40mWARNING - 2023-01-04 10:39:19,390 - [36mCustomSimProcedure[0m - [36mProcedure wsprintfA in DLL user32.dll has 3 arguments in json and 2 arguments in angr prototype. Taking number of arguments from json.[0m[0m
[1;33;40mWARNING - 2023-01-04 10:39:19,390 - [36mCustomSimProcedure[0m - [36mProcedure wsprintfW in DLL user32.dll has 3 arguments in json and 2 arguments in angr prototype. Taking number of arguments from json.[0m[0m
[1;32;40mINFO - 2023-01-04 10:39:19,427 - [36mCustomSimProcedure[0m - [36mWas in angr :kernel32.dll[0m[0m
[1;33;40mWARNING - 2023-01-04 10:39:19,527 - [34mangr.project[0m - [34mAddress is already hooked, during hook(0x6001a4, <SimProcedure SafeArrayDestroy>). Not re-hooking.[0m[0m
[1;33;40mWARNING - 2023-01-04 10:39:19,527 - [34mangr.project[0m - [34mAddress is already hooked, during hook(0x600194, <SimProcedure VariantChangeType>). Not re-hooking.[0m[0m
[1;33;40mWARNING - 2023-01-04 10:39:19,528 - [34mangr.project[0m - [34mAddress is already hooked, during hook(0x600188, <SimProcedure VariantCopy>). Not re-hooking.[0m[0m
[1;33;40mWARNING - 2023-01-04 10:39:19,528 - [34mangr.project[0m - [34mAddress is already hooked, during hook(0x600190, <SimProcedure VariantInit>). Not re-hooking.[0m[0m
[1;33;40mWARNING - 2023-01-04 10:39:19,528 - [34mangr.project[0m - [34mAddress is already hooked, during hook(0x60018c, <SimProcedure VariantClear>). Not re-hooking.[0m[0m
[1;33;40mWARNING - 2023-01-04 10:39:19,546 - [34mangr.project[0m - [34mAddress is already hooked, during hook(0x701014, <SimProcedure KiUserExceptionDispatcher>). Not re-hooking.[0m[0m
[1;32;40mINFO - 2023-01-04 10:39:19,546 - [36mCustomSimProcedure[0m - [36mNo hooks for: {'_fmode': 7344152, '_commode': 7344156, '_acmdln': 7344160, '_wcmdln': 7344164, 'api-ms-win-core-synch-l1-2-0': 7344168}[0m[0m
[1;32;40mINFO - 2023-01-04 10:39:19,548 - [36mCustomSimProcedure[0m - [36mSyscall found:  LoadLibraryExW[<BV32 0x45e39c>, <BV32 0x0>, <BV32 0x800>][0m[0m
[1;32;40mINFO - 2023-01-04 10:39:19,629 - [37mCustomSimProcedureWindows[0m - [37mGetProcAddress: InitializeCriticalSectionEx[0m[0m
[1;32;40mINFO - 2023-01-04 10:39:19,629 - [36mCustomSimProcedure[0m - [36mSyscall found:  GetProcAddress[<BV32 0x701028>, <BV32 0x45e460>][0m[0m
[1;32;40mINFO - 2023-01-04 10:39:19,698 - [36mCustomSimProcedure[0m - [36mSyscall found:  InitializeCriticalSectionEx[<BV32 0x5918ec>, <BV32 0xfa0>, <BV32 0x0>][0m[0m
[1;32;40mINFO - 2023-01-04 10:39:20,923 - [33mwerkzeug[0m - [33m172.17.0.1 - - [04/Jan/2023 10:39:20] "GET /iteration-scdg HTTP/1.1" 200 -[0m[0m
[1;32;40mINFO - 2023-01-04 10:39:20,929 - [33mwerkzeug[0m - [33m172.17.0.1 - - [04/Jan/2023 10:39:20] "GET /progress-scdg HTTP/1.1" 200 -[0m[0m
[1;32;40mINFO - 2023-01-04 10:39:22,182 - [33mwerkzeug[0m - [33m172.17.0.1 - - [04/Jan/2023 10:39:22] "GET /iteration-scdg HTTP/1.1" 200 -[0m[0m
[1;32;40mINFO - 2023-01-04 10:39:22,182 - [33mwerkzeug[0m - [33m172.17.0.1 - - [04/Jan/2023 10:39:22] "GET /progress-scdg HTTP/1.1" 200 -[0m[0m
[1;32;40mINFO - 2023-01-04 10:39:23,195 - [33mwerkzeug[0m - [33m172.17.0.1 - - [04/Jan/2023 10:39:23] "GET /iteration-scdg HTTP/1.1" 200 -[0m[0m
[1;32;40mINFO - 2023-01-04 10:39:23,207 - [33mwerkzeug[0m - [33m172.17.0.1 - - [04/Jan/2023 10:39:23] "GET /progress-scdg HTTP/1.1" 200 -[0m[0m
[1;32;40mINFO - 2023-01-04 10:39:25,903 - [33mwerkzeug[0m - [33m172.17.0.1 - - [04/Jan/2023 10:39:25] "GET /iteration-scdg HTTP/1.1" 200 -[0m[0m
[1;32;40mINFO - 2023-01-04 10:39:25,904 - [33mwerkzeug[0m - [33m172.17.0.1 - - [04/Jan/2023 10:39:25] "GET /progress-scdg HTTP/1.1" 200 -[0m[0m
[1;32;40mINFO - 2023-01-04 10:39:27,193 - [33mwerkzeug[0m - [33m172.17.0.1 - - [04/Jan/2023 10:39:27] "GET /iteration-scdg HTTP/1.1" 200 -[0m[0m
[1;32;40mINFO - 2023-01-04 10:39:27,195 - [33mwerkzeug[0m - [33m172.17.0.1 - - [04/Jan/2023 10:39:27] "GET /progress-scdg HTTP/1.1" 200 -[0m[0m
[1;32;40mINFO - 2023-01-04 10:39:28,195 - [33mwerkzeug[0m - [33m172.17.0.1 - - [04/Jan/2023 10:39:28] "GET /iteration-scdg HTTP/1.1" 200 -[0m[0m
[1;32;40mINFO - 2023-01-04 10:39:28,217 - [33mwerkzeug[0m - [33m172.17.0.1 - - [04/Jan/2023 10:39:28] "GET /progress-scdg HTTP/1.1" 200 -[0m[0m
[1;32;40mINFO - 2023-01-04 10:39:30,913 - [33mwerkzeug[0m - [33m172.17.0.1 - - [04/Jan/2023 10:39:30] "GET /iteration-scdg HTTP/1.1" 200 -[0m[0m
[1;32;40mINFO - 2023-01-04 10:39:30,929 - [33mwerkzeug[0m - [33m172.17.0.1 - - [04/Jan/2023 10:39:30] "GET /progress-scdg HTTP/1.1" 200 -[0m[0m
[1;32;40mINFO - 2023-01-04 10:39:32,199 - [33mwerkzeug[0m - [33m172.17.0.1 - - [04/Jan/2023 10:39:32] "GET /iteration-scdg HTTP/1.1" 200 -[0m[0m
[1;32;40mINFO - 2023-01-04 10:39:32,220 - [33mwerkzeug[0m - [33m172.17.0.1 - - [04/Jan/2023 10:39:32] "GET /progress-scdg HTTP/1.1" 200 -[0m[0m
[1;32;40mINFO - 2023-01-04 10:39:33,195 - [33mwerkzeug[0m - [33m172.17.0.1 - - [04/Jan/2023 10:39:33] "GET /iteration-scdg HTTP/1.1" 200 -[0m[0m
[1;32;40mINFO - 2023-01-04 10:39:33,201 - [33mwerkzeug[0m - [33m172.17.0.1 - - [04/Jan/2023 10:39:33] "GET /progress-scdg HTTP/1.1" 200 -[0m[0m
[1;32;40mINFO - 2023-01-04 10:39:35,896 - [33mwerkzeug[0m - [33m172.17.0.1 - - [04/Jan/2023 10:39:35] "GET /iteration-scdg HTTP/1.1" 200 -[0m[0m
[1;32;40mINFO - 2023-01-04 10:39:35,907 - [33mwerkzeug[0m - [33m172.17.0.1 - - [04/Jan/2023 10:39:35] "GET /progress-scdg HTTP/1.1" 200 -[0m[0m
[1;32;40mINFO - 2023-01-04 10:39:37,198 - [33mwerkzeug[0m - [33m172.17.0.1 - - [04/Jan/2023 10:39:37] "GET /iteration-scdg HTTP/1.1" 200 -[0m[0m
[1;32;40mINFO - 2023-01-04 10:39:37,199 - [33mwerkzeug[0m - [33m172.17.0.1 - - [04/Jan/2023 10:39:37] "GET /progress-scdg HTTP/1.1" 200 -[0m[0m
[1;32;40mINFO - 2023-01-04 10:39:38,201 - [33mwerkzeug[0m - [33m172.17.0.1 - - [04/Jan/2023 10:39:38] "GET /iteration-scdg HTTP/1.1" 200 -[0m[0m
[1;32;40mINFO - 2023-01-04 10:39:38,217 - [33mwerkzeug[0m - [33m172.17.0.1 - - [04/Jan/2023 10:39:38] "GET /progress-scdg HTTP/1.1" 200 -[0m[0m
[1;32;40mINFO - 2023-01-04 10:39:40,919 - [33mwerkzeug[0m - [33m172.17.0.1 - - [04/Jan/2023 10:39:40] "GET /iteration-scdg HTTP/1.1" 200 -[0m[0m
[1;32;40mINFO - 2023-01-04 10:39:40,930 - [33mwerkzeug[0m - [33m172.17.0.1 - - [04/Jan/2023 10:39:40] "GET /progress-scdg HTTP/1.1" 200 -[0m[0m
[1;32;40mINFO - 2023-01-04 10:39:42,194 - [33mwerkzeug[0m - [33m172.17.0.1 - - [04/Jan/2023 10:39:42] "GET /iteration-scdg HTTP/1.1" 200 -[0m[0m
[1;32;40mINFO - 2023-01-04 10:39:42,221 - [33mwerkzeug[0m - [33m172.17.0.1 - - [04/Jan/2023 10:39:42] "GET /progress-scdg HTTP/1.1" 200 -[0m[0m
[1;32;40mINFO - 2023-01-04 10:39:43,192 - [33mwerkzeug[0m - [33m172.17.0.1 - - [04/Jan/2023 10:39:43] "GET /iteration-scdg HTTP/1.1" 200 -[0m[0m
[1;32;40mINFO - 2023-01-04 10:39:43,214 - [33mwerkzeug[0m - [33m172.17.0.1 - - [04/Jan/2023 10:39:43] "GET /progress-scdg HTTP/1.1" 200 -[0m[0m
[1;32;40mINFO - 2023-01-04 10:39:45,926 - [33mwerkzeug[0m - [33m172.17.0.1 - - [04/Jan/2023 10:39:45] "GET /progress-scdg HTTP/1.1" 200 -[0m[0m
[1;32;40mINFO - 2023-01-04 10:39:45,932 - [33mwerkzeug[0m - [33m172.17.0.1 - - [04/Jan/2023 10:39:45] "GET /iteration-scdg HTTP/1.1" 200 -[0m[0m
[1;32;40mINFO - 2023-01-04 10:39:47,196 - [33mwerkzeug[0m - [33m172.17.0.1 - - [04/Jan/2023 10:39:47] "GET /iteration-scdg HTTP/1.1" 200 -[0m[0m
[1;32;40mINFO - 2023-01-04 10:39:47,202 - [33mwerkzeug[0m - [33m172.17.0.1 - - [04/Jan/2023 10:39:47] "GET /progress-scdg HTTP/1.1" 200 -[0m[0m
[1;32;40mINFO - 2023-01-04 10:39:48,192 - [33mwerkzeug[0m - [33m172.17.0.1 - - [04/Jan/2023 10:39:48] "GET /iteration-scdg HTTP/1.1" 200 -[0m[0m
[1;32;40mINFO - 2023-01-04 10:39:48,203 - [33mwerkzeug[0m - [33m172.17.0.1 - - [04/Jan/2023 10:39:48] "GET /progress-scdg HTTP/1.1" 200 -[0m[0m
[1;32;40mINFO - 2023-01-04 10:39:50,950 - [33mwerkzeug[0m - [33m172.17.0.1 - - [04/Jan/2023 10:39:50] "GET /iteration-scdg HTTP/1.1" 200 -[0m[0m
[1;32;40mINFO - 2023-01-04 10:39:50,992 - [33mwerkzeug[0m - [33m172.17.0.1 - - [04/Jan/2023 10:39:50] "GET /progress-scdg HTTP/1.1" 200 -[0m[0m
[1;32;40mINFO - 2023-01-04 10:39:52,187 - [33mwerkzeug[0m - [33m172.17.0.1 - - [04/Jan/2023 10:39:52] "GET /iteration-scdg HTTP/1.1" 200 -[0m[0m
[1;32;40mINFO - 2023-01-04 10:39:52,209 - [33mwerkzeug[0m - [33m172.17.0.1 - - [04/Jan/2023 10:39:52] "GET /progress-scdg HTTP/1.1" 200 -[0m[0m
[1;32;40mINFO - 2023-01-04 10:39:53,196 - [33mwerkzeug[0m - [33m172.17.0.1 - - [04/Jan/2023 10:39:53] "GET /iteration-scdg HTTP/1.1" 200 -[0m[0m
[1;32;40mINFO - 2023-01-04 10:39:53,217 - [33mwerkzeug[0m - [33m172.17.0.1 - - [04/Jan/2023 10:39:53] "GET /progress-scdg HTTP/1.1" 200 -[0m[0m
[1;32;40mINFO - 2023-01-04 10:39:55,924 - [33mwerkzeug[0m - [33m172.17.0.1 - - [04/Jan/2023 10:39:55] "GET /iteration-scdg HTTP/1.1" 200 -[0m[0m
[1;32;40mINFO - 2023-01-04 10:39:55,955 - [33mwerkzeug[0m - [33m172.17.0.1 - - [04/Jan/2023 10:39:55] "GET /progress-scdg HTTP/1.1" 200 -[0m[0m
[1;32;40mINFO - 2023-01-04 10:39:57,198 - [33mwerkzeug[0m - [33m172.17.0.1 - - [04/Jan/2023 10:39:57] "GET /iteration-scdg HTTP/1.1" 200 -[0m[0m
[1;32;40mINFO - 2023-01-04 10:39:57,210 - [33mwerkzeug[0m - [33m172.17.0.1 - - [04/Jan/2023 10:39:57] "GET /progress-scdg HTTP/1.1" 200 -[0m[0m
[1;32;40mINFO - 2023-01-04 10:39:58,196 - [33mwerkzeug[0m - [33m172.17.0.1 - - [04/Jan/2023 10:39:58] "GET /iteration-scdg HTTP/1.1" 200 -[0m[0m
[1;32;40mINFO - 2023-01-04 10:39:58,219 - [33mwerkzeug[0m - [33m172.17.0.1 - - [04/Jan/2023 10:39:58] "GET /progress-scdg HTTP/1.1" 200 -[0m[0m
[1;32;40mINFO - 2023-01-04 10:40:00,925 - [33mwerkzeug[0m - [33m172.17.0.1 - - [04/Jan/2023 10:40:00] "GET /iteration-scdg HTTP/1.1" 200 -[0m[0m
[1;32;40mINFO - 2023-01-04 10:40:00,957 - [33mwerkzeug[0m - [33m172.17.0.1 - - [04/Jan/2023 10:40:00] "GET /progress-scdg HTTP/1.1" 200 -[0m[0m
[1;32;40mINFO - 2023-01-04 10:40:02,942 - [33mwerkzeug[0m - [33m172.17.0.1 - - [04/Jan/2023 10:40:02] "GET /iteration-scdg HTTP/1.1" 200 -[0m[0m
[1;32;40mINFO - 2023-01-04 10:40:02,969 - [33mwerkzeug[0m - [33m172.17.0.1 - - [04/Jan/2023 10:40:02] "GET /progress-scdg HTTP/1.1" 200 -[0m[0m
[1;32;40mINFO - 2023-01-04 10:40:03,197 - [33mwerkzeug[0m - [33m172.17.0.1 - - [04/Jan/2023 10:40:03] "GET /iteration-scdg HTTP/1.1" 200 -[0m[0m
[1;32;40mINFO - 2023-01-04 10:40:03,208 - [33mwerkzeug[0m - [33m172.17.0.1 - - [04/Jan/2023 10:40:03] "GET /progress-scdg HTTP/1.1" 200 -[0m[0m
[1;32;40mINFO - 2023-01-04 10:40:05,927 - [33mwerkzeug[0m - [33m172.17.0.1 - - [04/Jan/2023 10:40:05] "GET /iteration-scdg HTTP/1.1" 200 -[0m[0m
[1;32;40mINFO - 2023-01-04 10:40:05,943 - [33mwerkzeug[0m - [33m172.17.0.1 - - [04/Jan/2023 10:40:05] "GET /progress-scdg HTTP/1.1" 200 -[0m[0m
[1;32;40mINFO - 2023-01-04 10:40:07,202 - [33mwerkzeug[0m - [33m172.17.0.1 - - [04/Jan/2023 10:40:07] "GET /iteration-scdg HTTP/1.1" 200 -[0m[0m
[1;32;40mINFO - 2023-01-04 10:40:07,203 - [33mwerkzeug[0m - [33m172.17.0.1 - - [04/Jan/2023 10:40:07] "GET /progress-scdg HTTP/1.1" 200 -[0m[0m
[1;32;40mINFO - 2023-01-04 10:40:08,187 - [33mwerkzeug[0m - [33m172.17.0.1 - - [04/Jan/2023 10:40:08] "GET /iteration-scdg HTTP/1.1" 200 -[0m[0m
[1;32;40mINFO - 2023-01-04 10:40:08,198 - [33mwerkzeug[0m - [33m172.17.0.1 - - [04/Jan/2023 10:40:08] "GET /progress-scdg HTTP/1.1" 200 -[0m[0m
[1;32;40mINFO - 2023-01-04 10:40:10,929 - [33mwerkzeug[0m - [33m172.17.0.1 - - [04/Jan/2023 10:40:10] "GET /iteration-scdg HTTP/1.1" 200 -[0m[0m
[1;32;40mINFO - 2023-01-04 10:40:10,945 - [33mwerkzeug[0m - [33m172.17.0.1 - - [04/Jan/2023 10:40:10] "GET /progress-scdg HTTP/1.1" 200 -[0m[0m
[1;32;40mINFO - 2023-01-04 10:40:12,204 - [33mwerkzeug[0m - [33m172.17.0.1 - - [04/Jan/2023 10:40:12] "GET /iteration-scdg HTTP/1.1" 200 -[0m[0m
[1;32;40mINFO - 2023-01-04 10:40:12,216 - [33mwerkzeug[0m - [33m172.17.0.1 - - [04/Jan/2023 10:40:12] "GET /progress-scdg HTTP/1.1" 200 -[0m[0m
[1;32;40mINFO - 2023-01-04 10:40:13,182 - [33mwerkzeug[0m - [33m172.17.0.1 - - [04/Jan/2023 10:40:13] "GET /iteration-scdg HTTP/1.1" 200 -[0m[0m
[1;32;40mINFO - 2023-01-04 10:40:13,193 - [33mwerkzeug[0m - [33m172.17.0.1 - - [04/Jan/2023 10:40:13] "GET /progress-scdg HTTP/1.1" 200 -[0m[0m
[1;32;40mINFO - 2023-01-04 10:40:15,930 - [33mwerkzeug[0m - [33m172.17.0.1 - - [04/Jan/2023 10:40:15] "GET /iteration-scdg HTTP/1.1" 200 -[0m[0m
[1;32;40mINFO - 2023-01-04 10:40:15,946 - [33mwerkzeug[0m - [33m172.17.0.1 - - [04/Jan/2023 10:40:15] "GET /progress-scdg HTTP/1.1" 200 -[0m[0m
[1;32;40mINFO - 2023-01-04 10:40:17,195 - [33mwerkzeug[0m - [33m172.17.0.1 - - [04/Jan/2023 10:40:17] "GET /iteration-scdg HTTP/1.1" 200 -[0m[0m
[1;32;40mINFO - 2023-01-04 10:40:17,196 - [33mwerkzeug[0m - [33m172.17.0.1 - - [04/Jan/2023 10:40:17] "GET /progress-scdg HTTP/1.1" 200 -[0m[0m
[1;32;40mINFO - 2023-01-04 10:40:18,200 - [33mwerkzeug[0m - [33m172.17.0.1 - - [04/Jan/2023 10:40:18] "GET /iteration-scdg HTTP/1.1" 200 -[0m[0m
[1;32;40mINFO - 2023-01-04 10:40:18,216 - [33mwerkzeug[0m - [33m172.17.0.1 - - [04/Jan/2023 10:40:18] "GET /progress-scdg HTTP/1.1" 200 -[0m[0m
[1;32;40mINFO - 2023-01-04 10:40:20,937 - [33mwerkzeug[0m - [33m172.17.0.1 - - [04/Jan/2023 10:40:20] "GET /iteration-scdg HTTP/1.1" 200 -[0m[0m
[1;32;40mINFO - 2023-01-04 10:40:20,948 - [33mwerkzeug[0m - [33m172.17.0.1 - - [04/Jan/2023 10:40:20] "GET /progress-scdg HTTP/1.1" 200 -[0m[0m
[1;32;40mINFO - 2023-01-04 10:40:22,197 - [33mwerkzeug[0m - [33m172.17.0.1 - - [04/Jan/2023 10:40:22] "GET /iteration-scdg HTTP/1.1" 200 -[0m[0m
[1;32;40mINFO - 2023-01-04 10:40:22,208 - [33mwerkzeug[0m - [33m172.17.0.1 - - [04/Jan/2023 10:40:22] "GET /progress-scdg HTTP/1.1" 200 -[0m[0m
[1;32;40mINFO - 2023-01-04 10:40:23,198 - [33mwerkzeug[0m - [33m172.17.0.1 - - [04/Jan/2023 10:40:23] "GET /iteration-scdg HTTP/1.1" 200 -[0m[0m
[1;32;40mINFO - 2023-01-04 10:40:23,215 - [33mwerkzeug[0m - [33m172.17.0.1 - - [04/Jan/2023 10:40:23] "GET /progress-scdg HTTP/1.1" 200 -[0m[0m
[1;32;40mINFO - 2023-01-04 10:40:25,924 - [33mwerkzeug[0m - [33m172.17.0.1 - - [04/Jan/2023 10:40:25] "GET /iteration-scdg HTTP/1.1" 200 -[0m[0m
[1;32;40mINFO - 2023-01-04 10:40:25,945 - [33mwerkzeug[0m - [33m172.17.0.1 - - [04/Jan/2023 10:40:25] "GET /progress-scdg HTTP/1.1" 200 -[0m[0m
[1;32;40mINFO - 2023-01-04 10:40:27,209 - [33mwerkzeug[0m - [33m172.17.0.1 - - [04/Jan/2023 10:40:27] "GET /iteration-scdg HTTP/1.1" 200 -[0m[0m
[1;32;40mINFO - 2023-01-04 10:40:27,215 - [33mwerkzeug[0m - [33m172.17.0.1 - - [04/Jan/2023 10:40:27] "GET /progress-scdg HTTP/1.1" 200 -[0m[0m
[1;32;40mINFO - 2023-01-04 10:40:28,197 - [33mwerkzeug[0m - [33m172.17.0.1 - - [04/Jan/2023 10:40:28] "GET /iteration-scdg HTTP/1.1" 200 -[0m[0m
[1;32;40mINFO - 2023-01-04 10:40:28,208 - [33mwerkzeug[0m - [33m172.17.0.1 - - [04/Jan/2023 10:40:28] "GET /progress-scdg HTTP/1.1" 200 -[0m[0m
[1;32;40mINFO - 2023-01-04 10:40:30,931 - [33mwerkzeug[0m - [33m172.17.0.1 - - [04/Jan/2023 10:40:30] "GET /iteration-scdg HTTP/1.1" 200 -[0m[0m
[1;32;40mINFO - 2023-01-04 10:40:30,942 - [33mwerkzeug[0m - [33m172.17.0.1 - - [04/Jan/2023 10:40:30] "GET /progress-scdg HTTP/1.1" 200 -[0m[0m
[1;32;40mINFO - 2023-01-04 10:40:32,211 - [33mwerkzeug[0m - [33m172.17.0.1 - - [04/Jan/2023 10:40:32] "GET /iteration-scdg HTTP/1.1" 200 -[0m[0m
[1;32;40mINFO - 2023-01-04 10:40:32,238 - [33mwerkzeug[0m - [33m172.17.0.1 - - [04/Jan/2023 10:40:32] "GET /progress-scdg HTTP/1.1" 200 -[0m[0m
[1;32;40mINFO - 2023-01-04 10:40:33,187 - [33mwerkzeug[0m - [33m172.17.0.1 - - [04/Jan/2023 10:40:33] "GET /iteration-scdg HTTP/1.1" 200 -[0m[0m
[1;32;40mINFO - 2023-01-04 10:40:33,200 - [33mwerkzeug[0m - [33m172.17.0.1 - - [04/Jan/2023 10:40:33] "GET /progress-scdg HTTP/1.1" 200 -[0m[0m
[1;32;40mINFO - 2023-01-04 10:40:35,943 - [33mwerkzeug[0m - [33m172.17.0.1 - - [04/Jan/2023 10:40:35] "GET /iteration-scdg HTTP/1.1" 200 -[0m[0m
[1;32;40mINFO - 2023-01-04 10:40:35,948 - [33mwerkzeug[0m - [33m172.17.0.1 - - [04/Jan/2023 10:40:35] "GET /progress-scdg HTTP/1.1" 200 -[0m[0m
[1;32;40mINFO - 2023-01-04 10:40:37,200 - [33mwerkzeug[0m - [33m172.17.0.1 - - [04/Jan/2023 10:40:37] "GET /iteration-scdg HTTP/1.1" 200 -[0m[0m
[1;32;40mINFO - 2023-01-04 10:40:37,217 - [33mwerkzeug[0m - [33m172.17.0.1 - - [04/Jan/2023 10:40:37] "GET /progress-scdg HTTP/1.1" 200 -[0m[0m
[1;32;40mINFO - 2023-01-04 10:40:38,193 - [33mwerkzeug[0m - [33m172.17.0.1 - - [04/Jan/2023 10:40:38] "GET /iteration-scdg HTTP/1.1" 200 -[0m[0m
[1;32;40mINFO - 2023-01-04 10:40:38,210 - [33mwerkzeug[0m - [33m172.17.0.1 - - [04/Jan/2023 10:40:38] "GET /progress-scdg HTTP/1.1" 200 -[0m[0m
[1;32;40mINFO - 2023-01-04 10:40:40,931 - [33mwerkzeug[0m - [33m172.17.0.1 - - [04/Jan/2023 10:40:40] "GET /iteration-scdg HTTP/1.1" 200 -[0m[0m
[1;32;40mINFO - 2023-01-04 10:40:40,937 - [33mwerkzeug[0m - [33m172.17.0.1 - - [04/Jan/2023 10:40:40] "GET /progress-scdg HTTP/1.1" 200 -[0m[0m
[1;32;40mINFO - 2023-01-04 10:40:42,214 - [33mwerkzeug[0m - [33m172.17.0.1 - - [04/Jan/2023 10:40:42] "GET /iteration-scdg HTTP/1.1" 200 -[0m[0m
[1;32;40mINFO - 2023-01-04 10:40:42,231 - [33mwerkzeug[0m - [33m172.17.0.1 - - [04/Jan/2023 10:40:42] "GET /progress-scdg HTTP/1.1" 200 -[0m[0m
[1;32;40mINFO - 2023-01-04 10:40:43,194 - [33mwerkzeug[0m - [33m172.17.0.1 - - [04/Jan/2023 10:40:43] "GET /iteration-scdg HTTP/1.1" 200 -[0m[0m
[1;32;40mINFO - 2023-01-04 10:40:43,206 - [33mwerkzeug[0m - [33m172.17.0.1 - - [04/Jan/2023 10:40:43] "GET /progress-scdg HTTP/1.1" 200 -[0m[0m
[1;32;40mINFO - 2023-01-04 10:40:45,948 - [33mwerkzeug[0m - [33m172.17.0.1 - - [04/Jan/2023 10:40:45] "GET /iteration-scdg HTTP/1.1" 200 -[0m[0m
[1;32;40mINFO - 2023-01-04 10:40:45,964 - [33mwerkzeug[0m - [33m172.17.0.1 - - [04/Jan/2023 10:40:45] "GET /progress-scdg HTTP/1.1" 200 -[0m[0m
[1;32;40mINFO - 2023-01-04 10:40:47,213 - [33mwerkzeug[0m - [33m172.17.0.1 - - [04/Jan/2023 10:40:47] "GET /iteration-scdg HTTP/1.1" 200 -[0m[0m
[1;32;40mINFO - 2023-01-04 10:40:47,225 - [33mwerkzeug[0m - [33m172.17.0.1 - - [04/Jan/2023 10:40:47] "GET /progress-scdg HTTP/1.1" 200 -[0m[0m
[1;32;40mINFO - 2023-01-04 10:40:48,189 - [33mwerkzeug[0m - [33m172.17.0.1 - - [04/Jan/2023 10:40:48] "GET /iteration-scdg HTTP/1.1" 200 -[0m[0m
[1;32;40mINFO - 2023-01-04 10:40:48,200 - [33mwerkzeug[0m - [33m172.17.0.1 - - [04/Jan/2023 10:40:48] "GET /progress-scdg HTTP/1.1" 200 -[0m[0m
[1;32;40mINFO - 2023-01-04 10:40:50,949 - [33mwerkzeug[0m - [33m172.17.0.1 - - [04/Jan/2023 10:40:50] "GET /iteration-scdg HTTP/1.1" 200 -[0m[0m
[1;32;40mINFO - 2023-01-04 10:40:50,974 - [33mwerkzeug[0m - [33m172.17.0.1 - - [04/Jan/2023 10:40:50] "GET /progress-scdg HTTP/1.1" 200 -[0m[0m
[1;32;40mINFO - 2023-01-04 10:40:52,213 - [33mwerkzeug[0m - [33m172.17.0.1 - - [04/Jan/2023 10:40:52] "GET /iteration-scdg HTTP/1.1" 200 -[0m[0m
[1;32;40mINFO - 2023-01-04 10:40:52,225 - [33mwerkzeug[0m - [33m172.17.0.1 - - [04/Jan/2023 10:40:52] "GET /progress-scdg HTTP/1.1" 200 -[0m[0m
[1;32;40mINFO - 2023-01-04 10:40:53,198 - [33mwerkzeug[0m - [33m172.17.0.1 - - [04/Jan/2023 10:40:53] "GET /iteration-scdg HTTP/1.1" 200 -[0m[0m
[1;32;40mINFO - 2023-01-04 10:40:53,220 - [33mwerkzeug[0m - [33m172.17.0.1 - - [04/Jan/2023 10:40:53] "GET /progress-scdg HTTP/1.1" 200 -[0m[0m
[1;32;40mINFO - 2023-01-04 10:40:55,945 - [33mwerkzeug[0m - [33m172.17.0.1 - - [04/Jan/2023 10:40:55] "GET /iteration-scdg HTTP/1.1" 200 -[0m[0m
[1;32;40mINFO - 2023-01-04 10:40:55,972 - [33mwerkzeug[0m - [33m172.17.0.1 - - [04/Jan/2023 10:40:55] "GET /progress-scdg HTTP/1.1" 200 -[0m[0m
[1;32;40mINFO - 2023-01-04 10:40:57,215 - [33mwerkzeug[0m - [33m172.17.0.1 - - [04/Jan/2023 10:40:57] "GET /iteration-scdg HTTP/1.1" 200 -[0m[0m
[1;32;40mINFO - 2023-01-04 10:40:57,226 - [33mwerkzeug[0m - [33m172.17.0.1 - - [04/Jan/2023 10:40:57] "GET /progress-scdg HTTP/1.1" 200 -[0m[0m
[1;32;40mINFO - 2023-01-04 10:40:58,192 - [33mwerkzeug[0m - [33m172.17.0.1 - - [04/Jan/2023 10:40:58] "GET /iteration-scdg HTTP/1.1" 200 -[0m[0m
[1;32;40mINFO - 2023-01-04 10:40:58,203 - [33mwerkzeug[0m - [33m172.17.0.1 - - [04/Jan/2023 10:40:58] "GET /progress-scdg HTTP/1.1" 200 -[0m[0m
[1;32;40mINFO - 2023-01-04 10:40:59,134 - [31mToolChainExplorerAnotherCDFS[0m - [31mTimeout expired for simulation ![0m[0m
[1;32;40mINFO - 2023-01-04 10:40:59,137 - [37mGraphBuilder[0m - [37mOutput dir :src/output/runs/69//warzone4[0m[0m
