[1;33;40mWARNING - 2023-01-04 10:40:59,174 - [34mangr.project[0m - [34mDisabling IRSB translation cache because support for self-modifying code is enabled.[0m[0m
[1;32;40mINFO - 2023-01-04 10:41:01,076 - [33mwerkzeug[0m - [33m172.17.0.1 - - [04/Jan/2023 10:41:01] "GET /iteration-scdg HTTP/1.1" 200 -[0m[0m
[1;32;40mINFO - 2023-01-04 10:41:01,078 - [33mwerkzeug[0m - [33m172.17.0.1 - - [04/Jan/2023 10:41:01] "GET /progress-scdg HTTP/1.1" 200 -[0m[0m
[1;32;40mINFO - 2023-01-04 10:41:02,228 - [33mwerkzeug[0m - [33m172.17.0.1 - - [04/Jan/2023 10:41:02] "GET /iteration-scdg HTTP/1.1" 200 -[0m[0m
[1;32;40mINFO - 2023-01-04 10:41:02,239 - [33mwerkzeug[0m - [33m172.17.0.1 - - [04/Jan/2023 10:41:02] "GET /progress-scdg HTTP/1.1" 200 -[0m[0m
[1;32;40mINFO - 2023-01-04 10:41:03,198 - [33mwerkzeug[0m - [33m172.17.0.1 - - [04/Jan/2023 10:41:03] "GET /iteration-scdg HTTP/1.1" 200 -[0m[0m
[1;32;40mINFO - 2023-01-04 10:41:03,211 - [33mwerkzeug[0m - [33m172.17.0.1 - - [04/Jan/2023 10:41:03] "GET /progress-scdg HTTP/1.1" 200 -[0m[0m
[1;32;40mINFO - 2023-01-04 10:41:04,813 - [36mCustomSimProcedure[0m - {'CreateFileW': 5242880, 'CloseHandle': 5242884, 'SetFilePointerEx': 5242888, 'GetConsoleMode': 5242892, 'WriteConsoleW': 5242896, 'FlushFileBuffers': 5242900, 'HeapReAlloc': 5242904, 'HeapSize': 5242908, 'GetProcessHeap': 5242912, 'LCMapStringW': 5242916, 'DecodePointer': 5242920, 'GetConsoleOutputCP': 5242924, 'VirtualProtect': 5242928, 'GetStringTypeW': 5242932, 'QueryPerformanceCounter': 5242936, 'GetCurrentProcessId': 5242940, 'GetCurrentThreadId': 5242944, 'GetSystemTimeAsFileTime': 5242948, 'InitializeSListHead': 5242952, 'IsDebuggerPresent': 5242956, 'UnhandledExceptionFilter': 5242960, 'SetUnhandledExceptionFilter': 5242964, 'GetStartupInfoW': 5242968, 'IsProcessorFeaturePresent': 5242972, 'GetModuleHandleW': 5242976, 'GetCurrentProcess': 5242980, 'TerminateProcess': 5242984, 'RtlUnwind': 5242988, 'GetLastError': 5242992, 'SetLastError': 5242996, 'EnterCriticalSection': 5243000, 'LeaveCriticalSection': 5243004, 'DeleteCriticalSection': 5243008, 'InitializeCriticalSectionAndSpinCount': 5243012, 'TlsAlloc': 5243016, 'TlsGetValue': 5243020, 'TlsSetValue': 5243024, 'TlsFree': 5243028, 'FreeLibrary': 5243032, 'GetProcAddress': 5243036, 'LoadLibraryExW': 5243040, 'GetStdHandle': 5243044, 'WriteFile': 5243048, 'GetModuleFileNameW': 5243052, 'ExitProcess': 5243056, 'GetModuleHandleExW': 5243060, 'HeapFree': 5243064, 'HeapAlloc': 5243068, 'FindClose': 5243072, 'FindFirstFileExW': 5243076, 'FindNextFileW': 5243080, 'IsValidCodePage': 5243084, 'GetACP': 5243088, 'GetOEMCP': 5243092, 'GetCPInfo': 5243096, 'GetCommandLineA': 5243100, 'GetCommandLineW': 5243104, 'MultiByteToWideChar': 5243108, 'WideCharToMultiByte': 5243112, 'GetEnvironmentStringsW': 5243116, 'FreeEnvironmentStringsW': 5243120, 'SetStdHandle': 5243124, 'GetFileType': 5243128, 'RaiseException': 5243132, 'GetStandardColorSpaceProfileA': 5243136, 'EnumColorProfilesA': 5243140, 'CreateMultiProfileTransform': 5243144, 'OpenColorProfileA': 5243148, 'OpenColorProfileW': 5243152, 'CertFindAttribute': 5243156, 'CertVerifySubjectCertificateContext': 5243160, 'CertSetEnhancedKeyUsage': 5243164, "ordinal.233.b'odbc32.dll'": 5243168, 'CursorLibLockStmt': 5243172, "ordinal.170.b'odbc32.dll'": 5243176, "ordinal.45.b'odbc32.dll'": 5243180, "ordinal.12.b'odbc32.dll'": 5243184, 'ResUtilFreeParameterBlock': 5243188, 'ResUtilResourceTypesEqual': 5243192, 'ResUtilEnumProperties': 5243196, 'ResUtilGetMultiSzProperty': 5243200, 'ResUtilSetPropertyTable': 5243204, 'ResUtilDupParameterBlock': 5243208, 'AVIFileEndRecord': 5243212, 'AVIStreamGetFrameClose': 5243216, 'ICImageCompress': 5243220, 'ICGetDisplayFormat': 5243224, 'ICDecompress': 5243228, 'videoThunk32': 5243232, 'MessageBoxW': 5243236, 'KiUserExceptionDispatcher': 6295572, '_fmode': 6295576, '_commode': 6295580, '_acmdln': 6295584, '_wcmdln': 6295588}[0m
[1;33;40mWARNING - 2023-01-04 10:41:04,830 - [34mangr.project[0m - [34mAddress is already hooked, during hook(0x50011c, <SimProcedure CertSetEnhancedKeyUsage>). Not re-hooking.[0m[0m
[1;33;40mWARNING - 2023-01-04 10:41:04,831 - [34mangr.project[0m - [34mAddress is already hooked, during hook(0x500114, <SimProcedure CertFindAttribute>). Not re-hooking.[0m[0m
[1;33;40mWARNING - 2023-01-04 10:41:04,831 - [34mangr.project[0m - [34mAddress is already hooked, during hook(0x500118, <SimProcedure CertVerifySubjectCertificateContext>). Not re-hooking.[0m[0m
[1;32;40mINFO - 2023-01-04 10:41:04,845 - [36mCustomSimProcedure[0m - [36mWas in angr :kernel32.dll[0m[0m
[1;32;40mINFO - 2023-01-04 10:41:04,918 - [36mCustomSimProcedure[0m - [36mWas in angr :user32.dll[0m[0m
[1;33;40mWARNING - 2023-01-04 10:41:04,920 - [36mCustomSimProcedure[0m - [36mProcedure wsprintfA in DLL user32.dll has 3 arguments in json and 2 arguments in angr prototype. Taking number of arguments from json.[0m[0m
[1;33;40mWARNING - 2023-01-04 10:41:04,920 - [36mCustomSimProcedure[0m - [36mProcedure wsprintfW in DLL user32.dll has 3 arguments in json and 2 arguments in angr prototype. Taking number of arguments from json.[0m[0m
[1;33;40mWARNING - 2023-01-04 10:41:04,970 - [34mangr.project[0m - [34mAddress is already hooked, during hook(0x601014, <SimProcedure KiUserExceptionDispatcher>). Not re-hooking.[0m[0m
[1;32;40mINFO - 2023-01-04 10:41:04,970 - [36mCustomSimProcedure[0m - [36mNo hooks for: {'GetStandardColorSpaceProfileA': 5243136, 'EnumColorProfilesA': 5243140, 'CreateMultiProfileTransform': 5243144, 'OpenColorProfileA': 5243148, 'OpenColorProfileW': 5243152, "ordinal.233.b'odbc32.dll'": 5243168, 'CursorLibLockStmt': 5243172, "ordinal.170.b'odbc32.dll'": 5243176, "ordinal.45.b'odbc32.dll'": 5243180, "ordinal.12.b'odbc32.dll'": 5243184, 'ResUtilFreeParameterBlock': 5243188, 'ResUtilResourceTypesEqual': 5243192, 'ResUtilEnumProperties': 5243196, 'ResUtilGetMultiSzProperty': 5243200, 'ResUtilSetPropertyTable': 5243204, 'ResUtilDupParameterBlock': 5243208, 'AVIFileEndRecord': 5243212, 'AVIStreamGetFrameClose': 5243216, 'ICImageCompress': 5243220, 'ICGetDisplayFormat': 5243224, 'ICDecompress': 5243228, 'videoThunk32': 5243232, '_fmode': 6295576, '_commode': 6295580, '_acmdln': 6295584, '_wcmdln': 6295588}[0m[0m
[1;32;40mINFO - 2023-01-04 10:41:04,970 - [36mCustomSimProcedure[0m - [36mcustom_hook_static[0m[0m
[1;33;40mWARNING - 2023-01-04 10:41:04,970 - [34mangr.project[0m - [34mAddress is already hooked, during hook(0x400000, <SimProcedure GetProcessHeap>). Not re-hooking.[0m[0m
[1;33;40mWARNING - 2023-01-04 10:41:04,971 - [34mangr.project[0m - [34mAddress is already hooked, during hook(0x400000, <SimProcedure VirtualProtect>). Not re-hooking.[0m[0m
[1;33;40mWARNING - 2023-01-04 10:41:04,971 - [34mangr.project[0m - [34mAddress is already hooked, during hook(0x400000, <SimProcedure QueryPerformanceCounter>). Not re-hooking.[0m[0m
[1;33;40mWARNING - 2023-01-04 10:41:04,971 - [34mangr.project[0m - [34mAddress is already hooked, during hook(0x400000, <SimProcedure GetCurrentProcessId>). Not re-hooking.[0m[0m
[1;33;40mWARNING - 2023-01-04 10:41:04,971 - [34mangr.project[0m - [34mAddress is already hooked, during hook(0x400000, <SimProcedure GetCurrentThreadId>). Not re-hooking.[0m[0m
[1;33;40mWARNING - 2023-01-04 10:41:04,971 - [34mangr.project[0m - [34mAddress is already hooked, during hook(0x400000, <SimProcedure GetSystemTimeAsFileTime>). Not re-hooking.[0m[0m
[1;33;40mWARNING - 2023-01-04 10:41:04,971 - [34mangr.project[0m - [34mAddress is already hooked, during hook(0x400000, <SimProcedure IsProcessorFeaturePresent>). Not re-hooking.[0m[0m
[1;33;40mWARNING - 2023-01-04 10:41:04,971 - [34mangr.project[0m - [34mAddress is already hooked, during hook(0x400000, <SimProcedure InitializeCriticalSectionAndSpinCount>). Not re-hooking.[0m[0m
[1;33;40mWARNING - 2023-01-04 10:41:04,972 - [34mangr.project[0m - [34mAddress is already hooked, during hook(0x400000, <SimProcedure TlsAlloc>). Not re-hooking.[0m[0m
[1;33;40mWARNING - 2023-01-04 10:41:04,972 - [34mangr.project[0m - [34mAddress is already hooked, during hook(0x400000, <SimProcedure TlsGetValue>). Not re-hooking.[0m[0m
[1;33;40mWARNING - 2023-01-04 10:41:04,972 - [34mangr.project[0m - [34mAddress is already hooked, during hook(0x400000, <SimProcedure TlsSetValue>). Not re-hooking.[0m[0m
[1;33;40mWARNING - 2023-01-04 10:41:04,972 - [34mangr.project[0m - [34mAddress is already hooked, during hook(0x400000, <SimProcedure TlsFree>). Not re-hooking.[0m[0m
[1;33;40mWARNING - 2023-01-04 10:41:04,972 - [34mangr.project[0m - [34mAddress is already hooked, during hook(0x400000, <SimProcedure GetStdHandle>). Not re-hooking.[0m[0m
[1;33;40mWARNING - 2023-01-04 10:41:04,972 - [34mangr.project[0m - [34mAddress is already hooked, during hook(0x400000, <SimProcedure WriteFile>). Not re-hooking.[0m[0m
[1;33;40mWARNING - 2023-01-04 10:41:04,972 - [34mangr.project[0m - [34mAddress is already hooked, during hook(0x400000, <SimProcedure ExitProcess>). Not re-hooking.[0m[0m
[1;33;40mWARNING - 2023-01-04 10:41:04,973 - [34mangr.project[0m - [34mAddress is already hooked, during hook(0x400000, <SimProcedure HeapFree>). Not re-hooking.[0m[0m
[1;33;40mWARNING - 2023-01-04 10:41:04,973 - [34mangr.project[0m - [34mAddress is already hooked, during hook(0x400000, <SimProcedure HeapAlloc>). Not re-hooking.[0m[0m
[1;33;40mWARNING - 2023-01-04 10:41:04,973 - [34mangr.project[0m - [34mAddress is already hooked, during hook(0x400000, <SimProcedure GetCommandLineA>). Not re-hooking.[0m[0m
[1;33;40mWARNING - 2023-01-04 10:41:04,973 - [34mangr.project[0m - [34mAddress is already hooked, during hook(0x400000, <SimProcedure GetCommandLineW>). Not re-hooking.[0m[0m
[1;32;40mINFO - 2023-01-04 10:41:04,973 - [36mCustomSimProcedure[0m - [36modbc32.dll[0m[0m
[1;32;40mINFO - 2023-01-04 10:41:04,973 - [36mCustomSimProcedure[0m - [36m233[0m[0m
[1;32;40mINFO - 2023-01-04 10:41:04,973 - [36mCustomSimProcedure[0m - [36modbc32.dll[0m[0m
[1;32;40mINFO - 2023-01-04 10:41:04,973 - [36mCustomSimProcedure[0m - [36m170[0m[0m
[1;32;40mINFO - 2023-01-04 10:41:04,973 - [36mCustomSimProcedure[0m - [36modbc32.dll[0m[0m
[1;32;40mINFO - 2023-01-04 10:41:04,973 - [36mCustomSimProcedure[0m - [36m45[0m[0m
[1;32;40mINFO - 2023-01-04 10:41:04,973 - [36mCustomSimProcedure[0m - [36modbc32.dll[0m[0m
[1;32;40mINFO - 2023-01-04 10:41:04,974 - [36mCustomSimProcedure[0m - [36m12[0m[0m
[1;33;40mWARNING - 2023-01-04 10:41:04,974 - [34mangr.project[0m - [34mAddress is already hooked, during hook(0x400000, <SimProcedure MessageBoxW>). Not re-hooking.[0m[0m
[1;33;40mWARNING - 2023-01-04 10:41:04,974 - [34mangr.project[0m - [34mAddress is already hooked, during hook(0x500018, <SimProcedure HeapReAlloc>). Not re-hooking.[0m[0m
[1;33;40mWARNING - 2023-01-04 10:41:04,974 - [34mangr.project[0m - [34mAddress is already hooked, during hook(0x500020, <SimProcedure GetProcessHeap>). Not re-hooking.[0m[0m
[1;33;40mWARNING - 2023-01-04 10:41:04,974 - [34mangr.project[0m - [34mAddress is already hooked, during hook(0x500030, <SimProcedure VirtualProtect>). Not re-hooking.[0m[0m
[1;33;40mWARNING - 2023-01-04 10:41:04,974 - [34mangr.project[0m - [34mAddress is already hooked, during hook(0x500038, <SimProcedure QueryPerformanceCounter>). Not re-hooking.[0m[0m
[1;33;40mWARNING - 2023-01-04 10:41:04,974 - [34mangr.project[0m - [34mAddress is already hooked, during hook(0x50003c, <SimProcedure GetCurrentProcessId>). Not re-hooking.[0m[0m
[1;33;40mWARNING - 2023-01-04 10:41:04,974 - [34mangr.project[0m - [34mAddress is already hooked, during hook(0x500040, <SimProcedure GetCurrentThreadId>). Not re-hooking.[0m[0m
[1;33;40mWARNING - 2023-01-04 10:41:04,975 - [34mangr.project[0m - [34mAddress is already hooked, during hook(0x500044, <SimProcedure GetSystemTimeAsFileTime>). Not re-hooking.[0m[0m
[1;33;40mWARNING - 2023-01-04 10:41:04,975 - [34mangr.project[0m - [34mAddress is already hooked, during hook(0x50005c, <SimProcedure IsProcessorFeaturePresent>). Not re-hooking.[0m[0m
[1;33;40mWARNING - 2023-01-04 10:41:04,975 - [34mangr.project[0m - [34mAddress is already hooked, during hook(0x500084, <SimProcedure InitializeCriticalSectionAndSpinCount>). Not re-hooking.[0m[0m
[1;33;40mWARNING - 2023-01-04 10:41:04,975 - [34mangr.project[0m - [34mAddress is already hooked, during hook(0x500088, <SimProcedure TlsAlloc>). Not re-hooking.[0m[0m
[1;33;40mWARNING - 2023-01-04 10:41:04,975 - [34mangr.project[0m - [34mAddress is already hooked, during hook(0x50008c, <SimProcedure TlsGetValue>). Not re-hooking.[0m[0m
[1;33;40mWARNING - 2023-01-04 10:41:04,975 - [34mangr.project[0m - [34mAddress is already hooked, during hook(0x500090, <SimProcedure TlsSetValue>). Not re-hooking.[0m[0m
[1;33;40mWARNING - 2023-01-04 10:41:04,975 - [34mangr.project[0m - [34mAddress is already hooked, during hook(0x500094, <SimProcedure TlsFree>). Not re-hooking.[0m[0m
[1;33;40mWARNING - 2023-01-04 10:41:04,975 - [34mangr.project[0m - [34mAddress is already hooked, during hook(0x5000a4, <SimProcedure GetStdHandle>). Not re-hooking.[0m[0m
[1;33;40mWARNING - 2023-01-04 10:41:04,976 - [34mangr.project[0m - [34mAddress is already hooked, during hook(0x5000a8, <SimProcedure WriteFile>). Not re-hooking.[0m[0m
[1;33;40mWARNING - 2023-01-04 10:41:04,976 - [34mangr.project[0m - [34mAddress is already hooked, during hook(0x5000b0, <SimProcedure ExitProcess>). Not re-hooking.[0m[0m
[1;33;40mWARNING - 2023-01-04 10:41:04,976 - [34mangr.project[0m - [34mAddress is already hooked, during hook(0x5000b8, <SimProcedure HeapFree>). Not re-hooking.[0m[0m
[1;33;40mWARNING - 2023-01-04 10:41:04,976 - [34mangr.project[0m - [34mAddress is already hooked, during hook(0x5000bc, <SimProcedure HeapAlloc>). Not re-hooking.[0m[0m
[1;33;40mWARNING - 2023-01-04 10:41:04,976 - [34mangr.project[0m - [34mAddress is already hooked, during hook(0x5000dc, <SimProcedure GetCommandLineA>). Not re-hooking.[0m[0m
[1;33;40mWARNING - 2023-01-04 10:41:04,976 - [34mangr.project[0m - [34mAddress is already hooked, during hook(0x5000e0, <SimProcedure GetCommandLineW>). Not re-hooking.[0m[0m
[1;32;40mINFO - 2023-01-04 10:41:04,977 - [36mCustomSimProcedure[0m - [36modbc32.dll[0m[0m
[1;32;40mINFO - 2023-01-04 10:41:04,977 - [36mCustomSimProcedure[0m - [36m233[0m[0m
[1;32;40mINFO - 2023-01-04 10:41:04,977 - [36mCustomSimProcedure[0m - [36modbc32.dll[0m[0m
[1;32;40mINFO - 2023-01-04 10:41:04,977 - [36mCustomSimProcedure[0m - [36m170[0m[0m
[1;32;40mINFO - 2023-01-04 10:41:04,977 - [36mCustomSimProcedure[0m - [36modbc32.dll[0m[0m
[1;32;40mINFO - 2023-01-04 10:41:04,977 - [36mCustomSimProcedure[0m - [36m45[0m[0m
[1;32;40mINFO - 2023-01-04 10:41:04,977 - [36mCustomSimProcedure[0m - [36modbc32.dll[0m[0m
[1;32;40mINFO - 2023-01-04 10:41:04,977 - [36mCustomSimProcedure[0m - [36m12[0m[0m
[1;33;40mWARNING - 2023-01-04 10:41:04,977 - [34mangr.project[0m - [34mAddress is already hooked, during hook(0x500164, <SimProcedure MessageBoxW>). Not re-hooking.[0m[0m
[1;33;40mWARNING - 2023-01-04 10:41:04,977 - [34mangr.project[0m - [34mAddress is already hooked, during hook(0x601014, <SimProcedure KiUserExceptionDispatcher>). Not re-hooking.[0m[0m
[1;32;40mINFO - 2023-01-04 10:41:04,977 - [36mCustomSimProcedure[0m - [36mcustom_hook_windows_symbols[0m[0m
[1;32;40mINFO - 2023-01-04 10:41:05,960 - [33mwerkzeug[0m - [33m172.17.0.1 - - [04/Jan/2023 10:41:05] "GET /iteration-scdg HTTP/1.1" 200 -[0m[0m
[1;32;40mINFO - 2023-01-04 10:41:05,972 - [33mwerkzeug[0m - [33m172.17.0.1 - - [04/Jan/2023 10:41:05] "GET /progress-scdg HTTP/1.1" 200 -[0m[0m
[1;32;40mINFO - 2023-01-04 10:41:07,219 - [33mwerkzeug[0m - [33m172.17.0.1 - - [04/Jan/2023 10:41:07] "GET /iteration-scdg HTTP/1.1" 200 -[0m[0m
[1;32;40mINFO - 2023-01-04 10:41:07,240 - [33mwerkzeug[0m - [33m172.17.0.1 - - [04/Jan/2023 10:41:07] "GET /progress-scdg HTTP/1.1" 200 -[0m[0m
[1;33;40mWARNING - 2023-01-04 10:41:07,858 - [34mangr.project[0m - [34mAddress is already hooked, during hook(0x50011c, <SimProcedure CertSetEnhancedKeyUsage>). Re-hooking.[0m[0m
[1;33;40mWARNING - 2023-01-04 10:41:07,860 - [34mangr.project[0m - [34mAddress is already hooked, during hook(0x50011c, <SimProcedure CertSetEnhancedKeyUsage>). Re-hooking.[0m[0m
[1;33;40mWARNING - 2023-01-04 10:41:07,949 - [34mangr.project[0m - [34mAddress is already hooked, during hook(0x500114, <SimProcedure CertFindAttribute>). Re-hooking.[0m[0m
[1;33;40mWARNING - 2023-01-04 10:41:07,951 - [34mangr.project[0m - [34mAddress is already hooked, during hook(0x500114, <SimProcedure CertFindAttribute>). Re-hooking.[0m[0m
[1;33;40mWARNING - 2023-01-04 10:41:08,068 - [34mangr.project[0m - [34mAddress is already hooked, during hook(0x500114, <SimProcedure CertFindAttribute>). Re-hooking.[0m[0m
[1;33;40mWARNING - 2023-01-04 10:41:08,069 - [34mangr.project[0m - [34mAddress is already hooked, during hook(0x500114, <SimProcedure CertFindAttribute>). Re-hooking.[0m[0m
[1;33;40mWARNING - 2023-01-04 10:41:08,187 - [34mangr.project[0m - [34mAddress is already hooked, during hook(0x50011c, <SimProcedure CertSetEnhancedKeyUsage>). Re-hooking.[0m[0m
[1;33;40mWARNING - 2023-01-04 10:41:08,189 - [34mangr.project[0m - [34mAddress is already hooked, during hook(0x50011c, <SimProcedure CertSetEnhancedKeyUsage>). Re-hooking.[0m[0m
[1;32;40mINFO - 2023-01-04 10:41:08,200 - [33mwerkzeug[0m - [33m172.17.0.1 - - [04/Jan/2023 10:41:08] "GET /iteration-scdg HTTP/1.1" 200 -[0m[0m
[1;33;40mWARNING - 2023-01-04 10:41:08,211 - [34mangr.project[0m - [34mAddress is already hooked, during hook(0x500118, <SimProcedure CertVerifySubjectCertificateContext>). Re-hooking.[0m[0m
[1;32;40mINFO - 2023-01-04 10:41:08,212 - [33mwerkzeug[0m - [33m172.17.0.1 - - [04/Jan/2023 10:41:08] "GET /progress-scdg HTTP/1.1" 200 -[0m[0m
[1;33;40mWARNING - 2023-01-04 10:41:08,214 - [34mangr.project[0m - [34mAddress is already hooked, during hook(0x500118, <SimProcedure CertVerifySubjectCertificateContext>). Re-hooking.[0m[0m
[1;33;40mWARNING - 2023-01-04 10:41:08,519 - [34mangr.project[0m - [34mAddress is already hooked, during hook(0x500118, <SimProcedure CertVerifySubjectCertificateContext>). Re-hooking.[0m[0m
[1;33;40mWARNING - 2023-01-04 10:41:08,520 - [34mangr.project[0m - [34mAddress is already hooked, during hook(0x500118, <SimProcedure CertVerifySubjectCertificateContext>). Re-hooking.[0m[0m
[1;33;40mWARNING - 2023-01-04 10:41:08,763 - [34mangr.project[0m - [34mAddress is already hooked, during hook(0x500004, <SimProcedure CloseHandle>). Re-hooking.[0m[0m
[1;33;40mWARNING - 2023-01-04 10:41:08,764 - [34mangr.project[0m - [34mAddress is already hooked, during hook(0x500004, <SimProcedure CloseHandle>). Re-hooking.[0m[0m
[1;33;40mWARNING - 2023-01-04 10:41:09,005 - [34mangr.project[0m - [34mAddress is already hooked, during hook(0x500080, <SimProcedure DeleteCriticalSection>). Re-hooking.[0m[0m
[1;33;40mWARNING - 2023-01-04 10:41:09,006 - [34mangr.project[0m - [34mAddress is already hooked, during hook(0x500080, <SimProcedure DeleteCriticalSection>). Re-hooking.[0m[0m
[1;33;40mWARNING - 2023-01-04 10:41:09,063 - [34mangr.project[0m - [34mAddress is already hooked, during hook(0x500078, <SimProcedure EnterCriticalSection>). Re-hooking.[0m[0m
[1;33;40mWARNING - 2023-01-04 10:41:09,064 - [34mangr.project[0m - [34mAddress is already hooked, during hook(0x500078, <SimProcedure EnterCriticalSection>). Re-hooking.[0m[0m
[1;33;40mWARNING - 2023-01-04 10:41:09,206 - [34mangr.project[0m - [34mAddress is already hooked, during hook(0x5000c0, <SimProcedure FindClose>). Re-hooking.[0m[0m
[1;33;40mWARNING - 2023-01-04 10:41:09,207 - [34mangr.project[0m - [34mAddress is already hooked, during hook(0x5000c0, <SimProcedure FindClose>). Re-hooking.[0m[0m
[1;33;40mWARNING - 2023-01-04 10:41:09,221 - [34mangr.project[0m - [34mAddress is already hooked, during hook(0x5000c4, <SimProcedure FindFirstFileExW>). Re-hooking.[0m[0m
[1;33;40mWARNING - 2023-01-04 10:41:09,222 - [34mangr.project[0m - [34mAddress is already hooked, during hook(0x5000c4, <SimProcedure FindFirstFileExW>). Re-hooking.[0m[0m
[1;33;40mWARNING - 2023-01-04 10:41:09,257 - [34mangr.project[0m - [34mAddress is already hooked, during hook(0x5000c8, <SimProcedure FindNextFileW>). Re-hooking.[0m[0m
[1;33;40mWARNING - 2023-01-04 10:41:09,259 - [34mangr.project[0m - [34mAddress is already hooked, during hook(0x5000c8, <SimProcedure FindNextFileW>). Re-hooking.[0m[0m
[1;33;40mWARNING - 2023-01-04 10:41:09,294 - [34mangr.project[0m - [34mAddress is already hooked, during hook(0x500014, <SimProcedure FlushFileBuffers>). Re-hooking.[0m[0m
[1;33;40mWARNING - 2023-01-04 10:41:09,296 - [34mangr.project[0m - [34mAddress is already hooked, during hook(0x500014, <SimProcedure FlushFileBuffers>). Re-hooking.[0m[0m
[1;33;40mWARNING - 2023-01-04 10:41:09,321 - [34mangr.project[0m - [34mAddress is already hooked, during hook(0x5000f0, <SimProcedure FreeEnvironmentStringsW>). Re-hooking.[0m[0m
[1;33;40mWARNING - 2023-01-04 10:41:09,326 - [34mangr.project[0m - [34mAddress is already hooked, during hook(0x5000f0, <SimProcedure FreeEnvironmentStringsW>). Re-hooking.[0m[0m
[1;33;40mWARNING - 2023-01-04 10:41:09,327 - [34mangr.project[0m - [34mAddress is already hooked, during hook(0x500098, <SimProcedure FreeLibrary>). Re-hooking.[0m[0m
[1;33;40mWARNING - 2023-01-04 10:41:09,328 - [34mangr.project[0m - [34mAddress is already hooked, during hook(0x500098, <SimProcedure FreeLibrary>). Re-hooking.[0m[0m
[1;33;40mWARNING - 2023-01-04 10:41:09,372 - [34mangr.project[0m - [34mAddress is already hooked, during hook(0x5000d8, <SimProcedure GetCPInfo>). Re-hooking.[0m[0m
[1;33;40mWARNING - 2023-01-04 10:41:09,374 - [34mangr.project[0m - [34mAddress is already hooked, during hook(0x5000d8, <SimProcedure GetCPInfo>). Re-hooking.[0m[0m
[1;33;40mWARNING - 2023-01-04 10:41:09,458 - [34mangr.project[0m - [34mAddress is already hooked, during hook(0x50000c, <SimProcedure GetConsoleMode>). Re-hooking.[0m[0m
[1;33;40mWARNING - 2023-01-04 10:41:09,459 - [34mangr.project[0m - [34mAddress is already hooked, during hook(0x50000c, <SimProcedure GetConsoleMode>). Re-hooking.[0m[0m
[1;33;40mWARNING - 2023-01-04 10:41:09,464 - [34mangr.project[0m - [34mAddress is already hooked, during hook(0x50002c, <SimProcedure GetConsoleOutputCP>). Re-hooking.[0m[0m
[1;33;40mWARNING - 2023-01-04 10:41:09,466 - [34mangr.project[0m - [34mAddress is already hooked, during hook(0x50002c, <SimProcedure GetConsoleOutputCP>). Re-hooking.[0m[0m
[1;33;40mWARNING - 2023-01-04 10:41:09,621 - [34mangr.project[0m - [34mAddress is already hooked, during hook(0x5000f8, <SimProcedure GetFileType>). Re-hooking.[0m[0m
[1;33;40mWARNING - 2023-01-04 10:41:09,622 - [34mangr.project[0m - [34mAddress is already hooked, during hook(0x5000f8, <SimProcedure GetFileType>). Re-hooking.[0m[0m
[1;33;40mWARNING - 2023-01-04 10:41:09,770 - [34mangr.project[0m - [34mAddress is already hooked, during hook(0x5000d4, <SimProcedure GetOEMCP>). Re-hooking.[0m[0m
[1;33;40mWARNING - 2023-01-04 10:41:09,771 - [34mangr.project[0m - [34mAddress is already hooked, during hook(0x5000d4, <SimProcedure GetOEMCP>). Re-hooking.[0m[0m
[1;33;40mWARNING - 2023-01-04 10:41:09,782 - [34mangr.project[0m - [34mAddress is already hooked, during hook(0x500014, <SimProcedure FlushFileBuffers>). Re-hooking.[0m[0m
[1;33;40mWARNING - 2023-01-04 10:41:09,784 - [34mangr.project[0m - [34mAddress is already hooked, during hook(0x500014, <SimProcedure FlushFileBuffers>). Re-hooking.[0m[0m
[1;33;40mWARNING - 2023-01-04 10:41:09,896 - [34mangr.project[0m - [34mAddress is already hooked, during hook(0x500058, <SimProcedure GetStartupInfoW>). Re-hooking.[0m[0m
[1;33;40mWARNING - 2023-01-04 10:41:09,897 - [34mangr.project[0m - [34mAddress is already hooked, during hook(0x500058, <SimProcedure GetStartupInfoW>). Re-hooking.[0m[0m
[1;33;40mWARNING - 2023-01-04 10:41:09,906 - [34mangr.project[0m - [34mAddress is already hooked, during hook(0x500034, <SimProcedure GetStringTypeW>). Re-hooking.[0m[0m
[1;33;40mWARNING - 2023-01-04 10:41:09,907 - [34mangr.project[0m - [34mAddress is already hooked, during hook(0x500034, <SimProcedure GetStringTypeW>). Re-hooking.[0m[0m
[1;33;40mWARNING - 2023-01-04 10:41:10,033 - [34mangr.project[0m - [34mAddress is already hooked, during hook(0x5000d4, <SimProcedure GetOEMCP>). Re-hooking.[0m[0m
[1;33;40mWARNING - 2023-01-04 10:41:10,034 - [34mangr.project[0m - [34mAddress is already hooked, during hook(0x5000d4, <SimProcedure GetOEMCP>). Re-hooking.[0m[0m
[1;33;40mWARNING - 2023-01-04 10:41:10,145 - [34mangr.project[0m - [34mAddress is already hooked, during hook(0x50001c, <SimProcedure HeapSize>). Re-hooking.[0m[0m
[1;33;40mWARNING - 2023-01-04 10:41:10,147 - [34mangr.project[0m - [34mAddress is already hooked, during hook(0x50001c, <SimProcedure HeapSize>). Re-hooking.[0m[0m
[1;33;40mWARNING - 2023-01-04 10:41:10,183 - [34mangr.project[0m - [34mAddress is already hooked, during hook(0x500048, <SimProcedure InitializeSListHead>). Re-hooking.[0m[0m
[1;33;40mWARNING - 2023-01-04 10:41:10,185 - [34mangr.project[0m - [34mAddress is already hooked, during hook(0x500048, <SimProcedure InitializeSListHead>). Re-hooking.[0m[0m
[1;33;40mWARNING - 2023-01-04 10:41:10,328 - [34mangr.project[0m - [34mAddress is already hooked, during hook(0x500024, <SimProcedure LCMapStringW>). Re-hooking.[0m[0m
[1;33;40mWARNING - 2023-01-04 10:41:10,329 - [34mangr.project[0m - [34mAddress is already hooked, during hook(0x500024, <SimProcedure LCMapStringW>). Re-hooking.[0m[0m
[1;33;40mWARNING - 2023-01-04 10:41:10,349 - [34mangr.project[0m - [34mAddress is already hooked, during hook(0x50007c, <SimProcedure LeaveCriticalSection>). Re-hooking.[0m[0m
[1;33;40mWARNING - 2023-01-04 10:41:10,351 - [34mangr.project[0m - [34mAddress is already hooked, during hook(0x50007c, <SimProcedure LeaveCriticalSection>). Re-hooking.[0m[0m
[1;33;40mWARNING - 2023-01-04 10:41:10,647 - [34mangr.project[0m - [34mAddress is already hooked, during hook(0x5000fc, <SimProcedure RaiseException>). Re-hooking.[0m[0m
[1;33;40mWARNING - 2023-01-04 10:41:10,649 - [34mangr.project[0m - [34mAddress is already hooked, during hook(0x5000fc, <SimProcedure RaiseException>). Re-hooking.[0m[0m
[1;33;40mWARNING - 2023-01-04 10:41:10,846 - [34mangr.project[0m - [34mAddress is already hooked, during hook(0x50006c, <SimProcedure RtlUnwind>). Re-hooking.[0m[0m
[1;33;40mWARNING - 2023-01-04 10:41:10,848 - [34mangr.project[0m - [34mAddress is already hooked, during hook(0x50006c, <SimProcedure RtlUnwind>). Re-hooking.[0m[0m
[1;32;40mINFO - 2023-01-04 10:41:10,961 - [33mwerkzeug[0m - [33m172.17.0.1 - - [04/Jan/2023 10:41:10] "GET /iteration-scdg HTTP/1.1" 200 -[0m[0m
[1;32;40mINFO - 2023-01-04 10:41:10,967 - [33mwerkzeug[0m - [33m172.17.0.1 - - [04/Jan/2023 10:41:10] "GET /progress-scdg HTTP/1.1" 200 -[0m[0m
[1;33;40mWARNING - 2023-01-04 10:41:11,057 - [34mangr.project[0m - [34mAddress is already hooked, during hook(0x5000f4, <SimProcedure SetStdHandle>). Re-hooking.[0m[0m
[1;33;40mWARNING - 2023-01-04 10:41:11,059 - [34mangr.project[0m - [34mAddress is already hooked, during hook(0x5000f4, <SimProcedure SetStdHandle>). Re-hooking.[0m[0m
[1;33;40mWARNING - 2023-01-04 10:41:11,212 - [34mangr.project[0m - [34mAddress is already hooked, during hook(0x500050, <SimProcedure UnhandledExceptionFilter>). Re-hooking.[0m[0m
[1;33;40mWARNING - 2023-01-04 10:41:11,213 - [34mangr.project[0m - [34mAddress is already hooked, during hook(0x500050, <SimProcedure UnhandledExceptionFilter>). Re-hooking.[0m[0m
[1;33;40mWARNING - 2023-01-04 10:41:11,355 - [34mangr.project[0m - [34mAddress is already hooked, during hook(0x500010, <SimProcedure WriteConsoleW>). Re-hooking.[0m[0m
[1;33;40mWARNING - 2023-01-04 10:41:11,357 - [34mangr.project[0m - [34mAddress is already hooked, during hook(0x500010, <SimProcedure WriteConsoleW>). Re-hooking.[0m[0m
[1;33;40mWARNING - 2023-01-04 10:41:11,855 - [34mangr.project[0m - [34mAddress is already hooked, during hook(0x500098, <SimProcedure FreeLibrary>). Re-hooking.[0m[0m
[1;33;40mWARNING - 2023-01-04 10:41:11,857 - [34mangr.project[0m - [34mAddress is already hooked, during hook(0x500098, <SimProcedure FreeLibrary>). Re-hooking.[0m[0m
[1;33;40mWARNING - 2023-01-04 10:41:12,009 - [34mangr.project[0m - [34mAddress is already hooked, during hook(0x500050, <SimProcedure UnhandledExceptionFilter>). Re-hooking.[0m[0m
[1;33;40mWARNING - 2023-01-04 10:41:12,010 - [34mangr.project[0m - [34mAddress is already hooked, during hook(0x500050, <SimProcedure UnhandledExceptionFilter>). Re-hooking.[0m[0m
[1;33;40mWARNING - 2023-01-04 10:41:12,034 - [34mangr.project[0m - [34mAddress is already hooked, during hook(0x500064, <SimProcedure GetCurrentProcess>). Re-hooking.[0m[0m
[1;33;40mWARNING - 2023-01-04 10:41:12,035 - [34mangr.project[0m - [34mAddress is already hooked, during hook(0x500064, <SimProcedure GetCurrentProcess>). Re-hooking.[0m[0m
[1;33;40mWARNING - 2023-01-04 10:41:12,053 - [34mangr.project[0m - [34mAddress is already hooked, during hook(0x50000c, <SimProcedure GetConsoleMode>). Re-hooking.[0m[0m
[1;33;40mWARNING - 2023-01-04 10:41:12,054 - [34mangr.project[0m - [34mAddress is already hooked, during hook(0x50000c, <SimProcedure GetConsoleMode>). Re-hooking.[0m[0m
[1;33;40mWARNING - 2023-01-04 10:41:12,058 - [34mangr.project[0m - [34mAddress is already hooked, during hook(0x50007c, <SimProcedure LeaveCriticalSection>). Re-hooking.[0m[0m
[1;33;40mWARNING - 2023-01-04 10:41:12,060 - [34mangr.project[0m - [34mAddress is already hooked, during hook(0x50007c, <SimProcedure LeaveCriticalSection>). Re-hooking.[0m[0m
[1;33;40mWARNING - 2023-01-04 10:41:12,087 - [34mangr.project[0m - [34mAddress is already hooked, during hook(0x5000c8, <SimProcedure FindNextFileW>). Re-hooking.[0m[0m
[1;33;40mWARNING - 2023-01-04 10:41:12,088 - [34mangr.project[0m - [34mAddress is already hooked, during hook(0x5000c8, <SimProcedure FindNextFileW>). Re-hooking.[0m[0m
[1;33;40mWARNING - 2023-01-04 10:41:12,179 - [34mangr.project[0m - [34mAddress is already hooked, during hook(0x500080, <SimProcedure DeleteCriticalSection>). Re-hooking.[0m[0m
[1;33;40mWARNING - 2023-01-04 10:41:12,181 - [34mangr.project[0m - [34mAddress is already hooked, during hook(0x500080, <SimProcedure DeleteCriticalSection>). Re-hooking.[0m[0m
[1;32;40mINFO - 2023-01-04 10:41:12,218 - [33mwerkzeug[0m - [33m172.17.0.1 - - [04/Jan/2023 10:41:12] "GET /iteration-scdg HTTP/1.1" 200 -[0m[0m
[1;32;40mINFO - 2023-01-04 10:41:12,234 - [33mwerkzeug[0m - [33m172.17.0.1 - - [04/Jan/2023 10:41:12] "GET /progress-scdg HTTP/1.1" 200 -[0m[0m
[1;33;40mWARNING - 2023-01-04 10:41:12,494 - [34mangr.project[0m - [34mAddress is already hooked, during hook(0x5000fc, <SimProcedure RaiseException>). Re-hooking.[0m[0m
[1;33;40mWARNING - 2023-01-04 10:41:12,495 - [34mangr.project[0m - [34mAddress is already hooked, during hook(0x5000fc, <SimProcedure RaiseException>). Re-hooking.[0m[0m
[1;33;40mWARNING - 2023-01-04 10:41:12,528 - [34mangr.project[0m - [34mAddress is already hooked, during hook(0x500064, <SimProcedure GetCurrentProcess>). Re-hooking.[0m[0m
[1;33;40mWARNING - 2023-01-04 10:41:12,529 - [34mangr.project[0m - [34mAddress is already hooked, during hook(0x500064, <SimProcedure GetCurrentProcess>). Re-hooking.[0m[0m
[1;33;40mWARNING - 2023-01-04 10:41:12,535 - [34mangr.project[0m - [34mAddress is already hooked, during hook(0x50001c, <SimProcedure HeapSize>). Re-hooking.[0m[0m
[1;33;40mWARNING - 2023-01-04 10:41:12,537 - [34mangr.project[0m - [34mAddress is already hooked, during hook(0x50001c, <SimProcedure HeapSize>). Re-hooking.[0m[0m
[1;33;40mWARNING - 2023-01-04 10:41:12,572 - [34mangr.project[0m - [34mAddress is already hooked, during hook(0x50006c, <SimProcedure RtlUnwind>). Re-hooking.[0m[0m
[1;33;40mWARNING - 2023-01-04 10:41:12,574 - [34mangr.project[0m - [34mAddress is already hooked, during hook(0x50006c, <SimProcedure RtlUnwind>). Re-hooking.[0m[0m
[1;33;40mWARNING - 2023-01-04 10:41:12,702 - [34mangr.project[0m - [34mAddress is already hooked, during hook(0x5000cc, <SimProcedure IsValidCodePage>). Re-hooking.[0m[0m
[1;33;40mWARNING - 2023-01-04 10:41:12,703 - [34mangr.project[0m - [34mAddress is already hooked, during hook(0x5000cc, <SimProcedure IsValidCodePage>). Re-hooking.[0m[0m
[1;33;40mWARNING - 2023-01-04 10:41:12,712 - [34mangr.project[0m - [34mAddress is already hooked, during hook(0x50002c, <SimProcedure GetConsoleOutputCP>). Re-hooking.[0m[0m
[1;33;40mWARNING - 2023-01-04 10:41:12,714 - [34mangr.project[0m - [34mAddress is already hooked, during hook(0x50002c, <SimProcedure GetConsoleOutputCP>). Re-hooking.[0m[0m
[1;33;40mWARNING - 2023-01-04 10:41:12,768 - [34mangr.project[0m - [34mAddress is already hooked, during hook(0x5000c0, <SimProcedure FindClose>). Re-hooking.[0m[0m
[1;33;40mWARNING - 2023-01-04 10:41:12,769 - [34mangr.project[0m - [34mAddress is already hooked, during hook(0x5000c0, <SimProcedure FindClose>). Re-hooking.[0m[0m
[1;33;40mWARNING - 2023-01-04 10:41:12,830 - [34mangr.project[0m - [34mAddress is already hooked, during hook(0x5000cc, <SimProcedure IsValidCodePage>). Re-hooking.[0m[0m
[1;33;40mWARNING - 2023-01-04 10:41:12,831 - [34mangr.project[0m - [34mAddress is already hooked, during hook(0x5000cc, <SimProcedure IsValidCodePage>). Re-hooking.[0m[0m
[1;33;40mWARNING - 2023-01-04 10:41:12,869 - [34mangr.project[0m - [34mAddress is already hooked, during hook(0x500024, <SimProcedure LCMapStringW>). Re-hooking.[0m[0m
[1;33;40mWARNING - 2023-01-04 10:41:12,870 - [34mangr.project[0m - [34mAddress is already hooked, during hook(0x500024, <SimProcedure LCMapStringW>). Re-hooking.[0m[0m
[1;33;40mWARNING - 2023-01-04 10:41:12,936 - [34mangr.project[0m - [34mAddress is already hooked, during hook(0x5000f0, <SimProcedure FreeEnvironmentStringsW>). Re-hooking.[0m[0m
[1;33;40mWARNING - 2023-01-04 10:41:12,938 - [34mangr.project[0m - [34mAddress is already hooked, during hook(0x5000f0, <SimProcedure FreeEnvironmentStringsW>). Re-hooking.[0m[0m
[1;33;40mWARNING - 2023-01-04 10:41:12,941 - [34mangr.project[0m - [34mAddress is already hooked, during hook(0x5000f4, <SimProcedure SetStdHandle>). Re-hooking.[0m[0m
[1;33;40mWARNING - 2023-01-04 10:41:12,943 - [34mangr.project[0m - [34mAddress is already hooked, during hook(0x5000f4, <SimProcedure SetStdHandle>). Re-hooking.[0m[0m
[1;33;40mWARNING - 2023-01-04 10:41:13,108 - [34mangr.project[0m - [34mAddress is already hooked, during hook(0x500004, <SimProcedure CloseHandle>). Re-hooking.[0m[0m
[1;33;40mWARNING - 2023-01-04 10:41:13,109 - [34mangr.project[0m - [34mAddress is already hooked, during hook(0x500004, <SimProcedure CloseHandle>). Re-hooking.[0m[0m
[1;33;40mWARNING - 2023-01-04 10:41:13,153 - [34mangr.project[0m - [34mAddress is already hooked, during hook(0x500048, <SimProcedure InitializeSListHead>). Re-hooking.[0m[0m
[1;33;40mWARNING - 2023-01-04 10:41:13,155 - [34mangr.project[0m - [34mAddress is already hooked, during hook(0x500048, <SimProcedure InitializeSListHead>). Re-hooking.[0m[0m
[1;33;40mWARNING - 2023-01-04 10:41:13,160 - [34mangr.project[0m - [34mAddress is already hooked, during hook(0x5000d8, <SimProcedure GetCPInfo>). Re-hooking.[0m[0m
[1;33;40mWARNING - 2023-01-04 10:41:13,161 - [34mangr.project[0m - [34mAddress is already hooked, during hook(0x5000d8, <SimProcedure GetCPInfo>). Re-hooking.[0m[0m
[1;32;40mINFO - 2023-01-04 10:41:13,204 - [33mwerkzeug[0m - [33m172.17.0.1 - - [04/Jan/2023 10:41:13] "GET /iteration-scdg HTTP/1.1" 200 -[0m[0m
[1;32;40mINFO - 2023-01-04 10:41:13,215 - [33mwerkzeug[0m - [33m172.17.0.1 - - [04/Jan/2023 10:41:13] "GET /progress-scdg HTTP/1.1" 200 -[0m[0m
[1;33;40mWARNING - 2023-01-04 10:41:13,338 - [34mangr.project[0m - [34mAddress is already hooked, during hook(0x500034, <SimProcedure GetStringTypeW>). Re-hooking.[0m[0m
[1;33;40mWARNING - 2023-01-04 10:41:13,339 - [34mangr.project[0m - [34mAddress is already hooked, during hook(0x500034, <SimProcedure GetStringTypeW>). Re-hooking.[0m[0m
[1;33;40mWARNING - 2023-01-04 10:41:13,418 - [34mangr.project[0m - [34mAddress is already hooked, during hook(0x500078, <SimProcedure EnterCriticalSection>). Re-hooking.[0m[0m
[1;33;40mWARNING - 2023-01-04 10:41:13,419 - [34mangr.project[0m - [34mAddress is already hooked, during hook(0x500078, <SimProcedure EnterCriticalSection>). Re-hooking.[0m[0m
[1;33;40mWARNING - 2023-01-04 10:41:13,566 - [34mangr.project[0m - [34mAddress is already hooked, during hook(0x5000c4, <SimProcedure FindFirstFileExW>). Re-hooking.[0m[0m
[1;33;40mWARNING - 2023-01-04 10:41:13,568 - [34mangr.project[0m - [34mAddress is already hooked, during hook(0x5000c4, <SimProcedure FindFirstFileExW>). Re-hooking.[0m[0m
[1;33;40mWARNING - 2023-01-04 10:41:13,655 - [34mangr.project[0m - [34mAddress is already hooked, during hook(0x500010, <SimProcedure WriteConsoleW>). Re-hooking.[0m[0m
[1;33;40mWARNING - 2023-01-04 10:41:13,657 - [34mangr.project[0m - [34mAddress is already hooked, during hook(0x500010, <SimProcedure WriteConsoleW>). Re-hooking.[0m[0m
[1;33;40mWARNING - 2023-01-04 10:41:13,680 - [34mangr.project[0m - [34mAddress is already hooked, during hook(0x500058, <SimProcedure GetStartupInfoW>). Re-hooking.[0m[0m
[1;33;40mWARNING - 2023-01-04 10:41:13,681 - [34mangr.project[0m - [34mAddress is already hooked, during hook(0x500058, <SimProcedure GetStartupInfoW>). Re-hooking.[0m[0m
[1;33;40mWARNING - 2023-01-04 10:41:13,711 - [34mangr.project[0m - [34mAddress is already hooked, during hook(0x5000f8, <SimProcedure GetFileType>). Re-hooking.[0m[0m
[1;33;40mWARNING - 2023-01-04 10:41:13,713 - [34mangr.project[0m - [34mAddress is already hooked, during hook(0x5000f8, <SimProcedure GetFileType>). Re-hooking.[0m[0m
[1;33;40mWARNING - 2023-01-04 10:41:13,824 - [34mangr.project[0m - [34mAddress is already hooked, during hook(0x500008, <SimProcedure SetFilePointerEx>). Re-hooking.[0m[0m
[1;33;40mWARNING - 2023-01-04 10:41:13,827 - [34mangr.project[0m - [34mAddress is already hooked, during hook(0x500008, <SimProcedure SetFilePointerEx>). Re-hooking.[0m[0m
[1;33;40mWARNING - 2023-01-04 10:41:13,940 - [34mangr.project[0m - [34mAddress is already hooked, during hook(0x500008, <SimProcedure SetFilePointerEx>). Re-hooking.[0m[0m
[1;33;40mWARNING - 2023-01-04 10:41:13,941 - [34mangr.project[0m - [34mAddress is already hooked, during hook(0x500008, <SimProcedure SetFilePointerEx>). Re-hooking.[0m[0m
[1;32;40mINFO - 2023-01-04 10:41:14,104 - [36mCustomSimProcedure[0m - [36mSyscall found:  IsProcessorFeaturePresent[<BV32 0xa>][0m[0m
[1;32;40mINFO - 2023-01-04 10:41:14,308 - [37mCustomSimProcedureWindows[0m - [37mLoadLibraryExW: Symbol not found[0m[0m
[1;32;40mINFO - 2023-01-04 10:41:14,322 - [36mCustomSimProcedure[0m - {'CreateFileW': 5242880, 'CloseHandle': 5242884, 'SetFilePointerEx': 5242888, 'GetConsoleMode': 5242892, 'WriteConsoleW': 5242896, 'FlushFileBuffers': 5242900, 'HeapReAlloc': 5242904, 'HeapSize': 5242908, 'GetProcessHeap': 5242912, 'LCMapStringW': 5242916, 'DecodePointer': 5242920, 'GetConsoleOutputCP': 5242924, 'VirtualProtect': 5242928, 'GetStringTypeW': 5242932, 'QueryPerformanceCounter': 5242936, 'GetCurrentProcessId': 5242940, 'GetCurrentThreadId': 5242944, 'GetSystemTimeAsFileTime': 5242948, 'InitializeSListHead': 5242952, 'IsDebuggerPresent': 5242956, 'UnhandledExceptionFilter': 5242960, 'SetUnhandledExceptionFilter': 5242964, 'GetStartupInfoW': 5242968, 'IsProcessorFeaturePresent': 5242972, 'GetModuleHandleW': 5242976, 'GetCurrentProcess': 5242980, 'TerminateProcess': 5242984, 'RtlUnwind': 5242988, 'GetLastError': 5242992, 'SetLastError': 5242996, 'EnterCriticalSection': 5243000, 'LeaveCriticalSection': 5243004, 'DeleteCriticalSection': 5243008, 'InitializeCriticalSectionAndSpinCount': 5243012, 'TlsAlloc': 5243016, 'TlsGetValue': 5243020, 'TlsSetValue': 5243024, 'TlsFree': 5243028, 'FreeLibrary': 5243032, 'GetProcAddress': 5243036, 'LoadLibraryExW': 5243040, 'GetStdHandle': 5243044, 'WriteFile': 5243048, 'GetModuleFileNameW': 5243052, 'ExitProcess': 5243056, 'GetModuleHandleExW': 5243060, 'HeapFree': 5243064, 'HeapAlloc': 5243068, 'FindClose': 5243072, 'FindFirstFileExW': 5243076, 'FindNextFileW': 5243080, 'IsValidCodePage': 5243084, 'GetACP': 5243088, 'GetOEMCP': 5243092, 'GetCPInfo': 5243096, 'GetCommandLineA': 5243100, 'GetCommandLineW': 5243104, 'MultiByteToWideChar': 5243108, 'WideCharToMultiByte': 5243112, 'GetEnvironmentStringsW': 5243116, 'FreeEnvironmentStringsW': 5243120, 'SetStdHandle': 5243124, 'GetFileType': 5243128, 'RaiseException': 5243132, 'GetStandardColorSpaceProfileA': 5243136, 'EnumColorProfilesA': 5243140, 'CreateMultiProfileTransform': 5243144, 'OpenColorProfileA': 5243148, 'OpenColorProfileW': 5243152, 'CertFindAttribute': 5243156, 'CertVerifySubjectCertificateContext': 5243160, 'CertSetEnhancedKeyUsage': 5243164, "ordinal.233.b'odbc32.dll'": 5243168, 'CursorLibLockStmt': 5243172, "ordinal.170.b'odbc32.dll'": 5243176, "ordinal.45.b'odbc32.dll'": 5243180, "ordinal.12.b'odbc32.dll'": 5243184, 'ResUtilFreeParameterBlock': 5243188, 'ResUtilResourceTypesEqual': 5243192, 'ResUtilEnumProperties': 5243196, 'ResUtilGetMultiSzProperty': 5243200, 'ResUtilSetPropertyTable': 5243204, 'ResUtilDupParameterBlock': 5243208, 'AVIFileEndRecord': 5243212, 'AVIStreamGetFrameClose': 5243216, 'ICImageCompress': 5243220, 'ICGetDisplayFormat': 5243224, 'ICDecompress': 5243228, 'videoThunk32': 5243232, 'MessageBoxW': 5243236, 'KiUserExceptionDispatcher': 6295572, '_fmode': 6295576, '_commode': 6295580, '_acmdln': 6295584, '_wcmdln': 6295588, 'api-ms-win-core-synch-l1-2-0': 6295592}[0m
[1;33;40mWARNING - 2023-01-04 10:41:14,338 - [34mangr.project[0m - [34mAddress is already hooked, during hook(0x50011c, <SimProcedure CertSetEnhancedKeyUsage>). Not re-hooking.[0m[0m
[1;33;40mWARNING - 2023-01-04 10:41:14,339 - [34mangr.project[0m - [34mAddress is already hooked, during hook(0x500114, <SimProcedure CertFindAttribute>). Not re-hooking.[0m[0m
[1;33;40mWARNING - 2023-01-04 10:41:14,339 - [34mangr.project[0m - [34mAddress is already hooked, during hook(0x500118, <SimProcedure CertVerifySubjectCertificateContext>). Not re-hooking.[0m[0m
[1;32;40mINFO - 2023-01-04 10:41:14,349 - [36mCustomSimProcedure[0m - [36mWas in angr :kernel32.dll[0m[0m
[1;32;40mINFO - 2023-01-04 10:41:14,432 - [36mCustomSimProcedure[0m - [36mWas in angr :user32.dll[0m[0m
[1;33;40mWARNING - 2023-01-04 10:41:14,434 - [36mCustomSimProcedure[0m - [36mProcedure wsprintfA in DLL user32.dll has 3 arguments in json and 2 arguments in angr prototype. Taking number of arguments from json.[0m[0m
[1;33;40mWARNING - 2023-01-04 10:41:14,434 - [36mCustomSimProcedure[0m - [36mProcedure wsprintfW in DLL user32.dll has 3 arguments in json and 2 arguments in angr prototype. Taking number of arguments from json.[0m[0m
[1;33;40mWARNING - 2023-01-04 10:41:14,484 - [34mangr.project[0m - [34mAddress is already hooked, during hook(0x601014, <SimProcedure KiUserExceptionDispatcher>). Not re-hooking.[0m[0m
[1;32;40mINFO - 2023-01-04 10:41:14,485 - [36mCustomSimProcedure[0m - [36mNo hooks for: {'GetStandardColorSpaceProfileA': 5243136, 'EnumColorProfilesA': 5243140, 'CreateMultiProfileTransform': 5243144, 'OpenColorProfileA': 5243148, 'OpenColorProfileW': 5243152, "ordinal.233.b'odbc32.dll'": 5243168, 'CursorLibLockStmt': 5243172, "ordinal.170.b'odbc32.dll'": 5243176, "ordinal.45.b'odbc32.dll'": 5243180, "ordinal.12.b'odbc32.dll'": 5243184, 'ResUtilFreeParameterBlock': 5243188, 'ResUtilResourceTypesEqual': 5243192, 'ResUtilEnumProperties': 5243196, 'ResUtilGetMultiSzProperty': 5243200, 'ResUtilSetPropertyTable': 5243204, 'ResUtilDupParameterBlock': 5243208, 'AVIFileEndRecord': 5243212, 'AVIStreamGetFrameClose': 5243216, 'ICImageCompress': 5243220, 'ICGetDisplayFormat': 5243224, 'ICDecompress': 5243228, 'videoThunk32': 5243232, '_fmode': 6295576, '_commode': 6295580, '_acmdln': 6295584, '_wcmdln': 6295588, 'api-ms-win-core-synch-l1-2-0': 6295592}[0m[0m
[1;32;40mINFO - 2023-01-04 10:41:14,487 - [36mCustomSimProcedure[0m - [36mSyscall found:  LoadLibraryExW[<BV32 0x42d248>, <BV32 0x0>, <BV32 0x800>][0m[0m
[1;32;40mINFO - 2023-01-04 10:41:14,547 - [37mCustomSimProcedureWindows[0m - [37mGetProcAddress: InitializeCriticalSectionEx[0m[0m
[1;32;40mINFO - 2023-01-04 10:41:14,548 - [37mCustomSimProcedureWindows[0m - [37mGetProcAddress - Query to lib : api-ms-win-core-synch-l1-2-0.dll[0m[0m
[1;32;40mINFO - 2023-01-04 10:41:14,548 - [37mCustomSimProcedureWindows[0m - [37mGetProcAddress: Symbol not found[0m[0m
[1;32;40mINFO - 2023-01-04 10:41:14,548 - [36mCustomSimProcedure[0m - [36mSyscall found:  GetProcAddress[<BV32 0x601028>, <BV32 0x42d2d8>][0m[0m
[1;32;40mINFO - 2023-01-04 10:41:14,620 - [36mCustomSimProcedure[0m - [36mSyscall found:  InitializeCriticalSectionEx[<BV32 0x434034>, <BV32 0xfa0>, <BV32 0x0>][0m[0m
[1;32;40mINFO - 2023-01-04 10:41:15,948 - [33mwerkzeug[0m - [33m172.17.0.1 - - [04/Jan/2023 10:41:15] "GET /iteration-scdg HTTP/1.1" 200 -[0m[0m
[1;32;40mINFO - 2023-01-04 10:41:15,964 - [33mwerkzeug[0m - [33m172.17.0.1 - - [04/Jan/2023 10:41:15] "GET /progress-scdg HTTP/1.1" 200 -[0m[0m
[1;32;40mINFO - 2023-01-04 10:41:17,225 - [33mwerkzeug[0m - [33m172.17.0.1 - - [04/Jan/2023 10:41:17] "GET /iteration-scdg HTTP/1.1" 200 -[0m[0m
[1;32;40mINFO - 2023-01-04 10:41:17,242 - [33mwerkzeug[0m - [33m172.17.0.1 - - [04/Jan/2023 10:41:17] "GET /progress-scdg HTTP/1.1" 200 -[0m[0m
[1;32;40mINFO - 2023-01-04 10:41:18,199 - [33mwerkzeug[0m - [33m172.17.0.1 - - [04/Jan/2023 10:41:18] "GET /iteration-scdg HTTP/1.1" 200 -[0m[0m
[1;32;40mINFO - 2023-01-04 10:41:18,216 - [33mwerkzeug[0m - [33m172.17.0.1 - - [04/Jan/2023 10:41:18] "GET /progress-scdg HTTP/1.1" 200 -[0m[0m
[1;32;40mINFO - 2023-01-04 10:41:20,949 - [33mwerkzeug[0m - [33m172.17.0.1 - - [04/Jan/2023 10:41:20] "GET /iteration-scdg HTTP/1.1" 200 -[0m[0m
[1;32;40mINFO - 2023-01-04 10:41:20,961 - [33mwerkzeug[0m - [33m172.17.0.1 - - [04/Jan/2023 10:41:20] "GET /progress-scdg HTTP/1.1" 200 -[0m[0m
[1;32;40mINFO - 2023-01-04 10:41:22,228 - [33mwerkzeug[0m - [33m172.17.0.1 - - [04/Jan/2023 10:41:22] "GET /iteration-scdg HTTP/1.1" 200 -[0m[0m
[1;32;40mINFO - 2023-01-04 10:41:22,234 - [33mwerkzeug[0m - [33m172.17.0.1 - - [04/Jan/2023 10:41:22] "GET /progress-scdg HTTP/1.1" 200 -[0m[0m
[1;32;40mINFO - 2023-01-04 10:41:23,212 - [33mwerkzeug[0m - [33m172.17.0.1 - - [04/Jan/2023 10:41:23] "GET /iteration-scdg HTTP/1.1" 200 -[0m[0m
[1;32;40mINFO - 2023-01-04 10:41:23,228 - [33mwerkzeug[0m - [33m172.17.0.1 - - [04/Jan/2023 10:41:23] "GET /progress-scdg HTTP/1.1" 200 -[0m[0m
[1;32;40mINFO - 2023-01-04 10:41:25,951 - [33mwerkzeug[0m - [33m172.17.0.1 - - [04/Jan/2023 10:41:25] "GET /iteration-scdg HTTP/1.1" 200 -[0m[0m
[1;32;40mINFO - 2023-01-04 10:41:25,958 - [33mwerkzeug[0m - [33m172.17.0.1 - - [04/Jan/2023 10:41:25] "GET /progress-scdg HTTP/1.1" 200 -[0m[0m
[1;32;40mINFO - 2023-01-04 10:41:27,744 - [33mwerkzeug[0m - [33m172.17.0.1 - - [04/Jan/2023 10:41:27] "GET /iteration-scdg HTTP/1.1" 200 -[0m[0m
[1;32;40mINFO - 2023-01-04 10:41:27,761 - [33mwerkzeug[0m - [33m172.17.0.1 - - [04/Jan/2023 10:41:27] "GET /progress-scdg HTTP/1.1" 200 -[0m[0m
[1;32;40mINFO - 2023-01-04 10:41:28,199 - [33mwerkzeug[0m - [33m172.17.0.1 - - [04/Jan/2023 10:41:28] "GET /iteration-scdg HTTP/1.1" 200 -[0m[0m
[1;32;40mINFO - 2023-01-04 10:41:28,226 - [33mwerkzeug[0m - [33m172.17.0.1 - - [04/Jan/2023 10:41:28] "GET /progress-scdg HTTP/1.1" 200 -[0m[0m
[1;32;40mINFO - 2023-01-04 10:41:30,973 - [33mwerkzeug[0m - [33m172.17.0.1 - - [04/Jan/2023 10:41:30] "GET /iteration-scdg HTTP/1.1" 200 -[0m[0m
[1;32;40mINFO - 2023-01-04 10:41:30,982 - [33mwerkzeug[0m - [33m172.17.0.1 - - [04/Jan/2023 10:41:30] "GET /progress-scdg HTTP/1.1" 200 -[0m[0m
[1;32;40mINFO - 2023-01-04 10:41:32,234 - [33mwerkzeug[0m - [33m172.17.0.1 - - [04/Jan/2023 10:41:32] "GET /iteration-scdg HTTP/1.1" 200 -[0m[0m
[1;32;40mINFO - 2023-01-04 10:41:32,253 - [33mwerkzeug[0m - [33m172.17.0.1 - - [04/Jan/2023 10:41:32] "GET /progress-scdg HTTP/1.1" 200 -[0m[0m
[1;32;40mINFO - 2023-01-04 10:41:33,195 - [33mwerkzeug[0m - [33m172.17.0.1 - - [04/Jan/2023 10:41:33] "GET /iteration-scdg HTTP/1.1" 200 -[0m[0m
[1;32;40mINFO - 2023-01-04 10:41:33,203 - [33mwerkzeug[0m - [33m172.17.0.1 - - [04/Jan/2023 10:41:33] "GET /progress-scdg HTTP/1.1" 200 -[0m[0m
[1;32;40mINFO - 2023-01-04 10:41:35,953 - [33mwerkzeug[0m - [33m172.17.0.1 - - [04/Jan/2023 10:41:35] "GET /iteration-scdg HTTP/1.1" 200 -[0m[0m
[1;32;40mINFO - 2023-01-04 10:41:35,959 - [33mwerkzeug[0m - [33m172.17.0.1 - - [04/Jan/2023 10:41:35] "GET /progress-scdg HTTP/1.1" 200 -[0m[0m
[1;32;40mINFO - 2023-01-04 10:41:37,216 - [33mwerkzeug[0m - [33m172.17.0.1 - - [04/Jan/2023 10:41:37] "GET /iteration-scdg HTTP/1.1" 200 -[0m[0m
[1;32;40mINFO - 2023-01-04 10:41:37,222 - [33mwerkzeug[0m - [33m172.17.0.1 - - [04/Jan/2023 10:41:37] "GET /progress-scdg HTTP/1.1" 200 -[0m[0m
[1;32;40mINFO - 2023-01-04 10:41:38,195 - [33mwerkzeug[0m - [33m172.17.0.1 - - [04/Jan/2023 10:41:38] "GET /iteration-scdg HTTP/1.1" 200 -[0m[0m
[1;32;40mINFO - 2023-01-04 10:41:38,216 - [33mwerkzeug[0m - [33m172.17.0.1 - - [04/Jan/2023 10:41:38] "GET /progress-scdg HTTP/1.1" 200 -[0m[0m
[1;32;40mINFO - 2023-01-04 10:41:40,984 - [33mwerkzeug[0m - [33m172.17.0.1 - - [04/Jan/2023 10:41:40] "GET /iteration-scdg HTTP/1.1" 200 -[0m[0m
[1;32;40mINFO - 2023-01-04 10:41:41,000 - [33mwerkzeug[0m - [33m172.17.0.1 - - [04/Jan/2023 10:41:41] "GET /progress-scdg HTTP/1.1" 200 -[0m[0m
[1;32;40mINFO - 2023-01-04 10:41:42,233 - [33mwerkzeug[0m - [33m172.17.0.1 - - [04/Jan/2023 10:41:42] "GET /iteration-scdg HTTP/1.1" 200 -[0m[0m
[1;32;40mINFO - 2023-01-04 10:41:42,241 - [33mwerkzeug[0m - [33m172.17.0.1 - - [04/Jan/2023 10:41:42] "GET /progress-scdg HTTP/1.1" 200 -[0m[0m
[1;32;40mINFO - 2023-01-04 10:41:43,200 - [33mwerkzeug[0m - [33m172.17.0.1 - - [04/Jan/2023 10:41:43] "GET /iteration-scdg HTTP/1.1" 200 -[0m[0m
[1;32;40mINFO - 2023-01-04 10:41:43,216 - [33mwerkzeug[0m - [33m172.17.0.1 - - [04/Jan/2023 10:41:43] "GET /progress-scdg HTTP/1.1" 200 -[0m[0m
[1;32;40mINFO - 2023-01-04 10:41:45,964 - [33mwerkzeug[0m - [33m172.17.0.1 - - [04/Jan/2023 10:41:45] "GET /iteration-scdg HTTP/1.1" 200 -[0m[0m
[1;32;40mINFO - 2023-01-04 10:41:45,980 - [33mwerkzeug[0m - [33m172.17.0.1 - - [04/Jan/2023 10:41:45] "GET /progress-scdg HTTP/1.1" 200 -[0m[0m
[1;32;40mINFO - 2023-01-04 10:41:47,231 - [33mwerkzeug[0m - [33m172.17.0.1 - - [04/Jan/2023 10:41:47] "GET /iteration-scdg HTTP/1.1" 200 -[0m[0m
[1;32;40mINFO - 2023-01-04 10:41:47,252 - [33mwerkzeug[0m - [33m172.17.0.1 - - [04/Jan/2023 10:41:47] "GET /progress-scdg HTTP/1.1" 200 -[0m[0m
[1;32;40mINFO - 2023-01-04 10:41:48,183 - [33mwerkzeug[0m - [33m172.17.0.1 - - [04/Jan/2023 10:41:48] "GET /iteration-scdg HTTP/1.1" 200 -[0m[0m
[1;32;40mINFO - 2023-01-04 10:41:48,184 - [33mwerkzeug[0m - [33m172.17.0.1 - - [04/Jan/2023 10:41:48] "GET /progress-scdg HTTP/1.1" 200 -[0m[0m
[1;32;40mINFO - 2023-01-04 10:41:50,966 - [33mwerkzeug[0m - [33m172.17.0.1 - - [04/Jan/2023 10:41:50] "GET /iteration-scdg HTTP/1.1" 200 -[0m[0m
[1;32;40mINFO - 2023-01-04 10:41:50,973 - [33mwerkzeug[0m - [33m172.17.0.1 - - [04/Jan/2023 10:41:50] "GET /progress-scdg HTTP/1.1" 200 -[0m[0m
[1;32;40mINFO - 2023-01-04 10:41:52,227 - [33mwerkzeug[0m - [33m172.17.0.1 - - [04/Jan/2023 10:41:52] "GET /iteration-scdg HTTP/1.1" 200 -[0m[0m
[1;32;40mINFO - 2023-01-04 10:41:52,249 - [33mwerkzeug[0m - [33m172.17.0.1 - - [04/Jan/2023 10:41:52] "GET /progress-scdg HTTP/1.1" 200 -[0m[0m
[1;32;40mINFO - 2023-01-04 10:41:53,213 - [33mwerkzeug[0m - [33m172.17.0.1 - - [04/Jan/2023 10:41:53] "GET /iteration-scdg HTTP/1.1" 200 -[0m[0m
[1;32;40mINFO - 2023-01-04 10:41:53,219 - [33mwerkzeug[0m - [33m172.17.0.1 - - [04/Jan/2023 10:41:53] "GET /progress-scdg HTTP/1.1" 200 -[0m[0m
[1;32;40mINFO - 2023-01-04 10:41:55,949 - [33mwerkzeug[0m - [33m172.17.0.1 - - [04/Jan/2023 10:41:55] "GET /iteration-scdg HTTP/1.1" 200 -[0m[0m
[1;32;40mINFO - 2023-01-04 10:41:55,960 - [33mwerkzeug[0m - [33m172.17.0.1 - - [04/Jan/2023 10:41:55] "GET /progress-scdg HTTP/1.1" 200 -[0m[0m
[1;32;40mINFO - 2023-01-04 10:41:57,235 - [33mwerkzeug[0m - [33m172.17.0.1 - - [04/Jan/2023 10:41:57] "GET /iteration-scdg HTTP/1.1" 200 -[0m[0m
[1;32;40mINFO - 2023-01-04 10:41:57,257 - [33mwerkzeug[0m - [33m172.17.0.1 - - [04/Jan/2023 10:41:57] "GET /progress-scdg HTTP/1.1" 200 -[0m[0m
[1;32;40mINFO - 2023-01-04 10:41:58,201 - [33mwerkzeug[0m - [33m172.17.0.1 - - [04/Jan/2023 10:41:58] "GET /iteration-scdg HTTP/1.1" 200 -[0m[0m
[1;32;40mINFO - 2023-01-04 10:41:58,207 - [33mwerkzeug[0m - [33m172.17.0.1 - - [04/Jan/2023 10:41:58] "GET /progress-scdg HTTP/1.1" 200 -[0m[0m
[1;32;40mINFO - 2023-01-04 10:42:00,960 - [33mwerkzeug[0m - [33m172.17.0.1 - - [04/Jan/2023 10:42:00] "GET /progress-scdg HTTP/1.1" 200 -[0m[0m
[1;32;40mINFO - 2023-01-04 10:42:00,966 - [33mwerkzeug[0m - [33m172.17.0.1 - - [04/Jan/2023 10:42:00] "GET /iteration-scdg HTTP/1.1" 200 -[0m[0m
[1;32;40mINFO - 2023-01-04 10:42:02,234 - [33mwerkzeug[0m - [33m172.17.0.1 - - [04/Jan/2023 10:42:02] "GET /iteration-scdg HTTP/1.1" 200 -[0m[0m
[1;32;40mINFO - 2023-01-04 10:42:02,251 - [33mwerkzeug[0m - [33m172.17.0.1 - - [04/Jan/2023 10:42:02] "GET /progress-scdg HTTP/1.1" 200 -[0m[0m
[1;32;40mINFO - 2023-01-04 10:42:03,203 - [33mwerkzeug[0m - [33m172.17.0.1 - - [04/Jan/2023 10:42:03] "GET /iteration-scdg HTTP/1.1" 200 -[0m[0m
[1;32;40mINFO - 2023-01-04 10:42:03,230 - [33mwerkzeug[0m - [33m172.17.0.1 - - [04/Jan/2023 10:42:03] "GET /progress-scdg HTTP/1.1" 200 -[0m[0m
[1;32;40mINFO - 2023-01-04 10:42:05,951 - [33mwerkzeug[0m - [33m172.17.0.1 - - [04/Jan/2023 10:42:05] "GET /iteration-scdg HTTP/1.1" 200 -[0m[0m
[1;32;40mINFO - 2023-01-04 10:42:05,963 - [33mwerkzeug[0m - [33m172.17.0.1 - - [04/Jan/2023 10:42:05] "GET /progress-scdg HTTP/1.1" 200 -[0m[0m
[1;32;40mINFO - 2023-01-04 10:42:07,254 - [33mwerkzeug[0m - [33m172.17.0.1 - - [04/Jan/2023 10:42:07] "GET /iteration-scdg HTTP/1.1" 200 -[0m[0m
[1;32;40mINFO - 2023-01-04 10:42:07,288 - [33mwerkzeug[0m - [33m172.17.0.1 - - [04/Jan/2023 10:42:07] "GET /progress-scdg HTTP/1.1" 200 -[0m[0m
[1;32;40mINFO - 2023-01-04 10:42:08,201 - [33mwerkzeug[0m - [33m172.17.0.1 - - [04/Jan/2023 10:42:08] "GET /iteration-scdg HTTP/1.1" 200 -[0m[0m
[1;32;40mINFO - 2023-01-04 10:42:08,207 - [33mwerkzeug[0m - [33m172.17.0.1 - - [04/Jan/2023 10:42:08] "GET /progress-scdg HTTP/1.1" 200 -[0m[0m
[1;32;40mINFO - 2023-01-04 10:42:10,974 - [33mwerkzeug[0m - [33m172.17.0.1 - - [04/Jan/2023 10:42:10] "GET /iteration-scdg HTTP/1.1" 200 -[0m[0m
[1;32;40mINFO - 2023-01-04 10:42:10,975 - [33mwerkzeug[0m - [33m172.17.0.1 - - [04/Jan/2023 10:42:10] "GET /progress-scdg HTTP/1.1" 200 -[0m[0m
[1;32;40mINFO - 2023-01-04 10:42:12,239 - [33mwerkzeug[0m - [33m172.17.0.1 - - [04/Jan/2023 10:42:12] "GET /iteration-scdg HTTP/1.1" 200 -[0m[0m
[1;32;40mINFO - 2023-01-04 10:42:12,261 - [33mwerkzeug[0m - [33m172.17.0.1 - - [04/Jan/2023 10:42:12] "GET /progress-scdg HTTP/1.1" 200 -[0m[0m
[1;32;40mINFO - 2023-01-04 10:42:13,195 - [33mwerkzeug[0m - [33m172.17.0.1 - - [04/Jan/2023 10:42:13] "GET /iteration-scdg HTTP/1.1" 200 -[0m[0m
[1;32;40mINFO - 2023-01-04 10:42:13,206 - [33mwerkzeug[0m - [33m172.17.0.1 - - [04/Jan/2023 10:42:13] "GET /progress-scdg HTTP/1.1" 200 -[0m[0m
[1;32;40mINFO - 2023-01-04 10:42:15,969 - [33mwerkzeug[0m - [33m172.17.0.1 - - [04/Jan/2023 10:42:15] "GET /iteration-scdg HTTP/1.1" 200 -[0m[0m
[1;32;40mINFO - 2023-01-04 10:42:15,985 - [33mwerkzeug[0m - [33m172.17.0.1 - - [04/Jan/2023 10:42:15] "GET /progress-scdg HTTP/1.1" 200 -[0m[0m
[1;32;40mINFO - 2023-01-04 10:42:17,247 - [33mwerkzeug[0m - [33m172.17.0.1 - - [04/Jan/2023 10:42:17] "GET /iteration-scdg HTTP/1.1" 200 -[0m[0m
[1;32;40mINFO - 2023-01-04 10:42:17,268 - [33mwerkzeug[0m - [33m172.17.0.1 - - [04/Jan/2023 10:42:17] "GET /progress-scdg HTTP/1.1" 200 -[0m[0m
[1;32;40mINFO - 2023-01-04 10:42:18,195 - [33mwerkzeug[0m - [33m172.17.0.1 - - [04/Jan/2023 10:42:18] "GET /iteration-scdg HTTP/1.1" 200 -[0m[0m
[1;32;40mINFO - 2023-01-04 10:42:18,206 - [33mwerkzeug[0m - [33m172.17.0.1 - - [04/Jan/2023 10:42:18] "GET /progress-scdg HTTP/1.1" 200 -[0m[0m
[1;32;40mINFO - 2023-01-04 10:42:20,979 - [33mwerkzeug[0m - [33m172.17.0.1 - - [04/Jan/2023 10:42:20] "GET /iteration-scdg HTTP/1.1" 200 -[0m[0m
[1;32;40mINFO - 2023-01-04 10:42:20,990 - [33mwerkzeug[0m - [33m172.17.0.1 - - [04/Jan/2023 10:42:20] "GET /progress-scdg HTTP/1.1" 200 -[0m[0m
[1;32;40mINFO - 2023-01-04 10:42:22,246 - [33mwerkzeug[0m - [33m172.17.0.1 - - [04/Jan/2023 10:42:22] "GET /iteration-scdg HTTP/1.1" 200 -[0m[0m
[1;32;40mINFO - 2023-01-04 10:42:22,267 - [33mwerkzeug[0m - [33m172.17.0.1 - - [04/Jan/2023 10:42:22] "GET /progress-scdg HTTP/1.1" 200 -[0m[0m
[1;32;40mINFO - 2023-01-04 10:42:23,202 - [33mwerkzeug[0m - [33m172.17.0.1 - - [04/Jan/2023 10:42:23] "GET /iteration-scdg HTTP/1.1" 200 -[0m[0m
[1;32;40mINFO - 2023-01-04 10:42:23,203 - [33mwerkzeug[0m - [33m172.17.0.1 - - [04/Jan/2023 10:42:23] "GET /progress-scdg HTTP/1.1" 200 -[0m[0m
[1;32;40mINFO - 2023-01-04 10:42:25,967 - [33mwerkzeug[0m - [33m172.17.0.1 - - [04/Jan/2023 10:42:25] "GET /iteration-scdg HTTP/1.1" 200 -[0m[0m
[1;32;40mINFO - 2023-01-04 10:42:25,979 - [33mwerkzeug[0m - [33m172.17.0.1 - - [04/Jan/2023 10:42:25] "GET /progress-scdg HTTP/1.1" 200 -[0m[0m
[1;32;40mINFO - 2023-01-04 10:42:27,939 - [33mwerkzeug[0m - [33m172.17.0.1 - - [04/Jan/2023 10:42:27] "GET /iteration-scdg HTTP/1.1" 200 -[0m[0m
[1;32;40mINFO - 2023-01-04 10:42:27,944 - [33mwerkzeug[0m - [33m172.17.0.1 - - [04/Jan/2023 10:42:27] "GET /progress-scdg HTTP/1.1" 200 -[0m[0m
[1;32;40mINFO - 2023-01-04 10:42:28,202 - [33mwerkzeug[0m - [33m172.17.0.1 - - [04/Jan/2023 10:42:28] "GET /iteration-scdg HTTP/1.1" 200 -[0m[0m
[1;32;40mINFO - 2023-01-04 10:42:28,213 - [33mwerkzeug[0m - [33m172.17.0.1 - - [04/Jan/2023 10:42:28] "GET /progress-scdg HTTP/1.1" 200 -[0m[0m
[1;32;40mINFO - 2023-01-04 10:42:30,980 - [33mwerkzeug[0m - [33m172.17.0.1 - - [04/Jan/2023 10:42:30] "GET /iteration-scdg HTTP/1.1" 200 -[0m[0m
[1;32;40mINFO - 2023-01-04 10:42:31,011 - [33mwerkzeug[0m - [33m172.17.0.1 - - [04/Jan/2023 10:42:31] "GET /progress-scdg HTTP/1.1" 200 -[0m[0m
[1;32;40mINFO - 2023-01-04 10:42:32,945 - [33mwerkzeug[0m - [33m172.17.0.1 - - [04/Jan/2023 10:42:32] "GET /iteration-scdg HTTP/1.1" 200 -[0m[0m
[1;32;40mINFO - 2023-01-04 10:42:32,972 - [33mwerkzeug[0m - [33m172.17.0.1 - - [04/Jan/2023 10:42:32] "GET /progress-scdg HTTP/1.1" 200 -[0m[0m
[1;32;40mINFO - 2023-01-04 10:42:33,197 - [33mwerkzeug[0m - [33m172.17.0.1 - - [04/Jan/2023 10:42:33] "GET /iteration-scdg HTTP/1.1" 200 -[0m[0m
[1;32;40mINFO - 2023-01-04 10:42:33,204 - [33mwerkzeug[0m - [33m172.17.0.1 - - [04/Jan/2023 10:42:33] "GET /progress-scdg HTTP/1.1" 200 -[0m[0m
[1;32;40mINFO - 2023-01-04 10:42:36,004 - [33mwerkzeug[0m - [33m172.17.0.1 - - [04/Jan/2023 10:42:36] "GET /iteration-scdg HTTP/1.1" 200 -[0m[0m
[1;32;40mINFO - 2023-01-04 10:42:36,030 - [33mwerkzeug[0m - [33m172.17.0.1 - - [04/Jan/2023 10:42:36] "GET /progress-scdg HTTP/1.1" 200 -[0m[0m
[1;32;40mINFO - 2023-01-04 10:42:37,946 - [33mwerkzeug[0m - [33m172.17.0.1 - - [04/Jan/2023 10:42:37] "GET /iteration-scdg HTTP/1.1" 200 -[0m[0m
[1;32;40mINFO - 2023-01-04 10:42:37,958 - [33mwerkzeug[0m - [33m172.17.0.1 - - [04/Jan/2023 10:42:37] "GET /progress-scdg HTTP/1.1" 200 -[0m[0m
[1;32;40mINFO - 2023-01-04 10:42:38,202 - [33mwerkzeug[0m - [33m172.17.0.1 - - [04/Jan/2023 10:42:38] "GET /iteration-scdg HTTP/1.1" 200 -[0m[0m
[1;32;40mINFO - 2023-01-04 10:42:38,234 - [33mwerkzeug[0m - [33m172.17.0.1 - - [04/Jan/2023 10:42:38] "GET /progress-scdg HTTP/1.1" 200 -[0m[0m
[1;32;40mINFO - 2023-01-04 10:42:40,989 - [33mwerkzeug[0m - [33m172.17.0.1 - - [04/Jan/2023 10:42:40] "GET /iteration-scdg HTTP/1.1" 200 -[0m[0m
[1;32;40mINFO - 2023-01-04 10:42:41,001 - [33mwerkzeug[0m - [33m172.17.0.1 - - [04/Jan/2023 10:42:41] "GET /progress-scdg HTTP/1.1" 200 -[0m[0m
[1;32;40mINFO - 2023-01-04 10:42:42,943 - [33mwerkzeug[0m - [33m172.17.0.1 - - [04/Jan/2023 10:42:42] "GET /iteration-scdg HTTP/1.1" 200 -[0m[0m
[1;32;40mINFO - 2023-01-04 10:42:42,949 - [33mwerkzeug[0m - [33m172.17.0.1 - - [04/Jan/2023 10:42:42] "GET /progress-scdg HTTP/1.1" 200 -[0m[0m
[1;32;40mINFO - 2023-01-04 10:42:43,214 - [33mwerkzeug[0m - [33m172.17.0.1 - - [04/Jan/2023 10:42:43] "GET /iteration-scdg HTTP/1.1" 200 -[0m[0m
[1;32;40mINFO - 2023-01-04 10:42:43,232 - [33mwerkzeug[0m - [33m172.17.0.1 - - [04/Jan/2023 10:42:43] "GET /progress-scdg HTTP/1.1" 200 -[0m[0m
[1;32;40mINFO - 2023-01-04 10:42:46,007 - [33mwerkzeug[0m - [33m172.17.0.1 - - [04/Jan/2023 10:42:46] "GET /progress-scdg HTTP/1.1" 200 -[0m[0m
[1;32;40mINFO - 2023-01-04 10:42:46,013 - [33mwerkzeug[0m - [33m172.17.0.1 - - [04/Jan/2023 10:42:46] "GET /iteration-scdg HTTP/1.1" 200 -[0m[0m
[1;32;40mINFO - 2023-01-04 10:42:47,950 - [33mwerkzeug[0m - [33m172.17.0.1 - - [04/Jan/2023 10:42:47] "GET /iteration-scdg HTTP/1.1" 200 -[0m[0m
[1;32;40mINFO - 2023-01-04 10:42:47,961 - [33mwerkzeug[0m - [33m172.17.0.1 - - [04/Jan/2023 10:42:47] "GET /progress-scdg HTTP/1.1" 200 -[0m[0m
[1;32;40mINFO - 2023-01-04 10:42:48,198 - [33mwerkzeug[0m - [33m172.17.0.1 - - [04/Jan/2023 10:42:48] "GET /iteration-scdg HTTP/1.1" 200 -[0m[0m
[1;32;40mINFO - 2023-01-04 10:42:48,224 - [33mwerkzeug[0m - [33m172.17.0.1 - - [04/Jan/2023 10:42:48] "GET /progress-scdg HTTP/1.1" 200 -[0m[0m
[1;32;40mINFO - 2023-01-04 10:42:50,988 - [33mwerkzeug[0m - [33m172.17.0.1 - - [04/Jan/2023 10:42:50] "GET /iteration-scdg HTTP/1.1" 200 -[0m[0m
[1;32;40mINFO - 2023-01-04 10:42:50,999 - [33mwerkzeug[0m - [33m172.17.0.1 - - [04/Jan/2023 10:42:50] "GET /progress-scdg HTTP/1.1" 200 -[0m[0m
[1;32;40mINFO - 2023-01-04 10:42:52,944 - [33mwerkzeug[0m - [33m172.17.0.1 - - [04/Jan/2023 10:42:52] "GET /iteration-scdg HTTP/1.1" 200 -[0m[0m
[1;32;40mINFO - 2023-01-04 10:42:52,966 - [33mwerkzeug[0m - [33m172.17.0.1 - - [04/Jan/2023 10:42:52] "GET /progress-scdg HTTP/1.1" 200 -[0m[0m
[1;32;40mINFO - 2023-01-04 10:42:53,203 - [33mwerkzeug[0m - [33m172.17.0.1 - - [04/Jan/2023 10:42:53] "GET /iteration-scdg HTTP/1.1" 200 -[0m[0m
[1;32;40mINFO - 2023-01-04 10:42:53,235 - [33mwerkzeug[0m - [33m172.17.0.1 - - [04/Jan/2023 10:42:53] "GET /progress-scdg HTTP/1.1" 200 -[0m[0m
[1;32;40mINFO - 2023-01-04 10:42:54,120 - [31mToolChainExplorerAnotherCDFS[0m - [31mTimeout expired for simulation ![0m[0m
[1;32;40mINFO - 2023-01-04 10:42:54,123 - [37mGraphBuilder[0m - [37mOutput dir :src/output/runs/69//warzone4[0m[0m
