[1;33;40mWARNING - 2023-01-04 15:34:43,178 - [34mangr.project[0m - [34mDisabling IRSB translation cache because support for self-modifying code is enabled.[0m[0m
[1;32;40mINFO - 2023-01-04 15:34:43,241 - [33mwerkzeug[0m - [33m172.17.0.1 - - [04/Jan/2023 15:34:43] "[36mGET /static/js/scripts.js HTTP/1.1[0m" 304 -[0m[0m
[1;32;40mINFO - 2023-01-04 15:34:43,242 - [33mwerkzeug[0m - [33m172.17.0.1 - - [04/Jan/2023 15:34:43] "[36mGET /static/js/nyan.js HTTP/1.1[0m" 304 -[0m[0m
[1;32;40mINFO - 2023-01-04 15:34:43,246 - [33mwerkzeug[0m - [33m172.17.0.1 - - [04/Jan/2023 15:34:43] "[36mGET /static/assets/demo/chart-area-demo.js HTTP/1.1[0m" 304 -[0m[0m
[1;32;40mINFO - 2023-01-04 15:34:43,251 - [33mwerkzeug[0m - [33m172.17.0.1 - - [04/Jan/2023 15:34:43] "[36mGET /static/assets/demo/chart-bar-demo.js HTTP/1.1[0m" 304 -[0m[0m
[1;32;40mINFO - 2023-01-04 15:34:43,254 - [33mwerkzeug[0m - [33m172.17.0.1 - - [04/Jan/2023 15:34:43] "[36mGET /static/js/datatables-simple-demo.js HTTP/1.1[0m" 304 -[0m[0m
[1;32;40mINFO - 2023-01-04 15:34:43,256 - [33mwerkzeug[0m - [33m172.17.0.1 - - [04/Jan/2023 15:34:43] "[36mGET /static/css/nyan.css HTTP/1.1[0m" 304 -[0m[0m
[1;32;40mINFO - 2023-01-04 15:34:43,260 - [33mwerkzeug[0m - [33m172.17.0.1 - - [04/Jan/2023 15:34:43] "[36mGET /static/css/styles.css HTTP/1.1[0m" 304 -[0m[0m
[1;32;40mINFO - 2023-01-04 15:34:43,459 - [33mwerkzeug[0m - [33m172.17.0.1 - - [04/Jan/2023 15:34:43] "[36mGET /static/css/images/rainbow.png HTTP/1.1[0m" 304 -[0m[0m
[1;32;40mINFO - 2023-01-04 15:34:43,461 - [33mwerkzeug[0m - [33m172.17.0.1 - - [04/Jan/2023 15:34:43] "GET /progress-scdg HTTP/1.1" 200 -[0m[0m
[1;32;40mINFO - 2023-01-04 15:34:43,462 - [33mwerkzeug[0m - [33m172.17.0.1 - - [04/Jan/2023 15:34:43] "[36mGET /static/css/images/nyanCat.png HTTP/1.1[0m" 304 -[0m[0m
[1;32;40mINFO - 2023-01-04 15:34:43,463 - [33mwerkzeug[0m - [33m172.17.0.1 - - [04/Jan/2023 15:34:43] "GET /iteration-scdg HTTP/1.1" 200 -[0m[0m
[1;33;40mWARNING - 2023-01-04 15:34:44,905 - [33mangr.engines.vex.lifter[0m - [33mSelf-modifying code is not always correctly optimized by PyVEX. To guarantee correctness, VEX optimizations have been disabled.[0m[0m
[1;32;40mINFO - 2023-01-04 15:34:47,312 - [33mwerkzeug[0m - [33m172.17.0.1 - - [04/Jan/2023 15:34:47] "GET /iteration-scdg HTTP/1.1" 200 -[0m[0m
[1;32;40mINFO - 2023-01-04 15:34:47,339 - [33mwerkzeug[0m - [33m172.17.0.1 - - [04/Jan/2023 15:34:47] "GET /iteration-scdg HTTP/1.1" 200 -[0m[0m
[1;32;40mINFO - 2023-01-04 15:34:47,360 - [33mwerkzeug[0m - [33m172.17.0.1 - - [04/Jan/2023 15:34:47] "GET /progress-scdg HTTP/1.1" 200 -[0m[0m
[1;32;40mINFO - 2023-01-04 15:34:47,382 - [33mwerkzeug[0m - [33m172.17.0.1 - - [04/Jan/2023 15:34:47] "GET /progress-scdg HTTP/1.1" 200 -[0m[0m
[1;32;40mINFO - 2023-01-04 15:34:47,977 - [36mCustomSimProcedure[0m - {"ordinal.823.b'mfc42.dll'": 5242880, "ordinal.825.b'mfc42.dll'": 5242884, '_controlfp': 5242888, '__set_app_type': 5242892, '__p__fmode': 5242896, '__p__commode': 5242900, '_adjust_fdiv': 5242904, '__setusermatherr': 5242908, '_initterm': 5242912, '__getmainargs': 5242916, '_acmdln': 5242920, 'exit': 5242924, '_XcptFilter': 5242928, '_exit': 5242932, 'strncmp': 5242936, '_except_handler3': 5242940, 'strstr': 5242944, 'strcspn': 5242948, 'strncpy': 5242952, 'atoi': 5242956, 'time': 5242960, 'srand': 5242964, 'rand': 5242968, 'realloc': 5242972, 'free': 5242976, 'malloc': 5242980, 'sprintf': 5242984, 'ExitProcess': 5242988, 'Sleep': 5242992, 'lstrcpyA': 5242996, 'CreateProcessA': 5243000, 'TerminateProcess': 5243004, 'ExitThread': 5243008, 'GetStartupInfoA': 5243012, 'GetModuleHandleA': 5243016, 'WaitForSingleObject': 5243020, 'CreateFileA': 5243024, 'SetFilePointer': 5243028, 'WriteFile': 5243032, 'lstrcpynA': 5243036, 'lstrlenA': 5243040, 'OpenMutexA': 5243044, 'ReleaseMutex': 5243048, 'GetComputerNameA': 5243052, 'GetCurrentProcess': 5243056, 'GetCurrentThread': 5243060, 'CloseHandle': 5243064, 'CreateThread': 5243068, 'LoadLibraryA': 5243072, 'GetProcAddress': 5243076, 'GetSystemDefaultUILanguage': 5243080, 'GetTickCount': 5243084, 'GetDesktopWindow': 5243088, 'wsprintfA': 5243092, 'SHChangeNotify': 5243096, 'ShellExecuteExA': 5243100, 'ShellExecuteA': 5243104, 'SHDeleteKeyA': 5243108, 'setsockopt': 5243112, 'recv': 5243116, '__WSAFDIsSet': 5243120, 'select': 5243124, 'WSAIoctl': 5243128, 'closesocket': 5243132, 'WSAStartup': 5243136, 'inet_ntoa': 5243140, 'htonl': 5243144, 'WSACleanup': 5243148, 'socket': 5243152, 'connect': 5243156, 'send': 5243160, 'inet_addr': 5243164, 'sendto': 5243168, 'htons': 5243172, 'GetIfTable': 5243176, 'GetAdaptersInfo': 5243180, 'KiUserExceptionDispatcher': 6295572, '_fmode': 6295576, '_commode': 6295580, '_wcmdln': 6295584}[0m
[1;32;40mINFO - 2023-01-04 15:34:47,979 - [36mCustomSimProcedure[0m - [36mWas in angr :msvcrt.dll[0m[0m
[1;33;40mWARNING - 2023-01-04 15:34:48,022 - [34mangr.project[0m - [34mAddress is already hooked, during hook(0x500044, <SimProcedure strcspn>). Not re-hooking.[0m[0m
[1;33;40mWARNING - 2023-01-04 15:34:48,022 - [34mangr.project[0m - [34mAddress is already hooked, during hook(0x500034, <SimProcedure _exit>). Not re-hooking.[0m[0m
[1;32;40mINFO - 2023-01-04 15:34:48,054 - [36mCustomSimProcedure[0m - [36mWas in angr :kernel32.dll[0m[0m
[1;33;40mWARNING - 2023-01-04 15:34:48,139 - [34mangr.project[0m - [34mAddress is already hooked, during hook(0x5000a8, <SimProcedure ReleaseMutex>). Not re-hooking.[0m[0m
[1;33;40mWARNING - 2023-01-04 15:34:48,139 - [34mangr.project[0m - [34mAddress is already hooked, during hook(0x50008c, <SimProcedure WaitForSingleObject>). Not re-hooking.[0m[0m
[1;33;40mWARNING - 2023-01-04 15:34:48,140 - [34mangr.project[0m - [34mAddress is already hooked, during hook(0x500080, <SimProcedure ExitThread>). Not re-hooking.[0m[0m
[1;33;40mWARNING - 2023-01-04 15:34:48,141 - [34mangr.project[0m - [34mAddress is already hooked, during hook(0x500078, <SimProcedure CreateProcessA>). Not re-hooking.[0m[0m
[1;33;40mWARNING - 2023-01-04 15:34:48,141 - [34mangr.project[0m - [34mAddress is already hooked, during hook(0x500094, <SimProcedure SetFilePointer>). Not re-hooking.[0m[0m
[1;33;40mWARNING - 2023-01-04 15:34:48,141 - [34mangr.project[0m - [34mAddress is already hooked, during hook(0x5000b4, <SimProcedure GetCurrentThread>). Not re-hooking.[0m[0m
[1;33;40mWARNING - 2023-01-04 15:34:48,141 - [34mangr.project[0m - [34mAddress is already hooked, during hook(0x5000b0, <SimProcedure GetCurrentProcess>). Not re-hooking.[0m[0m
[1;33;40mWARNING - 2023-01-04 15:34:48,142 - [34mangr.project[0m - [34mAddress is already hooked, during hook(0x5000a4, <SimProcedure OpenMutexA>). Not re-hooking.[0m[0m
[1;33;40mWARNING - 2023-01-04 15:34:48,142 - [34mangr.project[0m - [34mAddress is already hooked, during hook(0x5000c8, <SimProcedure GetSystemDefaultUILanguage>). Not re-hooking.[0m[0m
[1;33;40mWARNING - 2023-01-04 15:34:48,142 - [34mangr.project[0m - [34mAddress is already hooked, during hook(0x5000b8, <SimProcedure CloseHandle>). Not re-hooking.[0m[0m
[1;33;40mWARNING - 2023-01-04 15:34:48,143 - [34mangr.project[0m - [34mAddress is already hooked, during hook(0x500084, <SimProcedure GetStartupInfoA>). Not re-hooking.[0m[0m
[1;33;40mWARNING - 2023-01-04 15:34:48,143 - [34mangr.project[0m - [34mAddress is already hooked, during hook(0x500070, <SimProcedure Sleep>). Not re-hooking.[0m[0m
[1;33;40mWARNING - 2023-01-04 15:34:48,236 - [34mangr.project[0m - [34mAddress is already hooked, during hook(0x5000e4, <SimProcedure SHDeleteKeyA>). Not re-hooking.[0m[0m
[1;33;40mWARNING - 2023-01-04 15:34:48,260 - [34mangr.project[0m - [34mAddress is already hooked, during hook(0x5000dc, <SimProcedure ShellExecuteExA>). Not re-hooking.[0m[0m
[1;33;40mWARNING - 2023-01-04 15:34:48,261 - [34mangr.project[0m - [34mAddress is already hooked, during hook(0x5000e0, <SimProcedure ShellExecuteA>). Not re-hooking.[0m[0m
[1;33;40mWARNING - 2023-01-04 15:34:48,261 - [34mangr.project[0m - [34mAddress is already hooked, during hook(0x5000d8, <SimProcedure SHChangeNotify>). Not re-hooking.[0m[0m
[1;33;40mWARNING - 2023-01-04 15:34:48,269 - [34mangr.project[0m - [34mAddress is already hooked, during hook(0x500118, <SimProcedure send>). Not re-hooking.[0m[0m
[1;33;40mWARNING - 2023-01-04 15:34:48,269 - [34mangr.project[0m - [34mAddress is already hooked, during hook(0x50011c, <SimProcedure inet_addr>). Not re-hooking.[0m[0m
[1;33;40mWARNING - 2023-01-04 15:34:48,269 - [34mangr.project[0m - [34mAddress is already hooked, during hook(0x5000f0, <SimProcedure __WSAFDIsSet>). Not re-hooking.[0m[0m
[1;33;40mWARNING - 2023-01-04 15:34:48,269 - [34mangr.project[0m - [34mAddress is already hooked, during hook(0x5000e8, <SimProcedure setsockopt>). Not re-hooking.[0m[0m
[1;33;40mWARNING - 2023-01-04 15:34:48,270 - [34mangr.project[0m - [34mAddress is already hooked, during hook(0x500100, <SimProcedure WSAStartup>). Not re-hooking.[0m[0m
[1;33;40mWARNING - 2023-01-04 15:34:48,270 - [34mangr.project[0m - [34mAddress is already hooked, during hook(0x5000fc, <SimProcedure closesocket>). Not re-hooking.[0m[0m
[1;33;40mWARNING - 2023-01-04 15:34:48,270 - [34mangr.project[0m - [34mAddress is already hooked, during hook(0x500108, <SimProcedure htonl>). Not re-hooking.[0m[0m
[1;33;40mWARNING - 2023-01-04 15:34:48,270 - [34mangr.project[0m - [34mAddress is already hooked, during hook(0x500124, <SimProcedure htons>). Not re-hooking.[0m[0m
[1;33;40mWARNING - 2023-01-04 15:34:48,271 - [34mangr.project[0m - [34mAddress is already hooked, during hook(0x50010c, <SimProcedure WSACleanup>). Not re-hooking.[0m[0m
[1;32;40mINFO - 2023-01-04 15:34:48,277 - [36mCustomSimProcedure[0m - [36mWas in angr :user32.dll[0m[0m
[1;33;40mWARNING - 2023-01-04 15:34:48,280 - [36mCustomSimProcedure[0m - [36mProcedure wsprintfA in DLL user32.dll has 3 arguments in json and 2 arguments in angr prototype. Taking number of arguments from json.[0m[0m
[1;33;40mWARNING - 2023-01-04 15:34:48,280 - [36mCustomSimProcedure[0m - [36mProcedure wsprintfW in DLL user32.dll has 3 arguments in json and 2 arguments in angr prototype. Taking number of arguments from json.[0m[0m
[1;33;40mWARNING - 2023-01-04 15:34:48,329 - [34mangr.project[0m - [34mAddress is already hooked, during hook(0x5000d0, <SimProcedure GetDesktopWindow>). Not re-hooking.[0m[0m
[1;33;40mWARNING - 2023-01-04 15:34:48,371 - [34mangr.project[0m - [34mAddress is already hooked, during hook(0x500050, <SimProcedure time>). Not re-hooking.[0m[0m
[1;33;40mWARNING - 2023-01-04 15:34:48,372 - [34mangr.project[0m - [34mAddress is already hooked, during hook(0x601014, <SimProcedure KiUserExceptionDispatcher>). Not re-hooking.[0m[0m
[1;32;40mINFO - 2023-01-04 15:34:48,372 - [36mCustomSimProcedure[0m - [36mNo hooks for: {"ordinal.823.b'mfc42.dll'": 5242880, "ordinal.825.b'mfc42.dll'": 5242884, '_controlfp': 5242888, '__set_app_type': 5242892, '_adjust_fdiv': 5242904, '__setusermatherr': 5242908, '_initterm': 5242912, '__getmainargs': 5242916, '_acmdln': 5242920, '_XcptFilter': 5242928, '_except_handler3': 5242940, 'WSAIoctl': 5243128, 'GetIfTable': 5243176, '_fmode': 6295576, '_commode': 6295580, '_wcmdln': 6295584}[0m[0m
[1;32;40mINFO - 2023-01-04 15:34:48,372 - [36mCustomSimProcedure[0m - [36mcustom_hook_static[0m[0m
[1;32;40mINFO - 2023-01-04 15:34:48,372 - [36mCustomSimProcedure[0m - [36mmfc42.dll[0m[0m
[1;32;40mINFO - 2023-01-04 15:34:48,372 - [36mCustomSimProcedure[0m - [36m823[0m[0m
[1;32;40mINFO - 2023-01-04 15:34:48,372 - [36mCustomSimProcedure[0m - [36mmfc42.dll[0m[0m
[1;32;40mINFO - 2023-01-04 15:34:48,372 - [36mCustomSimProcedure[0m - [36m825[0m[0m
[1;33;40mWARNING - 2023-01-04 15:34:48,372 - [34mangr.project[0m - [34mAddress is already hooked, during hook(0x400000, <SimProcedure __p__commode>). Not re-hooking.[0m[0m
[1;33;40mWARNING - 2023-01-04 15:34:48,372 - [34mangr.project[0m - [34mAddress is already hooked, during hook(0x400000, <SimProcedure _initterm>). Not re-hooking.[0m[0m
[1;33;40mWARNING - 2023-01-04 15:34:48,373 - [34mangr.project[0m - [34mAddress is already hooked, during hook(0x400000, <SimProcedure __getmainargs>). Not re-hooking.[0m[0m
[1;33;40mWARNING - 2023-01-04 15:34:48,373 - [34mangr.project[0m - [34mAddress is already hooked, during hook(0x400000, <SimProcedure exit>). Not re-hooking.[0m[0m
[1;33;40mWARNING - 2023-01-04 15:34:48,373 - [34mangr.project[0m - [34mAddress is already hooked, during hook(0x400000, <SimProcedure strncmp>). Not re-hooking.[0m[0m
[1;33;40mWARNING - 2023-01-04 15:34:48,373 - [34mangr.project[0m - [34mAddress is already hooked, during hook(0x400000, <SimProcedure strstr>). Not re-hooking.[0m[0m
[1;33;40mWARNING - 2023-01-04 15:34:48,373 - [34mangr.project[0m - [34mAddress is already hooked, during hook(0x400000, <SimProcedure strncpy>). Not re-hooking.[0m[0m
[1;33;40mWARNING - 2023-01-04 15:34:48,373 - [34mangr.project[0m - [34mAddress is already hooked, during hook(0x400000, <SimProcedure atoi>). Not re-hooking.[0m[0m
[1;33;40mWARNING - 2023-01-04 15:34:48,373 - [34mangr.project[0m - [34mAddress is already hooked, during hook(0x400000, <SimProcedure time>). Not re-hooking.[0m[0m
[1;33;40mWARNING - 2023-01-04 15:34:48,374 - [34mangr.project[0m - [34mAddress is already hooked, during hook(0x400000, <SimProcedure srand>). Not re-hooking.[0m[0m
[1;33;40mWARNING - 2023-01-04 15:34:48,374 - [34mangr.project[0m - [34mAddress is already hooked, during hook(0x400000, <SimProcedure rand>). Not re-hooking.[0m[0m
[1;33;40mWARNING - 2023-01-04 15:34:48,374 - [34mangr.project[0m - [34mAddress is already hooked, during hook(0x400000, <SimProcedure realloc>). Not re-hooking.[0m[0m
[1;33;40mWARNING - 2023-01-04 15:34:48,374 - [34mangr.project[0m - [34mAddress is already hooked, during hook(0x400000, <SimProcedure free>). Not re-hooking.[0m[0m
[1;33;40mWARNING - 2023-01-04 15:34:48,374 - [34mangr.project[0m - [34mAddress is already hooked, during hook(0x400000, <SimProcedure malloc>). Not re-hooking.[0m[0m
[1;33;40mWARNING - 2023-01-04 15:34:48,374 - [34mangr.project[0m - [34mAddress is already hooked, during hook(0x400000, <SimProcedure sprintf>). Not re-hooking.[0m[0m
[1;33;40mWARNING - 2023-01-04 15:34:48,374 - [34mangr.project[0m - [34mAddress is already hooked, during hook(0x400000, <SimProcedure ExitProcess>). Not re-hooking.[0m[0m
[1;33;40mWARNING - 2023-01-04 15:34:48,374 - [34mangr.project[0m - [34mAddress is already hooked, during hook(0x400000, <SimProcedure WriteFile>). Not re-hooking.[0m[0m
[1;33;40mWARNING - 2023-01-04 15:34:48,375 - [34mangr.project[0m - [34mAddress is already hooked, during hook(0x400000, <SimProcedure GetTickCount>). Not re-hooking.[0m[0m
[1;33;40mWARNING - 2023-01-04 15:34:48,375 - [34mangr.project[0m - [34mAddress is already hooked, during hook(0x400000, <SimProcedure setsockopt>). Not re-hooking.[0m[0m
[1;33;40mWARNING - 2023-01-04 15:34:48,375 - [34mangr.project[0m - [34mAddress is already hooked, during hook(0x400000, <SimProcedure recv>). Not re-hooking.[0m[0m
[1;33;40mWARNING - 2023-01-04 15:34:48,375 - [34mangr.project[0m - [34mAddress is already hooked, during hook(0x400000, <SimProcedure select>). Not re-hooking.[0m[0m
[1;33;40mWARNING - 2023-01-04 15:34:48,375 - [34mangr.project[0m - [34mAddress is already hooked, during hook(0x400000, <SimProcedure inet_ntoa>). Not re-hooking.[0m[0m
[1;33;40mWARNING - 2023-01-04 15:34:48,375 - [34mangr.project[0m - [34mAddress is already hooked, during hook(0x400000, <SimProcedure htonl>). Not re-hooking.[0m[0m
[1;33;40mWARNING - 2023-01-04 15:34:48,376 - [34mangr.project[0m - [34mAddress is already hooked, during hook(0x400000, <SimProcedure socket>). Not re-hooking.[0m[0m
[1;33;40mWARNING - 2023-01-04 15:34:48,376 - [34mangr.project[0m - [34mAddress is already hooked, during hook(0x400000, <SimProcedure send>). Not re-hooking.[0m[0m
[1;33;40mWARNING - 2023-01-04 15:34:48,376 - [34mangr.project[0m - [34mAddress is already hooked, during hook(0x400000, <SimProcedure htons>). Not re-hooking.[0m[0m
[1;32;40mINFO - 2023-01-04 15:34:48,376 - [36mCustomSimProcedure[0m - [36mmfc42.dll[0m[0m
[1;32;40mINFO - 2023-01-04 15:34:48,376 - [36mCustomSimProcedure[0m - [36m823[0m[0m
[1;32;40mINFO - 2023-01-04 15:34:48,376 - [36mCustomSimProcedure[0m - [36mmfc42.dll[0m[0m
[1;32;40mINFO - 2023-01-04 15:34:48,376 - [36mCustomSimProcedure[0m - [36m825[0m[0m
[1;33;40mWARNING - 2023-01-04 15:34:48,376 - [34mangr.project[0m - [34mAddress is already hooked, during hook(0x500010, <SimProcedure __p__fmode>). Not re-hooking.[0m[0m
[1;33;40mWARNING - 2023-01-04 15:34:48,376 - [34mangr.project[0m - [34mAddress is already hooked, during hook(0x500014, <SimProcedure __p__commode>). Not re-hooking.[0m[0m
[1;33;40mWARNING - 2023-01-04 15:34:48,376 - [34mangr.project[0m - [34mAddress is already hooked, during hook(0x500020, <SimProcedure _initterm>). Not re-hooking.[0m[0m
[1;33;40mWARNING - 2023-01-04 15:34:48,377 - [34mangr.project[0m - [34mAddress is already hooked, during hook(0x500024, <SimProcedure __getmainargs>). Not re-hooking.[0m[0m
[1;33;40mWARNING - 2023-01-04 15:34:48,377 - [34mangr.project[0m - [34mAddress is already hooked, during hook(0x50002c, <SimProcedure exit>). Not re-hooking.[0m[0m
[1;33;40mWARNING - 2023-01-04 15:34:48,377 - [34mangr.project[0m - [34mAddress is already hooked, during hook(0x500038, <SimProcedure strncmp>). Not re-hooking.[0m[0m
[1;33;40mWARNING - 2023-01-04 15:34:48,377 - [34mangr.project[0m - [34mAddress is already hooked, during hook(0x500040, <SimProcedure strstr>). Not re-hooking.[0m[0m
[1;33;40mWARNING - 2023-01-04 15:34:48,377 - [34mangr.project[0m - [34mAddress is already hooked, during hook(0x500048, <SimProcedure strncpy>). Not re-hooking.[0m[0m
[1;33;40mWARNING - 2023-01-04 15:34:48,377 - [34mangr.project[0m - [34mAddress is already hooked, during hook(0x50004c, <SimProcedure atoi>). Not re-hooking.[0m[0m
[1;33;40mWARNING - 2023-01-04 15:34:48,377 - [34mangr.project[0m - [34mAddress is already hooked, during hook(0x500050, <SimProcedure time>). Not re-hooking.[0m[0m
[1;33;40mWARNING - 2023-01-04 15:34:48,377 - [34mangr.project[0m - [34mAddress is already hooked, during hook(0x500054, <SimProcedure srand>). Not re-hooking.[0m[0m
[1;33;40mWARNING - 2023-01-04 15:34:48,378 - [34mangr.project[0m - [34mAddress is already hooked, during hook(0x500058, <SimProcedure rand>). Not re-hooking.[0m[0m
[1;33;40mWARNING - 2023-01-04 15:34:48,378 - [34mangr.project[0m - [34mAddress is already hooked, during hook(0x50005c, <SimProcedure realloc>). Not re-hooking.[0m[0m
[1;33;40mWARNING - 2023-01-04 15:34:48,378 - [34mangr.project[0m - [34mAddress is already hooked, during hook(0x500060, <SimProcedure free>). Not re-hooking.[0m[0m
[1;33;40mWARNING - 2023-01-04 15:34:48,378 - [34mangr.project[0m - [34mAddress is already hooked, during hook(0x500064, <SimProcedure malloc>). Not re-hooking.[0m[0m
[1;33;40mWARNING - 2023-01-04 15:34:48,378 - [34mangr.project[0m - [34mAddress is already hooked, during hook(0x500068, <SimProcedure sprintf>). Not re-hooking.[0m[0m
[1;33;40mWARNING - 2023-01-04 15:34:48,378 - [34mangr.project[0m - [34mAddress is already hooked, during hook(0x50006c, <SimProcedure ExitProcess>). Not re-hooking.[0m[0m
[1;33;40mWARNING - 2023-01-04 15:34:48,378 - [34mangr.project[0m - [34mAddress is already hooked, during hook(0x500098, <SimProcedure WriteFile>). Not re-hooking.[0m[0m
[1;33;40mWARNING - 2023-01-04 15:34:48,379 - [34mangr.project[0m - [34mAddress is already hooked, during hook(0x5000cc, <SimProcedure GetTickCount>). Not re-hooking.[0m[0m
[1;33;40mWARNING - 2023-01-04 15:34:48,379 - [34mangr.project[0m - [34mAddress is already hooked, during hook(0x5000e8, <SimProcedure setsockopt>). Not re-hooking.[0m[0m
[1;33;40mWARNING - 2023-01-04 15:34:48,379 - [34mangr.project[0m - [34mAddress is already hooked, during hook(0x5000ec, <SimProcedure recv>). Not re-hooking.[0m[0m
[1;33;40mWARNING - 2023-01-04 15:34:48,379 - [34mangr.project[0m - [34mAddress is already hooked, during hook(0x5000f4, <SimProcedure select>). Not re-hooking.[0m[0m
[1;33;40mWARNING - 2023-01-04 15:34:48,379 - [34mangr.project[0m - [34mAddress is already hooked, during hook(0x500104, <SimProcedure inet_ntoa>). Not re-hooking.[0m[0m
[1;33;40mWARNING - 2023-01-04 15:34:48,379 - [34mangr.project[0m - [34mAddress is already hooked, during hook(0x500108, <SimProcedure htonl>). Not re-hooking.[0m[0m
[1;33;40mWARNING - 2023-01-04 15:34:48,379 - [34mangr.project[0m - [34mAddress is already hooked, during hook(0x500110, <SimProcedure socket>). Not re-hooking.[0m[0m
[1;33;40mWARNING - 2023-01-04 15:34:48,379 - [34mangr.project[0m - [34mAddress is already hooked, during hook(0x500118, <SimProcedure send>). Not re-hooking.[0m[0m
[1;33;40mWARNING - 2023-01-04 15:34:48,380 - [34mangr.project[0m - [34mAddress is already hooked, during hook(0x500124, <SimProcedure htons>). Not re-hooking.[0m[0m
[1;33;40mWARNING - 2023-01-04 15:34:48,380 - [34mangr.project[0m - [34mAddress is already hooked, during hook(0x601014, <SimProcedure KiUserExceptionDispatcher>). Not re-hooking.[0m[0m
[1;32;40mINFO - 2023-01-04 15:34:48,380 - [36mCustomSimProcedure[0m - [36mcustom_hook_windows_symbols[0m[0m
[1;32;40mINFO - 2023-01-04 15:34:48,430 - [33mwerkzeug[0m - [33m172.17.0.1 - - [04/Jan/2023 15:34:48] "GET /iteration-scdg HTTP/1.1" 200 -[0m[0m
[1;32;40mINFO - 2023-01-04 15:34:48,442 - [33mwerkzeug[0m - [33m172.17.0.1 - - [04/Jan/2023 15:34:48] "GET /progress-scdg HTTP/1.1" 200 -[0m[0m
[1;33;40mWARNING - 2023-01-04 15:34:49,010 - [34mangr.project[0m - [34mAddress is already hooked, during hook(0x5000d0, <SimProcedure GetDesktopWindow>). Re-hooking.[0m[0m
[1;33;40mWARNING - 2023-01-04 15:34:49,011 - [34mangr.project[0m - [34mAddress is already hooked, during hook(0x5000d0, <SimProcedure GetDesktopWindow>). Re-hooking.[0m[0m
[1;33;40mWARNING - 2023-01-04 15:34:50,140 - [34mangr.project[0m - [34mAddress is already hooked, during hook(0x5000d0, <SimProcedure GetDesktopWindow>). Re-hooking.[0m[0m
[1;33;40mWARNING - 2023-01-04 15:34:50,141 - [34mangr.project[0m - [34mAddress is already hooked, during hook(0x5000d0, <SimProcedure GetDesktopWindow>). Re-hooking.[0m[0m
[1;33;40mWARNING - 2023-01-04 15:34:50,550 - [34mangr.project[0m - [34mAddress is already hooked, during hook(0x5000a8, <SimProcedure ReleaseMutex>). Re-hooking.[0m[0m
[1;33;40mWARNING - 2023-01-04 15:34:50,551 - [34mangr.project[0m - [34mAddress is already hooked, during hook(0x5000a8, <SimProcedure ReleaseMutex>). Re-hooking.[0m[0m
[1;33;40mWARNING - 2023-01-04 15:34:50,564 - [34mangr.project[0m - [34mAddress is already hooked, during hook(0x50008c, <SimProcedure WaitForSingleObject>). Re-hooking.[0m[0m
[1;33;40mWARNING - 2023-01-04 15:34:50,565 - [34mangr.project[0m - [34mAddress is already hooked, during hook(0x50008c, <SimProcedure WaitForSingleObject>). Re-hooking.[0m[0m
[1;33;40mWARNING - 2023-01-04 15:34:50,615 - [34mangr.project[0m - [34mAddress is already hooked, during hook(0x5000b8, <SimProcedure CloseHandle>). Re-hooking.[0m[0m
[1;33;40mWARNING - 2023-01-04 15:34:50,616 - [34mangr.project[0m - [34mAddress is already hooked, during hook(0x5000b8, <SimProcedure CloseHandle>). Re-hooking.[0m[0m
[1;33;40mWARNING - 2023-01-04 15:34:50,754 - [34mangr.project[0m - [34mAddress is already hooked, during hook(0x500078, <SimProcedure CreateProcessA>). Re-hooking.[0m[0m
[1;33;40mWARNING - 2023-01-04 15:34:50,756 - [34mangr.project[0m - [34mAddress is already hooked, during hook(0x500078, <SimProcedure CreateProcessA>). Re-hooking.[0m[0m
[1;33;40mWARNING - 2023-01-04 15:34:50,926 - [34mangr.project[0m - [34mAddress is already hooked, during hook(0x500080, <SimProcedure ExitThread>). Re-hooking.[0m[0m
[1;33;40mWARNING - 2023-01-04 15:34:50,927 - [34mangr.project[0m - [34mAddress is already hooked, during hook(0x500080, <SimProcedure ExitThread>). Re-hooking.[0m[0m
[1;33;40mWARNING - 2023-01-04 15:34:51,162 - [34mangr.project[0m - [34mAddress is already hooked, during hook(0x5000b4, <SimProcedure GetCurrentThread>). Re-hooking.[0m[0m
[1;33;40mWARNING - 2023-01-04 15:34:51,163 - [34mangr.project[0m - [34mAddress is already hooked, during hook(0x5000b4, <SimProcedure GetCurrentThread>). Re-hooking.[0m[0m
[1;33;40mWARNING - 2023-01-04 15:34:51,412 - [34mangr.project[0m - [34mAddress is already hooked, during hook(0x500084, <SimProcedure GetStartupInfoA>). Re-hooking.[0m[0m
[1;33;40mWARNING - 2023-01-04 15:34:51,413 - [34mangr.project[0m - [34mAddress is already hooked, during hook(0x500084, <SimProcedure GetStartupInfoA>). Re-hooking.[0m[0m
[1;33;40mWARNING - 2023-01-04 15:34:51,778 - [34mangr.project[0m - [34mAddress is already hooked, during hook(0x5000a4, <SimProcedure OpenMutexA>). Re-hooking.[0m[0m
[1;33;40mWARNING - 2023-01-04 15:34:51,780 - [34mangr.project[0m - [34mAddress is already hooked, during hook(0x5000a4, <SimProcedure OpenMutexA>). Re-hooking.[0m[0m
[1;33;40mWARNING - 2023-01-04 15:34:52,100 - [34mangr.project[0m - [34mAddress is already hooked, during hook(0x500094, <SimProcedure SetFilePointer>). Re-hooking.[0m[0m
[1;33;40mWARNING - 2023-01-04 15:34:52,101 - [34mangr.project[0m - [34mAddress is already hooked, during hook(0x500094, <SimProcedure SetFilePointer>). Re-hooking.[0m[0m
[1;33;40mWARNING - 2023-01-04 15:34:52,225 - [34mangr.project[0m - [34mAddress is already hooked, during hook(0x500070, <SimProcedure Sleep>). Re-hooking.[0m[0m
[1;33;40mWARNING - 2023-01-04 15:34:52,226 - [34mangr.project[0m - [34mAddress is already hooked, during hook(0x500070, <SimProcedure Sleep>). Re-hooking.[0m[0m
[1;32;40mINFO - 2023-01-04 15:34:52,319 - [33mwerkzeug[0m - [33m172.17.0.1 - - [04/Jan/2023 15:34:52] "GET /iteration-scdg HTTP/1.1" 200 -[0m[0m
[1;32;40mINFO - 2023-01-04 15:34:52,336 - [33mwerkzeug[0m - [33m172.17.0.1 - - [04/Jan/2023 15:34:52] "GET /progress-scdg HTTP/1.1" 200 -[0m[0m
[1;33;40mWARNING - 2023-01-04 15:34:52,339 - [34mangr.project[0m - [34mAddress is already hooked, during hook(0x50008c, <SimProcedure WaitForSingleObject>). Re-hooking.[0m[0m
[1;33;40mWARNING - 2023-01-04 15:34:52,341 - [34mangr.project[0m - [34mAddress is already hooked, during hook(0x50008c, <SimProcedure WaitForSingleObject>). Re-hooking.[0m[0m
[1;32;40mINFO - 2023-01-04 15:34:52,342 - [33mwerkzeug[0m - [33m172.17.0.1 - - [04/Jan/2023 15:34:52] "GET /iteration-scdg HTTP/1.1" 200 -[0m[0m
[1;32;40mINFO - 2023-01-04 15:34:52,355 - [33mwerkzeug[0m - [33m172.17.0.1 - - [04/Jan/2023 15:34:52] "GET /progress-scdg HTTP/1.1" 200 -[0m[0m
[1;33;40mWARNING - 2023-01-04 15:34:52,456 - [34mangr.project[0m - [34mAddress is already hooked, during hook(0x5000a0, <SimProcedure lstrlenA>). Re-hooking.[0m[0m
[1;33;40mWARNING - 2023-01-04 15:34:52,457 - [34mangr.project[0m - [34mAddress is already hooked, during hook(0x5000a0, <SimProcedure lstrlenA>). Re-hooking.[0m[0m
[1;33;40mWARNING - 2023-01-04 15:34:52,531 - [34mangr.project[0m - [34mAddress is already hooked, during hook(0x500080, <SimProcedure ExitThread>). Re-hooking.[0m[0m
[1;33;40mWARNING - 2023-01-04 15:34:52,533 - [34mangr.project[0m - [34mAddress is already hooked, during hook(0x500080, <SimProcedure ExitThread>). Re-hooking.[0m[0m
[1;33;40mWARNING - 2023-01-04 15:34:52,752 - [34mangr.project[0m - [34mAddress is already hooked, during hook(0x500078, <SimProcedure CreateProcessA>). Re-hooking.[0m[0m
[1;33;40mWARNING - 2023-01-04 15:34:52,753 - [34mangr.project[0m - [34mAddress is already hooked, during hook(0x500078, <SimProcedure CreateProcessA>). Re-hooking.[0m[0m
[1;33;40mWARNING - 2023-01-04 15:34:52,887 - [34mangr.project[0m - [34mAddress is already hooked, during hook(0x500094, <SimProcedure SetFilePointer>). Re-hooking.[0m[0m
[1;33;40mWARNING - 2023-01-04 15:34:52,889 - [34mangr.project[0m - [34mAddress is already hooked, during hook(0x500094, <SimProcedure SetFilePointer>). Re-hooking.[0m[0m
[1;33;40mWARNING - 2023-01-04 15:34:52,926 - [34mangr.project[0m - [34mAddress is already hooked, during hook(0x5000b0, <SimProcedure GetCurrentProcess>). Re-hooking.[0m[0m
[1;33;40mWARNING - 2023-01-04 15:34:52,927 - [34mangr.project[0m - [34mAddress is already hooked, during hook(0x5000b0, <SimProcedure GetCurrentProcess>). Re-hooking.[0m[0m
[1;33;40mWARNING - 2023-01-04 15:34:53,193 - [34mangr.project[0m - [34mAddress is already hooked, during hook(0x5000c8, <SimProcedure GetSystemDefaultUILanguage>). Re-hooking.[0m[0m
[1;33;40mWARNING - 2023-01-04 15:34:53,194 - [34mangr.project[0m - [34mAddress is already hooked, during hook(0x5000c8, <SimProcedure GetSystemDefaultUILanguage>). Re-hooking.[0m[0m
[1;33;40mWARNING - 2023-01-04 15:34:53,249 - [34mangr.project[0m - [34mAddress is already hooked, during hook(0x5000b4, <SimProcedure GetCurrentThread>). Re-hooking.[0m[0m
[1;33;40mWARNING - 2023-01-04 15:34:53,250 - [34mangr.project[0m - [34mAddress is already hooked, during hook(0x5000b4, <SimProcedure GetCurrentThread>). Re-hooking.[0m[0m
[1;33;40mWARNING - 2023-01-04 15:34:53,278 - [34mangr.project[0m - [34mAddress is already hooked, during hook(0x5000b0, <SimProcedure GetCurrentProcess>). Re-hooking.[0m[0m
[1;33;40mWARNING - 2023-01-04 15:34:53,279 - [34mangr.project[0m - [34mAddress is already hooked, during hook(0x5000b0, <SimProcedure GetCurrentProcess>). Re-hooking.[0m[0m
[1;33;40mWARNING - 2023-01-04 15:34:53,374 - [34mangr.project[0m - [34mAddress is already hooked, during hook(0x5000a0, <SimProcedure lstrlenA>). Re-hooking.[0m[0m
[1;33;40mWARNING - 2023-01-04 15:34:53,375 - [34mangr.project[0m - [34mAddress is already hooked, during hook(0x5000a0, <SimProcedure lstrlenA>). Re-hooking.[0m[0m
[1;32;40mINFO - 2023-01-04 15:34:53,424 - [33mwerkzeug[0m - [33m172.17.0.1 - - [04/Jan/2023 15:34:53] "GET /iteration-scdg HTTP/1.1" 200 -[0m[0m
[1;32;40mINFO - 2023-01-04 15:34:53,430 - [33mwerkzeug[0m - [33m172.17.0.1 - - [04/Jan/2023 15:34:53] "GET /progress-scdg HTTP/1.1" 200 -[0m[0m
[1;33;40mWARNING - 2023-01-04 15:34:53,537 - [34mangr.project[0m - [34mAddress is already hooked, during hook(0x5000a4, <SimProcedure OpenMutexA>). Re-hooking.[0m[0m
[1;33;40mWARNING - 2023-01-04 15:34:53,539 - [34mangr.project[0m - [34mAddress is already hooked, during hook(0x5000a4, <SimProcedure OpenMutexA>). Re-hooking.[0m[0m
[1;33;40mWARNING - 2023-01-04 15:34:53,620 - [34mangr.project[0m - [34mAddress is already hooked, during hook(0x5000c8, <SimProcedure GetSystemDefaultUILanguage>). Re-hooking.[0m[0m
[1;33;40mWARNING - 2023-01-04 15:34:53,621 - [34mangr.project[0m - [34mAddress is already hooked, during hook(0x5000c8, <SimProcedure GetSystemDefaultUILanguage>). Re-hooking.[0m[0m
[1;33;40mWARNING - 2023-01-04 15:34:53,705 - [34mangr.project[0m - [34mAddress is already hooked, during hook(0x5000b8, <SimProcedure CloseHandle>). Re-hooking.[0m[0m
[1;33;40mWARNING - 2023-01-04 15:34:53,706 - [34mangr.project[0m - [34mAddress is already hooked, during hook(0x5000b8, <SimProcedure CloseHandle>). Re-hooking.[0m[0m
[1;33;40mWARNING - 2023-01-04 15:34:53,993 - [34mangr.project[0m - [34mAddress is already hooked, during hook(0x5000a8, <SimProcedure ReleaseMutex>). Re-hooking.[0m[0m
[1;33;40mWARNING - 2023-01-04 15:34:53,994 - [34mangr.project[0m - [34mAddress is already hooked, during hook(0x5000a8, <SimProcedure ReleaseMutex>). Re-hooking.[0m[0m
[1;33;40mWARNING - 2023-01-04 15:34:54,102 - [34mangr.project[0m - [34mAddress is already hooked, during hook(0x500084, <SimProcedure GetStartupInfoA>). Re-hooking.[0m[0m
[1;33;40mWARNING - 2023-01-04 15:34:54,104 - [34mangr.project[0m - [34mAddress is already hooked, during hook(0x500084, <SimProcedure GetStartupInfoA>). Re-hooking.[0m[0m
[1;33;40mWARNING - 2023-01-04 15:34:54,304 - [34mangr.project[0m - [34mAddress is already hooked, during hook(0x500070, <SimProcedure Sleep>). Re-hooking.[0m[0m
[1;33;40mWARNING - 2023-01-04 15:34:54,305 - [34mangr.project[0m - [34mAddress is already hooked, during hook(0x500070, <SimProcedure Sleep>). Re-hooking.[0m[0m
[1;33;40mWARNING - 2023-01-04 15:34:55,081 - [34mangr.project[0m - [34mAddress is already hooked, during hook(0x500034, <SimProcedure _exit>). Re-hooking.[0m[0m
[1;33;40mWARNING - 2023-01-04 15:34:55,083 - [34mangr.project[0m - [34mAddress is already hooked, during hook(0x500034, <SimProcedure _exit>). Re-hooking.[0m[0m
[1;33;40mWARNING - 2023-01-04 15:34:55,463 - [34mangr.project[0m - [34mAddress is already hooked, during hook(0x500044, <SimProcedure strcspn>). Re-hooking.[0m[0m
[1;33;40mWARNING - 2023-01-04 15:34:55,464 - [34mangr.project[0m - [34mAddress is already hooked, during hook(0x500044, <SimProcedure strcspn>). Re-hooking.[0m[0m
[1;33;40mWARNING - 2023-01-04 15:34:55,690 - [34mangr.project[0m - [34mAddress is already hooked, during hook(0x500044, <SimProcedure strcspn>). Re-hooking.[0m[0m
[1;33;40mWARNING - 2023-01-04 15:34:55,691 - [34mangr.project[0m - [34mAddress is already hooked, during hook(0x500044, <SimProcedure strcspn>). Re-hooking.[0m[0m
[1;33;40mWARNING - 2023-01-04 15:34:55,798 - [34mangr.project[0m - [34mAddress is already hooked, during hook(0x500034, <SimProcedure _exit>). Re-hooking.[0m[0m
[1;33;40mWARNING - 2023-01-04 15:34:55,799 - [34mangr.project[0m - [34mAddress is already hooked, during hook(0x500034, <SimProcedure _exit>). Re-hooking.[0m[0m
[1;33;40mWARNING - 2023-01-04 15:34:56,059 - [34mangr.project[0m - [34mAddress is already hooked, during hook(0x5000e4, <SimProcedure SHDeleteKeyA>). Re-hooking.[0m[0m
[1;33;40mWARNING - 2023-01-04 15:34:56,061 - [34mangr.project[0m - [34mAddress is already hooked, during hook(0x5000e4, <SimProcedure SHDeleteKeyA>). Re-hooking.[0m[0m
[1;33;40mWARNING - 2023-01-04 15:34:56,400 - [34mangr.project[0m - [34mAddress is already hooked, during hook(0x5000e4, <SimProcedure SHDeleteKeyA>). Re-hooking.[0m[0m
[1;33;40mWARNING - 2023-01-04 15:34:56,402 - [34mangr.project[0m - [34mAddress is already hooked, during hook(0x5000e4, <SimProcedure SHDeleteKeyA>). Re-hooking.[0m[0m
[1;33;40mWARNING - 2023-01-04 15:34:56,928 - [34mangr.project[0m - [34mAddress is already hooked, during hook(0x5000fc, <SimProcedure closesocket>). Re-hooking.[0m[0m
[1;33;40mWARNING - 2023-01-04 15:34:56,929 - [34mangr.project[0m - [34mAddress is already hooked, during hook(0x5000fc, <SimProcedure closesocket>). Re-hooking.[0m[0m
[1;33;40mWARNING - 2023-01-04 15:34:56,930 - [34mangr.project[0m - [34mAddress is already hooked, during hook(0x500114, <SimProcedure connect>). Re-hooking.[0m[0m
[1;33;40mWARNING - 2023-01-04 15:34:56,931 - [34mangr.project[0m - [34mAddress is already hooked, during hook(0x500114, <SimProcedure connect>). Re-hooking.[0m[0m
[1;33;40mWARNING - 2023-01-04 15:34:56,941 - [34mangr.project[0m - [34mAddress is already hooked, during hook(0x50011c, <SimProcedure inet_addr>). Re-hooking.[0m[0m
[1;33;40mWARNING - 2023-01-04 15:34:56,942 - [34mangr.project[0m - [34mAddress is already hooked, during hook(0x50011c, <SimProcedure inet_addr>). Re-hooking.[0m[0m
[1;33;40mWARNING - 2023-01-04 15:34:56,954 - [34mangr.project[0m - [34mAddress is already hooked, during hook(0x500120, <SimProcedure sendto>). Re-hooking.[0m[0m
[1;33;40mWARNING - 2023-01-04 15:34:56,956 - [34mangr.project[0m - [34mAddress is already hooked, during hook(0x500120, <SimProcedure sendto>). Re-hooking.[0m[0m
[1;33;40mWARNING - 2023-01-04 15:34:56,996 - [34mangr.project[0m - [34mAddress is already hooked, during hook(0x500100, <SimProcedure WSAStartup>). Re-hooking.[0m[0m
[1;33;40mWARNING - 2023-01-04 15:34:56,997 - [34mangr.project[0m - [34mAddress is already hooked, during hook(0x500100, <SimProcedure WSAStartup>). Re-hooking.[0m[0m
[1;33;40mWARNING - 2023-01-04 15:34:56,998 - [34mangr.project[0m - [34mAddress is already hooked, during hook(0x50010c, <SimProcedure WSACleanup>). Re-hooking.[0m[0m
[1;33;40mWARNING - 2023-01-04 15:34:56,999 - [34mangr.project[0m - [34mAddress is already hooked, during hook(0x50010c, <SimProcedure WSACleanup>). Re-hooking.[0m[0m
[1;33;40mWARNING - 2023-01-04 15:34:57,000 - [34mangr.project[0m - [34mAddress is already hooked, during hook(0x500120, <SimProcedure sendto>). Re-hooking.[0m[0m
[1;33;40mWARNING - 2023-01-04 15:34:57,001 - [34mangr.project[0m - [34mAddress is already hooked, during hook(0x500120, <SimProcedure sendto>). Re-hooking.[0m[0m
[1;33;40mWARNING - 2023-01-04 15:34:57,002 - [34mangr.project[0m - [34mAddress is already hooked, during hook(0x500114, <SimProcedure connect>). Re-hooking.[0m[0m
[1;33;40mWARNING - 2023-01-04 15:34:57,003 - [34mangr.project[0m - [34mAddress is already hooked, during hook(0x500114, <SimProcedure connect>). Re-hooking.[0m[0m
[1;33;40mWARNING - 2023-01-04 15:34:57,006 - [34mangr.project[0m - [34mAddress is already hooked, during hook(0x5000f0, <SimProcedure __WSAFDIsSet>). Re-hooking.[0m[0m
[1;33;40mWARNING - 2023-01-04 15:34:57,007 - [34mangr.project[0m - [34mAddress is already hooked, during hook(0x5000f0, <SimProcedure __WSAFDIsSet>). Re-hooking.[0m[0m
[1;33;40mWARNING - 2023-01-04 15:34:57,011 - [34mangr.project[0m - [34mAddress is already hooked, during hook(0x50011c, <SimProcedure inet_addr>). Re-hooking.[0m[0m
[1;33;40mWARNING - 2023-01-04 15:34:57,012 - [34mangr.project[0m - [34mAddress is already hooked, during hook(0x50011c, <SimProcedure inet_addr>). Re-hooking.[0m[0m
[1;33;40mWARNING - 2023-01-04 15:34:57,018 - [34mangr.project[0m - [34mAddress is already hooked, during hook(0x5000f0, <SimProcedure __WSAFDIsSet>). Re-hooking.[0m[0m
[1;33;40mWARNING - 2023-01-04 15:34:57,019 - [34mangr.project[0m - [34mAddress is already hooked, during hook(0x5000f0, <SimProcedure __WSAFDIsSet>). Re-hooking.[0m[0m
[1;33;40mWARNING - 2023-01-04 15:34:57,036 - [34mangr.project[0m - [34mAddress is already hooked, during hook(0x500100, <SimProcedure WSAStartup>). Re-hooking.[0m[0m
[1;33;40mWARNING - 2023-01-04 15:34:57,037 - [34mangr.project[0m - [34mAddress is already hooked, during hook(0x500100, <SimProcedure WSAStartup>). Re-hooking.[0m[0m
[1;33;40mWARNING - 2023-01-04 15:34:57,052 - [34mangr.project[0m - [34mAddress is already hooked, during hook(0x5000fc, <SimProcedure closesocket>). Re-hooking.[0m[0m
[1;33;40mWARNING - 2023-01-04 15:34:57,053 - [34mangr.project[0m - [34mAddress is already hooked, during hook(0x5000fc, <SimProcedure closesocket>). Re-hooking.[0m[0m
[1;33;40mWARNING - 2023-01-04 15:34:57,064 - [34mangr.project[0m - [34mAddress is already hooked, during hook(0x50010c, <SimProcedure WSACleanup>). Re-hooking.[0m[0m
[1;33;40mWARNING - 2023-01-04 15:34:57,065 - [34mangr.project[0m - [34mAddress is already hooked, during hook(0x50010c, <SimProcedure WSACleanup>). Re-hooking.[0m[0m
[1;33;40mWARNING - 2023-01-04 15:34:57,081 - [34mangr.project[0m - [34mAddress is already hooked, during hook(0x5000dc, <SimProcedure ShellExecuteExA>). Re-hooking.[0m[0m
[1;33;40mWARNING - 2023-01-04 15:34:57,082 - [34mangr.project[0m - [34mAddress is already hooked, during hook(0x5000dc, <SimProcedure ShellExecuteExA>). Re-hooking.[0m[0m
[1;33;40mWARNING - 2023-01-04 15:34:57,111 - [34mangr.project[0m - [34mAddress is already hooked, during hook(0x5000e0, <SimProcedure ShellExecuteA>). Re-hooking.[0m[0m
[1;33;40mWARNING - 2023-01-04 15:34:57,112 - [34mangr.project[0m - [34mAddress is already hooked, during hook(0x5000e0, <SimProcedure ShellExecuteA>). Re-hooking.[0m[0m
[1;33;40mWARNING - 2023-01-04 15:34:57,114 - [34mangr.project[0m - [34mAddress is already hooked, during hook(0x5000dc, <SimProcedure ShellExecuteExA>). Re-hooking.[0m[0m
[1;33;40mWARNING - 2023-01-04 15:34:57,115 - [34mangr.project[0m - [34mAddress is already hooked, during hook(0x5000dc, <SimProcedure ShellExecuteExA>). Re-hooking.[0m[0m
[1;33;40mWARNING - 2023-01-04 15:34:57,208 - [34mangr.project[0m - [34mAddress is already hooked, during hook(0x5000e0, <SimProcedure ShellExecuteA>). Re-hooking.[0m[0m
[1;33;40mWARNING - 2023-01-04 15:34:57,209 - [34mangr.project[0m - [34mAddress is already hooked, during hook(0x5000e0, <SimProcedure ShellExecuteA>). Re-hooking.[0m[0m
[1;32;40mINFO - 2023-01-04 15:34:57,311 - [33mwerkzeug[0m - [33m172.17.0.1 - - [04/Jan/2023 15:34:57] "GET /iteration-scdg HTTP/1.1" 200 -[0m[0m
[1;32;40mINFO - 2023-01-04 15:34:57,343 - [33mwerkzeug[0m - [33m172.17.0.1 - - [04/Jan/2023 15:34:57] "GET /iteration-scdg HTTP/1.1" 200 -[0m[0m
[1;32;40mINFO - 2023-01-04 15:34:57,365 - [33mwerkzeug[0m - [33m172.17.0.1 - - [04/Jan/2023 15:34:57] "GET /progress-scdg HTTP/1.1" 200 -[0m[0m
[1;33;40mWARNING - 2023-01-04 15:34:57,376 - [34mangr.project[0m - [34mAddress is already hooked, during hook(0x5000d8, <SimProcedure SHChangeNotify>). Re-hooking.[0m[0m
[1;32;40mINFO - 2023-01-04 15:34:57,377 - [33mwerkzeug[0m - [33m172.17.0.1 - - [04/Jan/2023 15:34:57] "GET /progress-scdg HTTP/1.1" 200 -[0m[0m
[1;33;40mWARNING - 2023-01-04 15:34:57,379 - [34mangr.project[0m - [34mAddress is already hooked, during hook(0x5000d8, <SimProcedure SHChangeNotify>). Re-hooking.[0m[0m
[1;32;40mINFO - 2023-01-04 15:34:57,427 - [36mCustomSimProcedure[0m - [36mSyscall found:  __p__fmode[][0m[0m
[1;32;40mINFO - 2023-01-04 15:34:57,435 - [36mCustomSimProcedure[0m - [36mSyscall found:  __p__commode[][0m[0m
[1;32;40mINFO - 2023-01-04 15:34:57,460 - [36mCustomSimProcedure[0m - [36mSyscall found:  _controlfp[][0m[0m
[1;32;40mINFO - 2023-01-04 15:34:57,490 - [36mCustomSimProcedure[0m - [36mSyscall found:  __getmainargs[<BV32 0x7ffefe48>, <BV32 0x7ffefe38>, <BV32 0x7ffefe44>, <BV32 0x0>, <BV32 0x7ffefe3c>][0m[0m
[1;32;40mINFO - 2023-01-04 15:34:57,936 - [36mCustomSimProcedure[0m - [36mSyscall found:  GetStartupInfoA[<BV32 0x7ffefe4c>][0m[0m
[1;32;40mINFO - 2023-01-04 15:34:57,958 - [36mCustomSimProcedure[0m - [36mSyscall found:  GetModuleHandleA[<BV32 0x0>][0m[0m
[1;32;40mINFO - 2023-01-04 15:34:57,986 - [37mCustomSimProcedureWindows[0m - [37mLoadLibraryA: Symbol not found[0m[0m
[1;32;40mINFO - 2023-01-04 15:34:58,008 - [36mCustomSimProcedure[0m - {"ordinal.823.b'mfc42.dll'": 5242880, "ordinal.825.b'mfc42.dll'": 5242884, '_controlfp': 5242888, '__set_app_type': 5242892, '__p__fmode': 5242896, '__p__commode': 5242900, '_adjust_fdiv': 5242904, '__setusermatherr': 5242908, '_initterm': 5242912, '__getmainargs': 5242916, '_acmdln': 5242920, 'exit': 5242924, '_XcptFilter': 5242928, '_exit': 5242932, 'strncmp': 5242936, '_except_handler3': 5242940, 'strstr': 5242944, 'strcspn': 5242948, 'strncpy': 5242952, 'atoi': 5242956, 'time': 5242960, 'srand': 5242964, 'rand': 5242968, 'realloc': 5242972, 'free': 5242976, 'malloc': 5242980, 'sprintf': 5242984, 'ExitProcess': 5242988, 'Sleep': 5242992, 'lstrcpyA': 5242996, 'CreateProcessA': 5243000, 'TerminateProcess': 5243004, 'ExitThread': 5243008, 'GetStartupInfoA': 5243012, 'GetModuleHandleA': 5243016, 'WaitForSingleObject': 5243020, 'CreateFileA': 5243024, 'SetFilePointer': 5243028, 'WriteFile': 5243032, 'lstrcpynA': 5243036, 'lstrlenA': 5243040, 'OpenMutexA': 5243044, 'ReleaseMutex': 5243048, 'GetComputerNameA': 5243052, 'GetCurrentProcess': 5243056, 'GetCurrentThread': 5243060, 'CloseHandle': 5243064, 'CreateThread': 5243068, 'LoadLibraryA': 5243072, 'GetProcAddress': 5243076, 'GetSystemDefaultUILanguage': 5243080, 'GetTickCount': 5243084, 'GetDesktopWindow': 5243088, 'wsprintfA': 5243092, 'SHChangeNotify': 5243096, 'ShellExecuteExA': 5243100, 'ShellExecuteA': 5243104, 'SHDeleteKeyA': 5243108, 'setsockopt': 5243112, 'recv': 5243116, '__WSAFDIsSet': 5243120, 'select': 5243124, 'WSAIoctl': 5243128, 'closesocket': 5243132, 'WSAStartup': 5243136, 'inet_ntoa': 5243140, 'htonl': 5243144, 'WSACleanup': 5243148, 'socket': 5243152, 'connect': 5243156, 'send': 5243160, 'inet_addr': 5243164, 'sendto': 5243168, 'htons': 5243172, 'GetIfTable': 5243176, 'GetAdaptersInfo': 5243180, 'KiUserExceptionDispatcher': 6295572, '_fmode': 6295576, '_commode': 6295580, '_wcmdln': 6295584, 'kernel32.dll': 6295588}[0m
[1;32;40mINFO - 2023-01-04 15:34:58,010 - [36mCustomSimProcedure[0m - [36mWas in angr :msvcrt.dll[0m[0m
[1;32;40mINFO - 2023-01-04 15:34:58,049 - [36mCustomSimProcedure[0m - [36mWas in angr :kernel32.dll[0m[0m
[1;33;40mWARNING - 2023-01-04 15:34:58,152 - [34mangr.project[0m - [34mAddress is already hooked, during hook(0x5000e4, <SimProcedure SHDeleteKeyA>). Not re-hooking.[0m[0m
[1;33;40mWARNING - 2023-01-04 15:34:58,175 - [34mangr.project[0m - [34mAddress is already hooked, during hook(0x5000dc, <SimProcedure ShellExecuteExA>). Not re-hooking.[0m[0m
[1;33;40mWARNING - 2023-01-04 15:34:58,175 - [34mangr.project[0m - [34mAddress is already hooked, during hook(0x5000e0, <SimProcedure ShellExecuteA>). Not re-hooking.[0m[0m
[1;33;40mWARNING - 2023-01-04 15:34:58,175 - [34mangr.project[0m - [34mAddress is already hooked, during hook(0x5000d8, <SimProcedure SHChangeNotify>). Not re-hooking.[0m[0m
[1;33;40mWARNING - 2023-01-04 15:34:58,184 - [34mangr.project[0m - [34mAddress is already hooked, during hook(0x500118, <SimProcedure send>). Not re-hooking.[0m[0m
[1;33;40mWARNING - 2023-01-04 15:34:58,184 - [34mangr.project[0m - [34mAddress is already hooked, during hook(0x50011c, <SimProcedure inet_addr>). Not re-hooking.[0m[0m
[1;33;40mWARNING - 2023-01-04 15:34:58,184 - [34mangr.project[0m - [34mAddress is already hooked, during hook(0x5000f0, <SimProcedure __WSAFDIsSet>). Not re-hooking.[0m[0m
[1;33;40mWARNING - 2023-01-04 15:34:58,184 - [34mangr.project[0m - [34mAddress is already hooked, during hook(0x5000e8, <SimProcedure setsockopt>). Not re-hooking.[0m[0m
[1;33;40mWARNING - 2023-01-04 15:34:58,184 - [34mangr.project[0m - [34mAddress is already hooked, during hook(0x500100, <SimProcedure WSAStartup>). Not re-hooking.[0m[0m
[1;33;40mWARNING - 2023-01-04 15:34:58,184 - [34mangr.project[0m - [34mAddress is already hooked, during hook(0x5000fc, <SimProcedure closesocket>). Not re-hooking.[0m[0m
[1;33;40mWARNING - 2023-01-04 15:34:58,184 - [34mangr.project[0m - [34mAddress is already hooked, during hook(0x500108, <SimProcedure htonl>). Not re-hooking.[0m[0m
[1;33;40mWARNING - 2023-01-04 15:34:58,185 - [34mangr.project[0m - [34mAddress is already hooked, during hook(0x500124, <SimProcedure htons>). Not re-hooking.[0m[0m
[1;33;40mWARNING - 2023-01-04 15:34:58,185 - [34mangr.project[0m - [34mAddress is already hooked, during hook(0x50010c, <SimProcedure WSACleanup>). Not re-hooking.[0m[0m
[1;32;40mINFO - 2023-01-04 15:34:58,188 - [36mCustomSimProcedure[0m - [36mWas in angr :user32.dll[0m[0m
[1;33;40mWARNING - 2023-01-04 15:34:58,190 - [36mCustomSimProcedure[0m - [36mProcedure wsprintfA in DLL user32.dll has 3 arguments in json and 2 arguments in angr prototype. Taking number of arguments from json.[0m[0m
[1;33;40mWARNING - 2023-01-04 15:34:58,190 - [36mCustomSimProcedure[0m - [36mProcedure wsprintfW in DLL user32.dll has 3 arguments in json and 2 arguments in angr prototype. Taking number of arguments from json.[0m[0m
[1;33;40mWARNING - 2023-01-04 15:34:58,231 - [34mangr.project[0m - [34mAddress is already hooked, during hook(0x500050, <SimProcedure time>). Not re-hooking.[0m[0m
[1;33;40mWARNING - 2023-01-04 15:34:58,231 - [34mangr.project[0m - [34mAddress is already hooked, during hook(0x601014, <SimProcedure KiUserExceptionDispatcher>). Not re-hooking.[0m[0m
[1;32;40mINFO - 2023-01-04 15:34:58,231 - [36mCustomSimProcedure[0m - [36mNo hooks for: {"ordinal.823.b'mfc42.dll'": 5242880, "ordinal.825.b'mfc42.dll'": 5242884, '_controlfp': 5242888, '__set_app_type': 5242892, '_adjust_fdiv': 5242904, '__setusermatherr': 5242908, '_initterm': 5242912, '__getmainargs': 5242916, '_acmdln': 5242920, '_XcptFilter': 5242928, '_except_handler3': 5242940, 'WSAIoctl': 5243128, 'GetIfTable': 5243176, '_fmode': 6295576, '_commode': 6295580, '_wcmdln': 6295584, 'kernel32.dll': 6295588}[0m[0m
[1;32;40mINFO - 2023-01-04 15:34:58,234 - [36mCustomSimProcedure[0m - [36mSyscall found:  LoadLibraryA[<BV32 0x407144>][0m[0m
[1;32;40mINFO - 2023-01-04 15:34:58,259 - [37mCustomSimProcedureWindows[0m - [37mGetProcAddress: GetLastError[0m[0m
[1;32;40mINFO - 2023-01-04 15:34:58,259 - [37mCustomSimProcedureWindows[0m - [37mGetProcAddress - Query to lib : kernel32.dll[0m[0m
[1;32;40mINFO - 2023-01-04 15:34:58,259 - [37mCustomSimProcedureWindows[0m - [37mGetProcAddress: Symbol not found[0m[0m
[1;32;40mINFO - 2023-01-04 15:34:58,260 - [36mCustomSimProcedure[0m - [36mSyscall found:  GetProcAddress[<BV32 0x601024>, <BV32 0x4072ac>][0m[0m
[1;32;40mINFO - 2023-01-04 15:34:58,279 - [36mCustomSimProcedure[0m - [36mSyscall found:  LoadLibraryA[<BV32 0x407144>][0m[0m
[1;32;40mINFO - 2023-01-04 15:34:58,296 - [37mCustomSimProcedureWindows[0m - [37mGetProcAddress: ExitProcess[0m[0m
[1;32;40mINFO - 2023-01-04 15:34:58,296 - [36mCustomSimProcedure[0m - [36mSyscall found:  GetProcAddress[<BV32 0x601024>, <BV32 0x4072bc>][0m[0m
[1;32;40mINFO - 2023-01-04 15:34:58,314 - [36mCustomSimProcedure[0m - [36mSyscall found:  LoadLibraryA[<BV32 0x407144>][0m[0m
[1;32;40mINFO - 2023-01-04 15:34:58,332 - [37mCustomSimProcedureWindows[0m - [37mGetProcAddress: GetCurrentThreadId[0m[0m
[1;32;40mINFO - 2023-01-04 15:34:58,333 - [37mCustomSimProcedureWindows[0m - [37mGetProcAddress - Query to lib : kernel32.dll[0m[0m
[1;32;40mINFO - 2023-01-04 15:34:58,333 - [37mCustomSimProcedureWindows[0m - [37mGetProcAddress: Symbol not found[0m[0m
[1;32;40mINFO - 2023-01-04 15:34:58,333 - [36mCustomSimProcedure[0m - [36mSyscall found:  GetProcAddress[<BV32 0x601024>, <BV32 0x4072c8>][0m[0m
[1;32;40mINFO - 2023-01-04 15:34:58,353 - [36mCustomSimProcedure[0m - [36mSyscall found:  LoadLibraryA[<BV32 0x407144>][0m[0m
[1;32;40mINFO - 2023-01-04 15:34:58,373 - [37mCustomSimProcedureWindows[0m - [37mGetProcAddress: CreateMutexA[0m[0m
[1;32;40mINFO - 2023-01-04 15:34:58,374 - [37mCustomSimProcedureWindows[0m - [37mGetProcAddress - Query to lib : kernel32.dll[0m[0m
[1;32;40mINFO - 2023-01-04 15:34:58,374 - [37mCustomSimProcedureWindows[0m - [37mGetProcAddress: Symbol not found[0m[0m
[1;32;40mINFO - 2023-01-04 15:34:58,374 - [36mCustomSimProcedure[0m - [36mSyscall found:  GetProcAddress[<BV32 0x601024>, <BV32 0x4072dc>][0m[0m
[1;32;40mINFO - 2023-01-04 15:34:58,395 - [36mCustomSimProcedure[0m - [36mSyscall found:  LoadLibraryA[<BV32 0x407144>][0m[0m
[1;32;40mINFO - 2023-01-04 15:34:58,407 - [33mwerkzeug[0m - [33m172.17.0.1 - - [04/Jan/2023 15:34:58] "GET /iteration-scdg HTTP/1.1" 200 -[0m[0m
[1;32;40mINFO - 2023-01-04 15:34:58,408 - [33mwerkzeug[0m - [33m172.17.0.1 - - [04/Jan/2023 15:34:58] "GET /progress-scdg HTTP/1.1" 200 -[0m[0m
[1;32;40mINFO - 2023-01-04 15:34:58,419 - [37mCustomSimProcedureWindows[0m - [37mGetProcAddress: GetModuleFileNameA[0m[0m
[1;32;40mINFO - 2023-01-04 15:34:58,419 - [37mCustomSimProcedureWindows[0m - [37mGetProcAddress - Query to lib : kernel32.dll[0m[0m
[1;32;40mINFO - 2023-01-04 15:34:58,419 - [37mCustomSimProcedureWindows[0m - [37mGetProcAddress: Symbol not found[0m[0m
[1;32;40mINFO - 2023-01-04 15:34:58,419 - [36mCustomSimProcedure[0m - [36mSyscall found:  GetProcAddress[<BV32 0x601024>, <BV32 0x4073ac>][0m[0m
[1;32;40mINFO - 2023-01-04 15:34:58,438 - [37mCustomSimProcedureWindows[0m - [37mLoadLibraryA: Symbol not found[0m[0m
[1;32;40mINFO - 2023-01-04 15:34:58,824 - [36mCustomSimProcedure[0m - {"ordinal.823.b'mfc42.dll'": 5242880, "ordinal.825.b'mfc42.dll'": 5242884, '_controlfp': 5242888, '__set_app_type': 5242892, '__p__fmode': 5242896, '__p__commode': 5242900, '_adjust_fdiv': 5242904, '__setusermatherr': 5242908, '_initterm': 5242912, '__getmainargs': 5242916, '_acmdln': 5242920, 'exit': 5242924, '_XcptFilter': 5242928, '_exit': 5242932, 'strncmp': 5242936, '_except_handler3': 5242940, 'strstr': 5242944, 'strcspn': 5242948, 'strncpy': 5242952, 'atoi': 5242956, 'time': 5242960, 'srand': 5242964, 'rand': 5242968, 'realloc': 5242972, 'free': 5242976, 'malloc': 5242980, 'sprintf': 5242984, 'ExitProcess': 5242988, 'Sleep': 5242992, 'lstrcpyA': 5242996, 'CreateProcessA': 5243000, 'TerminateProcess': 5243004, 'ExitThread': 5243008, 'GetStartupInfoA': 5243012, 'GetModuleHandleA': 5243016, 'WaitForSingleObject': 5243020, 'CreateFileA': 5243024, 'SetFilePointer': 5243028, 'WriteFile': 5243032, 'lstrcpynA': 5243036, 'lstrlenA': 5243040, 'OpenMutexA': 5243044, 'ReleaseMutex': 5243048, 'GetComputerNameA': 5243052, 'GetCurrentProcess': 5243056, 'GetCurrentThread': 5243060, 'CloseHandle': 5243064, 'CreateThread': 5243068, 'LoadLibraryA': 5243072, 'GetProcAddress': 5243076, 'GetSystemDefaultUILanguage': 5243080, 'GetTickCount': 5243084, 'GetDesktopWindow': 5243088, 'wsprintfA': 5243092, 'SHChangeNotify': 5243096, 'ShellExecuteExA': 5243100, 'ShellExecuteA': 5243104, 'SHDeleteKeyA': 5243108, 'setsockopt': 5243112, 'recv': 5243116, '__WSAFDIsSet': 5243120, 'select': 5243124, 'WSAIoctl': 5243128, 'closesocket': 5243132, 'WSAStartup': 5243136, 'inet_ntoa': 5243140, 'htonl': 5243144, 'WSACleanup': 5243148, 'socket': 5243152, 'connect': 5243156, 'send': 5243160, 'inet_addr': 5243164, 'sendto': 5243168, 'htons': 5243172, 'GetIfTable': 5243176, 'GetAdaptersInfo': 5243180, 'KiUserExceptionDispatcher': 6295572, '_fmode': 6295576, '_commode': 6295580, '_wcmdln': 6295584, 'kernel32.dll': 6295588, 'GetLastError': 6295592, 'GetCurrentThreadId': 6295596, 'CreateMutexA': 6295600, 'GetModuleFileNameA': 6295604, 'advapi32.dll': 6295608}[0m
[1;32;40mINFO - 2023-01-04 15:34:58,826 - [36mCustomSimProcedure[0m - [36mWas in angr :msvcrt.dll[0m[0m
[1;32;40mINFO - 2023-01-04 15:34:58,867 - [36mCustomSimProcedure[0m - [36mWas in angr :kernel32.dll[0m[0m
[1;33;40mWARNING - 2023-01-04 15:34:58,965 - [34mangr.project[0m - [34mAddress is already hooked, during hook(0x5000e4, <SimProcedure SHDeleteKeyA>). Not re-hooking.[0m[0m
[1;33;40mWARNING - 2023-01-04 15:34:58,993 - [34mangr.project[0m - [34mAddress is already hooked, during hook(0x5000dc, <SimProcedure ShellExecuteExA>). Not re-hooking.[0m[0m
[1;33;40mWARNING - 2023-01-04 15:34:58,993 - [34mangr.project[0m - [34mAddress is already hooked, during hook(0x5000e0, <SimProcedure ShellExecuteA>). Not re-hooking.[0m[0m
[1;33;40mWARNING - 2023-01-04 15:34:58,993 - [34mangr.project[0m - [34mAddress is already hooked, during hook(0x5000d8, <SimProcedure SHChangeNotify>). Not re-hooking.[0m[0m
[1;33;40mWARNING - 2023-01-04 15:34:59,002 - [34mangr.project[0m - [34mAddress is already hooked, during hook(0x500118, <SimProcedure send>). Not re-hooking.[0m[0m
[1;33;40mWARNING - 2023-01-04 15:34:59,002 - [34mangr.project[0m - [34mAddress is already hooked, during hook(0x50011c, <SimProcedure inet_addr>). Not re-hooking.[0m[0m
[1;33;40mWARNING - 2023-01-04 15:34:59,002 - [34mangr.project[0m - [34mAddress is already hooked, during hook(0x5000f0, <SimProcedure __WSAFDIsSet>). Not re-hooking.[0m[0m
[1;33;40mWARNING - 2023-01-04 15:34:59,003 - [34mangr.project[0m - [34mAddress is already hooked, during hook(0x5000e8, <SimProcedure setsockopt>). Not re-hooking.[0m[0m
[1;33;40mWARNING - 2023-01-04 15:34:59,003 - [34mangr.project[0m - [34mAddress is already hooked, during hook(0x500100, <SimProcedure WSAStartup>). Not re-hooking.[0m[0m
[1;33;40mWARNING - 2023-01-04 15:34:59,003 - [34mangr.project[0m - [34mAddress is already hooked, during hook(0x5000fc, <SimProcedure closesocket>). Not re-hooking.[0m[0m
[1;33;40mWARNING - 2023-01-04 15:34:59,003 - [34mangr.project[0m - [34mAddress is already hooked, during hook(0x500108, <SimProcedure htonl>). Not re-hooking.[0m[0m
[1;33;40mWARNING - 2023-01-04 15:34:59,003 - [34mangr.project[0m - [34mAddress is already hooked, during hook(0x500124, <SimProcedure htons>). Not re-hooking.[0m[0m
[1;33;40mWARNING - 2023-01-04 15:34:59,003 - [34mangr.project[0m - [34mAddress is already hooked, during hook(0x50010c, <SimProcedure WSACleanup>). Not re-hooking.[0m[0m
[1;32;40mINFO - 2023-01-04 15:34:59,005 - [36mCustomSimProcedure[0m - [36mWas in angr :user32.dll[0m[0m
[1;33;40mWARNING - 2023-01-04 15:34:59,007 - [36mCustomSimProcedure[0m - [36mProcedure wsprintfA in DLL user32.dll has 3 arguments in json and 2 arguments in angr prototype. Taking number of arguments from json.[0m[0m
[1;33;40mWARNING - 2023-01-04 15:34:59,008 - [36mCustomSimProcedure[0m - [36mProcedure wsprintfW in DLL user32.dll has 3 arguments in json and 2 arguments in angr prototype. Taking number of arguments from json.[0m[0m
[1;32;40mINFO - 2023-01-04 15:34:59,045 - [36mCustomSimProcedure[0m - [36mWas in angr :advapi32.dll[0m[0m
[1;33;40mWARNING - 2023-01-04 15:34:59,093 - [34mangr.project[0m - [34mAddress is already hooked, during hook(0x500050, <SimProcedure time>). Not re-hooking.[0m[0m
[1;33;40mWARNING - 2023-01-04 15:34:59,094 - [34mangr.project[0m - [34mAddress is already hooked, during hook(0x601014, <SimProcedure KiUserExceptionDispatcher>). Not re-hooking.[0m[0m
[1;32;40mINFO - 2023-01-04 15:34:59,094 - [36mCustomSimProcedure[0m - [36mNo hooks for: {"ordinal.823.b'mfc42.dll'": 5242880, "ordinal.825.b'mfc42.dll'": 5242884, '_controlfp': 5242888, '__set_app_type': 5242892, '_adjust_fdiv': 5242904, '__setusermatherr': 5242908, '_initterm': 5242912, '__getmainargs': 5242916, '_acmdln': 5242920, '_XcptFilter': 5242928, '_except_handler3': 5242940, 'WSAIoctl': 5243128, 'GetIfTable': 5243176, '_fmode': 6295576, '_commode': 6295580, '_wcmdln': 6295584, 'kernel32.dll': 6295588, 'advapi32.dll': 6295608}[0m[0m
[1;32;40mINFO - 2023-01-04 15:34:59,102 - [36mCustomSimProcedure[0m - [36mSyscall found:  LoadLibraryA[<BV32 0x407154>][0m[0m
[1;32;40mINFO - 2023-01-04 15:34:59,126 - [37mCustomSimProcedureWindows[0m - [37mGetProcAddress: StartServiceCtrlDispatcherA[0m[0m
[1;32;40mINFO - 2023-01-04 15:34:59,126 - [37mCustomSimProcedureWindows[0m - [37mGetProcAddress - Query to lib : advapi32.dll[0m[0m
[1;32;40mINFO - 2023-01-04 15:34:59,126 - [37mCustomSimProcedureWindows[0m - [37mGetProcAddress: Symbol not found[0m[0m
[1;32;40mINFO - 2023-01-04 15:34:59,127 - [36mCustomSimProcedure[0m - [36mSyscall found:  GetProcAddress[<BV32 0x601038>, <BV32 0x4073d8>][0m[0m
[1;32;40mINFO - 2023-01-04 15:34:59,150 - [36mCustomSimProcedure[0m - [36mSyscall found:  LoadLibraryA[<BV32 0x407144>][0m[0m
[1;32;40mINFO - 2023-01-04 15:34:59,166 - [37mCustomSimProcedureWindows[0m - [37mGetProcAddress: Sleep[0m[0m
[1;32;40mINFO - 2023-01-04 15:34:59,167 - [36mCustomSimProcedure[0m - [36mSyscall found:  GetProcAddress[<BV32 0x601024>, <BV32 0x4072ec>][0m[0m
[1;32;40mINFO - 2023-01-04 15:34:59,192 - [36mCustomSimProcedure[0m - [36mSyscall found:  GetModuleHandleA[<BV32 0x0>][0m[0m
[1;32;40mINFO - 2023-01-04 15:34:59,202 - [37mCustomSimProcedureWindows[0m - [37mGetModuleFileNameA: b'MZ\x90'[0m[0m
[1;32;40mINFO - 2023-01-04 15:34:59,203 - [36mCustomSimProcedure[0m - [36mSyscall found:  GetModuleFileNameA[<BV32 0x400000>, <BV32 0x7ffefcf0>, <BV32 0x104>][0m[0m
[1;32;40mINFO - 2023-01-04 15:34:59,229 - [36mCustomSimProcedure[0m - [36mSyscall found:  LoadLibraryA[<BV32 0x407154>][0m[0m
[1;32;40mINFO - 2023-01-04 15:34:59,248 - [37mCustomSimProcedureWindows[0m - [37mGetProcAddress: RegCloseKey[0m[0m
[1;32;40mINFO - 2023-01-04 15:34:59,248 - [37mCustomSimProcedureWindows[0m - [37mGetProcAddress - Query to lib : advapi32.dll[0m[0m
[1;32;40mINFO - 2023-01-04 15:34:59,248 - [37mCustomSimProcedureWindows[0m - [37mGetProcAddress: Symbol not found[0m[0m
[1;32;40mINFO - 2023-01-04 15:34:59,248 - [36mCustomSimProcedure[0m - [36mSyscall found:  GetProcAddress[<BV32 0x601038>, <BV32 0x4071a4>][0m[0m
[1;32;40mINFO - 2023-01-04 15:34:59,266 - [36mCustomSimProcedure[0m - [36mSyscall found:  LoadLibraryA[<BV32 0x407154>][0m[0m
[1;32;40mINFO - 2023-01-04 15:34:59,284 - [37mCustomSimProcedureWindows[0m - [37mGetProcAddress: RegOpenKeyExA[0m[0m
[1;32;40mINFO - 2023-01-04 15:34:59,284 - [37mCustomSimProcedureWindows[0m - [37mGetProcAddress - Query to lib : advapi32.dll[0m[0m
[1;32;40mINFO - 2023-01-04 15:34:59,284 - [37mCustomSimProcedureWindows[0m - [37mGetProcAddress: Symbol not found[0m[0m
[1;32;40mINFO - 2023-01-04 15:34:59,284 - [36mCustomSimProcedure[0m - [36mSyscall found:  GetProcAddress[<BV32 0x601038>, <BV32 0x407374>][0m[0m
[1;32;40mINFO - 2023-01-04 15:34:59,907 - [36mCustomSimProcedure[0m - [36mSyscall found:  RegOpenKeyExA[<BV32 0x80000002>, <BV32 0x7ffefba8>, <BV32 0x0>, <BV32 0xf003f>, <BV32 0x7ffefcb0>][0m[0m
[1;32;40mINFO - 2023-01-04 15:34:59,937 - [36mCustomSimProcedure[0m - [36mSyscall found:  RegCloseKey[<BV32 key_handle_RegOpenKeyExA_32769_32[7:0] .. key_handle_RegOpenKeyExA_32769_32[15:8] .. key_handle_RegOpenKeyExA_32769_32[23:16] .. key_handle_RegOpenKeyExA_32769_32[31:24]>][0m[0m
[1;32;40mINFO - 2023-01-04 15:34:59,987 - [36mCustomSimProcedure[0m - [36mSyscall found:  StartServiceCtrlDispatcherA[<BV32 0x7ffefdf4>][0m[0m
[1;32;40mINFO - 2023-01-04 15:35:00,022 - [31mToolChainExplorerAnotherCDFS[0m - [31mA new block of execution have been executed with changes in sim_manager.[0m[0m
[1;32;40mINFO - 2023-01-04 15:35:00,022 - [31mToolChainExplorerAnotherCDFS[0m - [31mCurrently, simulation manager is :[0m[0m
[1;32;40mINFO - 2023-01-04 15:35:00,023 - [31mToolChainExplorerAnotherCDFS[0m - [31m<SimulationManager with 1 deadended>[0m[0m
[1;32;40mINFO - 2023-01-04 15:35:00,023 - [31mToolChainExplorerAnotherCDFS[0m - [31mpause stash len :0[0m[0m
[1;32;40mINFO - 2023-01-04 15:35:00,023 - [31mToolChainExplorerAnotherCDFS[0m - [31mlen(simgr.active) <= 0 or deadended >= self.max_end_state)[0m[0m
[1;32;40mINFO - 2023-01-04 15:35:00,026 - [37mGraphBuilder[0m - [37mOutput dir :src/output/runs/70//nitol[0m[0m
