[1;33;40mWARNING - 2023-01-04 10:11:25,604 - [34mangr.project[0m - [34mDisabling IRSB translation cache because support for self-modifying code is enabled.[0m[0m
[1;32;40mINFO - 2023-01-04 10:11:27,033 - [33mwerkzeug[0m - [33m172.17.0.1 - - [04/Jan/2023 10:11:27] "GET /iteration-scdg HTTP/1.1" 200 -[0m[0m
[1;32;40mINFO - 2023-01-04 10:11:27,064 - [33mwerkzeug[0m - [33m172.17.0.1 - - [04/Jan/2023 10:11:27] "GET /progress-scdg HTTP/1.1" 200 -[0m[0m
[1;32;40mINFO - 2023-01-04 10:11:28,486 - [36mCustomSimProcedure[0m - {'GetProcAddress': 5242880, 'GetModuleHandleA': 5242884, 'GetStartupInfoA': 5242888, 'GetCommandLineA': 5242892, 'GetVersion': 5242896, 'ExitProcess': 5242900, 'TerminateProcess': 5242904, 'GetCurrentProcess': 5242908, 'UnhandledExceptionFilter': 5242912, 'GetModuleFileNameA': 5242916, 'FreeEnvironmentStringsA': 5242920, 'FreeEnvironmentStringsW': 5242924, 'WideCharToMultiByte': 5242928, 'GetEnvironmentStrings': 5242932, 'GetEnvironmentStringsW': 5242936, 'SetHandleCount': 5242940, 'GetStdHandle': 5242944, 'GetFileType': 5242948, 'GetCurrentThreadId': 5242952, 'TlsSetValue': 5242956, 'TlsAlloc': 5242960, 'SetLastError': 5242964, 'TlsGetValue': 5242968, 'GetLastError': 5242972, 'GetEnvironmentVariableA': 5242976, 'GetVersionExA': 5242980, 'HeapDestroy': 5242984, 'HeapCreate': 5242988, 'VirtualFree': 5242992, 'HeapFree': 5242996, 'RtlUnwind': 5243000, 'WriteFile': 5243004, 'InitializeCriticalSection': 5243008, 'EnterCriticalSection': 5243012, 'LeaveCriticalSection': 5243016, 'GetCPInfo': 5243020, 'GetACP': 5243024, 'GetOEMCP': 5243028, 'HeapAlloc': 5243032, 'VirtualAlloc': 5243036, 'HeapReAlloc': 5243040, 'LoadLibraryA': 5243044, 'MultiByteToWideChar': 5243048, 'LCMapStringA': 5243052, 'LCMapStringW': 5243056, 'GetStringTypeA': 5243060, 'GetStringTypeW': 5243064, 'InterlockedDecrement': 5243068, 'InterlockedIncrement': 5243072, 'Loader': 4569407, 'KiUserExceptionDispatcher': 6295572, '_fmode': 6295576, '_commode': 6295580, '_acmdln': 6295584, '_wcmdln': 6295588}[0m
[1;32;40mINFO - 2023-01-04 10:11:28,486 - [36mCustomSimProcedure[0m - [36mWas in angr :kernel32.dll[0m[0m
[1;33;40mWARNING - 2023-01-04 10:11:28,576 - [34mangr.project[0m - [34mAddress is already hooked, during hook(0x5000bc, <SimProcedure InterlockedDecrement>). Not re-hooking.[0m[0m
[1;33;40mWARNING - 2023-01-04 10:11:28,577 - [34mangr.project[0m - [34mAddress is already hooked, during hook(0x5000c0, <SimProcedure InterlockedIncrement>). Not re-hooking.[0m[0m
[1;33;40mWARNING - 2023-01-04 10:11:28,577 - [34mangr.project[0m - [34mAddress is already hooked, during hook(0x601014, <SimProcedure KiUserExceptionDispatcher>). Not re-hooking.[0m[0m
[1;32;40mINFO - 2023-01-04 10:11:28,577 - [36mCustomSimProcedure[0m - [36mNo hooks for: {'Loader': 4569407, '_fmode': 6295576, '_commode': 6295580, '_acmdln': 6295584, '_wcmdln': 6295588}[0m[0m
[1;32;40mINFO - 2023-01-04 10:11:28,577 - [36mCustomSimProcedure[0m - [36mcustom_hook_static[0m[0m
[1;33;40mWARNING - 2023-01-04 10:11:28,577 - [34mangr.project[0m - [34mAddress 0x400000 not hooked[0m[0m
[1;33;40mWARNING - 2023-01-04 10:11:28,577 - [34mangr.project[0m - [34mAddress is already hooked, during hook(0x400000, <SimProcedure GetCommandLineA>). Not re-hooking.[0m[0m
[1;33;40mWARNING - 2023-01-04 10:11:28,578 - [34mangr.project[0m - [34mAddress is already hooked, during hook(0x400000, <SimProcedure ExitProcess>). Not re-hooking.[0m[0m
[1;33;40mWARNING - 2023-01-04 10:11:28,578 - [34mangr.project[0m - [34mAddress is already hooked, during hook(0x400000, <SimProcedure GetStdHandle>). Not re-hooking.[0m[0m
[1;33;40mWARNING - 2023-01-04 10:11:28,578 - [34mangr.project[0m - [34mAddress is already hooked, during hook(0x400000, <SimProcedure GetCurrentThreadId>). Not re-hooking.[0m[0m
[1;33;40mWARNING - 2023-01-04 10:11:28,578 - [34mangr.project[0m - [34mAddress is already hooked, during hook(0x400000, <SimProcedure TlsSetValue>). Not re-hooking.[0m[0m
[1;33;40mWARNING - 2023-01-04 10:11:28,578 - [34mangr.project[0m - [34mAddress is already hooked, during hook(0x400000, <SimProcedure TlsAlloc>). Not re-hooking.[0m[0m
[1;33;40mWARNING - 2023-01-04 10:11:28,578 - [34mangr.project[0m - [34mAddress is already hooked, during hook(0x400000, <SimProcedure TlsGetValue>). Not re-hooking.[0m[0m
[1;33;40mWARNING - 2023-01-04 10:11:28,579 - [34mangr.project[0m - [34mAddress is already hooked, during hook(0x400000, <SimProcedure HeapCreate>). Not re-hooking.[0m[0m
[1;33;40mWARNING - 2023-01-04 10:11:28,579 - [34mangr.project[0m - [34mAddress is already hooked, during hook(0x400000, <SimProcedure HeapFree>). Not re-hooking.[0m[0m
[1;33;40mWARNING - 2023-01-04 10:11:28,579 - [34mangr.project[0m - [34mAddress is already hooked, during hook(0x400000, <SimProcedure WriteFile>). Not re-hooking.[0m[0m
[1;33;40mWARNING - 2023-01-04 10:11:28,579 - [34mangr.project[0m - [34mAddress is already hooked, during hook(0x400000, <SimProcedure HeapAlloc>). Not re-hooking.[0m[0m
[1;33;40mWARNING - 2023-01-04 10:11:28,579 - [34mangr.project[0m - [34mAddress is already hooked, during hook(0x400000, <SimProcedure VirtualAlloc>). Not re-hooking.[0m[0m
[1;33;40mWARNING - 2023-01-04 10:11:28,579 - [34mangr.project[0m - [34mAddress is already hooked, during hook(0x400000, <SimProcedure HeapReAlloc>). Not re-hooking.[0m[0m
[1;33;40mWARNING - 2023-01-04 10:11:28,580 - [34mangr.project[0m - [34mAddress is already hooked, during hook(0x50000c, <SimProcedure GetCommandLineA>). Not re-hooking.[0m[0m
[1;33;40mWARNING - 2023-01-04 10:11:28,580 - [34mangr.project[0m - [34mAddress is already hooked, during hook(0x500014, <SimProcedure ExitProcess>). Not re-hooking.[0m[0m
[1;32;40mINFO - 2023-01-04 10:11:28,581 - [33mwerkzeug[0m - [33m172.17.0.1 - - [04/Jan/2023 10:11:28] "GET /iteration-scdg HTTP/1.1" 200 -[0m[0m
[1;33;40mWARNING - 2023-01-04 10:11:28,581 - [34mangr.project[0m - [34mAddress is already hooked, during hook(0x500040, <SimProcedure GetStdHandle>). Not re-hooking.[0m[0m
[1;32;40mINFO - 2023-01-04 10:11:28,582 - [33mwerkzeug[0m - [33m172.17.0.1 - - [04/Jan/2023 10:11:28] "GET /progress-scdg HTTP/1.1" 200 -[0m[0m
[1;33;40mWARNING - 2023-01-04 10:11:28,582 - [34mangr.project[0m - [34mAddress is already hooked, during hook(0x500048, <SimProcedure GetCurrentThreadId>). Not re-hooking.[0m[0m
[1;33;40mWARNING - 2023-01-04 10:11:28,583 - [34mangr.project[0m - [34mAddress is already hooked, during hook(0x50004c, <SimProcedure TlsSetValue>). Not re-hooking.[0m[0m
[1;33;40mWARNING - 2023-01-04 10:11:28,583 - [34mangr.project[0m - [34mAddress is already hooked, during hook(0x500050, <SimProcedure TlsAlloc>). Not re-hooking.[0m[0m
[1;33;40mWARNING - 2023-01-04 10:11:28,583 - [34mangr.project[0m - [34mAddress is already hooked, during hook(0x500058, <SimProcedure TlsGetValue>). Not re-hooking.[0m[0m
[1;33;40mWARNING - 2023-01-04 10:11:28,583 - [34mangr.project[0m - [34mAddress is already hooked, during hook(0x50006c, <SimProcedure HeapCreate>). Not re-hooking.[0m[0m
[1;33;40mWARNING - 2023-01-04 10:11:28,583 - [34mangr.project[0m - [34mAddress is already hooked, during hook(0x500074, <SimProcedure HeapFree>). Not re-hooking.[0m[0m
[1;33;40mWARNING - 2023-01-04 10:11:28,584 - [34mangr.project[0m - [34mAddress is already hooked, during hook(0x50007c, <SimProcedure WriteFile>). Not re-hooking.[0m[0m
[1;33;40mWARNING - 2023-01-04 10:11:28,584 - [34mangr.project[0m - [34mAddress is already hooked, during hook(0x500098, <SimProcedure HeapAlloc>). Not re-hooking.[0m[0m
[1;33;40mWARNING - 2023-01-04 10:11:28,584 - [34mangr.project[0m - [34mAddress is already hooked, during hook(0x50009c, <SimProcedure VirtualAlloc>). Not re-hooking.[0m[0m
[1;33;40mWARNING - 2023-01-04 10:11:28,584 - [34mangr.project[0m - [34mAddress is already hooked, during hook(0x5000a0, <SimProcedure HeapReAlloc>). Not re-hooking.[0m[0m
[1;33;40mWARNING - 2023-01-04 10:11:28,584 - [34mangr.project[0m - [34mAddress is already hooked, during hook(0x601014, <SimProcedure KiUserExceptionDispatcher>). Not re-hooking.[0m[0m
[1;32;40mINFO - 2023-01-04 10:11:28,584 - [36mCustomSimProcedure[0m - [36mcustom_hook_windows_symbols[0m[0m
[1;33;40mWARNING - 2023-01-04 10:11:28,993 - [34mangr.project[0m - [34mAddress is already hooked, during hook(0x500084, <SimProcedure EnterCriticalSection>). Re-hooking.[0m[0m
[1;33;40mWARNING - 2023-01-04 10:11:28,994 - [34mangr.project[0m - [34mAddress is already hooked, during hook(0x500084, <SimProcedure EnterCriticalSection>). Re-hooking.[0m[0m
[1;33;40mWARNING - 2023-01-04 10:11:29,178 - [34mangr.project[0m - [34mAddress is already hooked, during hook(0x500028, <SimProcedure FreeEnvironmentStringsA>). Re-hooking.[0m[0m
[1;33;40mWARNING - 2023-01-04 10:11:29,179 - [34mangr.project[0m - [34mAddress is already hooked, during hook(0x500028, <SimProcedure FreeEnvironmentStringsA>). Re-hooking.[0m[0m
[1;33;40mWARNING - 2023-01-04 10:11:29,180 - [34mangr.project[0m - [34mAddress is already hooked, during hook(0x50002c, <SimProcedure FreeEnvironmentStringsW>). Re-hooking.[0m[0m
[1;33;40mWARNING - 2023-01-04 10:11:29,181 - [34mangr.project[0m - [34mAddress is already hooked, during hook(0x50002c, <SimProcedure FreeEnvironmentStringsW>). Re-hooking.[0m[0m
[1;33;40mWARNING - 2023-01-04 10:11:29,216 - [34mangr.project[0m - [34mAddress is already hooked, during hook(0x50008c, <SimProcedure GetCPInfo>). Re-hooking.[0m[0m
[1;33;40mWARNING - 2023-01-04 10:11:29,217 - [34mangr.project[0m - [34mAddress is already hooked, during hook(0x50008c, <SimProcedure GetCPInfo>). Re-hooking.[0m[0m
[1;33;40mWARNING - 2023-01-04 10:11:29,422 - [34mangr.project[0m - [34mAddress is already hooked, during hook(0x500044, <SimProcedure GetFileType>). Re-hooking.[0m[0m
[1;33;40mWARNING - 2023-01-04 10:11:29,423 - [34mangr.project[0m - [34mAddress is already hooked, during hook(0x500044, <SimProcedure GetFileType>). Re-hooking.[0m[0m
[1;33;40mWARNING - 2023-01-04 10:11:29,557 - [34mangr.project[0m - [34mAddress is already hooked, during hook(0x500094, <SimProcedure GetOEMCP>). Re-hooking.[0m[0m
[1;33;40mWARNING - 2023-01-04 10:11:29,559 - [34mangr.project[0m - [34mAddress is already hooked, during hook(0x500094, <SimProcedure GetOEMCP>). Re-hooking.[0m[0m
[1;33;40mWARNING - 2023-01-04 10:11:29,672 - [34mangr.project[0m - [34mAddress is already hooked, during hook(0x500008, <SimProcedure GetStartupInfoA>). Re-hooking.[0m[0m
[1;33;40mWARNING - 2023-01-04 10:11:29,674 - [34mangr.project[0m - [34mAddress is already hooked, during hook(0x500008, <SimProcedure GetStartupInfoA>). Re-hooking.[0m[0m
[1;33;40mWARNING - 2023-01-04 10:11:29,680 - [34mangr.project[0m - [34mAddress is already hooked, during hook(0x5000b4, <SimProcedure GetStringTypeA>). Re-hooking.[0m[0m
[1;33;40mWARNING - 2023-01-04 10:11:29,681 - [34mangr.project[0m - [34mAddress is already hooked, during hook(0x5000b4, <SimProcedure GetStringTypeA>). Re-hooking.[0m[0m
[1;33;40mWARNING - 2023-01-04 10:11:29,687 - [34mangr.project[0m - [34mAddress is already hooked, during hook(0x5000b8, <SimProcedure GetStringTypeW>). Re-hooking.[0m[0m
[1;33;40mWARNING - 2023-01-04 10:11:29,689 - [34mangr.project[0m - [34mAddress is already hooked, during hook(0x5000b8, <SimProcedure GetStringTypeW>). Re-hooking.[0m[0m
[1;33;40mWARNING - 2023-01-04 10:11:29,805 - [34mangr.project[0m - [34mAddress is already hooked, during hook(0x500094, <SimProcedure GetOEMCP>). Re-hooking.[0m[0m
[1;33;40mWARNING - 2023-01-04 10:11:29,807 - [34mangr.project[0m - [34mAddress is already hooked, during hook(0x500094, <SimProcedure GetOEMCP>). Re-hooking.[0m[0m
[1;33;40mWARNING - 2023-01-04 10:11:29,811 - [34mangr.project[0m - [34mAddress is already hooked, during hook(0x500010, <SimProcedure GetVersion>). Re-hooking.[0m[0m
[1;33;40mWARNING - 2023-01-04 10:11:29,812 - [34mangr.project[0m - [34mAddress is already hooked, during hook(0x500010, <SimProcedure GetVersion>). Re-hooking.[0m[0m
[1;33;40mWARNING - 2023-01-04 10:11:29,814 - [34mangr.project[0m - [34mAddress is already hooked, during hook(0x500064, <SimProcedure GetVersionExA>). Re-hooking.[0m[0m
[1;33;40mWARNING - 2023-01-04 10:11:29,816 - [34mangr.project[0m - [34mAddress is already hooked, during hook(0x500064, <SimProcedure GetVersionExA>). Re-hooking.[0m[0m
[1;32;40mINFO - 2023-01-04 10:11:30,033 - [33mwerkzeug[0m - [33m172.17.0.1 - - [04/Jan/2023 10:11:30] "GET /iteration-scdg HTTP/1.1" 200 -[0m[0m
[1;32;40mINFO - 2023-01-04 10:11:30,045 - [33mwerkzeug[0m - [33m172.17.0.1 - - [04/Jan/2023 10:11:30] "GET /progress-scdg HTTP/1.1" 200 -[0m[0m
[1;33;40mWARNING - 2023-01-04 10:11:30,090 - [34mangr.project[0m - [34mAddress is already hooked, during hook(0x5000ac, <SimProcedure LCMapStringA>). Re-hooking.[0m[0m
[1;33;40mWARNING - 2023-01-04 10:11:30,092 - [34mangr.project[0m - [34mAddress is already hooked, during hook(0x5000ac, <SimProcedure LCMapStringA>). Re-hooking.[0m[0m
[1;33;40mWARNING - 2023-01-04 10:11:30,096 - [34mangr.project[0m - [34mAddress is already hooked, during hook(0x5000b0, <SimProcedure LCMapStringW>). Re-hooking.[0m[0m
[1;33;40mWARNING - 2023-01-04 10:11:30,097 - [34mangr.project[0m - [34mAddress is already hooked, during hook(0x5000b0, <SimProcedure LCMapStringW>). Re-hooking.[0m[0m
[1;33;40mWARNING - 2023-01-04 10:11:30,117 - [34mangr.project[0m - [34mAddress is already hooked, during hook(0x500088, <SimProcedure LeaveCriticalSection>). Re-hooking.[0m[0m
[1;33;40mWARNING - 2023-01-04 10:11:30,118 - [34mangr.project[0m - [34mAddress is already hooked, during hook(0x500088, <SimProcedure LeaveCriticalSection>). Re-hooking.[0m[0m
[1;33;40mWARNING - 2023-01-04 10:11:30,582 - [34mangr.project[0m - [34mAddress is already hooked, during hook(0x500078, <SimProcedure RtlUnwind>). Re-hooking.[0m[0m
[1;33;40mWARNING - 2023-01-04 10:11:30,583 - [34mangr.project[0m - [34mAddress is already hooked, during hook(0x500078, <SimProcedure RtlUnwind>). Re-hooking.[0m[0m
[1;33;40mWARNING - 2023-01-04 10:11:30,720 - [34mangr.project[0m - [34mAddress is already hooked, during hook(0x50003c, <SimProcedure SetHandleCount>). Re-hooking.[0m[0m
[1;33;40mWARNING - 2023-01-04 10:11:30,722 - [34mangr.project[0m - [34mAddress is already hooked, during hook(0x50003c, <SimProcedure SetHandleCount>). Re-hooking.[0m[0m
[1;33;40mWARNING - 2023-01-04 10:11:30,925 - [34mangr.project[0m - [34mAddress is already hooked, during hook(0x500020, <SimProcedure UnhandledExceptionFilter>). Re-hooking.[0m[0m
[1;33;40mWARNING - 2023-01-04 10:11:30,927 - [34mangr.project[0m - [34mAddress is already hooked, during hook(0x500020, <SimProcedure UnhandledExceptionFilter>). Re-hooking.[0m[0m
[1;33;40mWARNING - 2023-01-04 10:11:31,534 - [34mangr.project[0m - [34mAddress is already hooked, during hook(0x500070, <SimProcedure VirtualFree>). Re-hooking.[0m[0m
[1;33;40mWARNING - 2023-01-04 10:11:31,535 - [34mangr.project[0m - [34mAddress is already hooked, during hook(0x500070, <SimProcedure VirtualFree>). Re-hooking.[0m[0m
[1;33;40mWARNING - 2023-01-04 10:11:31,561 - [34mangr.project[0m - [34mAddress is already hooked, during hook(0x500020, <SimProcedure UnhandledExceptionFilter>). Re-hooking.[0m[0m
[1;33;40mWARNING - 2023-01-04 10:11:31,562 - [34mangr.project[0m - [34mAddress is already hooked, during hook(0x500020, <SimProcedure UnhandledExceptionFilter>). Re-hooking.[0m[0m
[1;33;40mWARNING - 2023-01-04 10:11:31,572 - [34mangr.project[0m - [34mAddress is already hooked, during hook(0x500070, <SimProcedure VirtualFree>). Re-hooking.[0m[0m
[1;33;40mWARNING - 2023-01-04 10:11:31,573 - [34mangr.project[0m - [34mAddress is already hooked, during hook(0x500070, <SimProcedure VirtualFree>). Re-hooking.[0m[0m
[1;33;40mWARNING - 2023-01-04 10:11:31,581 - [34mangr.project[0m - [34mAddress is already hooked, during hook(0x50001c, <SimProcedure GetCurrentProcess>). Re-hooking.[0m[0m
[1;33;40mWARNING - 2023-01-04 10:11:31,583 - [34mangr.project[0m - [34mAddress is already hooked, during hook(0x50001c, <SimProcedure GetCurrentProcess>). Re-hooking.[0m[0m
[1;33;40mWARNING - 2023-01-04 10:11:31,603 - [34mangr.project[0m - [34mAddress is already hooked, during hook(0x500088, <SimProcedure LeaveCriticalSection>). Re-hooking.[0m[0m
[1;33;40mWARNING - 2023-01-04 10:11:31,604 - [34mangr.project[0m - [34mAddress is already hooked, during hook(0x500088, <SimProcedure LeaveCriticalSection>). Re-hooking.[0m[0m
[1;33;40mWARNING - 2023-01-04 10:11:32,001 - [34mangr.project[0m - [34mAddress is already hooked, during hook(0x50001c, <SimProcedure GetCurrentProcess>). Re-hooking.[0m[0m
[1;33;40mWARNING - 2023-01-04 10:11:32,002 - [34mangr.project[0m - [34mAddress is already hooked, during hook(0x50001c, <SimProcedure GetCurrentProcess>). Re-hooking.[0m[0m
[1;32;40mINFO - 2023-01-04 10:11:32,029 - [33mwerkzeug[0m - [33m172.17.0.1 - - [04/Jan/2023 10:11:32] "GET /iteration-scdg HTTP/1.1" 200 -[0m[0m
[1;33;40mWARNING - 2023-01-04 10:11:32,036 - [34mangr.project[0m - [34mAddress is already hooked, during hook(0x500078, <SimProcedure RtlUnwind>). Re-hooking.[0m[0m
[1;32;40mINFO - 2023-01-04 10:11:32,037 - [33mwerkzeug[0m - [33m172.17.0.1 - - [04/Jan/2023 10:11:32] "GET /progress-scdg HTTP/1.1" 200 -[0m[0m
[1;33;40mWARNING - 2023-01-04 10:11:32,039 - [34mangr.project[0m - [34mAddress is already hooked, during hook(0x500078, <SimProcedure RtlUnwind>). Re-hooking.[0m[0m
[1;33;40mWARNING - 2023-01-04 10:11:32,069 - [34mangr.project[0m - [34mAddress is already hooked, during hook(0x500010, <SimProcedure GetVersion>). Re-hooking.[0m[0m
[1;33;40mWARNING - 2023-01-04 10:11:32,070 - [34mangr.project[0m - [34mAddress is already hooked, during hook(0x500010, <SimProcedure GetVersion>). Re-hooking.[0m[0m
[1;33;40mWARNING - 2023-01-04 10:11:32,074 - [34mangr.project[0m - [34mAddress is already hooked, during hook(0x50003c, <SimProcedure SetHandleCount>). Re-hooking.[0m[0m
[1;33;40mWARNING - 2023-01-04 10:11:32,075 - [34mangr.project[0m - [34mAddress is already hooked, during hook(0x50003c, <SimProcedure SetHandleCount>). Re-hooking.[0m[0m
[1;33;40mWARNING - 2023-01-04 10:11:32,123 - [34mangr.project[0m - [34mAddress is already hooked, during hook(0x500068, <SimProcedure HeapDestroy>). Re-hooking.[0m[0m
[1;33;40mWARNING - 2023-01-04 10:11:32,124 - [34mangr.project[0m - [34mAddress is already hooked, during hook(0x500068, <SimProcedure HeapDestroy>). Re-hooking.[0m[0m
[1;33;40mWARNING - 2023-01-04 10:11:32,166 - [34mangr.project[0m - [34mAddress is already hooked, during hook(0x500080, <SimProcedure InitializeCriticalSection>). Re-hooking.[0m[0m
[1;33;40mWARNING - 2023-01-04 10:11:32,168 - [34mangr.project[0m - [34mAddress is already hooked, during hook(0x500080, <SimProcedure InitializeCriticalSection>). Re-hooking.[0m[0m
[1;33;40mWARNING - 2023-01-04 10:11:32,273 - [34mangr.project[0m - [34mAddress is already hooked, during hook(0x500064, <SimProcedure GetVersionExA>). Re-hooking.[0m[0m
[1;33;40mWARNING - 2023-01-04 10:11:32,275 - [34mangr.project[0m - [34mAddress is already hooked, during hook(0x500064, <SimProcedure GetVersionExA>). Re-hooking.[0m[0m
[1;33;40mWARNING - 2023-01-04 10:11:32,308 - [34mangr.project[0m - [34mAddress is already hooked, during hook(0x5000b0, <SimProcedure LCMapStringW>). Re-hooking.[0m[0m
[1;33;40mWARNING - 2023-01-04 10:11:32,310 - [34mangr.project[0m - [34mAddress is already hooked, during hook(0x5000b0, <SimProcedure LCMapStringW>). Re-hooking.[0m[0m
[1;33;40mWARNING - 2023-01-04 10:11:32,314 - [34mangr.project[0m - [34mAddress is already hooked, during hook(0x5000ac, <SimProcedure LCMapStringA>). Re-hooking.[0m[0m
[1;33;40mWARNING - 2023-01-04 10:11:32,315 - [34mangr.project[0m - [34mAddress is already hooked, during hook(0x5000ac, <SimProcedure LCMapStringA>). Re-hooking.[0m[0m
[1;33;40mWARNING - 2023-01-04 10:11:32,365 - [34mangr.project[0m - [34mAddress is already hooked, during hook(0x500028, <SimProcedure FreeEnvironmentStringsA>). Re-hooking.[0m[0m
[1;33;40mWARNING - 2023-01-04 10:11:32,366 - [34mangr.project[0m - [34mAddress is already hooked, during hook(0x500028, <SimProcedure FreeEnvironmentStringsA>). Re-hooking.[0m[0m
[1;33;40mWARNING - 2023-01-04 10:11:32,374 - [34mangr.project[0m - [34mAddress is already hooked, during hook(0x50002c, <SimProcedure FreeEnvironmentStringsW>). Re-hooking.[0m[0m
[1;33;40mWARNING - 2023-01-04 10:11:32,376 - [34mangr.project[0m - [34mAddress is already hooked, during hook(0x50002c, <SimProcedure FreeEnvironmentStringsW>). Re-hooking.[0m[0m
[1;33;40mWARNING - 2023-01-04 10:11:32,607 - [34mangr.project[0m - [34mAddress is already hooked, during hook(0x50008c, <SimProcedure GetCPInfo>). Re-hooking.[0m[0m
[1;33;40mWARNING - 2023-01-04 10:11:32,609 - [34mangr.project[0m - [34mAddress is already hooked, during hook(0x50008c, <SimProcedure GetCPInfo>). Re-hooking.[0m[0m
[1;33;40mWARNING - 2023-01-04 10:11:32,751 - [34mangr.project[0m - [34mAddress is already hooked, during hook(0x5000b4, <SimProcedure GetStringTypeA>). Re-hooking.[0m[0m
[1;33;40mWARNING - 2023-01-04 10:11:32,753 - [34mangr.project[0m - [34mAddress is already hooked, during hook(0x5000b4, <SimProcedure GetStringTypeA>). Re-hooking.[0m[0m
[1;33;40mWARNING - 2023-01-04 10:11:32,786 - [34mangr.project[0m - [34mAddress is already hooked, during hook(0x5000b8, <SimProcedure GetStringTypeW>). Re-hooking.[0m[0m
[1;33;40mWARNING - 2023-01-04 10:11:32,788 - [34mangr.project[0m - [34mAddress is already hooked, during hook(0x5000b8, <SimProcedure GetStringTypeW>). Re-hooking.[0m[0m
[1;33;40mWARNING - 2023-01-04 10:11:32,882 - [34mangr.project[0m - [34mAddress is already hooked, during hook(0x500084, <SimProcedure EnterCriticalSection>). Re-hooking.[0m[0m
[1;33;40mWARNING - 2023-01-04 10:11:32,884 - [34mangr.project[0m - [34mAddress is already hooked, during hook(0x500084, <SimProcedure EnterCriticalSection>). Re-hooking.[0m[0m
[1;33;40mWARNING - 2023-01-04 10:11:33,048 - [34mangr.project[0m - [34mAddress is already hooked, during hook(0x500068, <SimProcedure HeapDestroy>). Re-hooking.[0m[0m
[1;33;40mWARNING - 2023-01-04 10:11:33,049 - [34mangr.project[0m - [34mAddress is already hooked, during hook(0x500068, <SimProcedure HeapDestroy>). Re-hooking.[0m[0m
[1;33;40mWARNING - 2023-01-04 10:11:33,111 - [34mangr.project[0m - [34mAddress is already hooked, during hook(0x500008, <SimProcedure GetStartupInfoA>). Re-hooking.[0m[0m
[1;33;40mWARNING - 2023-01-04 10:11:33,112 - [34mangr.project[0m - [34mAddress is already hooked, during hook(0x500008, <SimProcedure GetStartupInfoA>). Re-hooking.[0m[0m
[1;33;40mWARNING - 2023-01-04 10:11:33,146 - [34mangr.project[0m - [34mAddress is already hooked, during hook(0x500044, <SimProcedure GetFileType>). Re-hooking.[0m[0m
[1;33;40mWARNING - 2023-01-04 10:11:33,147 - [34mangr.project[0m - [34mAddress is already hooked, during hook(0x500044, <SimProcedure GetFileType>). Re-hooking.[0m[0m
[1;33;40mWARNING - 2023-01-04 10:11:33,230 - [34mangr.project[0m - [34mAddress is already hooked, during hook(0x500080, <SimProcedure InitializeCriticalSection>). Re-hooking.[0m[0m
[1;33;40mWARNING - 2023-01-04 10:11:33,232 - [34mangr.project[0m - [34mAddress is already hooked, during hook(0x500080, <SimProcedure InitializeCriticalSection>). Re-hooking.[0m[0m
[1;32;40mINFO - 2023-01-04 10:11:33,463 - [36mCustomSimProcedure[0m - [36mSyscall found:  GetVersion[][0m[0m
[1;32;40mINFO - 2023-01-04 10:11:33,508 - [36mCustomSimProcedure[0m - [36mSyscall found:  HeapCreate[<BV32 0x0>, <BV32 0x1000>, <BV32 0x0>][0m[0m
[1;32;40mINFO - 2023-01-04 10:11:33,571 - [36mCustomSimProcedure[0m - [36mSyscall found:  GetVersionExA[<BV32 0x7ffefcdc>][0m[0m
[1;32;40mINFO - 2023-01-04 10:11:33,581 - [33mwerkzeug[0m - [33m172.17.0.1 - - [04/Jan/2023 10:11:33] "GET /iteration-scdg HTTP/1.1" 200 -[0m[0m
[1;32;40mINFO - 2023-01-04 10:11:33,583 - [33mwerkzeug[0m - [33m172.17.0.1 - - [04/Jan/2023 10:11:33] "GET /progress-scdg HTTP/1.1" 200 -[0m[0m
[1;32;40mINFO - 2023-01-04 10:11:33,645 - [31mToolChainExplorerAnotherCDFS[0m - [31mA new block of execution have been executed with changes in sim_manager.[0m[0m
[1;32;40mINFO - 2023-01-04 10:11:33,645 - [31mToolChainExplorerAnotherCDFS[0m - [31mCurrently, simulation manager is :[0m[0m
[1;32;40mINFO - 2023-01-04 10:11:33,645 - [31mToolChainExplorerAnotherCDFS[0m - [31m<SimulationManager with 2 active>[0m[0m
[1;32;40mINFO - 2023-01-04 10:11:33,645 - [31mToolChainExplorerAnotherCDFS[0m - [31mpause stash len :0[0m[0m
[1;32;40mINFO - 2023-01-04 10:11:33,645 - [31mToolChainExplorerAnotherCDFS[0m - [31mfork_stack : 1[0m[0m
[1;32;40mINFO - 2023-01-04 10:11:33,674 - [36mCustomSimProcedure[0m - [36mSyscall found:  GetEnvironmentVariableA[<BV32 0x45a78c>, <BV32 0x7ffeeb48>, <BV32 0x1090>][0m[0m
[1;32;40mINFO - 2023-01-04 10:11:33,743 - [31mToolChainExplorerAnotherCDFS[0m - [31mA new block of execution have been executed with changes in sim_manager.[0m[0m
[1;32;40mINFO - 2023-01-04 10:11:33,743 - [31mToolChainExplorerAnotherCDFS[0m - [31mCurrently, simulation manager is :[0m[0m
[1;32;40mINFO - 2023-01-04 10:11:33,743 - [31mToolChainExplorerAnotherCDFS[0m - [31m<SimulationManager with 2 active, 1 new_addr>[0m[0m
[1;32;40mINFO - 2023-01-04 10:11:33,743 - [31mToolChainExplorerAnotherCDFS[0m - [31mpause stash len :0[0m[0m
[1;32;40mINFO - 2023-01-04 10:11:33,743 - [31mToolChainExplorerAnotherCDFS[0m - [31mfork_stack : 1[0m[0m
[1;32;40mINFO - 2023-01-04 10:11:33,823 - [31mToolChainExplorerAnotherCDFS[0m - [31mA new block of execution have been executed with changes in sim_manager.[0m[0m
[1;32;40mINFO - 2023-01-04 10:11:33,823 - [31mToolChainExplorerAnotherCDFS[0m - [31mCurrently, simulation manager is :[0m[0m
[1;32;40mINFO - 2023-01-04 10:11:33,823 - [31mToolChainExplorerAnotherCDFS[0m - [31m<SimulationManager with 2 active, 2 new_addr>[0m[0m
[1;32;40mINFO - 2023-01-04 10:11:33,823 - [31mToolChainExplorerAnotherCDFS[0m - [31mpause stash len :0[0m[0m
[1;32;40mINFO - 2023-01-04 10:11:33,823 - [31mToolChainExplorerAnotherCDFS[0m - [31mfork_stack : 1[0m[0m
[1;32;40mINFO - 2023-01-04 10:11:33,853 - [31mToolChainExplorerAnotherCDFS[0m - [31mA new block of execution have been executed with changes in sim_manager.[0m[0m
[1;32;40mINFO - 2023-01-04 10:11:33,854 - [31mToolChainExplorerAnotherCDFS[0m - [31mCurrently, simulation manager is :[0m[0m
[1;32;40mINFO - 2023-01-04 10:11:33,854 - [31mToolChainExplorerAnotherCDFS[0m - [31m<SimulationManager with 2 active, 3 new_addr>[0m[0m
[1;32;40mINFO - 2023-01-04 10:11:33,854 - [31mToolChainExplorerAnotherCDFS[0m - [31mpause stash len :0[0m[0m
[1;32;40mINFO - 2023-01-04 10:11:33,854 - [31mToolChainExplorerAnotherCDFS[0m - [31mfork_stack : 1[0m[0m
[1;32;40mINFO - 2023-01-04 10:11:33,887 - [31mToolChainExplorerAnotherCDFS[0m - [31mA new block of execution have been executed with changes in sim_manager.[0m[0m
[1;32;40mINFO - 2023-01-04 10:11:33,888 - [31mToolChainExplorerAnotherCDFS[0m - [31mCurrently, simulation manager is :[0m[0m
[1;32;40mINFO - 2023-01-04 10:11:33,888 - [31mToolChainExplorerAnotherCDFS[0m - [31m<SimulationManager with 2 active, 4 new_addr>[0m[0m
[1;32;40mINFO - 2023-01-04 10:11:33,888 - [31mToolChainExplorerAnotherCDFS[0m - [31mpause stash len :0[0m[0m
[1;32;40mINFO - 2023-01-04 10:11:33,888 - [31mToolChainExplorerAnotherCDFS[0m - [31mfork_stack : 1[0m[0m
[1;32;40mINFO - 2023-01-04 10:11:34,311 - [36mCustomSimProcedure[0m - [36mSyscall found:  GetModuleFileNameA[<BV32 0x0>, <BV32 0x7ffefbd8>, <BV32 0x104>][0m[0m
[1;32;40mINFO - 2023-01-04 10:11:35,041 - [33mwerkzeug[0m - [33m172.17.0.1 - - [04/Jan/2023 10:11:35] "GET /iteration-scdg HTTP/1.1" 200 -[0m[0m
[1;32;40mINFO - 2023-01-04 10:11:35,047 - [33mwerkzeug[0m - [33m172.17.0.1 - - [04/Jan/2023 10:11:35] "GET /progress-scdg HTTP/1.1" 200 -[0m[0m
[1;32;40mINFO - 2023-01-04 10:11:35,987 - [36mCustomSimProcedure[0m - [36mSyscall found:  GetModuleHandleA[<BV32 0x0>][0m[0m
[1;32;40mINFO - 2023-01-04 10:11:36,059 - [36mCustomSimProcedure[0m - [36mSyscall found:  HeapAlloc[<BV32 0x1>, <BV32 0x0>, <BV32 0x140>][0m[0m
[1;32;40mINFO - 2023-01-04 10:11:36,124 - [36mCustomSimProcedure[0m - [36mSyscall found:  InitializeCriticalSection[<BV32 0x45fa08>][0m[0m
[1;32;40mINFO - 2023-01-04 10:11:36,140 - [36mCustomSimProcedure[0m - [36mSyscall found:  InitializeCriticalSection[<BV32 0x45fa38>][0m[0m
[1;32;40mINFO - 2023-01-04 10:11:36,153 - [36mCustomSimProcedure[0m - [36mSyscall found:  InitializeCriticalSection[<BV32 0x45fa20>][0m[0m
[1;32;40mINFO - 2023-01-04 10:11:36,163 - [36mCustomSimProcedure[0m - [36mSyscall found:  InitializeCriticalSection[<BV32 0x45f9f0>][0m[0m
[1;32;40mINFO - 2023-01-04 10:11:36,176 - [36mCustomSimProcedure[0m - [36mSyscall found:  TlsAlloc[][0m[0m
[1;32;40mINFO - 2023-01-04 10:11:36,316 - [36mCustomSimProcedure[0m - [36mSyscall found:  EnterCriticalSection[<BV32 0x45fa20>][0m[0m
[1;32;40mINFO - 2023-01-04 10:11:36,477 - [36mCustomSimProcedure[0m - [36mSyscall found:  HeapAlloc[<BV32 0x1>, <BV32 0x8>, <BV32 0x41c4>][0m[0m
[1;32;40mINFO - 2023-01-04 10:11:36,836 - [36mCustomSimProcedure[0m - [36mSyscall found:  VirtualAlloc[<BV32 0x0>, <BV32 0x100000>, <BV32 0x2000>, <BV32 0x4>][0m[0m
[1;32;40mINFO - 2023-01-04 10:11:37,031 - [33mwerkzeug[0m - [33m172.17.0.1 - - [04/Jan/2023 10:11:37] "GET /iteration-scdg HTTP/1.1" 200 -[0m[0m
[1;32;40mINFO - 2023-01-04 10:11:37,047 - [33mwerkzeug[0m - [33m172.17.0.1 - - [04/Jan/2023 10:11:37] "GET /progress-scdg HTTP/1.1" 200 -[0m[0m
[1;32;40mINFO - 2023-01-04 10:11:37,531 - [36mCustomSimProcedure[0m - [36mSyscall found:  VirtualAlloc[<BV32 0xe0000000>, <BV32 0x8000>, <BV32 0x1000>, <BV32 0x4>][0m[0m
[1;32;40mINFO - 2023-01-04 10:11:38,125 - [36mCustomSimProcedure[0m - [36mSyscall found:  LeaveCriticalSection[<BV32 0x45fa20>][0m[0m
[1;32;40mINFO - 2023-01-04 10:11:38,227 - [36mCustomSimProcedure[0m - [36mSyscall found:  TlsSetValue[<BV32 0x1>, <BV32 0xe0000f80>][0m[0m
[1;32;40mINFO - 2023-01-04 10:11:38,253 - [36mCustomSimProcedure[0m - [36mSyscall found:  GetCurrentThreadId[][0m[0m
[1;32;40mINFO - 2023-01-04 10:11:38,383 - [36mCustomSimProcedure[0m - [36mSyscall found:  HeapAlloc[<BV32 0x1>, <BV32 0x0>, <BV32 0x480>][0m[0m
[1;32;40mINFO - 2023-01-04 10:11:38,599 - [33mwerkzeug[0m - [33m172.17.0.1 - - [04/Jan/2023 10:11:38] "GET /iteration-scdg HTTP/1.1" 200 -[0m[0m
[1;32;40mINFO - 2023-01-04 10:11:38,610 - [33mwerkzeug[0m - [33m172.17.0.1 - - [04/Jan/2023 10:11:38] "GET /progress-scdg HTTP/1.1" 200 -[0m[0m
[1;32;40mINFO - 2023-01-04 10:11:38,978 - [36mCustomSimProcedure[0m - [36mSyscall found:  GetStartupInfoA[<BV32 0x7ffefd34>][0m[0m
[1;32;40mINFO - 2023-01-04 10:11:39,044 - [36mCustomSimProcedure[0m - [36mSyscall found:  GetStdHandle[<BV32 0xfffffff6>][0m[0m
[1;32;40mINFO - 2023-01-04 10:11:39,061 - [36mCustomSimProcedure[0m - [36mSyscall found:  GetFileType[<BV32 0x3e8>][0m[0m
[1;32;40mINFO - 2023-01-04 10:11:39,106 - [31mToolChainExplorerAnotherCDFS[0m - [31mA new block of execution have been executed with changes in sim_manager.[0m[0m
[1;32;40mINFO - 2023-01-04 10:11:39,106 - [31mToolChainExplorerAnotherCDFS[0m - [31mCurrently, simulation manager is :[0m[0m
[1;32;40mINFO - 2023-01-04 10:11:39,106 - [31mToolChainExplorerAnotherCDFS[0m - [31m<SimulationManager with 2 active, 1 pause, 4 new_addr>[0m[0m
[1;32;40mINFO - 2023-01-04 10:11:39,106 - [31mToolChainExplorerAnotherCDFS[0m - [31mpause stash len :0[0m[0m
[1;32;40mINFO - 2023-01-04 10:11:39,106 - [31mToolChainExplorerAnotherCDFS[0m - [31mfork_stack : 1[0m[0m
[1;32;40mINFO - 2023-01-04 10:11:39,131 - [31mToolChainExplorerAnotherCDFS[0m - [31mA new block of execution have been executed with changes in sim_manager.[0m[0m
[1;32;40mINFO - 2023-01-04 10:11:39,131 - [31mToolChainExplorerAnotherCDFS[0m - [31mCurrently, simulation manager is :[0m[0m
[1;32;40mINFO - 2023-01-04 10:11:39,131 - [31mToolChainExplorerAnotherCDFS[0m - [31m<SimulationManager with 2 active, 1 pause, 5 new_addr>[0m[0m
[1;32;40mINFO - 2023-01-04 10:11:39,131 - [31mToolChainExplorerAnotherCDFS[0m - [31mpause stash len :0[0m[0m
[1;32;40mINFO - 2023-01-04 10:11:39,131 - [31mToolChainExplorerAnotherCDFS[0m - [31mfork_stack : 1[0m[0m
[1;32;40mINFO - 2023-01-04 10:11:39,153 - [31mToolChainExplorerAnotherCDFS[0m - [31mA new block of execution have been executed with changes in sim_manager.[0m[0m
[1;32;40mINFO - 2023-01-04 10:11:39,153 - [31mToolChainExplorerAnotherCDFS[0m - [31mCurrently, simulation manager is :[0m[0m
[1;32;40mINFO - 2023-01-04 10:11:39,153 - [31mToolChainExplorerAnotherCDFS[0m - [31m<SimulationManager with 2 active, 2 pause, 5 new_addr>[0m[0m
[1;32;40mINFO - 2023-01-04 10:11:39,153 - [31mToolChainExplorerAnotherCDFS[0m - [31mpause stash len :0[0m[0m
[1;32;40mINFO - 2023-01-04 10:11:39,153 - [31mToolChainExplorerAnotherCDFS[0m - [31mfork_stack : 1[0m[0m
[1;32;40mINFO - 2023-01-04 10:11:39,197 - [36mCustomSimProcedure[0m - [36mSyscall found:  GetStdHandle[<BV32 0xfffffff5>][0m[0m
[1;32;40mINFO - 2023-01-04 10:11:39,212 - [36mCustomSimProcedure[0m - [36mSyscall found:  GetFileType[<BV32 0x3e9>][0m[0m
[1;32;40mINFO - 2023-01-04 10:11:39,250 - [31mToolChainExplorerAnotherCDFS[0m - [31mA new block of execution have been executed with changes in sim_manager.[0m[0m
[1;32;40mINFO - 2023-01-04 10:11:39,251 - [31mToolChainExplorerAnotherCDFS[0m - [31mCurrently, simulation manager is :[0m[0m
[1;32;40mINFO - 2023-01-04 10:11:39,251 - [31mToolChainExplorerAnotherCDFS[0m - [31m<SimulationManager with 2 active, 2 pause, 6 new_addr>[0m[0m
[1;32;40mINFO - 2023-01-04 10:11:39,251 - [31mToolChainExplorerAnotherCDFS[0m - [31mpause stash len :0[0m[0m
[1;32;40mINFO - 2023-01-04 10:11:39,251 - [31mToolChainExplorerAnotherCDFS[0m - [31mfork_stack : 1[0m[0m
[1;32;40mINFO - 2023-01-04 10:11:39,299 - [36mCustomSimProcedure[0m - [36mSyscall found:  GetStdHandle[<BV32 0xfffffff5>][0m[0m
[1;32;40mINFO - 2023-01-04 10:11:39,317 - [36mCustomSimProcedure[0m - [36mSyscall found:  GetFileType[<BV32 0x3e9>][0m[0m
[1;32;40mINFO - 2023-01-04 10:11:39,358 - [31mToolChainExplorerAnotherCDFS[0m - [31mA new block of execution have been executed with changes in sim_manager.[0m[0m
[1;32;40mINFO - 2023-01-04 10:11:39,358 - [31mToolChainExplorerAnotherCDFS[0m - [31mCurrently, simulation manager is :[0m[0m
[1;32;40mINFO - 2023-01-04 10:11:39,358 - [31mToolChainExplorerAnotherCDFS[0m - [31m<SimulationManager with 2 active, 4 pause, 5 new_addr>[0m[0m
[1;32;40mINFO - 2023-01-04 10:11:39,358 - [31mToolChainExplorerAnotherCDFS[0m - [31mpause stash len :0[0m[0m
[1;32;40mINFO - 2023-01-04 10:11:39,358 - [31mToolChainExplorerAnotherCDFS[0m - [31mfork_stack : 1[0m[0m
[1;32;40mINFO - 2023-01-04 10:11:39,416 - [36mCustomSimProcedure[0m - [36mSyscall found:  GetStdHandle[<BV32 0xfffffff5>][0m[0m
[1;32;40mINFO - 2023-01-04 10:11:39,435 - [36mCustomSimProcedure[0m - [36mSyscall found:  GetFileType[<BV32 0x3e9>][0m[0m
[1;32;40mINFO - 2023-01-04 10:11:39,483 - [31mToolChainExplorerAnotherCDFS[0m - [31mA new block of execution have been executed with changes in sim_manager.[0m[0m
[1;32;40mINFO - 2023-01-04 10:11:39,483 - [31mToolChainExplorerAnotherCDFS[0m - [31mCurrently, simulation manager is :[0m[0m
[1;32;40mINFO - 2023-01-04 10:11:39,483 - [31mToolChainExplorerAnotherCDFS[0m - [31m<SimulationManager with 2 active, 6 pause, 4 new_addr>[0m[0m
[1;32;40mINFO - 2023-01-04 10:11:39,483 - [31mToolChainExplorerAnotherCDFS[0m - [31mpause stash len :0[0m[0m
[1;32;40mINFO - 2023-01-04 10:11:39,483 - [31mToolChainExplorerAnotherCDFS[0m - [31mfork_stack : 1[0m[0m
[1;32;40mINFO - 2023-01-04 10:11:39,732 - [31mToolChainExplorerAnotherCDFS[0m - [31mA new block of execution have been executed with changes in sim_manager.[0m[0m
[1;32;40mINFO - 2023-01-04 10:11:39,732 - [31mToolChainExplorerAnotherCDFS[0m - [31mCurrently, simulation manager is :[0m[0m
[1;32;40mINFO - 2023-01-04 10:11:39,732 - [31mToolChainExplorerAnotherCDFS[0m - [31m<SimulationManager with 2 active, 8 pause, 3 new_addr>[0m[0m
[1;32;40mINFO - 2023-01-04 10:11:39,732 - [31mToolChainExplorerAnotherCDFS[0m - [31mpause stash len :0[0m[0m
[1;32;40mINFO - 2023-01-04 10:11:39,732 - [31mToolChainExplorerAnotherCDFS[0m - [31mfork_stack : 1[0m[0m
[1;32;40mINFO - 2023-01-04 10:11:39,781 - [36mCustomSimProcedure[0m - [36mSyscall found:  GetModuleFileNameA[<BV32 0x0>, <BV32 0x7ffefbd8>, <BV32 0x104>][0m[0m
[1;32;40mINFO - 2023-01-04 10:11:40,035 - [33mwerkzeug[0m - [33m172.17.0.1 - - [04/Jan/2023 10:11:40] "GET /iteration-scdg HTTP/1.1" 200 -[0m[0m
[1;32;40mINFO - 2023-01-04 10:11:40,042 - [33mwerkzeug[0m - [33m172.17.0.1 - - [04/Jan/2023 10:11:40] "GET /progress-scdg HTTP/1.1" 200 -[0m[0m
[1;32;40mINFO - 2023-01-04 10:11:41,000 - [36mCustomSimProcedure[0m - [36mSyscall found:  GetModuleHandleA[<BV32 0x0>][0m[0m
[1;32;40mINFO - 2023-01-04 10:11:41,050 - [36mCustomSimProcedure[0m - [36mSyscall found:  HeapAlloc[<BV32 0x1>, <BV32 0x0>, <BV32 0x140>][0m[0m
[1;32;40mINFO - 2023-01-04 10:11:41,100 - [36mCustomSimProcedure[0m - [36mSyscall found:  InitializeCriticalSection[<BV32 0x45fa08>][0m[0m
[1;32;40mINFO - 2023-01-04 10:11:41,113 - [36mCustomSimProcedure[0m - [36mSyscall found:  InitializeCriticalSection[<BV32 0x45fa38>][0m[0m
[1;32;40mINFO - 2023-01-04 10:11:41,121 - [36mCustomSimProcedure[0m - [36mSyscall found:  InitializeCriticalSection[<BV32 0x45fa20>][0m[0m
[1;32;40mINFO - 2023-01-04 10:11:41,131 - [36mCustomSimProcedure[0m - [36mSyscall found:  InitializeCriticalSection[<BV32 0x45f9f0>][0m[0m
[1;32;40mINFO - 2023-01-04 10:11:41,139 - [36mCustomSimProcedure[0m - [36mSyscall found:  TlsAlloc[][0m[0m
[1;32;40mINFO - 2023-01-04 10:11:41,227 - [36mCustomSimProcedure[0m - [36mSyscall found:  EnterCriticalSection[<BV32 0x45fa20>][0m[0m
[1;32;40mINFO - 2023-01-04 10:11:41,356 - [36mCustomSimProcedure[0m - [36mSyscall found:  HeapAlloc[<BV32 0x1>, <BV32 0x8>, <BV32 0x41c4>][0m[0m
[1;32;40mINFO - 2023-01-04 10:11:41,672 - [36mCustomSimProcedure[0m - [36mSyscall found:  VirtualAlloc[<BV32 0x0>, <BV32 0x100000>, <BV32 0x2000>, <BV32 0x4>][0m[0m
[1;32;40mINFO - 2023-01-04 10:11:42,031 - [33mwerkzeug[0m - [33m172.17.0.1 - - [04/Jan/2023 10:11:42] "GET /iteration-scdg HTTP/1.1" 200 -[0m[0m
[1;32;40mINFO - 2023-01-04 10:11:42,047 - [33mwerkzeug[0m - [33m172.17.0.1 - - [04/Jan/2023 10:11:42] "GET /progress-scdg HTTP/1.1" 200 -[0m[0m
[1;32;40mINFO - 2023-01-04 10:11:42,386 - [36mCustomSimProcedure[0m - [36mSyscall found:  VirtualAlloc[<BV32 0xe0000000>, <BV32 0x8000>, <BV32 0x1000>, <BV32 0x4>][0m[0m
[1;32;40mINFO - 2023-01-04 10:11:42,994 - [36mCustomSimProcedure[0m - [36mSyscall found:  LeaveCriticalSection[<BV32 0x45fa20>][0m[0m
[1;32;40mINFO - 2023-01-04 10:11:43,107 - [36mCustomSimProcedure[0m - [36mSyscall found:  TlsSetValue[<BV32 0x1>, <BV32 0xe0000f80>][0m[0m
[1;32;40mINFO - 2023-01-04 10:11:43,130 - [36mCustomSimProcedure[0m - [36mSyscall found:  GetCurrentThreadId[][0m[0m
[1;32;40mINFO - 2023-01-04 10:11:43,233 - [36mCustomSimProcedure[0m - [36mSyscall found:  HeapAlloc[<BV32 0x1>, <BV32 0x0>, <BV32 0x480>][0m[0m
[1;32;40mINFO - 2023-01-04 10:11:43,585 - [33mwerkzeug[0m - [33m172.17.0.1 - - [04/Jan/2023 10:11:43] "GET /iteration-scdg HTTP/1.1" 200 -[0m[0m
[1;32;40mINFO - 2023-01-04 10:11:43,591 - [33mwerkzeug[0m - [33m172.17.0.1 - - [04/Jan/2023 10:11:43] "GET /progress-scdg HTTP/1.1" 200 -[0m[0m
[1;32;40mINFO - 2023-01-04 10:11:43,819 - [36mCustomSimProcedure[0m - [36mSyscall found:  GetStartupInfoA[<BV32 0x7ffefd34>][0m[0m
[1;32;40mINFO - 2023-01-04 10:11:43,895 - [36mCustomSimProcedure[0m - [36mSyscall found:  GetStdHandle[<BV32 0xfffffff6>][0m[0m
[1;32;40mINFO - 2023-01-04 10:11:43,912 - [36mCustomSimProcedure[0m - [36mSyscall found:  GetFileType[<BV32 0x3e8>][0m[0m
[1;32;40mINFO - 2023-01-04 10:11:43,961 - [31mToolChainExplorerAnotherCDFS[0m - [31mA new block of execution have been executed with changes in sim_manager.[0m[0m
[1;32;40mINFO - 2023-01-04 10:11:43,961 - [31mToolChainExplorerAnotherCDFS[0m - [31mCurrently, simulation manager is :[0m[0m
[1;32;40mINFO - 2023-01-04 10:11:43,962 - [31mToolChainExplorerAnotherCDFS[0m - [31m<SimulationManager with 2 active, 9 pause, 3 new_addr>[0m[0m
[1;32;40mINFO - 2023-01-04 10:11:43,962 - [31mToolChainExplorerAnotherCDFS[0m - [31mpause stash len :0[0m[0m
[1;32;40mINFO - 2023-01-04 10:11:43,962 - [31mToolChainExplorerAnotherCDFS[0m - [31mfork_stack : 1[0m[0m
[1;32;40mINFO - 2023-01-04 10:11:44,250 - [36mCustomSimProcedure[0m - [36mSyscall found:  GetModuleFileNameA[<BV32 0x0>, <BV32 0x7ffefbd8>, <BV32 0x104>][0m[0m
[1;32;40mINFO - 2023-01-04 10:11:45,029 - [33mwerkzeug[0m - [33m172.17.0.1 - - [04/Jan/2023 10:11:45] "GET /iteration-scdg HTTP/1.1" 200 -[0m[0m
[1;32;40mINFO - 2023-01-04 10:11:45,033 - [33mwerkzeug[0m - [33m172.17.0.1 - - [04/Jan/2023 10:11:45] "GET /progress-scdg HTTP/1.1" 200 -[0m[0m
[1;32;40mINFO - 2023-01-04 10:11:45,460 - [36mCustomSimProcedure[0m - [36mSyscall found:  GetModuleHandleA[<BV32 0x0>][0m[0m
[1;32;40mINFO - 2023-01-04 10:11:45,512 - [36mCustomSimProcedure[0m - [36mSyscall found:  HeapAlloc[<BV32 0x1>, <BV32 0x0>, <BV32 0x140>][0m[0m
[1;32;40mINFO - 2023-01-04 10:11:45,565 - [36mCustomSimProcedure[0m - [36mSyscall found:  InitializeCriticalSection[<BV32 0x45fa08>][0m[0m
[1;32;40mINFO - 2023-01-04 10:11:45,577 - [36mCustomSimProcedure[0m - [36mSyscall found:  InitializeCriticalSection[<BV32 0x45fa38>][0m[0m
[1;32;40mINFO - 2023-01-04 10:11:45,584 - [36mCustomSimProcedure[0m - [36mSyscall found:  InitializeCriticalSection[<BV32 0x45fa20>][0m[0m
[1;32;40mINFO - 2023-01-04 10:11:45,590 - [36mCustomSimProcedure[0m - [36mSyscall found:  InitializeCriticalSection[<BV32 0x45f9f0>][0m[0m
[1;32;40mINFO - 2023-01-04 10:11:45,599 - [36mCustomSimProcedure[0m - [36mSyscall found:  TlsAlloc[][0m[0m
[1;32;40mINFO - 2023-01-04 10:11:45,682 - [36mCustomSimProcedure[0m - [36mSyscall found:  EnterCriticalSection[<BV32 0x45fa20>][0m[0m
[1;32;40mINFO - 2023-01-04 10:11:45,798 - [36mCustomSimProcedure[0m - [36mSyscall found:  HeapAlloc[<BV32 0x1>, <BV32 0x8>, <BV32 0x41c4>][0m[0m
[1;32;40mINFO - 2023-01-04 10:11:46,108 - [36mCustomSimProcedure[0m - [36mSyscall found:  VirtualAlloc[<BV32 0x0>, <BV32 0x100000>, <BV32 0x2000>, <BV32 0x4>][0m[0m
[1;32;40mINFO - 2023-01-04 10:11:46,799 - [36mCustomSimProcedure[0m - [36mSyscall found:  VirtualAlloc[<BV32 0xe0000000>, <BV32 0x8000>, <BV32 0x1000>, <BV32 0x4>][0m[0m
[1;32;40mINFO - 2023-01-04 10:11:47,031 - [33mwerkzeug[0m - [33m172.17.0.1 - - [04/Jan/2023 10:11:47] "GET /iteration-scdg HTTP/1.1" 200 -[0m[0m
[1;32;40mINFO - 2023-01-04 10:11:47,042 - [33mwerkzeug[0m - [33m172.17.0.1 - - [04/Jan/2023 10:11:47] "GET /progress-scdg HTTP/1.1" 200 -[0m[0m
[1;32;40mINFO - 2023-01-04 10:11:47,591 - [36mCustomSimProcedure[0m - [36mSyscall found:  LeaveCriticalSection[<BV32 0x45fa20>][0m[0m
[1;32;40mINFO - 2023-01-04 10:11:47,736 - [36mCustomSimProcedure[0m - [36mSyscall found:  TlsSetValue[<BV32 0x1>, <BV32 0xe0000f80>][0m[0m
[1;32;40mINFO - 2023-01-04 10:11:47,766 - [36mCustomSimProcedure[0m - [36mSyscall found:  GetCurrentThreadId[][0m[0m
[1;32;40mINFO - 2023-01-04 10:11:47,895 - [36mCustomSimProcedure[0m - [36mSyscall found:  HeapAlloc[<BV32 0x1>, <BV32 0x0>, <BV32 0x480>][0m[0m
[1;32;40mINFO - 2023-01-04 10:11:48,602 - [36mCustomSimProcedure[0m - [36mSyscall found:  GetStartupInfoA[<BV32 0x7ffefd34>][0m[0m
[1;32;40mINFO - 2023-01-04 10:11:48,604 - [33mwerkzeug[0m - [33m172.17.0.1 - - [04/Jan/2023 10:11:48] "GET /progress-scdg HTTP/1.1" 200 -[0m[0m
[1;32;40mINFO - 2023-01-04 10:11:48,605 - [33mwerkzeug[0m - [33m172.17.0.1 - - [04/Jan/2023 10:11:48] "GET /iteration-scdg HTTP/1.1" 200 -[0m[0m
[1;32;40mINFO - 2023-01-04 10:11:48,694 - [36mCustomSimProcedure[0m - [36mSyscall found:  GetStdHandle[<BV32 0xfffffff6>][0m[0m
[1;32;40mINFO - 2023-01-04 10:11:48,715 - [36mCustomSimProcedure[0m - [36mSyscall found:  GetFileType[<BV32 0x3e8>][0m[0m
[1;32;40mINFO - 2023-01-04 10:11:48,774 - [31mToolChainExplorerAnotherCDFS[0m - [31mA new block of execution have been executed with changes in sim_manager.[0m[0m
[1;32;40mINFO - 2023-01-04 10:11:48,775 - [31mToolChainExplorerAnotherCDFS[0m - [31mCurrently, simulation manager is :[0m[0m
[1;32;40mINFO - 2023-01-04 10:11:48,775 - [31mToolChainExplorerAnotherCDFS[0m - [31m<SimulationManager with 2 active, 11 pause, 2 new_addr>[0m[0m
[1;32;40mINFO - 2023-01-04 10:11:48,775 - [31mToolChainExplorerAnotherCDFS[0m - [31mpause stash len :0[0m[0m
[1;32;40mINFO - 2023-01-04 10:11:48,775 - [31mToolChainExplorerAnotherCDFS[0m - [31mfork_stack : 1[0m[0m
[1;32;40mINFO - 2023-01-04 10:11:48,803 - [36mCustomSimProcedure[0m - [36mSyscall found:  GetModuleHandleA[<BV32 0x0>][0m[0m
[1;32;40mINFO - 2023-01-04 10:11:48,878 - [36mCustomSimProcedure[0m - [36mSyscall found:  HeapAlloc[<BV32 0x1>, <BV32 0x0>, <BV32 0x140>][0m[0m
[1;32;40mINFO - 2023-01-04 10:11:48,939 - [36mCustomSimProcedure[0m - [36mSyscall found:  InitializeCriticalSection[<BV32 0x45fa08>][0m[0m
[1;32;40mINFO - 2023-01-04 10:11:48,950 - [36mCustomSimProcedure[0m - [36mSyscall found:  InitializeCriticalSection[<BV32 0x45fa38>][0m[0m
[1;32;40mINFO - 2023-01-04 10:11:48,959 - [36mCustomSimProcedure[0m - [36mSyscall found:  InitializeCriticalSection[<BV32 0x45fa20>][0m[0m
[1;32;40mINFO - 2023-01-04 10:11:48,972 - [36mCustomSimProcedure[0m - [36mSyscall found:  InitializeCriticalSection[<BV32 0x45f9f0>][0m[0m
[1;32;40mINFO - 2023-01-04 10:11:48,984 - [36mCustomSimProcedure[0m - [36mSyscall found:  TlsAlloc[][0m[0m
[1;32;40mINFO - 2023-01-04 10:11:49,100 - [36mCustomSimProcedure[0m - [36mSyscall found:  EnterCriticalSection[<BV32 0x45fa20>][0m[0m
[1;32;40mINFO - 2023-01-04 10:11:49,253 - [36mCustomSimProcedure[0m - [36mSyscall found:  HeapAlloc[<BV32 0x1>, <BV32 0x8>, <BV32 0x41c4>][0m[0m
[1;32;40mINFO - 2023-01-04 10:11:49,629 - [36mCustomSimProcedure[0m - [36mSyscall found:  VirtualAlloc[<BV32 0x0>, <BV32 0x100000>, <BV32 0x2000>, <BV32 0x4>][0m[0m
[1;32;40mINFO - 2023-01-04 10:11:50,043 - [33mwerkzeug[0m - [33m172.17.0.1 - - [04/Jan/2023 10:11:50] "GET /iteration-scdg HTTP/1.1" 200 -[0m[0m
[1;32;40mINFO - 2023-01-04 10:11:50,062 - [33mwerkzeug[0m - [33m172.17.0.1 - - [04/Jan/2023 10:11:50] "GET /progress-scdg HTTP/1.1" 200 -[0m[0m
[1;32;40mINFO - 2023-01-04 10:11:50,351 - [36mCustomSimProcedure[0m - [36mSyscall found:  VirtualAlloc[<BV32 0xe0000000>, <BV32 0x8000>, <BV32 0x1000>, <BV32 0x4>][0m[0m
[1;32;40mINFO - 2023-01-04 10:11:50,957 - [36mCustomSimProcedure[0m - [36mSyscall found:  LeaveCriticalSection[<BV32 0x45fa20>][0m[0m
[1;32;40mINFO - 2023-01-04 10:11:51,066 - [36mCustomSimProcedure[0m - [36mSyscall found:  TlsSetValue[<BV32 0x1>, <BV32 0xe0000f80>][0m[0m
[1;32;40mINFO - 2023-01-04 10:11:51,088 - [36mCustomSimProcedure[0m - [36mSyscall found:  GetCurrentThreadId[][0m[0m
[1;32;40mINFO - 2023-01-04 10:11:51,192 - [36mCustomSimProcedure[0m - [36mSyscall found:  HeapAlloc[<BV32 0x1>, <BV32 0x0>, <BV32 0x480>][0m[0m
[1;32;40mINFO - 2023-01-04 10:11:51,728 - [36mCustomSimProcedure[0m - [36mSyscall found:  GetStartupInfoA[<BV32 0x7ffefd34>][0m[0m
[1;32;40mINFO - 2023-01-04 10:11:51,784 - [36mCustomSimProcedure[0m - [36mSyscall found:  GetStdHandle[<BV32 0xfffffff6>][0m[0m
[1;32;40mINFO - 2023-01-04 10:11:51,798 - [36mCustomSimProcedure[0m - [36mSyscall found:  GetFileType[<BV32 0x3e8>][0m[0m
[1;32;40mINFO - 2023-01-04 10:11:51,841 - [31mToolChainExplorerAnotherCDFS[0m - [31mA new block of execution have been executed with changes in sim_manager.[0m[0m
[1;32;40mINFO - 2023-01-04 10:11:51,841 - [31mToolChainExplorerAnotherCDFS[0m - [31mCurrently, simulation manager is :[0m[0m
[1;32;40mINFO - 2023-01-04 10:11:51,841 - [31mToolChainExplorerAnotherCDFS[0m - [31m<SimulationManager with 2 active, 13 pause, 1 new_addr>[0m[0m
[1;32;40mINFO - 2023-01-04 10:11:51,841 - [31mToolChainExplorerAnotherCDFS[0m - [31mpause stash len :0[0m[0m
[1;32;40mINFO - 2023-01-04 10:11:51,841 - [31mToolChainExplorerAnotherCDFS[0m - [31mfork_stack : 1[0m[0m
[1;32;40mINFO - 2023-01-04 10:11:51,853 - [36mCustomSimProcedure[0m - [36mSyscall found:  GetEnvironmentVariableA[<BV32 0x45a78c>, <BV32 0x7ffeeb48>, <BV32 0x1090>][0m[0m
[1;32;40mINFO - 2023-01-04 10:11:51,897 - [31mToolChainExplorerAnotherCDFS[0m - [31mA new block of execution have been executed with changes in sim_manager.[0m[0m
[1;32;40mINFO - 2023-01-04 10:11:51,897 - [31mToolChainExplorerAnotherCDFS[0m - [31mCurrently, simulation manager is :[0m[0m
[1;32;40mINFO - 2023-01-04 10:11:51,897 - [31mToolChainExplorerAnotherCDFS[0m - [31m<SimulationManager with 2 active, 15 pause>[0m[0m
[1;32;40mINFO - 2023-01-04 10:11:51,897 - [31mToolChainExplorerAnotherCDFS[0m - [31mpause stash len :0[0m[0m
[1;32;40mINFO - 2023-01-04 10:11:51,897 - [31mToolChainExplorerAnotherCDFS[0m - [31mfork_stack : 1[0m[0m
[1;32;40mINFO - 2023-01-04 10:11:51,939 - [36mCustomSimProcedure[0m - [36mSyscall found:  GetStdHandle[<BV32 0xfffffff4>][0m[0m
[1;32;40mINFO - 2023-01-04 10:11:51,955 - [36mCustomSimProcedure[0m - [36mSyscall found:  GetFileType[<BV32 0x3ea>][0m[0m
[1;32;40mINFO - 2023-01-04 10:11:51,996 - [31mToolChainExplorerAnotherCDFS[0m - [31mA new block of execution have been executed with changes in sim_manager.[0m[0m
[1;32;40mINFO - 2023-01-04 10:11:51,996 - [31mToolChainExplorerAnotherCDFS[0m - [31mCurrently, simulation manager is :[0m[0m
[1;32;40mINFO - 2023-01-04 10:11:51,996 - [31mToolChainExplorerAnotherCDFS[0m - [31m<SimulationManager with 2 active, 16 pause>[0m[0m
[1;32;40mINFO - 2023-01-04 10:11:51,996 - [31mToolChainExplorerAnotherCDFS[0m - [31mpause stash len :0[0m[0m
[1;32;40mINFO - 2023-01-04 10:11:51,996 - [31mToolChainExplorerAnotherCDFS[0m - [31mfork_stack : 1[0m[0m
[1;32;40mINFO - 2023-01-04 10:11:52,017 - [36mCustomSimProcedure[0m - [36mSyscall found:  SetHandleCount[<BV32 0x20>][0m[0m
[1;32;40mINFO - 2023-01-04 10:11:52,023 - [33mwerkzeug[0m - [33m172.17.0.1 - - [04/Jan/2023 10:11:52] "GET /iteration-scdg HTTP/1.1" 200 -[0m[0m
[1;32;40mINFO - 2023-01-04 10:11:52,025 - [33mwerkzeug[0m - [33m172.17.0.1 - - [04/Jan/2023 10:11:52] "GET /progress-scdg HTTP/1.1" 200 -[0m[0m
[1;32;40mINFO - 2023-01-04 10:11:52,062 - [36mCustomSimProcedure[0m - [36mSyscall found:  GetCommandLineA[][0m[0m
[1;32;40mINFO - 2023-01-04 10:11:52,095 - [36mCustomSimProcedure[0m - [36mSyscall found:  GetEnvironmentStringsW[][0m[0m
[1;32;40mINFO - 2023-01-04 10:11:52,396 - [31mToolChainExplorerAnotherCDFS[0m - [31mA new block of execution have been executed with changes in sim_manager.[0m[0m
[1;32;40mINFO - 2023-01-04 10:11:52,396 - [31mToolChainExplorerAnotherCDFS[0m - [31mCurrently, simulation manager is :[0m[0m
[1;32;40mINFO - 2023-01-04 10:11:52,396 - [31mToolChainExplorerAnotherCDFS[0m - [31m<SimulationManager with 2 active, 17 pause>[0m[0m
[1;32;40mINFO - 2023-01-04 10:11:52,396 - [31mToolChainExplorerAnotherCDFS[0m - [31mpause stash len :0[0m[0m
[1;32;40mINFO - 2023-01-04 10:11:52,396 - [31mToolChainExplorerAnotherCDFS[0m - [31mfork_stack : 1[0m[0m
[1;32;40mINFO - 2023-01-04 10:11:52,475 - [31mToolChainExplorerAnotherCDFS[0m - [31mA new block of execution have been executed with changes in sim_manager.[0m[0m
[1;32;40mINFO - 2023-01-04 10:11:52,476 - [31mToolChainExplorerAnotherCDFS[0m - [31mCurrently, simulation manager is :[0m[0m
[1;32;40mINFO - 2023-01-04 10:11:52,476 - [31mToolChainExplorerAnotherCDFS[0m - [31m<SimulationManager with 2 active, 18 pause>[0m[0m
[1;32;40mINFO - 2023-01-04 10:11:52,476 - [31mToolChainExplorerAnotherCDFS[0m - [31mpause stash len :0[0m[0m
[1;32;40mINFO - 2023-01-04 10:11:52,476 - [31mToolChainExplorerAnotherCDFS[0m - [31mfork_stack : 1[0m[0m
[1;32;40mINFO - 2023-01-04 10:11:52,503 - [36mCustomSimProcedure[0m - [36mSyscall found:  WideCharToMultiByte[<BV32 0x0>, <BV32 0x0>, <BV32 0xc0000008>, <BV32 0x14>, <BV32 0x0>, <BV32 0x0>, <BV32 0x0>, <BV32 0x0>][0m[0m
[1;32;40mINFO - 2023-01-04 10:11:52,590 - [36mCustomSimProcedure[0m - [36mSyscall found:  EnterCriticalSection[<BV32 0x45fa20>][0m[0m
[1;32;40mINFO - 2023-01-04 10:11:53,133 - [36mCustomSimProcedure[0m - [36mSyscall found:  LeaveCriticalSection[<BV32 0x45fa20>][0m[0m
[1;32;40mINFO - 2023-01-04 10:11:53,202 - [36mCustomSimProcedure[0m - [36mSyscall found:  WideCharToMultiByte[<BV32 0x0>, <BV32 0x0>, <BV32 0xc0000008>, <BV32 0x14>, <BV32 0xe0000f60>, <BV32 0x10>, <BV32 0x0>, <BV32 0x0>][0m[0m
[1;32;40mINFO - 2023-01-04 10:11:53,217 - [36mCustomSimProcedure[0m - [36mSyscall found:  FreeEnvironmentStringsW[<BV32 0xc0000008>][0m[0m
[1;32;40mINFO - 2023-01-04 10:11:53,363 - [36mCustomSimProcedure[0m - [36mSyscall found:  EnterCriticalSection[<BV32 0x45fa20>][0m[0m
[1;32;40mINFO - 2023-01-04 10:11:53,614 - [33mwerkzeug[0m - [33m172.17.0.1 - - [04/Jan/2023 10:11:53] "GET /iteration-scdg HTTP/1.1" 200 -[0m[0m
[1;32;40mINFO - 2023-01-04 10:11:53,626 - [33mwerkzeug[0m - [33m172.17.0.1 - - [04/Jan/2023 10:11:53] "GET /progress-scdg HTTP/1.1" 200 -[0m[0m
[1;32;40mINFO - 2023-01-04 10:11:53,988 - [36mCustomSimProcedure[0m - [36mSyscall found:  LeaveCriticalSection[<BV32 0x45fa20>][0m[0m
[1;32;40mINFO - 2023-01-04 10:11:54,060 - [36mCustomSimProcedure[0m - [36mSyscall found:  EnterCriticalSection[<BV32 0x45fa08>][0m[0m
[1;32;40mINFO - 2023-01-04 10:11:54,080 - [36mCustomSimProcedure[0m - [36mSyscall found:  InitializeCriticalSection[<BV32 0xe0000f40>][0m[0m
[1;32;40mINFO - 2023-01-04 10:11:54,101 - [36mCustomSimProcedure[0m - [36mSyscall found:  LeaveCriticalSection[<BV32 0x45fa08>][0m[0m
[1;32;40mINFO - 2023-01-04 10:11:54,117 - [36mCustomSimProcedure[0m - [36mSyscall found:  EnterCriticalSection[<BV32 0xe0000f40>][0m[0m
[1;32;40mINFO - 2023-01-04 10:11:54,148 - [36mCustomSimProcedure[0m - [36mSyscall found:  GetACP[][0m[0m
[1;32;40mINFO - 2023-01-04 10:11:54,266 - [36mCustomSimProcedure[0m - [36mSyscall found:  GetCPInfo[<BV32 0x4e4>, <BV32 0x7ffefd40>][0m[0m
[1;32;40mINFO - 2023-01-04 10:11:54,310 - [31mToolChainExplorerAnotherCDFS[0m - [31mA new block of execution have been executed with changes in sim_manager.[0m[0m
[1;32;40mINFO - 2023-01-04 10:11:54,310 - [31mToolChainExplorerAnotherCDFS[0m - [31mCurrently, simulation manager is :[0m[0m
[1;32;40mINFO - 2023-01-04 10:11:54,310 - [31mToolChainExplorerAnotherCDFS[0m - [31m<SimulationManager with 2 active, 19 pause>[0m[0m
[1;32;40mINFO - 2023-01-04 10:11:54,310 - [31mToolChainExplorerAnotherCDFS[0m - [31mpause stash len :0[0m[0m
[1;32;40mINFO - 2023-01-04 10:11:54,310 - [31mToolChainExplorerAnotherCDFS[0m - [31mfork_stack : 1[0m[0m
[1;32;40mINFO - 2023-01-04 10:11:54,368 - [36mCustomSimProcedure[0m - [36mSyscall found:  GetCPInfo[<BV32 0x0>, <BV32 0x7ffefd18>][0m[0m
[1;32;40mINFO - 2023-01-04 10:11:54,412 - [31mToolChainExplorerAnotherCDFS[0m - [31mA new block of execution have been executed with changes in sim_manager.[0m[0m
[1;32;40mINFO - 2023-01-04 10:11:54,412 - [31mToolChainExplorerAnotherCDFS[0m - [31mCurrently, simulation manager is :[0m[0m
[1;32;40mINFO - 2023-01-04 10:11:54,412 - [31mToolChainExplorerAnotherCDFS[0m - [31m<SimulationManager with 2 active, 19 pause, 1 new_addr>[0m[0m
[1;32;40mINFO - 2023-01-04 10:11:54,412 - [31mToolChainExplorerAnotherCDFS[0m - [31mpause stash len :0[0m[0m
[1;32;40mINFO - 2023-01-04 10:11:54,412 - [31mToolChainExplorerAnotherCDFS[0m - [31mfork_stack : 1[0m[0m
[1;32;40mINFO - 2023-01-04 10:11:55,042 - [33mwerkzeug[0m - [33m172.17.0.1 - - [04/Jan/2023 10:11:55] "GET /iteration-scdg HTTP/1.1" 200 -[0m[0m
[1;32;40mINFO - 2023-01-04 10:11:55,051 - [33mwerkzeug[0m - [33m172.17.0.1 - - [04/Jan/2023 10:11:55] "GET /progress-scdg HTTP/1.1" 200 -[0m[0m
[1;32;40mINFO - 2023-01-04 10:11:57,037 - [33mwerkzeug[0m - [33m172.17.0.1 - - [04/Jan/2023 10:11:57] "GET /iteration-scdg HTTP/1.1" 200 -[0m[0m
[1;32;40mINFO - 2023-01-04 10:11:57,043 - [33mwerkzeug[0m - [33m172.17.0.1 - - [04/Jan/2023 10:11:57] "GET /progress-scdg HTTP/1.1" 200 -[0m[0m
[1;32;40mINFO - 2023-01-04 10:11:58,609 - [33mwerkzeug[0m - [33m172.17.0.1 - - [04/Jan/2023 10:11:58] "GET /iteration-scdg HTTP/1.1" 200 -[0m[0m
[1;32;40mINFO - 2023-01-04 10:11:58,613 - [33mwerkzeug[0m - [33m172.17.0.1 - - [04/Jan/2023 10:11:58] "GET /progress-scdg HTTP/1.1" 200 -[0m[0m
[1;32;40mINFO - 2023-01-04 10:12:00,036 - [33mwerkzeug[0m - [33m172.17.0.1 - - [04/Jan/2023 10:12:00] "GET /iteration-scdg HTTP/1.1" 200 -[0m[0m
[1;32;40mINFO - 2023-01-04 10:12:00,059 - [33mwerkzeug[0m - [33m172.17.0.1 - - [04/Jan/2023 10:12:00] "GET /progress-scdg HTTP/1.1" 200 -[0m[0m
[1;32;40mINFO - 2023-01-04 10:12:02,050 - [33mwerkzeug[0m - [33m172.17.0.1 - - [04/Jan/2023 10:12:02] "GET /iteration-scdg HTTP/1.1" 200 -[0m[0m
[1;32;40mINFO - 2023-01-04 10:12:02,060 - [33mwerkzeug[0m - [33m172.17.0.1 - - [04/Jan/2023 10:12:02] "GET /progress-scdg HTTP/1.1" 200 -[0m[0m
[1;32;40mINFO - 2023-01-04 10:12:02,519 - [36mCustomSimProcedure[0m - [36mSyscall found:  LeaveCriticalSection[<BV32 0xe0000f40>][0m[0m
[1;32;40mINFO - 2023-01-04 10:12:02,557 - [36mCustomSimProcedure[0m - [36mSyscall found:  GetModuleFileNameA[<BV32 0x0>, <BV32 0x45f8e0>, <BV32 0x104>][0m[0m
[1;32;40mINFO - 2023-01-04 10:12:04,121 - [33mwerkzeug[0m - [33m172.17.0.1 - - [04/Jan/2023 10:12:04] "GET /iteration-scdg HTTP/1.1" 200 -[0m[0m
[1;32;40mINFO - 2023-01-04 10:12:04,127 - [33mwerkzeug[0m - [33m172.17.0.1 - - [04/Jan/2023 10:12:04] "GET /progress-scdg HTTP/1.1" 200 -[0m[0m
[1;32;40mINFO - 2023-01-04 10:12:05,051 - [33mwerkzeug[0m - [33m172.17.0.1 - - [04/Jan/2023 10:12:05] "GET /iteration-scdg HTTP/1.1" 200 -[0m[0m
[1;32;40mINFO - 2023-01-04 10:12:05,061 - [33mwerkzeug[0m - [33m172.17.0.1 - - [04/Jan/2023 10:12:05] "GET /progress-scdg HTTP/1.1" 200 -[0m[0m
[1;32;40mINFO - 2023-01-04 10:12:06,079 - [36mCustomSimProcedure[0m - [36mSyscall found:  EnterCriticalSection[<BV32 0x45fa20>][0m[0m
[1;32;40mINFO - 2023-01-04 10:12:06,586 - [36mCustomSimProcedure[0m - [36mSyscall found:  LeaveCriticalSection[<BV32 0x45fa20>][0m[0m
[1;32;40mINFO - 2023-01-04 10:12:07,040 - [33mwerkzeug[0m - [33m172.17.0.1 - - [04/Jan/2023 10:12:07] "GET /iteration-scdg HTTP/1.1" 200 -[0m[0m
[1;32;40mINFO - 2023-01-04 10:12:07,047 - [33mwerkzeug[0m - [33m172.17.0.1 - - [04/Jan/2023 10:12:07] "GET /progress-scdg HTTP/1.1" 200 -[0m[0m
[1;32;40mINFO - 2023-01-04 10:12:08,591 - [33mwerkzeug[0m - [33m172.17.0.1 - - [04/Jan/2023 10:12:08] "GET /iteration-scdg HTTP/1.1" 200 -[0m[0m
[1;32;40mINFO - 2023-01-04 10:12:08,592 - [33mwerkzeug[0m - [33m172.17.0.1 - - [04/Jan/2023 10:12:08] "GET /progress-scdg HTTP/1.1" 200 -[0m[0m
[1;32;40mINFO - 2023-01-04 10:12:09,271 - [36mCustomSimProcedure[0m - [36mSyscall found:  EnterCriticalSection[<BV32 0x45fa20>][0m[0m
[1;32;40mINFO - 2023-01-04 10:12:09,805 - [36mCustomSimProcedure[0m - [36mSyscall found:  LeaveCriticalSection[<BV32 0x45fa20>][0m[0m
[1;32;40mINFO - 2023-01-04 10:12:09,918 - [36mCustomSimProcedure[0m - [36mSyscall found:  EnterCriticalSection[<BV32 0x45fa20>][0m[0m
[1;32;40mINFO - 2023-01-04 10:12:10,053 - [33mwerkzeug[0m - [33m172.17.0.1 - - [04/Jan/2023 10:12:10] "GET /iteration-scdg HTTP/1.1" 200 -[0m[0m
[1;32;40mINFO - 2023-01-04 10:12:10,071 - [33mwerkzeug[0m - [33m172.17.0.1 - - [04/Jan/2023 10:12:10] "GET /progress-scdg HTTP/1.1" 200 -[0m[0m
[1;32;40mINFO - 2023-01-04 10:12:10,132 - [36mCustomSimProcedure[0m - [36mSyscall found:  LeaveCriticalSection[<BV32 0x45fa20>][0m[0m
[1;32;40mINFO - 2023-01-04 10:12:10,318 - [36mCustomSimProcedure[0m - [36mSyscall found:  GetStartupInfoA[<BV32 0x7ffefd9c>][0m[0m
[1;32;40mINFO - 2023-01-04 10:12:10,423 - [36mCustomSimProcedure[0m - [36mSyscall found:  GetModuleHandleA[<BV32 0x0>][0m[0m
[1;32;40mINFO - 2023-01-04 10:12:12,046 - [33mwerkzeug[0m - [33m172.17.0.1 - - [04/Jan/2023 10:12:12] "GET /iteration-scdg HTTP/1.1" 200 -[0m[0m
[1;32;40mINFO - 2023-01-04 10:12:12,050 - [33mwerkzeug[0m - [33m172.17.0.1 - - [04/Jan/2023 10:12:12] "GET /progress-scdg HTTP/1.1" 200 -[0m[0m
[1;32;40mINFO - 2023-01-04 10:12:13,600 - [33mwerkzeug[0m - [33m172.17.0.1 - - [04/Jan/2023 10:12:13] "GET /iteration-scdg HTTP/1.1" 200 -[0m[0m
[1;32;40mINFO - 2023-01-04 10:12:13,609 - [33mwerkzeug[0m - [33m172.17.0.1 - - [04/Jan/2023 10:12:13] "GET /progress-scdg HTTP/1.1" 200 -[0m[0m
[1;32;40mINFO - 2023-01-04 10:12:15,055 - [33mwerkzeug[0m - [33m172.17.0.1 - - [04/Jan/2023 10:12:15] "GET /iteration-scdg HTTP/1.1" 200 -[0m[0m
[1;32;40mINFO - 2023-01-04 10:12:15,080 - [33mwerkzeug[0m - [33m172.17.0.1 - - [04/Jan/2023 10:12:15] "GET /progress-scdg HTTP/1.1" 200 -[0m[0m
[1;32;40mINFO - 2023-01-04 10:12:17,106 - [33mwerkzeug[0m - [33m172.17.0.1 - - [04/Jan/2023 10:12:17] "GET /iteration-scdg HTTP/1.1" 200 -[0m[0m
[1;32;40mINFO - 2023-01-04 10:12:17,109 - [33mwerkzeug[0m - [33m172.17.0.1 - - [04/Jan/2023 10:12:17] "GET /progress-scdg HTTP/1.1" 200 -[0m[0m
[1;32;40mINFO - 2023-01-04 10:12:18,589 - [33mwerkzeug[0m - [33m172.17.0.1 - - [04/Jan/2023 10:12:18] "GET /progress-scdg HTTP/1.1" 200 -[0m[0m
[1;32;40mINFO - 2023-01-04 10:12:18,595 - [33mwerkzeug[0m - [33m172.17.0.1 - - [04/Jan/2023 10:12:18] "GET /iteration-scdg HTTP/1.1" 200 -[0m[0m
[1;32;40mINFO - 2023-01-04 10:12:20,060 - [33mwerkzeug[0m - [33m172.17.0.1 - - [04/Jan/2023 10:12:20] "GET /iteration-scdg HTTP/1.1" 200 -[0m[0m
[1;32;40mINFO - 2023-01-04 10:12:20,066 - [33mwerkzeug[0m - [33m172.17.0.1 - - [04/Jan/2023 10:12:20] "GET /progress-scdg HTTP/1.1" 200 -[0m[0m
[1;32;40mINFO - 2023-01-04 10:12:22,049 - [33mwerkzeug[0m - [33m172.17.0.1 - - [04/Jan/2023 10:12:22] "GET /iteration-scdg HTTP/1.1" 200 -[0m[0m
[1;32;40mINFO - 2023-01-04 10:12:22,071 - [33mwerkzeug[0m - [33m172.17.0.1 - - [04/Jan/2023 10:12:22] "GET /progress-scdg HTTP/1.1" 200 -[0m[0m
[1;32;40mINFO - 2023-01-04 10:12:23,602 - [33mwerkzeug[0m - [33m172.17.0.1 - - [04/Jan/2023 10:12:23] "GET /iteration-scdg HTTP/1.1" 200 -[0m[0m
[1;32;40mINFO - 2023-01-04 10:12:23,603 - [33mwerkzeug[0m - [33m172.17.0.1 - - [04/Jan/2023 10:12:23] "GET /progress-scdg HTTP/1.1" 200 -[0m[0m
[1;32;40mINFO - 2023-01-04 10:12:25,056 - [33mwerkzeug[0m - [33m172.17.0.1 - - [04/Jan/2023 10:12:25] "GET /iteration-scdg HTTP/1.1" 200 -[0m[0m
[1;32;40mINFO - 2023-01-04 10:12:25,070 - [33mwerkzeug[0m - [33m172.17.0.1 - - [04/Jan/2023 10:12:25] "GET /progress-scdg HTTP/1.1" 200 -[0m[0m
[1;32;40mINFO - 2023-01-04 10:12:27,048 - [33mwerkzeug[0m - [33m172.17.0.1 - - [04/Jan/2023 10:12:27] "GET /iteration-scdg HTTP/1.1" 200 -[0m[0m
[1;32;40mINFO - 2023-01-04 10:12:27,054 - [33mwerkzeug[0m - [33m172.17.0.1 - - [04/Jan/2023 10:12:27] "GET /progress-scdg HTTP/1.1" 200 -[0m[0m
[1;32;40mINFO - 2023-01-04 10:12:28,608 - [33mwerkzeug[0m - [33m172.17.0.1 - - [04/Jan/2023 10:12:28] "GET /iteration-scdg HTTP/1.1" 200 -[0m[0m
[1;32;40mINFO - 2023-01-04 10:12:28,628 - [33mwerkzeug[0m - [33m172.17.0.1 - - [04/Jan/2023 10:12:28] "GET /progress-scdg HTTP/1.1" 200 -[0m[0m
[1;32;40mINFO - 2023-01-04 10:12:30,051 - [33mwerkzeug[0m - [33m172.17.0.1 - - [04/Jan/2023 10:12:30] "GET /iteration-scdg HTTP/1.1" 200 -[0m[0m
[1;32;40mINFO - 2023-01-04 10:12:30,059 - [33mwerkzeug[0m - [33m172.17.0.1 - - [04/Jan/2023 10:12:30] "GET /progress-scdg HTTP/1.1" 200 -[0m[0m
[1;32;40mINFO - 2023-01-04 10:12:32,053 - [33mwerkzeug[0m - [33m172.17.0.1 - - [04/Jan/2023 10:12:32] "GET /iteration-scdg HTTP/1.1" 200 -[0m[0m
[1;32;40mINFO - 2023-01-04 10:12:32,056 - [33mwerkzeug[0m - [33m172.17.0.1 - - [04/Jan/2023 10:12:32] "GET /progress-scdg HTTP/1.1" 200 -[0m[0m
[1;32;40mINFO - 2023-01-04 10:12:33,587 - [33mwerkzeug[0m - [33m172.17.0.1 - - [04/Jan/2023 10:12:33] "GET /iteration-scdg HTTP/1.1" 200 -[0m[0m
[1;32;40mINFO - 2023-01-04 10:12:33,595 - [33mwerkzeug[0m - [33m172.17.0.1 - - [04/Jan/2023 10:12:33] "GET /progress-scdg HTTP/1.1" 200 -[0m[0m
[1;32;40mINFO - 2023-01-04 10:12:35,053 - [33mwerkzeug[0m - [33m172.17.0.1 - - [04/Jan/2023 10:12:35] "GET /iteration-scdg HTTP/1.1" 200 -[0m[0m
[1;32;40mINFO - 2023-01-04 10:12:35,062 - [33mwerkzeug[0m - [33m172.17.0.1 - - [04/Jan/2023 10:12:35] "GET /progress-scdg HTTP/1.1" 200 -[0m[0m
[1;32;40mINFO - 2023-01-04 10:12:37,049 - [33mwerkzeug[0m - [33m172.17.0.1 - - [04/Jan/2023 10:12:37] "GET /iteration-scdg HTTP/1.1" 200 -[0m[0m
[1;32;40mINFO - 2023-01-04 10:12:37,060 - [33mwerkzeug[0m - [33m172.17.0.1 - - [04/Jan/2023 10:12:37] "GET /progress-scdg HTTP/1.1" 200 -[0m[0m
[1;32;40mINFO - 2023-01-04 10:12:38,591 - [33mwerkzeug[0m - [33m172.17.0.1 - - [04/Jan/2023 10:12:38] "GET /iteration-scdg HTTP/1.1" 200 -[0m[0m
[1;32;40mINFO - 2023-01-04 10:12:38,617 - [33mwerkzeug[0m - [33m172.17.0.1 - - [04/Jan/2023 10:12:38] "GET /progress-scdg HTTP/1.1" 200 -[0m[0m
[1;32;40mINFO - 2023-01-04 10:12:40,058 - [33mwerkzeug[0m - [33m172.17.0.1 - - [04/Jan/2023 10:12:40] "GET /iteration-scdg HTTP/1.1" 200 -[0m[0m
[1;32;40mINFO - 2023-01-04 10:12:40,085 - [33mwerkzeug[0m - [33m172.17.0.1 - - [04/Jan/2023 10:12:40] "GET /progress-scdg HTTP/1.1" 200 -[0m[0m
[1;32;40mINFO - 2023-01-04 10:12:40,102 - [31mToolChainExplorerAnotherCDFS[0m - [31mA state has been discarded because of simple loop[0m[0m
[1;32;40mINFO - 2023-01-04 10:12:42,061 - [33mwerkzeug[0m - [33m172.17.0.1 - - [04/Jan/2023 10:12:42] "GET /iteration-scdg HTTP/1.1" 200 -[0m[0m
[1;32;40mINFO - 2023-01-04 10:12:42,070 - [33mwerkzeug[0m - [33m172.17.0.1 - - [04/Jan/2023 10:12:42] "GET /progress-scdg HTTP/1.1" 200 -[0m[0m
[1;32;40mINFO - 2023-01-04 10:12:43,597 - [33mwerkzeug[0m - [33m172.17.0.1 - - [04/Jan/2023 10:12:43] "GET /iteration-scdg HTTP/1.1" 200 -[0m[0m
[1;32;40mINFO - 2023-01-04 10:12:43,618 - [33mwerkzeug[0m - [33m172.17.0.1 - - [04/Jan/2023 10:12:43] "GET /progress-scdg HTTP/1.1" 200 -[0m[0m
[1;32;40mINFO - 2023-01-04 10:12:45,058 - [33mwerkzeug[0m - [33m172.17.0.1 - - [04/Jan/2023 10:12:45] "GET /iteration-scdg HTTP/1.1" 200 -[0m[0m
[1;32;40mINFO - 2023-01-04 10:12:45,069 - [33mwerkzeug[0m - [33m172.17.0.1 - - [04/Jan/2023 10:12:45] "GET /progress-scdg HTTP/1.1" 200 -[0m[0m
[1;32;40mINFO - 2023-01-04 10:12:47,061 - [33mwerkzeug[0m - [33m172.17.0.1 - - [04/Jan/2023 10:12:47] "GET /iteration-scdg HTTP/1.1" 200 -[0m[0m
[1;32;40mINFO - 2023-01-04 10:12:47,073 - [33mwerkzeug[0m - [33m172.17.0.1 - - [04/Jan/2023 10:12:47] "GET /progress-scdg HTTP/1.1" 200 -[0m[0m
[1;32;40mINFO - 2023-01-04 10:12:48,598 - [33mwerkzeug[0m - [33m172.17.0.1 - - [04/Jan/2023 10:12:48] "GET /iteration-scdg HTTP/1.1" 200 -[0m[0m
[1;32;40mINFO - 2023-01-04 10:12:48,605 - [33mwerkzeug[0m - [33m172.17.0.1 - - [04/Jan/2023 10:12:48] "GET /progress-scdg HTTP/1.1" 200 -[0m[0m
[1;32;40mINFO - 2023-01-04 10:12:50,058 - [33mwerkzeug[0m - [33m172.17.0.1 - - [04/Jan/2023 10:12:50] "GET /iteration-scdg HTTP/1.1" 200 -[0m[0m
[1;32;40mINFO - 2023-01-04 10:12:50,079 - [33mwerkzeug[0m - [33m172.17.0.1 - - [04/Jan/2023 10:12:50] "GET /progress-scdg HTTP/1.1" 200 -[0m[0m
[1;32;40mINFO - 2023-01-04 10:12:52,059 - [33mwerkzeug[0m - [33m172.17.0.1 - - [04/Jan/2023 10:12:52] "GET /iteration-scdg HTTP/1.1" 200 -[0m[0m
[1;32;40mINFO - 2023-01-04 10:12:52,084 - [33mwerkzeug[0m - [33m172.17.0.1 - - [04/Jan/2023 10:12:52] "GET /progress-scdg HTTP/1.1" 200 -[0m[0m
[1;32;40mINFO - 2023-01-04 10:12:53,601 - [33mwerkzeug[0m - [33m172.17.0.1 - - [04/Jan/2023 10:12:53] "GET /iteration-scdg HTTP/1.1" 200 -[0m[0m
[1;32;40mINFO - 2023-01-04 10:12:53,606 - [33mwerkzeug[0m - [33m172.17.0.1 - - [04/Jan/2023 10:12:53] "GET /progress-scdg HTTP/1.1" 200 -[0m[0m
[1;32;40mINFO - 2023-01-04 10:12:55,073 - [33mwerkzeug[0m - [33m172.17.0.1 - - [04/Jan/2023 10:12:55] "GET /iteration-scdg HTTP/1.1" 200 -[0m[0m
[1;32;40mINFO - 2023-01-04 10:12:55,085 - [33mwerkzeug[0m - [33m172.17.0.1 - - [04/Jan/2023 10:12:55] "GET /progress-scdg HTTP/1.1" 200 -[0m[0m
[1;32;40mINFO - 2023-01-04 10:12:57,049 - [33mwerkzeug[0m - [33m172.17.0.1 - - [04/Jan/2023 10:12:57] "GET /iteration-scdg HTTP/1.1" 200 -[0m[0m
[1;32;40mINFO - 2023-01-04 10:12:57,055 - [33mwerkzeug[0m - [33m172.17.0.1 - - [04/Jan/2023 10:12:57] "GET /progress-scdg HTTP/1.1" 200 -[0m[0m
[1;32;40mINFO - 2023-01-04 10:12:58,610 - [33mwerkzeug[0m - [33m172.17.0.1 - - [04/Jan/2023 10:12:58] "GET /iteration-scdg HTTP/1.1" 200 -[0m[0m
[1;32;40mINFO - 2023-01-04 10:12:58,613 - [33mwerkzeug[0m - [33m172.17.0.1 - - [04/Jan/2023 10:12:58] "GET /progress-scdg HTTP/1.1" 200 -[0m[0m
[1;32;40mINFO - 2023-01-04 10:13:00,061 - [33mwerkzeug[0m - [33m172.17.0.1 - - [04/Jan/2023 10:13:00] "GET /iteration-scdg HTTP/1.1" 200 -[0m[0m
[1;32;40mINFO - 2023-01-04 10:13:00,070 - [33mwerkzeug[0m - [33m172.17.0.1 - - [04/Jan/2023 10:13:00] "GET /progress-scdg HTTP/1.1" 200 -[0m[0m
[1;32;40mINFO - 2023-01-04 10:13:02,083 - [33mwerkzeug[0m - [33m172.17.0.1 - - [04/Jan/2023 10:13:02] "GET /progress-scdg HTTP/1.1" 200 -[0m[0m
[1;32;40mINFO - 2023-01-04 10:13:02,084 - [33mwerkzeug[0m - [33m172.17.0.1 - - [04/Jan/2023 10:13:02] "GET /iteration-scdg HTTP/1.1" 200 -[0m[0m
[1;32;40mINFO - 2023-01-04 10:13:03,599 - [33mwerkzeug[0m - [33m172.17.0.1 - - [04/Jan/2023 10:13:03] "GET /iteration-scdg HTTP/1.1" 200 -[0m[0m
[1;32;40mINFO - 2023-01-04 10:13:03,615 - [33mwerkzeug[0m - [33m172.17.0.1 - - [04/Jan/2023 10:13:03] "GET /progress-scdg HTTP/1.1" 200 -[0m[0m
[1;32;40mINFO - 2023-01-04 10:13:05,071 - [33mwerkzeug[0m - [33m172.17.0.1 - - [04/Jan/2023 10:13:05] "GET /iteration-scdg HTTP/1.1" 200 -[0m[0m
[1;32;40mINFO - 2023-01-04 10:13:05,083 - [33mwerkzeug[0m - [33m172.17.0.1 - - [04/Jan/2023 10:13:05] "GET /progress-scdg HTTP/1.1" 200 -[0m[0m
[1;32;40mINFO - 2023-01-04 10:13:07,077 - [33mwerkzeug[0m - [33m172.17.0.1 - - [04/Jan/2023 10:13:07] "GET /progress-scdg HTTP/1.1" 200 -[0m[0m
[1;32;40mINFO - 2023-01-04 10:13:07,078 - [33mwerkzeug[0m - [33m172.17.0.1 - - [04/Jan/2023 10:13:07] "GET /iteration-scdg HTTP/1.1" 200 -[0m[0m
[1;32;40mINFO - 2023-01-04 10:13:08,598 - [33mwerkzeug[0m - [33m172.17.0.1 - - [04/Jan/2023 10:13:08] "GET /iteration-scdg HTTP/1.1" 200 -[0m[0m
[1;32;40mINFO - 2023-01-04 10:13:08,604 - [33mwerkzeug[0m - [33m172.17.0.1 - - [04/Jan/2023 10:13:08] "GET /progress-scdg HTTP/1.1" 200 -[0m[0m
[1;32;40mINFO - 2023-01-04 10:13:09,353 - [31mToolChainExplorerAnotherCDFS[0m - [31mA state has been discarded because of simple loop[0m[0m
[1;32;40mINFO - 2023-01-04 10:13:10,079 - [33mwerkzeug[0m - [33m172.17.0.1 - - [04/Jan/2023 10:13:10] "GET /iteration-scdg HTTP/1.1" 200 -[0m[0m
[1;32;40mINFO - 2023-01-04 10:13:10,080 - [33mwerkzeug[0m - [33m172.17.0.1 - - [04/Jan/2023 10:13:10] "GET /progress-scdg HTTP/1.1" 200 -[0m[0m
[1;32;40mINFO - 2023-01-04 10:13:12,070 - [33mwerkzeug[0m - [33m172.17.0.1 - - [04/Jan/2023 10:13:12] "GET /iteration-scdg HTTP/1.1" 200 -[0m[0m
[1;32;40mINFO - 2023-01-04 10:13:12,086 - [33mwerkzeug[0m - [33m172.17.0.1 - - [04/Jan/2023 10:13:12] "GET /progress-scdg HTTP/1.1" 200 -[0m[0m
[1;32;40mINFO - 2023-01-04 10:13:13,441 - [31mToolChainExplorerAnotherCDFS[0m - [31mTimeout expired for simulation ![0m[0m
[1;32;40mINFO - 2023-01-04 10:13:13,445 - [37mGraphBuilder[0m - [37mOutput dir :src/output/runs/68//Gh0stRAT[0m[0m
