[1;33;40mWARNING - 2023-01-04 15:47:10,759 - [34mangr.project[0m - [34mDisabling IRSB translation cache because support for self-modifying code is enabled.[0m[0m
[1;33;40mWARNING - 2023-01-04 15:47:11,125 - [31mpyvex.lifting.gym.x86_spotter[0m - [31mThe generalized AAM instruction is not supported by VEX, and is handled specially by pyvex. It has no flag handling at present.  See pyvex/lifting/gym/x86_spotter.py for details[0m[0m
[1;32;40mINFO - 2023-01-04 15:47:12,666 - [33mwerkzeug[0m - [33m172.17.0.1 - - [04/Jan/2023 15:47:12] "GET /iteration-scdg HTTP/1.1" 200 -[0m[0m
[1;32;40mINFO - 2023-01-04 15:47:12,669 - [33mwerkzeug[0m - [33m172.17.0.1 - - [04/Jan/2023 15:47:12] "GET /progress-scdg HTTP/1.1" 200 -[0m[0m
[1;32;40mINFO - 2023-01-04 15:47:12,673 - [33mwerkzeug[0m - [33m172.17.0.1 - - [04/Jan/2023 15:47:12] "GET /iteration-scdg HTTP/1.1" 200 -[0m[0m
[1;32;40mINFO - 2023-01-04 15:47:12,674 - [33mwerkzeug[0m - [33m172.17.0.1 - - [04/Jan/2023 15:47:12] "GET /progress-scdg HTTP/1.1" 200 -[0m[0m
[1;32;40mINFO - 2023-01-04 15:47:12,677 - [33mwerkzeug[0m - [33m172.17.0.1 - - [04/Jan/2023 15:47:12] "GET /iteration-scdg HTTP/1.1" 200 -[0m[0m
[1;32;40mINFO - 2023-01-04 15:47:12,680 - [33mwerkzeug[0m - [33m172.17.0.1 - - [04/Jan/2023 15:47:12] "GET /progress-scdg HTTP/1.1" 200 -[0m[0m
[1;32;40mINFO - 2023-01-04 15:47:16,230 - [36mCustomSimProcedure[0m - {'SuspendThread': 269484032, 'ResumeThread': 269484036, 'lstrlenA': 269484040, 'lstrcpyA': 269484044, 'lstrcmpiA': 269484048, 'InitializeCriticalSection': 269484052, 'VirtualFree': 269484056, 'LeaveCriticalSection': 269484060, 'VirtualAlloc': 269484064, 'GetTickCount': 269484068, 'GetLastError': 269484072, 'InterlockedExchange': 269484076, 'GetProcAddress': 269484080, 'GetModuleHandleA': 269484084, 'MultiByteToWideChar': 269484088, 'FreeLibrary': 269484092, 'WideCharToMultiByte': 269484096, 'lstrcmpA': 269484100, 'GetPrivateProfileStringA': 269484104, 'GetPrivateProfileSectionNamesA': 269484108, 'GetVersionExA': 269484112, 'ExpandEnvironmentStringsA': 269484116, 'lstrcatA': 269484120, 'Thread32Next': 269484124, 'VirtualQuery': 269484128, 'OpenThread': 269484132, 'Thread32First': 269484136, 'GetCurrentProcessId': 269484140, 'GetCurrentThreadId': 269484144, 'GetSystemDirectoryA': 269484148, 'SetEnvironmentVariableA': 269484152, 'GetTempPathA': 269484156, 'GetLongPathNameA': 269484160, 'GetModuleFileNameA': 269484164, 'Sleep': 269484168, 'LocalFree': 269484172, 'LocalReAlloc': 269484176, 'LocalAlloc': 269484180, 'GetTempFileNameA': 269484184, 'GetLocalTime': 269484188, 'GlobalUnlock': 269484192, 'GlobalLock': 269484196, 'GlobalSize': 269484200, 'HeapFree': 269484204, 'GetProcessHeap': 269484208, 'MapViewOfFile': 269484212, 'CreateFileMappingA': 269484216, 'HeapAlloc': 269484220, 'SetUnhandledExceptionFilter': 269484224, 'FormatMessageA': 269484228, 'IsBadWritePtr': 269484232, 'LocalSize': 269484236, 'GlobalFree': 269484240, 'GlobalAlloc': 269484244, 'InterlockedDecrement': 269484248, 'InterlockedIncrement': 269484252, 'ExitProcess': 269484256, 'GetExitCodeProcess': 269484260, 'GetSystemInfo': 269484264, 'GetProcessTimes': 269484268, 'GlobalMemoryStatusEx': 269484272, 'DeleteFileA': 269484276, 'RemoveDirectoryA': 269484280, 'ExitThread': 269484284, 'FreeLibraryAndExitThread': 269484288, 'IsBadReadPtr': 269484292, 'IsBadStringPtrW': 269484296, 'RaiseException': 269484300, 'GetCurrentProcess': 269484304, 'CloseHandle': 269484308, 'LoadLibraryA': 269484312, 'wsprintfA': 269484316, 'wvsprintfA': 269484320, 'BlockInput': 269484324, 'LoadCursorA': 269484328, 'DestroyCursor': 269484332, 'ShowWindow': 269484336, 'FindWindowA': 269484340, 'DestroyWindow': 269484344, 'CreateWindowExA': 269484348, 'CloseWindowStation': 269484352, 'GetCursorInfo': 269484356, 'MessageBoxA': 269484360, 'RegOpenKeyExW': 269484364, 'CoCreateInstance': 269484368, 'CoTaskMemFree': 269484372, 'CoUninitialize': 269484376, 'CoInitialize': 269484380, 'SysFreeString': 269484384, 'ICGetInfo': 269484388, '_adjust_fdiv': 269484392, '_initterm': 269484396, '_onexit': 269484400, '__dllonexit': 269484404, '??1type_info@@UAE@XZ': 269484408, '_wcsicmp': 269484412, '_memicmp': 269484416, '_strupr': 269484420, '_itoa': 269484424, '_strlwr': 269484428, 'wcsrchr': 269484432, 'wcslen': 269484436, '_beginthreadex': 269484440, 'wcstombs': 269484444, 'atoi': 269484448, 'strncat': 269484452, 'strchr': 269484456, '??2@YAPAXI@Z': 269484460, '??3@YAXPAX@Z': 269484464, '__CxxFrameHandler': 269484468, 'memmove': 269484472, 'ceil': 269484476, '_ftol': 269484480, 'strstr': 269484484, 'strncpy': 269484488, '_CxxThrowException': 269484492, '_except_handler3': 269484496, 'toupper': 269484500, 'tolower': 269484504, 'rand': 269484508, 'srand': 269484512, 'free': 269484516, 'malloc': 269484520, 'strrchr': 269484524, 'FreeTest': 268496064, 'KiUserExceptionDispatcher': 270536724, '_fmode': 270536728, '_commode': 270536732, '_acmdln': 270536736, '_wcmdln': 270536740}[0m
[1;33;40mWARNING - 2023-01-04 15:47:16,257 - [34mangr.project[0m - [34mAddress is already hooked, during hook(0x10100158, <SimProcedure CoUninitialize>). Not re-hooking.[0m[0m
[1;33;40mWARNING - 2023-01-04 15:47:16,257 - [34mangr.project[0m - [34mAddress is already hooked, during hook(0x1010015c, <SimProcedure CoInitialize>). Not re-hooking.[0m[0m
[1;33;40mWARNING - 2023-01-04 15:47:16,258 - [34mangr.project[0m - [34mAddress is already hooked, during hook(0x10100154, <SimProcedure CoTaskMemFree>). Not re-hooking.[0m[0m
[1;32;40mINFO - 2023-01-04 15:47:16,352 - [36mCustomSimProcedure[0m - [36mWas in angr :msvcrt.dll[0m[0m
[1;32;40mINFO - 2023-01-04 15:47:16,417 - [36mCustomSimProcedure[0m - [36mWas in angr :kernel32.dll[0m[0m
[1;32;40mINFO - 2023-01-04 15:47:16,554 - [36mCustomSimProcedure[0m - [36mWas in angr :user32.dll[0m[0m
[1;33;40mWARNING - 2023-01-04 15:47:16,558 - [36mCustomSimProcedure[0m - [36mProcedure wsprintfA in DLL user32.dll has 3 arguments in json and 2 arguments in angr prototype. Taking number of arguments from json.[0m[0m
[1;33;40mWARNING - 2023-01-04 15:47:16,558 - [36mCustomSimProcedure[0m - [36mProcedure wsprintfW in DLL user32.dll has 3 arguments in json and 2 arguments in angr prototype. Taking number of arguments from json.[0m[0m
[1;32;40mINFO - 2023-01-04 15:47:16,624 - [36mCustomSimProcedure[0m - [36mWas in angr :advapi32.dll[0m[0m
[1;33;40mWARNING - 2023-01-04 15:47:16,662 - [34mangr.project[0m - [34mAddress is already hooked, during hook(0x1010002c, <SimProcedure InterlockedExchange>). Not re-hooking.[0m[0m
[1;33;40mWARNING - 2023-01-04 15:47:16,663 - [34mangr.project[0m - [34mAddress is already hooked, during hook(0x101000d8, <SimProcedure InterlockedDecrement>). Not re-hooking.[0m[0m
[1;33;40mWARNING - 2023-01-04 15:47:16,663 - [34mangr.project[0m - [34mAddress is already hooked, during hook(0x101000dc, <SimProcedure InterlockedIncrement>). Not re-hooking.[0m[0m
[1;33;40mWARNING - 2023-01-04 15:47:16,663 - [34mangr.project[0m - [34mAddress is already hooked, during hook(0x10201014, <SimProcedure KiUserExceptionDispatcher>). Not re-hooking.[0m[0m
[1;32;40mINFO - 2023-01-04 15:47:16,663 - [36mCustomSimProcedure[0m - [36mNo hooks for: {'ICGetInfo': 269484388, '_adjust_fdiv': 269484392, '_initterm': 269484396, '__dllonexit': 269484404, '??1type_info@@UAE@XZ': 269484408, '_beginthreadex': 269484440, '??2@YAPAXI@Z': 269484460, '??3@YAXPAX@Z': 269484464, '__CxxFrameHandler': 269484468, 'ceil': 269484476, '_ftol': 269484480, '_CxxThrowException': 269484492, '_except_handler3': 269484496, 'FreeTest': 268496064, '_fmode': 270536728, '_commode': 270536732, '_acmdln': 270536736, '_wcmdln': 270536740}[0m[0m
[1;32;40mINFO - 2023-01-04 15:47:16,663 - [36mCustomSimProcedure[0m - [36mcustom_hook_static[0m[0m
[1;33;40mWARNING - 2023-01-04 15:47:16,664 - [34mangr.project[0m - [34mAddress is already hooked, during hook(0x10000000, <SimProcedure GetTickCount>). Not re-hooking.[0m[0m
[1;33;40mWARNING - 2023-01-04 15:47:16,664 - [34mangr.project[0m - [34mAddress is already hooked, during hook(0x10000000, <SimProcedure InterlockedExchange>). Not re-hooking.[0m[0m
[1;33;40mWARNING - 2023-01-04 15:47:16,664 - [34mangr.project[0m - [34mAddress is already hooked, during hook(0x10000000, <SimProcedure GetCurrentProcessId>). Not re-hooking.[0m[0m
[1;33;40mWARNING - 2023-01-04 15:47:16,664 - [34mangr.project[0m - [34mAddress is already hooked, during hook(0x10000000, <SimProcedure GetCurrentThreadId>). Not re-hooking.[0m[0m
[1;33;40mWARNING - 2023-01-04 15:47:16,665 - [34mangr.project[0m - [34mAddress is already hooked, during hook(0x10000000, <SimProcedure GetTempPathA>). Not re-hooking.[0m[0m
[1;33;40mWARNING - 2023-01-04 15:47:16,665 - [34mangr.project[0m - [34mAddress is already hooked, during hook(0x10000000, <SimProcedure GetLocalTime>). Not re-hooking.[0m[0m
[1;33;40mWARNING - 2023-01-04 15:47:16,665 - [34mangr.project[0m - [34mAddress is already hooked, during hook(0x10000000, <SimProcedure HeapFree>). Not re-hooking.[0m[0m
[1;33;40mWARNING - 2023-01-04 15:47:16,665 - [34mangr.project[0m - [34mAddress is already hooked, during hook(0x10000000, <SimProcedure GetProcessHeap>). Not re-hooking.[0m[0m
[1;33;40mWARNING - 2023-01-04 15:47:16,665 - [34mangr.project[0m - [34mAddress is already hooked, during hook(0x10000000, <SimProcedure HeapAlloc>). Not re-hooking.[0m[0m
[1;33;40mWARNING - 2023-01-04 15:47:16,666 - [34mangr.project[0m - [34mAddress is already hooked, during hook(0x10000000, <SimProcedure IsBadWritePtr>). Not re-hooking.[0m[0m
[1;33;40mWARNING - 2023-01-04 15:47:16,666 - [34mangr.project[0m - [34mAddress is already hooked, during hook(0x10000000, <SimProcedure GlobalAlloc>). Not re-hooking.[0m[0m
[1;33;40mWARNING - 2023-01-04 15:47:16,666 - [34mangr.project[0m - [34mAddress is already hooked, during hook(0x10000000, <SimProcedure ExitProcess>). Not re-hooking.[0m[0m
[1;33;40mWARNING - 2023-01-04 15:47:16,666 - [34mangr.project[0m - [34mAddress is already hooked, during hook(0x10000000, <SimProcedure IsBadReadPtr>). Not re-hooking.[0m[0m
[1;33;40mWARNING - 2023-01-04 15:47:16,667 - [34mangr.project[0m - [34mAddress is already hooked, during hook(0x10000000, <SimProcedure MessageBoxA>). Not re-hooking.[0m[0m
[1;33;40mWARNING - 2023-01-04 15:47:16,667 - [34mangr.project[0m - [34mAddress is already hooked, during hook(0x10000000, <SimProcedure _initterm>). Not re-hooking.[0m[0m
[1;33;40mWARNING - 2023-01-04 15:47:16,667 - [34mangr.project[0m - [34mAddress is already hooked, during hook(0x10000000, <SimProcedure atoi>). Not re-hooking.[0m[0m
[1;33;40mWARNING - 2023-01-04 15:47:16,667 - [34mangr.project[0m - [34mAddress is already hooked, during hook(0x10000000, <SimProcedure strncat>). Not re-hooking.[0m[0m
[1;33;40mWARNING - 2023-01-04 15:47:16,667 - [34mangr.project[0m - [34mAddress is already hooked, during hook(0x10000000, <SimProcedure strchr>). Not re-hooking.[0m[0m
[1;33;40mWARNING - 2023-01-04 15:47:16,668 - [34mangr.project[0m - [34mAddress is already hooked, during hook(0x10000000, <SimProcedure strstr>). Not re-hooking.[0m[0m
[1;33;40mWARNING - 2023-01-04 15:47:16,668 - [34mangr.project[0m - [34mAddress is already hooked, during hook(0x10000000, <SimProcedure strncpy>). Not re-hooking.[0m[0m
[1;33;40mWARNING - 2023-01-04 15:47:16,668 - [34mangr.project[0m - [34mAddress is already hooked, during hook(0x10000000, <SimProcedure toupper>). Not re-hooking.[0m[0m
[1;33;40mWARNING - 2023-01-04 15:47:16,668 - [34mangr.project[0m - [34mAddress is already hooked, during hook(0x10000000, <SimProcedure tolower>). Not re-hooking.[0m[0m
[1;33;40mWARNING - 2023-01-04 15:47:16,668 - [34mangr.project[0m - [34mAddress is already hooked, during hook(0x10000000, <SimProcedure rand>). Not re-hooking.[0m[0m
[1;33;40mWARNING - 2023-01-04 15:47:16,669 - [34mangr.project[0m - [34mAddress is already hooked, during hook(0x10000000, <SimProcedure srand>). Not re-hooking.[0m[0m
[1;33;40mWARNING - 2023-01-04 15:47:16,669 - [34mangr.project[0m - [34mAddress is already hooked, during hook(0x10000000, <SimProcedure free>). Not re-hooking.[0m[0m
[1;33;40mWARNING - 2023-01-04 15:47:16,669 - [34mangr.project[0m - [34mAddress is already hooked, during hook(0x10000000, <SimProcedure malloc>). Not re-hooking.[0m[0m
[1;33;40mWARNING - 2023-01-04 15:47:16,669 - [34mangr.project[0m - [34mAddress is already hooked, during hook(0x10100020, <SimProcedure VirtualAlloc>). Not re-hooking.[0m[0m
[1;33;40mWARNING - 2023-01-04 15:47:16,669 - [34mangr.project[0m - [34mAddress is already hooked, during hook(0x10100024, <SimProcedure GetTickCount>). Not re-hooking.[0m[0m
[1;33;40mWARNING - 2023-01-04 15:47:16,670 - [34mangr.project[0m - [34mAddress is already hooked, during hook(0x1010002c, <SimProcedure InterlockedExchange>). Not re-hooking.[0m[0m
[1;33;40mWARNING - 2023-01-04 15:47:16,670 - [34mangr.project[0m - [34mAddress is already hooked, during hook(0x1010006c, <SimProcedure GetCurrentProcessId>). Not re-hooking.[0m[0m
[1;33;40mWARNING - 2023-01-04 15:47:16,670 - [34mangr.project[0m - [34mAddress is already hooked, during hook(0x10100070, <SimProcedure GetCurrentThreadId>). Not re-hooking.[0m[0m
[1;33;40mWARNING - 2023-01-04 15:47:16,670 - [34mangr.project[0m - [34mAddress is already hooked, during hook(0x1010007c, <SimProcedure GetTempPathA>). Not re-hooking.[0m[0m
[1;33;40mWARNING - 2023-01-04 15:47:16,671 - [34mangr.project[0m - [34mAddress is already hooked, during hook(0x1010009c, <SimProcedure GetLocalTime>). Not re-hooking.[0m[0m
[1;33;40mWARNING - 2023-01-04 15:47:16,671 - [34mangr.project[0m - [34mAddress is already hooked, during hook(0x101000ac, <SimProcedure HeapFree>). Not re-hooking.[0m[0m
[1;33;40mWARNING - 2023-01-04 15:47:16,671 - [34mangr.project[0m - [34mAddress is already hooked, during hook(0x101000b0, <SimProcedure GetProcessHeap>). Not re-hooking.[0m[0m
[1;33;40mWARNING - 2023-01-04 15:47:16,671 - [34mangr.project[0m - [34mAddress is already hooked, during hook(0x101000bc, <SimProcedure HeapAlloc>). Not re-hooking.[0m[0m
[1;33;40mWARNING - 2023-01-04 15:47:16,671 - [34mangr.project[0m - [34mAddress is already hooked, during hook(0x101000c8, <SimProcedure IsBadWritePtr>). Not re-hooking.[0m[0m
[1;33;40mWARNING - 2023-01-04 15:47:16,671 - [34mangr.project[0m - [34mAddress is already hooked, during hook(0x101000d4, <SimProcedure GlobalAlloc>). Not re-hooking.[0m[0m
[1;33;40mWARNING - 2023-01-04 15:47:16,672 - [34mangr.project[0m - [34mAddress is already hooked, during hook(0x101000e0, <SimProcedure ExitProcess>). Not re-hooking.[0m[0m
[1;33;40mWARNING - 2023-01-04 15:47:16,672 - [34mangr.project[0m - [34mAddress is already hooked, during hook(0x10100104, <SimProcedure IsBadReadPtr>). Not re-hooking.[0m[0m
[1;33;40mWARNING - 2023-01-04 15:47:16,672 - [34mangr.project[0m - [34mAddress is already hooked, during hook(0x10100148, <SimProcedure MessageBoxA>). Not re-hooking.[0m[0m
[1;33;40mWARNING - 2023-01-04 15:47:16,672 - [34mangr.project[0m - [34mAddress is already hooked, during hook(0x1010016c, <SimProcedure _initterm>). Not re-hooking.[0m[0m
[1;33;40mWARNING - 2023-01-04 15:47:16,672 - [34mangr.project[0m - [34mAddress is already hooked, during hook(0x101001a0, <SimProcedure atoi>). Not re-hooking.[0m[0m
[1;33;40mWARNING - 2023-01-04 15:47:16,673 - [34mangr.project[0m - [34mAddress is already hooked, during hook(0x101001a4, <SimProcedure strncat>). Not re-hooking.[0m[0m
[1;33;40mWARNING - 2023-01-04 15:47:16,673 - [34mangr.project[0m - [34mAddress is already hooked, during hook(0x101001a8, <SimProcedure strchr>). Not re-hooking.[0m[0m
[1;33;40mWARNING - 2023-01-04 15:47:16,673 - [34mangr.project[0m - [34mAddress is already hooked, during hook(0x101001c4, <SimProcedure strstr>). Not re-hooking.[0m[0m
[1;33;40mWARNING - 2023-01-04 15:47:16,673 - [34mangr.project[0m - [34mAddress is already hooked, during hook(0x101001c8, <SimProcedure strncpy>). Not re-hooking.[0m[0m
[1;33;40mWARNING - 2023-01-04 15:47:16,673 - [34mangr.project[0m - [34mAddress is already hooked, during hook(0x101001d4, <SimProcedure toupper>). Not re-hooking.[0m[0m
[1;33;40mWARNING - 2023-01-04 15:47:16,673 - [34mangr.project[0m - [34mAddress is already hooked, during hook(0x101001d8, <SimProcedure tolower>). Not re-hooking.[0m[0m
[1;33;40mWARNING - 2023-01-04 15:47:16,673 - [34mangr.project[0m - [34mAddress is already hooked, during hook(0x101001dc, <SimProcedure rand>). Not re-hooking.[0m[0m
[1;33;40mWARNING - 2023-01-04 15:47:16,674 - [34mangr.project[0m - [34mAddress is already hooked, during hook(0x101001e0, <SimProcedure srand>). Not re-hooking.[0m[0m
[1;33;40mWARNING - 2023-01-04 15:47:16,674 - [34mangr.project[0m - [34mAddress is already hooked, during hook(0x101001e4, <SimProcedure free>). Not re-hooking.[0m[0m
[1;33;40mWARNING - 2023-01-04 15:47:16,674 - [34mangr.project[0m - [34mAddress is already hooked, during hook(0x101001e8, <SimProcedure malloc>). Not re-hooking.[0m[0m
[1;33;40mWARNING - 2023-01-04 15:47:16,674 - [34mangr.project[0m - [34mAddress is already hooked, during hook(0x10201014, <SimProcedure KiUserExceptionDispatcher>). Not re-hooking.[0m[0m
[1;32;40mINFO - 2023-01-04 15:47:16,674 - [36mCustomSimProcedure[0m - [36mcustom_hook_windows_symbols[0m[0m
[1;33;40mWARNING - 2023-01-04 15:47:16,824 - [34mangr.project[0m - [34mAddress is already hooked, during hook(0x10100158, <SimProcedure CoUninitialize>). Re-hooking.[0m[0m
[1;33;40mWARNING - 2023-01-04 15:47:16,827 - [34mangr.project[0m - [34mAddress is already hooked, during hook(0x10100158, <SimProcedure CoUninitialize>). Re-hooking.[0m[0m
[1;33;40mWARNING - 2023-01-04 15:47:17,390 - [34mangr.project[0m - [34mAddress is already hooked, during hook(0x1010015c, <SimProcedure CoInitialize>). Re-hooking.[0m[0m
[1;33;40mWARNING - 2023-01-04 15:47:17,392 - [34mangr.project[0m - [34mAddress is already hooked, during hook(0x1010015c, <SimProcedure CoInitialize>). Re-hooking.[0m[0m
[1;33;40mWARNING - 2023-01-04 15:47:17,404 - [34mangr.project[0m - [34mAddress is already hooked, during hook(0x10100154, <SimProcedure CoTaskMemFree>). Re-hooking.[0m[0m
[1;33;40mWARNING - 2023-01-04 15:47:17,407 - [34mangr.project[0m - [34mAddress is already hooked, during hook(0x10100154, <SimProcedure CoTaskMemFree>). Re-hooking.[0m[0m
[1;33;40mWARNING - 2023-01-04 15:47:17,419 - [34mangr.project[0m - [34mAddress is already hooked, during hook(0x10100158, <SimProcedure CoUninitialize>). Re-hooking.[0m[0m
[1;33;40mWARNING - 2023-01-04 15:47:17,421 - [34mangr.project[0m - [34mAddress is already hooked, during hook(0x10100158, <SimProcedure CoUninitialize>). Re-hooking.[0m[0m
[1;32;40mINFO - 2023-01-04 15:47:17,692 - [33mwerkzeug[0m - [33m172.17.0.1 - - [04/Jan/2023 15:47:17] "GET /progress-scdg HTTP/1.1" 200 -[0m[0m
[1;32;40mINFO - 2023-01-04 15:47:17,693 - [33mwerkzeug[0m - [33m172.17.0.1 - - [04/Jan/2023 15:47:17] "GET /iteration-scdg HTTP/1.1" 200 -[0m[0m
[1;32;40mINFO - 2023-01-04 15:47:17,715 - [33mwerkzeug[0m - [33m172.17.0.1 - - [04/Jan/2023 15:47:17] "GET /iteration-scdg HTTP/1.1" 200 -[0m[0m
[1;32;40mINFO - 2023-01-04 15:47:17,737 - [33mwerkzeug[0m - [33m172.17.0.1 - - [04/Jan/2023 15:47:17] "GET /progress-scdg HTTP/1.1" 200 -[0m[0m
[1;32;40mINFO - 2023-01-04 15:47:17,754 - [33mwerkzeug[0m - [33m172.17.0.1 - - [04/Jan/2023 15:47:17] "GET /iteration-scdg HTTP/1.1" 200 -[0m[0m
[1;32;40mINFO - 2023-01-04 15:47:17,771 - [33mwerkzeug[0m - [33m172.17.0.1 - - [04/Jan/2023 15:47:17] "GET /progress-scdg HTTP/1.1" 200 -[0m[0m
[1;33;40mWARNING - 2023-01-04 15:47:18,159 - [34mangr.project[0m - [34mAddress is already hooked, during hook(0x10100154, <SimProcedure CoTaskMemFree>). Re-hooking.[0m[0m
[1;33;40mWARNING - 2023-01-04 15:47:18,161 - [34mangr.project[0m - [34mAddress is already hooked, during hook(0x10100154, <SimProcedure CoTaskMemFree>). Re-hooking.[0m[0m
[1;33;40mWARNING - 2023-01-04 15:47:18,181 - [34mangr.project[0m - [34mAddress is already hooked, during hook(0x1010015c, <SimProcedure CoInitialize>). Re-hooking.[0m[0m
[1;33;40mWARNING - 2023-01-04 15:47:18,183 - [34mangr.project[0m - [34mAddress is already hooked, during hook(0x1010015c, <SimProcedure CoInitialize>). Re-hooking.[0m[0m
[1;33;40mWARNING - 2023-01-04 15:47:18,705 - [34mangr.project[0m - [34mAddress is already hooked, during hook(0x10100138, <SimProcedure DestroyWindow>). Re-hooking.[0m[0m
[1;33;40mWARNING - 2023-01-04 15:47:18,706 - [34mangr.project[0m - [34mAddress is already hooked, during hook(0x10100138, <SimProcedure DestroyWindow>). Re-hooking.[0m[0m
[1;33;40mWARNING - 2023-01-04 15:47:19,007 - [34mangr.project[0m - [34mAddress is already hooked, during hook(0x10100140, <SimProcedure CloseWindowStation>). Re-hooking.[0m[0m
[1;33;40mWARNING - 2023-01-04 15:47:19,009 - [34mangr.project[0m - [34mAddress is already hooked, during hook(0x10100140, <SimProcedure CloseWindowStation>). Re-hooking.[0m[0m
[1;33;40mWARNING - 2023-01-04 15:47:19,078 - [34mangr.project[0m - [34mAddress is already hooked, during hook(0x1010013c, <SimProcedure CreateWindowExA>). Re-hooking.[0m[0m
[1;33;40mWARNING - 2023-01-04 15:47:19,080 - [34mangr.project[0m - [34mAddress is already hooked, during hook(0x1010013c, <SimProcedure CreateWindowExA>). Re-hooking.[0m[0m
[1;33;40mWARNING - 2023-01-04 15:47:19,232 - [34mangr.project[0m - [34mAddress is already hooked, during hook(0x1010012c, <SimProcedure DestroyCursor>). Re-hooking.[0m[0m
[1;33;40mWARNING - 2023-01-04 15:47:19,234 - [34mangr.project[0m - [34mAddress is already hooked, during hook(0x1010012c, <SimProcedure DestroyCursor>). Re-hooking.[0m[0m
[1;33;40mWARNING - 2023-01-04 15:47:19,242 - [34mangr.project[0m - [34mAddress is already hooked, during hook(0x10100138, <SimProcedure DestroyWindow>). Re-hooking.[0m[0m
[1;33;40mWARNING - 2023-01-04 15:47:19,243 - [34mangr.project[0m - [34mAddress is already hooked, during hook(0x10100138, <SimProcedure DestroyWindow>). Re-hooking.[0m[0m
[1;33;40mWARNING - 2023-01-04 15:47:19,449 - [34mangr.project[0m - [34mAddress is already hooked, during hook(0x10100134, <SimProcedure FindWindowA>). Re-hooking.[0m[0m
[1;33;40mWARNING - 2023-01-04 15:47:19,451 - [34mangr.project[0m - [34mAddress is already hooked, during hook(0x10100134, <SimProcedure FindWindowA>). Re-hooking.[0m[0m
[1;33;40mWARNING - 2023-01-04 15:47:19,560 - [34mangr.project[0m - [34mAddress is already hooked, during hook(0x10100144, <SimProcedure GetCursorInfo>). Re-hooking.[0m[0m
[1;33;40mWARNING - 2023-01-04 15:47:19,562 - [34mangr.project[0m - [34mAddress is already hooked, during hook(0x10100144, <SimProcedure GetCursorInfo>). Re-hooking.[0m[0m
[1;33;40mWARNING - 2023-01-04 15:47:20,095 - [34mangr.project[0m - [34mAddress is already hooked, during hook(0x10100128, <SimProcedure LoadCursorA>). Re-hooking.[0m[0m
[1;33;40mWARNING - 2023-01-04 15:47:20,096 - [34mangr.project[0m - [34mAddress is already hooked, during hook(0x10100128, <SimProcedure LoadCursorA>). Re-hooking.[0m[0m
[1;33;40mWARNING - 2023-01-04 15:47:20,597 - [34mangr.project[0m - [34mAddress is already hooked, during hook(0x10100130, <SimProcedure ShowWindow>). Re-hooking.[0m[0m
[1;33;40mWARNING - 2023-01-04 15:47:20,598 - [34mangr.project[0m - [34mAddress is already hooked, during hook(0x10100130, <SimProcedure ShowWindow>). Re-hooking.[0m[0m
[1;33;40mWARNING - 2023-01-04 15:47:20,782 - [34mangr.project[0m - [34mAddress is already hooked, during hook(0x10100120, <SimProcedure wvsprintfA>). Re-hooking.[0m[0m
[1;33;40mWARNING - 2023-01-04 15:47:20,783 - [34mangr.project[0m - [34mAddress is already hooked, during hook(0x10100120, <SimProcedure wvsprintfA>). Re-hooking.[0m[0m
[1;33;40mWARNING - 2023-01-04 15:47:20,881 - [34mangr.project[0m - [34mAddress is already hooked, during hook(0x10100130, <SimProcedure ShowWindow>). Re-hooking.[0m[0m
[1;33;40mWARNING - 2023-01-04 15:47:20,883 - [34mangr.project[0m - [34mAddress is already hooked, during hook(0x10100130, <SimProcedure ShowWindow>). Re-hooking.[0m[0m
[1;33;40mWARNING - 2023-01-04 15:47:21,269 - [34mangr.project[0m - [34mAddress is already hooked, during hook(0x1010012c, <SimProcedure DestroyCursor>). Re-hooking.[0m[0m
[1;33;40mWARNING - 2023-01-04 15:47:21,271 - [34mangr.project[0m - [34mAddress is already hooked, during hook(0x1010012c, <SimProcedure DestroyCursor>). Re-hooking.[0m[0m
[1;33;40mWARNING - 2023-01-04 15:47:21,585 - [34mangr.project[0m - [34mAddress is already hooked, during hook(0x10100140, <SimProcedure CloseWindowStation>). Re-hooking.[0m[0m
[1;33;40mWARNING - 2023-01-04 15:47:21,588 - [34mangr.project[0m - [34mAddress is already hooked, during hook(0x10100140, <SimProcedure CloseWindowStation>). Re-hooking.[0m[0m
[1;33;40mWARNING - 2023-01-04 15:47:21,730 - [34mangr.project[0m - [34mAddress is already hooked, during hook(0x1010013c, <SimProcedure CreateWindowExA>). Re-hooking.[0m[0m
[1;33;40mWARNING - 2023-01-04 15:47:21,733 - [34mangr.project[0m - [34mAddress is already hooked, during hook(0x1010013c, <SimProcedure CreateWindowExA>). Re-hooking.[0m[0m
[1;33;40mWARNING - 2023-01-04 15:47:21,782 - [34mangr.project[0m - [34mAddress is already hooked, during hook(0x10100128, <SimProcedure LoadCursorA>). Re-hooking.[0m[0m
[1;33;40mWARNING - 2023-01-04 15:47:21,784 - [34mangr.project[0m - [34mAddress is already hooked, during hook(0x10100128, <SimProcedure LoadCursorA>). Re-hooking.[0m[0m
[1;33;40mWARNING - 2023-01-04 15:47:21,815 - [34mangr.project[0m - [34mAddress is already hooked, during hook(0x10100134, <SimProcedure FindWindowA>). Re-hooking.[0m[0m
[1;33;40mWARNING - 2023-01-04 15:47:21,817 - [34mangr.project[0m - [34mAddress is already hooked, during hook(0x10100134, <SimProcedure FindWindowA>). Re-hooking.[0m[0m
[1;33;40mWARNING - 2023-01-04 15:47:21,978 - [34mangr.project[0m - [34mAddress is already hooked, during hook(0x10100120, <SimProcedure wvsprintfA>). Re-hooking.[0m[0m
[1;33;40mWARNING - 2023-01-04 15:47:21,980 - [34mangr.project[0m - [34mAddress is already hooked, during hook(0x10100120, <SimProcedure wvsprintfA>). Re-hooking.[0m[0m
[1;33;40mWARNING - 2023-01-04 15:47:22,224 - [34mangr.project[0m - [34mAddress is already hooked, during hook(0x10100144, <SimProcedure GetCursorInfo>). Re-hooking.[0m[0m
[1;33;40mWARNING - 2023-01-04 15:47:22,227 - [34mangr.project[0m - [34mAddress is already hooked, during hook(0x10100144, <SimProcedure GetCursorInfo>). Re-hooking.[0m[0m
[1;32;40mINFO - 2023-01-04 15:47:22,691 - [33mwerkzeug[0m - [33m172.17.0.1 - - [04/Jan/2023 15:47:22] "GET /iteration-scdg HTTP/1.1" 200 -[0m[0m
[1;32;40mINFO - 2023-01-04 15:47:22,708 - [33mwerkzeug[0m - [33m172.17.0.1 - - [04/Jan/2023 15:47:22] "GET /iteration-scdg HTTP/1.1" 200 -[0m[0m
[1;32;40mINFO - 2023-01-04 15:47:22,715 - [33mwerkzeug[0m - [33m172.17.0.1 - - [04/Jan/2023 15:47:22] "GET /progress-scdg HTTP/1.1" 200 -[0m[0m
[1;32;40mINFO - 2023-01-04 15:47:22,736 - [33mwerkzeug[0m - [33m172.17.0.1 - - [04/Jan/2023 15:47:22] "GET /progress-scdg HTTP/1.1" 200 -[0m[0m
[1;32;40mINFO - 2023-01-04 15:47:22,754 - [33mwerkzeug[0m - [33m172.17.0.1 - - [04/Jan/2023 15:47:22] "GET /iteration-scdg HTTP/1.1" 200 -[0m[0m
[1;32;40mINFO - 2023-01-04 15:47:22,760 - [33mwerkzeug[0m - [33m172.17.0.1 - - [04/Jan/2023 15:47:22] "GET /progress-scdg HTTP/1.1" 200 -[0m[0m
[1;33;40mWARNING - 2023-01-04 15:47:24,787 - [34mangr.project[0m - [34mAddress is already hooked, during hook(0x10100114, <SimProcedure CloseHandle>). Re-hooking.[0m[0m
[1;33;40mWARNING - 2023-01-04 15:47:24,789 - [34mangr.project[0m - [34mAddress is already hooked, during hook(0x10100114, <SimProcedure CloseHandle>). Re-hooking.[0m[0m
[1;33;40mWARNING - 2023-01-04 15:47:24,933 - [34mangr.project[0m - [34mAddress is already hooked, during hook(0x101000b8, <SimProcedure CreateFileMappingA>). Re-hooking.[0m[0m
[1;33;40mWARNING - 2023-01-04 15:47:24,935 - [34mangr.project[0m - [34mAddress is already hooked, during hook(0x101000b8, <SimProcedure CreateFileMappingA>). Re-hooking.[0m[0m
[1;33;40mWARNING - 2023-01-04 15:47:25,140 - [34mangr.project[0m - [34mAddress is already hooked, during hook(0x101000f4, <SimProcedure DeleteFileA>). Re-hooking.[0m[0m
[1;33;40mWARNING - 2023-01-04 15:47:25,142 - [34mangr.project[0m - [34mAddress is already hooked, during hook(0x101000f4, <SimProcedure DeleteFileA>). Re-hooking.[0m[0m
[1;33;40mWARNING - 2023-01-04 15:47:25,341 - [34mangr.project[0m - [34mAddress is already hooked, during hook(0x101000fc, <SimProcedure ExitThread>). Re-hooking.[0m[0m
[1;33;40mWARNING - 2023-01-04 15:47:25,343 - [34mangr.project[0m - [34mAddress is already hooked, during hook(0x101000fc, <SimProcedure ExitThread>). Re-hooking.[0m[0m
[1;33;40mWARNING - 2023-01-04 15:47:25,344 - [34mangr.project[0m - [34mAddress is already hooked, during hook(0x10100054, <SimProcedure ExpandEnvironmentStringsA>). Re-hooking.[0m[0m
[1;33;40mWARNING - 2023-01-04 15:47:25,346 - [34mangr.project[0m - [34mAddress is already hooked, during hook(0x10100054, <SimProcedure ExpandEnvironmentStringsA>). Re-hooking.[0m[0m
[1;33;40mWARNING - 2023-01-04 15:47:25,616 - [34mangr.project[0m - [34mAddress is already hooked, during hook(0x1010003c, <SimProcedure FreeLibrary>). Re-hooking.[0m[0m
[1;33;40mWARNING - 2023-01-04 15:47:25,618 - [34mangr.project[0m - [34mAddress is already hooked, during hook(0x1010003c, <SimProcedure FreeLibrary>). Re-hooking.[0m[0m
[1;33;40mWARNING - 2023-01-04 15:47:25,993 - [34mangr.project[0m - [34mAddress is already hooked, during hook(0x101000e4, <SimProcedure GetExitCodeProcess>). Re-hooking.[0m[0m
[1;33;40mWARNING - 2023-01-04 15:47:25,995 - [34mangr.project[0m - [34mAddress is already hooked, during hook(0x101000e4, <SimProcedure GetExitCodeProcess>). Re-hooking.[0m[0m
[1;33;40mWARNING - 2023-01-04 15:47:26,133 - [34mangr.project[0m - [34mAddress is already hooked, during hook(0x10100080, <SimProcedure GetLongPathNameA>). Re-hooking.[0m[0m
[1;33;40mWARNING - 2023-01-04 15:47:26,135 - [34mangr.project[0m - [34mAddress is already hooked, during hook(0x10100080, <SimProcedure GetLongPathNameA>). Re-hooking.[0m[0m
[1;33;40mWARNING - 2023-01-04 15:47:26,325 - [34mangr.project[0m - [34mAddress is already hooked, during hook(0x1010004c, <SimProcedure GetPrivateProfileSectionNamesA>). Re-hooking.[0m[0m
[1;33;40mWARNING - 2023-01-04 15:47:26,327 - [34mangr.project[0m - [34mAddress is already hooked, during hook(0x1010004c, <SimProcedure GetPrivateProfileSectionNamesA>). Re-hooking.[0m[0m
[1;33;40mWARNING - 2023-01-04 15:47:26,337 - [34mangr.project[0m - [34mAddress is already hooked, during hook(0x10100048, <SimProcedure GetPrivateProfileStringA>). Re-hooking.[0m[0m
[1;33;40mWARNING - 2023-01-04 15:47:26,339 - [34mangr.project[0m - [34mAddress is already hooked, during hook(0x10100048, <SimProcedure GetPrivateProfileStringA>). Re-hooking.[0m[0m
[1;33;40mWARNING - 2023-01-04 15:47:26,396 - [34mangr.project[0m - [34mAddress is already hooked, during hook(0x101000ec, <SimProcedure GetProcessTimes>). Re-hooking.[0m[0m
[1;33;40mWARNING - 2023-01-04 15:47:26,398 - [34mangr.project[0m - [34mAddress is already hooked, during hook(0x101000ec, <SimProcedure GetProcessTimes>). Re-hooking.[0m[0m
[1;33;40mWARNING - 2023-01-04 15:47:26,678 - [34mangr.project[0m - [34mAddress is already hooked, during hook(0x10100050, <SimProcedure GetVersionExA>). Re-hooking.[0m[0m
[1;33;40mWARNING - 2023-01-04 15:47:26,680 - [34mangr.project[0m - [34mAddress is already hooked, during hook(0x10100050, <SimProcedure GetVersionExA>). Re-hooking.[0m[0m
[1;33;40mWARNING - 2023-01-04 15:47:26,755 - [34mangr.project[0m - [34mAddress is already hooked, during hook(0x101000d0, <SimProcedure GlobalFree>). Re-hooking.[0m[0m
[1;33;40mWARNING - 2023-01-04 15:47:26,757 - [34mangr.project[0m - [34mAddress is already hooked, during hook(0x101000d0, <SimProcedure GlobalFree>). Re-hooking.[0m[0m
[1;33;40mWARNING - 2023-01-04 15:47:26,776 - [34mangr.project[0m - [34mAddress is already hooked, during hook(0x101000f0, <SimProcedure GlobalMemoryStatusEx>). Re-hooking.[0m[0m
[1;33;40mWARNING - 2023-01-04 15:47:26,779 - [34mangr.project[0m - [34mAddress is already hooked, during hook(0x101000f0, <SimProcedure GlobalMemoryStatusEx>). Re-hooking.[0m[0m
[1;33;40mWARNING - 2023-01-04 15:47:26,785 - [34mangr.project[0m - [34mAddress is already hooked, during hook(0x101000a8, <SimProcedure GlobalSize>). Re-hooking.[0m[0m
[1;33;40mWARNING - 2023-01-04 15:47:26,788 - [34mangr.project[0m - [34mAddress is already hooked, during hook(0x101000a8, <SimProcedure GlobalSize>). Re-hooking.[0m[0m
[1;33;40mWARNING - 2023-01-04 15:47:26,957 - [34mangr.project[0m - [34mAddress is already hooked, during hook(0x10100108, <SimProcedure IsBadStringPtrW>). Re-hooking.[0m[0m
[1;33;40mWARNING - 2023-01-04 15:47:26,960 - [34mangr.project[0m - [34mAddress is already hooked, during hook(0x10100108, <SimProcedure IsBadStringPtrW>). Re-hooking.[0m[0m
[1;33;40mWARNING - 2023-01-04 15:47:27,175 - [34mangr.project[0m - [34mAddress is already hooked, during hook(0x1010001c, <SimProcedure LeaveCriticalSection>). Re-hooking.[0m[0m
[1;33;40mWARNING - 2023-01-04 15:47:27,177 - [34mangr.project[0m - [34mAddress is already hooked, during hook(0x1010001c, <SimProcedure LeaveCriticalSection>). Re-hooking.[0m[0m
[1;33;40mWARNING - 2023-01-04 15:47:27,209 - [34mangr.project[0m - [34mAddress is already hooked, during hook(0x10100094, <SimProcedure LocalAlloc>). Re-hooking.[0m[0m
[1;33;40mWARNING - 2023-01-04 15:47:27,212 - [34mangr.project[0m - [34mAddress is already hooked, during hook(0x10100094, <SimProcedure LocalAlloc>). Re-hooking.[0m[0m
[1;33;40mWARNING - 2023-01-04 15:47:27,226 - [34mangr.project[0m - [34mAddress is already hooked, during hook(0x1010008c, <SimProcedure LocalFree>). Re-hooking.[0m[0m
[1;33;40mWARNING - 2023-01-04 15:47:27,228 - [34mangr.project[0m - [34mAddress is already hooked, during hook(0x1010008c, <SimProcedure LocalFree>). Re-hooking.[0m[0m
[1;33;40mWARNING - 2023-01-04 15:47:27,237 - [34mangr.project[0m - [34mAddress is already hooked, during hook(0x10100090, <SimProcedure LocalReAlloc>). Re-hooking.[0m[0m
[1;33;40mWARNING - 2023-01-04 15:47:27,239 - [34mangr.project[0m - [34mAddress is already hooked, during hook(0x10100090, <SimProcedure LocalReAlloc>). Re-hooking.[0m[0m
[1;33;40mWARNING - 2023-01-04 15:47:27,245 - [34mangr.project[0m - [34mAddress is already hooked, during hook(0x101000cc, <SimProcedure LocalSize>). Re-hooking.[0m[0m
[1;33;40mWARNING - 2023-01-04 15:47:27,246 - [34mangr.project[0m - [34mAddress is already hooked, during hook(0x101000cc, <SimProcedure LocalSize>). Re-hooking.[0m[0m
[1;33;40mWARNING - 2023-01-04 15:47:27,276 - [34mangr.project[0m - [34mAddress is already hooked, during hook(0x101000b4, <SimProcedure MapViewOfFile>). Re-hooking.[0m[0m
[1;33;40mWARNING - 2023-01-04 15:47:27,279 - [34mangr.project[0m - [34mAddress is already hooked, during hook(0x101000b4, <SimProcedure MapViewOfFile>). Re-hooking.[0m[0m
[1;33;40mWARNING - 2023-01-04 15:47:27,417 - [34mangr.project[0m - [34mAddress is already hooked, during hook(0x10100064, <SimProcedure OpenThread>). Re-hooking.[0m[0m
[1;33;40mWARNING - 2023-01-04 15:47:27,419 - [34mangr.project[0m - [34mAddress is already hooked, during hook(0x10100064, <SimProcedure OpenThread>). Re-hooking.[0m[0m
[1;33;40mWARNING - 2023-01-04 15:47:27,630 - [34mangr.project[0m - [34mAddress is already hooked, during hook(0x1010010c, <SimProcedure RaiseException>). Re-hooking.[0m[0m
[1;33;40mWARNING - 2023-01-04 15:47:27,632 - [34mangr.project[0m - [34mAddress is already hooked, during hook(0x1010010c, <SimProcedure RaiseException>). Re-hooking.[0m[0m
[1;32;40mINFO - 2023-01-04 15:47:27,697 - [33mwerkzeug[0m - [33m172.17.0.1 - - [04/Jan/2023 15:47:27] "GET /iteration-scdg HTTP/1.1" 200 -[0m[0m
[1;32;40mINFO - 2023-01-04 15:47:27,719 - [33mwerkzeug[0m - [33m172.17.0.1 - - [04/Jan/2023 15:47:27] "GET /progress-scdg HTTP/1.1" 200 -[0m[0m
[1;32;40mINFO - 2023-01-04 15:47:27,720 - [33mwerkzeug[0m - [33m172.17.0.1 - - [04/Jan/2023 15:47:27] "GET /iteration-scdg HTTP/1.1" 200 -[0m[0m
[1;32;40mINFO - 2023-01-04 15:47:27,746 - [33mwerkzeug[0m - [33m172.17.0.1 - - [04/Jan/2023 15:47:27] "GET /progress-scdg HTTP/1.1" 200 -[0m[0m
[1;32;40mINFO - 2023-01-04 15:47:27,753 - [33mwerkzeug[0m - [33m172.17.0.1 - - [04/Jan/2023 15:47:27] "GET /iteration-scdg HTTP/1.1" 200 -[0m[0m
[1;32;40mINFO - 2023-01-04 15:47:27,760 - [33mwerkzeug[0m - [33m172.17.0.1 - - [04/Jan/2023 15:47:27] "GET /progress-scdg HTTP/1.1" 200 -[0m[0m
[1;33;40mWARNING - 2023-01-04 15:47:27,938 - [34mangr.project[0m - [34mAddress is already hooked, during hook(0x101000f8, <SimProcedure RemoveDirectoryA>). Re-hooking.[0m[0m
[1;33;40mWARNING - 2023-01-04 15:47:27,940 - [34mangr.project[0m - [34mAddress is already hooked, during hook(0x101000f8, <SimProcedure RemoveDirectoryA>). Re-hooking.[0m[0m
[1;33;40mWARNING - 2023-01-04 15:47:28,000 - [34mangr.project[0m - [34mAddress is already hooked, during hook(0x10100004, <SimProcedure ResumeThread>). Re-hooking.[0m[0m
[1;33;40mWARNING - 2023-01-04 15:47:28,003 - [34mangr.project[0m - [34mAddress is already hooked, during hook(0x10100004, <SimProcedure ResumeThread>). Re-hooking.[0m[0m
[1;33;40mWARNING - 2023-01-04 15:47:28,226 - [34mangr.project[0m - [34mAddress is already hooked, during hook(0x10100078, <SimProcedure SetEnvironmentVariableA>). Re-hooking.[0m[0m
[1;33;40mWARNING - 2023-01-04 15:47:28,229 - [34mangr.project[0m - [34mAddress is already hooked, during hook(0x10100078, <SimProcedure SetEnvironmentVariableA>). Re-hooking.[0m[0m
[1;33;40mWARNING - 2023-01-04 15:47:28,622 - [34mangr.project[0m - [34mAddress is already hooked, during hook(0x10100088, <SimProcedure Sleep>). Re-hooking.[0m[0m
[1;33;40mWARNING - 2023-01-04 15:47:28,624 - [34mangr.project[0m - [34mAddress is already hooked, during hook(0x10100088, <SimProcedure Sleep>). Re-hooking.[0m[0m
[1;33;40mWARNING - 2023-01-04 15:47:28,645 - [34mangr.project[0m - [34mAddress is already hooked, during hook(0x10100000, <SimProcedure SuspendThread>). Re-hooking.[0m[0m
[1;33;40mWARNING - 2023-01-04 15:47:28,647 - [34mangr.project[0m - [34mAddress is already hooked, during hook(0x10100000, <SimProcedure SuspendThread>). Re-hooking.[0m[0m
[1;33;40mWARNING - 2023-01-04 15:47:28,687 - [34mangr.project[0m - [34mAddress is already hooked, during hook(0x10100068, <SimProcedure Thread32First>). Re-hooking.[0m[0m
[1;33;40mWARNING - 2023-01-04 15:47:28,690 - [34mangr.project[0m - [34mAddress is already hooked, during hook(0x10100068, <SimProcedure Thread32First>). Re-hooking.[0m[0m
[1;33;40mWARNING - 2023-01-04 15:47:28,692 - [34mangr.project[0m - [34mAddress is already hooked, during hook(0x1010005c, <SimProcedure Thread32Next>). Re-hooking.[0m[0m
[1;33;40mWARNING - 2023-01-04 15:47:28,695 - [34mangr.project[0m - [34mAddress is already hooked, during hook(0x1010005c, <SimProcedure Thread32Next>). Re-hooking.[0m[0m
[1;33;40mWARNING - 2023-01-04 15:47:28,884 - [34mangr.project[0m - [34mAddress is already hooked, during hook(0x101000b4, <SimProcedure MapViewOfFile>). Re-hooking.[0m[0m
[1;33;40mWARNING - 2023-01-04 15:47:28,886 - [34mangr.project[0m - [34mAddress is already hooked, during hook(0x101000b4, <SimProcedure MapViewOfFile>). Re-hooking.[0m[0m
[1;33;40mWARNING - 2023-01-04 15:47:29,119 - [34mangr.project[0m - [34mAddress is already hooked, during hook(0x10100044, <SimProcedure lstrcmpA>). Re-hooking.[0m[0m
[1;33;40mWARNING - 2023-01-04 15:47:29,121 - [34mangr.project[0m - [34mAddress is already hooked, during hook(0x10100044, <SimProcedure lstrcmpA>). Re-hooking.[0m[0m
[1;33;40mWARNING - 2023-01-04 15:47:29,130 - [34mangr.project[0m - [34mAddress is already hooked, during hook(0x10100010, <SimProcedure lstrcmpiA>). Re-hooking.[0m[0m
[1;33;40mWARNING - 2023-01-04 15:47:29,133 - [34mangr.project[0m - [34mAddress is already hooked, during hook(0x10100010, <SimProcedure lstrcmpiA>). Re-hooking.[0m[0m
[1;33;40mWARNING - 2023-01-04 15:47:29,153 - [34mangr.project[0m - [34mAddress is already hooked, during hook(0x10100008, <SimProcedure lstrlenA>). Re-hooking.[0m[0m
[1;33;40mWARNING - 2023-01-04 15:47:29,155 - [34mangr.project[0m - [34mAddress is already hooked, during hook(0x10100008, <SimProcedure lstrlenA>). Re-hooking.[0m[0m
[1;33;40mWARNING - 2023-01-04 15:47:29,318 - [34mangr.project[0m - [34mAddress is already hooked, during hook(0x101000fc, <SimProcedure ExitThread>). Re-hooking.[0m[0m
[1;33;40mWARNING - 2023-01-04 15:47:29,320 - [34mangr.project[0m - [34mAddress is already hooked, during hook(0x101000fc, <SimProcedure ExitThread>). Re-hooking.[0m[0m
[1;33;40mWARNING - 2023-01-04 15:47:29,369 - [34mangr.project[0m - [34mAddress is already hooked, during hook(0x101000e4, <SimProcedure GetExitCodeProcess>). Re-hooking.[0m[0m
[1;33;40mWARNING - 2023-01-04 15:47:29,372 - [34mangr.project[0m - [34mAddress is already hooked, during hook(0x101000e4, <SimProcedure GetExitCodeProcess>). Re-hooking.[0m[0m
[1;33;40mWARNING - 2023-01-04 15:47:29,411 - [34mangr.project[0m - [34mAddress is already hooked, during hook(0x101000a4, <SimProcedure GlobalLock>). Re-hooking.[0m[0m
[1;33;40mWARNING - 2023-01-04 15:47:29,414 - [34mangr.project[0m - [34mAddress is already hooked, during hook(0x101000a4, <SimProcedure GlobalLock>). Re-hooking.[0m[0m
[1;33;40mWARNING - 2023-01-04 15:47:29,691 - [34mangr.project[0m - [34mAddress is already hooked, during hook(0x101000a8, <SimProcedure GlobalSize>). Re-hooking.[0m[0m
[1;33;40mWARNING - 2023-01-04 15:47:29,694 - [34mangr.project[0m - [34mAddress is already hooked, during hook(0x101000a8, <SimProcedure GlobalSize>). Re-hooking.[0m[0m
[1;33;40mWARNING - 2023-01-04 15:47:29,709 - [34mangr.project[0m - [34mAddress is already hooked, during hook(0x101000f4, <SimProcedure DeleteFileA>). Re-hooking.[0m[0m
[1;33;40mWARNING - 2023-01-04 15:47:29,711 - [34mangr.project[0m - [34mAddress is already hooked, during hook(0x101000f4, <SimProcedure DeleteFileA>). Re-hooking.[0m[0m
[1;33;40mWARNING - 2023-01-04 15:47:29,754 - [34mangr.project[0m - [34mAddress is already hooked, during hook(0x10100054, <SimProcedure ExpandEnvironmentStringsA>). Re-hooking.[0m[0m
[1;33;40mWARNING - 2023-01-04 15:47:29,757 - [34mangr.project[0m - [34mAddress is already hooked, during hook(0x10100054, <SimProcedure ExpandEnvironmentStringsA>). Re-hooking.[0m[0m
[1;33;40mWARNING - 2023-01-04 15:47:29,762 - [34mangr.project[0m - [34mAddress is already hooked, during hook(0x101000cc, <SimProcedure LocalSize>). Re-hooking.[0m[0m
[1;33;40mWARNING - 2023-01-04 15:47:29,768 - [34mangr.project[0m - [34mAddress is already hooked, during hook(0x101000cc, <SimProcedure LocalSize>). Re-hooking.[0m[0m
[1;33;40mWARNING - 2023-01-04 15:47:29,796 - [34mangr.project[0m - [34mAddress is already hooked, during hook(0x101000a0, <SimProcedure GlobalUnlock>). Re-hooking.[0m[0m
[1;33;40mWARNING - 2023-01-04 15:47:29,799 - [34mangr.project[0m - [34mAddress is already hooked, during hook(0x101000a0, <SimProcedure GlobalUnlock>). Re-hooking.[0m[0m
[1;33;40mWARNING - 2023-01-04 15:47:29,833 - [34mangr.project[0m - [34mAddress is already hooked, during hook(0x10100004, <SimProcedure ResumeThread>). Re-hooking.[0m[0m
[1;33;40mWARNING - 2023-01-04 15:47:29,835 - [34mangr.project[0m - [34mAddress is already hooked, during hook(0x10100004, <SimProcedure ResumeThread>). Re-hooking.[0m[0m
[1;33;40mWARNING - 2023-01-04 15:47:29,886 - [34mangr.project[0m - [34mAddress is already hooked, during hook(0x10100100, <SimProcedure FreeLibraryAndExitThread>). Re-hooking.[0m[0m
[1;33;40mWARNING - 2023-01-04 15:47:29,888 - [34mangr.project[0m - [34mAddress is already hooked, during hook(0x10100100, <SimProcedure FreeLibraryAndExitThread>). Re-hooking.[0m[0m
[1;33;40mWARNING - 2023-01-04 15:47:29,978 - [34mangr.project[0m - [34mAddress is already hooked, during hook(0x1010003c, <SimProcedure FreeLibrary>). Re-hooking.[0m[0m
[1;33;40mWARNING - 2023-01-04 15:47:29,981 - [34mangr.project[0m - [34mAddress is already hooked, during hook(0x1010003c, <SimProcedure FreeLibrary>). Re-hooking.[0m[0m
[1;33;40mWARNING - 2023-01-04 15:47:29,985 - [34mangr.project[0m - [34mAddress is already hooked, during hook(0x1010008c, <SimProcedure LocalFree>). Re-hooking.[0m[0m
[1;33;40mWARNING - 2023-01-04 15:47:29,988 - [34mangr.project[0m - [34mAddress is already hooked, during hook(0x1010008c, <SimProcedure LocalFree>). Re-hooking.[0m[0m
[1;33;40mWARNING - 2023-01-04 15:47:30,010 - [34mangr.project[0m - [34mAddress is already hooked, during hook(0x10100064, <SimProcedure OpenThread>). Re-hooking.[0m[0m
[1;33;40mWARNING - 2023-01-04 15:47:30,013 - [34mangr.project[0m - [34mAddress is already hooked, during hook(0x10100064, <SimProcedure OpenThread>). Re-hooking.[0m[0m
[1;33;40mWARNING - 2023-01-04 15:47:30,186 - [34mangr.project[0m - [34mAddress is already hooked, during hook(0x10100090, <SimProcedure LocalReAlloc>). Re-hooking.[0m[0m
[1;33;40mWARNING - 2023-01-04 15:47:30,188 - [34mangr.project[0m - [34mAddress is already hooked, during hook(0x10100090, <SimProcedure LocalReAlloc>). Re-hooking.[0m[0m
[1;33;40mWARNING - 2023-01-04 15:47:30,217 - [34mangr.project[0m - [34mAddress is already hooked, during hook(0x10100018, <SimProcedure VirtualFree>). Re-hooking.[0m[0m
[1;33;40mWARNING - 2023-01-04 15:47:30,219 - [34mangr.project[0m - [34mAddress is already hooked, during hook(0x10100018, <SimProcedure VirtualFree>). Re-hooking.[0m[0m
[1;33;40mWARNING - 2023-01-04 15:47:30,247 - [34mangr.project[0m - [34mAddress is already hooked, during hook(0x10100108, <SimProcedure IsBadStringPtrW>). Re-hooking.[0m[0m
[1;33;40mWARNING - 2023-01-04 15:47:30,249 - [34mangr.project[0m - [34mAddress is already hooked, during hook(0x10100108, <SimProcedure IsBadStringPtrW>). Re-hooking.[0m[0m
[1;33;40mWARNING - 2023-01-04 15:47:30,320 - [34mangr.project[0m - [34mAddress is already hooked, during hook(0x10100018, <SimProcedure VirtualFree>). Re-hooking.[0m[0m
[1;33;40mWARNING - 2023-01-04 15:47:30,322 - [34mangr.project[0m - [34mAddress is already hooked, during hook(0x10100018, <SimProcedure VirtualFree>). Re-hooking.[0m[0m
[1;33;40mWARNING - 2023-01-04 15:47:30,347 - [34mangr.project[0m - [34mAddress is already hooked, during hook(0x10100110, <SimProcedure GetCurrentProcess>). Re-hooking.[0m[0m
[1;33;40mWARNING - 2023-01-04 15:47:30,349 - [34mangr.project[0m - [34mAddress is already hooked, during hook(0x10100110, <SimProcedure GetCurrentProcess>). Re-hooking.[0m[0m
[1;33;40mWARNING - 2023-01-04 15:47:30,392 - [34mangr.project[0m - [34mAddress is already hooked, during hook(0x1010001c, <SimProcedure LeaveCriticalSection>). Re-hooking.[0m[0m
[1;33;40mWARNING - 2023-01-04 15:47:30,395 - [34mangr.project[0m - [34mAddress is already hooked, during hook(0x1010001c, <SimProcedure LeaveCriticalSection>). Re-hooking.[0m[0m
[1;33;40mWARNING - 2023-01-04 15:47:30,441 - [34mangr.project[0m - [34mAddress is already hooked, during hook(0x10100044, <SimProcedure lstrcmpA>). Re-hooking.[0m[0m
[1;33;40mWARNING - 2023-01-04 15:47:30,444 - [34mangr.project[0m - [34mAddress is already hooked, during hook(0x10100044, <SimProcedure lstrcmpA>). Re-hooking.[0m[0m
[1;33;40mWARNING - 2023-01-04 15:47:30,622 - [34mangr.project[0m - [34mAddress is already hooked, during hook(0x10100068, <SimProcedure Thread32First>). Re-hooking.[0m[0m
[1;33;40mWARNING - 2023-01-04 15:47:30,625 - [34mangr.project[0m - [34mAddress is already hooked, during hook(0x10100068, <SimProcedure Thread32First>). Re-hooking.[0m[0m
[1;33;40mWARNING - 2023-01-04 15:47:31,101 - [34mangr.project[0m - [34mAddress is already hooked, during hook(0x1010010c, <SimProcedure RaiseException>). Re-hooking.[0m[0m
[1;33;40mWARNING - 2023-01-04 15:47:31,102 - [34mangr.project[0m - [34mAddress is already hooked, during hook(0x1010010c, <SimProcedure RaiseException>). Re-hooking.[0m[0m
[1;33;40mWARNING - 2023-01-04 15:47:31,147 - [34mangr.project[0m - [34mAddress is already hooked, during hook(0x10100110, <SimProcedure GetCurrentProcess>). Re-hooking.[0m[0m
[1;33;40mWARNING - 2023-01-04 15:47:31,149 - [34mangr.project[0m - [34mAddress is already hooked, during hook(0x10100110, <SimProcedure GetCurrentProcess>). Re-hooking.[0m[0m
[1;33;40mWARNING - 2023-01-04 15:47:31,300 - [34mangr.project[0m - [34mAddress is already hooked, during hook(0x101000a4, <SimProcedure GlobalLock>). Re-hooking.[0m[0m
[1;33;40mWARNING - 2023-01-04 15:47:31,302 - [34mangr.project[0m - [34mAddress is already hooked, during hook(0x101000a4, <SimProcedure GlobalLock>). Re-hooking.[0m[0m
[1;33;40mWARNING - 2023-01-04 15:47:31,333 - [34mangr.project[0m - [34mAddress is already hooked, during hook(0x101000a0, <SimProcedure GlobalUnlock>). Re-hooking.[0m[0m
[1;33;40mWARNING - 2023-01-04 15:47:31,335 - [34mangr.project[0m - [34mAddress is already hooked, during hook(0x101000a0, <SimProcedure GlobalUnlock>). Re-hooking.[0m[0m
[1;33;40mWARNING - 2023-01-04 15:47:31,344 - [34mangr.project[0m - [34mAddress is already hooked, during hook(0x1010005c, <SimProcedure Thread32Next>). Re-hooking.[0m[0m
[1;33;40mWARNING - 2023-01-04 15:47:31,348 - [34mangr.project[0m - [34mAddress is already hooked, during hook(0x1010005c, <SimProcedure Thread32Next>). Re-hooking.[0m[0m
[1;33;40mWARNING - 2023-01-04 15:47:31,375 - [34mangr.project[0m - [34mAddress is already hooked, during hook(0x10100008, <SimProcedure lstrlenA>). Re-hooking.[0m[0m
[1;33;40mWARNING - 2023-01-04 15:47:31,377 - [34mangr.project[0m - [34mAddress is already hooked, during hook(0x10100008, <SimProcedure lstrlenA>). Re-hooking.[0m[0m
[1;33;40mWARNING - 2023-01-04 15:47:31,380 - [34mangr.project[0m - [34mAddress is already hooked, during hook(0x101000ec, <SimProcedure GetProcessTimes>). Re-hooking.[0m[0m
[1;33;40mWARNING - 2023-01-04 15:47:31,382 - [34mangr.project[0m - [34mAddress is already hooked, during hook(0x101000ec, <SimProcedure GetProcessTimes>). Re-hooking.[0m[0m
[1;33;40mWARNING - 2023-01-04 15:47:31,447 - [34mangr.project[0m - [34mAddress is already hooked, during hook(0x10100014, <SimProcedure InitializeCriticalSection>). Re-hooking.[0m[0m
[1;33;40mWARNING - 2023-01-04 15:47:31,449 - [34mangr.project[0m - [34mAddress is already hooked, during hook(0x10100014, <SimProcedure InitializeCriticalSection>). Re-hooking.[0m[0m
[1;33;40mWARNING - 2023-01-04 15:47:31,489 - [34mangr.project[0m - [34mAddress is already hooked, during hook(0x10100094, <SimProcedure LocalAlloc>). Re-hooking.[0m[0m
[1;33;40mWARNING - 2023-01-04 15:47:31,490 - [34mangr.project[0m - [34mAddress is already hooked, during hook(0x10100094, <SimProcedure LocalAlloc>). Re-hooking.[0m[0m
[1;33;40mWARNING - 2023-01-04 15:47:31,649 - [34mangr.project[0m - [34mAddress is already hooked, during hook(0x10100050, <SimProcedure GetVersionExA>). Re-hooking.[0m[0m
[1;33;40mWARNING - 2023-01-04 15:47:31,651 - [34mangr.project[0m - [34mAddress is already hooked, during hook(0x10100050, <SimProcedure GetVersionExA>). Re-hooking.[0m[0m
[1;33;40mWARNING - 2023-01-04 15:47:31,862 - [34mangr.project[0m - [34mAddress is already hooked, during hook(0x10100100, <SimProcedure FreeLibraryAndExitThread>). Re-hooking.[0m[0m
[1;33;40mWARNING - 2023-01-04 15:47:31,865 - [34mangr.project[0m - [34mAddress is already hooked, during hook(0x10100100, <SimProcedure FreeLibraryAndExitThread>). Re-hooking.[0m[0m
[1;33;40mWARNING - 2023-01-04 15:47:32,002 - [34mangr.project[0m - [34mAddress is already hooked, during hook(0x101000b8, <SimProcedure CreateFileMappingA>). Re-hooking.[0m[0m
[1;33;40mWARNING - 2023-01-04 15:47:32,005 - [34mangr.project[0m - [34mAddress is already hooked, during hook(0x101000b8, <SimProcedure CreateFileMappingA>). Re-hooking.[0m[0m
[1;33;40mWARNING - 2023-01-04 15:47:32,062 - [34mangr.project[0m - [34mAddress is already hooked, during hook(0x10100000, <SimProcedure SuspendThread>). Re-hooking.[0m[0m
[1;33;40mWARNING - 2023-01-04 15:47:32,064 - [34mangr.project[0m - [34mAddress is already hooked, during hook(0x10100000, <SimProcedure SuspendThread>). Re-hooking.[0m[0m
[1;33;40mWARNING - 2023-01-04 15:47:32,082 - [34mangr.project[0m - [34mAddress is already hooked, during hook(0x10100114, <SimProcedure CloseHandle>). Re-hooking.[0m[0m
[1;33;40mWARNING - 2023-01-04 15:47:32,084 - [34mangr.project[0m - [34mAddress is already hooked, during hook(0x10100114, <SimProcedure CloseHandle>). Re-hooking.[0m[0m
[1;33;40mWARNING - 2023-01-04 15:47:32,116 - [34mangr.project[0m - [34mAddress is already hooked, during hook(0x1010004c, <SimProcedure GetPrivateProfileSectionNamesA>). Re-hooking.[0m[0m
[1;33;40mWARNING - 2023-01-04 15:47:32,118 - [34mangr.project[0m - [34mAddress is already hooked, during hook(0x1010004c, <SimProcedure GetPrivateProfileSectionNamesA>). Re-hooking.[0m[0m
[1;33;40mWARNING - 2023-01-04 15:47:32,274 - [34mangr.project[0m - [34mAddress is already hooked, during hook(0x10100078, <SimProcedure SetEnvironmentVariableA>). Re-hooking.[0m[0m
[1;33;40mWARNING - 2023-01-04 15:47:32,276 - [34mangr.project[0m - [34mAddress is already hooked, during hook(0x10100078, <SimProcedure SetEnvironmentVariableA>). Re-hooking.[0m[0m
[1;33;40mWARNING - 2023-01-04 15:47:32,579 - [34mangr.project[0m - [34mAddress is already hooked, during hook(0x10100010, <SimProcedure lstrcmpiA>). Re-hooking.[0m[0m
[1;33;40mWARNING - 2023-01-04 15:47:32,581 - [34mangr.project[0m - [34mAddress is already hooked, during hook(0x10100010, <SimProcedure lstrcmpiA>). Re-hooking.[0m[0m
[1;33;40mWARNING - 2023-01-04 15:47:32,703 - [34mangr.project[0m - [34mAddress is already hooked, during hook(0x101000d0, <SimProcedure GlobalFree>). Re-hooking.[0m[0m
[1;32;40mINFO - 2023-01-04 15:47:32,704 - [33mwerkzeug[0m - [33m172.17.0.1 - - [04/Jan/2023 15:47:32] "GET /iteration-scdg HTTP/1.1" 200 -[0m[0m
[1;33;40mWARNING - 2023-01-04 15:47:32,706 - [34mangr.project[0m - [34mAddress is already hooked, during hook(0x101000d0, <SimProcedure GlobalFree>). Re-hooking.[0m[0m
[1;32;40mINFO - 2023-01-04 15:47:32,708 - [33mwerkzeug[0m - [33m172.17.0.1 - - [04/Jan/2023 15:47:32] "GET /progress-scdg HTTP/1.1" 200 -[0m[0m
[1;32;40mINFO - 2023-01-04 15:47:32,709 - [33mwerkzeug[0m - [33m172.17.0.1 - - [04/Jan/2023 15:47:32] "GET /iteration-scdg HTTP/1.1" 200 -[0m[0m
[1;32;40mINFO - 2023-01-04 15:47:32,736 - [33mwerkzeug[0m - [33m172.17.0.1 - - [04/Jan/2023 15:47:32] "GET /progress-scdg HTTP/1.1" 200 -[0m[0m
[1;32;40mINFO - 2023-01-04 15:47:32,743 - [33mwerkzeug[0m - [33m172.17.0.1 - - [04/Jan/2023 15:47:32] "GET /iteration-scdg HTTP/1.1" 200 -[0m[0m
[1;32;40mINFO - 2023-01-04 15:47:32,756 - [33mwerkzeug[0m - [33m172.17.0.1 - - [04/Jan/2023 15:47:32] "GET /progress-scdg HTTP/1.1" 200 -[0m[0m
[1;33;40mWARNING - 2023-01-04 15:47:32,889 - [34mangr.project[0m - [34mAddress is already hooked, during hook(0x101000f0, <SimProcedure GlobalMemoryStatusEx>). Re-hooking.[0m[0m
[1;33;40mWARNING - 2023-01-04 15:47:32,891 - [34mangr.project[0m - [34mAddress is already hooked, during hook(0x101000f0, <SimProcedure GlobalMemoryStatusEx>). Re-hooking.[0m[0m
[1;33;40mWARNING - 2023-01-04 15:47:33,261 - [34mangr.project[0m - [34mAddress is already hooked, during hook(0x10100014, <SimProcedure InitializeCriticalSection>). Re-hooking.[0m[0m
[1;33;40mWARNING - 2023-01-04 15:47:33,264 - [34mangr.project[0m - [34mAddress is already hooked, during hook(0x10100014, <SimProcedure InitializeCriticalSection>). Re-hooking.[0m[0m
[1;33;40mWARNING - 2023-01-04 15:47:33,316 - [34mangr.project[0m - [34mAddress is already hooked, during hook(0x10100048, <SimProcedure GetPrivateProfileStringA>). Re-hooking.[0m[0m
[1;33;40mWARNING - 2023-01-04 15:47:33,320 - [34mangr.project[0m - [34mAddress is already hooked, during hook(0x10100048, <SimProcedure GetPrivateProfileStringA>). Re-hooking.[0m[0m
[1;33;40mWARNING - 2023-01-04 15:47:33,465 - [34mangr.project[0m - [34mAddress is already hooked, during hook(0x101000f8, <SimProcedure RemoveDirectoryA>). Re-hooking.[0m[0m
[1;33;40mWARNING - 2023-01-04 15:47:33,467 - [34mangr.project[0m - [34mAddress is already hooked, during hook(0x101000f8, <SimProcedure RemoveDirectoryA>). Re-hooking.[0m[0m
[1;33;40mWARNING - 2023-01-04 15:47:33,515 - [34mangr.project[0m - [34mAddress is already hooked, during hook(0x10100080, <SimProcedure GetLongPathNameA>). Re-hooking.[0m[0m
[1;33;40mWARNING - 2023-01-04 15:47:33,517 - [34mangr.project[0m - [34mAddress is already hooked, during hook(0x10100080, <SimProcedure GetLongPathNameA>). Re-hooking.[0m[0m
[1;33;40mWARNING - 2023-01-04 15:47:33,519 - [34mangr.project[0m - [34mAddress is already hooked, during hook(0x10100088, <SimProcedure Sleep>). Re-hooking.[0m[0m
[1;33;40mWARNING - 2023-01-04 15:47:33,521 - [34mangr.project[0m - [34mAddress is already hooked, during hook(0x10100088, <SimProcedure Sleep>). Re-hooking.[0m[0m
[1;33;40mWARNING - 2023-01-04 15:47:33,681 - [34mangr.project[0m - [34mAddress is already hooked, during hook(0x1010017c, <SimProcedure _wcsicmp>). Re-hooking.[0m[0m
[1;33;40mWARNING - 2023-01-04 15:47:33,683 - [34mangr.project[0m - [34mAddress is already hooked, during hook(0x1010017c, <SimProcedure _wcsicmp>). Re-hooking.[0m[0m
[1;33;40mWARNING - 2023-01-04 15:47:34,060 - [34mangr.project[0m - [34mAddress is already hooked, during hook(0x10100170, <SimProcedure _onexit>). Re-hooking.[0m[0m
[1;33;40mWARNING - 2023-01-04 15:47:34,061 - [34mangr.project[0m - [34mAddress is already hooked, during hook(0x10100170, <SimProcedure _onexit>). Re-hooking.[0m[0m
[1;33;40mWARNING - 2023-01-04 15:47:34,311 - [34mangr.project[0m - [34mAddress is already hooked, during hook(0x10100190, <SimProcedure wcsrchr>). Re-hooking.[0m[0m
[1;33;40mWARNING - 2023-01-04 15:47:34,313 - [34mangr.project[0m - [34mAddress is already hooked, during hook(0x10100190, <SimProcedure wcsrchr>). Re-hooking.[0m[0m
[1;33;40mWARNING - 2023-01-04 15:47:34,324 - [34mangr.project[0m - [34mAddress is already hooked, during hook(0x1010017c, <SimProcedure _wcsicmp>). Re-hooking.[0m[0m
[1;33;40mWARNING - 2023-01-04 15:47:34,325 - [34mangr.project[0m - [34mAddress is already hooked, during hook(0x1010017c, <SimProcedure _wcsicmp>). Re-hooking.[0m[0m
[1;33;40mWARNING - 2023-01-04 15:47:34,548 - [34mangr.project[0m - [34mAddress is already hooked, during hook(0x10100188, <SimProcedure _itoa>). Re-hooking.[0m[0m
[1;33;40mWARNING - 2023-01-04 15:47:34,550 - [34mangr.project[0m - [34mAddress is already hooked, during hook(0x10100188, <SimProcedure _itoa>). Re-hooking.[0m[0m
[1;33;40mWARNING - 2023-01-04 15:47:34,701 - [34mangr.project[0m - [34mAddress is already hooked, during hook(0x101001ec, <SimProcedure strrchr>). Re-hooking.[0m[0m
[1;33;40mWARNING - 2023-01-04 15:47:34,703 - [34mangr.project[0m - [34mAddress is already hooked, during hook(0x101001ec, <SimProcedure strrchr>). Re-hooking.[0m[0m
[1;33;40mWARNING - 2023-01-04 15:47:34,801 - [34mangr.project[0m - [34mAddress is already hooked, during hook(0x10100180, <SimProcedure _memicmp>). Re-hooking.[0m[0m
[1;33;40mWARNING - 2023-01-04 15:47:34,803 - [34mangr.project[0m - [34mAddress is already hooked, during hook(0x10100180, <SimProcedure _memicmp>). Re-hooking.[0m[0m
[1;33;40mWARNING - 2023-01-04 15:47:34,828 - [34mangr.project[0m - [34mAddress is already hooked, during hook(0x10100170, <SimProcedure _onexit>). Re-hooking.[0m[0m
[1;33;40mWARNING - 2023-01-04 15:47:34,830 - [34mangr.project[0m - [34mAddress is already hooked, during hook(0x10100170, <SimProcedure _onexit>). Re-hooking.[0m[0m
[1;33;40mWARNING - 2023-01-04 15:47:34,889 - [34mangr.project[0m - [34mAddress is already hooked, during hook(0x10100190, <SimProcedure wcsrchr>). Re-hooking.[0m[0m
[1;33;40mWARNING - 2023-01-04 15:47:34,891 - [34mangr.project[0m - [34mAddress is already hooked, during hook(0x10100190, <SimProcedure wcsrchr>). Re-hooking.[0m[0m
[1;33;40mWARNING - 2023-01-04 15:47:35,170 - [34mangr.project[0m - [34mAddress is already hooked, during hook(0x10100184, <SimProcedure _strupr>). Re-hooking.[0m[0m
[1;33;40mWARNING - 2023-01-04 15:47:35,172 - [34mangr.project[0m - [34mAddress is already hooked, during hook(0x10100184, <SimProcedure _strupr>). Re-hooking.[0m[0m
[1;33;40mWARNING - 2023-01-04 15:47:35,741 - [34mangr.project[0m - [34mAddress is already hooked, during hook(0x1010018c, <SimProcedure _strlwr>). Re-hooking.[0m[0m
[1;33;40mWARNING - 2023-01-04 15:47:35,742 - [34mangr.project[0m - [34mAddress is already hooked, during hook(0x1010018c, <SimProcedure _strlwr>). Re-hooking.[0m[0m
[1;33;40mWARNING - 2023-01-04 15:47:36,002 - [34mangr.project[0m - [34mAddress is already hooked, during hook(0x101001b8, <SimProcedure memmove>). Re-hooking.[0m[0m
[1;33;40mWARNING - 2023-01-04 15:47:36,004 - [34mangr.project[0m - [34mAddress is already hooked, during hook(0x101001b8, <SimProcedure memmove>). Re-hooking.[0m[0m
[1;33;40mWARNING - 2023-01-04 15:47:36,037 - [34mangr.project[0m - [34mAddress is already hooked, during hook(0x10100180, <SimProcedure _memicmp>). Re-hooking.[0m[0m
[1;33;40mWARNING - 2023-01-04 15:47:36,039 - [34mangr.project[0m - [34mAddress is already hooked, during hook(0x10100180, <SimProcedure _memicmp>). Re-hooking.[0m[0m
[1;33;40mWARNING - 2023-01-04 15:47:36,044 - [34mangr.project[0m - [34mAddress is already hooked, during hook(0x10100188, <SimProcedure _itoa>). Re-hooking.[0m[0m
[1;33;40mWARNING - 2023-01-04 15:47:36,047 - [34mangr.project[0m - [34mAddress is already hooked, during hook(0x10100188, <SimProcedure _itoa>). Re-hooking.[0m[0m
[1;33;40mWARNING - 2023-01-04 15:47:36,074 - [34mangr.project[0m - [34mAddress is already hooked, during hook(0x1010019c, <SimProcedure wcstombs>). Re-hooking.[0m[0m
[1;33;40mWARNING - 2023-01-04 15:47:36,077 - [34mangr.project[0m - [34mAddress is already hooked, during hook(0x1010019c, <SimProcedure wcstombs>). Re-hooking.[0m[0m
[1;33;40mWARNING - 2023-01-04 15:47:36,335 - [34mangr.project[0m - [34mAddress is already hooked, during hook(0x10100194, <SimProcedure wcslen>). Re-hooking.[0m[0m
[1;33;40mWARNING - 2023-01-04 15:47:36,337 - [34mangr.project[0m - [34mAddress is already hooked, during hook(0x10100194, <SimProcedure wcslen>). Re-hooking.[0m[0m
[1;33;40mWARNING - 2023-01-04 15:47:36,548 - [34mangr.project[0m - [34mAddress is already hooked, during hook(0x10100184, <SimProcedure _strupr>). Re-hooking.[0m[0m
[1;33;40mWARNING - 2023-01-04 15:47:36,551 - [34mangr.project[0m - [34mAddress is already hooked, during hook(0x10100184, <SimProcedure _strupr>). Re-hooking.[0m[0m
[1;33;40mWARNING - 2023-01-04 15:47:36,561 - [34mangr.project[0m - [34mAddress is already hooked, during hook(0x1010019c, <SimProcedure wcstombs>). Re-hooking.[0m[0m
[1;33;40mWARNING - 2023-01-04 15:47:36,565 - [34mangr.project[0m - [34mAddress is already hooked, during hook(0x1010019c, <SimProcedure wcstombs>). Re-hooking.[0m[0m
[1;33;40mWARNING - 2023-01-04 15:47:36,723 - [34mangr.project[0m - [34mAddress is already hooked, during hook(0x101001b8, <SimProcedure memmove>). Re-hooking.[0m[0m
[1;33;40mWARNING - 2023-01-04 15:47:36,725 - [34mangr.project[0m - [34mAddress is already hooked, during hook(0x101001b8, <SimProcedure memmove>). Re-hooking.[0m[0m
[1;33;40mWARNING - 2023-01-04 15:47:37,053 - [34mangr.project[0m - [34mAddress is already hooked, during hook(0x10100194, <SimProcedure wcslen>). Re-hooking.[0m[0m
[1;33;40mWARNING - 2023-01-04 15:47:37,056 - [34mangr.project[0m - [34mAddress is already hooked, during hook(0x10100194, <SimProcedure wcslen>). Re-hooking.[0m[0m
[1;33;40mWARNING - 2023-01-04 15:47:37,197 - [34mangr.project[0m - [34mAddress is already hooked, during hook(0x1010018c, <SimProcedure _strlwr>). Re-hooking.[0m[0m
[1;33;40mWARNING - 2023-01-04 15:47:37,200 - [34mangr.project[0m - [34mAddress is already hooked, during hook(0x1010018c, <SimProcedure _strlwr>). Re-hooking.[0m[0m
[1;33;40mWARNING - 2023-01-04 15:47:37,293 - [34mangr.project[0m - [34mAddress is already hooked, during hook(0x101001ec, <SimProcedure strrchr>). Re-hooking.[0m[0m
[1;33;40mWARNING - 2023-01-04 15:47:37,296 - [34mangr.project[0m - [34mAddress is already hooked, during hook(0x101001ec, <SimProcedure strrchr>). Re-hooking.[0m[0m
[1;32;40mINFO - 2023-01-04 15:47:37,694 - [33mwerkzeug[0m - [33m172.17.0.1 - - [04/Jan/2023 15:47:37] "GET /iteration-scdg HTTP/1.1" 200 -[0m[0m
[1;32;40mINFO - 2023-01-04 15:47:37,711 - [33mwerkzeug[0m - [33m172.17.0.1 - - [04/Jan/2023 15:47:37] "GET /progress-scdg HTTP/1.1" 200 -[0m[0m
[1;32;40mINFO - 2023-01-04 15:47:37,727 - [33mwerkzeug[0m - [33m172.17.0.1 - - [04/Jan/2023 15:47:37] "GET /iteration-scdg HTTP/1.1" 200 -[0m[0m
[1;32;40mINFO - 2023-01-04 15:47:37,743 - [33mwerkzeug[0m - [33m172.17.0.1 - - [04/Jan/2023 15:47:37] "GET /progress-scdg HTTP/1.1" 200 -[0m[0m
[1;32;40mINFO - 2023-01-04 15:47:37,749 - [33mwerkzeug[0m - [33m172.17.0.1 - - [04/Jan/2023 15:47:37] "GET /iteration-scdg HTTP/1.1" 200 -[0m[0m
[1;32;40mINFO - 2023-01-04 15:47:37,786 - [33mwerkzeug[0m - [33m172.17.0.1 - - [04/Jan/2023 15:47:37] "GET /progress-scdg HTTP/1.1" 200 -[0m[0m
[1;32;40mINFO - 2023-01-04 15:47:39,417 - [31mToolChainExplorerAnotherCDFS[0m - [31mEnd of the trace number 0 with errors[0m[0m
[1;32;40mINFO - 2023-01-04 15:47:39,418 - [31mToolChainExplorerAnotherCDFS[0m - <SimState @ 0x100184c4>[0m
[1;32;40mINFO - 2023-01-04 15:47:39,418 - [31mToolChainExplorerAnotherCDFS[0m - IR decoding error at 0x100184c4. You can hook this instruction with a python replacement using project.hook(0x100184c4, your_function, length=length_of_instruction).[0m
[1;32;40mINFO - 2023-01-04 15:47:39,418 - [31mToolChainExplorerAnotherCDFS[0m - [31mlen(simgr.active) <= 0 or deadended >= self.max_end_state)[0m[0m
[1;32;40mINFO - 2023-01-04 15:47:39,420 - [37mGraphBuilder[0m - [37mOutput dir :src/output/runs/70//Gh0stRAT[0m[0m
