0x600174 : 
     - 0x9123b422d33a244e6018673
         * recv
         * GetProcessHeap
         * HeapAlloc
         * UserHook
         * HeapFree
         * RegDeleteKeyW
         * TerminateThread
         * GetModuleFileNameA
         * CreateProcessA
         * CloseHandle
         * ExitProcess
0x600118 : 
     - 0x9123b422d33a244f0018673
         * recv
         * GetProcessHeap
         * HeapAlloc
         * UserHook
         * HeapFree
         * OpenProcess
         * TerminateProcess
0x406047 : 
     - 0x9123b422d33a244d4018673
     - 0x9123b422d33a244de01867300000000
         * recv
         * GetProcessHeap
         * HeapAlloc
         * UserHook
         * HeapFree
         * InitializeCriticalSection
         * DeleteCriticalSection
         * EnterCriticalSection
         * lstrlenW
         * VirtualAlloc
         * lstrcpyW
         * RegOpenKeyExW
         * RegQueryValueExW
         * VirtualFree
         * LoadLibraryA
         * GetProcAddress
         * RtlGetVersion
         * GetCurrentProcess
         * OpenProcessToken
         * GetTokenInformation
         * CloseHandle
         * lstrlenA
         * lstrcpyA
         * MultiByteToWideChar
         * lstrcatW
         * RegCreateKeyExA
         * RegSetValueExW
         * RegCloseKey
         * NetUserAdd
         * HeapReAlloc
         * send
         * LeaveCriticalSection
         * SHGetSpecialFolderPathW
         * VirtualQuery
         * URLDownloadToFileW
         * ShellExecuteW
0x405713 : 
     - 0xc33000000000000
         * recv
         * GetProcessHeap
         * HeapAlloc
         * UserHook
         * HeapFree
0x40573b : 
     - 0x2c33a24400000000
         * recv
         * GetProcessHeap
         * HeapAlloc
         * UserHook
         * HeapFree
0x40570f : 
     - 0x60a980802d33a24400000000
     - 0xc3300000000000000000000
         * recv
         * GetProcessHeap
         * HeapAlloc
         * UserHook
         * HeapFree
0x40573b : 
     - 0x60a980802d33a24400000000
     - 0x2d33a2440000000000000000
         * recv
         * GetProcessHeap
         * HeapAlloc
         * UserHook
         * HeapFree
0x40570f : 
     - 0x9123b422d33a24400000000
     - 0xc3300000000000000000000
         * recv
         * GetProcessHeap
         * HeapAlloc
         * UserHook
         * HeapFree
0x40573b : 
     - 0x9123b422d33a24400000000
     - 0x2d33a2440000000000000000
         * recv
         * GetProcessHeap
         * HeapAlloc
         * UserHook
         * HeapFree
0x40ff64 : 
     - 0x9123b422d33a244b6018673
         * recv
         * GetProcessHeap
         * HeapAlloc
         * UserHook
         * HeapFree
         * VirtualFree
         * FindFirstFileW
         * lstrlenW
         * VirtualAlloc
         * lstrcpyW
         * FindNextFileW
0x410004 : 
     - 0x9123b422d33a244b6018673
         * recv
         * GetProcessHeap
         * HeapAlloc
         * UserHook
         * HeapFree
         * VirtualFree
         * FindFirstFileW
         * lstrlenW
         * VirtualAlloc
         * lstrcpyW
         * FindNextFileW
0x40570f : 
     - 0x9123b422d33a244b6018673
     - 0xc3300000000000000000000
         * recv
         * GetProcessHeap
         * HeapAlloc
         * UserHook
         * HeapFree
         * VirtualFree
         * FindFirstFileW
         * HeapReAlloc
         * lstrlenA
         * VirtualAlloc
         * lstrcpyA
         * send
0x40573b : 
     - 0x9123b422d33a244b6018673
     - 0x2d33a2440000000000000000
         * recv
         * GetProcessHeap
         * HeapAlloc
         * UserHook
         * HeapFree
         * VirtualFree
         * FindFirstFileW
         * HeapReAlloc
         * lstrlenA
         * VirtualAlloc
         * lstrcpyA
         * send
0x40570f : 
     - 0x9123b422d33a244b4018673
     - 0xc3300000000000000000000
         * recv
         * GetProcessHeap
         * HeapAlloc
         * UserHook
         * HeapFree
         * VirtualAlloc
         * VirtualProtect
         * GetCurrentProcess
         * IsWow64Process
         * OpenProcess
         * VirtualAllocEx
         * VirtualProtectEx
         * WriteProcessMemory
         * VirtualFree
0x40573b : 
     - 0x9123b422d33a244b4018673
     - 0x2d33a2440000000000000000
         * recv
         * GetProcessHeap
         * HeapAlloc
         * UserHook
         * HeapFree
         * VirtualAlloc
         * VirtualProtect
         * GetCurrentProcess
         * IsWow64Process
         * OpenProcess
         * VirtualAllocEx
         * VirtualProtectEx
         * WriteProcessMemory
         * VirtualFree
0x40570f : 
     - 0x9123b422d33a244b4018673
     - 0xc3300000000000000000000
         * recv
         * GetProcessHeap
         * HeapAlloc
         * UserHook
         * HeapFree
         * VirtualAlloc
         * VirtualProtect
         * GetCurrentProcess
         * IsWow64Process
         * OpenProcess
         * VirtualFree
0x40573b : 
     - 0x9123b422d33a244b4018673
     - 0x2d33a2440000000000000000
         * recv
         * GetProcessHeap
         * HeapAlloc
         * UserHook
         * HeapFree
         * VirtualAlloc
         * VirtualProtect
         * GetCurrentProcess
         * IsWow64Process
         * OpenProcess
         * VirtualFree
0x40570f : 
     - 0x9123b422d33a244bc018673
     - 0xc3300000000000000000000
         * recv
         * GetProcessHeap
         * HeapAlloc
         * UserHook
         * HeapFree
         * GetCurrentProcess
         * OpenProcessToken
         * GetTokenInformation
         * CloseHandle
0x40573b : 
     - 0x9123b422d33a244bc018673
     - 0x2d33a2440000000000000000
         * recv
         * GetProcessHeap
         * HeapAlloc
         * UserHook
         * HeapFree
         * GetCurrentProcess
         * OpenProcessToken
         * GetTokenInformation
         * CloseHandle
0x40570f : 
     - 0x9123b422d33a244c2018673
     - 0xc3300000000000000000000
         * recv
         * GetProcessHeap
         * HeapAlloc
         * UserHook
         * HeapFree
         * GetModuleFileNameW
         * IsUserAnAdmin
0x40573b : 
     - 0x9123b422d33a244c2018673
     - 0x2d33a2440000000000000000
         * recv
         * GetProcessHeap
         * HeapAlloc
         * UserHook
         * HeapFree
         * GetModuleFileNameW
         * IsUserAnAdmin
0x40570f : 
     - 0x9123b422d33a244c2018673
     - 0xc3300000000000000000000
         * recv
         * GetProcessHeap
         * HeapAlloc
         * UserHook
         * HeapFree
         * GetModuleFileNameW
         * IsUserAnAdmin
         * GetCurrentProcess
         * OpenProcessToken
         * GetTokenInformation
         * CloseHandle
0x40573b : 
     - 0x9123b422d33a244c2018673
     - 0x2d33a2440000000000000000
         * recv
         * GetProcessHeap
         * HeapAlloc
         * UserHook
         * HeapFree
         * GetModuleFileNameW
         * IsUserAnAdmin
         * GetCurrentProcess
         * OpenProcessToken
         * GetTokenInformation
         * CloseHandle
0x40570f : 
     - 0x9123b422d33a244c0018673
     - 0xc3300000000000000000000
         * recv
         * GetProcessHeap
         * HeapAlloc
         * UserHook
         * HeapFree
         * SHGetFolderPathW
         * lstrcatW
         * lstrlenW
         * VirtualAlloc
         * lstrcpyW
         * VirtualFree
         * HeapReAlloc
         * lstrlenA
         * lstrcpyA
         * send
0x40573b : 
     - 0x9123b422d33a244c0018673
     - 0x2d33a2440000000000000000
         * recv
         * GetProcessHeap
         * HeapAlloc
         * UserHook
         * HeapFree
         * SHGetFolderPathW
         * lstrcatW
         * lstrlenW
         * VirtualAlloc
         * lstrcpyW
         * VirtualFree
         * HeapReAlloc
         * lstrlenA
         * lstrcpyA
         * send
0x40570f : 
     - 0x9123b422d33a244c6018673
     - 0xc3300000000000000000000
         * recv
         * GetProcessHeap
         * HeapAlloc
         * UserHook
         * HeapFree
         * VirtualFree
         * ShellExecuteW
0x40573b : 
     - 0x9123b422d33a244c6018673
     - 0x2d33a2440000000000000000
         * recv
         * GetProcessHeap
         * HeapAlloc
         * UserHook
         * HeapFree
         * VirtualFree
         * ShellExecuteW
0x40570f : 
     - 0x9123b422d33a244c4018673
     - 0xc3300000000000000000000
         * recv
         * GetProcessHeap
         * HeapAlloc
         * UserHook
         * HeapFree
         * lstrlenW
         * VirtualAlloc
         * lstrcpyW
         * WideCharToMultiByte
         * lstrlenA
         * VirtualFree
         * lstrcatA
         * lstrcpyA
         * CreateThread
0x40573b : 
     - 0x9123b422d33a244c4018673
     - 0x2d33a2440000000000000000
         * recv
         * GetProcessHeap
         * HeapAlloc
         * UserHook
         * HeapFree
         * lstrlenW
         * VirtualAlloc
         * lstrcpyW
         * WideCharToMultiByte
         * lstrlenA
         * VirtualFree
         * lstrcatA
         * lstrcpyA
         * CreateThread
0x4054c0 : 
     - 0x9123b422d33a244c9018673
         * recv
         * GetProcessHeap
         * HeapAlloc
         * UserHook
         * HeapFree
0x40570f : 
     - 0x9123b422d33a244ce018673
     - 0xc3300000000000000000000
         * recv
         * GetProcessHeap
         * HeapAlloc
         * UserHook
         * HeapFree
0x40573b : 
     - 0x9123b422d33a244ce018673
     - 0x2d33a2440000000000000000
         * recv
         * GetProcessHeap
         * HeapAlloc
         * UserHook
         * HeapFree
0x40570f : 
     - 0x9123b422d33a244cc018673
     - 0xc3300000000000000000000
         * recv
         * GetProcessHeap
         * HeapAlloc
         * UserHook
         * HeapFree
         * lstrlenW
         * VirtualAlloc
         * lstrcpyW
         * WideCharToMultiByte
         * lstrlenA
         * VirtualFree
         * lstrcatA
         * inet_addr
         * CreateThread
0x40573b : 
     - 0x9123b422d33a244cc018673
     - 0x2d33a2440000000000000000
         * recv
         * GetProcessHeap
         * HeapAlloc
         * UserHook
         * HeapFree
         * lstrlenW
         * VirtualAlloc
         * lstrcpyW
         * WideCharToMultiByte
         * lstrlenA
         * VirtualFree
         * lstrcatA
         * inet_addr
         * CreateThread
0x40570f : 
     - 0x9123b422d33a244cc018673
     - 0xc3300000000000000000000
         * recv
         * GetProcessHeap
         * HeapAlloc
         * UserHook
         * HeapFree
         * lstrlenW
         * VirtualAlloc
         * lstrcpyW
         * WideCharToMultiByte
         * lstrlenA
         * VirtualFree
         * lstrcatA
         * inet_addr
         * getaddrinfo
         * CreateThread
0x40573b : 
     - 0x9123b422d33a244cc018673
     - 0x2d33a2440000000000000000
         * recv
         * GetProcessHeap
         * HeapAlloc
         * UserHook
         * HeapFree
         * lstrlenW
         * VirtualAlloc
         * lstrcpyW
         * WideCharToMultiByte
         * lstrlenA
         * VirtualFree
         * lstrcatA
         * inet_addr
         * getaddrinfo
         * CreateThread
0x40570f : 
     - 0x9123b422d33a244d2018673
     - 0xc3300000000000000000000
         * recv
         * GetProcessHeap
         * HeapAlloc
         * UserHook
         * HeapFree
0x40573b : 
     - 0x9123b422d33a244d2018673
     - 0x2d33a2440000000000000000
         * recv
         * GetProcessHeap
         * HeapAlloc
         * UserHook
         * HeapFree
0x4054c0 : 
     - 0x9123b422d33a244df018673
         * recv
         * GetProcessHeap
         * HeapAlloc
         * UserHook
         * HeapFree
0x40570f : 
     - 0x9123b422d33a244d6018673
     - 0xc3300000000000000000000
         * recv
         * GetProcessHeap
         * HeapAlloc
         * UserHook
         * HeapFree
         * EnterCriticalSection
         * shutdown
         * closesocket
         * LeaveCriticalSection
         * lstrlenA
         * VirtualAlloc
         * lstrcpyA
         * lstrlenW
         * lstrcpyW
         * WideCharToMultiByte
         * VirtualFree
         * lstrcatA
         * CreateThread
         * CloseHandle
0x40573b : 
     - 0x9123b422d33a244d6018673
     - 0x2d33a2440000000000000000
         * recv
         * GetProcessHeap
         * HeapAlloc
         * UserHook
         * HeapFree
         * EnterCriticalSection
         * shutdown
         * closesocket
         * LeaveCriticalSection
         * lstrlenA
         * VirtualAlloc
         * lstrcpyA
         * lstrlenW
         * lstrcpyW
         * WideCharToMultiByte
         * VirtualFree
         * lstrcatA
         * CreateThread
         * CloseHandle
0x40570f : 
     - 0x9123b422d33a244d6018673
     - 0xc3300000000000000000000
         * recv
         * GetProcessHeap
         * HeapAlloc
         * UserHook
         * HeapFree
         * EnterCriticalSection
         * shutdown
         * closesocket
         * LeaveCriticalSection
         * lstrlenA
         * VirtualAlloc
         * lstrcpyA
         * lstrlenW
         * lstrcpyW
         * WideCharToMultiByte
         * VirtualFree
         * lstrcatA
         * CreateThread
0x40573b : 
     - 0x9123b422d33a244d6018673
     - 0x2d33a2440000000000000000
         * recv
         * GetProcessHeap
         * HeapAlloc
         * UserHook
         * HeapFree
         * EnterCriticalSection
         * shutdown
         * closesocket
         * LeaveCriticalSection
         * lstrlenA
         * VirtualAlloc
         * lstrcpyA
         * lstrlenW
         * lstrcpyW
         * WideCharToMultiByte
         * VirtualFree
         * lstrcatA
         * CreateThread
0x40570f : 
     - 0x9123b422d33a244d4018673
     - 0xc3300000000000000000000
         * recv
         * GetProcessHeap
         * HeapAlloc
         * UserHook
         * HeapFree
         * InitializeCriticalSection
         * DeleteCriticalSection
         * EnterCriticalSection
         * lstrlenW
         * VirtualAlloc
         * lstrcpyW
         * RegOpenKeyExW
         * RegQueryValueExW
         * VirtualFree
         * LoadLibraryA
         * GetProcAddress
         * RtlGetVersion
         * HeapReAlloc
         * lstrlenA
         * lstrcpyA
         * send
         * LeaveCriticalSection
0x40573b : 
     - 0x9123b422d33a244d4018673
     - 0x2d33a2440000000000000000
         * recv
         * GetProcessHeap
         * HeapAlloc
         * UserHook
         * HeapFree
         * InitializeCriticalSection
         * DeleteCriticalSection
         * EnterCriticalSection
         * lstrlenW
         * VirtualAlloc
         * lstrcpyW
         * RegOpenKeyExW
         * RegQueryValueExW
         * VirtualFree
         * LoadLibraryA
         * GetProcAddress
         * RtlGetVersion
         * HeapReAlloc
         * lstrlenA
         * lstrcpyA
         * send
         * LeaveCriticalSection
0x40e6cf : 
     - 0x9123b422d33a244d4018673
         * recv
         * GetProcessHeap
         * HeapAlloc
         * UserHook
         * HeapFree
         * InitializeCriticalSection
         * DeleteCriticalSection
         * EnterCriticalSection
         * lstrlenW
         * VirtualAlloc
         * lstrcpyW
         * RegOpenKeyExW
         * RegQueryValueExW
         * VirtualFree
         * LoadLibraryA
         * GetProcAddress
         * RtlGetVersion
0x40570f : 
     - 0x9123b422d33a244d4018673
     - 0xc3300000000000000000000
         * recv
         * GetProcessHeap
         * HeapAlloc
         * UserHook
         * HeapFree
         * InitializeCriticalSection
         * DeleteCriticalSection
         * EnterCriticalSection
         * lstrlenW
         * VirtualAlloc
         * lstrcpyW
         * RegOpenKeyExW
         * RegQueryValueExW
         * VirtualFree
         * LoadLibraryA
         * GetProcAddress
         * RtlGetVersion
         * GetCurrentProcess
         * OpenProcessToken
         * GetTokenInformation
         * CloseHandle
         * lstrlenA
         * lstrcpyA
         * MultiByteToWideChar
         * lstrcatW
         * RegCreateKeyExA
         * RegSetValueExW
         * RegCloseKey
         * NetUserAdd
         * HeapReAlloc
         * send
         * LeaveCriticalSection
0x40f5f1 : 
     - 0x9123b422d33a244d4018673
         * recv
         * GetProcessHeap
         * HeapAlloc
         * UserHook
         * HeapFree
         * InitializeCriticalSection
         * DeleteCriticalSection
         * EnterCriticalSection
         * lstrlenW
         * VirtualAlloc
         * lstrcpyW
         * RegOpenKeyExW
         * RegQueryValueExW
         * VirtualFree
         * LoadLibraryA
         * GetProcAddress
         * RtlGetVersion
         * GetCurrentProcess
         * OpenProcessToken
         * GetTokenInformation
         * CloseHandle
         * lstrlenA
         * lstrcpyA
         * MultiByteToWideChar
         * lstrcatW
         * RegCreateKeyExA
         * RegSetValueExW
         * RegCloseKey
         * NetUserAdd
         * AllocateAndInitializeSid
         * LookupAccountSidW
0x40d493 : 
     - 0x9123b422d33a244d4018673
         * recv
         * GetProcessHeap
         * HeapAlloc
         * UserHook
         * HeapFree
         * InitializeCriticalSection
         * DeleteCriticalSection
         * EnterCriticalSection
         * lstrlenW
         * VirtualAlloc
         * lstrcpyW
         * RegOpenKeyExW
         * RegQueryValueExW
         * VirtualFree
         * LoadLibraryA
         * GetProcAddress
         * RtlGetVersion
         * GetCurrentProcess
         * OpenProcessToken
         * GetTokenInformation
         * CloseHandle
         * lstrlenA
         * lstrcpyA
         * MultiByteToWideChar
         * lstrcatW
         * RegCreateKeyExA
         * RegSetValueExW
         * RegCloseKey
         * NetUserAdd
         * AllocateAndInitializeSid
         * LookupAccountSidW
         * NetLocalGroupAddMembers
0x40570f : 
     - 0x9123b422d33a244d4018673
     - 0xc3300000000000000000000
         * recv
         * GetProcessHeap
         * HeapAlloc
         * UserHook
         * HeapFree
         * InitializeCriticalSection
         * DeleteCriticalSection
         * EnterCriticalSection
         * lstrlenW
         * VirtualAlloc
         * lstrcpyW
         * RegOpenKeyExW
         * RegQueryValueExW
         * VirtualFree
         * LoadLibraryA
         * GetProcAddress
         * RtlGetVersion
         * GetCurrentProcess
         * OpenProcessToken
         * GetTokenInformation
         * CloseHandle
         * lstrlenA
         * lstrcpyA
         * MultiByteToWideChar
         * lstrcatW
         * RegCreateKeyExA
         * RegSetValueExW
         * RegCloseKey
         * NetUserAdd
         * AllocateAndInitializeSid
         * LookupAccountSidW
         * NetLocalGroupAddMembers
         * CreateThread
         * LeaveCriticalSection
0x40573b : 
     - 0x9123b422d33a244d4018673
     - 0x2d33a2440000000000000000
         * recv
         * GetProcessHeap
         * HeapAlloc
         * UserHook
         * HeapFree
         * InitializeCriticalSection
         * DeleteCriticalSection
         * EnterCriticalSection
         * lstrlenW
         * VirtualAlloc
         * lstrcpyW
         * RegOpenKeyExW
         * RegQueryValueExW
         * VirtualFree
         * LoadLibraryA
         * GetProcAddress
         * RtlGetVersion
         * GetCurrentProcess
         * OpenProcessToken
         * GetTokenInformation
         * CloseHandle
         * lstrlenA
         * lstrcpyA
         * MultiByteToWideChar
         * lstrcatW
         * RegCreateKeyExA
         * RegSetValueExW
         * RegCloseKey
         * NetUserAdd
         * AllocateAndInitializeSid
         * LookupAccountSidW
         * NetLocalGroupAddMembers
         * CreateThread
         * LeaveCriticalSection
0x40d493 : 
     - 0x9123b422d33a244d4018673
         * recv
         * GetProcessHeap
         * HeapAlloc
         * UserHook
         * HeapFree
         * InitializeCriticalSection
         * DeleteCriticalSection
         * EnterCriticalSection
         * lstrlenW
         * VirtualAlloc
         * lstrcpyW
         * RegOpenKeyExW
         * RegQueryValueExW
         * VirtualFree
         * LoadLibraryA
         * GetProcAddress
         * RtlGetVersion
         * GetCurrentProcess
         * OpenProcessToken
         * GetTokenInformation
         * CloseHandle
         * lstrlenA
         * lstrcpyA
         * MultiByteToWideChar
         * lstrcatW
         * RegCreateKeyExA
         * RegSetValueExW
         * RegCloseKey
         * NetUserAdd
         * AllocateAndInitializeSid
         * GetLastError
         * NetLocalGroupAddMembers
0x40d48f : 
     - 0x9123b422d33a244d4018673
         * recv
         * GetProcessHeap
         * HeapAlloc
         * UserHook
         * HeapFree
         * InitializeCriticalSection
         * DeleteCriticalSection
         * EnterCriticalSection
         * lstrlenW
         * VirtualAlloc
         * lstrcpyW
         * RegOpenKeyExW
         * RegQueryValueExW
         * VirtualFree
         * LoadLibraryA
         * GetProcAddress
         * RtlGetVersion
         * GetCurrentProcess
         * OpenProcessToken
         * GetTokenInformation
         * CloseHandle
         * lstrlenA
         * lstrcpyA
         * MultiByteToWideChar
         * lstrcatW
         * RegCreateKeyExA
         * RegSetValueExW
         * RegCloseKey
         * NetUserAdd
         * AllocateAndInitializeSid
         * GetLastError
         * NetLocalGroupAddMembers
0x411030 : 
     - 0x9123b422d33a244d4018673
         * recv
         * GetProcessHeap
         * HeapAlloc
         * UserHook
         * HeapFree
         * InitializeCriticalSection
         * DeleteCriticalSection
         * EnterCriticalSection
         * lstrlenW
         * VirtualAlloc
         * lstrcpyW
         * RegOpenKeyExW
         * RegQueryValueExW
0x40570f : 
     - 0x9123b422d33a244d4018673
     - 0xc3300000000000000000000
         * recv
         * GetProcessHeap
         * HeapAlloc
         * UserHook
         * HeapFree
         * InitializeCriticalSection
         * DeleteCriticalSection
         * EnterCriticalSection
         * lstrlenW
         * VirtualAlloc
         * lstrcpyW
         * RegOpenKeyExW
         * RegQueryValueExW
         * VirtualFree
         * lstrcmpW
         * HeapReAlloc
         * lstrlenA
         * lstrcpyA
         * send
         * LeaveCriticalSection
0x40573b : 
     - 0x9123b422d33a244d4018673
     - 0x2d33a2440000000000000000
         * recv
         * GetProcessHeap
         * HeapAlloc
         * UserHook
         * HeapFree
         * InitializeCriticalSection
         * DeleteCriticalSection
         * EnterCriticalSection
         * lstrlenW
         * VirtualAlloc
         * lstrcpyW
         * RegOpenKeyExW
         * RegQueryValueExW
         * VirtualFree
         * lstrcmpW
         * HeapReAlloc
         * lstrlenA
         * lstrcpyA
         * send
         * LeaveCriticalSection
0x40570f : 
     - 0x9123b422d33a244da018673
     - 0xc3300000000000000000000
         * recv
         * GetProcessHeap
         * HeapAlloc
         * UserHook
         * HeapFree
         * EnterCriticalSection
         * LeaveCriticalSection
0x40573b : 
     - 0x9123b422d33a244da018673
     - 0x2d33a2440000000000000000
         * recv
         * GetProcessHeap
         * HeapAlloc
         * UserHook
         * HeapFree
         * EnterCriticalSection
         * LeaveCriticalSection
0x40570f : 
     - 0x9123b422d33a244d8018673
     - 0xc3300000000000000000000
         * recv
         * GetProcessHeap
         * HeapAlloc
         * UserHook
         * HeapFree
         * InitializeCriticalSection
         * DeleteCriticalSection
         * EnterCriticalSection
         * GetModuleHandleA
         * CreateThread
         * LeaveCriticalSection
0x40573b : 
     - 0x9123b422d33a244d8018673
     - 0x2d33a2440000000000000000
         * recv
         * GetProcessHeap
         * HeapAlloc
         * UserHook
         * HeapFree
         * InitializeCriticalSection
         * DeleteCriticalSection
         * EnterCriticalSection
         * GetModuleHandleA
         * CreateThread
         * LeaveCriticalSection
0x40570f : 
     - 0x9123b422d33a244d0018673
     - 0xc3300000000000000000000
         * recv
         * GetProcessHeap
         * HeapAlloc
         * UserHook
         * HeapFree
         * EnterCriticalSection
         * shutdown
         * closesocket
         * LeaveCriticalSection
0x40573b : 
     - 0x9123b422d33a244d0018673
     - 0x2d33a2440000000000000000
         * recv
         * GetProcessHeap
         * HeapAlloc
         * UserHook
         * HeapFree
         * EnterCriticalSection
         * shutdown
         * closesocket
         * LeaveCriticalSection
0x40570f : 
     - 0x9123b422d33a244ca018673
     - 0xc3300000000000000000000
         * recv
         * GetProcessHeap
         * HeapAlloc
         * UserHook
         * HeapFree
         * VirtualFree
         * LoadResource
         * SizeofResource
         * LockResource
         * GetTempPathA
         * lstrcatA
         * CreateFileA
         * WriteFile
         * CloseHandle
         * wsprintfA
         * ShellExecuteExA
0x40573b : 
     - 0x9123b422d33a244ca018673
     - 0x2d33a2440000000000000000
         * recv
         * GetProcessHeap
         * HeapAlloc
         * UserHook
         * HeapFree
         * VirtualFree
         * LoadResource
         * SizeofResource
         * LockResource
         * GetTempPathA
         * lstrcatA
         * CreateFileA
         * WriteFile
         * CloseHandle
         * wsprintfA
         * ShellExecuteExA
0x4054c0 : 
     - 0x9123b422d33a244e1018673
         * recv
         * GetProcessHeap
         * HeapAlloc
         * UserHook
         * HeapFree
0x40570f : 
     - 0x9123b422d33a244dc018673
     - 0xc3300000000000000000000
         * recv
         * GetProcessHeap
         * HeapAlloc
         * UserHook
         * HeapFree
         * VirtualFree
         * CreateThread
0x40573b : 
     - 0x9123b422d33a244dc018673
     - 0x2d33a2440000000000000000
         * recv
         * GetProcessHeap
         * HeapAlloc
         * UserHook
         * HeapFree
         * VirtualFree
         * CreateThread
0x40570f : 
     - 0x9123b422d33a244e2018673
     - 0xc3300000000000000000000
         * recv
         * GetProcessHeap
         * HeapAlloc
         * UserHook
         * HeapFree
         * SetEvent
0x40573b : 
     - 0x9123b422d33a244e2018673
     - 0x2d33a2440000000000000000
         * recv
         * GetProcessHeap
         * HeapAlloc
         * UserHook
         * HeapFree
         * SetEvent
0x40570f : 
     - 0x9123b422d33a244e0018673
     - 0xc3300000000000000000000
         * recv
         * GetProcessHeap
         * HeapAlloc
         * UserHook
         * HeapFree
         * VirtualFree
         * CreateMutexA
         * PathFileExistsW
         * CreateFileW
         * GetFileSize
         * SetFilePointer
         * WriteFile
         * CloseHandle
         * ReleaseMutex
0x40573b : 
     - 0x9123b422d33a244e0018673
     - 0x2d33a2440000000000000000
         * recv
         * GetProcessHeap
         * HeapAlloc
         * UserHook
         * HeapFree
         * VirtualFree
         * CreateMutexA
         * PathFileExistsW
         * CreateFileW
         * GetFileSize
         * SetFilePointer
         * WriteFile
         * CloseHandle
         * ReleaseMutex
0x40570f : 
     - 0x9123b422d33a244e0018673
     - 0xc3300000000000000000000
         * recv
         * GetProcessHeap
         * HeapAlloc
         * UserHook
         * HeapFree
         * VirtualFree
         * CreateMutexA
         * PathFileExistsW
         * CreateFileW
         * ReleaseMutex
         * CloseHandle
0x40573b : 
     - 0x9123b422d33a244e0018673
     - 0x2d33a2440000000000000000
         * recv
         * GetProcessHeap
         * HeapAlloc
         * UserHook
         * HeapFree
         * VirtualFree
         * CreateMutexA
         * PathFileExistsW
         * CreateFileW
         * ReleaseMutex
         * CloseHandle
0x40570f : 
     - 0x9123b422d33a244e0018673
     - 0xc3300000000000000000000
         * recv
         * GetProcessHeap
         * HeapAlloc
         * UserHook
         * HeapFree
         * VirtualFree
         * CreateMutexA
         * PathFileExistsW
         * CreateFileW
         * SetFilePointer
         * WriteFile
         * CloseHandle
         * ReleaseMutex
0x40573b : 
     - 0x9123b422d33a244e0018673
     - 0x2d33a2440000000000000000
         * recv
         * GetProcessHeap
         * HeapAlloc
         * UserHook
         * HeapFree
         * VirtualFree
         * CreateMutexA
         * PathFileExistsW
         * CreateFileW
         * SetFilePointer
         * WriteFile
         * CloseHandle
         * ReleaseMutex
0x40570f : 
     - 0x9123b422d33a244e0018673
     - 0xc3300000000000000000000
         * recv
         * GetProcessHeap
         * HeapAlloc
         * UserHook
         * HeapFree
         * VirtualFree
         * CreateMutexA
         * PathFileExistsW
         * CreateFileW
         * ReleaseMutex
         * CloseHandle
0x40573b : 
     - 0x9123b422d33a244e0018673
     - 0x2d33a2440000000000000000
         * recv
         * GetProcessHeap
         * HeapAlloc
         * UserHook
         * HeapFree
         * VirtualFree
         * CreateMutexA
         * PathFileExistsW
         * CreateFileW
         * ReleaseMutex
         * CloseHandle
0x4054c0 : 
     - 0x9123b422d33a244ed018673
         * recv
         * GetProcessHeap
         * HeapAlloc
         * UserHook
         * HeapFree
0x40570f : 
     - 0x9123b422d33a244e4018673
     - 0xc3300000000000000000000
         * recv
         * GetProcessHeap
         * HeapAlloc
         * UserHook
         * HeapFree
         * GetLastInputInfo
         * GetTickCount
         * GetForegroundWindow
         * GetWindowTextW
         * lstrlenW
         * VirtualAlloc
         * lstrcpyW
         * HeapReAlloc
         * VirtualFree
         * lstrlenA
         * lstrcpyA
         * send
0x40573b : 
     - 0x9123b422d33a244e4018673
     - 0x2d33a2440000000000000000
         * recv
         * GetProcessHeap
         * HeapAlloc
         * UserHook
         * HeapFree
         * GetLastInputInfo
         * GetTickCount
         * GetForegroundWindow
         * GetWindowTextW
         * lstrlenW
         * VirtualAlloc
         * lstrcpyW
         * HeapReAlloc
         * VirtualFree
         * lstrlenA
         * lstrcpyA
         * send
0x40570f : 
     - 0x9123b422d33a244ea018673
     - 0xc3300000000000000000000
         * recv
         * GetProcessHeap
         * HeapAlloc
         * UserHook
         * HeapFree
         * WaitForSingleObject
         * ReleaseMutex
0x40573b : 
     - 0x9123b422d33a244ea018673
     - 0x2d33a2440000000000000000
         * recv
         * GetProcessHeap
         * HeapAlloc
         * UserHook
         * HeapFree
         * WaitForSingleObject
         * ReleaseMutex
0x40570f : 
     - 0x9123b422d33a244e8018673
     - 0xc3300000000000000000000
         * recv
         * GetProcessHeap
         * HeapAlloc
         * UserHook
         * HeapFree
         * WaitForSingleObject
         * CoInitialize
         * CoCreateInstance
         * ReleaseMutex
0x40573b : 
     - 0x9123b422d33a244e8018673
     - 0x2d33a2440000000000000000
         * recv
         * GetProcessHeap
         * HeapAlloc
         * UserHook
         * HeapFree
         * WaitForSingleObject
         * CoInitialize
         * CoCreateInstance
         * ReleaseMutex
0x40570f : 
     - 0x9123b422d33a244ee018673
     - 0xc3300000000000000000000
         * recv
         * GetProcessHeap
         * HeapAlloc
         * UserHook
         * HeapFree
         * VirtualFree
         * HeapReAlloc
         * lstrlenA
         * VirtualAlloc
         * lstrcpyA
         * send
0x40573b : 
     - 0x9123b422d33a244ee018673
     - 0x2d33a2440000000000000000
         * recv
         * GetProcessHeap
         * HeapAlloc
         * UserHook
         * HeapFree
         * VirtualFree
         * HeapReAlloc
         * lstrlenA
         * VirtualAlloc
         * lstrcpyA
         * send
0x4054c0 : 
     - 0x9123b422d33a244f5018673
         * recv
         * GetProcessHeap
         * HeapAlloc
         * UserHook
         * HeapFree
0x40570f : 
     - 0x9123b422d33a244f2018673
     - 0xc3300000000000000000000
         * recv
         * GetProcessHeap
         * HeapAlloc
         * UserHook
         * HeapFree
         * VirtualAlloc
         * VirtualFree
         * lstrlenA
         * lstrcatA
         * lstrcpyA
         * lstrcmpA
0x40573b : 
     - 0x9123b422d33a244f2018673
     - 0x2d33a2440000000000000000
         * recv
         * GetProcessHeap
         * HeapAlloc
         * UserHook
         * HeapFree
         * VirtualAlloc
         * VirtualFree
         * lstrlenA
         * lstrcatA
         * lstrcpyA
         * lstrcmpA
0x40570f : 
     - 0x9123b422d33a244f0018673
     - 0xc3300000000000000000000
         * recv
         * GetProcessHeap
         * HeapAlloc
         * UserHook
         * HeapFree
         * OpenProcess
         * GetLastError
         * CreateToolhelp32Snapshot
         * Process32FirstW
         * CloseHandle
         * VirtualFree
         * HeapReAlloc
         * lstrlenA
         * VirtualAlloc
         * lstrcpyA
         * send
0x40573b : 
     - 0x9123b422d33a244f0018673
     - 0x2d33a2440000000000000000
         * recv
         * GetProcessHeap
         * HeapAlloc
         * UserHook
         * HeapFree
         * OpenProcess
         * GetLastError
         * CreateToolhelp32Snapshot
         * Process32FirstW
         * CloseHandle
         * VirtualFree
         * HeapReAlloc
         * lstrlenA
         * VirtualAlloc
         * lstrcpyA
         * send
0x40570f : 
     - 0x9123b422d33a244f0018673
     - 0xc3300000000000000000000
         * recv
         * GetProcessHeap
         * HeapAlloc
         * UserHook
         * HeapFree
         * OpenProcess
         * GetLastError
         * CreateToolhelp32Snapshot
         * VirtualFree
         * HeapReAlloc
         * lstrlenA
         * VirtualAlloc
         * lstrcpyA
         * send
0x40573b : 
     - 0x9123b422d33a244f0018673
     - 0x2d33a2440000000000000000
         * recv
         * GetProcessHeap
         * HeapAlloc
         * UserHook
         * HeapFree
         * OpenProcess
         * GetLastError
         * CreateToolhelp32Snapshot
         * VirtualFree
         * HeapReAlloc
         * lstrlenA
         * VirtualAlloc
         * lstrcpyA
         * send
0x40570f : 
     - 0x9123b422d33a244f6018673
     - 0xc3300000000000000000000
         * recv
         * GetProcessHeap
         * HeapAlloc
         * UserHook
         * HeapFree
         * VirtualFree
         * SetLastError
         * DeleteFileW
         * HeapReAlloc
         * lstrlenA
         * VirtualAlloc
         * lstrcpyA
         * send
0x40573b : 
     - 0x9123b422d33a244f6018673
     - 0x2d33a2440000000000000000
         * recv
         * GetProcessHeap
         * HeapAlloc
         * UserHook
         * HeapFree
         * VirtualFree
         * SetLastError
         * DeleteFileW
         * HeapReAlloc
         * lstrlenA
         * VirtualAlloc
         * lstrcpyA
         * send
0x40570f : 
     - 0x9123b422d33a244f6018673
     - 0xc3300000000000000000000
         * recv
         * GetProcessHeap
         * HeapAlloc
         * UserHook
         * HeapFree
         * VirtualFree
         * SetLastError
         * DeleteFileW
         * GetLastError
         * HeapReAlloc
         * lstrlenA
         * VirtualAlloc
         * lstrcpyA
         * send
0x40573b : 
     - 0x9123b422d33a244f6018673
     - 0x2d33a2440000000000000000
         * recv
         * GetProcessHeap
         * HeapAlloc
         * UserHook
         * HeapFree
         * VirtualFree
         * SetLastError
         * DeleteFileW
         * GetLastError
         * HeapReAlloc
         * lstrlenA
         * VirtualAlloc
         * lstrcpyA
         * send
0x4054c0 : 
     - 0x9123b422d33a244fd018673
         * recv
         * GetProcessHeap
         * HeapAlloc
         * UserHook
         * HeapFree
0x40ff64 : 
     - 0x9123b422d33a244fa018673
         * recv
         * GetProcessHeap
         * HeapAlloc
         * UserHook
         * HeapFree
         * VirtualFree
         * FindFirstFileW
0x410004 : 
     - 0x9123b422d33a244fa018673
         * recv
         * GetProcessHeap
         * HeapAlloc
         * UserHook
         * HeapFree
         * VirtualFree
         * FindFirstFileW
0x40570f : 
     - 0x9123b422d33a244f8018673
     - 0xc3300000000000000000000
         * recv
         * GetProcessHeap
         * HeapAlloc
         * UserHook
         * HeapFree
         * GetLogicalDriveStringsW
         * lstrlenW
         * VirtualAlloc
         * lstrcpyW
         * VirtualFree
         * GetDriveTypeW
         * LoadLibraryA
         * GetProcAddress
         * HeapReAlloc
         * lstrlenA
         * lstrcpyA
         * send
0x40573b : 
     - 0x9123b422d33a244f8018673
     - 0x2d33a2440000000000000000
         * recv
         * GetProcessHeap
         * HeapAlloc
         * UserHook
         * HeapFree
         * GetLogicalDriveStringsW
         * lstrlenW
         * VirtualAlloc
         * lstrcpyW
         * VirtualFree
         * GetDriveTypeW
         * LoadLibraryA
         * GetProcAddress
         * HeapReAlloc
         * lstrlenA
         * lstrcpyA
         * send
0x40570f : 
     - 0x9123b422d33a244f8018673
     - 0xc3300000000000000000000
         * recv
         * GetProcessHeap
         * HeapAlloc
         * UserHook
         * HeapFree
         * GetLogicalDriveStringsW
         * lstrlenW
         * VirtualAlloc
         * lstrcpyW
         * VirtualFree
         * GetDriveTypeW
         * LoadLibraryA
         * GetProcAddress
         * HeapReAlloc
         * lstrlenA
         * lstrcpyA
         * send
0x40573b : 
     - 0x9123b422d33a244f8018673
     - 0x2d33a2440000000000000000
         * recv
         * GetProcessHeap
         * HeapAlloc
         * UserHook
         * HeapFree
         * GetLogicalDriveStringsW
         * lstrlenW
         * VirtualAlloc
         * lstrcpyW
         * VirtualFree
         * GetDriveTypeW
         * LoadLibraryA
         * GetProcAddress
         * HeapReAlloc
         * lstrlenA
         * lstrcpyA
         * send
0x40570f : 
     - 0x9123b422d33a244fe018673
     - 0xc3300000000000000000000
         * recv
         * GetProcessHeap
         * HeapAlloc
         * UserHook
         * HeapFree
         * CreateToolhelp32Snapshot
         * Process32FirstW
         * CloseHandle
         * VirtualFree
         * HeapReAlloc
         * lstrlenA
         * VirtualAlloc
         * lstrcpyA
         * send
0x40573b : 
     - 0x9123b422d33a244fe018673
     - 0x2d33a2440000000000000000
         * recv
         * GetProcessHeap
         * HeapAlloc
         * UserHook
         * HeapFree
         * CreateToolhelp32Snapshot
         * Process32FirstW
         * CloseHandle
         * VirtualFree
         * HeapReAlloc
         * lstrlenA
         * VirtualAlloc
         * lstrcpyA
         * send
0x40570f : 
     - 0x9123b422d33a244fe018673
     - 0xc3300000000000000000000
         * recv
         * GetProcessHeap
         * HeapAlloc
         * UserHook
         * HeapFree
         * CreateToolhelp32Snapshot
         * VirtualFree
         * HeapReAlloc
         * lstrlenA
         * VirtualAlloc
         * lstrcpyA
         * send
0x40573b : 
     - 0x9123b422d33a244fe018673
     - 0x2d33a2440000000000000000
         * recv
         * GetProcessHeap
         * HeapAlloc
         * UserHook
         * HeapFree
         * CreateToolhelp32Snapshot
         * VirtualFree
         * HeapReAlloc
         * lstrlenA
         * VirtualAlloc
         * lstrcpyA
         * send
0x411030 : 
     - 0x9123b422d33a244fc018673
         * recv
         * GetProcessHeap
         * HeapAlloc
         * UserHook
         * HeapFree
         * lstrlenA
         * VirtualFree
         * CoInitializeSecurity
         * CoInitialize
         * CoCreateInstance
         * lstrlenW
         * VirtualAlloc
         * lstrcpyW
         * GetModuleFileNameA
         * CreateFileA
         * GetFileSize
         * ReadFile
         * CloseHandle
         * GlobalMemoryStatusEx
         * GetComputerNameW
         * GetCurrentProcess
         * GetModuleHandleA
         * GetProcAddress
         * IsWow64Process
         * OpenProcessToken
         * GetTokenInformation
         * LoadLibraryA
         * RtlGetVersion
         * RegOpenKeyExW
         * RegQueryValueExW
0x410ff0 : 
     - 0x9123b422d33a244fc018673
         * recv
         * GetProcessHeap
         * HeapAlloc
         * UserHook
         * HeapFree
         * lstrlenA
         * VirtualFree
         * CoInitializeSecurity
         * CoInitialize
         * CoCreateInstance
         * lstrlenW
         * VirtualAlloc
         * lstrcpyW
         * GetModuleFileNameA
         * CreateFileA
         * GetFileSize
         * ReadFile
         * CloseHandle
         * GlobalMemoryStatusEx
         * GetComputerNameW
         * GetCurrentProcess
         * GetModuleHandleA
         * GetProcAddress
         * IsWow64Process
         * OpenProcessToken
         * GetTokenInformation
         * LoadLibraryA
         * RtlGetVersion
         * RegOpenKeyExW
         * RegQueryValueExW
0x411030 : 
     - 0x9123b422d33a244fc018673
         * recv
         * GetProcessHeap
         * HeapAlloc
         * UserHook
         * HeapFree
         * lstrlenA
         * VirtualFree
         * CoInitializeSecurity
         * CoInitialize
         * CoCreateInstance
         * lstrlenW
         * VirtualAlloc
         * lstrcpyW
         * GetModuleFileNameA
         * CreateFileA
         * GetFileSize
         * ReadFile
         * CloseHandle
         * GlobalMemoryStatusEx
         * GetComputerNameW
         * GetCurrentProcess
         * GetModuleHandleA
         * GetProcAddress
         * IsWow64Process
         * OpenProcessToken
         * GetTokenInformation
         * LoadLibraryA
         * RtlGetVersion
         * RegOpenKeyExW
         * RegQueryValueExW
0x410ff0 : 
     - 0x9123b422d33a244fc018673
         * recv
         * GetProcessHeap
         * HeapAlloc
         * UserHook
         * HeapFree
         * lstrlenA
         * VirtualFree
         * CoInitializeSecurity
         * CoInitialize
         * CoCreateInstance
         * lstrlenW
         * VirtualAlloc
         * lstrcpyW
         * GetModuleFileNameA
         * CreateFileA
         * GetFileSize
         * ReadFile
         * CloseHandle
         * GlobalMemoryStatusEx
         * GetComputerNameW
         * GetCurrentProcess
         * GetModuleHandleA
         * GetProcAddress
         * IsWow64Process
         * OpenProcessToken
         * GetTokenInformation
         * LoadLibraryA
         * RtlGetVersion
         * RegOpenKeyExW
         * RegQueryValueExW
0x40fbf8 : 
     - 0x9123b422d33a244fc018673
         * recv
         * GetProcessHeap
         * HeapAlloc
         * UserHook
         * HeapFree
         * lstrlenA
         * VirtualFree
         * CoInitializeSecurity
         * CoInitialize
         * lstrlenW
         * VirtualAlloc
         * lstrcpyW
         * GetModuleFileNameA
         * CreateFileA
         * GetFileSize
         * ReadFile
         * CloseHandle
         * GlobalMemoryStatusEx
         * GetComputerNameW
         * GetCurrentProcess
         * GetModuleHandleA
         * GetProcAddress
         * IsWow64Process
         * OpenProcessToken
         * GetTokenInformation
         * LoadLibraryA
         * RtlGetVersion
0x40fa90 : 
     - 0x9123b422d33a244fc018673
         * recv
         * GetProcessHeap
         * HeapAlloc
         * UserHook
         * HeapFree
         * lstrlenA
         * VirtualFree
         * CoInitializeSecurity
         * CoInitialize
         * lstrlenW
         * VirtualAlloc
         * lstrcpyW
         * GetModuleFileNameA
         * CreateFileA
         * GetFileSize
         * ReadFile
         * CloseHandle
         * GlobalMemoryStatusEx
         * GetComputerNameW
         * GetCurrentProcess
         * GetModuleHandleA
         * GetProcAddress
         * IsWow64Process
         * OpenProcessToken
         * GetTokenInformation
         * LoadLibraryA
         * RtlGetVersion
0x40570f : 
     - 0x9123b422d33a244f4018673
     - 0xc3300000000000000000000
         * recv
         * GetProcessHeap
         * HeapAlloc
         * UserHook
         * HeapFree
         * VirtualFree
         * CreateMutexA
         * WaitForSingleObject
         * CreateThread
         * ReleaseMutex
0x40573b : 
     - 0x9123b422d33a244f4018673
     - 0x2d33a2440000000000000000
         * recv
         * GetProcessHeap
         * HeapAlloc
         * UserHook
         * HeapFree
         * VirtualFree
         * CreateMutexA
         * WaitForSingleObject
         * CreateThread
         * ReleaseMutex
0x40570f : 
     - 0x9123b422d33a244ec018673
     - 0xc3300000000000000000000
         * recv
         * GetProcessHeap
         * HeapAlloc
         * UserHook
         * HeapFree
         * CreateMutexA
         * WaitForSingleObject
         * ReleaseMutex
0x40573b : 
     - 0x9123b422d33a244ec018673
     - 0x2d33a2440000000000000000
         * recv
         * GetProcessHeap
         * HeapAlloc
         * UserHook
         * HeapFree
         * CreateMutexA
         * WaitForSingleObject
         * ReleaseMutex
0x40570f : 
     - 0x9123b422d33a244de018673
     - 0xc3300000000000000000000
         * recv
         * GetProcessHeap
         * HeapAlloc
         * UserHook
         * HeapFree
         * VirtualFree
         * SHGetSpecialFolderPathW
         * lstrlenW
         * VirtualAlloc
         * lstrcpyW
         * lstrlenA
         * lstrcpyA
         * MultiByteToWideChar
         * lstrcatW
         * VirtualQuery
         * URLDownloadToFileW
         * ShellExecuteW
         * HeapReAlloc
         * send
0x40573b : 
     - 0x9123b422d33a244de018673
     - 0x2d33a2440000000000000000
         * recv
         * GetProcessHeap
         * HeapAlloc
         * UserHook
         * HeapFree
         * VirtualFree
         * SHGetSpecialFolderPathW
         * lstrlenW
         * VirtualAlloc
         * lstrcpyW
         * lstrlenA
         * lstrcpyA
         * MultiByteToWideChar
         * lstrcatW
         * VirtualQuery
         * URLDownloadToFileW
         * ShellExecuteW
         * HeapReAlloc
         * send
0x404fa4 : 
     - 0x9123b422d33a244d4018673
     - 0x40e8c0292d33a2440000000000000000
         * recv
         * GetProcessHeap
         * HeapAlloc
         * UserHook
         * HeapFree
         * InitializeCriticalSection
         * DeleteCriticalSection
         * EnterCriticalSection
         * lstrlenW
         * VirtualAlloc
         * lstrcpyW
         * RegOpenKeyExW
         * RegQueryValueExW
         * VirtualFree
         * LoadLibraryA
         * GetProcAddress
         * RtlGetVersion
         * GetCurrentProcess
         * OpenProcessToken
         * GetTokenInformation
         * CloseHandle
         * lstrlenA
         * lstrcpyA
         * MultiByteToWideChar
         * lstrcatW
         * RegCreateKeyExA
         * RegSetValueExW
         * RegCloseKey
         * NetUserAdd
         * HeapReAlloc
         * send
         * LeaveCriticalSection
0x40529a : 
     - 0x9123b422d33a244d4018673
     - 0x9123b422d33a2441c02098400000000
         * recv
         * GetProcessHeap
         * HeapAlloc
         * UserHook
         * HeapFree
         * InitializeCriticalSection
         * DeleteCriticalSection
         * EnterCriticalSection
         * lstrlenW
         * VirtualAlloc
         * lstrcpyW
         * RegOpenKeyExW
         * RegQueryValueExW
         * VirtualFree
         * LoadLibraryA
         * GetProcAddress
         * RtlGetVersion
         * GetCurrentProcess
         * OpenProcessToken
         * GetTokenInformation
         * CloseHandle
         * lstrlenA
         * lstrcpyA
         * MultiByteToWideChar
         * lstrcatW
         * RegCreateKeyExA
         * RegSetValueExW
         * RegCloseKey
         * NetUserAdd
         * HeapReAlloc
         * send
         * LeaveCriticalSection
0x404ff2 : 
     - 0x9123b422d33a244d4018673
     - 0x9123b422d33a244fc01867300000000
         * recv
         * GetProcessHeap
         * HeapAlloc
         * UserHook
         * HeapFree
         * InitializeCriticalSection
         * DeleteCriticalSection
         * EnterCriticalSection
         * lstrlenW
         * VirtualAlloc
         * lstrcpyW
         * RegOpenKeyExW
         * RegQueryValueExW
         * VirtualFree
         * LoadLibraryA
         * GetProcAddress
         * RtlGetVersion
         * GetCurrentProcess
         * OpenProcessToken
         * GetTokenInformation
         * CloseHandle
         * lstrlenA
         * lstrcpyA
         * MultiByteToWideChar
         * lstrcatW
         * RegCreateKeyExA
         * RegSetValueExW
         * RegCloseKey
         * NetUserAdd
         * HeapReAlloc
         * send
         * LeaveCriticalSection

