2021-12-02 18:51:12,172 [cuckoo.core.scheduler] INFO: Task #15: acquired machine cuckoo1 (label=cuckoo1)
2021-12-02 18:51:12,173 [cuckoo.core.resultserver] DEBUG: Now tracking machine :ip: for task #15
2021-12-02 18:51:12,173 [cuckoo.core.plugins] DEBUG: Started auxiliary module: Replay
2021-12-02 18:51:12,179 [cuckoo.auxiliary.sniffer] INFO: Started sniffer with PID 22290 (interface=qemubr, host=:ip:)
2021-12-02 18:51:12,180 [cuckoo.core.plugins] DEBUG: Started auxiliary module: Sniffer
2021-12-02 18:51:12,212 [cuckoo.machinery.qemu] DEBUG: Starting vm cuckoo1
2021-12-02 18:51:12,224 [cuckoo.core.scheduler] ERROR: Error starting Virtual Machine! VM: cuckoo1, error: QEMU failed starting the machine: qemu-img: /var/lib/libvirt/images/snapshot_cuckoo1.qcow2: Could not open '/var/lib/libvirt/images/:image:.qcow2': No such file or directory
Could not open backing image to determine size.

2021-12-02 18:51:12,226 [cuckoo.core.plugins] DEBUG: Stopped auxiliary module: Replay
2021-12-02 18:51:12,246 [cuckoo.core.plugins] DEBUG: Stopped auxiliary module: Sniffer
2021-12-02 18:51:12,247 [cuckoo.machinery.qemu] DEBUG: Stopping vm cuckoo1
2021-12-02 18:51:12,253 [cuckoo.core.scheduler] WARNING: Unable to stop machine cuckoo1: Trying to stop an already stopped vm cuckoo1
2021-12-02 18:51:12,259 [cuckoo.core.resultserver] DEBUG: Stopped tracking machine :ip: for task #15
2021-12-02 18:51:12,269 [cuckoo.core.scheduler] DEBUG: Released database task #15
2021-12-02 18:51:12,290 [cuckoo.core.plugins] DEBUG: Executed processing module "AnalysisInfo" for task #15
2021-12-02 18:51:12,290 [cuckoo.processing.behavior] WARNING: Analysis results folder does not contain any behavior log files.
2021-12-02 18:51:12,290 [cuckoo.core.plugins] DEBUG: Executed processing module "BehaviorAnalysis" for task #15
2021-12-02 18:51:12,291 [cuckoo.core.plugins] DEBUG: Executed processing module "Dropped" for task #15
2021-12-02 18:51:12,291 [cuckoo.core.plugins] DEBUG: Executed processing module "DroppedBuffer" for task #15
2021-12-02 18:51:12,292 [cuckoo.core.plugins] DEBUG: Executed processing module "MetaInfo" for task #15
2021-12-02 18:51:12,292 [cuckoo.core.plugins] DEBUG: Executed processing module "ProcessMemory" for task #15
2021-12-02 18:51:12,292 [cuckoo.core.plugins] DEBUG: Executed processing module "Procmon" for task #15
2021-12-02 18:51:12,293 [cuckoo.core.plugins] DEBUG: Executed processing module "Screenshots" for task #15
2021-12-02 18:51:12,525 [cuckoo.core.plugins] DEBUG: Executed processing module "Static" for task #15
2021-12-02 18:51:12,545 [cuckoo.core.plugins] DEBUG: Executed processing module "Strings" for task #15
2021-12-02 18:51:12,557 [cuckoo.core.plugins] DEBUG: Executed processing module "TargetInfo" for task #15
2021-12-02 18:51:12,558 [cuckoo.processing.network] WARNING: The PCAP file does not exist at path "/home/crochetch/Documents/toolchain_malware_analysis/src/sandboxes/.cuckoo/storage/analyses/15/dump.pcap".
2021-12-02 18:51:12,558 [cuckoo.core.plugins] DEBUG: Executed processing module "NetworkAnalysis" for task #15
2021-12-02 18:51:12,558 [cuckoo.core.plugins] DEBUG: Executed processing module "Extracted" for task #15
2021-12-02 18:51:12,559 [cuckoo.core.plugins] DEBUG: Executed processing module "TLSMasterSecrets" for task #15
2021-12-02 18:51:12,559 [cuckoo.processing.debug] ERROR: Error processing task #15: it appears that the Virtual Machine hasn't been able to contact back to the Cuckoo Host. There could be a few reasons for this, please refer to our documentation on the matter: https://cuckoo.sh/docs/faq/index.html#troubleshooting-vm-network-configuration
2021-12-02 18:51:12,567 [cuckoo.core.plugins] DEBUG: Executed processing module "Debug" for task #15
2021-12-02 18:51:12,567 [cuckoo.core.plugins] DEBUG: Running 0 signatures
2021-12-02 18:51:12,570 [cuckoo.core.plugins] DEBUG: Executed reporting module "JsonDump"
2021-12-02 18:51:12,599 [cuckoo.core.plugins] DEBUG: Executed reporting module "SingleFile"
2021-12-02 18:51:12,606 [cuckoo.core.plugins] DEBUG: Executed reporting module "MongoDB"
2021-12-02 18:51:12,606 [cuckoo.core.scheduler] INFO: Task #15: reports generation completed
2021-12-02 18:51:12,611 [cuckoo.core.scheduler] INFO: Task #15: analysis procedure completed
