2021-12-02 18:24:39,994 [cuckoo.core.scheduler] INFO: Task #5: acquired machine cuckoo1 (label=cuckoo1)
2021-12-02 18:24:39,995 [cuckoo.core.resultserver] DEBUG: Now tracking machine :ip: for task #5
2021-12-02 18:24:39,995 [cuckoo.core.plugins] DEBUG: Started auxiliary module: Replay
2021-12-02 18:24:40,001 [cuckoo.auxiliary.sniffer] INFO: Started sniffer with PID 11470 (interface=qemubr, host=:ip:)
2021-12-02 18:24:40,002 [cuckoo.core.plugins] DEBUG: Started auxiliary module: Sniffer
2021-12-02 18:24:40,027 [cuckoo.machinery.qemu] DEBUG: Starting vm cuckoo1
2021-12-02 18:24:40,052 [cuckoo.machinery.qemu] DEBUG: Executing QEMU ['qemu-system-x86_64', '-display', 'none', '-m', '1024M', '-hda', '/home/crochetch/Documents/PhD/VMImages/images/snapshot_cuckoo1.qcow2', '-net', 'tap,ifname=tap_cuckoo1,script=no,downscript=no', '-net', 'nic,macaddr=52:54:00:12:34:56', '-enable-kvm']
2021-12-02 18:24:40,082 [cuckoo.core.guest] INFO: Starting analysis #5 on guest (id=cuckoo1, ip=:ip:)
2021-12-02 18:24:40,084 [cuckoo.core.guest] DEBUG: cuckoo1: not ready yet
2021-12-02 18:24:41,087 [cuckoo.core.guest] DEBUG: cuckoo1: not ready yet
2021-12-02 18:24:42,092 [cuckoo.core.guest] DEBUG: cuckoo1: not ready yet
2021-12-02 18:24:43,095 [cuckoo.core.guest] DEBUG: cuckoo1: not ready yet
2021-12-02 18:24:44,099 [cuckoo.core.guest] DEBUG: cuckoo1: not ready yet
2021-12-02 18:24:45,104 [cuckoo.core.guest] DEBUG: cuckoo1: not ready yet
2021-12-02 18:24:46,108 [cuckoo.core.guest] DEBUG: cuckoo1: not ready yet
2021-12-02 18:24:47,113 [cuckoo.core.guest] DEBUG: cuckoo1: not ready yet
2021-12-02 18:24:48,117 [cuckoo.core.guest] DEBUG: cuckoo1: not ready yet
2021-12-02 18:24:49,121 [cuckoo.core.guest] DEBUG: cuckoo1: not ready yet
2021-12-02 18:24:50,124 [cuckoo.core.guest] DEBUG: cuckoo1: not ready yet
2021-12-02 18:24:51,128 [cuckoo.core.guest] DEBUG: cuckoo1: not ready yet
2021-12-02 18:24:52,133 [cuckoo.core.guest] DEBUG: cuckoo1: not ready yet
2021-12-02 18:24:53,137 [cuckoo.core.guest] DEBUG: cuckoo1: not ready yet
2021-12-02 18:24:54,141 [cuckoo.core.guest] DEBUG: cuckoo1: not ready yet
2021-12-02 18:24:55,143 [cuckoo.core.guest] DEBUG: cuckoo1: not ready yet
2021-12-02 18:24:56,146 [cuckoo.core.guest] DEBUG: cuckoo1: not ready yet
2021-12-02 18:24:57,151 [cuckoo.core.guest] DEBUG: cuckoo1: not ready yet
2021-12-02 18:24:58,155 [cuckoo.core.guest] DEBUG: cuckoo1: not ready yet
2021-12-02 18:24:59,158 [cuckoo.core.guest] DEBUG: cuckoo1: not ready yet
2021-12-02 18:25:00,161 [cuckoo.core.guest] DEBUG: cuckoo1: not ready yet
2021-12-02 18:25:01,165 [cuckoo.core.guest] DEBUG: cuckoo1: not ready yet
2021-12-02 18:25:02,169 [cuckoo.core.guest] DEBUG: cuckoo1: not ready yet
2021-12-02 18:25:03,174 [cuckoo.core.guest] DEBUG: cuckoo1: not ready yet
2021-12-02 18:25:04,179 [cuckoo.core.guest] DEBUG: cuckoo1: not ready yet
2021-12-02 18:25:05,184 [cuckoo.core.guest] DEBUG: cuckoo1: not ready yet
2021-12-02 18:25:06,188 [cuckoo.core.guest] DEBUG: cuckoo1: not ready yet
2021-12-02 18:25:07,193 [cuckoo.core.guest] DEBUG: cuckoo1: not ready yet
2021-12-02 18:25:08,198 [cuckoo.core.guest] DEBUG: cuckoo1: not ready yet
2021-12-02 18:25:09,201 [cuckoo.core.guest] DEBUG: cuckoo1: not ready yet
2021-12-02 18:25:10,204 [cuckoo.core.guest] DEBUG: cuckoo1: not ready yet
2021-12-02 18:25:11,208 [cuckoo.core.guest] DEBUG: cuckoo1: not ready yet
2021-12-02 18:25:12,213 [cuckoo.core.guest] DEBUG: cuckoo1: not ready yet
2021-12-02 18:25:13,216 [cuckoo.core.guest] DEBUG: cuckoo1: not ready yet
2021-12-02 18:25:14,219 [cuckoo.core.guest] DEBUG: cuckoo1: not ready yet
2021-12-02 18:25:15,223 [cuckoo.core.guest] DEBUG: cuckoo1: not ready yet
2021-12-02 18:25:16,227 [cuckoo.core.guest] DEBUG: cuckoo1: not ready yet
2021-12-02 18:25:17,231 [cuckoo.core.guest] DEBUG: cuckoo1: not ready yet
2021-12-02 18:25:18,235 [cuckoo.core.guest] DEBUG: cuckoo1: not ready yet
2021-12-02 18:25:19,239 [cuckoo.core.guest] DEBUG: cuckoo1: not ready yet
2021-12-02 18:25:20,243 [cuckoo.core.guest] DEBUG: cuckoo1: not ready yet
2021-12-02 18:25:21,248 [cuckoo.core.guest] DEBUG: cuckoo1: not ready yet
2021-12-02 18:25:22,253 [cuckoo.core.guest] DEBUG: cuckoo1: not ready yet
2021-12-02 18:25:23,257 [cuckoo.core.guest] DEBUG: cuckoo1: not ready yet
2021-12-02 18:25:24,261 [cuckoo.core.guest] DEBUG: cuckoo1: not ready yet
2021-12-02 18:25:25,265 [cuckoo.core.guest] DEBUG: cuckoo1: not ready yet
2021-12-02 18:25:26,267 [cuckoo.core.guest] DEBUG: cuckoo1: not ready yet
2021-12-02 18:25:27,272 [cuckoo.core.guest] DEBUG: cuckoo1: not ready yet
2021-12-02 18:25:28,277 [cuckoo.core.guest] DEBUG: cuckoo1: not ready yet
2021-12-02 18:25:29,281 [cuckoo.core.guest] DEBUG: cuckoo1: not ready yet
2021-12-02 18:25:30,285 [cuckoo.core.guest] DEBUG: cuckoo1: not ready yet
2021-12-02 18:25:31,287 [cuckoo.core.guest] DEBUG: cuckoo1: not ready yet
2021-12-02 18:25:32,292 [cuckoo.core.guest] DEBUG: cuckoo1: not ready yet
2021-12-02 18:25:33,297 [cuckoo.core.guest] DEBUG: cuckoo1: not ready yet
2021-12-02 18:25:34,301 [cuckoo.core.guest] DEBUG: cuckoo1: not ready yet
2021-12-02 18:25:35,305 [cuckoo.core.guest] DEBUG: cuckoo1: not ready yet
2021-12-02 18:25:36,307 [cuckoo.core.guest] DEBUG: cuckoo1: not ready yet
2021-12-02 18:25:37,312 [cuckoo.core.guest] DEBUG: cuckoo1: not ready yet
2021-12-02 18:25:38,314 [cuckoo.core.guest] DEBUG: cuckoo1: not ready yet
2021-12-02 18:25:39,318 [cuckoo.core.guest] DEBUG: cuckoo1: not ready yet
2021-12-02 18:25:40,323 [cuckoo.core.guest] DEBUG: cuckoo1: not ready yet
2021-12-02 18:25:41,324 [cuckoo.core.guest] DEBUG: cuckoo1: not ready yet
2021-12-02 18:25:42,330 [cuckoo.core.guest] DEBUG: cuckoo1: not ready yet
2021-12-02 18:25:43,334 [cuckoo.core.guest] DEBUG: cuckoo1: not ready yet
2021-12-02 18:25:44,340 [cuckoo.core.guest] DEBUG: cuckoo1: not ready yet
2021-12-02 18:25:45,350 [cuckoo.core.guest] DEBUG: cuckoo1: not ready yet
2021-12-02 18:25:46,356 [cuckoo.core.guest] DEBUG: cuckoo1: not ready yet
2021-12-02 18:25:47,362 [cuckoo.core.guest] DEBUG: cuckoo1: not ready yet
2021-12-02 18:25:48,374 [cuckoo.core.guest] DEBUG: cuckoo1: not ready yet
2021-12-02 18:25:49,383 [cuckoo.core.guest] DEBUG: cuckoo1: not ready yet
2021-12-02 18:25:50,390 [cuckoo.core.guest] DEBUG: cuckoo1: not ready yet
2021-12-02 18:25:51,401 [cuckoo.core.guest] DEBUG: cuckoo1: not ready yet
2021-12-02 18:25:52,410 [cuckoo.core.guest] DEBUG: cuckoo1: not ready yet
2021-12-02 18:25:53,418 [cuckoo.core.guest] DEBUG: cuckoo1: not ready yet
2021-12-02 18:25:54,428 [cuckoo.core.guest] DEBUG: cuckoo1: not ready yet
2021-12-02 18:25:55,434 [cuckoo.core.guest] DEBUG: cuckoo1: not ready yet
2021-12-02 18:25:56,442 [cuckoo.core.guest] DEBUG: cuckoo1: not ready yet
2021-12-02 18:25:57,452 [cuckoo.core.guest] DEBUG: cuckoo1: not ready yet
2021-12-02 18:25:58,456 [cuckoo.core.guest] DEBUG: cuckoo1: not ready yet
2021-12-02 18:25:59,467 [cuckoo.core.guest] DEBUG: cuckoo1: not ready yet
2021-12-02 18:26:00,475 [cuckoo.core.guest] DEBUG: cuckoo1: not ready yet
2021-12-02 18:26:01,489 [cuckoo.core.guest] DEBUG: cuckoo1: not ready yet
2021-12-02 18:26:02,495 [cuckoo.core.guest] DEBUG: cuckoo1: not ready yet
2021-12-02 18:26:03,507 [cuckoo.core.guest] DEBUG: cuckoo1: not ready yet
2021-12-02 18:26:04,517 [cuckoo.core.guest] DEBUG: cuckoo1: not ready yet
2021-12-02 18:26:05,526 [cuckoo.core.guest] DEBUG: cuckoo1: not ready yet
2021-12-02 18:26:06,536 [cuckoo.core.guest] DEBUG: cuckoo1: not ready yet
2021-12-02 18:26:07,545 [cuckoo.core.guest] DEBUG: cuckoo1: not ready yet
2021-12-02 18:26:08,550 [cuckoo.core.guest] DEBUG: cuckoo1: not ready yet
2021-12-02 18:26:09,558 [cuckoo.core.guest] DEBUG: cuckoo1: not ready yet
2021-12-02 18:26:10,577 [cuckoo.core.guest] DEBUG: cuckoo1: not ready yet
2021-12-02 18:26:11,581 [cuckoo.core.guest] DEBUG: cuckoo1: not ready yet
2021-12-02 18:26:12,586 [cuckoo.core.guest] DEBUG: cuckoo1: not ready yet
2021-12-02 18:26:13,590 [cuckoo.core.guest] DEBUG: cuckoo1: not ready yet
2021-12-02 18:26:14,595 [cuckoo.core.guest] DEBUG: cuckoo1: not ready yet
2021-12-02 18:26:15,600 [cuckoo.core.guest] DEBUG: cuckoo1: not ready yet
2021-12-02 18:26:16,605 [cuckoo.core.guest] DEBUG: cuckoo1: not ready yet
2021-12-02 18:26:17,608 [cuckoo.core.guest] DEBUG: cuckoo1: not ready yet
2021-12-02 18:26:18,613 [cuckoo.core.guest] DEBUG: cuckoo1: not ready yet
2021-12-02 18:26:19,625 [cuckoo.core.guest] DEBUG: cuckoo1: not ready yet
2021-12-02 18:26:20,628 [cuckoo.core.guest] DEBUG: cuckoo1: not ready yet
2021-12-02 18:26:21,633 [cuckoo.core.guest] DEBUG: cuckoo1: not ready yet
2021-12-02 18:26:22,640 [cuckoo.core.guest] DEBUG: cuckoo1: not ready yet
2021-12-02 18:26:23,644 [cuckoo.core.guest] DEBUG: cuckoo1: not ready yet
2021-12-02 18:26:24,651 [cuckoo.core.guest] DEBUG: cuckoo1: not ready yet
2021-12-02 18:26:25,657 [cuckoo.core.guest] DEBUG: cuckoo1: not ready yet
2021-12-02 18:26:26,666 [cuckoo.core.guest] DEBUG: cuckoo1: not ready yet
2021-12-02 18:26:27,671 [cuckoo.core.guest] DEBUG: cuckoo1: not ready yet
2021-12-02 18:26:28,676 [cuckoo.core.guest] DEBUG: cuckoo1: not ready yet
2021-12-02 18:26:29,688 [cuckoo.core.guest] DEBUG: cuckoo1: not ready yet
2021-12-02 18:26:30,699 [cuckoo.core.guest] DEBUG: cuckoo1: not ready yet
2021-12-02 18:26:31,705 [cuckoo.core.guest] DEBUG: cuckoo1: not ready yet
2021-12-02 18:26:32,710 [cuckoo.core.guest] DEBUG: cuckoo1: not ready yet
2021-12-02 18:26:33,716 [cuckoo.core.guest] DEBUG: cuckoo1: not ready yet
2021-12-02 18:26:34,720 [cuckoo.core.guest] DEBUG: cuckoo1: not ready yet
2021-12-02 18:26:35,725 [cuckoo.core.guest] DEBUG: cuckoo1: not ready yet
2021-12-02 18:26:36,729 [cuckoo.core.guest] DEBUG: cuckoo1: not ready yet
2021-12-02 18:26:37,735 [cuckoo.core.guest] DEBUG: cuckoo1: not ready yet
2021-12-02 18:26:38,741 [cuckoo.core.guest] DEBUG: cuckoo1: not ready yet
2021-12-02 18:26:39,745 [cuckoo.core.guest] DEBUG: cuckoo1: not ready yet
2021-12-02 18:26:40,749 [cuckoo.core.guest] DEBUG: cuckoo1: not ready yet
2021-12-02 18:26:41,753 [cuckoo.core.guest] DEBUG: cuckoo1: not ready yet
2021-12-02 18:26:42,758 [cuckoo.core.guest] DEBUG: cuckoo1: not ready yet
2021-12-02 18:26:43,763 [cuckoo.core.guest] DEBUG: cuckoo1: not ready yet
2021-12-02 18:26:44,768 [cuckoo.core.guest] DEBUG: cuckoo1: not ready yet
2021-12-02 18:26:45,775 [cuckoo.core.guest] DEBUG: cuckoo1: not ready yet
2021-12-02 18:26:46,779 [cuckoo.core.guest] DEBUG: cuckoo1: not ready yet
2021-12-02 18:26:47,785 [cuckoo.core.guest] DEBUG: cuckoo1: not ready yet
2021-12-02 18:26:48,788 [cuckoo.core.guest] DEBUG: cuckoo1: not ready yet
2021-12-02 18:26:49,794 [cuckoo.core.guest] DEBUG: cuckoo1: not ready yet
2021-12-02 18:26:50,799 [cuckoo.core.guest] DEBUG: cuckoo1: not ready yet
2021-12-02 18:26:51,803 [cuckoo.core.guest] DEBUG: cuckoo1: not ready yet
2021-12-02 18:26:52,808 [cuckoo.core.guest] DEBUG: cuckoo1: not ready yet
2021-12-02 18:26:53,813 [cuckoo.core.guest] DEBUG: cuckoo1: not ready yet
2021-12-02 18:26:54,818 [cuckoo.core.guest] DEBUG: cuckoo1: not ready yet
2021-12-02 18:26:55,822 [cuckoo.core.guest] DEBUG: cuckoo1: not ready yet
2021-12-02 18:26:56,826 [cuckoo.core.guest] DEBUG: cuckoo1: not ready yet
2021-12-02 18:26:57,830 [cuckoo.core.guest] DEBUG: cuckoo1: not ready yet
2021-12-02 18:26:58,835 [cuckoo.core.guest] DEBUG: cuckoo1: not ready yet
2021-12-02 18:26:59,841 [cuckoo.core.guest] DEBUG: cuckoo1: not ready yet
2021-12-02 18:27:00,847 [cuckoo.core.guest] DEBUG: cuckoo1: not ready yet
2021-12-02 18:27:01,854 [cuckoo.core.guest] DEBUG: cuckoo1: not ready yet
2021-12-02 18:27:02,858 [cuckoo.core.guest] DEBUG: cuckoo1: not ready yet
2021-12-02 18:27:03,861 [cuckoo.core.guest] DEBUG: cuckoo1: not ready yet
2021-12-02 18:27:04,868 [cuckoo.core.guest] DEBUG: cuckoo1: not ready yet
2021-12-02 18:27:05,878 [cuckoo.core.guest] DEBUG: cuckoo1: not ready yet
2021-12-02 18:27:06,884 [cuckoo.core.guest] DEBUG: cuckoo1: not ready yet
2021-12-02 18:27:07,893 [cuckoo.core.guest] DEBUG: cuckoo1: not ready yet
2021-12-02 18:27:08,900 [cuckoo.core.guest] DEBUG: cuckoo1: not ready yet
2021-12-02 18:27:09,907 [cuckoo.core.guest] DEBUG: cuckoo1: not ready yet
2021-12-02 18:27:10,914 [cuckoo.core.guest] DEBUG: cuckoo1: not ready yet
2021-12-02 18:27:11,917 [cuckoo.core.guest] DEBUG: cuckoo1: not ready yet
2021-12-02 18:27:12,921 [cuckoo.core.guest] DEBUG: cuckoo1: not ready yet
2021-12-02 18:27:13,926 [cuckoo.core.guest] DEBUG: cuckoo1: not ready yet
2021-12-02 18:27:14,935 [cuckoo.core.guest] DEBUG: cuckoo1: not ready yet
2021-12-02 18:27:15,944 [cuckoo.core.guest] DEBUG: cuckoo1: not ready yet
2021-12-02 18:27:16,953 [cuckoo.core.guest] DEBUG: cuckoo1: not ready yet
2021-12-02 18:27:17,959 [cuckoo.core.guest] DEBUG: cuckoo1: not ready yet
2021-12-02 18:27:18,965 [cuckoo.core.guest] DEBUG: cuckoo1: not ready yet
2021-12-02 18:27:19,967 [cuckoo.core.guest] DEBUG: cuckoo1: not ready yet
2021-12-02 18:27:20,975 [cuckoo.core.guest] DEBUG: cuckoo1: not ready yet
2021-12-02 18:27:21,978 [cuckoo.core.guest] DEBUG: cuckoo1: not ready yet
2021-12-02 18:27:22,987 [cuckoo.core.guest] DEBUG: cuckoo1: not ready yet
2021-12-02 18:27:23,992 [cuckoo.core.guest] DEBUG: cuckoo1: not ready yet
2021-12-02 18:27:24,995 [cuckoo.core.guest] DEBUG: cuckoo1: not ready yet
2021-12-02 18:27:26,000 [cuckoo.core.guest] DEBUG: cuckoo1: not ready yet
