2021-12-03 09:37:35,528 [cuckoo.core.scheduler] INFO: Task #26: acquired machine cuckoo1 (label=cuckoo1)
2021-12-03 09:37:35,529 [cuckoo.core.resultserver] DEBUG: Now tracking machine 192.168.122.227 for task #26
2021-12-03 09:37:35,529 [cuckoo.core.plugins] DEBUG: Started auxiliary module: Replay
2021-12-03 09:37:35,537 [cuckoo.auxiliary.sniffer] INFO: Started sniffer with PID 38469 (interface=qemubr, host=192.168.122.227)
2021-12-03 09:37:35,537 [cuckoo.core.plugins] DEBUG: Started auxiliary module: Sniffer
2021-12-03 09:37:35,552 [cuckoo.machinery.qemu] DEBUG: Starting vm cuckoo1
2021-12-03 09:37:35,573 [cuckoo.machinery.qemu] DEBUG: Executing QEMU ['qemu-system-x86_64', '-display', 'none', '-m', '1024M', '-hda', '/home/crochetch/Documents/PhD/VMImages/images/snapshot_cuckoo1.qcow2', '-net', 'tap,ifname=tap_cuckoo1,script=no,downscript=no', '-net', 'nic,macaddr=52:54:00:12:34:56', '-enable-kvm']
2021-12-03 09:37:35,596 [cuckoo.core.guest] INFO: Starting analysis #26 on guest (id=cuckoo1, ip=192.168.122.227)
2021-12-03 09:37:35,601 [cuckoo.core.guest] INFO: Guest is running Cuckoo Agent 0.10 (id=cuckoo1, ip=192.168.122.227)
2021-12-03 09:37:35,608 [cuckoo.core.guest] DEBUG: Uploading analyzer to guest (id=cuckoo1, ip=192.168.122.227, monitor=latest, size=30619)
2021-12-03 09:37:35,666 [cuckoo.core.resultserver] DEBUG: Task #26: live log analysis.log initialized.
2021-12-03 09:37:40,301 [cuckoo.core.resultserver] DEBUG: Task #26: File upload for 'logs/all.stap'
2021-12-03 09:37:40,302 [cuckoo.core.resultserver] DEBUG: Task #26 uploaded file length: 7544
2021-12-03 09:37:40,670 [cuckoo.core.guest] DEBUG: cuckoo1: analysis #26 still processing
2021-12-03 09:37:45,707 [cuckoo.core.guest] DEBUG: cuckoo1: analysis #26 still processing
2021-12-03 09:37:50,740 [cuckoo.core.guest] DEBUG: cuckoo1: analysis #26 still processing
2021-12-03 09:37:55,769 [cuckoo.core.guest] DEBUG: cuckoo1: analysis #26 still processing
2021-12-03 09:38:00,807 [cuckoo.core.guest] DEBUG: cuckoo1: analysis #26 still processing
2021-12-03 09:38:05,838 [cuckoo.core.guest] DEBUG: cuckoo1: analysis #26 still processing
2021-12-03 09:38:10,864 [cuckoo.core.guest] DEBUG: cuckoo1: analysis #26 still processing
2021-12-03 09:38:15,903 [cuckoo.core.guest] DEBUG: cuckoo1: analysis #26 still processing
2021-12-03 09:38:20,933 [cuckoo.core.guest] DEBUG: cuckoo1: analysis #26 still processing
2021-12-03 09:38:25,955 [cuckoo.core.guest] DEBUG: cuckoo1: analysis #26 still processing
2021-12-03 09:38:30,990 [cuckoo.core.guest] DEBUG: cuckoo1: analysis #26 still processing
2021-12-03 09:38:36,022 [cuckoo.core.guest] DEBUG: cuckoo1: analysis #26 still processing
2021-12-03 09:38:41,064 [cuckoo.core.guest] DEBUG: cuckoo1: analysis #26 still processing
2021-12-03 09:38:46,099 [cuckoo.core.guest] DEBUG: cuckoo1: analysis #26 still processing
2021-12-03 09:38:51,134 [cuckoo.core.guest] DEBUG: cuckoo1: analysis #26 still processing
2021-12-03 09:38:56,174 [cuckoo.core.guest] DEBUG: cuckoo1: analysis #26 still processing
2021-12-03 09:39:01,211 [cuckoo.core.guest] DEBUG: cuckoo1: analysis #26 still processing
2021-12-03 09:39:06,254 [cuckoo.core.guest] DEBUG: cuckoo1: analysis #26 still processing
2021-12-03 09:39:11,290 [cuckoo.core.guest] DEBUG: cuckoo1: analysis #26 still processing
2021-12-03 09:39:16,327 [cuckoo.core.guest] DEBUG: cuckoo1: analysis #26 still processing
2021-12-03 09:39:21,360 [cuckoo.core.guest] DEBUG: cuckoo1: analysis #26 still processing
2021-12-03 09:39:26,397 [cuckoo.core.guest] DEBUG: cuckoo1: analysis #26 still processing
2021-12-03 09:39:31,438 [cuckoo.core.guest] DEBUG: cuckoo1: analysis #26 still processing
2021-12-03 09:39:36,473 [cuckoo.core.guest] DEBUG: cuckoo1: analysis #26 still processing
2021-12-03 09:39:41,506 [cuckoo.core.guest] DEBUG: cuckoo1: analysis #26 still processing
2021-12-03 09:39:46,543 [cuckoo.core.guest] DEBUG: cuckoo1: analysis #26 still processing
2021-12-03 09:39:51,578 [cuckoo.core.guest] DEBUG: cuckoo1: analysis #26 still processing
2021-12-03 09:39:56,615 [cuckoo.core.guest] DEBUG: cuckoo1: analysis #26 still processing
2021-12-03 09:40:01,641 [cuckoo.core.guest] DEBUG: cuckoo1: analysis #26 still processing
2021-12-03 09:40:06,665 [cuckoo.core.guest] DEBUG: cuckoo1: analysis #26 still processing
2021-12-03 09:40:11,697 [cuckoo.core.guest] DEBUG: cuckoo1: analysis #26 still processing
2021-12-03 09:40:16,733 [cuckoo.core.guest] DEBUG: cuckoo1: analysis #26 still processing
2021-12-03 09:40:21,773 [cuckoo.core.guest] DEBUG: cuckoo1: analysis #26 still processing
2021-12-03 09:40:26,816 [cuckoo.core.guest] DEBUG: cuckoo1: analysis #26 still processing
2021-12-03 09:40:31,846 [cuckoo.core.guest] DEBUG: cuckoo1: analysis #26 still processing
2021-12-03 09:40:35,863 [cuckoo.core.guest] INFO: cuckoo1: end of analysis reached!
2021-12-03 09:40:35,875 [cuckoo.core.plugins] DEBUG: Stopped auxiliary module: Replay
2021-12-03 09:40:35,876 [cuckoo.core.plugins] ERROR: Unable to stop auxiliary module: Sniffer
Traceback (most recent call last):
  File "/home/crochetch/Documents/toolchain_malware_analysis/penv-2.7/lib/python2.7/site-packages/Cuckoo-2.0.7-py2.7.egg/cuckoo/core/plugins.py", line 164, in stop
    module.stop()
  File "/home/crochetch/Documents/toolchain_malware_analysis/penv-2.7/lib/python2.7/site-packages/Cuckoo-2.0.7-py2.7.egg/cuckoo/auxiliary/sniffer.py", line 156, in stop
    (out, err, faq("permission-denied-for-tcpdump"))
CuckooOperationalError: Error running tcpdump to sniff the network traffic during the analysis; stdout = '' and stderr = 'tcpdump: qemubr: No such device exists\n(SIOCGIFHWADDR: No such device)\n'. Did you enable the extra capabilities to allow running tcpdump as non-root user and disable AppArmor properly (the latter only applies to Ubuntu-based distributions with AppArmor, see also https://cuckoo.sh/docs/faq/index.html#permission-denied-for-tcpdump)?
2021-12-03 09:40:35,881 [cuckoo.machinery.qemu] DEBUG: Stopping vm cuckoo1
2021-12-03 09:40:35,891 [cuckoo.core.resultserver] DEBUG: Stopped tracking machine 192.168.122.227 for task #26
2021-12-03 09:40:35,897 [cuckoo.core.scheduler] DEBUG: Released database task #26
2021-12-03 09:40:35,916 [cuckoo.core.plugins] DEBUG: Executed processing module "AnalysisInfo" for task #26
2021-12-03 09:40:35,923 [cuckoo.core.plugins] DEBUG: Executed processing module "BehaviorAnalysis" for task #26
2021-12-03 09:40:35,924 [cuckoo.core.plugins] DEBUG: Executed processing module "Dropped" for task #26
2021-12-03 09:40:35,924 [cuckoo.core.plugins] DEBUG: Executed processing module "DroppedBuffer" for task #26
2021-12-03 09:40:35,924 [cuckoo.core.plugins] DEBUG: Executed processing module "MetaInfo" for task #26
2021-12-03 09:40:35,925 [cuckoo.core.plugins] DEBUG: Executed processing module "ProcessMemory" for task #26
2021-12-03 09:40:35,925 [cuckoo.core.plugins] DEBUG: Executed processing module "Procmon" for task #26
2021-12-03 09:40:35,925 [cuckoo.core.plugins] DEBUG: Executed processing module "Screenshots" for task #26
2021-12-03 09:40:35,926 [cuckoo.core.plugins] DEBUG: Executed processing module "Static" for task #26
2021-12-03 09:40:35,929 [cuckoo.core.plugins] DEBUG: Executed processing module "Strings" for task #26
2021-12-03 09:40:35,931 [cuckoo.core.plugins] DEBUG: Executed processing module "TargetInfo" for task #26
2021-12-03 09:40:35,932 [cuckoo.processing.network] WARNING: The PCAP file does not exist at path "/home/crochetch/Documents/toolchain_malware_analysis/src/sandboxes/.cuckoo/storage/analyses/26/dump.pcap".
2021-12-03 09:40:35,932 [cuckoo.core.plugins] DEBUG: Executed processing module "NetworkAnalysis" for task #26
2021-12-03 09:40:35,932 [cuckoo.core.plugins] DEBUG: Executed processing module "Extracted" for task #26
2021-12-03 09:40:35,933 [cuckoo.core.plugins] DEBUG: Executed processing module "TLSMasterSecrets" for task #26
2021-12-03 09:40:35,935 [cuckoo.core.plugins] DEBUG: Executed processing module "Debug" for task #26
2021-12-03 09:40:35,935 [cuckoo.core.plugins] DEBUG: Running 0 signatures
2021-12-03 09:40:35,946 [cuckoo.core.plugins] DEBUG: Executed reporting module "JsonDump"
2021-12-03 09:40:35,993 [cuckoo.core.plugins] DEBUG: Executed reporting module "SingleFile"
2021-12-03 09:40:36,013 [cuckoo.core.plugins] DEBUG: Executed reporting module "MongoDB"
2021-12-03 09:40:36,014 [cuckoo.core.scheduler] INFO: Task #26: reports generation completed
2021-12-03 09:40:36,020 [cuckoo.core.scheduler] INFO: Task #26: analysis procedure completed
