[1;33;40mWARNING - 2023-01-04 09:47:39,935 - [34mangr.project[0m - [34mDisabling IRSB translation cache because support for self-modifying code is enabled.[0m[0m
[1;32;40mINFO - 2023-01-04 09:47:39,979 - [33mwerkzeug[0m - [33m172.17.0.1 - - [04/Jan/2023 09:47:39] "[36mGET /static/css/nyan.css HTTP/1.1[0m" 304 -[0m[0m
[1;32;40mINFO - 2023-01-04 09:47:39,984 - [33mwerkzeug[0m - [33m172.17.0.1 - - [04/Jan/2023 09:47:39] "[36mGET /static/css/styles.css HTTP/1.1[0m" 304 -[0m[0m
[1;32;40mINFO - 2023-01-04 09:47:39,985 - [33mwerkzeug[0m - [33m172.17.0.1 - - [04/Jan/2023 09:47:39] "[36mGET /static/js/nyan.js HTTP/1.1[0m" 304 -[0m[0m
[1;32;40mINFO - 2023-01-04 09:47:39,987 - [33mwerkzeug[0m - [33m172.17.0.1 - - [04/Jan/2023 09:47:39] "[36mGET /static/js/scripts.js HTTP/1.1[0m" 304 -[0m[0m
[1;32;40mINFO - 2023-01-04 09:47:39,991 - [33mwerkzeug[0m - [33m172.17.0.1 - - [04/Jan/2023 09:47:39] "[36mGET /static/assets/demo/chart-area-demo.js HTTP/1.1[0m" 304 -[0m[0m
[1;32;40mINFO - 2023-01-04 09:47:39,993 - [33mwerkzeug[0m - [33m172.17.0.1 - - [04/Jan/2023 09:47:39] "[36mGET /static/assets/demo/chart-bar-demo.js HTTP/1.1[0m" 304 -[0m[0m
[1;32;40mINFO - 2023-01-04 09:47:39,996 - [33mwerkzeug[0m - [33m172.17.0.1 - - [04/Jan/2023 09:47:39] "[36mGET /static/js/datatables-simple-demo.js HTTP/1.1[0m" 304 -[0m[0m
[1;32;40mINFO - 2023-01-04 09:47:40,243 - [33mwerkzeug[0m - [33m172.17.0.1 - - [04/Jan/2023 09:47:40] "[36mGET /static/css/images/rainbow.png HTTP/1.1[0m" 304 -[0m[0m
[1;32;40mINFO - 2023-01-04 09:47:40,245 - [33mwerkzeug[0m - [33m172.17.0.1 - - [04/Jan/2023 09:47:40] "[36mGET /static/css/images/nyanCat.png HTTP/1.1[0m" 304 -[0m[0m
[1;32;40mINFO - 2023-01-04 09:47:40,249 - [33mwerkzeug[0m - [33m172.17.0.1 - - [04/Jan/2023 09:47:40] "GET /iteration-scdg HTTP/1.1" 200 -[0m[0m
[1;32;40mINFO - 2023-01-04 09:47:40,250 - [33mwerkzeug[0m - [33m172.17.0.1 - - [04/Jan/2023 09:47:40] "GET /progress-scdg HTTP/1.1" 200 -[0m[0m
[1;32;40mINFO - 2023-01-04 09:47:41,972 - [33mwerkzeug[0m - [33m172.17.0.1 - - [04/Jan/2023 09:47:41] "GET /iteration-scdg HTTP/1.1" 200 -[0m[0m
[1;32;40mINFO - 2023-01-04 09:47:41,999 - [33mwerkzeug[0m - [33m172.17.0.1 - - [04/Jan/2023 09:47:41] "GET /progress-scdg HTTP/1.1" 200 -[0m[0m
[1;32;40mINFO - 2023-01-04 09:47:44,223 - [33mwerkzeug[0m - [33m172.17.0.1 - - [04/Jan/2023 09:47:44] "GET /iteration-scdg HTTP/1.1" 200 -[0m[0m
[1;32;40mINFO - 2023-01-04 09:47:44,240 - [33mwerkzeug[0m - [33m172.17.0.1 - - [04/Jan/2023 09:47:44] "GET /progress-scdg HTTP/1.1" 200 -[0m[0m
[1;32;40mINFO - 2023-01-04 09:47:45,163 - [36mCustomSimProcedure[0m - {"ordinal.823.b'mfc42.dll'": 5242880, "ordinal.825.b'mfc42.dll'": 5242884, '_controlfp': 5242888, '__set_app_type': 5242892, '__p__fmode': 5242896, '__p__commode': 5242900, '_adjust_fdiv': 5242904, '__setusermatherr': 5242908, '_initterm': 5242912, '__getmainargs': 5242916, '_acmdln': 5242920, 'exit': 5242924, '_XcptFilter': 5242928, '_exit': 5242932, 'strncmp': 5242936, '_except_handler3': 5242940, 'strstr': 5242944, 'strcspn': 5242948, 'strncpy': 5242952, 'atoi': 5242956, 'time': 5242960, 'srand': 5242964, 'rand': 5242968, 'realloc': 5242972, 'free': 5242976, 'malloc': 5242980, 'sprintf': 5242984, 'ExitProcess': 5242988, 'Sleep': 5242992, 'lstrcpyA': 5242996, 'CreateProcessA': 5243000, 'TerminateProcess': 5243004, 'ExitThread': 5243008, 'GetStartupInfoA': 5243012, 'GetModuleHandleA': 5243016, 'WaitForSingleObject': 5243020, 'CreateFileA': 5243024, 'SetFilePointer': 5243028, 'WriteFile': 5243032, 'lstrcpynA': 5243036, 'lstrlenA': 5243040, 'OpenMutexA': 5243044, 'ReleaseMutex': 5243048, 'GetComputerNameA': 5243052, 'GetCurrentProcess': 5243056, 'GetCurrentThread': 5243060, 'CloseHandle': 5243064, 'CreateThread': 5243068, 'LoadLibraryA': 5243072, 'GetProcAddress': 5243076, 'GetSystemDefaultUILanguage': 5243080, 'GetTickCount': 5243084, 'GetDesktopWindow': 5243088, 'wsprintfA': 5243092, 'SHChangeNotify': 5243096, 'ShellExecuteExA': 5243100, 'ShellExecuteA': 5243104, 'SHDeleteKeyA': 5243108, 'setsockopt': 5243112, 'recv': 5243116, '__WSAFDIsSet': 5243120, 'select': 5243124, 'WSAIoctl': 5243128, 'closesocket': 5243132, 'WSAStartup': 5243136, 'inet_ntoa': 5243140, 'htonl': 5243144, 'WSACleanup': 5243148, 'socket': 5243152, 'connect': 5243156, 'send': 5243160, 'inet_addr': 5243164, 'sendto': 5243168, 'htons': 5243172, 'GetIfTable': 5243176, 'GetAdaptersInfo': 5243180, 'KiUserExceptionDispatcher': 6295572, '_fmode': 6295576, '_commode': 6295580, '_wcmdln': 6295584}[0m
[1;32;40mINFO - 2023-01-04 09:47:45,163 - [36mCustomSimProcedure[0m - [36mWas in angr :kernel32.dll[0m[0m
[1;32;40mINFO - 2023-01-04 09:47:45,197 - [33mwerkzeug[0m - [33m172.17.0.1 - - [04/Jan/2023 09:47:45] "GET /iteration-scdg HTTP/1.1" 200 -[0m[0m
[1;32;40mINFO - 2023-01-04 09:47:45,213 - [33mwerkzeug[0m - [33m172.17.0.1 - - [04/Jan/2023 09:47:45] "GET /progress-scdg HTTP/1.1" 200 -[0m[0m
[1;33;40mWARNING - 2023-01-04 09:47:45,269 - [34mangr.project[0m - [34mAddress is already hooked, during hook(0x5000a8, <SimProcedure ReleaseMutex>). Not re-hooking.[0m[0m
[1;33;40mWARNING - 2023-01-04 09:47:45,270 - [34mangr.project[0m - [34mAddress is already hooked, during hook(0x50008c, <SimProcedure WaitForSingleObject>). Not re-hooking.[0m[0m
[1;33;40mWARNING - 2023-01-04 09:47:45,271 - [34mangr.project[0m - [34mAddress is already hooked, during hook(0x500080, <SimProcedure ExitThread>). Not re-hooking.[0m[0m
[1;33;40mWARNING - 2023-01-04 09:47:45,271 - [34mangr.project[0m - [34mAddress is already hooked, during hook(0x500078, <SimProcedure CreateProcessA>). Not re-hooking.[0m[0m
[1;33;40mWARNING - 2023-01-04 09:47:45,272 - [34mangr.project[0m - [34mAddress is already hooked, during hook(0x500094, <SimProcedure SetFilePointer>). Not re-hooking.[0m[0m
[1;33;40mWARNING - 2023-01-04 09:47:45,272 - [34mangr.project[0m - [34mAddress is already hooked, during hook(0x5000b4, <SimProcedure GetCurrentThread>). Not re-hooking.[0m[0m
[1;33;40mWARNING - 2023-01-04 09:47:45,272 - [34mangr.project[0m - [34mAddress is already hooked, during hook(0x5000b0, <SimProcedure GetCurrentProcess>). Not re-hooking.[0m[0m
[1;33;40mWARNING - 2023-01-04 09:47:45,272 - [34mangr.project[0m - [34mAddress is already hooked, during hook(0x5000a4, <SimProcedure OpenMutexA>). Not re-hooking.[0m[0m
[1;33;40mWARNING - 2023-01-04 09:47:45,273 - [34mangr.project[0m - [34mAddress is already hooked, during hook(0x5000c8, <SimProcedure GetSystemDefaultUILanguage>). Not re-hooking.[0m[0m
[1;33;40mWARNING - 2023-01-04 09:47:45,273 - [34mangr.project[0m - [34mAddress is already hooked, during hook(0x5000b8, <SimProcedure CloseHandle>). Not re-hooking.[0m[0m
[1;33;40mWARNING - 2023-01-04 09:47:45,273 - [34mangr.project[0m - [34mAddress is already hooked, during hook(0x500084, <SimProcedure GetStartupInfoA>). Not re-hooking.[0m[0m
[1;33;40mWARNING - 2023-01-04 09:47:45,273 - [34mangr.project[0m - [34mAddress is already hooked, during hook(0x500070, <SimProcedure Sleep>). Not re-hooking.[0m[0m
[1;32;40mINFO - 2023-01-04 09:47:45,354 - [36mCustomSimProcedure[0m - [36mWas in angr :msvcrt.dll[0m[0m
[1;33;40mWARNING - 2023-01-04 09:47:45,406 - [34mangr.project[0m - [34mAddress is already hooked, during hook(0x500044, <SimProcedure strcspn>). Not re-hooking.[0m[0m
[1;33;40mWARNING - 2023-01-04 09:47:45,406 - [34mangr.project[0m - [34mAddress is already hooked, during hook(0x500034, <SimProcedure _exit>). Not re-hooking.[0m[0m
[1;33;40mWARNING - 2023-01-04 09:47:45,443 - [34mangr.project[0m - [34mAddress is already hooked, during hook(0x500118, <SimProcedure send>). Not re-hooking.[0m[0m
[1;33;40mWARNING - 2023-01-04 09:47:45,444 - [34mangr.project[0m - [34mAddress is already hooked, during hook(0x50011c, <SimProcedure inet_addr>). Not re-hooking.[0m[0m
[1;33;40mWARNING - 2023-01-04 09:47:45,444 - [34mangr.project[0m - [34mAddress is already hooked, during hook(0x5000f0, <SimProcedure __WSAFDIsSet>). Not re-hooking.[0m[0m
[1;33;40mWARNING - 2023-01-04 09:47:45,444 - [34mangr.project[0m - [34mAddress is already hooked, during hook(0x5000e8, <SimProcedure setsockopt>). Not re-hooking.[0m[0m
[1;33;40mWARNING - 2023-01-04 09:47:45,445 - [34mangr.project[0m - [34mAddress is already hooked, during hook(0x500100, <SimProcedure WSAStartup>). Not re-hooking.[0m[0m
[1;33;40mWARNING - 2023-01-04 09:47:45,445 - [34mangr.project[0m - [34mAddress is already hooked, during hook(0x5000fc, <SimProcedure closesocket>). Not re-hooking.[0m[0m
[1;33;40mWARNING - 2023-01-04 09:47:45,445 - [34mangr.project[0m - [34mAddress is already hooked, during hook(0x500108, <SimProcedure htonl>). Not re-hooking.[0m[0m
[1;33;40mWARNING - 2023-01-04 09:47:45,445 - [34mangr.project[0m - [34mAddress is already hooked, during hook(0x500124, <SimProcedure htons>). Not re-hooking.[0m[0m
[1;33;40mWARNING - 2023-01-04 09:47:45,445 - [34mangr.project[0m - [34mAddress is already hooked, during hook(0x50010c, <SimProcedure WSACleanup>). Not re-hooking.[0m[0m
[1;32;40mINFO - 2023-01-04 09:47:45,448 - [36mCustomSimProcedure[0m - [36mWas in angr :user32.dll[0m[0m
[1;33;40mWARNING - 2023-01-04 09:47:45,451 - [36mCustomSimProcedure[0m - [36mProcedure wsprintfA in DLL user32.dll has 3 arguments in json and 2 arguments in angr prototype. Taking number of arguments from json.[0m[0m
[1;33;40mWARNING - 2023-01-04 09:47:45,452 - [36mCustomSimProcedure[0m - [36mProcedure wsprintfW in DLL user32.dll has 3 arguments in json and 2 arguments in angr prototype. Taking number of arguments from json.[0m[0m
[1;33;40mWARNING - 2023-01-04 09:47:45,503 - [34mangr.project[0m - [34mAddress is already hooked, during hook(0x5000d0, <SimProcedure GetDesktopWindow>). Not re-hooking.[0m[0m
[1;33;40mWARNING - 2023-01-04 09:47:45,565 - [34mangr.project[0m - [34mAddress is already hooked, during hook(0x5000dc, <SimProcedure ShellExecuteExA>). Not re-hooking.[0m[0m
[1;33;40mWARNING - 2023-01-04 09:47:45,565 - [34mangr.project[0m - [34mAddress is already hooked, during hook(0x5000e0, <SimProcedure ShellExecuteA>). Not re-hooking.[0m[0m
[1;33;40mWARNING - 2023-01-04 09:47:45,566 - [34mangr.project[0m - [34mAddress is already hooked, during hook(0x5000d8, <SimProcedure SHChangeNotify>). Not re-hooking.[0m[0m
[1;33;40mWARNING - 2023-01-04 09:47:45,601 - [34mangr.project[0m - [34mAddress is already hooked, during hook(0x5000e4, <SimProcedure SHDeleteKeyA>). Not re-hooking.[0m[0m
[1;33;40mWARNING - 2023-01-04 09:47:45,621 - [34mangr.project[0m - [34mAddress is already hooked, during hook(0x500050, <SimProcedure time>). Not re-hooking.[0m[0m
[1;33;40mWARNING - 2023-01-04 09:47:45,621 - [34mangr.project[0m - [34mAddress is already hooked, during hook(0x601014, <SimProcedure KiUserExceptionDispatcher>). Not re-hooking.[0m[0m
[1;32;40mINFO - 2023-01-04 09:47:45,621 - [36mCustomSimProcedure[0m - [36mNo hooks for: {"ordinal.823.b'mfc42.dll'": 5242880, "ordinal.825.b'mfc42.dll'": 5242884, '_controlfp': 5242888, '__set_app_type': 5242892, '_adjust_fdiv': 5242904, '__setusermatherr': 5242908, '_initterm': 5242912, '__getmainargs': 5242916, '_acmdln': 5242920, '_XcptFilter': 5242928, '_except_handler3': 5242940, 'WSAIoctl': 5243128, 'GetIfTable': 5243176, '_fmode': 6295576, '_commode': 6295580, '_wcmdln': 6295584}[0m[0m
[1;32;40mINFO - 2023-01-04 09:47:45,621 - [36mCustomSimProcedure[0m - [36mcustom_hook_static[0m[0m
[1;32;40mINFO - 2023-01-04 09:47:45,621 - [36mCustomSimProcedure[0m - [36mmfc42.dll[0m[0m
[1;32;40mINFO - 2023-01-04 09:47:45,621 - [36mCustomSimProcedure[0m - [36m823[0m[0m
[1;32;40mINFO - 2023-01-04 09:47:45,621 - [36mCustomSimProcedure[0m - [36mmfc42.dll[0m[0m
[1;32;40mINFO - 2023-01-04 09:47:45,622 - [36mCustomSimProcedure[0m - [36m825[0m[0m
[1;33;40mWARNING - 2023-01-04 09:47:45,622 - [34mangr.project[0m - [34mAddress is already hooked, during hook(0x400000, <SimProcedure __p__commode>). Not re-hooking.[0m[0m
[1;33;40mWARNING - 2023-01-04 09:47:45,622 - [34mangr.project[0m - [34mAddress is already hooked, during hook(0x400000, <SimProcedure _initterm>). Not re-hooking.[0m[0m
[1;33;40mWARNING - 2023-01-04 09:47:45,622 - [34mangr.project[0m - [34mAddress is already hooked, during hook(0x400000, <SimProcedure __getmainargs>). Not re-hooking.[0m[0m
[1;33;40mWARNING - 2023-01-04 09:47:45,623 - [34mangr.project[0m - [34mAddress is already hooked, during hook(0x400000, <SimProcedure exit>). Not re-hooking.[0m[0m
[1;33;40mWARNING - 2023-01-04 09:47:45,623 - [34mangr.project[0m - [34mAddress is already hooked, during hook(0x400000, <SimProcedure strncmp>). Not re-hooking.[0m[0m
[1;33;40mWARNING - 2023-01-04 09:47:45,623 - [34mangr.project[0m - [34mAddress is already hooked, during hook(0x400000, <SimProcedure strstr>). Not re-hooking.[0m[0m
[1;33;40mWARNING - 2023-01-04 09:47:45,623 - [34mangr.project[0m - [34mAddress is already hooked, during hook(0x400000, <SimProcedure strncpy>). Not re-hooking.[0m[0m
[1;33;40mWARNING - 2023-01-04 09:47:45,623 - [34mangr.project[0m - [34mAddress is already hooked, during hook(0x400000, <SimProcedure atoi>). Not re-hooking.[0m[0m
[1;33;40mWARNING - 2023-01-04 09:47:45,623 - [34mangr.project[0m - [34mAddress is already hooked, during hook(0x400000, <SimProcedure time>). Not re-hooking.[0m[0m
[1;33;40mWARNING - 2023-01-04 09:47:45,623 - [34mangr.project[0m - [34mAddress is already hooked, during hook(0x400000, <SimProcedure srand>). Not re-hooking.[0m[0m
[1;33;40mWARNING - 2023-01-04 09:47:45,624 - [34mangr.project[0m - [34mAddress is already hooked, during hook(0x400000, <SimProcedure rand>). Not re-hooking.[0m[0m
[1;33;40mWARNING - 2023-01-04 09:47:45,624 - [34mangr.project[0m - [34mAddress is already hooked, during hook(0x400000, <SimProcedure realloc>). Not re-hooking.[0m[0m
[1;33;40mWARNING - 2023-01-04 09:47:45,624 - [34mangr.project[0m - [34mAddress is already hooked, during hook(0x400000, <SimProcedure free>). Not re-hooking.[0m[0m
[1;33;40mWARNING - 2023-01-04 09:47:45,624 - [34mangr.project[0m - [34mAddress is already hooked, during hook(0x400000, <SimProcedure malloc>). Not re-hooking.[0m[0m
[1;33;40mWARNING - 2023-01-04 09:47:45,624 - [34mangr.project[0m - [34mAddress is already hooked, during hook(0x400000, <SimProcedure sprintf>). Not re-hooking.[0m[0m
[1;33;40mWARNING - 2023-01-04 09:47:45,624 - [34mangr.project[0m - [34mAddress is already hooked, during hook(0x400000, <SimProcedure ExitProcess>). Not re-hooking.[0m[0m
[1;33;40mWARNING - 2023-01-04 09:47:45,625 - [34mangr.project[0m - [34mAddress is already hooked, during hook(0x400000, <SimProcedure WriteFile>). Not re-hooking.[0m[0m
[1;33;40mWARNING - 2023-01-04 09:47:45,625 - [34mangr.project[0m - [34mAddress is already hooked, during hook(0x400000, <SimProcedure GetTickCount>). Not re-hooking.[0m[0m
[1;33;40mWARNING - 2023-01-04 09:47:45,625 - [34mangr.project[0m - [34mAddress is already hooked, during hook(0x400000, <SimProcedure setsockopt>). Not re-hooking.[0m[0m
[1;33;40mWARNING - 2023-01-04 09:47:45,625 - [34mangr.project[0m - [34mAddress is already hooked, during hook(0x400000, <SimProcedure recv>). Not re-hooking.[0m[0m
[1;33;40mWARNING - 2023-01-04 09:47:45,625 - [34mangr.project[0m - [34mAddress is already hooked, during hook(0x400000, <SimProcedure select>). Not re-hooking.[0m[0m
[1;33;40mWARNING - 2023-01-04 09:47:45,625 - [34mangr.project[0m - [34mAddress is already hooked, during hook(0x400000, <SimProcedure inet_ntoa>). Not re-hooking.[0m[0m
[1;33;40mWARNING - 2023-01-04 09:47:45,626 - [34mangr.project[0m - [34mAddress is already hooked, during hook(0x400000, <SimProcedure htonl>). Not re-hooking.[0m[0m
[1;33;40mWARNING - 2023-01-04 09:47:45,626 - [34mangr.project[0m - [34mAddress is already hooked, during hook(0x400000, <SimProcedure socket>). Not re-hooking.[0m[0m
[1;33;40mWARNING - 2023-01-04 09:47:45,626 - [34mangr.project[0m - [34mAddress is already hooked, during hook(0x400000, <SimProcedure send>). Not re-hooking.[0m[0m
[1;33;40mWARNING - 2023-01-04 09:47:45,626 - [34mangr.project[0m - [34mAddress is already hooked, during hook(0x400000, <SimProcedure htons>). Not re-hooking.[0m[0m
[1;32;40mINFO - 2023-01-04 09:47:45,626 - [36mCustomSimProcedure[0m - [36mmfc42.dll[0m[0m
[1;32;40mINFO - 2023-01-04 09:47:45,626 - [36mCustomSimProcedure[0m - [36m823[0m[0m
[1;32;40mINFO - 2023-01-04 09:47:45,626 - [36mCustomSimProcedure[0m - [36mmfc42.dll[0m[0m
[1;32;40mINFO - 2023-01-04 09:47:45,626 - [36mCustomSimProcedure[0m - [36m825[0m[0m
[1;33;40mWARNING - 2023-01-04 09:47:45,626 - [34mangr.project[0m - [34mAddress is already hooked, during hook(0x500010, <SimProcedure __p__fmode>). Not re-hooking.[0m[0m
[1;33;40mWARNING - 2023-01-04 09:47:45,627 - [34mangr.project[0m - [34mAddress is already hooked, during hook(0x500014, <SimProcedure __p__commode>). Not re-hooking.[0m[0m
[1;33;40mWARNING - 2023-01-04 09:47:45,627 - [34mangr.project[0m - [34mAddress is already hooked, during hook(0x500020, <SimProcedure _initterm>). Not re-hooking.[0m[0m
[1;33;40mWARNING - 2023-01-04 09:47:45,627 - [34mangr.project[0m - [34mAddress is already hooked, during hook(0x500024, <SimProcedure __getmainargs>). Not re-hooking.[0m[0m
[1;33;40mWARNING - 2023-01-04 09:47:45,627 - [34mangr.project[0m - [34mAddress is already hooked, during hook(0x50002c, <SimProcedure exit>). Not re-hooking.[0m[0m
[1;33;40mWARNING - 2023-01-04 09:47:45,627 - [34mangr.project[0m - [34mAddress is already hooked, during hook(0x500038, <SimProcedure strncmp>). Not re-hooking.[0m[0m
[1;33;40mWARNING - 2023-01-04 09:47:45,627 - [34mangr.project[0m - [34mAddress is already hooked, during hook(0x500040, <SimProcedure strstr>). Not re-hooking.[0m[0m
[1;33;40mWARNING - 2023-01-04 09:47:45,627 - [34mangr.project[0m - [34mAddress is already hooked, during hook(0x500048, <SimProcedure strncpy>). Not re-hooking.[0m[0m
[1;33;40mWARNING - 2023-01-04 09:47:45,628 - [34mangr.project[0m - [34mAddress is already hooked, during hook(0x50004c, <SimProcedure atoi>). Not re-hooking.[0m[0m
[1;33;40mWARNING - 2023-01-04 09:47:45,628 - [34mangr.project[0m - [34mAddress is already hooked, during hook(0x500050, <SimProcedure time>). Not re-hooking.[0m[0m
[1;33;40mWARNING - 2023-01-04 09:47:45,628 - [34mangr.project[0m - [34mAddress is already hooked, during hook(0x500054, <SimProcedure srand>). Not re-hooking.[0m[0m
[1;33;40mWARNING - 2023-01-04 09:47:45,628 - [34mangr.project[0m - [34mAddress is already hooked, during hook(0x500058, <SimProcedure rand>). Not re-hooking.[0m[0m
[1;33;40mWARNING - 2023-01-04 09:47:45,628 - [34mangr.project[0m - [34mAddress is already hooked, during hook(0x50005c, <SimProcedure realloc>). Not re-hooking.[0m[0m
[1;33;40mWARNING - 2023-01-04 09:47:45,628 - [34mangr.project[0m - [34mAddress is already hooked, during hook(0x500060, <SimProcedure free>). Not re-hooking.[0m[0m
[1;33;40mWARNING - 2023-01-04 09:47:45,628 - [34mangr.project[0m - [34mAddress is already hooked, during hook(0x500064, <SimProcedure malloc>). Not re-hooking.[0m[0m
[1;33;40mWARNING - 2023-01-04 09:47:45,629 - [34mangr.project[0m - [34mAddress is already hooked, during hook(0x500068, <SimProcedure sprintf>). Not re-hooking.[0m[0m
[1;33;40mWARNING - 2023-01-04 09:47:45,629 - [34mangr.project[0m - [34mAddress is already hooked, during hook(0x50006c, <SimProcedure ExitProcess>). Not re-hooking.[0m[0m
[1;33;40mWARNING - 2023-01-04 09:47:45,629 - [34mangr.project[0m - [34mAddress is already hooked, during hook(0x500098, <SimProcedure WriteFile>). Not re-hooking.[0m[0m
[1;33;40mWARNING - 2023-01-04 09:47:45,629 - [34mangr.project[0m - [34mAddress is already hooked, during hook(0x5000cc, <SimProcedure GetTickCount>). Not re-hooking.[0m[0m
[1;33;40mWARNING - 2023-01-04 09:47:45,629 - [34mangr.project[0m - [34mAddress is already hooked, during hook(0x5000e8, <SimProcedure setsockopt>). Not re-hooking.[0m[0m
[1;33;40mWARNING - 2023-01-04 09:47:45,629 - [34mangr.project[0m - [34mAddress is already hooked, during hook(0x5000ec, <SimProcedure recv>). Not re-hooking.[0m[0m
[1;33;40mWARNING - 2023-01-04 09:47:45,630 - [34mangr.project[0m - [34mAddress is already hooked, during hook(0x5000f4, <SimProcedure select>). Not re-hooking.[0m[0m
[1;33;40mWARNING - 2023-01-04 09:47:45,630 - [34mangr.project[0m - [34mAddress is already hooked, during hook(0x500104, <SimProcedure inet_ntoa>). Not re-hooking.[0m[0m
[1;33;40mWARNING - 2023-01-04 09:47:45,630 - [34mangr.project[0m - [34mAddress is already hooked, during hook(0x500108, <SimProcedure htonl>). Not re-hooking.[0m[0m
[1;33;40mWARNING - 2023-01-04 09:47:45,630 - [34mangr.project[0m - [34mAddress is already hooked, during hook(0x500110, <SimProcedure socket>). Not re-hooking.[0m[0m
[1;33;40mWARNING - 2023-01-04 09:47:45,630 - [34mangr.project[0m - [34mAddress is already hooked, during hook(0x500118, <SimProcedure send>). Not re-hooking.[0m[0m
[1;33;40mWARNING - 2023-01-04 09:47:45,630 - [34mangr.project[0m - [34mAddress is already hooked, during hook(0x500124, <SimProcedure htons>). Not re-hooking.[0m[0m
[1;33;40mWARNING - 2023-01-04 09:47:45,631 - [34mangr.project[0m - [34mAddress is already hooked, during hook(0x601014, <SimProcedure KiUserExceptionDispatcher>). Not re-hooking.[0m[0m
[1;32;40mINFO - 2023-01-04 09:47:45,631 - [36mCustomSimProcedure[0m - [36mcustom_hook_windows_symbols[0m[0m
[1;33;40mWARNING - 2023-01-04 09:47:46,289 - [34mangr.project[0m - [34mAddress is already hooked, during hook(0x5000d0, <SimProcedure GetDesktopWindow>). Re-hooking.[0m[0m
[1;33;40mWARNING - 2023-01-04 09:47:46,291 - [34mangr.project[0m - [34mAddress is already hooked, during hook(0x5000d0, <SimProcedure GetDesktopWindow>). Re-hooking.[0m[0m
[1;32;40mINFO - 2023-01-04 09:47:47,052 - [33mwerkzeug[0m - [33m172.17.0.1 - - [04/Jan/2023 09:47:47] "GET /iteration-scdg HTTP/1.1" 200 -[0m[0m
[1;32;40mINFO - 2023-01-04 09:47:47,075 - [33mwerkzeug[0m - [33m172.17.0.1 - - [04/Jan/2023 09:47:47] "GET /progress-scdg HTTP/1.1" 200 -[0m[0m
[1;33;40mWARNING - 2023-01-04 09:47:47,853 - [34mangr.project[0m - [34mAddress is already hooked, during hook(0x5000d0, <SimProcedure GetDesktopWindow>). Re-hooking.[0m[0m
[1;33;40mWARNING - 2023-01-04 09:47:47,854 - [34mangr.project[0m - [34mAddress is already hooked, during hook(0x5000d0, <SimProcedure GetDesktopWindow>). Re-hooking.[0m[0m
[1;33;40mWARNING - 2023-01-04 09:47:48,415 - [34mangr.project[0m - [34mAddress is already hooked, during hook(0x5000a8, <SimProcedure ReleaseMutex>). Re-hooking.[0m[0m
[1;33;40mWARNING - 2023-01-04 09:47:48,416 - [34mangr.project[0m - [34mAddress is already hooked, during hook(0x5000a8, <SimProcedure ReleaseMutex>). Re-hooking.[0m[0m
[1;33;40mWARNING - 2023-01-04 09:47:48,435 - [34mangr.project[0m - [34mAddress is already hooked, during hook(0x50008c, <SimProcedure WaitForSingleObject>). Re-hooking.[0m[0m
[1;33;40mWARNING - 2023-01-04 09:47:48,437 - [34mangr.project[0m - [34mAddress is already hooked, during hook(0x50008c, <SimProcedure WaitForSingleObject>). Re-hooking.[0m[0m
[1;33;40mWARNING - 2023-01-04 09:47:48,504 - [34mangr.project[0m - [34mAddress is already hooked, during hook(0x5000b8, <SimProcedure CloseHandle>). Re-hooking.[0m[0m
[1;33;40mWARNING - 2023-01-04 09:47:48,505 - [34mangr.project[0m - [34mAddress is already hooked, during hook(0x5000b8, <SimProcedure CloseHandle>). Re-hooking.[0m[0m
[1;33;40mWARNING - 2023-01-04 09:47:48,655 - [34mangr.project[0m - [34mAddress is already hooked, during hook(0x500078, <SimProcedure CreateProcessA>). Re-hooking.[0m[0m
[1;33;40mWARNING - 2023-01-04 09:47:48,656 - [34mangr.project[0m - [34mAddress is already hooked, during hook(0x500078, <SimProcedure CreateProcessA>). Re-hooking.[0m[0m
[1;32;40mINFO - 2023-01-04 09:47:48,862 - [33mwerkzeug[0m - [33m172.17.0.1 - - [04/Jan/2023 09:47:48] "GET /iteration-scdg HTTP/1.1" 200 -[0m[0m
[1;33;40mWARNING - 2023-01-04 09:47:48,869 - [34mangr.project[0m - [34mAddress is already hooked, during hook(0x500080, <SimProcedure ExitThread>). Re-hooking.[0m[0m
[1;32;40mINFO - 2023-01-04 09:47:48,871 - [33mwerkzeug[0m - [33m172.17.0.1 - - [04/Jan/2023 09:47:48] "GET /progress-scdg HTTP/1.1" 200 -[0m[0m
[1;33;40mWARNING - 2023-01-04 09:47:48,872 - [34mangr.project[0m - [34mAddress is already hooked, during hook(0x500080, <SimProcedure ExitThread>). Re-hooking.[0m[0m
[1;33;40mWARNING - 2023-01-04 09:47:49,185 - [34mangr.project[0m - [34mAddress is already hooked, during hook(0x5000b4, <SimProcedure GetCurrentThread>). Re-hooking.[0m[0m
[1;33;40mWARNING - 2023-01-04 09:47:49,186 - [34mangr.project[0m - [34mAddress is already hooked, during hook(0x5000b4, <SimProcedure GetCurrentThread>). Re-hooking.[0m[0m
[1;33;40mWARNING - 2023-01-04 09:47:49,527 - [34mangr.project[0m - [34mAddress is already hooked, during hook(0x500084, <SimProcedure GetStartupInfoA>). Re-hooking.[0m[0m
[1;33;40mWARNING - 2023-01-04 09:47:49,529 - [34mangr.project[0m - [34mAddress is already hooked, during hook(0x500084, <SimProcedure GetStartupInfoA>). Re-hooking.[0m[0m
[1;33;40mWARNING - 2023-01-04 09:47:50,123 - [34mangr.project[0m - [34mAddress is already hooked, during hook(0x5000a4, <SimProcedure OpenMutexA>). Re-hooking.[0m[0m
[1;33;40mWARNING - 2023-01-04 09:47:50,125 - [34mangr.project[0m - [34mAddress is already hooked, during hook(0x5000a4, <SimProcedure OpenMutexA>). Re-hooking.[0m[0m
[1;32;40mINFO - 2023-01-04 09:47:50,202 - [33mwerkzeug[0m - [33m172.17.0.1 - - [04/Jan/2023 09:47:50] "GET /iteration-scdg HTTP/1.1" 200 -[0m[0m
[1;32;40mINFO - 2023-01-04 09:47:50,227 - [33mwerkzeug[0m - [33m172.17.0.1 - - [04/Jan/2023 09:47:50] "GET /progress-scdg HTTP/1.1" 200 -[0m[0m
[1;33;40mWARNING - 2023-01-04 09:47:50,675 - [34mangr.project[0m - [34mAddress is already hooked, during hook(0x500094, <SimProcedure SetFilePointer>). Re-hooking.[0m[0m
[1;33;40mWARNING - 2023-01-04 09:47:50,677 - [34mangr.project[0m - [34mAddress is already hooked, during hook(0x500094, <SimProcedure SetFilePointer>). Re-hooking.[0m[0m
[1;33;40mWARNING - 2023-01-04 09:47:50,842 - [34mangr.project[0m - [34mAddress is already hooked, during hook(0x500070, <SimProcedure Sleep>). Re-hooking.[0m[0m
[1;33;40mWARNING - 2023-01-04 09:47:50,844 - [34mangr.project[0m - [34mAddress is already hooked, during hook(0x500070, <SimProcedure Sleep>). Re-hooking.[0m[0m
[1;33;40mWARNING - 2023-01-04 09:47:50,997 - [34mangr.project[0m - [34mAddress is already hooked, during hook(0x50008c, <SimProcedure WaitForSingleObject>). Re-hooking.[0m[0m
[1;33;40mWARNING - 2023-01-04 09:47:50,998 - [34mangr.project[0m - [34mAddress is already hooked, during hook(0x50008c, <SimProcedure WaitForSingleObject>). Re-hooking.[0m[0m
[1;33;40mWARNING - 2023-01-04 09:47:51,178 - [34mangr.project[0m - [34mAddress is already hooked, during hook(0x5000a0, <SimProcedure lstrlenA>). Re-hooking.[0m[0m
[1;33;40mWARNING - 2023-01-04 09:47:51,180 - [34mangr.project[0m - [34mAddress is already hooked, during hook(0x5000a0, <SimProcedure lstrlenA>). Re-hooking.[0m[0m
[1;33;40mWARNING - 2023-01-04 09:47:51,285 - [34mangr.project[0m - [34mAddress is already hooked, during hook(0x500080, <SimProcedure ExitThread>). Re-hooking.[0m[0m
[1;33;40mWARNING - 2023-01-04 09:47:51,286 - [34mangr.project[0m - [34mAddress is already hooked, during hook(0x500080, <SimProcedure ExitThread>). Re-hooking.[0m[0m
[1;33;40mWARNING - 2023-01-04 09:47:51,612 - [34mangr.project[0m - [34mAddress is already hooked, during hook(0x500078, <SimProcedure CreateProcessA>). Re-hooking.[0m[0m
[1;33;40mWARNING - 2023-01-04 09:47:51,614 - [34mangr.project[0m - [34mAddress is already hooked, during hook(0x500078, <SimProcedure CreateProcessA>). Re-hooking.[0m[0m
[1;33;40mWARNING - 2023-01-04 09:47:51,797 - [34mangr.project[0m - [34mAddress is already hooked, during hook(0x500094, <SimProcedure SetFilePointer>). Re-hooking.[0m[0m
[1;33;40mWARNING - 2023-01-04 09:47:51,798 - [34mangr.project[0m - [34mAddress is already hooked, during hook(0x500094, <SimProcedure SetFilePointer>). Re-hooking.[0m[0m
[1;33;40mWARNING - 2023-01-04 09:47:51,859 - [34mangr.project[0m - [34mAddress is already hooked, during hook(0x5000b0, <SimProcedure GetCurrentProcess>). Re-hooking.[0m[0m
[1;33;40mWARNING - 2023-01-04 09:47:51,861 - [34mangr.project[0m - [34mAddress is already hooked, during hook(0x5000b0, <SimProcedure GetCurrentProcess>). Re-hooking.[0m[0m
[1;32;40mINFO - 2023-01-04 09:47:51,983 - [33mwerkzeug[0m - [33m172.17.0.1 - - [04/Jan/2023 09:47:51] "GET /iteration-scdg HTTP/1.1" 200 -[0m[0m
[1;32;40mINFO - 2023-01-04 09:47:52,005 - [33mwerkzeug[0m - [33m172.17.0.1 - - [04/Jan/2023 09:47:52] "GET /progress-scdg HTTP/1.1" 200 -[0m[0m
[1;33;40mWARNING - 2023-01-04 09:47:52,275 - [34mangr.project[0m - [34mAddress is already hooked, during hook(0x5000c8, <SimProcedure GetSystemDefaultUILanguage>). Re-hooking.[0m[0m
[1;33;40mWARNING - 2023-01-04 09:47:52,276 - [34mangr.project[0m - [34mAddress is already hooked, during hook(0x5000c8, <SimProcedure GetSystemDefaultUILanguage>). Re-hooking.[0m[0m
[1;33;40mWARNING - 2023-01-04 09:47:52,363 - [34mangr.project[0m - [34mAddress is already hooked, during hook(0x5000b4, <SimProcedure GetCurrentThread>). Re-hooking.[0m[0m
[1;33;40mWARNING - 2023-01-04 09:47:52,365 - [34mangr.project[0m - [34mAddress is already hooked, during hook(0x5000b4, <SimProcedure GetCurrentThread>). Re-hooking.[0m[0m
[1;33;40mWARNING - 2023-01-04 09:47:52,407 - [34mangr.project[0m - [34mAddress is already hooked, during hook(0x5000b0, <SimProcedure GetCurrentProcess>). Re-hooking.[0m[0m
[1;33;40mWARNING - 2023-01-04 09:47:52,409 - [34mangr.project[0m - [34mAddress is already hooked, during hook(0x5000b0, <SimProcedure GetCurrentProcess>). Re-hooking.[0m[0m
[1;33;40mWARNING - 2023-01-04 09:47:52,568 - [34mangr.project[0m - [34mAddress is already hooked, during hook(0x5000a0, <SimProcedure lstrlenA>). Re-hooking.[0m[0m
[1;33;40mWARNING - 2023-01-04 09:47:52,570 - [34mangr.project[0m - [34mAddress is already hooked, during hook(0x5000a0, <SimProcedure lstrlenA>). Re-hooking.[0m[0m
[1;33;40mWARNING - 2023-01-04 09:47:52,808 - [34mangr.project[0m - [34mAddress is already hooked, during hook(0x5000a4, <SimProcedure OpenMutexA>). Re-hooking.[0m[0m
[1;33;40mWARNING - 2023-01-04 09:47:52,810 - [34mangr.project[0m - [34mAddress is already hooked, during hook(0x5000a4, <SimProcedure OpenMutexA>). Re-hooking.[0m[0m
[1;33;40mWARNING - 2023-01-04 09:47:52,908 - [34mangr.project[0m - [34mAddress is already hooked, during hook(0x5000c8, <SimProcedure GetSystemDefaultUILanguage>). Re-hooking.[0m[0m
[1;33;40mWARNING - 2023-01-04 09:47:52,910 - [34mangr.project[0m - [34mAddress is already hooked, during hook(0x5000c8, <SimProcedure GetSystemDefaultUILanguage>). Re-hooking.[0m[0m
[1;33;40mWARNING - 2023-01-04 09:47:53,010 - [34mangr.project[0m - [34mAddress is already hooked, during hook(0x5000b8, <SimProcedure CloseHandle>). Re-hooking.[0m[0m
[1;33;40mWARNING - 2023-01-04 09:47:53,011 - [34mangr.project[0m - [34mAddress is already hooked, during hook(0x5000b8, <SimProcedure CloseHandle>). Re-hooking.[0m[0m
[1;33;40mWARNING - 2023-01-04 09:47:53,391 - [34mangr.project[0m - [34mAddress is already hooked, during hook(0x5000a8, <SimProcedure ReleaseMutex>). Re-hooking.[0m[0m
[1;33;40mWARNING - 2023-01-04 09:47:53,393 - [34mangr.project[0m - [34mAddress is already hooked, during hook(0x5000a8, <SimProcedure ReleaseMutex>). Re-hooking.[0m[0m
[1;33;40mWARNING - 2023-01-04 09:47:53,519 - [34mangr.project[0m - [34mAddress is already hooked, during hook(0x500084, <SimProcedure GetStartupInfoA>). Re-hooking.[0m[0m
[1;33;40mWARNING - 2023-01-04 09:47:53,520 - [34mangr.project[0m - [34mAddress is already hooked, during hook(0x500084, <SimProcedure GetStartupInfoA>). Re-hooking.[0m[0m
[1;33;40mWARNING - 2023-01-04 09:47:53,807 - [34mangr.project[0m - [34mAddress is already hooked, during hook(0x500070, <SimProcedure Sleep>). Re-hooking.[0m[0m
[1;33;40mWARNING - 2023-01-04 09:47:53,808 - [34mangr.project[0m - [34mAddress is already hooked, during hook(0x500070, <SimProcedure Sleep>). Re-hooking.[0m[0m
[1;32;40mINFO - 2023-01-04 09:47:53,868 - [33mwerkzeug[0m - [33m172.17.0.1 - - [04/Jan/2023 09:47:53] "GET /iteration-scdg HTTP/1.1" 200 -[0m[0m
[1;32;40mINFO - 2023-01-04 09:47:53,890 - [33mwerkzeug[0m - [33m172.17.0.1 - - [04/Jan/2023 09:47:53] "GET /progress-scdg HTTP/1.1" 200 -[0m[0m
[1;33;40mWARNING - 2023-01-04 09:47:54,984 - [34mangr.project[0m - [34mAddress is already hooked, during hook(0x500034, <SimProcedure _exit>). Re-hooking.[0m[0m
[1;33;40mWARNING - 2023-01-04 09:47:54,986 - [34mangr.project[0m - [34mAddress is already hooked, during hook(0x500034, <SimProcedure _exit>). Re-hooking.[0m[0m
[1;32;40mINFO - 2023-01-04 09:47:55,191 - [33mwerkzeug[0m - [33m172.17.0.1 - - [04/Jan/2023 09:47:55] "GET /iteration-scdg HTTP/1.1" 200 -[0m[0m
[1;32;40mINFO - 2023-01-04 09:47:55,208 - [33mwerkzeug[0m - [33m172.17.0.1 - - [04/Jan/2023 09:47:55] "GET /progress-scdg HTTP/1.1" 200 -[0m[0m
[1;33;40mWARNING - 2023-01-04 09:47:55,528 - [34mangr.project[0m - [34mAddress is already hooked, during hook(0x500044, <SimProcedure strcspn>). Re-hooking.[0m[0m
[1;33;40mWARNING - 2023-01-04 09:47:55,529 - [34mangr.project[0m - [34mAddress is already hooked, during hook(0x500044, <SimProcedure strcspn>). Re-hooking.[0m[0m
[1;33;40mWARNING - 2023-01-04 09:47:55,769 - [34mangr.project[0m - [34mAddress is already hooked, during hook(0x500044, <SimProcedure strcspn>). Re-hooking.[0m[0m
[1;33;40mWARNING - 2023-01-04 09:47:55,771 - [34mangr.project[0m - [34mAddress is already hooked, during hook(0x500044, <SimProcedure strcspn>). Re-hooking.[0m[0m
[1;33;40mWARNING - 2023-01-04 09:47:55,907 - [34mangr.project[0m - [34mAddress is already hooked, during hook(0x500034, <SimProcedure _exit>). Re-hooking.[0m[0m
[1;33;40mWARNING - 2023-01-04 09:47:55,908 - [34mangr.project[0m - [34mAddress is already hooked, during hook(0x500034, <SimProcedure _exit>). Re-hooking.[0m[0m
[1;33;40mWARNING - 2023-01-04 09:47:56,218 - [34mangr.project[0m - [34mAddress is already hooked, during hook(0x5000e4, <SimProcedure SHDeleteKeyA>). Re-hooking.[0m[0m
[1;33;40mWARNING - 2023-01-04 09:47:56,219 - [34mangr.project[0m - [34mAddress is already hooked, during hook(0x5000e4, <SimProcedure SHDeleteKeyA>). Re-hooking.[0m[0m
[1;33;40mWARNING - 2023-01-04 09:47:56,569 - [34mangr.project[0m - [34mAddress is already hooked, during hook(0x5000e4, <SimProcedure SHDeleteKeyA>). Re-hooking.[0m[0m
[1;33;40mWARNING - 2023-01-04 09:47:56,570 - [34mangr.project[0m - [34mAddress is already hooked, during hook(0x5000e4, <SimProcedure SHDeleteKeyA>). Re-hooking.[0m[0m
[1;32;40mINFO - 2023-01-04 09:47:56,981 - [33mwerkzeug[0m - [33m172.17.0.1 - - [04/Jan/2023 09:47:56] "GET /iteration-scdg HTTP/1.1" 200 -[0m[0m
[1;32;40mINFO - 2023-01-04 09:47:56,987 - [33mwerkzeug[0m - [33m172.17.0.1 - - [04/Jan/2023 09:47:56] "GET /progress-scdg HTTP/1.1" 200 -[0m[0m
[1;33;40mWARNING - 2023-01-04 09:47:57,195 - [34mangr.project[0m - [34mAddress is already hooked, during hook(0x5000fc, <SimProcedure closesocket>). Re-hooking.[0m[0m
[1;33;40mWARNING - 2023-01-04 09:47:57,197 - [34mangr.project[0m - [34mAddress is already hooked, during hook(0x5000fc, <SimProcedure closesocket>). Re-hooking.[0m[0m
[1;33;40mWARNING - 2023-01-04 09:47:57,198 - [34mangr.project[0m - [34mAddress is already hooked, during hook(0x500114, <SimProcedure connect>). Re-hooking.[0m[0m
[1;33;40mWARNING - 2023-01-04 09:47:57,199 - [34mangr.project[0m - [34mAddress is already hooked, during hook(0x500114, <SimProcedure connect>). Re-hooking.[0m[0m
[1;33;40mWARNING - 2023-01-04 09:47:57,214 - [34mangr.project[0m - [34mAddress is already hooked, during hook(0x50011c, <SimProcedure inet_addr>). Re-hooking.[0m[0m
[1;33;40mWARNING - 2023-01-04 09:47:57,215 - [34mangr.project[0m - [34mAddress is already hooked, during hook(0x50011c, <SimProcedure inet_addr>). Re-hooking.[0m[0m
[1;33;40mWARNING - 2023-01-04 09:47:57,233 - [34mangr.project[0m - [34mAddress is already hooked, during hook(0x500120, <SimProcedure sendto>). Re-hooking.[0m[0m
[1;33;40mWARNING - 2023-01-04 09:47:57,235 - [34mangr.project[0m - [34mAddress is already hooked, during hook(0x500120, <SimProcedure sendto>). Re-hooking.[0m[0m
[1;33;40mWARNING - 2023-01-04 09:47:57,292 - [34mangr.project[0m - [34mAddress is already hooked, during hook(0x500100, <SimProcedure WSAStartup>). Re-hooking.[0m[0m
[1;33;40mWARNING - 2023-01-04 09:47:57,294 - [34mangr.project[0m - [34mAddress is already hooked, during hook(0x500100, <SimProcedure WSAStartup>). Re-hooking.[0m[0m
[1;33;40mWARNING - 2023-01-04 09:47:57,295 - [34mangr.project[0m - [34mAddress is already hooked, during hook(0x50010c, <SimProcedure WSACleanup>). Re-hooking.[0m[0m
[1;33;40mWARNING - 2023-01-04 09:47:57,297 - [34mangr.project[0m - [34mAddress is already hooked, during hook(0x50010c, <SimProcedure WSACleanup>). Re-hooking.[0m[0m
[1;33;40mWARNING - 2023-01-04 09:47:57,298 - [34mangr.project[0m - [34mAddress is already hooked, during hook(0x500120, <SimProcedure sendto>). Re-hooking.[0m[0m
[1;33;40mWARNING - 2023-01-04 09:47:57,299 - [34mangr.project[0m - [34mAddress is already hooked, during hook(0x500120, <SimProcedure sendto>). Re-hooking.[0m[0m
[1;33;40mWARNING - 2023-01-04 09:47:57,301 - [34mangr.project[0m - [34mAddress is already hooked, during hook(0x500114, <SimProcedure connect>). Re-hooking.[0m[0m
[1;33;40mWARNING - 2023-01-04 09:47:57,302 - [34mangr.project[0m - [34mAddress is already hooked, during hook(0x500114, <SimProcedure connect>). Re-hooking.[0m[0m
[1;33;40mWARNING - 2023-01-04 09:47:57,305 - [34mangr.project[0m - [34mAddress is already hooked, during hook(0x5000f0, <SimProcedure __WSAFDIsSet>). Re-hooking.[0m[0m
[1;33;40mWARNING - 2023-01-04 09:47:57,306 - [34mangr.project[0m - [34mAddress is already hooked, during hook(0x5000f0, <SimProcedure __WSAFDIsSet>). Re-hooking.[0m[0m
[1;33;40mWARNING - 2023-01-04 09:47:57,311 - [34mangr.project[0m - [34mAddress is already hooked, during hook(0x50011c, <SimProcedure inet_addr>). Re-hooking.[0m[0m
[1;33;40mWARNING - 2023-01-04 09:47:57,312 - [34mangr.project[0m - [34mAddress is already hooked, during hook(0x50011c, <SimProcedure inet_addr>). Re-hooking.[0m[0m
[1;33;40mWARNING - 2023-01-04 09:47:57,319 - [34mangr.project[0m - [34mAddress is already hooked, during hook(0x5000f0, <SimProcedure __WSAFDIsSet>). Re-hooking.[0m[0m
[1;33;40mWARNING - 2023-01-04 09:47:57,320 - [34mangr.project[0m - [34mAddress is already hooked, during hook(0x5000f0, <SimProcedure __WSAFDIsSet>). Re-hooking.[0m[0m
[1;33;40mWARNING - 2023-01-04 09:47:57,341 - [34mangr.project[0m - [34mAddress is already hooked, during hook(0x500100, <SimProcedure WSAStartup>). Re-hooking.[0m[0m
[1;33;40mWARNING - 2023-01-04 09:47:57,342 - [34mangr.project[0m - [34mAddress is already hooked, during hook(0x500100, <SimProcedure WSAStartup>). Re-hooking.[0m[0m
[1;33;40mWARNING - 2023-01-04 09:47:57,365 - [34mangr.project[0m - [34mAddress is already hooked, during hook(0x5000fc, <SimProcedure closesocket>). Re-hooking.[0m[0m
[1;33;40mWARNING - 2023-01-04 09:47:57,366 - [34mangr.project[0m - [34mAddress is already hooked, during hook(0x5000fc, <SimProcedure closesocket>). Re-hooking.[0m[0m
[1;33;40mWARNING - 2023-01-04 09:47:57,382 - [34mangr.project[0m - [34mAddress is already hooked, during hook(0x50010c, <SimProcedure WSACleanup>). Re-hooking.[0m[0m
[1;33;40mWARNING - 2023-01-04 09:47:57,384 - [34mangr.project[0m - [34mAddress is already hooked, during hook(0x50010c, <SimProcedure WSACleanup>). Re-hooking.[0m[0m
[1;33;40mWARNING - 2023-01-04 09:47:57,413 - [34mangr.project[0m - [34mAddress is already hooked, during hook(0x5000dc, <SimProcedure ShellExecuteExA>). Re-hooking.[0m[0m
[1;33;40mWARNING - 2023-01-04 09:47:57,415 - [34mangr.project[0m - [34mAddress is already hooked, during hook(0x5000dc, <SimProcedure ShellExecuteExA>). Re-hooking.[0m[0m
[1;33;40mWARNING - 2023-01-04 09:47:57,459 - [34mangr.project[0m - [34mAddress is already hooked, during hook(0x5000e0, <SimProcedure ShellExecuteA>). Re-hooking.[0m[0m
[1;33;40mWARNING - 2023-01-04 09:47:57,461 - [34mangr.project[0m - [34mAddress is already hooked, during hook(0x5000e0, <SimProcedure ShellExecuteA>). Re-hooking.[0m[0m
[1;33;40mWARNING - 2023-01-04 09:47:57,463 - [34mangr.project[0m - [34mAddress is already hooked, during hook(0x5000dc, <SimProcedure ShellExecuteExA>). Re-hooking.[0m[0m
[1;33;40mWARNING - 2023-01-04 09:47:57,464 - [34mangr.project[0m - [34mAddress is already hooked, during hook(0x5000dc, <SimProcedure ShellExecuteExA>). Re-hooking.[0m[0m
[1;33;40mWARNING - 2023-01-04 09:47:57,578 - [34mangr.project[0m - [34mAddress is already hooked, during hook(0x5000e0, <SimProcedure ShellExecuteA>). Re-hooking.[0m[0m
[1;33;40mWARNING - 2023-01-04 09:47:57,580 - [34mangr.project[0m - [34mAddress is already hooked, during hook(0x5000e0, <SimProcedure ShellExecuteA>). Re-hooking.[0m[0m
[1;33;40mWARNING - 2023-01-04 09:47:57,757 - [34mangr.project[0m - [34mAddress is already hooked, during hook(0x5000d8, <SimProcedure SHChangeNotify>). Re-hooking.[0m[0m
[1;33;40mWARNING - 2023-01-04 09:47:57,758 - [34mangr.project[0m - [34mAddress is already hooked, during hook(0x5000d8, <SimProcedure SHChangeNotify>). Re-hooking.[0m[0m
[1;32;40mINFO - 2023-01-04 09:47:58,857 - [33mwerkzeug[0m - [33m172.17.0.1 - - [04/Jan/2023 09:47:58] "GET /iteration-scdg HTTP/1.1" 200 -[0m[0m
[1;32;40mINFO - 2023-01-04 09:47:58,859 - [33mwerkzeug[0m - [33m172.17.0.1 - - [04/Jan/2023 09:47:58] "GET /progress-scdg HTTP/1.1" 200 -[0m[0m
[1;32;40mINFO - 2023-01-04 09:48:00,175 - [33mwerkzeug[0m - [33m172.17.0.1 - - [04/Jan/2023 09:48:00] "GET /iteration-scdg HTTP/1.1" 200 -[0m[0m
[1;32;40mINFO - 2023-01-04 09:48:00,177 - [33mwerkzeug[0m - [33m172.17.0.1 - - [04/Jan/2023 09:48:00] "GET /progress-scdg HTTP/1.1" 200 -[0m[0m
[1;32;40mINFO - 2023-01-04 09:48:01,964 - [33mwerkzeug[0m - [33m172.17.0.1 - - [04/Jan/2023 09:48:01] "GET /iteration-scdg HTTP/1.1" 200 -[0m[0m
[1;32;40mINFO - 2023-01-04 09:48:01,966 - [33mwerkzeug[0m - [33m172.17.0.1 - - [04/Jan/2023 09:48:01] "GET /progress-scdg HTTP/1.1" 200 -[0m[0m
