[1;33;40mWARNING - 2023-01-04 10:57:02,036 - [34mangr.project[0m - [34mDisabling IRSB translation cache because support for self-modifying code is enabled.[0m[0m
[1;32;40mINFO - 2023-01-04 10:57:02,465 - [33mwerkzeug[0m - [33m172.17.0.1 - - [04/Jan/2023 10:57:02] "GET /iteration-scdg HTTP/1.1" 200 -[0m[0m
[1;32;40mINFO - 2023-01-04 10:57:02,466 - [33mwerkzeug[0m - [33m172.17.0.1 - - [04/Jan/2023 10:57:02] "GET /progress-scdg HTTP/1.1" 200 -[0m[0m
[1;32;40mINFO - 2023-01-04 10:57:03,220 - [33mwerkzeug[0m - [33m172.17.0.1 - - [04/Jan/2023 10:57:03] "GET /iteration-scdg HTTP/1.1" 200 -[0m[0m
[1;32;40mINFO - 2023-01-04 10:57:03,225 - [33mwerkzeug[0m - [33m172.17.0.1 - - [04/Jan/2023 10:57:03] "GET /progress-scdg HTTP/1.1" 200 -[0m[0m
[1;32;40mINFO - 2023-01-04 10:57:04,466 - [33mwerkzeug[0m - [33m172.17.0.1 - - [04/Jan/2023 10:57:04] "GET /iteration-scdg HTTP/1.1" 200 -[0m[0m
[1;32;40mINFO - 2023-01-04 10:57:04,467 - [33mwerkzeug[0m - [33m172.17.0.1 - - [04/Jan/2023 10:57:04] "GET /progress-scdg HTTP/1.1" 200 -[0m[0m
[1;33;40mWARNING - 2023-01-04 10:57:05,812 - [31mpyvex.lifting.gym.x86_spotter[0m - [31mThe generalized AAM instruction is not supported by VEX, and is handled specially by pyvex. It has no flag handling at present.  See pyvex/lifting/gym/x86_spotter.py for details[0m[0m
[1;32;40mINFO - 2023-01-04 10:57:07,468 - [33mwerkzeug[0m - [33m172.17.0.1 - - [04/Jan/2023 10:57:07] "GET /iteration-scdg HTTP/1.1" 200 -[0m[0m
[1;32;40mINFO - 2023-01-04 10:57:07,470 - [33mwerkzeug[0m - [33m172.17.0.1 - - [04/Jan/2023 10:57:07] "GET /progress-scdg HTTP/1.1" 200 -[0m[0m
[1;32;40mINFO - 2023-01-04 10:57:08,209 - [33mwerkzeug[0m - [33m172.17.0.1 - - [04/Jan/2023 10:57:08] "GET /iteration-scdg HTTP/1.1" 200 -[0m[0m
[1;32;40mINFO - 2023-01-04 10:57:08,210 - [33mwerkzeug[0m - [33m172.17.0.1 - - [04/Jan/2023 10:57:08] "GET /progress-scdg HTTP/1.1" 200 -[0m[0m
[1;33;40mWARNING - 2023-01-04 10:57:09,206 - [31mpyvex.lifting.gym.x86_spotter[0m - [31mThe generalized AAM instruction is not supported by VEX, and is handled specially by pyvex. It has no flag handling at present.  See pyvex/lifting/gym/x86_spotter.py for details[0m[0m
[1;33;40mWARNING - 2023-01-04 10:57:09,208 - [31mpyvex.lifting.gym.x86_spotter[0m - [31mThe generalized AAM instruction is not supported by VEX, and is handled specially by pyvex. It has no flag handling at present.  See pyvex/lifting/gym/x86_spotter.py for details[0m[0m
[1;33;40mWARNING - 2023-01-04 10:57:09,211 - [31mpyvex.lifting.gym.x86_spotter[0m - [31mThe generalized AAM instruction is not supported by VEX, and is handled specially by pyvex. It has no flag handling at present.  See pyvex/lifting/gym/x86_spotter.py for details[0m[0m
[1;32;40mINFO - 2023-01-04 10:57:09,492 - [33mwerkzeug[0m - [33m172.17.0.1 - - [04/Jan/2023 10:57:09] "GET /iteration-scdg HTTP/1.1" 200 -[0m[0m
[1;32;40mINFO - 2023-01-04 10:57:09,500 - [33mwerkzeug[0m - [33m172.17.0.1 - - [04/Jan/2023 10:57:09] "GET /progress-scdg HTTP/1.1" 200 -[0m[0m
[1;32;40mINFO - 2023-01-04 10:57:12,488 - [33mwerkzeug[0m - [33m172.17.0.1 - - [04/Jan/2023 10:57:12] "GET /iteration-scdg HTTP/1.1" 200 -[0m[0m
[1;32;40mINFO - 2023-01-04 10:57:12,515 - [33mwerkzeug[0m - [33m172.17.0.1 - - [04/Jan/2023 10:57:12] "GET /progress-scdg HTTP/1.1" 200 -[0m[0m
[1;32;40mINFO - 2023-01-04 10:57:13,229 - [33mwerkzeug[0m - [33m172.17.0.1 - - [04/Jan/2023 10:57:13] "GET /iteration-scdg HTTP/1.1" 200 -[0m[0m
[1;32;40mINFO - 2023-01-04 10:57:13,246 - [33mwerkzeug[0m - [33m172.17.0.1 - - [04/Jan/2023 10:57:13] "GET /progress-scdg HTTP/1.1" 200 -[0m[0m
[1;32;40mINFO - 2023-01-04 10:57:13,263 - [36mCustomSimProcedure[0m - {'GetCurrentProcess': 6291456, 'Sleep': 6291460, 'VirtualProtectEx': 6291464, 'CreateRemoteThread': 6291468, 'DecodePointer': 6291472, 'EncodePointer': 6291476, 'QueryPerformanceCounter': 6291480, 'GetCurrentProcessId': 6291484, 'GetCurrentThreadId': 6291488, 'GetSystemTimeAsFileTime': 6291492, 'InitializeSListHead': 6291496, 'IsDebuggerPresent': 6291500, 'UnhandledExceptionFilter': 6291504, 'SetUnhandledExceptionFilter': 6291508, 'GetStartupInfoW': 6291512, 'IsProcessorFeaturePresent': 6291516, 'GetModuleHandleW': 6291520, 'TerminateProcess': 6291524, 'InterlockedPushEntrySList': 6291528, 'InterlockedFlushSList': 6291532, 'RtlUnwind': 6291536, 'GetLastError': 6291540, 'SetLastError': 6291544, 'EnterCriticalSection': 6291548, 'LeaveCriticalSection': 6291552, 'DeleteCriticalSection': 6291556, 'InitializeCriticalSectionAndSpinCount': 6291560, 'TlsAlloc': 6291564, 'TlsGetValue': 6291568, 'TlsSetValue': 6291572, 'TlsFree': 6291576, 'FreeLibrary': 6291580, 'GetProcAddress': 6291584, 'LoadLibraryExW': 6291588, 'GetStdHandle': 6291592, 'WriteFile': 6291596, 'GetModuleFileNameW': 6291600, 'GetModuleFileNameA': 6291604, 'MultiByteToWideChar': 6291608, 'WideCharToMultiByte': 6291612, 'ExitProcess': 6291616, 'GetModuleHandleExW': 6291620, 'GetACP': 6291624, 'HeapFree': 6291628, 'HeapAlloc': 6291632, 'GetDateFormatW': 6291636, 'GetTimeFormatW': 6291640, 'CompareStringW': 6291644, 'LCMapStringW': 6291648, 'GetLocaleInfoW': 6291652, 'IsValidLocale': 6291656, 'GetUserDefaultLCID': 6291660, 'EnumSystemLocalesW': 6291664, 'GetFileType': 6291668, 'GetCurrentThread': 6291672, 'OutputDebugStringA': 6291676, 'OutputDebugStringW': 6291680, 'CloseHandle': 6291684, 'WaitForSingleObjectEx': 6291688, 'CreateThread': 6291692, 'FindClose': 6291696, 'FindFirstFileExA': 6291700, 'FindFirstFileExW': 6291704, 'FindNextFileA': 6291708, 'FindNextFileW': 6291712, 'IsValidCodePage': 6291716, 'GetOEMCP': 6291720, 'GetCPInfo': 6291724, 'GetCommandLineA': 6291728, 'GetCommandLineW': 6291732, 'GetEnvironmentStringsW': 6291736, 'FreeEnvironmentStringsW': 6291740, 'SetEnvironmentVariableA': 6291744, 'SetEnvironmentVariableW': 6291748, 'SetStdHandle': 6291752, 'GetStringTypeW': 6291756, 'GetProcessHeap': 6291760, 'SetConsoleCtrlHandler': 6291764, 'FlushFileBuffers': 6291768, 'GetConsoleCP': 6291772, 'GetConsoleMode': 6291776, 'HeapSize': 6291780, 'HeapReAlloc': 6291784, 'SetFilePointerEx': 6291788, 'WriteConsoleW': 6291792, 'CreateFileW': 6291796, 'RaiseException': 6291800, 'MessageBoxA': 6291804, 'KiUserExceptionDispatcher': 7344148, '_fmode': 7344152, '_commode': 7344156, '_acmdln': 7344160, '_wcmdln': 7344164}[0m
[1;32;40mINFO - 2023-01-04 10:57:13,263 - [36mCustomSimProcedure[0m - [36mWas in angr :user32.dll[0m[0m
[1;33;40mWARNING - 2023-01-04 10:57:13,266 - [36mCustomSimProcedure[0m - [36mProcedure wsprintfA in DLL user32.dll has 3 arguments in json and 2 arguments in angr prototype. Taking number of arguments from json.[0m[0m
[1;33;40mWARNING - 2023-01-04 10:57:13,266 - [36mCustomSimProcedure[0m - [36mProcedure wsprintfW in DLL user32.dll has 3 arguments in json and 2 arguments in angr prototype. Taking number of arguments from json.[0m[0m
[1;32;40mINFO - 2023-01-04 10:57:13,305 - [36mCustomSimProcedure[0m - [36mWas in angr :kernel32.dll[0m[0m
[1;33;40mWARNING - 2023-01-04 10:57:13,389 - [34mangr.project[0m - [34mAddress is already hooked, during hook(0x701014, <SimProcedure KiUserExceptionDispatcher>). Not re-hooking.[0m[0m
[1;32;40mINFO - 2023-01-04 10:57:13,389 - [36mCustomSimProcedure[0m - [36mNo hooks for: {'_fmode': 7344152, '_commode': 7344156, '_acmdln': 7344160, '_wcmdln': 7344164}[0m[0m
[1;32;40mINFO - 2023-01-04 10:57:13,389 - [36mCustomSimProcedure[0m - [36mcustom_hook_static[0m[0m
[1;33;40mWARNING - 2023-01-04 10:57:13,389 - [34mangr.project[0m - [34mAddress is already hooked, during hook(0x400000, <SimProcedure QueryPerformanceCounter>). Not re-hooking.[0m[0m
[1;33;40mWARNING - 2023-01-04 10:57:13,390 - [34mangr.project[0m - [34mAddress is already hooked, during hook(0x400000, <SimProcedure GetCurrentProcessId>). Not re-hooking.[0m[0m
[1;33;40mWARNING - 2023-01-04 10:57:13,390 - [34mangr.project[0m - [34mAddress is already hooked, during hook(0x400000, <SimProcedure GetCurrentThreadId>). Not re-hooking.[0m[0m
[1;33;40mWARNING - 2023-01-04 10:57:13,390 - [34mangr.project[0m - [34mAddress is already hooked, during hook(0x400000, <SimProcedure GetSystemTimeAsFileTime>). Not re-hooking.[0m[0m
[1;33;40mWARNING - 2023-01-04 10:57:13,390 - [34mangr.project[0m - [34mAddress is already hooked, during hook(0x400000, <SimProcedure IsProcessorFeaturePresent>). Not re-hooking.[0m[0m
[1;33;40mWARNING - 2023-01-04 10:57:13,390 - [34mangr.project[0m - [34mAddress is already hooked, during hook(0x400000, <SimProcedure InitializeCriticalSectionAndSpinCount>). Not re-hooking.[0m[0m
[1;33;40mWARNING - 2023-01-04 10:57:13,390 - [34mangr.project[0m - [34mAddress is already hooked, during hook(0x400000, <SimProcedure TlsAlloc>). Not re-hooking.[0m[0m
[1;33;40mWARNING - 2023-01-04 10:57:13,390 - [34mangr.project[0m - [34mAddress is already hooked, during hook(0x400000, <SimProcedure TlsGetValue>). Not re-hooking.[0m[0m
[1;33;40mWARNING - 2023-01-04 10:57:13,391 - [34mangr.project[0m - [34mAddress is already hooked, during hook(0x400000, <SimProcedure TlsSetValue>). Not re-hooking.[0m[0m
[1;33;40mWARNING - 2023-01-04 10:57:13,391 - [34mangr.project[0m - [34mAddress is already hooked, during hook(0x400000, <SimProcedure TlsFree>). Not re-hooking.[0m[0m
[1;33;40mWARNING - 2023-01-04 10:57:13,391 - [34mangr.project[0m - [34mAddress is already hooked, during hook(0x400000, <SimProcedure GetStdHandle>). Not re-hooking.[0m[0m
[1;33;40mWARNING - 2023-01-04 10:57:13,391 - [34mangr.project[0m - [34mAddress is already hooked, during hook(0x400000, <SimProcedure WriteFile>). Not re-hooking.[0m[0m
[1;33;40mWARNING - 2023-01-04 10:57:13,391 - [34mangr.project[0m - [34mAddress is already hooked, during hook(0x400000, <SimProcedure ExitProcess>). Not re-hooking.[0m[0m
[1;33;40mWARNING - 2023-01-04 10:57:13,392 - [34mangr.project[0m - [34mAddress is already hooked, during hook(0x400000, <SimProcedure HeapFree>). Not re-hooking.[0m[0m
[1;33;40mWARNING - 2023-01-04 10:57:13,392 - [34mangr.project[0m - [34mAddress is already hooked, during hook(0x400000, <SimProcedure HeapAlloc>). Not re-hooking.[0m[0m
[1;33;40mWARNING - 2023-01-04 10:57:13,392 - [34mangr.project[0m - [34mAddress is already hooked, during hook(0x400000, <SimProcedure GetCommandLineA>). Not re-hooking.[0m[0m
[1;33;40mWARNING - 2023-01-04 10:57:13,392 - [34mangr.project[0m - [34mAddress is already hooked, during hook(0x400000, <SimProcedure GetCommandLineW>). Not re-hooking.[0m[0m
[1;33;40mWARNING - 2023-01-04 10:57:13,392 - [34mangr.project[0m - [34mAddress is already hooked, during hook(0x400000, <SimProcedure GetProcessHeap>). Not re-hooking.[0m[0m
[1;33;40mWARNING - 2023-01-04 10:57:13,392 - [34mangr.project[0m - [34mAddress is already hooked, during hook(0x400000, <SimProcedure HeapReAlloc>). Not re-hooking.[0m[0m
[1;33;40mWARNING - 2023-01-04 10:57:13,393 - [34mangr.project[0m - [34mAddress is already hooked, during hook(0x400000, <SimProcedure MessageBoxA>). Not re-hooking.[0m[0m
[1;33;40mWARNING - 2023-01-04 10:57:13,393 - [34mangr.project[0m - [34mAddress is already hooked, during hook(0x600014, <SimProcedure EncodePointer>). Not re-hooking.[0m[0m
[1;33;40mWARNING - 2023-01-04 10:57:13,393 - [34mangr.project[0m - [34mAddress is already hooked, during hook(0x600018, <SimProcedure QueryPerformanceCounter>). Not re-hooking.[0m[0m
[1;33;40mWARNING - 2023-01-04 10:57:13,393 - [34mangr.project[0m - [34mAddress is already hooked, during hook(0x60001c, <SimProcedure GetCurrentProcessId>). Not re-hooking.[0m[0m
[1;33;40mWARNING - 2023-01-04 10:57:13,393 - [34mangr.project[0m - [34mAddress is already hooked, during hook(0x600020, <SimProcedure GetCurrentThreadId>). Not re-hooking.[0m[0m
[1;33;40mWARNING - 2023-01-04 10:57:13,393 - [34mangr.project[0m - [34mAddress is already hooked, during hook(0x600024, <SimProcedure GetSystemTimeAsFileTime>). Not re-hooking.[0m[0m
[1;33;40mWARNING - 2023-01-04 10:57:13,393 - [34mangr.project[0m - [34mAddress is already hooked, during hook(0x60003c, <SimProcedure IsProcessorFeaturePresent>). Not re-hooking.[0m[0m
[1;33;40mWARNING - 2023-01-04 10:57:13,394 - [34mangr.project[0m - [34mAddress is already hooked, during hook(0x600068, <SimProcedure InitializeCriticalSectionAndSpinCount>). Not re-hooking.[0m[0m
[1;33;40mWARNING - 2023-01-04 10:57:13,394 - [34mangr.project[0m - [34mAddress is already hooked, during hook(0x60006c, <SimProcedure TlsAlloc>). Not re-hooking.[0m[0m
[1;33;40mWARNING - 2023-01-04 10:57:13,394 - [34mangr.project[0m - [34mAddress is already hooked, during hook(0x600070, <SimProcedure TlsGetValue>). Not re-hooking.[0m[0m
[1;33;40mWARNING - 2023-01-04 10:57:13,394 - [34mangr.project[0m - [34mAddress is already hooked, during hook(0x600074, <SimProcedure TlsSetValue>). Not re-hooking.[0m[0m
[1;33;40mWARNING - 2023-01-04 10:57:13,394 - [34mangr.project[0m - [34mAddress is already hooked, during hook(0x600078, <SimProcedure TlsFree>). Not re-hooking.[0m[0m
[1;33;40mWARNING - 2023-01-04 10:57:13,395 - [34mangr.project[0m - [34mAddress is already hooked, during hook(0x600088, <SimProcedure GetStdHandle>). Not re-hooking.[0m[0m
[1;33;40mWARNING - 2023-01-04 10:57:13,395 - [34mangr.project[0m - [34mAddress is already hooked, during hook(0x60008c, <SimProcedure WriteFile>). Not re-hooking.[0m[0m
[1;33;40mWARNING - 2023-01-04 10:57:13,395 - [34mangr.project[0m - [34mAddress is already hooked, during hook(0x6000a0, <SimProcedure ExitProcess>). Not re-hooking.[0m[0m
[1;33;40mWARNING - 2023-01-04 10:57:13,395 - [34mangr.project[0m - [34mAddress is already hooked, during hook(0x6000ac, <SimProcedure HeapFree>). Not re-hooking.[0m[0m
[1;33;40mWARNING - 2023-01-04 10:57:13,395 - [34mangr.project[0m - [34mAddress is already hooked, during hook(0x6000b0, <SimProcedure HeapAlloc>). Not re-hooking.[0m[0m
[1;33;40mWARNING - 2023-01-04 10:57:13,396 - [34mangr.project[0m - [34mAddress is already hooked, during hook(0x600110, <SimProcedure GetCommandLineA>). Not re-hooking.[0m[0m
[1;33;40mWARNING - 2023-01-04 10:57:13,396 - [34mangr.project[0m - [34mAddress is already hooked, during hook(0x600114, <SimProcedure GetCommandLineW>). Not re-hooking.[0m[0m
[1;33;40mWARNING - 2023-01-04 10:57:13,396 - [34mangr.project[0m - [34mAddress is already hooked, during hook(0x600130, <SimProcedure GetProcessHeap>). Not re-hooking.[0m[0m
[1;33;40mWARNING - 2023-01-04 10:57:13,396 - [34mangr.project[0m - [34mAddress is already hooked, during hook(0x600148, <SimProcedure HeapReAlloc>). Not re-hooking.[0m[0m
[1;33;40mWARNING - 2023-01-04 10:57:13,396 - [34mangr.project[0m - [34mAddress is already hooked, during hook(0x60015c, <SimProcedure MessageBoxA>). Not re-hooking.[0m[0m
[1;33;40mWARNING - 2023-01-04 10:57:13,396 - [34mangr.project[0m - [34mAddress is already hooked, during hook(0x701014, <SimProcedure KiUserExceptionDispatcher>). Not re-hooking.[0m[0m
[1;32;40mINFO - 2023-01-04 10:57:13,397 - [36mCustomSimProcedure[0m - [36mcustom_hook_windows_symbols[0m[0m
[1;32;40mINFO - 2023-01-04 10:57:14,493 - [33mwerkzeug[0m - [33m172.17.0.1 - - [04/Jan/2023 10:57:14] "GET /iteration-scdg HTTP/1.1" 200 -[0m[0m
[1;32;40mINFO - 2023-01-04 10:57:14,519 - [33mwerkzeug[0m - [33m172.17.0.1 - - [04/Jan/2023 10:57:14] "GET /progress-scdg HTTP/1.1" 200 -[0m[0m
[1;33;40mWARNING - 2023-01-04 10:57:16,561 - [34mangr.project[0m - [34mAddress is already hooked, during hook(0x6000e4, <SimProcedure CloseHandle>). Re-hooking.[0m[0m
[1;33;40mWARNING - 2023-01-04 10:57:16,562 - [34mangr.project[0m - [34mAddress is already hooked, during hook(0x6000e4, <SimProcedure CloseHandle>). Re-hooking.[0m[0m
[1;33;40mWARNING - 2023-01-04 10:57:16,598 - [34mangr.project[0m - [34mAddress is already hooked, during hook(0x6000bc, <SimProcedure CompareStringW>). Re-hooking.[0m[0m
[1;33;40mWARNING - 2023-01-04 10:57:16,600 - [34mangr.project[0m - [34mAddress is already hooked, during hook(0x6000bc, <SimProcedure CompareStringW>). Re-hooking.[0m[0m
[1;33;40mWARNING - 2023-01-04 10:57:16,848 - [34mangr.project[0m - [34mAddress is already hooked, during hook(0x600064, <SimProcedure DeleteCriticalSection>). Re-hooking.[0m[0m
[1;33;40mWARNING - 2023-01-04 10:57:16,850 - [34mangr.project[0m - [34mAddress is already hooked, during hook(0x600064, <SimProcedure DeleteCriticalSection>). Re-hooking.[0m[0m
[1;33;40mWARNING - 2023-01-04 10:57:16,929 - [34mangr.project[0m - [34mAddress is already hooked, during hook(0x60005c, <SimProcedure EnterCriticalSection>). Re-hooking.[0m[0m
[1;33;40mWARNING - 2023-01-04 10:57:16,931 - [34mangr.project[0m - [34mAddress is already hooked, during hook(0x60005c, <SimProcedure EnterCriticalSection>). Re-hooking.[0m[0m
[1;33;40mWARNING - 2023-01-04 10:57:17,025 - [34mangr.project[0m - [34mAddress is already hooked, during hook(0x6000d0, <SimProcedure EnumSystemLocalesW>). Re-hooking.[0m[0m
[1;33;40mWARNING - 2023-01-04 10:57:17,027 - [34mangr.project[0m - [34mAddress is already hooked, during hook(0x6000d0, <SimProcedure EnumSystemLocalesW>). Re-hooking.[0m[0m
[1;33;40mWARNING - 2023-01-04 10:57:17,084 - [34mangr.project[0m - [34mAddress is already hooked, during hook(0x6000f0, <SimProcedure FindClose>). Re-hooking.[0m[0m
[1;33;40mWARNING - 2023-01-04 10:57:17,085 - [34mangr.project[0m - [34mAddress is already hooked, during hook(0x6000f0, <SimProcedure FindClose>). Re-hooking.[0m[0m
[1;33;40mWARNING - 2023-01-04 10:57:17,098 - [34mangr.project[0m - [34mAddress is already hooked, during hook(0x6000f4, <SimProcedure FindFirstFileExA>). Re-hooking.[0m[0m
[1;33;40mWARNING - 2023-01-04 10:57:17,100 - [34mangr.project[0m - [34mAddress is already hooked, during hook(0x6000f4, <SimProcedure FindFirstFileExA>). Re-hooking.[0m[0m
[1;33;40mWARNING - 2023-01-04 10:57:17,101 - [34mangr.project[0m - [34mAddress is already hooked, during hook(0x6000f8, <SimProcedure FindFirstFileExW>). Re-hooking.[0m[0m
[1;33;40mWARNING - 2023-01-04 10:57:17,102 - [34mangr.project[0m - [34mAddress is already hooked, during hook(0x6000f8, <SimProcedure FindFirstFileExW>). Re-hooking.[0m[0m
[1;33;40mWARNING - 2023-01-04 10:57:17,144 - [34mangr.project[0m - [34mAddress is already hooked, during hook(0x600100, <SimProcedure FindNextFileW>). Re-hooking.[0m[0m
[1;33;40mWARNING - 2023-01-04 10:57:17,145 - [34mangr.project[0m - [34mAddress is already hooked, during hook(0x600100, <SimProcedure FindNextFileW>). Re-hooking.[0m[0m
[1;33;40mWARNING - 2023-01-04 10:57:17,187 - [34mangr.project[0m - [34mAddress is already hooked, during hook(0x600138, <SimProcedure FlushFileBuffers>). Re-hooking.[0m[0m
[1;33;40mWARNING - 2023-01-04 10:57:17,188 - [34mangr.project[0m - [34mAddress is already hooked, during hook(0x600138, <SimProcedure FlushFileBuffers>). Re-hooking.[0m[0m
[1;33;40mWARNING - 2023-01-04 10:57:17,214 - [34mangr.project[0m - [34mAddress is already hooked, during hook(0x60011c, <SimProcedure FreeEnvironmentStringsW>). Re-hooking.[0m[0m
[1;33;40mWARNING - 2023-01-04 10:57:17,217 - [34mangr.project[0m - [34mAddress is already hooked, during hook(0x60011c, <SimProcedure FreeEnvironmentStringsW>). Re-hooking.[0m[0m
[1;33;40mWARNING - 2023-01-04 10:57:17,218 - [34mangr.project[0m - [34mAddress is already hooked, during hook(0x60007c, <SimProcedure FreeLibrary>). Re-hooking.[0m[0m
[1;33;40mWARNING - 2023-01-04 10:57:17,220 - [34mangr.project[0m - [34mAddress is already hooked, during hook(0x60007c, <SimProcedure FreeLibrary>). Re-hooking.[0m[0m
[1;33;40mWARNING - 2023-01-04 10:57:17,267 - [34mangr.project[0m - [34mAddress is already hooked, during hook(0x60010c, <SimProcedure GetCPInfo>). Re-hooking.[0m[0m
[1;33;40mWARNING - 2023-01-04 10:57:17,268 - [34mangr.project[0m - [34mAddress is already hooked, during hook(0x60010c, <SimProcedure GetCPInfo>). Re-hooking.[0m[0m
[1;33;40mWARNING - 2023-01-04 10:57:17,353 - [34mangr.project[0m - [34mAddress is already hooked, during hook(0x60013c, <SimProcedure GetConsoleCP>). Re-hooking.[0m[0m
[1;33;40mWARNING - 2023-01-04 10:57:17,355 - [34mangr.project[0m - [34mAddress is already hooked, during hook(0x60013c, <SimProcedure GetConsoleCP>). Re-hooking.[0m[0m
[1;33;40mWARNING - 2023-01-04 10:57:17,367 - [34mangr.project[0m - [34mAddress is already hooked, during hook(0x600140, <SimProcedure GetConsoleMode>). Re-hooking.[0m[0m
[1;33;40mWARNING - 2023-01-04 10:57:17,369 - [34mangr.project[0m - [34mAddress is already hooked, during hook(0x600140, <SimProcedure GetConsoleMode>). Re-hooking.[0m[0m
[1;33;40mWARNING - 2023-01-04 10:57:17,443 - [34mangr.project[0m - [34mAddress is already hooked, during hook(0x6000d8, <SimProcedure GetCurrentThread>). Re-hooking.[0m[0m
[1;33;40mWARNING - 2023-01-04 10:57:17,445 - [34mangr.project[0m - [34mAddress is already hooked, during hook(0x6000d8, <SimProcedure GetCurrentThread>). Re-hooking.[0m[0m
[1;33;40mWARNING - 2023-01-04 10:57:17,453 - [34mangr.project[0m - [34mAddress is already hooked, during hook(0x6000b4, <SimProcedure GetDateFormatW>). Re-hooking.[0m[0m
[1;33;40mWARNING - 2023-01-04 10:57:17,455 - [34mangr.project[0m - [34mAddress is already hooked, during hook(0x6000b4, <SimProcedure GetDateFormatW>). Re-hooking.[0m[0m
[1;32;40mINFO - 2023-01-04 10:57:17,495 - [33mwerkzeug[0m - [33m172.17.0.1 - - [04/Jan/2023 10:57:17] "GET /iteration-scdg HTTP/1.1" 200 -[0m[0m
[1;32;40mINFO - 2023-01-04 10:57:17,509 - [33mwerkzeug[0m - [33m172.17.0.1 - - [04/Jan/2023 10:57:17] "GET /progress-scdg HTTP/1.1" 200 -[0m[0m
[1;33;40mWARNING - 2023-01-04 10:57:17,559 - [34mangr.project[0m - [34mAddress is already hooked, during hook(0x6000d4, <SimProcedure GetFileType>). Re-hooking.[0m[0m
[1;33;40mWARNING - 2023-01-04 10:57:17,561 - [34mangr.project[0m - [34mAddress is already hooked, during hook(0x6000d4, <SimProcedure GetFileType>). Re-hooking.[0m[0m
[1;33;40mWARNING - 2023-01-04 10:57:17,612 - [34mangr.project[0m - [34mAddress is already hooked, during hook(0x6000c4, <SimProcedure GetLocaleInfoW>). Re-hooking.[0m[0m
[1;33;40mWARNING - 2023-01-04 10:57:17,613 - [34mangr.project[0m - [34mAddress is already hooked, during hook(0x6000c4, <SimProcedure GetLocaleInfoW>). Re-hooking.[0m[0m
[1;33;40mWARNING - 2023-01-04 10:57:17,736 - [34mangr.project[0m - [34mAddress is already hooked, during hook(0x600108, <SimProcedure GetOEMCP>). Re-hooking.[0m[0m
[1;33;40mWARNING - 2023-01-04 10:57:17,738 - [34mangr.project[0m - [34mAddress is already hooked, during hook(0x600108, <SimProcedure GetOEMCP>). Re-hooking.[0m[0m
[1;33;40mWARNING - 2023-01-04 10:57:17,752 - [34mangr.project[0m - [34mAddress is already hooked, during hook(0x600138, <SimProcedure FlushFileBuffers>). Re-hooking.[0m[0m
[1;33;40mWARNING - 2023-01-04 10:57:17,753 - [34mangr.project[0m - [34mAddress is already hooked, during hook(0x600138, <SimProcedure FlushFileBuffers>). Re-hooking.[0m[0m
[1;33;40mWARNING - 2023-01-04 10:57:17,870 - [34mangr.project[0m - [34mAddress is already hooked, during hook(0x600038, <SimProcedure GetStartupInfoW>). Re-hooking.[0m[0m
[1;33;40mWARNING - 2023-01-04 10:57:17,871 - [34mangr.project[0m - [34mAddress is already hooked, during hook(0x600038, <SimProcedure GetStartupInfoW>). Re-hooking.[0m[0m
[1;33;40mWARNING - 2023-01-04 10:57:17,882 - [34mangr.project[0m - [34mAddress is already hooked, during hook(0x60012c, <SimProcedure GetStringTypeW>). Re-hooking.[0m[0m
[1;33;40mWARNING - 2023-01-04 10:57:17,884 - [34mangr.project[0m - [34mAddress is already hooked, during hook(0x60012c, <SimProcedure GetStringTypeW>). Re-hooking.[0m[0m
[1;33;40mWARNING - 2023-01-04 10:57:18,002 - [34mangr.project[0m - [34mAddress is already hooked, during hook(0x6000b8, <SimProcedure GetTimeFormatW>). Re-hooking.[0m[0m
[1;33;40mWARNING - 2023-01-04 10:57:18,003 - [34mangr.project[0m - [34mAddress is already hooked, during hook(0x6000b8, <SimProcedure GetTimeFormatW>). Re-hooking.[0m[0m
[1;33;40mWARNING - 2023-01-04 10:57:18,027 - [34mangr.project[0m - [34mAddress is already hooked, during hook(0x600108, <SimProcedure GetOEMCP>). Re-hooking.[0m[0m
[1;33;40mWARNING - 2023-01-04 10:57:18,029 - [34mangr.project[0m - [34mAddress is already hooked, during hook(0x600108, <SimProcedure GetOEMCP>). Re-hooking.[0m[0m
[1;33;40mWARNING - 2023-01-04 10:57:18,143 - [34mangr.project[0m - [34mAddress is already hooked, during hook(0x600144, <SimProcedure HeapSize>). Re-hooking.[0m[0m
[1;33;40mWARNING - 2023-01-04 10:57:18,144 - [34mangr.project[0m - [34mAddress is already hooked, during hook(0x600144, <SimProcedure HeapSize>). Re-hooking.[0m[0m
[1;33;40mWARNING - 2023-01-04 10:57:18,184 - [34mangr.project[0m - [34mAddress is already hooked, during hook(0x600028, <SimProcedure InitializeSListHead>). Re-hooking.[0m[0m
[1;33;40mWARNING - 2023-01-04 10:57:18,185 - [34mangr.project[0m - [34mAddress is already hooked, during hook(0x600028, <SimProcedure InitializeSListHead>). Re-hooking.[0m[0m
[1;33;40mWARNING - 2023-01-04 10:57:18,197 - [34mangr.project[0m - [34mAddress is already hooked, during hook(0x60004c, <SimProcedure InterlockedFlushSList>). Re-hooking.[0m[0m
[1;33;40mWARNING - 2023-01-04 10:57:18,202 - [34mangr.project[0m - [34mAddress is already hooked, during hook(0x60004c, <SimProcedure InterlockedFlushSList>). Re-hooking.[0m[0m
[1;33;40mWARNING - 2023-01-04 10:57:18,206 - [34mangr.project[0m - [34mAddress is already hooked, during hook(0x600048, <SimProcedure InterlockedPushEntrySList>). Re-hooking.[0m[0m
[1;33;40mWARNING - 2023-01-04 10:57:18,207 - [34mangr.project[0m - [34mAddress is already hooked, during hook(0x600048, <SimProcedure InterlockedPushEntrySList>). Re-hooking.[0m[0m
[1;32;40mINFO - 2023-01-04 10:57:18,239 - [33mwerkzeug[0m - [33m172.17.0.1 - - [04/Jan/2023 10:57:18] "GET /iteration-scdg HTTP/1.1" 200 -[0m[0m
[1;32;40mINFO - 2023-01-04 10:57:18,256 - [33mwerkzeug[0m - [33m172.17.0.1 - - [04/Jan/2023 10:57:18] "GET /progress-scdg HTTP/1.1" 200 -[0m[0m
[1;33;40mWARNING - 2023-01-04 10:57:18,261 - [34mangr.project[0m - [34mAddress is already hooked, during hook(0x6000c8, <SimProcedure IsValidLocale>). Re-hooking.[0m[0m
[1;33;40mWARNING - 2023-01-04 10:57:18,264 - [34mangr.project[0m - [34mAddress is already hooked, during hook(0x6000c8, <SimProcedure IsValidLocale>). Re-hooking.[0m[0m
[1;33;40mWARNING - 2023-01-04 10:57:18,359 - [34mangr.project[0m - [34mAddress is already hooked, during hook(0x6000c0, <SimProcedure LCMapStringW>). Re-hooking.[0m[0m
[1;33;40mWARNING - 2023-01-04 10:57:18,361 - [34mangr.project[0m - [34mAddress is already hooked, during hook(0x6000c0, <SimProcedure LCMapStringW>). Re-hooking.[0m[0m
[1;33;40mWARNING - 2023-01-04 10:57:18,383 - [34mangr.project[0m - [34mAddress is already hooked, during hook(0x600060, <SimProcedure LeaveCriticalSection>). Re-hooking.[0m[0m
[1;33;40mWARNING - 2023-01-04 10:57:18,384 - [34mangr.project[0m - [34mAddress is already hooked, during hook(0x600060, <SimProcedure LeaveCriticalSection>). Re-hooking.[0m[0m
[1;33;40mWARNING - 2023-01-04 10:57:18,560 - [34mangr.project[0m - [34mAddress is already hooked, during hook(0x6000dc, <SimProcedure OutputDebugStringA>). Re-hooking.[0m[0m
[1;33;40mWARNING - 2023-01-04 10:57:18,562 - [34mangr.project[0m - [34mAddress is already hooked, during hook(0x6000dc, <SimProcedure OutputDebugStringA>). Re-hooking.[0m[0m
[1;33;40mWARNING - 2023-01-04 10:57:18,563 - [34mangr.project[0m - [34mAddress is already hooked, during hook(0x6000e0, <SimProcedure OutputDebugStringW>). Re-hooking.[0m[0m
[1;33;40mWARNING - 2023-01-04 10:57:18,564 - [34mangr.project[0m - [34mAddress is already hooked, during hook(0x6000e0, <SimProcedure OutputDebugStringW>). Re-hooking.[0m[0m
[1;33;40mWARNING - 2023-01-04 10:57:18,697 - [34mangr.project[0m - [34mAddress is already hooked, during hook(0x600158, <SimProcedure RaiseException>). Re-hooking.[0m[0m
[1;33;40mWARNING - 2023-01-04 10:57:18,699 - [34mangr.project[0m - [34mAddress is already hooked, during hook(0x600158, <SimProcedure RaiseException>). Re-hooking.[0m[0m
[1;33;40mWARNING - 2023-01-04 10:57:18,945 - [34mangr.project[0m - [34mAddress is already hooked, during hook(0x600050, <SimProcedure RtlUnwind>). Re-hooking.[0m[0m
[1;33;40mWARNING - 2023-01-04 10:57:18,947 - [34mangr.project[0m - [34mAddress is already hooked, during hook(0x600050, <SimProcedure RtlUnwind>). Re-hooking.[0m[0m
[1;33;40mWARNING - 2023-01-04 10:57:18,997 - [34mangr.project[0m - [34mAddress is already hooked, during hook(0x600134, <SimProcedure SetConsoleCtrlHandler>). Re-hooking.[0m[0m
[1;33;40mWARNING - 2023-01-04 10:57:18,999 - [34mangr.project[0m - [34mAddress is already hooked, during hook(0x600134, <SimProcedure SetConsoleCtrlHandler>). Re-hooking.[0m[0m
[1;33;40mWARNING - 2023-01-04 10:57:19,075 - [34mangr.project[0m - [34mAddress is already hooked, during hook(0x600120, <SimProcedure SetEnvironmentVariableA>). Re-hooking.[0m[0m
[1;33;40mWARNING - 2023-01-04 10:57:19,077 - [34mangr.project[0m - [34mAddress is already hooked, during hook(0x600120, <SimProcedure SetEnvironmentVariableA>). Re-hooking.[0m[0m
[1;33;40mWARNING - 2023-01-04 10:57:19,079 - [34mangr.project[0m - [34mAddress is already hooked, during hook(0x600124, <SimProcedure SetEnvironmentVariableW>). Re-hooking.[0m[0m
[1;33;40mWARNING - 2023-01-04 10:57:19,080 - [34mangr.project[0m - [34mAddress is already hooked, during hook(0x600124, <SimProcedure SetEnvironmentVariableW>). Re-hooking.[0m[0m
[1;33;40mWARNING - 2023-01-04 10:57:19,191 - [34mangr.project[0m - [34mAddress is already hooked, during hook(0x600128, <SimProcedure SetStdHandle>). Re-hooking.[0m[0m
[1;33;40mWARNING - 2023-01-04 10:57:19,192 - [34mangr.project[0m - [34mAddress is already hooked, during hook(0x600128, <SimProcedure SetStdHandle>). Re-hooking.[0m[0m
[1;33;40mWARNING - 2023-01-04 10:57:19,294 - [34mangr.project[0m - [34mAddress is already hooked, during hook(0x600004, <SimProcedure Sleep>). Re-hooking.[0m[0m
[1;33;40mWARNING - 2023-01-04 10:57:19,296 - [34mangr.project[0m - [34mAddress is already hooked, during hook(0x600004, <SimProcedure Sleep>). Re-hooking.[0m[0m
[1;33;40mWARNING - 2023-01-04 10:57:19,364 - [34mangr.project[0m - [34mAddress is already hooked, during hook(0x600030, <SimProcedure UnhandledExceptionFilter>). Re-hooking.[0m[0m
[1;33;40mWARNING - 2023-01-04 10:57:19,366 - [34mangr.project[0m - [34mAddress is already hooked, during hook(0x600030, <SimProcedure UnhandledExceptionFilter>). Re-hooking.[0m[0m
[1;33;40mWARNING - 2023-01-04 10:57:19,449 - [34mangr.project[0m - [34mAddress is already hooked, during hook(0x6000e8, <SimProcedure WaitForSingleObjectEx>). Re-hooking.[0m[0m
[1;33;40mWARNING - 2023-01-04 10:57:19,450 - [34mangr.project[0m - [34mAddress is already hooked, during hook(0x6000e8, <SimProcedure WaitForSingleObjectEx>). Re-hooking.[0m[0m
[1;32;40mINFO - 2023-01-04 10:57:19,513 - [33mwerkzeug[0m - [33m172.17.0.1 - - [04/Jan/2023 10:57:19] "GET /iteration-scdg HTTP/1.1" 200 -[0m[0m
[1;33;40mWARNING - 2023-01-04 10:57:19,530 - [34mangr.project[0m - [34mAddress is already hooked, during hook(0x600150, <SimProcedure WriteConsoleW>). Re-hooking.[0m[0m
[1;33;40mWARNING - 2023-01-04 10:57:19,532 - [34mangr.project[0m - [34mAddress is already hooked, during hook(0x600150, <SimProcedure WriteConsoleW>). Re-hooking.[0m[0m
[1;32;40mINFO - 2023-01-04 10:57:19,533 - [33mwerkzeug[0m - [33m172.17.0.1 - - [04/Jan/2023 10:57:19] "GET /progress-scdg HTTP/1.1" 200 -[0m[0m
[1;33;40mWARNING - 2023-01-04 10:57:19,803 - [34mangr.project[0m - [34mAddress is already hooked, during hook(0x60013c, <SimProcedure GetConsoleCP>). Re-hooking.[0m[0m
[1;33;40mWARNING - 2023-01-04 10:57:19,805 - [34mangr.project[0m - [34mAddress is already hooked, during hook(0x60013c, <SimProcedure GetConsoleCP>). Re-hooking.[0m[0m
[1;33;40mWARNING - 2023-01-04 10:57:19,910 - [34mangr.project[0m - [34mAddress is already hooked, during hook(0x60004c, <SimProcedure InterlockedFlushSList>). Re-hooking.[0m[0m
[1;33;40mWARNING - 2023-01-04 10:57:19,912 - [34mangr.project[0m - [34mAddress is already hooked, during hook(0x60004c, <SimProcedure InterlockedFlushSList>). Re-hooking.[0m[0m
[1;33;40mWARNING - 2023-01-04 10:57:20,093 - [34mangr.project[0m - [34mAddress is already hooked, during hook(0x60007c, <SimProcedure FreeLibrary>). Re-hooking.[0m[0m
[1;33;40mWARNING - 2023-01-04 10:57:20,094 - [34mangr.project[0m - [34mAddress is already hooked, during hook(0x60007c, <SimProcedure FreeLibrary>). Re-hooking.[0m[0m
[1;33;40mWARNING - 2023-01-04 10:57:20,245 - [34mangr.project[0m - [34mAddress is already hooked, during hook(0x600030, <SimProcedure UnhandledExceptionFilter>). Re-hooking.[0m[0m
[1;33;40mWARNING - 2023-01-04 10:57:20,247 - [34mangr.project[0m - [34mAddress is already hooked, during hook(0x600030, <SimProcedure UnhandledExceptionFilter>). Re-hooking.[0m[0m
[1;33;40mWARNING - 2023-01-04 10:57:20,253 - [34mangr.project[0m - [34mAddress is already hooked, during hook(0x600008, <SimProcedure VirtualProtectEx>). Re-hooking.[0m[0m
[1;33;40mWARNING - 2023-01-04 10:57:20,254 - [34mangr.project[0m - [34mAddress is already hooked, during hook(0x600008, <SimProcedure VirtualProtectEx>). Re-hooking.[0m[0m
[1;33;40mWARNING - 2023-01-04 10:57:20,276 - [34mangr.project[0m - [34mAddress is already hooked, during hook(0x600000, <SimProcedure GetCurrentProcess>). Re-hooking.[0m[0m
[1;33;40mWARNING - 2023-01-04 10:57:20,277 - [34mangr.project[0m - [34mAddress is already hooked, during hook(0x600000, <SimProcedure GetCurrentProcess>). Re-hooking.[0m[0m
[1;33;40mWARNING - 2023-01-04 10:57:20,302 - [34mangr.project[0m - [34mAddress is already hooked, during hook(0x600140, <SimProcedure GetConsoleMode>). Re-hooking.[0m[0m
[1;33;40mWARNING - 2023-01-04 10:57:20,304 - [34mangr.project[0m - [34mAddress is already hooked, during hook(0x600140, <SimProcedure GetConsoleMode>). Re-hooking.[0m[0m
[1;33;40mWARNING - 2023-01-04 10:57:20,308 - [34mangr.project[0m - [34mAddress is already hooked, during hook(0x600060, <SimProcedure LeaveCriticalSection>). Re-hooking.[0m[0m
[1;33;40mWARNING - 2023-01-04 10:57:20,309 - [34mangr.project[0m - [34mAddress is already hooked, during hook(0x600060, <SimProcedure LeaveCriticalSection>). Re-hooking.[0m[0m
[1;33;40mWARNING - 2023-01-04 10:57:20,342 - [34mangr.project[0m - [34mAddress is already hooked, during hook(0x600100, <SimProcedure FindNextFileW>). Re-hooking.[0m[0m
[1;33;40mWARNING - 2023-01-04 10:57:20,343 - [34mangr.project[0m - [34mAddress is already hooked, during hook(0x600100, <SimProcedure FindNextFileW>). Re-hooking.[0m[0m
[1;33;40mWARNING - 2023-01-04 10:57:20,449 - [34mangr.project[0m - [34mAddress is already hooked, during hook(0x600064, <SimProcedure DeleteCriticalSection>). Re-hooking.[0m[0m
[1;33;40mWARNING - 2023-01-04 10:57:20,451 - [34mangr.project[0m - [34mAddress is already hooked, during hook(0x600064, <SimProcedure DeleteCriticalSection>). Re-hooking.[0m[0m
[1;33;40mWARNING - 2023-01-04 10:57:20,473 - [34mangr.project[0m - [34mAddress is already hooked, during hook(0x600048, <SimProcedure InterlockedPushEntrySList>). Re-hooking.[0m[0m
[1;33;40mWARNING - 2023-01-04 10:57:20,475 - [34mangr.project[0m - [34mAddress is already hooked, during hook(0x600048, <SimProcedure InterlockedPushEntrySList>). Re-hooking.[0m[0m
[1;33;40mWARNING - 2023-01-04 10:57:20,799 - [34mangr.project[0m - [34mAddress is already hooked, during hook(0x6000e8, <SimProcedure WaitForSingleObjectEx>). Re-hooking.[0m[0m
[1;33;40mWARNING - 2023-01-04 10:57:20,800 - [34mangr.project[0m - [34mAddress is already hooked, during hook(0x6000e8, <SimProcedure WaitForSingleObjectEx>). Re-hooking.[0m[0m
[1;33;40mWARNING - 2023-01-04 10:57:20,814 - [34mangr.project[0m - [34mAddress is already hooked, during hook(0x6000d8, <SimProcedure GetCurrentThread>). Re-hooking.[0m[0m
[1;33;40mWARNING - 2023-01-04 10:57:20,816 - [34mangr.project[0m - [34mAddress is already hooked, during hook(0x6000d8, <SimProcedure GetCurrentThread>). Re-hooking.[0m[0m
[1;33;40mWARNING - 2023-01-04 10:57:20,818 - [34mangr.project[0m - [34mAddress is already hooked, during hook(0x600158, <SimProcedure RaiseException>). Re-hooking.[0m[0m
[1;33;40mWARNING - 2023-01-04 10:57:20,819 - [34mangr.project[0m - [34mAddress is already hooked, during hook(0x600158, <SimProcedure RaiseException>). Re-hooking.[0m[0m
[1;33;40mWARNING - 2023-01-04 10:57:20,851 - [34mangr.project[0m - [34mAddress is already hooked, during hook(0x600000, <SimProcedure GetCurrentProcess>). Re-hooking.[0m[0m
[1;33;40mWARNING - 2023-01-04 10:57:20,852 - [34mangr.project[0m - [34mAddress is already hooked, during hook(0x600000, <SimProcedure GetCurrentProcess>). Re-hooking.[0m[0m
[1;33;40mWARNING - 2023-01-04 10:57:20,859 - [34mangr.project[0m - [34mAddress is already hooked, during hook(0x600144, <SimProcedure HeapSize>). Re-hooking.[0m[0m
[1;33;40mWARNING - 2023-01-04 10:57:20,861 - [34mangr.project[0m - [34mAddress is already hooked, during hook(0x600144, <SimProcedure HeapSize>). Re-hooking.[0m[0m
[1;33;40mWARNING - 2023-01-04 10:57:20,894 - [34mangr.project[0m - [34mAddress is already hooked, during hook(0x600050, <SimProcedure RtlUnwind>). Re-hooking.[0m[0m
[1;33;40mWARNING - 2023-01-04 10:57:20,896 - [34mangr.project[0m - [34mAddress is already hooked, during hook(0x600050, <SimProcedure RtlUnwind>). Re-hooking.[0m[0m
[1;33;40mWARNING - 2023-01-04 10:57:20,998 - [34mangr.project[0m - [34mAddress is already hooked, during hook(0x600008, <SimProcedure VirtualProtectEx>). Re-hooking.[0m[0m
[1;33;40mWARNING - 2023-01-04 10:57:21,000 - [34mangr.project[0m - [34mAddress is already hooked, during hook(0x600008, <SimProcedure VirtualProtectEx>). Re-hooking.[0m[0m
[1;33;40mWARNING - 2023-01-04 10:57:21,054 - [34mangr.project[0m - [34mAddress is already hooked, during hook(0x600104, <SimProcedure IsValidCodePage>). Re-hooking.[0m[0m
[1;33;40mWARNING - 2023-01-04 10:57:21,056 - [34mangr.project[0m - [34mAddress is already hooked, during hook(0x600104, <SimProcedure IsValidCodePage>). Re-hooking.[0m[0m
[1;33;40mWARNING - 2023-01-04 10:57:21,127 - [34mangr.project[0m - [34mAddress is already hooked, during hook(0x6000f0, <SimProcedure FindClose>). Re-hooking.[0m[0m
[1;33;40mWARNING - 2023-01-04 10:57:21,128 - [34mangr.project[0m - [34mAddress is already hooked, during hook(0x6000f0, <SimProcedure FindClose>). Re-hooking.[0m[0m
[1;33;40mWARNING - 2023-01-04 10:57:21,160 - [34mangr.project[0m - [34mAddress is already hooked, during hook(0x6000d0, <SimProcedure EnumSystemLocalesW>). Re-hooking.[0m[0m
[1;33;40mWARNING - 2023-01-04 10:57:21,161 - [34mangr.project[0m - [34mAddress is already hooked, during hook(0x6000d0, <SimProcedure EnumSystemLocalesW>). Re-hooking.[0m[0m
[1;33;40mWARNING - 2023-01-04 10:57:21,209 - [34mangr.project[0m - [34mAddress is already hooked, during hook(0x600104, <SimProcedure IsValidCodePage>). Re-hooking.[0m[0m
[1;33;40mWARNING - 2023-01-04 10:57:21,211 - [34mangr.project[0m - [34mAddress is already hooked, during hook(0x600104, <SimProcedure IsValidCodePage>). Re-hooking.[0m[0m
[1;33;40mWARNING - 2023-01-04 10:57:21,229 - [34mangr.project[0m - [34mAddress is already hooked, during hook(0x6000c8, <SimProcedure IsValidLocale>). Re-hooking.[0m[0m
[1;33;40mWARNING - 2023-01-04 10:57:21,230 - [34mangr.project[0m - [34mAddress is already hooked, during hook(0x6000c8, <SimProcedure IsValidLocale>). Re-hooking.[0m[0m
[1;33;40mWARNING - 2023-01-04 10:57:21,252 - [34mangr.project[0m - [34mAddress is already hooked, during hook(0x6000c0, <SimProcedure LCMapStringW>). Re-hooking.[0m[0m
[1;33;40mWARNING - 2023-01-04 10:57:21,254 - [34mangr.project[0m - [34mAddress is already hooked, during hook(0x6000c0, <SimProcedure LCMapStringW>). Re-hooking.[0m[0m
[1;33;40mWARNING - 2023-01-04 10:57:21,327 - [34mangr.project[0m - [34mAddress is already hooked, during hook(0x60011c, <SimProcedure FreeEnvironmentStringsW>). Re-hooking.[0m[0m
[1;33;40mWARNING - 2023-01-04 10:57:21,328 - [34mangr.project[0m - [34mAddress is already hooked, during hook(0x60011c, <SimProcedure FreeEnvironmentStringsW>). Re-hooking.[0m[0m
[1;33;40mWARNING - 2023-01-04 10:57:21,330 - [34mangr.project[0m - [34mAddress is already hooked, during hook(0x6000c4, <SimProcedure GetLocaleInfoW>). Re-hooking.[0m[0m
[1;33;40mWARNING - 2023-01-04 10:57:21,331 - [34mangr.project[0m - [34mAddress is already hooked, during hook(0x6000c4, <SimProcedure GetLocaleInfoW>). Re-hooking.[0m[0m
[1;33;40mWARNING - 2023-01-04 10:57:21,333 - [34mangr.project[0m - [34mAddress is already hooked, during hook(0x600128, <SimProcedure SetStdHandle>). Re-hooking.[0m[0m
[1;33;40mWARNING - 2023-01-04 10:57:21,334 - [34mangr.project[0m - [34mAddress is already hooked, during hook(0x600128, <SimProcedure SetStdHandle>). Re-hooking.[0m[0m
[1;33;40mWARNING - 2023-01-04 10:57:21,520 - [34mangr.project[0m - [34mAddress is already hooked, during hook(0x6000e4, <SimProcedure CloseHandle>). Re-hooking.[0m[0m
[1;33;40mWARNING - 2023-01-04 10:57:21,521 - [34mangr.project[0m - [34mAddress is already hooked, during hook(0x6000e4, <SimProcedure CloseHandle>). Re-hooking.[0m[0m
[1;33;40mWARNING - 2023-01-04 10:57:21,568 - [34mangr.project[0m - [34mAddress is already hooked, during hook(0x600028, <SimProcedure InitializeSListHead>). Re-hooking.[0m[0m
[1;33;40mWARNING - 2023-01-04 10:57:21,569 - [34mangr.project[0m - [34mAddress is already hooked, during hook(0x600028, <SimProcedure InitializeSListHead>). Re-hooking.[0m[0m
[1;33;40mWARNING - 2023-01-04 10:57:21,576 - [34mangr.project[0m - [34mAddress is already hooked, during hook(0x60010c, <SimProcedure GetCPInfo>). Re-hooking.[0m[0m
[1;33;40mWARNING - 2023-01-04 10:57:21,577 - [34mangr.project[0m - [34mAddress is already hooked, during hook(0x60010c, <SimProcedure GetCPInfo>). Re-hooking.[0m[0m
[1;33;40mWARNING - 2023-01-04 10:57:21,592 - [34mangr.project[0m - [34mAddress is already hooked, during hook(0x6000e0, <SimProcedure OutputDebugStringW>). Re-hooking.[0m[0m
[1;33;40mWARNING - 2023-01-04 10:57:21,593 - [34mangr.project[0m - [34mAddress is already hooked, during hook(0x6000e0, <SimProcedure OutputDebugStringW>). Re-hooking.[0m[0m
[1;33;40mWARNING - 2023-01-04 10:57:21,596 - [34mangr.project[0m - [34mAddress is already hooked, during hook(0x6000dc, <SimProcedure OutputDebugStringA>). Re-hooking.[0m[0m
[1;33;40mWARNING - 2023-01-04 10:57:21,598 - [34mangr.project[0m - [34mAddress is already hooked, during hook(0x6000dc, <SimProcedure OutputDebugStringA>). Re-hooking.[0m[0m
[1;33;40mWARNING - 2023-01-04 10:57:21,639 - [34mangr.project[0m - [34mAddress is already hooked, during hook(0x600124, <SimProcedure SetEnvironmentVariableW>). Re-hooking.[0m[0m
[1;33;40mWARNING - 2023-01-04 10:57:21,640 - [34mangr.project[0m - [34mAddress is already hooked, during hook(0x600124, <SimProcedure SetEnvironmentVariableW>). Re-hooking.[0m[0m
[1;33;40mWARNING - 2023-01-04 10:57:21,651 - [34mangr.project[0m - [34mAddress is already hooked, during hook(0x600120, <SimProcedure SetEnvironmentVariableA>). Re-hooking.[0m[0m
[1;33;40mWARNING - 2023-01-04 10:57:21,653 - [34mangr.project[0m - [34mAddress is already hooked, during hook(0x600120, <SimProcedure SetEnvironmentVariableA>). Re-hooking.[0m[0m
[1;33;40mWARNING - 2023-01-04 10:57:21,688 - [34mangr.project[0m - [34mAddress is already hooked, during hook(0x6000bc, <SimProcedure CompareStringW>). Re-hooking.[0m[0m
[1;33;40mWARNING - 2023-01-04 10:57:21,690 - [34mangr.project[0m - [34mAddress is already hooked, during hook(0x6000bc, <SimProcedure CompareStringW>). Re-hooking.[0m[0m
[1;33;40mWARNING - 2023-01-04 10:57:21,774 - [34mangr.project[0m - [34mAddress is already hooked, during hook(0x60012c, <SimProcedure GetStringTypeW>). Re-hooking.[0m[0m
[1;33;40mWARNING - 2023-01-04 10:57:21,776 - [34mangr.project[0m - [34mAddress is already hooked, during hook(0x60012c, <SimProcedure GetStringTypeW>). Re-hooking.[0m[0m
[1;33;40mWARNING - 2023-01-04 10:57:21,875 - [34mangr.project[0m - [34mAddress is already hooked, during hook(0x60005c, <SimProcedure EnterCriticalSection>). Re-hooking.[0m[0m
[1;33;40mWARNING - 2023-01-04 10:57:21,877 - [34mangr.project[0m - [34mAddress is already hooked, during hook(0x60005c, <SimProcedure EnterCriticalSection>). Re-hooking.[0m[0m
[1;33;40mWARNING - 2023-01-04 10:57:21,906 - [34mangr.project[0m - [34mAddress is already hooked, during hook(0x6000b4, <SimProcedure GetDateFormatW>). Re-hooking.[0m[0m
[1;33;40mWARNING - 2023-01-04 10:57:21,908 - [34mangr.project[0m - [34mAddress is already hooked, during hook(0x6000b4, <SimProcedure GetDateFormatW>). Re-hooking.[0m[0m
[1;33;40mWARNING - 2023-01-04 10:57:21,914 - [34mangr.project[0m - [34mAddress is already hooked, during hook(0x6000cc, <SimProcedure GetUserDefaultLCID>). Re-hooking.[0m[0m
[1;33;40mWARNING - 2023-01-04 10:57:21,915 - [34mangr.project[0m - [34mAddress is already hooked, during hook(0x6000cc, <SimProcedure GetUserDefaultLCID>). Re-hooking.[0m[0m
[1;33;40mWARNING - 2023-01-04 10:57:21,923 - [34mangr.project[0m - [34mAddress is already hooked, during hook(0x6000b8, <SimProcedure GetTimeFormatW>). Re-hooking.[0m[0m
[1;33;40mWARNING - 2023-01-04 10:57:21,924 - [34mangr.project[0m - [34mAddress is already hooked, during hook(0x6000b8, <SimProcedure GetTimeFormatW>). Re-hooking.[0m[0m
[1;33;40mWARNING - 2023-01-04 10:57:21,947 - [34mangr.project[0m - [34mAddress is already hooked, during hook(0x6000cc, <SimProcedure GetUserDefaultLCID>). Re-hooking.[0m[0m
[1;33;40mWARNING - 2023-01-04 10:57:21,949 - [34mangr.project[0m - [34mAddress is already hooked, during hook(0x6000cc, <SimProcedure GetUserDefaultLCID>). Re-hooking.[0m[0m
[1;33;40mWARNING - 2023-01-04 10:57:22,035 - [34mangr.project[0m - [34mAddress is already hooked, during hook(0x6000f8, <SimProcedure FindFirstFileExW>). Re-hooking.[0m[0m
[1;33;40mWARNING - 2023-01-04 10:57:22,037 - [34mangr.project[0m - [34mAddress is already hooked, during hook(0x6000f8, <SimProcedure FindFirstFileExW>). Re-hooking.[0m[0m
[1;33;40mWARNING - 2023-01-04 10:57:22,094 - [34mangr.project[0m - [34mAddress is already hooked, during hook(0x600134, <SimProcedure SetConsoleCtrlHandler>). Re-hooking.[0m[0m
[1;33;40mWARNING - 2023-01-04 10:57:22,095 - [34mangr.project[0m - [34mAddress is already hooked, during hook(0x600134, <SimProcedure SetConsoleCtrlHandler>). Re-hooking.[0m[0m
[1;33;40mWARNING - 2023-01-04 10:57:22,128 - [34mangr.project[0m - [34mAddress is already hooked, during hook(0x600150, <SimProcedure WriteConsoleW>). Re-hooking.[0m[0m
[1;33;40mWARNING - 2023-01-04 10:57:22,130 - [34mangr.project[0m - [34mAddress is already hooked, during hook(0x600150, <SimProcedure WriteConsoleW>). Re-hooking.[0m[0m
[1;33;40mWARNING - 2023-01-04 10:57:22,156 - [34mangr.project[0m - [34mAddress is already hooked, during hook(0x600038, <SimProcedure GetStartupInfoW>). Re-hooking.[0m[0m
[1;33;40mWARNING - 2023-01-04 10:57:22,157 - [34mangr.project[0m - [34mAddress is already hooked, during hook(0x600038, <SimProcedure GetStartupInfoW>). Re-hooking.[0m[0m
[1;33;40mWARNING - 2023-01-04 10:57:22,186 - [34mangr.project[0m - [34mAddress is already hooked, during hook(0x6000d4, <SimProcedure GetFileType>). Re-hooking.[0m[0m
[1;33;40mWARNING - 2023-01-04 10:57:22,188 - [34mangr.project[0m - [34mAddress is already hooked, during hook(0x6000d4, <SimProcedure GetFileType>). Re-hooking.[0m[0m
[1;33;40mWARNING - 2023-01-04 10:57:22,292 - [34mangr.project[0m - [34mAddress is already hooked, during hook(0x60014c, <SimProcedure SetFilePointerEx>). Re-hooking.[0m[0m
[1;33;40mWARNING - 2023-01-04 10:57:22,294 - [34mangr.project[0m - [34mAddress is already hooked, during hook(0x60014c, <SimProcedure SetFilePointerEx>). Re-hooking.[0m[0m
[1;33;40mWARNING - 2023-01-04 10:57:22,387 - [34mangr.project[0m - [34mAddress is already hooked, during hook(0x6000f4, <SimProcedure FindFirstFileExA>). Re-hooking.[0m[0m
[1;33;40mWARNING - 2023-01-04 10:57:22,389 - [34mangr.project[0m - [34mAddress is already hooked, during hook(0x6000f4, <SimProcedure FindFirstFileExA>). Re-hooking.[0m[0m
[1;33;40mWARNING - 2023-01-04 10:57:22,420 - [34mangr.project[0m - [34mAddress is already hooked, during hook(0x60014c, <SimProcedure SetFilePointerEx>). Re-hooking.[0m[0m
[1;33;40mWARNING - 2023-01-04 10:57:22,422 - [34mangr.project[0m - [34mAddress is already hooked, during hook(0x60014c, <SimProcedure SetFilePointerEx>). Re-hooking.[0m[0m
[1;33;40mWARNING - 2023-01-04 10:57:22,460 - [34mangr.project[0m - [34mAddress is already hooked, during hook(0x600004, <SimProcedure Sleep>). Re-hooking.[0m[0m
[1;33;40mWARNING - 2023-01-04 10:57:22,462 - [34mangr.project[0m - [34mAddress is already hooked, during hook(0x600004, <SimProcedure Sleep>). Re-hooking.[0m[0m
[1;32;40mINFO - 2023-01-04 10:57:22,479 - [33mwerkzeug[0m - [33m172.17.0.1 - - [04/Jan/2023 10:57:22] "GET /iteration-scdg HTTP/1.1" 200 -[0m[0m
[1;32;40mINFO - 2023-01-04 10:57:22,491 - [33mwerkzeug[0m - [33m172.17.0.1 - - [04/Jan/2023 10:57:22] "GET /progress-scdg HTTP/1.1" 200 -[0m[0m
[1;32;40mINFO - 2023-01-04 10:57:22,595 - [36mCustomSimProcedure[0m - [36mSyscall found:  IsProcessorFeaturePresent[<BV32 0xa>][0m[0m
[1;32;40mINFO - 2023-01-04 10:57:22,845 - [37mCustomSimProcedureWindows[0m - [37mLoadLibraryExW: Symbol not found[0m[0m
[1;32;40mINFO - 2023-01-04 10:57:22,857 - [36mCustomSimProcedure[0m - {'GetCurrentProcess': 6291456, 'Sleep': 6291460, 'VirtualProtectEx': 6291464, 'CreateRemoteThread': 6291468, 'DecodePointer': 6291472, 'EncodePointer': 6291476, 'QueryPerformanceCounter': 6291480, 'GetCurrentProcessId': 6291484, 'GetCurrentThreadId': 6291488, 'GetSystemTimeAsFileTime': 6291492, 'InitializeSListHead': 6291496, 'IsDebuggerPresent': 6291500, 'UnhandledExceptionFilter': 6291504, 'SetUnhandledExceptionFilter': 6291508, 'GetStartupInfoW': 6291512, 'IsProcessorFeaturePresent': 6291516, 'GetModuleHandleW': 6291520, 'TerminateProcess': 6291524, 'InterlockedPushEntrySList': 6291528, 'InterlockedFlushSList': 6291532, 'RtlUnwind': 6291536, 'GetLastError': 6291540, 'SetLastError': 6291544, 'EnterCriticalSection': 6291548, 'LeaveCriticalSection': 6291552, 'DeleteCriticalSection': 6291556, 'InitializeCriticalSectionAndSpinCount': 6291560, 'TlsAlloc': 6291564, 'TlsGetValue': 6291568, 'TlsSetValue': 6291572, 'TlsFree': 6291576, 'FreeLibrary': 6291580, 'GetProcAddress': 6291584, 'LoadLibraryExW': 6291588, 'GetStdHandle': 6291592, 'WriteFile': 6291596, 'GetModuleFileNameW': 6291600, 'GetModuleFileNameA': 6291604, 'MultiByteToWideChar': 6291608, 'WideCharToMultiByte': 6291612, 'ExitProcess': 6291616, 'GetModuleHandleExW': 6291620, 'GetACP': 6291624, 'HeapFree': 6291628, 'HeapAlloc': 6291632, 'GetDateFormatW': 6291636, 'GetTimeFormatW': 6291640, 'CompareStringW': 6291644, 'LCMapStringW': 6291648, 'GetLocaleInfoW': 6291652, 'IsValidLocale': 6291656, 'GetUserDefaultLCID': 6291660, 'EnumSystemLocalesW': 6291664, 'GetFileType': 6291668, 'GetCurrentThread': 6291672, 'OutputDebugStringA': 6291676, 'OutputDebugStringW': 6291680, 'CloseHandle': 6291684, 'WaitForSingleObjectEx': 6291688, 'CreateThread': 6291692, 'FindClose': 6291696, 'FindFirstFileExA': 6291700, 'FindFirstFileExW': 6291704, 'FindNextFileA': 6291708, 'FindNextFileW': 6291712, 'IsValidCodePage': 6291716, 'GetOEMCP': 6291720, 'GetCPInfo': 6291724, 'GetCommandLineA': 6291728, 'GetCommandLineW': 6291732, 'GetEnvironmentStringsW': 6291736, 'FreeEnvironmentStringsW': 6291740, 'SetEnvironmentVariableA': 6291744, 'SetEnvironmentVariableW': 6291748, 'SetStdHandle': 6291752, 'GetStringTypeW': 6291756, 'GetProcessHeap': 6291760, 'SetConsoleCtrlHandler': 6291764, 'FlushFileBuffers': 6291768, 'GetConsoleCP': 6291772, 'GetConsoleMode': 6291776, 'HeapSize': 6291780, 'HeapReAlloc': 6291784, 'SetFilePointerEx': 6291788, 'WriteConsoleW': 6291792, 'CreateFileW': 6291796, 'RaiseException': 6291800, 'MessageBoxA': 6291804, 'KiUserExceptionDispatcher': 7344148, '_fmode': 7344152, '_commode': 7344156, '_acmdln': 7344160, '_wcmdln': 7344164, 'api-ms-win-core-synch-l1-2-0': 7344168}[0m
[1;32;40mINFO - 2023-01-04 10:57:22,857 - [36mCustomSimProcedure[0m - [36mWas in angr :user32.dll[0m[0m
[1;33;40mWARNING - 2023-01-04 10:57:22,859 - [36mCustomSimProcedure[0m - [36mProcedure wsprintfA in DLL user32.dll has 3 arguments in json and 2 arguments in angr prototype. Taking number of arguments from json.[0m[0m
[1;33;40mWARNING - 2023-01-04 10:57:22,859 - [36mCustomSimProcedure[0m - [36mProcedure wsprintfW in DLL user32.dll has 3 arguments in json and 2 arguments in angr prototype. Taking number of arguments from json.[0m[0m
[1;32;40mINFO - 2023-01-04 10:57:22,898 - [36mCustomSimProcedure[0m - [36mWas in angr :kernel32.dll[0m[0m
[1;33;40mWARNING - 2023-01-04 10:57:22,986 - [34mangr.project[0m - [34mAddress is already hooked, during hook(0x701014, <SimProcedure KiUserExceptionDispatcher>). Not re-hooking.[0m[0m
[1;32;40mINFO - 2023-01-04 10:57:22,987 - [36mCustomSimProcedure[0m - [36mNo hooks for: {'_fmode': 7344152, '_commode': 7344156, '_acmdln': 7344160, '_wcmdln': 7344164, 'api-ms-win-core-synch-l1-2-0': 7344168}[0m[0m
[1;32;40mINFO - 2023-01-04 10:57:22,988 - [36mCustomSimProcedure[0m - [36mSyscall found:  LoadLibraryExW[<BV32 0x4af218>, <BV32 0x0>, <BV32 0x800>][0m[0m
[1;32;40mINFO - 2023-01-04 10:57:23,065 - [37mCustomSimProcedureWindows[0m - [37mGetProcAddress: InitializeCriticalSectionEx[0m[0m
[1;32;40mINFO - 2023-01-04 10:57:23,065 - [37mCustomSimProcedureWindows[0m - [37mGetProcAddress - Query to lib : api-ms-win-core-synch-l1-2-0.dll[0m[0m
[1;32;40mINFO - 2023-01-04 10:57:23,065 - [37mCustomSimProcedureWindows[0m - [37mGetProcAddress: Symbol not found[0m[0m
[1;32;40mINFO - 2023-01-04 10:57:23,066 - [36mCustomSimProcedure[0m - [36mSyscall found:  GetProcAddress[<BV32 0x701028>, <BV32 0x4af314>][0m[0m
[1;32;40mINFO - 2023-01-04 10:57:23,149 - [36mCustomSimProcedure[0m - [36mSyscall found:  InitializeCriticalSectionEx[<BV32 0x54db04>, <BV32 0xfa0>, <BV32 0x0>][0m[0m
[1;32;40mINFO - 2023-01-04 10:57:23,220 - [33mwerkzeug[0m - [33m172.17.0.1 - - [04/Jan/2023 10:57:23] "GET /iteration-scdg HTTP/1.1" 200 -[0m[0m
[1;32;40mINFO - 2023-01-04 10:57:23,257 - [33mwerkzeug[0m - [33m172.17.0.1 - - [04/Jan/2023 10:57:23] "GET /progress-scdg HTTP/1.1" 200 -[0m[0m
[1;32;40mINFO - 2023-01-04 10:57:24,481 - [33mwerkzeug[0m - [33m172.17.0.1 - - [04/Jan/2023 10:57:24] "GET /iteration-scdg HTTP/1.1" 200 -[0m[0m
[1;32;40mINFO - 2023-01-04 10:57:24,487 - [33mwerkzeug[0m - [33m172.17.0.1 - - [04/Jan/2023 10:57:24] "GET /progress-scdg HTTP/1.1" 200 -[0m[0m
[1;32;40mINFO - 2023-01-04 10:57:27,965 - [33mwerkzeug[0m - [33m172.17.0.1 - - [04/Jan/2023 10:57:27] "GET /iteration-scdg HTTP/1.1" 200 -[0m[0m
[1;32;40mINFO - 2023-01-04 10:57:27,996 - [33mwerkzeug[0m - [33m172.17.0.1 - - [04/Jan/2023 10:57:27] "GET /progress-scdg HTTP/1.1" 200 -[0m[0m
[1;32;40mINFO - 2023-01-04 10:57:28,227 - [33mwerkzeug[0m - [33m172.17.0.1 - - [04/Jan/2023 10:57:28] "GET /iteration-scdg HTTP/1.1" 200 -[0m[0m
[1;32;40mINFO - 2023-01-04 10:57:28,239 - [33mwerkzeug[0m - [33m172.17.0.1 - - [04/Jan/2023 10:57:28] "GET /progress-scdg HTTP/1.1" 200 -[0m[0m
[1;32;40mINFO - 2023-01-04 10:57:29,968 - [33mwerkzeug[0m - [33m172.17.0.1 - - [04/Jan/2023 10:57:29] "GET /iteration-scdg HTTP/1.1" 200 -[0m[0m
[1;32;40mINFO - 2023-01-04 10:57:29,979 - [33mwerkzeug[0m - [33m172.17.0.1 - - [04/Jan/2023 10:57:29] "GET /progress-scdg HTTP/1.1" 200 -[0m[0m
[1;32;40mINFO - 2023-01-04 10:57:32,972 - [33mwerkzeug[0m - [33m172.17.0.1 - - [04/Jan/2023 10:57:32] "GET /iteration-scdg HTTP/1.1" 200 -[0m[0m
[1;32;40mINFO - 2023-01-04 10:57:32,988 - [33mwerkzeug[0m - [33m172.17.0.1 - - [04/Jan/2023 10:57:32] "GET /progress-scdg HTTP/1.1" 200 -[0m[0m
[1;32;40mINFO - 2023-01-04 10:57:33,234 - [33mwerkzeug[0m - [33m172.17.0.1 - - [04/Jan/2023 10:57:33] "GET /iteration-scdg HTTP/1.1" 200 -[0m[0m
[1;32;40mINFO - 2023-01-04 10:57:33,246 - [33mwerkzeug[0m - [33m172.17.0.1 - - [04/Jan/2023 10:57:33] "GET /progress-scdg HTTP/1.1" 200 -[0m[0m
[1;32;40mINFO - 2023-01-04 10:57:34,972 - [33mwerkzeug[0m - [33m172.17.0.1 - - [04/Jan/2023 10:57:34] "GET /iteration-scdg HTTP/1.1" 200 -[0m[0m
[1;32;40mINFO - 2023-01-04 10:57:34,985 - [33mwerkzeug[0m - [33m172.17.0.1 - - [04/Jan/2023 10:57:34] "GET /progress-scdg HTTP/1.1" 200 -[0m[0m
[1;32;40mINFO - 2023-01-04 10:57:37,970 - [33mwerkzeug[0m - [33m172.17.0.1 - - [04/Jan/2023 10:57:37] "GET /iteration-scdg HTTP/1.1" 200 -[0m[0m
[1;32;40mINFO - 2023-01-04 10:57:37,981 - [33mwerkzeug[0m - [33m172.17.0.1 - - [04/Jan/2023 10:57:37] "GET /progress-scdg HTTP/1.1" 200 -[0m[0m
[1;32;40mINFO - 2023-01-04 10:57:38,217 - [33mwerkzeug[0m - [33m172.17.0.1 - - [04/Jan/2023 10:57:38] "GET /iteration-scdg HTTP/1.1" 200 -[0m[0m
[1;32;40mINFO - 2023-01-04 10:57:38,234 - [33mwerkzeug[0m - [33m172.17.0.1 - - [04/Jan/2023 10:57:38] "GET /progress-scdg HTTP/1.1" 200 -[0m[0m
[1;32;40mINFO - 2023-01-04 10:57:39,974 - [33mwerkzeug[0m - [33m172.17.0.1 - - [04/Jan/2023 10:57:39] "GET /iteration-scdg HTTP/1.1" 200 -[0m[0m
[1;32;40mINFO - 2023-01-04 10:57:39,996 - [33mwerkzeug[0m - [33m172.17.0.1 - - [04/Jan/2023 10:57:39] "GET /progress-scdg HTTP/1.1" 200 -[0m[0m
[1;32;40mINFO - 2023-01-04 10:57:42,977 - [33mwerkzeug[0m - [33m172.17.0.1 - - [04/Jan/2023 10:57:42] "GET /iteration-scdg HTTP/1.1" 200 -[0m[0m
[1;32;40mINFO - 2023-01-04 10:57:42,989 - [33mwerkzeug[0m - [33m172.17.0.1 - - [04/Jan/2023 10:57:42] "GET /progress-scdg HTTP/1.1" 200 -[0m[0m
[1;32;40mINFO - 2023-01-04 10:57:43,235 - [33mwerkzeug[0m - [33m172.17.0.1 - - [04/Jan/2023 10:57:43] "GET /iteration-scdg HTTP/1.1" 200 -[0m[0m
[1;32;40mINFO - 2023-01-04 10:57:43,257 - [33mwerkzeug[0m - [33m172.17.0.1 - - [04/Jan/2023 10:57:43] "GET /progress-scdg HTTP/1.1" 200 -[0m[0m
[1;32;40mINFO - 2023-01-04 10:57:44,975 - [33mwerkzeug[0m - [33m172.17.0.1 - - [04/Jan/2023 10:57:44] "GET /iteration-scdg HTTP/1.1" 200 -[0m[0m
[1;32;40mINFO - 2023-01-04 10:57:44,992 - [33mwerkzeug[0m - [33m172.17.0.1 - - [04/Jan/2023 10:57:44] "GET /progress-scdg HTTP/1.1" 200 -[0m[0m
[1;32;40mINFO - 2023-01-04 10:57:47,983 - [33mwerkzeug[0m - [33m172.17.0.1 - - [04/Jan/2023 10:57:47] "GET /iteration-scdg HTTP/1.1" 200 -[0m[0m
[1;32;40mINFO - 2023-01-04 10:57:47,994 - [33mwerkzeug[0m - [33m172.17.0.1 - - [04/Jan/2023 10:57:47] "GET /progress-scdg HTTP/1.1" 200 -[0m[0m
[1;32;40mINFO - 2023-01-04 10:57:48,230 - [33mwerkzeug[0m - [33m172.17.0.1 - - [04/Jan/2023 10:57:48] "GET /iteration-scdg HTTP/1.1" 200 -[0m[0m
[1;32;40mINFO - 2023-01-04 10:57:48,251 - [33mwerkzeug[0m - [33m172.17.0.1 - - [04/Jan/2023 10:57:48] "GET /progress-scdg HTTP/1.1" 200 -[0m[0m
[1;32;40mINFO - 2023-01-04 10:57:49,977 - [33mwerkzeug[0m - [33m172.17.0.1 - - [04/Jan/2023 10:57:49] "GET /iteration-scdg HTTP/1.1" 200 -[0m[0m
[1;32;40mINFO - 2023-01-04 10:57:49,999 - [33mwerkzeug[0m - [33m172.17.0.1 - - [04/Jan/2023 10:57:49] "GET /progress-scdg HTTP/1.1" 200 -[0m[0m
[1;32;40mINFO - 2023-01-04 10:57:52,970 - [33mwerkzeug[0m - [33m172.17.0.1 - - [04/Jan/2023 10:57:52] "GET /iteration-scdg HTTP/1.1" 200 -[0m[0m
[1;32;40mINFO - 2023-01-04 10:57:52,976 - [33mwerkzeug[0m - [33m172.17.0.1 - - [04/Jan/2023 10:57:52] "GET /progress-scdg HTTP/1.1" 200 -[0m[0m
[1;32;40mINFO - 2023-01-04 10:57:53,221 - [33mwerkzeug[0m - [33m172.17.0.1 - - [04/Jan/2023 10:57:53] "GET /iteration-scdg HTTP/1.1" 200 -[0m[0m
[1;32;40mINFO - 2023-01-04 10:57:53,230 - [33mwerkzeug[0m - [33m172.17.0.1 - - [04/Jan/2023 10:57:53] "GET /progress-scdg HTTP/1.1" 200 -[0m[0m
[1;32;40mINFO - 2023-01-04 10:57:54,969 - [33mwerkzeug[0m - [33m172.17.0.1 - - [04/Jan/2023 10:57:54] "GET /iteration-scdg HTTP/1.1" 200 -[0m[0m
[1;32;40mINFO - 2023-01-04 10:57:54,986 - [33mwerkzeug[0m - [33m172.17.0.1 - - [04/Jan/2023 10:57:54] "GET /progress-scdg HTTP/1.1" 200 -[0m[0m
[1;32;40mINFO - 2023-01-04 10:57:57,982 - [33mwerkzeug[0m - [33m172.17.0.1 - - [04/Jan/2023 10:57:57] "GET /iteration-scdg HTTP/1.1" 200 -[0m[0m
[1;32;40mINFO - 2023-01-04 10:57:57,993 - [33mwerkzeug[0m - [33m172.17.0.1 - - [04/Jan/2023 10:57:57] "GET /progress-scdg HTTP/1.1" 200 -[0m[0m
[1;32;40mINFO - 2023-01-04 10:57:58,230 - [33mwerkzeug[0m - [33m172.17.0.1 - - [04/Jan/2023 10:57:58] "GET /iteration-scdg HTTP/1.1" 200 -[0m[0m
[1;32;40mINFO - 2023-01-04 10:57:58,242 - [33mwerkzeug[0m - [33m172.17.0.1 - - [04/Jan/2023 10:57:58] "GET /progress-scdg HTTP/1.1" 200 -[0m[0m
[1;32;40mINFO - 2023-01-04 10:57:59,973 - [33mwerkzeug[0m - [33m172.17.0.1 - - [04/Jan/2023 10:57:59] "GET /iteration-scdg HTTP/1.1" 200 -[0m[0m
[1;32;40mINFO - 2023-01-04 10:57:59,979 - [33mwerkzeug[0m - [33m172.17.0.1 - - [04/Jan/2023 10:57:59] "GET /progress-scdg HTTP/1.1" 200 -[0m[0m
[1;32;40mINFO - 2023-01-04 10:58:02,984 - [33mwerkzeug[0m - [33m172.17.0.1 - - [04/Jan/2023 10:58:02] "GET /iteration-scdg HTTP/1.1" 200 -[0m[0m
[1;32;40mINFO - 2023-01-04 10:58:02,985 - [33mwerkzeug[0m - [33m172.17.0.1 - - [04/Jan/2023 10:58:02] "GET /progress-scdg HTTP/1.1" 200 -[0m[0m
[1;32;40mINFO - 2023-01-04 10:58:03,231 - [33mwerkzeug[0m - [33m172.17.0.1 - - [04/Jan/2023 10:58:03] "GET /iteration-scdg HTTP/1.1" 200 -[0m[0m
[1;32;40mINFO - 2023-01-04 10:58:03,243 - [33mwerkzeug[0m - [33m172.17.0.1 - - [04/Jan/2023 10:58:03] "GET /progress-scdg HTTP/1.1" 200 -[0m[0m
[1;32;40mINFO - 2023-01-04 10:58:04,971 - [33mwerkzeug[0m - [33m172.17.0.1 - - [04/Jan/2023 10:58:04] "GET /iteration-scdg HTTP/1.1" 200 -[0m[0m
[1;32;40mINFO - 2023-01-04 10:58:04,983 - [33mwerkzeug[0m - [33m172.17.0.1 - - [04/Jan/2023 10:58:04] "GET /progress-scdg HTTP/1.1" 200 -[0m[0m
[1;32;40mINFO - 2023-01-04 10:58:07,990 - [33mwerkzeug[0m - [33m172.17.0.1 - - [04/Jan/2023 10:58:07] "GET /iteration-scdg HTTP/1.1" 200 -[0m[0m
[1;32;40mINFO - 2023-01-04 10:58:08,028 - [33mwerkzeug[0m - [33m172.17.0.1 - - [04/Jan/2023 10:58:08] "GET /progress-scdg HTTP/1.1" 200 -[0m[0m
[1;32;40mINFO - 2023-01-04 10:58:08,225 - [33mwerkzeug[0m - [33m172.17.0.1 - - [04/Jan/2023 10:58:08] "GET /iteration-scdg HTTP/1.1" 200 -[0m[0m
[1;32;40mINFO - 2023-01-04 10:58:08,252 - [33mwerkzeug[0m - [33m172.17.0.1 - - [04/Jan/2023 10:58:08] "GET /progress-scdg HTTP/1.1" 200 -[0m[0m
[1;32;40mINFO - 2023-01-04 10:58:09,983 - [33mwerkzeug[0m - [33m172.17.0.1 - - [04/Jan/2023 10:58:09] "GET /iteration-scdg HTTP/1.1" 200 -[0m[0m
[1;32;40mINFO - 2023-01-04 10:58:09,983 - [33mwerkzeug[0m - [33m172.17.0.1 - - [04/Jan/2023 10:58:09] "GET /progress-scdg HTTP/1.1" 200 -[0m[0m
[1;32;40mINFO - 2023-01-04 10:58:12,997 - [33mwerkzeug[0m - [33m172.17.0.1 - - [04/Jan/2023 10:58:12] "GET /iteration-scdg HTTP/1.1" 200 -[0m[0m
[1;32;40mINFO - 2023-01-04 10:58:13,003 - [33mwerkzeug[0m - [33m172.17.0.1 - - [04/Jan/2023 10:58:13] "GET /progress-scdg HTTP/1.1" 200 -[0m[0m
[1;32;40mINFO - 2023-01-04 10:58:13,224 - [33mwerkzeug[0m - [33m172.17.0.1 - - [04/Jan/2023 10:58:13] "GET /iteration-scdg HTTP/1.1" 200 -[0m[0m
[1;32;40mINFO - 2023-01-04 10:58:13,240 - [33mwerkzeug[0m - [33m172.17.0.1 - - [04/Jan/2023 10:58:13] "GET /progress-scdg HTTP/1.1" 200 -[0m[0m
[1;32;40mINFO - 2023-01-04 10:58:14,980 - [33mwerkzeug[0m - [33m172.17.0.1 - - [04/Jan/2023 10:58:14] "GET /iteration-scdg HTTP/1.1" 200 -[0m[0m
[1;32;40mINFO - 2023-01-04 10:58:14,996 - [33mwerkzeug[0m - [33m172.17.0.1 - - [04/Jan/2023 10:58:14] "GET /progress-scdg HTTP/1.1" 200 -[0m[0m
[1;32;40mINFO - 2023-01-04 10:58:17,983 - [33mwerkzeug[0m - [33m172.17.0.1 - - [04/Jan/2023 10:58:17] "GET /iteration-scdg HTTP/1.1" 200 -[0m[0m
[1;32;40mINFO - 2023-01-04 10:58:17,983 - [33mwerkzeug[0m - [33m172.17.0.1 - - [04/Jan/2023 10:58:17] "GET /progress-scdg HTTP/1.1" 200 -[0m[0m
[1;32;40mINFO - 2023-01-04 10:58:18,226 - [33mwerkzeug[0m - [33m172.17.0.1 - - [04/Jan/2023 10:58:18] "GET /iteration-scdg HTTP/1.1" 200 -[0m[0m
[1;32;40mINFO - 2023-01-04 10:58:18,254 - [33mwerkzeug[0m - [33m172.17.0.1 - - [04/Jan/2023 10:58:18] "GET /progress-scdg HTTP/1.1" 200 -[0m[0m
[1;32;40mINFO - 2023-01-04 10:58:19,986 - [33mwerkzeug[0m - [33m172.17.0.1 - - [04/Jan/2023 10:58:19] "GET /iteration-scdg HTTP/1.1" 200 -[0m[0m
[1;32;40mINFO - 2023-01-04 10:58:20,003 - [33mwerkzeug[0m - [33m172.17.0.1 - - [04/Jan/2023 10:58:20] "GET /progress-scdg HTTP/1.1" 200 -[0m[0m
[1;32;40mINFO - 2023-01-04 10:58:22,990 - [33mwerkzeug[0m - [33m172.17.0.1 - - [04/Jan/2023 10:58:22] "GET /iteration-scdg HTTP/1.1" 200 -[0m[0m
[1;32;40mINFO - 2023-01-04 10:58:23,000 - [33mwerkzeug[0m - [33m172.17.0.1 - - [04/Jan/2023 10:58:23] "GET /progress-scdg HTTP/1.1" 200 -[0m[0m
[1;32;40mINFO - 2023-01-04 10:58:23,231 - [33mwerkzeug[0m - [33m172.17.0.1 - - [04/Jan/2023 10:58:23] "GET /iteration-scdg HTTP/1.1" 200 -[0m[0m
[1;32;40mINFO - 2023-01-04 10:58:23,248 - [33mwerkzeug[0m - [33m172.17.0.1 - - [04/Jan/2023 10:58:23] "GET /progress-scdg HTTP/1.1" 200 -[0m[0m
[1;32;40mINFO - 2023-01-04 10:58:24,983 - [33mwerkzeug[0m - [33m172.17.0.1 - - [04/Jan/2023 10:58:24] "GET /iteration-scdg HTTP/1.1" 200 -[0m[0m
[1;32;40mINFO - 2023-01-04 10:58:24,989 - [33mwerkzeug[0m - [33m172.17.0.1 - - [04/Jan/2023 10:58:24] "GET /progress-scdg HTTP/1.1" 200 -[0m[0m
[1;32;40mINFO - 2023-01-04 10:58:27,991 - [33mwerkzeug[0m - [33m172.17.0.1 - - [04/Jan/2023 10:58:27] "GET /iteration-scdg HTTP/1.1" 200 -[0m[0m
[1;32;40mINFO - 2023-01-04 10:58:27,998 - [33mwerkzeug[0m - [33m172.17.0.1 - - [04/Jan/2023 10:58:27] "GET /progress-scdg HTTP/1.1" 200 -[0m[0m
[1;32;40mINFO - 2023-01-04 10:58:28,231 - [33mwerkzeug[0m - [33m172.17.0.1 - - [04/Jan/2023 10:58:28] "GET /iteration-scdg HTTP/1.1" 200 -[0m[0m
[1;32;40mINFO - 2023-01-04 10:58:28,252 - [33mwerkzeug[0m - [33m172.17.0.1 - - [04/Jan/2023 10:58:28] "GET /progress-scdg HTTP/1.1" 200 -[0m[0m
[1;32;40mINFO - 2023-01-04 10:58:29,989 - [33mwerkzeug[0m - [33m172.17.0.1 - - [04/Jan/2023 10:58:29] "GET /iteration-scdg HTTP/1.1" 200 -[0m[0m
[1;32;40mINFO - 2023-01-04 10:58:30,006 - [33mwerkzeug[0m - [33m172.17.0.1 - - [04/Jan/2023 10:58:30] "GET /progress-scdg HTTP/1.1" 200 -[0m[0m
[1;32;40mINFO - 2023-01-04 10:58:32,983 - [33mwerkzeug[0m - [33m172.17.0.1 - - [04/Jan/2023 10:58:32] "GET /iteration-scdg HTTP/1.1" 200 -[0m[0m
[1;32;40mINFO - 2023-01-04 10:58:33,015 - [33mwerkzeug[0m - [33m172.17.0.1 - - [04/Jan/2023 10:58:33] "GET /progress-scdg HTTP/1.1" 200 -[0m[0m
[1;32;40mINFO - 2023-01-04 10:58:33,234 - [33mwerkzeug[0m - [33m172.17.0.1 - - [04/Jan/2023 10:58:33] "GET /iteration-scdg HTTP/1.1" 200 -[0m[0m
[1;32;40mINFO - 2023-01-04 10:58:33,250 - [33mwerkzeug[0m - [33m172.17.0.1 - - [04/Jan/2023 10:58:33] "GET /progress-scdg HTTP/1.1" 200 -[0m[0m
[1;32;40mINFO - 2023-01-04 10:58:34,987 - [33mwerkzeug[0m - [33m172.17.0.1 - - [04/Jan/2023 10:58:34] "GET /iteration-scdg HTTP/1.1" 200 -[0m[0m
[1;32;40mINFO - 2023-01-04 10:58:35,003 - [33mwerkzeug[0m - [33m172.17.0.1 - - [04/Jan/2023 10:58:35] "GET /progress-scdg HTTP/1.1" 200 -[0m[0m
[1;32;40mINFO - 2023-01-04 10:58:37,994 - [33mwerkzeug[0m - [33m172.17.0.1 - - [04/Jan/2023 10:58:37] "GET /iteration-scdg HTTP/1.1" 200 -[0m[0m
[1;32;40mINFO - 2023-01-04 10:58:38,021 - [33mwerkzeug[0m - [33m172.17.0.1 - - [04/Jan/2023 10:58:38] "GET /progress-scdg HTTP/1.1" 200 -[0m[0m
[1;32;40mINFO - 2023-01-04 10:58:38,232 - [33mwerkzeug[0m - [33m172.17.0.1 - - [04/Jan/2023 10:58:38] "GET /iteration-scdg HTTP/1.1" 200 -[0m[0m
[1;32;40mINFO - 2023-01-04 10:58:38,254 - [33mwerkzeug[0m - [33m172.17.0.1 - - [04/Jan/2023 10:58:38] "GET /progress-scdg HTTP/1.1" 200 -[0m[0m
[1;32;40mINFO - 2023-01-04 10:58:39,994 - [33mwerkzeug[0m - [33m172.17.0.1 - - [04/Jan/2023 10:58:39] "GET /iteration-scdg HTTP/1.1" 200 -[0m[0m
[1;32;40mINFO - 2023-01-04 10:58:40,020 - [33mwerkzeug[0m - [33m172.17.0.1 - - [04/Jan/2023 10:58:40] "GET /progress-scdg HTTP/1.1" 200 -[0m[0m
[1;32;40mINFO - 2023-01-04 10:58:42,995 - [33mwerkzeug[0m - [33m172.17.0.1 - - [04/Jan/2023 10:58:42] "GET /iteration-scdg HTTP/1.1" 200 -[0m[0m
[1;32;40mINFO - 2023-01-04 10:58:43,016 - [33mwerkzeug[0m - [33m172.17.0.1 - - [04/Jan/2023 10:58:43] "GET /progress-scdg HTTP/1.1" 200 -[0m[0m
[1;32;40mINFO - 2023-01-04 10:58:43,226 - [33mwerkzeug[0m - [33m172.17.0.1 - - [04/Jan/2023 10:58:43] "GET /iteration-scdg HTTP/1.1" 200 -[0m[0m
[1;32;40mINFO - 2023-01-04 10:58:43,248 - [33mwerkzeug[0m - [33m172.17.0.1 - - [04/Jan/2023 10:58:43] "GET /progress-scdg HTTP/1.1" 200 -[0m[0m
[1;32;40mINFO - 2023-01-04 10:58:44,990 - [33mwerkzeug[0m - [33m172.17.0.1 - - [04/Jan/2023 10:58:44] "GET /iteration-scdg HTTP/1.1" 200 -[0m[0m
[1;32;40mINFO - 2023-01-04 10:58:44,996 - [33mwerkzeug[0m - [33m172.17.0.1 - - [04/Jan/2023 10:58:44] "GET /progress-scdg HTTP/1.1" 200 -[0m[0m
[1;32;40mINFO - 2023-01-04 10:58:48,403 - [33mwerkzeug[0m - [33m172.17.0.1 - - [04/Jan/2023 10:58:48] "GET /progress-scdg HTTP/1.1" 200 -[0m[0m
[1;32;40mINFO - 2023-01-04 10:58:48,415 - [33mwerkzeug[0m - [33m172.17.0.1 - - [04/Jan/2023 10:58:48] "GET /iteration-scdg HTTP/1.1" 200 -[0m[0m
[1;32;40mINFO - 2023-01-04 10:58:48,420 - [33mwerkzeug[0m - [33m172.17.0.1 - - [04/Jan/2023 10:58:48] "GET /iteration-scdg HTTP/1.1" 200 -[0m[0m
[1;32;40mINFO - 2023-01-04 10:58:48,441 - [33mwerkzeug[0m - [33m172.17.0.1 - - [04/Jan/2023 10:58:48] "GET /progress-scdg HTTP/1.1" 200 -[0m[0m
[1;32;40mINFO - 2023-01-04 10:58:49,989 - [33mwerkzeug[0m - [33m172.17.0.1 - - [04/Jan/2023 10:58:49] "GET /iteration-scdg HTTP/1.1" 200 -[0m[0m
[1;32;40mINFO - 2023-01-04 10:58:50,001 - [33mwerkzeug[0m - [33m172.17.0.1 - - [04/Jan/2023 10:58:50] "GET /progress-scdg HTTP/1.1" 200 -[0m[0m
[1;32;40mINFO - 2023-01-04 10:58:52,988 - [33mwerkzeug[0m - [33m172.17.0.1 - - [04/Jan/2023 10:58:52] "GET /iteration-scdg HTTP/1.1" 200 -[0m[0m
[1;32;40mINFO - 2023-01-04 10:58:53,010 - [33mwerkzeug[0m - [33m172.17.0.1 - - [04/Jan/2023 10:58:53] "GET /progress-scdg HTTP/1.1" 200 -[0m[0m
[1;32;40mINFO - 2023-01-04 10:58:53,236 - [33mwerkzeug[0m - [33m172.17.0.1 - - [04/Jan/2023 10:58:53] "GET /progress-scdg HTTP/1.1" 200 -[0m[0m
[1;32;40mINFO - 2023-01-04 10:58:53,237 - [33mwerkzeug[0m - [33m172.17.0.1 - - [04/Jan/2023 10:58:53] "GET /iteration-scdg HTTP/1.1" 200 -[0m[0m
[1;32;40mINFO - 2023-01-04 10:58:54,998 - [33mwerkzeug[0m - [33m172.17.0.1 - - [04/Jan/2023 10:58:54] "GET /iteration-scdg HTTP/1.1" 200 -[0m[0m
[1;32;40mINFO - 2023-01-04 10:58:55,005 - [33mwerkzeug[0m - [33m172.17.0.1 - - [04/Jan/2023 10:58:55] "GET /progress-scdg HTTP/1.1" 200 -[0m[0m
[1;32;40mINFO - 2023-01-04 10:58:57,999 - [33mwerkzeug[0m - [33m172.17.0.1 - - [04/Jan/2023 10:58:57] "GET /iteration-scdg HTTP/1.1" 200 -[0m[0m
[1;32;40mINFO - 2023-01-04 10:58:58,016 - [33mwerkzeug[0m - [33m172.17.0.1 - - [04/Jan/2023 10:58:58] "GET /progress-scdg HTTP/1.1" 200 -[0m[0m
[1;32;40mINFO - 2023-01-04 10:58:58,231 - [33mwerkzeug[0m - [33m172.17.0.1 - - [04/Jan/2023 10:58:58] "GET /iteration-scdg HTTP/1.1" 200 -[0m[0m
[1;32;40mINFO - 2023-01-04 10:58:58,243 - [33mwerkzeug[0m - [33m172.17.0.1 - - [04/Jan/2023 10:58:58] "GET /progress-scdg HTTP/1.1" 200 -[0m[0m
[1;32;40mINFO - 2023-01-04 10:59:00,001 - [33mwerkzeug[0m - [33m172.17.0.1 - - [04/Jan/2023 10:59:00] "GET /iteration-scdg HTTP/1.1" 200 -[0m[0m
[1;32;40mINFO - 2023-01-04 10:59:00,014 - [33mwerkzeug[0m - [33m172.17.0.1 - - [04/Jan/2023 10:59:00] "GET /progress-scdg HTTP/1.1" 200 -[0m[0m
[1;32;40mINFO - 2023-01-04 10:59:02,536 - [31mToolChainExplorerAnotherCDFS[0m - [31mTimeout expired for simulation ![0m[0m
[1;32;40mINFO - 2023-01-04 10:59:02,539 - [37mGraphBuilder[0m - [37mOutput dir :src/output/runs/69//warzone4[0m[0m
