[1;33;40mWARNING - 2023-01-04 10:59:02,640 - [34mangr.project[0m - [34mDisabling IRSB translation cache because support for self-modifying code is enabled.[0m[0m
[1;32;40mINFO - 2023-01-04 10:59:02,983 - [33mwerkzeug[0m - [33m172.17.0.1 - - [04/Jan/2023 10:59:02] "GET /iteration-scdg HTTP/1.1" 200 -[0m[0m
[1;32;40mINFO - 2023-01-04 10:59:02,985 - [33mwerkzeug[0m - [33m172.17.0.1 - - [04/Jan/2023 10:59:02] "GET /progress-scdg HTTP/1.1" 200 -[0m[0m
[1;33;40mWARNING - 2023-01-04 10:59:03,102 - [31mpyvex.lifting.gym.x86_spotter[0m - [31mThe generalized AAM instruction is not supported by VEX, and is handled specially by pyvex. It has no flag handling at present.  See pyvex/lifting/gym/x86_spotter.py for details[0m[0m
[1;32;40mINFO - 2023-01-04 10:59:03,217 - [33mwerkzeug[0m - [33m172.17.0.1 - - [04/Jan/2023 10:59:03] "GET /iteration-scdg HTTP/1.1" 200 -[0m[0m
[1;32;40mINFO - 2023-01-04 10:59:03,219 - [33mwerkzeug[0m - [33m172.17.0.1 - - [04/Jan/2023 10:59:03] "GET /progress-scdg HTTP/1.1" 200 -[0m[0m
[1;32;40mINFO - 2023-01-04 10:59:04,982 - [33mwerkzeug[0m - [33m172.17.0.1 - - [04/Jan/2023 10:59:04] "GET /iteration-scdg HTTP/1.1" 200 -[0m[0m
[1;32;40mINFO - 2023-01-04 10:59:04,983 - [33mwerkzeug[0m - [33m172.17.0.1 - - [04/Jan/2023 10:59:04] "GET /progress-scdg HTTP/1.1" 200 -[0m[0m
[1;33;40mWARNING - 2023-01-04 10:59:07,506 - [31mpyvex.lifting.gym.x86_spotter[0m - [31mThe generalized AAM instruction is not supported by VEX, and is handled specially by pyvex. It has no flag handling at present.  See pyvex/lifting/gym/x86_spotter.py for details[0m[0m
[1;33;40mWARNING - 2023-01-04 10:59:07,507 - [31mpyvex.lifting.gym.x86_spotter[0m - [31mThe generalized AAM instruction is not supported by VEX, and is handled specially by pyvex. It has no flag handling at present.  See pyvex/lifting/gym/x86_spotter.py for details[0m[0m
[1;33;40mWARNING - 2023-01-04 10:59:07,509 - [31mpyvex.lifting.gym.x86_spotter[0m - [31mThe generalized AAM instruction is not supported by VEX, and is handled specially by pyvex. It has no flag handling at present.  See pyvex/lifting/gym/x86_spotter.py for details[0m[0m
[1;32;40mINFO - 2023-01-04 10:59:08,004 - [33mwerkzeug[0m - [33m172.17.0.1 - - [04/Jan/2023 10:59:08] "GET /iteration-scdg HTTP/1.1" 200 -[0m[0m
[1;32;40mINFO - 2023-01-04 10:59:08,041 - [33mwerkzeug[0m - [33m172.17.0.1 - - [04/Jan/2023 10:59:08] "GET /progress-scdg HTTP/1.1" 200 -[0m[0m
[1;32;40mINFO - 2023-01-04 10:59:08,233 - [33mwerkzeug[0m - [33m172.17.0.1 - - [04/Jan/2023 10:59:08] "GET /iteration-scdg HTTP/1.1" 200 -[0m[0m
[1;32;40mINFO - 2023-01-04 10:59:08,245 - [33mwerkzeug[0m - [33m172.17.0.1 - - [04/Jan/2023 10:59:08] "GET /progress-scdg HTTP/1.1" 200 -[0m[0m
[1;32;40mINFO - 2023-01-04 10:59:09,997 - [33mwerkzeug[0m - [33m172.17.0.1 - - [04/Jan/2023 10:59:09] "GET /iteration-scdg HTTP/1.1" 200 -[0m[0m
[1;32;40mINFO - 2023-01-04 10:59:10,019 - [33mwerkzeug[0m - [33m172.17.0.1 - - [04/Jan/2023 10:59:10] "GET /progress-scdg HTTP/1.1" 200 -[0m[0m
[1;32;40mINFO - 2023-01-04 10:59:10,379 - [36mCustomSimProcedure[0m - {'Sleep': 5242880, 'GetCurrentProcess': 5242884, 'VirtualAllocEx': 5242888, 'WriteConsoleW': 5242892, 'UnhandledExceptionFilter': 5242896, 'SetUnhandledExceptionFilter': 5242900, 'TerminateProcess': 5242904, 'IsProcessorFeaturePresent': 5242908, 'QueryPerformanceCounter': 5242912, 'GetCurrentProcessId': 5242916, 'GetCurrentThreadId': 5242920, 'GetSystemTimeAsFileTime': 5242924, 'InitializeSListHead': 5242928, 'IsDebuggerPresent': 5242932, 'GetStartupInfoW': 5242936, 'GetModuleHandleW': 5242940, 'InterlockedPushEntrySList': 5242944, 'InterlockedFlushSList': 5242948, 'RtlUnwind': 5242952, 'GetLastError': 5242956, 'SetLastError': 5242960, 'EnterCriticalSection': 5242964, 'LeaveCriticalSection': 5242968, 'DeleteCriticalSection': 5242972, 'InitializeCriticalSectionAndSpinCount': 5242976, 'TlsAlloc': 5242980, 'TlsGetValue': 5242984, 'TlsSetValue': 5242988, 'TlsFree': 5242992, 'FreeLibrary': 5242996, 'GetProcAddress': 5243000, 'LoadLibraryExW': 5243004, 'EncodePointer': 5243008, 'RaiseException': 5243012, 'ExitProcess': 5243016, 'GetModuleHandleExW': 5243020, 'GetStdHandle': 5243024, 'WriteFile': 5243028, 'GetModuleFileNameW': 5243032, 'GetModuleFileNameA': 5243036, 'MultiByteToWideChar': 5243040, 'WideCharToMultiByte': 5243044, 'GetACP': 5243048, 'HeapAlloc': 5243052, 'HeapFree': 5243056, 'GetDateFormatW': 5243060, 'GetTimeFormatW': 5243064, 'CompareStringW': 5243068, 'LCMapStringW': 5243072, 'GetLocaleInfoW': 5243076, 'IsValidLocale': 5243080, 'GetUserDefaultLCID': 5243084, 'EnumSystemLocalesW': 5243088, 'GetFileType': 5243092, 'GetCurrentThread': 5243096, 'GetStringTypeW': 5243100, 'OutputDebugStringA': 5243104, 'OutputDebugStringW': 5243108, 'FindClose': 5243112, 'FindFirstFileExA': 5243116, 'FindFirstFileExW': 5243120, 'FindNextFileA': 5243124, 'FindNextFileW': 5243128, 'IsValidCodePage': 5243132, 'GetOEMCP': 5243136, 'GetCPInfo': 5243140, 'GetCommandLineA': 5243144, 'GetCommandLineW': 5243148, 'GetEnvironmentStringsW': 5243152, 'FreeEnvironmentStringsW': 5243156, 'SetEnvironmentVariableA': 5243160, 'SetEnvironmentVariableW': 5243164, 'SetStdHandle': 5243168, 'GetProcessHeap': 5243172, 'SetConsoleCtrlHandler': 5243176, 'FlushFileBuffers': 5243180, 'GetConsoleCP': 5243184, 'GetConsoleMode': 5243188, 'HeapSize': 5243192, 'HeapReAlloc': 5243196, 'CloseHandle': 5243200, 'SetFilePointerEx': 5243204, 'CreateFileW': 5243208, 'DecodePointer': 5243212, 'KiUserExceptionDispatcher': 6295572, '_fmode': 6295576, '_commode': 6295580, '_acmdln': 6295584, '_wcmdln': 6295588}[0m
[1;32;40mINFO - 2023-01-04 10:59:10,380 - [36mCustomSimProcedure[0m - [36mWas in angr :kernel32.dll[0m[0m
[1;33;40mWARNING - 2023-01-04 10:59:10,458 - [34mangr.project[0m - [34mAddress is already hooked, during hook(0x601014, <SimProcedure KiUserExceptionDispatcher>). Not re-hooking.[0m[0m
[1;32;40mINFO - 2023-01-04 10:59:10,458 - [36mCustomSimProcedure[0m - [36mNo hooks for: {'_fmode': 6295576, '_commode': 6295580, '_acmdln': 6295584, '_wcmdln': 6295588}[0m[0m
[1;32;40mINFO - 2023-01-04 10:59:10,458 - [36mCustomSimProcedure[0m - [36mcustom_hook_static[0m[0m
[1;33;40mWARNING - 2023-01-04 10:59:10,459 - [34mangr.project[0m - [34mAddress is already hooked, during hook(0x400000, <SimProcedure QueryPerformanceCounter>). Not re-hooking.[0m[0m
[1;33;40mWARNING - 2023-01-04 10:59:10,459 - [34mangr.project[0m - [34mAddress is already hooked, during hook(0x400000, <SimProcedure GetCurrentProcessId>). Not re-hooking.[0m[0m
[1;33;40mWARNING - 2023-01-04 10:59:10,459 - [34mangr.project[0m - [34mAddress is already hooked, during hook(0x400000, <SimProcedure GetCurrentThreadId>). Not re-hooking.[0m[0m
[1;33;40mWARNING - 2023-01-04 10:59:10,459 - [34mangr.project[0m - [34mAddress is already hooked, during hook(0x400000, <SimProcedure GetSystemTimeAsFileTime>). Not re-hooking.[0m[0m
[1;33;40mWARNING - 2023-01-04 10:59:10,459 - [34mangr.project[0m - [34mAddress is already hooked, during hook(0x400000, <SimProcedure InitializeCriticalSectionAndSpinCount>). Not re-hooking.[0m[0m
[1;33;40mWARNING - 2023-01-04 10:59:10,460 - [34mangr.project[0m - [34mAddress is already hooked, during hook(0x400000, <SimProcedure TlsAlloc>). Not re-hooking.[0m[0m
[1;33;40mWARNING - 2023-01-04 10:59:10,460 - [34mangr.project[0m - [34mAddress is already hooked, during hook(0x400000, <SimProcedure TlsGetValue>). Not re-hooking.[0m[0m
[1;33;40mWARNING - 2023-01-04 10:59:10,460 - [34mangr.project[0m - [34mAddress is already hooked, during hook(0x400000, <SimProcedure TlsSetValue>). Not re-hooking.[0m[0m
[1;33;40mWARNING - 2023-01-04 10:59:10,460 - [34mangr.project[0m - [34mAddress is already hooked, during hook(0x400000, <SimProcedure TlsFree>). Not re-hooking.[0m[0m
[1;33;40mWARNING - 2023-01-04 10:59:10,460 - [34mangr.project[0m - [34mAddress is already hooked, during hook(0x400000, <SimProcedure EncodePointer>). Not re-hooking.[0m[0m
[1;33;40mWARNING - 2023-01-04 10:59:10,460 - [34mangr.project[0m - [34mAddress is already hooked, during hook(0x400000, <SimProcedure ExitProcess>). Not re-hooking.[0m[0m
[1;33;40mWARNING - 2023-01-04 10:59:10,460 - [34mangr.project[0m - [34mAddress is already hooked, during hook(0x400000, <SimProcedure GetStdHandle>). Not re-hooking.[0m[0m
[1;33;40mWARNING - 2023-01-04 10:59:10,460 - [34mangr.project[0m - [34mAddress is already hooked, during hook(0x400000, <SimProcedure WriteFile>). Not re-hooking.[0m[0m
[1;33;40mWARNING - 2023-01-04 10:59:10,461 - [34mangr.project[0m - [34mAddress is already hooked, during hook(0x400000, <SimProcedure HeapAlloc>). Not re-hooking.[0m[0m
[1;33;40mWARNING - 2023-01-04 10:59:10,461 - [34mangr.project[0m - [34mAddress is already hooked, during hook(0x400000, <SimProcedure HeapFree>). Not re-hooking.[0m[0m
[1;33;40mWARNING - 2023-01-04 10:59:10,461 - [34mangr.project[0m - [34mAddress is already hooked, during hook(0x400000, <SimProcedure GetCommandLineA>). Not re-hooking.[0m[0m
[1;33;40mWARNING - 2023-01-04 10:59:10,461 - [34mangr.project[0m - [34mAddress is already hooked, during hook(0x400000, <SimProcedure GetCommandLineW>). Not re-hooking.[0m[0m
[1;33;40mWARNING - 2023-01-04 10:59:10,461 - [34mangr.project[0m - [34mAddress is already hooked, during hook(0x400000, <SimProcedure GetProcessHeap>). Not re-hooking.[0m[0m
[1;33;40mWARNING - 2023-01-04 10:59:10,461 - [34mangr.project[0m - [34mAddress is already hooked, during hook(0x400000, <SimProcedure HeapReAlloc>). Not re-hooking.[0m[0m
[1;33;40mWARNING - 2023-01-04 10:59:10,462 - [34mangr.project[0m - [34mAddress is already hooked, during hook(0x50001c, <SimProcedure IsProcessorFeaturePresent>). Not re-hooking.[0m[0m
[1;33;40mWARNING - 2023-01-04 10:59:10,462 - [34mangr.project[0m - [34mAddress is already hooked, during hook(0x500020, <SimProcedure QueryPerformanceCounter>). Not re-hooking.[0m[0m
[1;33;40mWARNING - 2023-01-04 10:59:10,462 - [34mangr.project[0m - [34mAddress is already hooked, during hook(0x500024, <SimProcedure GetCurrentProcessId>). Not re-hooking.[0m[0m
[1;33;40mWARNING - 2023-01-04 10:59:10,462 - [34mangr.project[0m - [34mAddress is already hooked, during hook(0x500028, <SimProcedure GetCurrentThreadId>). Not re-hooking.[0m[0m
[1;33;40mWARNING - 2023-01-04 10:59:10,462 - [34mangr.project[0m - [34mAddress is already hooked, during hook(0x50002c, <SimProcedure GetSystemTimeAsFileTime>). Not re-hooking.[0m[0m
[1;33;40mWARNING - 2023-01-04 10:59:10,462 - [34mangr.project[0m - [34mAddress is already hooked, during hook(0x500060, <SimProcedure InitializeCriticalSectionAndSpinCount>). Not re-hooking.[0m[0m
[1;33;40mWARNING - 2023-01-04 10:59:10,462 - [34mangr.project[0m - [34mAddress is already hooked, during hook(0x500064, <SimProcedure TlsAlloc>). Not re-hooking.[0m[0m
[1;33;40mWARNING - 2023-01-04 10:59:10,462 - [34mangr.project[0m - [34mAddress is already hooked, during hook(0x500068, <SimProcedure TlsGetValue>). Not re-hooking.[0m[0m
[1;33;40mWARNING - 2023-01-04 10:59:10,463 - [34mangr.project[0m - [34mAddress is already hooked, during hook(0x50006c, <SimProcedure TlsSetValue>). Not re-hooking.[0m[0m
[1;33;40mWARNING - 2023-01-04 10:59:10,463 - [34mangr.project[0m - [34mAddress is already hooked, during hook(0x500070, <SimProcedure TlsFree>). Not re-hooking.[0m[0m
[1;33;40mWARNING - 2023-01-04 10:59:10,463 - [34mangr.project[0m - [34mAddress is already hooked, during hook(0x500080, <SimProcedure EncodePointer>). Not re-hooking.[0m[0m
[1;33;40mWARNING - 2023-01-04 10:59:10,463 - [34mangr.project[0m - [34mAddress is already hooked, during hook(0x500088, <SimProcedure ExitProcess>). Not re-hooking.[0m[0m
[1;33;40mWARNING - 2023-01-04 10:59:10,463 - [34mangr.project[0m - [34mAddress is already hooked, during hook(0x500090, <SimProcedure GetStdHandle>). Not re-hooking.[0m[0m
[1;33;40mWARNING - 2023-01-04 10:59:10,463 - [34mangr.project[0m - [34mAddress is already hooked, during hook(0x500094, <SimProcedure WriteFile>). Not re-hooking.[0m[0m
[1;33;40mWARNING - 2023-01-04 10:59:10,463 - [34mangr.project[0m - [34mAddress is already hooked, during hook(0x5000ac, <SimProcedure HeapAlloc>). Not re-hooking.[0m[0m
[1;33;40mWARNING - 2023-01-04 10:59:10,464 - [34mangr.project[0m - [34mAddress is already hooked, during hook(0x5000b0, <SimProcedure HeapFree>). Not re-hooking.[0m[0m
[1;33;40mWARNING - 2023-01-04 10:59:10,464 - [34mangr.project[0m - [34mAddress is already hooked, during hook(0x500108, <SimProcedure GetCommandLineA>). Not re-hooking.[0m[0m
[1;33;40mWARNING - 2023-01-04 10:59:10,464 - [34mangr.project[0m - [34mAddress is already hooked, during hook(0x50010c, <SimProcedure GetCommandLineW>). Not re-hooking.[0m[0m
[1;33;40mWARNING - 2023-01-04 10:59:10,464 - [34mangr.project[0m - [34mAddress is already hooked, during hook(0x500124, <SimProcedure GetProcessHeap>). Not re-hooking.[0m[0m
[1;33;40mWARNING - 2023-01-04 10:59:10,464 - [34mangr.project[0m - [34mAddress is already hooked, during hook(0x50013c, <SimProcedure HeapReAlloc>). Not re-hooking.[0m[0m
[1;33;40mWARNING - 2023-01-04 10:59:10,464 - [34mangr.project[0m - [34mAddress is already hooked, during hook(0x601014, <SimProcedure KiUserExceptionDispatcher>). Not re-hooking.[0m[0m
[1;32;40mINFO - 2023-01-04 10:59:10,464 - [36mCustomSimProcedure[0m - [36mcustom_hook_windows_symbols[0m[0m
[1;33;40mWARNING - 2023-01-04 10:59:10,650 - [34mangr.project[0m - [34mAddress is already hooked, during hook(0x500140, <SimProcedure CloseHandle>). Re-hooking.[0m[0m
[1;33;40mWARNING - 2023-01-04 10:59:10,652 - [34mangr.project[0m - [34mAddress is already hooked, during hook(0x500140, <SimProcedure CloseHandle>). Re-hooking.[0m[0m
[1;33;40mWARNING - 2023-01-04 10:59:10,685 - [34mangr.project[0m - [34mAddress is already hooked, during hook(0x5000bc, <SimProcedure CompareStringW>). Re-hooking.[0m[0m
[1;33;40mWARNING - 2023-01-04 10:59:10,686 - [34mangr.project[0m - [34mAddress is already hooked, during hook(0x5000bc, <SimProcedure CompareStringW>). Re-hooking.[0m[0m
[1;33;40mWARNING - 2023-01-04 10:59:10,905 - [34mangr.project[0m - [34mAddress is already hooked, during hook(0x50005c, <SimProcedure DeleteCriticalSection>). Re-hooking.[0m[0m
[1;33;40mWARNING - 2023-01-04 10:59:10,907 - [34mangr.project[0m - [34mAddress is already hooked, during hook(0x50005c, <SimProcedure DeleteCriticalSection>). Re-hooking.[0m[0m
[1;33;40mWARNING - 2023-01-04 10:59:10,970 - [34mangr.project[0m - [34mAddress is already hooked, during hook(0x500054, <SimProcedure EnterCriticalSection>). Re-hooking.[0m[0m
[1;33;40mWARNING - 2023-01-04 10:59:10,972 - [34mangr.project[0m - [34mAddress is already hooked, during hook(0x500054, <SimProcedure EnterCriticalSection>). Re-hooking.[0m[0m
[1;33;40mWARNING - 2023-01-04 10:59:11,041 - [34mangr.project[0m - [34mAddress is already hooked, during hook(0x5000d0, <SimProcedure EnumSystemLocalesW>). Re-hooking.[0m[0m
[1;33;40mWARNING - 2023-01-04 10:59:11,042 - [34mangr.project[0m - [34mAddress is already hooked, during hook(0x5000d0, <SimProcedure EnumSystemLocalesW>). Re-hooking.[0m[0m
[1;33;40mWARNING - 2023-01-04 10:59:11,096 - [34mangr.project[0m - [34mAddress is already hooked, during hook(0x5000e8, <SimProcedure FindClose>). Re-hooking.[0m[0m
[1;33;40mWARNING - 2023-01-04 10:59:11,098 - [34mangr.project[0m - [34mAddress is already hooked, during hook(0x5000e8, <SimProcedure FindClose>). Re-hooking.[0m[0m
[1;33;40mWARNING - 2023-01-04 10:59:11,109 - [34mangr.project[0m - [34mAddress is already hooked, during hook(0x5000ec, <SimProcedure FindFirstFileExA>). Re-hooking.[0m[0m
[1;33;40mWARNING - 2023-01-04 10:59:11,110 - [34mangr.project[0m - [34mAddress is already hooked, during hook(0x5000ec, <SimProcedure FindFirstFileExA>). Re-hooking.[0m[0m
[1;33;40mWARNING - 2023-01-04 10:59:11,111 - [34mangr.project[0m - [34mAddress is already hooked, during hook(0x5000f0, <SimProcedure FindFirstFileExW>). Re-hooking.[0m[0m
[1;33;40mWARNING - 2023-01-04 10:59:11,112 - [34mangr.project[0m - [34mAddress is already hooked, during hook(0x5000f0, <SimProcedure FindFirstFileExW>). Re-hooking.[0m[0m
[1;33;40mWARNING - 2023-01-04 10:59:11,151 - [34mangr.project[0m - [34mAddress is already hooked, during hook(0x5000f8, <SimProcedure FindNextFileW>). Re-hooking.[0m[0m
[1;33;40mWARNING - 2023-01-04 10:59:11,152 - [34mangr.project[0m - [34mAddress is already hooked, during hook(0x5000f8, <SimProcedure FindNextFileW>). Re-hooking.[0m[0m
[1;33;40mWARNING - 2023-01-04 10:59:11,184 - [34mangr.project[0m - [34mAddress is already hooked, during hook(0x50012c, <SimProcedure FlushFileBuffers>). Re-hooking.[0m[0m
[1;33;40mWARNING - 2023-01-04 10:59:11,186 - [34mangr.project[0m - [34mAddress is already hooked, during hook(0x50012c, <SimProcedure FlushFileBuffers>). Re-hooking.[0m[0m
[1;33;40mWARNING - 2023-01-04 10:59:11,211 - [34mangr.project[0m - [34mAddress is already hooked, during hook(0x500114, <SimProcedure FreeEnvironmentStringsW>). Re-hooking.[0m[0m
[1;33;40mWARNING - 2023-01-04 10:59:11,212 - [34mangr.project[0m - [34mAddress is already hooked, during hook(0x500114, <SimProcedure FreeEnvironmentStringsW>). Re-hooking.[0m[0m
[1;33;40mWARNING - 2023-01-04 10:59:11,213 - [34mangr.project[0m - [34mAddress is already hooked, during hook(0x500074, <SimProcedure FreeLibrary>). Re-hooking.[0m[0m
[1;33;40mWARNING - 2023-01-04 10:59:11,215 - [34mangr.project[0m - [34mAddress is already hooked, during hook(0x500074, <SimProcedure FreeLibrary>). Re-hooking.[0m[0m
[1;33;40mWARNING - 2023-01-04 10:59:11,253 - [34mangr.project[0m - [34mAddress is already hooked, during hook(0x500104, <SimProcedure GetCPInfo>). Re-hooking.[0m[0m
[1;33;40mWARNING - 2023-01-04 10:59:11,255 - [34mangr.project[0m - [34mAddress is already hooked, during hook(0x500104, <SimProcedure GetCPInfo>). Re-hooking.[0m[0m
[1;33;40mWARNING - 2023-01-04 10:59:11,326 - [34mangr.project[0m - [34mAddress is already hooked, during hook(0x500130, <SimProcedure GetConsoleCP>). Re-hooking.[0m[0m
[1;33;40mWARNING - 2023-01-04 10:59:11,328 - [34mangr.project[0m - [34mAddress is already hooked, during hook(0x500130, <SimProcedure GetConsoleCP>). Re-hooking.[0m[0m
[1;33;40mWARNING - 2023-01-04 10:59:11,339 - [34mangr.project[0m - [34mAddress is already hooked, during hook(0x500134, <SimProcedure GetConsoleMode>). Re-hooking.[0m[0m
[1;33;40mWARNING - 2023-01-04 10:59:11,341 - [34mangr.project[0m - [34mAddress is already hooked, during hook(0x500134, <SimProcedure GetConsoleMode>). Re-hooking.[0m[0m
[1;33;40mWARNING - 2023-01-04 10:59:11,408 - [34mangr.project[0m - [34mAddress is already hooked, during hook(0x5000d8, <SimProcedure GetCurrentThread>). Re-hooking.[0m[0m
[1;33;40mWARNING - 2023-01-04 10:59:11,409 - [34mangr.project[0m - [34mAddress is already hooked, during hook(0x5000d8, <SimProcedure GetCurrentThread>). Re-hooking.[0m[0m
[1;33;40mWARNING - 2023-01-04 10:59:11,417 - [34mangr.project[0m - [34mAddress is already hooked, during hook(0x5000b4, <SimProcedure GetDateFormatW>). Re-hooking.[0m[0m
[1;33;40mWARNING - 2023-01-04 10:59:11,418 - [34mangr.project[0m - [34mAddress is already hooked, during hook(0x5000b4, <SimProcedure GetDateFormatW>). Re-hooking.[0m[0m
[1;33;40mWARNING - 2023-01-04 10:59:11,520 - [34mangr.project[0m - [34mAddress is already hooked, during hook(0x5000d4, <SimProcedure GetFileType>). Re-hooking.[0m[0m
[1;33;40mWARNING - 2023-01-04 10:59:11,521 - [34mangr.project[0m - [34mAddress is already hooked, during hook(0x5000d4, <SimProcedure GetFileType>). Re-hooking.[0m[0m
[1;33;40mWARNING - 2023-01-04 10:59:11,566 - [34mangr.project[0m - [34mAddress is already hooked, during hook(0x5000c4, <SimProcedure GetLocaleInfoW>). Re-hooking.[0m[0m
[1;33;40mWARNING - 2023-01-04 10:59:11,568 - [34mangr.project[0m - [34mAddress is already hooked, during hook(0x5000c4, <SimProcedure GetLocaleInfoW>). Re-hooking.[0m[0m
[1;33;40mWARNING - 2023-01-04 10:59:11,685 - [34mangr.project[0m - [34mAddress is already hooked, during hook(0x500100, <SimProcedure GetOEMCP>). Re-hooking.[0m[0m
[1;33;40mWARNING - 2023-01-04 10:59:11,686 - [34mangr.project[0m - [34mAddress is already hooked, during hook(0x500100, <SimProcedure GetOEMCP>). Re-hooking.[0m[0m
[1;33;40mWARNING - 2023-01-04 10:59:11,696 - [34mangr.project[0m - [34mAddress is already hooked, during hook(0x50012c, <SimProcedure FlushFileBuffers>). Re-hooking.[0m[0m
[1;33;40mWARNING - 2023-01-04 10:59:11,698 - [34mangr.project[0m - [34mAddress is already hooked, during hook(0x50012c, <SimProcedure FlushFileBuffers>). Re-hooking.[0m[0m
[1;33;40mWARNING - 2023-01-04 10:59:11,798 - [34mangr.project[0m - [34mAddress is already hooked, during hook(0x500038, <SimProcedure GetStartupInfoW>). Re-hooking.[0m[0m
[1;33;40mWARNING - 2023-01-04 10:59:11,800 - [34mangr.project[0m - [34mAddress is already hooked, during hook(0x500038, <SimProcedure GetStartupInfoW>). Re-hooking.[0m[0m
[1;33;40mWARNING - 2023-01-04 10:59:11,810 - [34mangr.project[0m - [34mAddress is already hooked, during hook(0x5000dc, <SimProcedure GetStringTypeW>). Re-hooking.[0m[0m
[1;33;40mWARNING - 2023-01-04 10:59:11,811 - [34mangr.project[0m - [34mAddress is already hooked, during hook(0x5000dc, <SimProcedure GetStringTypeW>). Re-hooking.[0m[0m
[1;33;40mWARNING - 2023-01-04 10:59:11,909 - [34mangr.project[0m - [34mAddress is already hooked, during hook(0x5000b8, <SimProcedure GetTimeFormatW>). Re-hooking.[0m[0m
[1;33;40mWARNING - 2023-01-04 10:59:11,911 - [34mangr.project[0m - [34mAddress is already hooked, during hook(0x5000b8, <SimProcedure GetTimeFormatW>). Re-hooking.[0m[0m
[1;33;40mWARNING - 2023-01-04 10:59:11,931 - [34mangr.project[0m - [34mAddress is already hooked, during hook(0x500100, <SimProcedure GetOEMCP>). Re-hooking.[0m[0m
[1;33;40mWARNING - 2023-01-04 10:59:11,932 - [34mangr.project[0m - [34mAddress is already hooked, during hook(0x500100, <SimProcedure GetOEMCP>). Re-hooking.[0m[0m
[1;33;40mWARNING - 2023-01-04 10:59:12,037 - [34mangr.project[0m - [34mAddress is already hooked, during hook(0x500138, <SimProcedure HeapSize>). Re-hooking.[0m[0m
[1;33;40mWARNING - 2023-01-04 10:59:12,038 - [34mangr.project[0m - [34mAddress is already hooked, during hook(0x500138, <SimProcedure HeapSize>). Re-hooking.[0m[0m
[1;33;40mWARNING - 2023-01-04 10:59:12,076 - [34mangr.project[0m - [34mAddress is already hooked, during hook(0x500030, <SimProcedure InitializeSListHead>). Re-hooking.[0m[0m
[1;33;40mWARNING - 2023-01-04 10:59:12,077 - [34mangr.project[0m - [34mAddress is already hooked, during hook(0x500030, <SimProcedure InitializeSListHead>). Re-hooking.[0m[0m
[1;33;40mWARNING - 2023-01-04 10:59:12,086 - [34mangr.project[0m - [34mAddress is already hooked, during hook(0x500044, <SimProcedure InterlockedFlushSList>). Re-hooking.[0m[0m
[1;33;40mWARNING - 2023-01-04 10:59:12,088 - [34mangr.project[0m - [34mAddress is already hooked, during hook(0x500044, <SimProcedure InterlockedFlushSList>). Re-hooking.[0m[0m
[1;33;40mWARNING - 2023-01-04 10:59:12,091 - [34mangr.project[0m - [34mAddress is already hooked, during hook(0x500040, <SimProcedure InterlockedPushEntrySList>). Re-hooking.[0m[0m
[1;33;40mWARNING - 2023-01-04 10:59:12,093 - [34mangr.project[0m - [34mAddress is already hooked, during hook(0x500040, <SimProcedure InterlockedPushEntrySList>). Re-hooking.[0m[0m
[1;33;40mWARNING - 2023-01-04 10:59:12,142 - [34mangr.project[0m - [34mAddress is already hooked, during hook(0x5000c8, <SimProcedure IsValidLocale>). Re-hooking.[0m[0m
[1;33;40mWARNING - 2023-01-04 10:59:12,144 - [34mangr.project[0m - [34mAddress is already hooked, during hook(0x5000c8, <SimProcedure IsValidLocale>). Re-hooking.[0m[0m
[1;33;40mWARNING - 2023-01-04 10:59:12,227 - [34mangr.project[0m - [34mAddress is already hooked, during hook(0x5000c0, <SimProcedure LCMapStringW>). Re-hooking.[0m[0m
[1;33;40mWARNING - 2023-01-04 10:59:12,229 - [34mangr.project[0m - [34mAddress is already hooked, during hook(0x5000c0, <SimProcedure LCMapStringW>). Re-hooking.[0m[0m
[1;33;40mWARNING - 2023-01-04 10:59:12,249 - [34mangr.project[0m - [34mAddress is already hooked, during hook(0x500058, <SimProcedure LeaveCriticalSection>). Re-hooking.[0m[0m
[1;33;40mWARNING - 2023-01-04 10:59:12,251 - [34mangr.project[0m - [34mAddress is already hooked, during hook(0x500058, <SimProcedure LeaveCriticalSection>). Re-hooking.[0m[0m
[1;33;40mWARNING - 2023-01-04 10:59:12,428 - [34mangr.project[0m - [34mAddress is already hooked, during hook(0x5000e0, <SimProcedure OutputDebugStringA>). Re-hooking.[0m[0m
[1;33;40mWARNING - 2023-01-04 10:59:12,430 - [34mangr.project[0m - [34mAddress is already hooked, during hook(0x5000e0, <SimProcedure OutputDebugStringA>). Re-hooking.[0m[0m
[1;33;40mWARNING - 2023-01-04 10:59:12,432 - [34mangr.project[0m - [34mAddress is already hooked, during hook(0x5000e4, <SimProcedure OutputDebugStringW>). Re-hooking.[0m[0m
[1;33;40mWARNING - 2023-01-04 10:59:12,434 - [34mangr.project[0m - [34mAddress is already hooked, during hook(0x5000e4, <SimProcedure OutputDebugStringW>). Re-hooking.[0m[0m
[1;33;40mWARNING - 2023-01-04 10:59:12,565 - [34mangr.project[0m - [34mAddress is already hooked, during hook(0x500084, <SimProcedure RaiseException>). Re-hooking.[0m[0m
[1;33;40mWARNING - 2023-01-04 10:59:12,567 - [34mangr.project[0m - [34mAddress is already hooked, during hook(0x500084, <SimProcedure RaiseException>). Re-hooking.[0m[0m
[1;33;40mWARNING - 2023-01-04 10:59:12,776 - [34mangr.project[0m - [34mAddress is already hooked, during hook(0x500048, <SimProcedure RtlUnwind>). Re-hooking.[0m[0m
[1;33;40mWARNING - 2023-01-04 10:59:12,778 - [34mangr.project[0m - [34mAddress is already hooked, during hook(0x500048, <SimProcedure RtlUnwind>). Re-hooking.[0m[0m
[1;33;40mWARNING - 2023-01-04 10:59:12,829 - [34mangr.project[0m - [34mAddress is already hooked, during hook(0x500128, <SimProcedure SetConsoleCtrlHandler>). Re-hooking.[0m[0m
[1;33;40mWARNING - 2023-01-04 10:59:12,830 - [34mangr.project[0m - [34mAddress is already hooked, during hook(0x500128, <SimProcedure SetConsoleCtrlHandler>). Re-hooking.[0m[0m
[1;33;40mWARNING - 2023-01-04 10:59:12,898 - [34mangr.project[0m - [34mAddress is already hooked, during hook(0x500118, <SimProcedure SetEnvironmentVariableA>). Re-hooking.[0m[0m
[1;33;40mWARNING - 2023-01-04 10:59:12,899 - [34mangr.project[0m - [34mAddress is already hooked, during hook(0x500118, <SimProcedure SetEnvironmentVariableA>). Re-hooking.[0m[0m
[1;33;40mWARNING - 2023-01-04 10:59:12,901 - [34mangr.project[0m - [34mAddress is already hooked, during hook(0x50011c, <SimProcedure SetEnvironmentVariableW>). Re-hooking.[0m[0m
[1;33;40mWARNING - 2023-01-04 10:59:12,903 - [34mangr.project[0m - [34mAddress is already hooked, during hook(0x50011c, <SimProcedure SetEnvironmentVariableW>). Re-hooking.[0m[0m
[1;32;40mINFO - 2023-01-04 10:59:13,006 - [33mwerkzeug[0m - [33m172.17.0.1 - - [04/Jan/2023 10:59:13] "GET /iteration-scdg HTTP/1.1" 200 -[0m[0m
[1;32;40mINFO - 2023-01-04 10:59:13,017 - [33mwerkzeug[0m - [33m172.17.0.1 - - [04/Jan/2023 10:59:13] "GET /progress-scdg HTTP/1.1" 200 -[0m[0m
[1;33;40mWARNING - 2023-01-04 10:59:13,019 - [34mangr.project[0m - [34mAddress is already hooked, during hook(0x500120, <SimProcedure SetStdHandle>). Re-hooking.[0m[0m
[1;33;40mWARNING - 2023-01-04 10:59:13,024 - [34mangr.project[0m - [34mAddress is already hooked, during hook(0x500120, <SimProcedure SetStdHandle>). Re-hooking.[0m[0m
[1;33;40mWARNING - 2023-01-04 10:59:13,123 - [34mangr.project[0m - [34mAddress is already hooked, during hook(0x500000, <SimProcedure Sleep>). Re-hooking.[0m[0m
[1;33;40mWARNING - 2023-01-04 10:59:13,125 - [34mangr.project[0m - [34mAddress is already hooked, during hook(0x500000, <SimProcedure Sleep>). Re-hooking.[0m[0m
[1;33;40mWARNING - 2023-01-04 10:59:13,183 - [34mangr.project[0m - [34mAddress is already hooked, during hook(0x500010, <SimProcedure UnhandledExceptionFilter>). Re-hooking.[0m[0m
[1;33;40mWARNING - 2023-01-04 10:59:13,184 - [34mangr.project[0m - [34mAddress is already hooked, during hook(0x500010, <SimProcedure UnhandledExceptionFilter>). Re-hooking.[0m[0m
[1;32;40mINFO - 2023-01-04 10:59:13,229 - [33mwerkzeug[0m - [33m172.17.0.1 - - [04/Jan/2023 10:59:13] "GET /iteration-scdg HTTP/1.1" 200 -[0m[0m
[1;32;40mINFO - 2023-01-04 10:59:13,251 - [33mwerkzeug[0m - [33m172.17.0.1 - - [04/Jan/2023 10:59:13] "GET /progress-scdg HTTP/1.1" 200 -[0m[0m
[1;33;40mWARNING - 2023-01-04 10:59:13,348 - [34mangr.project[0m - [34mAddress is already hooked, during hook(0x50000c, <SimProcedure WriteConsoleW>). Re-hooking.[0m[0m
[1;33;40mWARNING - 2023-01-04 10:59:13,350 - [34mangr.project[0m - [34mAddress is already hooked, during hook(0x50000c, <SimProcedure WriteConsoleW>). Re-hooking.[0m[0m
[1;33;40mWARNING - 2023-01-04 10:59:13,610 - [34mangr.project[0m - [34mAddress is already hooked, during hook(0x500130, <SimProcedure GetConsoleCP>). Re-hooking.[0m[0m
[1;33;40mWARNING - 2023-01-04 10:59:13,611 - [34mangr.project[0m - [34mAddress is already hooked, during hook(0x500130, <SimProcedure GetConsoleCP>). Re-hooking.[0m[0m
[1;33;40mWARNING - 2023-01-04 10:59:13,720 - [34mangr.project[0m - [34mAddress is already hooked, during hook(0x500044, <SimProcedure InterlockedFlushSList>). Re-hooking.[0m[0m
[1;33;40mWARNING - 2023-01-04 10:59:13,721 - [34mangr.project[0m - [34mAddress is already hooked, during hook(0x500044, <SimProcedure InterlockedFlushSList>). Re-hooking.[0m[0m
[1;33;40mWARNING - 2023-01-04 10:59:13,885 - [34mangr.project[0m - [34mAddress is already hooked, during hook(0x500074, <SimProcedure FreeLibrary>). Re-hooking.[0m[0m
[1;33;40mWARNING - 2023-01-04 10:59:13,886 - [34mangr.project[0m - [34mAddress is already hooked, during hook(0x500074, <SimProcedure FreeLibrary>). Re-hooking.[0m[0m
[1;33;40mWARNING - 2023-01-04 10:59:14,039 - [34mangr.project[0m - [34mAddress is already hooked, during hook(0x500010, <SimProcedure UnhandledExceptionFilter>). Re-hooking.[0m[0m
[1;33;40mWARNING - 2023-01-04 10:59:14,041 - [34mangr.project[0m - [34mAddress is already hooked, during hook(0x500010, <SimProcedure UnhandledExceptionFilter>). Re-hooking.[0m[0m
[1;33;40mWARNING - 2023-01-04 10:59:14,066 - [34mangr.project[0m - [34mAddress is already hooked, during hook(0x500004, <SimProcedure GetCurrentProcess>). Re-hooking.[0m[0m
[1;33;40mWARNING - 2023-01-04 10:59:14,068 - [34mangr.project[0m - [34mAddress is already hooked, during hook(0x500004, <SimProcedure GetCurrentProcess>). Re-hooking.[0m[0m
[1;33;40mWARNING - 2023-01-04 10:59:14,094 - [34mangr.project[0m - [34mAddress is already hooked, during hook(0x500134, <SimProcedure GetConsoleMode>). Re-hooking.[0m[0m
[1;33;40mWARNING - 2023-01-04 10:59:14,095 - [34mangr.project[0m - [34mAddress is already hooked, during hook(0x500134, <SimProcedure GetConsoleMode>). Re-hooking.[0m[0m
[1;33;40mWARNING - 2023-01-04 10:59:14,099 - [34mangr.project[0m - [34mAddress is already hooked, during hook(0x500058, <SimProcedure LeaveCriticalSection>). Re-hooking.[0m[0m
[1;33;40mWARNING - 2023-01-04 10:59:14,101 - [34mangr.project[0m - [34mAddress is already hooked, during hook(0x500058, <SimProcedure LeaveCriticalSection>). Re-hooking.[0m[0m
[1;33;40mWARNING - 2023-01-04 10:59:14,132 - [34mangr.project[0m - [34mAddress is already hooked, during hook(0x5000f8, <SimProcedure FindNextFileW>). Re-hooking.[0m[0m
[1;33;40mWARNING - 2023-01-04 10:59:14,134 - [34mangr.project[0m - [34mAddress is already hooked, during hook(0x5000f8, <SimProcedure FindNextFileW>). Re-hooking.[0m[0m
[1;33;40mWARNING - 2023-01-04 10:59:14,235 - [34mangr.project[0m - [34mAddress is already hooked, during hook(0x50005c, <SimProcedure DeleteCriticalSection>). Re-hooking.[0m[0m
[1;33;40mWARNING - 2023-01-04 10:59:14,237 - [34mangr.project[0m - [34mAddress is already hooked, during hook(0x50005c, <SimProcedure DeleteCriticalSection>). Re-hooking.[0m[0m
[1;33;40mWARNING - 2023-01-04 10:59:14,261 - [34mangr.project[0m - [34mAddress is already hooked, during hook(0x500040, <SimProcedure InterlockedPushEntrySList>). Re-hooking.[0m[0m
[1;33;40mWARNING - 2023-01-04 10:59:14,262 - [34mangr.project[0m - [34mAddress is already hooked, during hook(0x500040, <SimProcedure InterlockedPushEntrySList>). Re-hooking.[0m[0m
[1;33;40mWARNING - 2023-01-04 10:59:14,584 - [34mangr.project[0m - [34mAddress is already hooked, during hook(0x5000d8, <SimProcedure GetCurrentThread>). Re-hooking.[0m[0m
[1;33;40mWARNING - 2023-01-04 10:59:14,585 - [34mangr.project[0m - [34mAddress is already hooked, during hook(0x5000d8, <SimProcedure GetCurrentThread>). Re-hooking.[0m[0m
[1;33;40mWARNING - 2023-01-04 10:59:14,586 - [34mangr.project[0m - [34mAddress is already hooked, during hook(0x500084, <SimProcedure RaiseException>). Re-hooking.[0m[0m
[1;33;40mWARNING - 2023-01-04 10:59:14,588 - [34mangr.project[0m - [34mAddress is already hooked, during hook(0x500084, <SimProcedure RaiseException>). Re-hooking.[0m[0m
[1;33;40mWARNING - 2023-01-04 10:59:14,618 - [34mangr.project[0m - [34mAddress is already hooked, during hook(0x500004, <SimProcedure GetCurrentProcess>). Re-hooking.[0m[0m
[1;33;40mWARNING - 2023-01-04 10:59:14,620 - [34mangr.project[0m - [34mAddress is already hooked, during hook(0x500004, <SimProcedure GetCurrentProcess>). Re-hooking.[0m[0m
[1;33;40mWARNING - 2023-01-04 10:59:14,626 - [34mangr.project[0m - [34mAddress is already hooked, during hook(0x500138, <SimProcedure HeapSize>). Re-hooking.[0m[0m
[1;33;40mWARNING - 2023-01-04 10:59:14,627 - [34mangr.project[0m - [34mAddress is already hooked, during hook(0x500138, <SimProcedure HeapSize>). Re-hooking.[0m[0m
[1;33;40mWARNING - 2023-01-04 10:59:14,656 - [34mangr.project[0m - [34mAddress is already hooked, during hook(0x500048, <SimProcedure RtlUnwind>). Re-hooking.[0m[0m
[1;33;40mWARNING - 2023-01-04 10:59:14,658 - [34mangr.project[0m - [34mAddress is already hooked, during hook(0x500048, <SimProcedure RtlUnwind>). Re-hooking.[0m[0m
[1;33;40mWARNING - 2023-01-04 10:59:14,803 - [34mangr.project[0m - [34mAddress is already hooked, during hook(0x5000fc, <SimProcedure IsValidCodePage>). Re-hooking.[0m[0m
[1;33;40mWARNING - 2023-01-04 10:59:14,804 - [34mangr.project[0m - [34mAddress is already hooked, during hook(0x5000fc, <SimProcedure IsValidCodePage>). Re-hooking.[0m[0m
[1;33;40mWARNING - 2023-01-04 10:59:14,866 - [34mangr.project[0m - [34mAddress is already hooked, during hook(0x5000e8, <SimProcedure FindClose>). Re-hooking.[0m[0m
[1;33;40mWARNING - 2023-01-04 10:59:14,867 - [34mangr.project[0m - [34mAddress is already hooked, during hook(0x5000e8, <SimProcedure FindClose>). Re-hooking.[0m[0m
[1;33;40mWARNING - 2023-01-04 10:59:14,893 - [34mangr.project[0m - [34mAddress is already hooked, during hook(0x5000d0, <SimProcedure EnumSystemLocalesW>). Re-hooking.[0m[0m
[1;33;40mWARNING - 2023-01-04 10:59:14,894 - [34mangr.project[0m - [34mAddress is already hooked, during hook(0x5000d0, <SimProcedure EnumSystemLocalesW>). Re-hooking.[0m[0m
[1;33;40mWARNING - 2023-01-04 10:59:14,927 - [34mangr.project[0m - [34mAddress is already hooked, during hook(0x5000fc, <SimProcedure IsValidCodePage>). Re-hooking.[0m[0m
[1;33;40mWARNING - 2023-01-04 10:59:14,928 - [34mangr.project[0m - [34mAddress is already hooked, during hook(0x5000fc, <SimProcedure IsValidCodePage>). Re-hooking.[0m[0m
[1;33;40mWARNING - 2023-01-04 10:59:14,950 - [34mangr.project[0m - [34mAddress is already hooked, during hook(0x5000c8, <SimProcedure IsValidLocale>). Re-hooking.[0m[0m
[1;33;40mWARNING - 2023-01-04 10:59:14,952 - [34mangr.project[0m - [34mAddress is already hooked, during hook(0x5000c8, <SimProcedure IsValidLocale>). Re-hooking.[0m[0m
[1;33;40mWARNING - 2023-01-04 10:59:14,973 - [34mangr.project[0m - [34mAddress is already hooked, during hook(0x5000c0, <SimProcedure LCMapStringW>). Re-hooking.[0m[0m
[1;33;40mWARNING - 2023-01-04 10:59:14,975 - [34mangr.project[0m - [34mAddress is already hooked, during hook(0x5000c0, <SimProcedure LCMapStringW>). Re-hooking.[0m[0m
[1;32;40mINFO - 2023-01-04 10:59:15,010 - [33mwerkzeug[0m - [33m172.17.0.1 - - [04/Jan/2023 10:59:15] "GET /iteration-scdg HTTP/1.1" 200 -[0m[0m
[1;32;40mINFO - 2023-01-04 10:59:15,054 - [33mwerkzeug[0m - [33m172.17.0.1 - - [04/Jan/2023 10:59:15] "GET /progress-scdg HTTP/1.1" 200 -[0m[0m
[1;33;40mWARNING - 2023-01-04 10:59:15,059 - [34mangr.project[0m - [34mAddress is already hooked, during hook(0x500114, <SimProcedure FreeEnvironmentStringsW>). Re-hooking.[0m[0m
[1;33;40mWARNING - 2023-01-04 10:59:15,061 - [34mangr.project[0m - [34mAddress is already hooked, during hook(0x500114, <SimProcedure FreeEnvironmentStringsW>). Re-hooking.[0m[0m
[1;33;40mWARNING - 2023-01-04 10:59:15,062 - [34mangr.project[0m - [34mAddress is already hooked, during hook(0x5000c4, <SimProcedure GetLocaleInfoW>). Re-hooking.[0m[0m
[1;33;40mWARNING - 2023-01-04 10:59:15,064 - [34mangr.project[0m - [34mAddress is already hooked, during hook(0x5000c4, <SimProcedure GetLocaleInfoW>). Re-hooking.[0m[0m
[1;33;40mWARNING - 2023-01-04 10:59:15,066 - [34mangr.project[0m - [34mAddress is already hooked, during hook(0x500120, <SimProcedure SetStdHandle>). Re-hooking.[0m[0m
[1;33;40mWARNING - 2023-01-04 10:59:15,067 - [34mangr.project[0m - [34mAddress is already hooked, during hook(0x500120, <SimProcedure SetStdHandle>). Re-hooking.[0m[0m
[1;33;40mWARNING - 2023-01-04 10:59:15,272 - [34mangr.project[0m - [34mAddress is already hooked, during hook(0x500140, <SimProcedure CloseHandle>). Re-hooking.[0m[0m
[1;33;40mWARNING - 2023-01-04 10:59:15,274 - [34mangr.project[0m - [34mAddress is already hooked, during hook(0x500140, <SimProcedure CloseHandle>). Re-hooking.[0m[0m
[1;33;40mWARNING - 2023-01-04 10:59:15,324 - [34mangr.project[0m - [34mAddress is already hooked, during hook(0x500030, <SimProcedure InitializeSListHead>). Re-hooking.[0m[0m
[1;33;40mWARNING - 2023-01-04 10:59:15,326 - [34mangr.project[0m - [34mAddress is already hooked, during hook(0x500030, <SimProcedure InitializeSListHead>). Re-hooking.[0m[0m
[1;33;40mWARNING - 2023-01-04 10:59:15,333 - [34mangr.project[0m - [34mAddress is already hooked, during hook(0x500104, <SimProcedure GetCPInfo>). Re-hooking.[0m[0m
[1;33;40mWARNING - 2023-01-04 10:59:15,335 - [34mangr.project[0m - [34mAddress is already hooked, during hook(0x500104, <SimProcedure GetCPInfo>). Re-hooking.[0m[0m
[1;33;40mWARNING - 2023-01-04 10:59:15,351 - [34mangr.project[0m - [34mAddress is already hooked, during hook(0x5000e4, <SimProcedure OutputDebugStringW>). Re-hooking.[0m[0m
[1;33;40mWARNING - 2023-01-04 10:59:15,353 - [34mangr.project[0m - [34mAddress is already hooked, during hook(0x5000e4, <SimProcedure OutputDebugStringW>). Re-hooking.[0m[0m
[1;33;40mWARNING - 2023-01-04 10:59:15,357 - [34mangr.project[0m - [34mAddress is already hooked, during hook(0x5000e0, <SimProcedure OutputDebugStringA>). Re-hooking.[0m[0m
[1;33;40mWARNING - 2023-01-04 10:59:15,358 - [34mangr.project[0m - [34mAddress is already hooked, during hook(0x5000e0, <SimProcedure OutputDebugStringA>). Re-hooking.[0m[0m
[1;33;40mWARNING - 2023-01-04 10:59:15,393 - [34mangr.project[0m - [34mAddress is already hooked, during hook(0x50011c, <SimProcedure SetEnvironmentVariableW>). Re-hooking.[0m[0m
[1;33;40mWARNING - 2023-01-04 10:59:15,394 - [34mangr.project[0m - [34mAddress is already hooked, during hook(0x50011c, <SimProcedure SetEnvironmentVariableW>). Re-hooking.[0m[0m
[1;33;40mWARNING - 2023-01-04 10:59:15,405 - [34mangr.project[0m - [34mAddress is already hooked, during hook(0x500118, <SimProcedure SetEnvironmentVariableA>). Re-hooking.[0m[0m
[1;33;40mWARNING - 2023-01-04 10:59:15,406 - [34mangr.project[0m - [34mAddress is already hooked, during hook(0x500118, <SimProcedure SetEnvironmentVariableA>). Re-hooking.[0m[0m
[1;33;40mWARNING - 2023-01-04 10:59:15,437 - [34mangr.project[0m - [34mAddress is already hooked, during hook(0x5000bc, <SimProcedure CompareStringW>). Re-hooking.[0m[0m
[1;33;40mWARNING - 2023-01-04 10:59:15,439 - [34mangr.project[0m - [34mAddress is already hooked, during hook(0x5000bc, <SimProcedure CompareStringW>). Re-hooking.[0m[0m
[1;33;40mWARNING - 2023-01-04 10:59:15,552 - [34mangr.project[0m - [34mAddress is already hooked, during hook(0x5000dc, <SimProcedure GetStringTypeW>). Re-hooking.[0m[0m
[1;33;40mWARNING - 2023-01-04 10:59:15,554 - [34mangr.project[0m - [34mAddress is already hooked, during hook(0x5000dc, <SimProcedure GetStringTypeW>). Re-hooking.[0m[0m
[1;33;40mWARNING - 2023-01-04 10:59:15,651 - [34mangr.project[0m - [34mAddress is already hooked, during hook(0x500054, <SimProcedure EnterCriticalSection>). Re-hooking.[0m[0m
[1;33;40mWARNING - 2023-01-04 10:59:15,653 - [34mangr.project[0m - [34mAddress is already hooked, during hook(0x500054, <SimProcedure EnterCriticalSection>). Re-hooking.[0m[0m
[1;33;40mWARNING - 2023-01-04 10:59:15,685 - [34mangr.project[0m - [34mAddress is already hooked, during hook(0x5000b4, <SimProcedure GetDateFormatW>). Re-hooking.[0m[0m
[1;33;40mWARNING - 2023-01-04 10:59:15,687 - [34mangr.project[0m - [34mAddress is already hooked, during hook(0x5000b4, <SimProcedure GetDateFormatW>). Re-hooking.[0m[0m
[1;33;40mWARNING - 2023-01-04 10:59:15,694 - [34mangr.project[0m - [34mAddress is already hooked, during hook(0x5000cc, <SimProcedure GetUserDefaultLCID>). Re-hooking.[0m[0m
[1;33;40mWARNING - 2023-01-04 10:59:15,696 - [34mangr.project[0m - [34mAddress is already hooked, during hook(0x5000cc, <SimProcedure GetUserDefaultLCID>). Re-hooking.[0m[0m
[1;33;40mWARNING - 2023-01-04 10:59:15,706 - [34mangr.project[0m - [34mAddress is already hooked, during hook(0x5000b8, <SimProcedure GetTimeFormatW>). Re-hooking.[0m[0m
[1;33;40mWARNING - 2023-01-04 10:59:15,707 - [34mangr.project[0m - [34mAddress is already hooked, during hook(0x5000b8, <SimProcedure GetTimeFormatW>). Re-hooking.[0m[0m
[1;33;40mWARNING - 2023-01-04 10:59:15,731 - [34mangr.project[0m - [34mAddress is already hooked, during hook(0x5000cc, <SimProcedure GetUserDefaultLCID>). Re-hooking.[0m[0m
[1;33;40mWARNING - 2023-01-04 10:59:15,732 - [34mangr.project[0m - [34mAddress is already hooked, during hook(0x5000cc, <SimProcedure GetUserDefaultLCID>). Re-hooking.[0m[0m
[1;33;40mWARNING - 2023-01-04 10:59:15,827 - [34mangr.project[0m - [34mAddress is already hooked, during hook(0x5000f0, <SimProcedure FindFirstFileExW>). Re-hooking.[0m[0m
[1;33;40mWARNING - 2023-01-04 10:59:15,828 - [34mangr.project[0m - [34mAddress is already hooked, during hook(0x5000f0, <SimProcedure FindFirstFileExW>). Re-hooking.[0m[0m
[1;33;40mWARNING - 2023-01-04 10:59:15,890 - [34mangr.project[0m - [34mAddress is already hooked, during hook(0x500128, <SimProcedure SetConsoleCtrlHandler>). Re-hooking.[0m[0m
[1;33;40mWARNING - 2023-01-04 10:59:15,891 - [34mangr.project[0m - [34mAddress is already hooked, during hook(0x500128, <SimProcedure SetConsoleCtrlHandler>). Re-hooking.[0m[0m
[1;33;40mWARNING - 2023-01-04 10:59:15,924 - [34mangr.project[0m - [34mAddress is already hooked, during hook(0x50000c, <SimProcedure WriteConsoleW>). Re-hooking.[0m[0m
[1;33;40mWARNING - 2023-01-04 10:59:15,926 - [34mangr.project[0m - [34mAddress is already hooked, during hook(0x50000c, <SimProcedure WriteConsoleW>). Re-hooking.[0m[0m
[1;33;40mWARNING - 2023-01-04 10:59:15,951 - [34mangr.project[0m - [34mAddress is already hooked, during hook(0x500038, <SimProcedure GetStartupInfoW>). Re-hooking.[0m[0m
[1;33;40mWARNING - 2023-01-04 10:59:15,952 - [34mangr.project[0m - [34mAddress is already hooked, during hook(0x500038, <SimProcedure GetStartupInfoW>). Re-hooking.[0m[0m
[1;33;40mWARNING - 2023-01-04 10:59:15,982 - [34mangr.project[0m - [34mAddress is already hooked, during hook(0x5000d4, <SimProcedure GetFileType>). Re-hooking.[0m[0m
[1;33;40mWARNING - 2023-01-04 10:59:15,983 - [34mangr.project[0m - [34mAddress is already hooked, during hook(0x5000d4, <SimProcedure GetFileType>). Re-hooking.[0m[0m
[1;33;40mWARNING - 2023-01-04 10:59:16,100 - [34mangr.project[0m - [34mAddress is already hooked, during hook(0x500144, <SimProcedure SetFilePointerEx>). Re-hooking.[0m[0m
[1;33;40mWARNING - 2023-01-04 10:59:16,102 - [34mangr.project[0m - [34mAddress is already hooked, during hook(0x500144, <SimProcedure SetFilePointerEx>). Re-hooking.[0m[0m
[1;33;40mWARNING - 2023-01-04 10:59:16,189 - [34mangr.project[0m - [34mAddress is already hooked, during hook(0x5000ec, <SimProcedure FindFirstFileExA>). Re-hooking.[0m[0m
[1;33;40mWARNING - 2023-01-04 10:59:16,191 - [34mangr.project[0m - [34mAddress is already hooked, during hook(0x5000ec, <SimProcedure FindFirstFileExA>). Re-hooking.[0m[0m
[1;33;40mWARNING - 2023-01-04 10:59:16,220 - [34mangr.project[0m - [34mAddress is already hooked, during hook(0x500144, <SimProcedure SetFilePointerEx>). Re-hooking.[0m[0m
[1;33;40mWARNING - 2023-01-04 10:59:16,221 - [34mangr.project[0m - [34mAddress is already hooked, during hook(0x500144, <SimProcedure SetFilePointerEx>). Re-hooking.[0m[0m
[1;33;40mWARNING - 2023-01-04 10:59:16,260 - [34mangr.project[0m - [34mAddress is already hooked, during hook(0x500000, <SimProcedure Sleep>). Re-hooking.[0m[0m
[1;33;40mWARNING - 2023-01-04 10:59:16,262 - [34mangr.project[0m - [34mAddress is already hooked, during hook(0x500000, <SimProcedure Sleep>). Re-hooking.[0m[0m
[1;32;40mINFO - 2023-01-04 10:59:16,381 - [36mCustomSimProcedure[0m - [36mSyscall found:  IsProcessorFeaturePresent[<BV32 0xa>][0m[0m
[1;32;40mINFO - 2023-01-04 10:59:16,556 - [37mCustomSimProcedureWindows[0m - [37mLoadLibraryExW: Symbol not found[0m[0m
[1;32;40mINFO - 2023-01-04 10:59:16,565 - [36mCustomSimProcedure[0m - {'Sleep': 5242880, 'GetCurrentProcess': 5242884, 'VirtualAllocEx': 5242888, 'WriteConsoleW': 5242892, 'UnhandledExceptionFilter': 5242896, 'SetUnhandledExceptionFilter': 5242900, 'TerminateProcess': 5242904, 'IsProcessorFeaturePresent': 5242908, 'QueryPerformanceCounter': 5242912, 'GetCurrentProcessId': 5242916, 'GetCurrentThreadId': 5242920, 'GetSystemTimeAsFileTime': 5242924, 'InitializeSListHead': 5242928, 'IsDebuggerPresent': 5242932, 'GetStartupInfoW': 5242936, 'GetModuleHandleW': 5242940, 'InterlockedPushEntrySList': 5242944, 'InterlockedFlushSList': 5242948, 'RtlUnwind': 5242952, 'GetLastError': 5242956, 'SetLastError': 5242960, 'EnterCriticalSection': 5242964, 'LeaveCriticalSection': 5242968, 'DeleteCriticalSection': 5242972, 'InitializeCriticalSectionAndSpinCount': 5242976, 'TlsAlloc': 5242980, 'TlsGetValue': 5242984, 'TlsSetValue': 5242988, 'TlsFree': 5242992, 'FreeLibrary': 5242996, 'GetProcAddress': 5243000, 'LoadLibraryExW': 5243004, 'EncodePointer': 5243008, 'RaiseException': 5243012, 'ExitProcess': 5243016, 'GetModuleHandleExW': 5243020, 'GetStdHandle': 5243024, 'WriteFile': 5243028, 'GetModuleFileNameW': 5243032, 'GetModuleFileNameA': 5243036, 'MultiByteToWideChar': 5243040, 'WideCharToMultiByte': 5243044, 'GetACP': 5243048, 'HeapAlloc': 5243052, 'HeapFree': 5243056, 'GetDateFormatW': 5243060, 'GetTimeFormatW': 5243064, 'CompareStringW': 5243068, 'LCMapStringW': 5243072, 'GetLocaleInfoW': 5243076, 'IsValidLocale': 5243080, 'GetUserDefaultLCID': 5243084, 'EnumSystemLocalesW': 5243088, 'GetFileType': 5243092, 'GetCurrentThread': 5243096, 'GetStringTypeW': 5243100, 'OutputDebugStringA': 5243104, 'OutputDebugStringW': 5243108, 'FindClose': 5243112, 'FindFirstFileExA': 5243116, 'FindFirstFileExW': 5243120, 'FindNextFileA': 5243124, 'FindNextFileW': 5243128, 'IsValidCodePage': 5243132, 'GetOEMCP': 5243136, 'GetCPInfo': 5243140, 'GetCommandLineA': 5243144, 'GetCommandLineW': 5243148, 'GetEnvironmentStringsW': 5243152, 'FreeEnvironmentStringsW': 5243156, 'SetEnvironmentVariableA': 5243160, 'SetEnvironmentVariableW': 5243164, 'SetStdHandle': 5243168, 'GetProcessHeap': 5243172, 'SetConsoleCtrlHandler': 5243176, 'FlushFileBuffers': 5243180, 'GetConsoleCP': 5243184, 'GetConsoleMode': 5243188, 'HeapSize': 5243192, 'HeapReAlloc': 5243196, 'CloseHandle': 5243200, 'SetFilePointerEx': 5243204, 'CreateFileW': 5243208, 'DecodePointer': 5243212, 'KiUserExceptionDispatcher': 6295572, '_fmode': 6295576, '_commode': 6295580, '_acmdln': 6295584, '_wcmdln': 6295588, 'api-ms-win-core-synch-l1-2-0': 6295592}[0m
[1;32;40mINFO - 2023-01-04 10:59:16,565 - [36mCustomSimProcedure[0m - [36mWas in angr :kernel32.dll[0m[0m
[1;33;40mWARNING - 2023-01-04 10:59:16,652 - [34mangr.project[0m - [34mAddress is already hooked, during hook(0x601014, <SimProcedure KiUserExceptionDispatcher>). Not re-hooking.[0m[0m
[1;32;40mINFO - 2023-01-04 10:59:16,652 - [36mCustomSimProcedure[0m - [36mNo hooks for: {'_fmode': 6295576, '_commode': 6295580, '_acmdln': 6295584, '_wcmdln': 6295588, 'api-ms-win-core-synch-l1-2-0': 6295592}[0m[0m
[1;32;40mINFO - 2023-01-04 10:59:16,653 - [36mCustomSimProcedure[0m - [36mSyscall found:  LoadLibraryExW[<BV32 0x43e26c>, <BV32 0x0>, <BV32 0x800>][0m[0m
[1;32;40mINFO - 2023-01-04 10:59:16,718 - [37mCustomSimProcedureWindows[0m - [37mGetProcAddress: InitializeCriticalSectionEx[0m[0m
[1;32;40mINFO - 2023-01-04 10:59:16,719 - [37mCustomSimProcedureWindows[0m - [37mGetProcAddress - Query to lib : api-ms-win-core-synch-l1-2-0.dll[0m[0m
[1;32;40mINFO - 2023-01-04 10:59:16,719 - [37mCustomSimProcedureWindows[0m - [37mGetProcAddress: Symbol not found[0m[0m
[1;32;40mINFO - 2023-01-04 10:59:16,719 - [36mCustomSimProcedure[0m - [36mSyscall found:  GetProcAddress[<BV32 0x601028>, <BV32 0x43e330>][0m[0m
[1;32;40mINFO - 2023-01-04 10:59:16,789 - [36mCustomSimProcedure[0m - [36mSyscall found:  InitializeCriticalSectionEx[<BV32 0x47d2ac>, <BV32 0xfa0>, <BV32 0x0>][0m[0m
[1;32;40mINFO - 2023-01-04 10:59:18,003 - [33mwerkzeug[0m - [33m172.17.0.1 - - [04/Jan/2023 10:59:18] "GET /iteration-scdg HTTP/1.1" 200 -[0m[0m
[1;32;40mINFO - 2023-01-04 10:59:18,019 - [33mwerkzeug[0m - [33m172.17.0.1 - - [04/Jan/2023 10:59:18] "GET /progress-scdg HTTP/1.1" 200 -[0m[0m
[1;32;40mINFO - 2023-01-04 10:59:18,235 - [33mwerkzeug[0m - [33m172.17.0.1 - - [04/Jan/2023 10:59:18] "GET /iteration-scdg HTTP/1.1" 200 -[0m[0m
[1;32;40mINFO - 2023-01-04 10:59:18,247 - [33mwerkzeug[0m - [33m172.17.0.1 - - [04/Jan/2023 10:59:18] "GET /progress-scdg HTTP/1.1" 200 -[0m[0m
[1;32;40mINFO - 2023-01-04 10:59:20,007 - [33mwerkzeug[0m - [33m172.17.0.1 - - [04/Jan/2023 10:59:20] "GET /iteration-scdg HTTP/1.1" 200 -[0m[0m
[1;32;40mINFO - 2023-01-04 10:59:20,028 - [33mwerkzeug[0m - [33m172.17.0.1 - - [04/Jan/2023 10:59:20] "GET /progress-scdg HTTP/1.1" 200 -[0m[0m
[1;32;40mINFO - 2023-01-04 10:59:22,993 - [33mwerkzeug[0m - [33m172.17.0.1 - - [04/Jan/2023 10:59:22] "GET /iteration-scdg HTTP/1.1" 200 -[0m[0m
[1;32;40mINFO - 2023-01-04 10:59:23,009 - [33mwerkzeug[0m - [33m172.17.0.1 - - [04/Jan/2023 10:59:23] "GET /progress-scdg HTTP/1.1" 200 -[0m[0m
[1;32;40mINFO - 2023-01-04 10:59:23,245 - [33mwerkzeug[0m - [33m172.17.0.1 - - [04/Jan/2023 10:59:23] "GET /iteration-scdg HTTP/1.1" 200 -[0m[0m
[1;32;40mINFO - 2023-01-04 10:59:23,272 - [33mwerkzeug[0m - [33m172.17.0.1 - - [04/Jan/2023 10:59:23] "GET /progress-scdg HTTP/1.1" 200 -[0m[0m
[1;32;40mINFO - 2023-01-04 10:59:25,003 - [33mwerkzeug[0m - [33m172.17.0.1 - - [04/Jan/2023 10:59:25] "GET /iteration-scdg HTTP/1.1" 200 -[0m[0m
[1;32;40mINFO - 2023-01-04 10:59:25,025 - [33mwerkzeug[0m - [33m172.17.0.1 - - [04/Jan/2023 10:59:25] "GET /progress-scdg HTTP/1.1" 200 -[0m[0m
[1;32;40mINFO - 2023-01-04 10:59:28,015 - [33mwerkzeug[0m - [33m172.17.0.1 - - [04/Jan/2023 10:59:28] "GET /iteration-scdg HTTP/1.1" 200 -[0m[0m
[1;32;40mINFO - 2023-01-04 10:59:28,032 - [33mwerkzeug[0m - [33m172.17.0.1 - - [04/Jan/2023 10:59:28] "GET /progress-scdg HTTP/1.1" 200 -[0m[0m
[1;32;40mINFO - 2023-01-04 10:59:28,247 - [33mwerkzeug[0m - [33m172.17.0.1 - - [04/Jan/2023 10:59:28] "GET /iteration-scdg HTTP/1.1" 200 -[0m[0m
[1;32;40mINFO - 2023-01-04 10:59:28,253 - [33mwerkzeug[0m - [33m172.17.0.1 - - [04/Jan/2023 10:59:28] "GET /progress-scdg HTTP/1.1" 200 -[0m[0m
[1;32;40mINFO - 2023-01-04 10:59:30,003 - [33mwerkzeug[0m - [33m172.17.0.1 - - [04/Jan/2023 10:59:30] "GET /iteration-scdg HTTP/1.1" 200 -[0m[0m
[1;32;40mINFO - 2023-01-04 10:59:30,008 - [33mwerkzeug[0m - [33m172.17.0.1 - - [04/Jan/2023 10:59:30] "GET /progress-scdg HTTP/1.1" 200 -[0m[0m
[1;32;40mINFO - 2023-01-04 10:59:32,996 - [33mwerkzeug[0m - [33m172.17.0.1 - - [04/Jan/2023 10:59:32] "GET /iteration-scdg HTTP/1.1" 200 -[0m[0m
[1;32;40mINFO - 2023-01-04 10:59:33,036 - [33mwerkzeug[0m - [33m172.17.0.1 - - [04/Jan/2023 10:59:33] "GET /progress-scdg HTTP/1.1" 200 -[0m[0m
[1;32;40mINFO - 2023-01-04 10:59:33,235 - [33mwerkzeug[0m - [33m172.17.0.1 - - [04/Jan/2023 10:59:33] "GET /iteration-scdg HTTP/1.1" 200 -[0m[0m
[1;32;40mINFO - 2023-01-04 10:59:33,261 - [33mwerkzeug[0m - [33m172.17.0.1 - - [04/Jan/2023 10:59:33] "GET /progress-scdg HTTP/1.1" 200 -[0m[0m
[1;32;40mINFO - 2023-01-04 10:59:35,012 - [33mwerkzeug[0m - [33m172.17.0.1 - - [04/Jan/2023 10:59:35] "GET /iteration-scdg HTTP/1.1" 200 -[0m[0m
[1;32;40mINFO - 2023-01-04 10:59:35,038 - [33mwerkzeug[0m - [33m172.17.0.1 - - [04/Jan/2023 10:59:35] "GET /progress-scdg HTTP/1.1" 200 -[0m[0m
[1;32;40mINFO - 2023-01-04 10:59:38,013 - [33mwerkzeug[0m - [33m172.17.0.1 - - [04/Jan/2023 10:59:38] "GET /iteration-scdg HTTP/1.1" 200 -[0m[0m
[1;32;40mINFO - 2023-01-04 10:59:38,024 - [33mwerkzeug[0m - [33m172.17.0.1 - - [04/Jan/2023 10:59:38] "GET /progress-scdg HTTP/1.1" 200 -[0m[0m
[1;32;40mINFO - 2023-01-04 10:59:38,236 - [33mwerkzeug[0m - [33m172.17.0.1 - - [04/Jan/2023 10:59:38] "GET /iteration-scdg HTTP/1.1" 200 -[0m[0m
[1;32;40mINFO - 2023-01-04 10:59:38,246 - [33mwerkzeug[0m - [33m172.17.0.1 - - [04/Jan/2023 10:59:38] "GET /progress-scdg HTTP/1.1" 200 -[0m[0m
[1;32;40mINFO - 2023-01-04 10:59:40,013 - [33mwerkzeug[0m - [33m172.17.0.1 - - [04/Jan/2023 10:59:40] "GET /iteration-scdg HTTP/1.1" 200 -[0m[0m
[1;32;40mINFO - 2023-01-04 10:59:40,019 - [33mwerkzeug[0m - [33m172.17.0.1 - - [04/Jan/2023 10:59:40] "GET /progress-scdg HTTP/1.1" 200 -[0m[0m
[1;32;40mINFO - 2023-01-04 10:59:43,015 - [33mwerkzeug[0m - [33m172.17.0.1 - - [04/Jan/2023 10:59:43] "GET /iteration-scdg HTTP/1.1" 200 -[0m[0m
[1;32;40mINFO - 2023-01-04 10:59:43,031 - [33mwerkzeug[0m - [33m172.17.0.1 - - [04/Jan/2023 10:59:43] "GET /progress-scdg HTTP/1.1" 200 -[0m[0m
[1;32;40mINFO - 2023-01-04 10:59:43,244 - [33mwerkzeug[0m - [33m172.17.0.1 - - [04/Jan/2023 10:59:43] "GET /iteration-scdg HTTP/1.1" 200 -[0m[0m
[1;32;40mINFO - 2023-01-04 10:59:43,261 - [33mwerkzeug[0m - [33m172.17.0.1 - - [04/Jan/2023 10:59:43] "GET /progress-scdg HTTP/1.1" 200 -[0m[0m
[1;32;40mINFO - 2023-01-04 10:59:45,014 - [33mwerkzeug[0m - [33m172.17.0.1 - - [04/Jan/2023 10:59:45] "GET /iteration-scdg HTTP/1.1" 200 -[0m[0m
[1;32;40mINFO - 2023-01-04 10:59:45,041 - [33mwerkzeug[0m - [33m172.17.0.1 - - [04/Jan/2023 10:59:45] "GET /progress-scdg HTTP/1.1" 200 -[0m[0m
[1;32;40mINFO - 2023-01-04 10:59:48,016 - [33mwerkzeug[0m - [33m172.17.0.1 - - [04/Jan/2023 10:59:48] "GET /iteration-scdg HTTP/1.1" 200 -[0m[0m
[1;32;40mINFO - 2023-01-04 10:59:48,024 - [33mwerkzeug[0m - [33m172.17.0.1 - - [04/Jan/2023 10:59:48] "GET /progress-scdg HTTP/1.1" 200 -[0m[0m
[1;32;40mINFO - 2023-01-04 10:59:48,241 - [33mwerkzeug[0m - [33m172.17.0.1 - - [04/Jan/2023 10:59:48] "GET /iteration-scdg HTTP/1.1" 200 -[0m[0m
[1;32;40mINFO - 2023-01-04 10:59:48,252 - [33mwerkzeug[0m - [33m172.17.0.1 - - [04/Jan/2023 10:59:48] "GET /progress-scdg HTTP/1.1" 200 -[0m[0m
[1;32;40mINFO - 2023-01-04 10:59:50,018 - [33mwerkzeug[0m - [33m172.17.0.1 - - [04/Jan/2023 10:59:50] "GET /iteration-scdg HTTP/1.1" 200 -[0m[0m
[1;32;40mINFO - 2023-01-04 10:59:50,046 - [33mwerkzeug[0m - [33m172.17.0.1 - - [04/Jan/2023 10:59:50] "GET /progress-scdg HTTP/1.1" 200 -[0m[0m
[1;32;40mINFO - 2023-01-04 10:59:53,013 - [33mwerkzeug[0m - [33m172.17.0.1 - - [04/Jan/2023 10:59:53] "GET /iteration-scdg HTTP/1.1" 200 -[0m[0m
[1;32;40mINFO - 2023-01-04 10:59:53,024 - [33mwerkzeug[0m - [33m172.17.0.1 - - [04/Jan/2023 10:59:53] "GET /progress-scdg HTTP/1.1" 200 -[0m[0m
[1;32;40mINFO - 2023-01-04 10:59:53,248 - [33mwerkzeug[0m - [33m172.17.0.1 - - [04/Jan/2023 10:59:53] "GET /iteration-scdg HTTP/1.1" 200 -[0m[0m
[1;32;40mINFO - 2023-01-04 10:59:53,248 - [33mwerkzeug[0m - [33m172.17.0.1 - - [04/Jan/2023 10:59:53] "GET /progress-scdg HTTP/1.1" 200 -[0m[0m
[1;32;40mINFO - 2023-01-04 10:59:55,023 - [33mwerkzeug[0m - [33m172.17.0.1 - - [04/Jan/2023 10:59:55] "GET /iteration-scdg HTTP/1.1" 200 -[0m[0m
[1;32;40mINFO - 2023-01-04 10:59:55,029 - [33mwerkzeug[0m - [33m172.17.0.1 - - [04/Jan/2023 10:59:55] "GET /progress-scdg HTTP/1.1" 200 -[0m[0m
[1;32;40mINFO - 2023-01-04 10:59:58,019 - [33mwerkzeug[0m - [33m172.17.0.1 - - [04/Jan/2023 10:59:58] "GET /iteration-scdg HTTP/1.1" 200 -[0m[0m
[1;32;40mINFO - 2023-01-04 10:59:58,041 - [33mwerkzeug[0m - [33m172.17.0.1 - - [04/Jan/2023 10:59:58] "GET /progress-scdg HTTP/1.1" 200 -[0m[0m
[1;32;40mINFO - 2023-01-04 10:59:58,221 - [33mwerkzeug[0m - [33m172.17.0.1 - - [04/Jan/2023 10:59:58] "GET /iteration-scdg HTTP/1.1" 200 -[0m[0m
[1;32;40mINFO - 2023-01-04 10:59:58,227 - [33mwerkzeug[0m - [33m172.17.0.1 - - [04/Jan/2023 10:59:58] "GET /progress-scdg HTTP/1.1" 200 -[0m[0m
[1;32;40mINFO - 2023-01-04 11:00:00,021 - [33mwerkzeug[0m - [33m172.17.0.1 - - [04/Jan/2023 11:00:00] "GET /iteration-scdg HTTP/1.1" 200 -[0m[0m
[1;32;40mINFO - 2023-01-04 11:00:00,042 - [33mwerkzeug[0m - [33m172.17.0.1 - - [04/Jan/2023 11:00:00] "GET /progress-scdg HTTP/1.1" 200 -[0m[0m
[1;32;40mINFO - 2023-01-04 11:00:03,009 - [33mwerkzeug[0m - [33m172.17.0.1 - - [04/Jan/2023 11:00:03] "GET /iteration-scdg HTTP/1.1" 200 -[0m[0m
[1;32;40mINFO - 2023-01-04 11:00:03,030 - [33mwerkzeug[0m - [33m172.17.0.1 - - [04/Jan/2023 11:00:03] "GET /progress-scdg HTTP/1.1" 200 -[0m[0m
[1;32;40mINFO - 2023-01-04 11:00:03,249 - [33mwerkzeug[0m - [33m172.17.0.1 - - [04/Jan/2023 11:00:03] "GET /iteration-scdg HTTP/1.1" 200 -[0m[0m
[1;32;40mINFO - 2023-01-04 11:00:03,265 - [33mwerkzeug[0m - [33m172.17.0.1 - - [04/Jan/2023 11:00:03] "GET /progress-scdg HTTP/1.1" 200 -[0m[0m
[1;32;40mINFO - 2023-01-04 11:00:05,016 - [33mwerkzeug[0m - [33m172.17.0.1 - - [04/Jan/2023 11:00:05] "GET /iteration-scdg HTTP/1.1" 200 -[0m[0m
[1;32;40mINFO - 2023-01-04 11:00:05,017 - [33mwerkzeug[0m - [33m172.17.0.1 - - [04/Jan/2023 11:00:05] "GET /progress-scdg HTTP/1.1" 200 -[0m[0m
[1;32;40mINFO - 2023-01-04 11:00:08,030 - [33mwerkzeug[0m - [33m172.17.0.1 - - [04/Jan/2023 11:00:08] "GET /iteration-scdg HTTP/1.1" 200 -[0m[0m
[1;32;40mINFO - 2023-01-04 11:00:08,051 - [33mwerkzeug[0m - [33m172.17.0.1 - - [04/Jan/2023 11:00:08] "GET /progress-scdg HTTP/1.1" 200 -[0m[0m
[1;32;40mINFO - 2023-01-04 11:00:08,237 - [33mwerkzeug[0m - [33m172.17.0.1 - - [04/Jan/2023 11:00:08] "GET /iteration-scdg HTTP/1.1" 200 -[0m[0m
[1;32;40mINFO - 2023-01-04 11:00:08,248 - [33mwerkzeug[0m - [33m172.17.0.1 - - [04/Jan/2023 11:00:08] "GET /progress-scdg HTTP/1.1" 200 -[0m[0m
[1;32;40mINFO - 2023-01-04 11:00:10,019 - [33mwerkzeug[0m - [33m172.17.0.1 - - [04/Jan/2023 11:00:10] "GET /iteration-scdg HTTP/1.1" 200 -[0m[0m
[1;32;40mINFO - 2023-01-04 11:00:10,025 - [33mwerkzeug[0m - [33m172.17.0.1 - - [04/Jan/2023 11:00:10] "GET /progress-scdg HTTP/1.1" 200 -[0m[0m
[1;32;40mINFO - 2023-01-04 11:00:13,025 - [33mwerkzeug[0m - [33m172.17.0.1 - - [04/Jan/2023 11:00:13] "GET /iteration-scdg HTTP/1.1" 200 -[0m[0m
[1;32;40mINFO - 2023-01-04 11:00:13,046 - [33mwerkzeug[0m - [33m172.17.0.1 - - [04/Jan/2023 11:00:13] "GET /progress-scdg HTTP/1.1" 200 -[0m[0m
[1;32;40mINFO - 2023-01-04 11:00:13,221 - [33mwerkzeug[0m - [33m172.17.0.1 - - [04/Jan/2023 11:00:13] "GET /iteration-scdg HTTP/1.1" 200 -[0m[0m
[1;32;40mINFO - 2023-01-04 11:00:13,237 - [33mwerkzeug[0m - [33m172.17.0.1 - - [04/Jan/2023 11:00:13] "GET /progress-scdg HTTP/1.1" 200 -[0m[0m
[1;32;40mINFO - 2023-01-04 11:00:15,025 - [33mwerkzeug[0m - [33m172.17.0.1 - - [04/Jan/2023 11:00:15] "GET /iteration-scdg HTTP/1.1" 200 -[0m[0m
[1;32;40mINFO - 2023-01-04 11:00:15,057 - [33mwerkzeug[0m - [33m172.17.0.1 - - [04/Jan/2023 11:00:15] "GET /progress-scdg HTTP/1.1" 200 -[0m[0m
[1;32;40mINFO - 2023-01-04 11:00:18,011 - [33mwerkzeug[0m - [33m172.17.0.1 - - [04/Jan/2023 11:00:18] "GET /iteration-scdg HTTP/1.1" 200 -[0m[0m
[1;32;40mINFO - 2023-01-04 11:00:18,012 - [33mwerkzeug[0m - [33m172.17.0.1 - - [04/Jan/2023 11:00:18] "GET /progress-scdg HTTP/1.1" 200 -[0m[0m
[1;32;40mINFO - 2023-01-04 11:00:18,231 - [33mwerkzeug[0m - [33m172.17.0.1 - - [04/Jan/2023 11:00:18] "GET /iteration-scdg HTTP/1.1" 200 -[0m[0m
[1;32;40mINFO - 2023-01-04 11:00:18,248 - [33mwerkzeug[0m - [33m172.17.0.1 - - [04/Jan/2023 11:00:18] "GET /progress-scdg HTTP/1.1" 200 -[0m[0m
[1;32;40mINFO - 2023-01-04 11:00:20,011 - [33mwerkzeug[0m - [33m172.17.0.1 - - [04/Jan/2023 11:00:20] "GET /iteration-scdg HTTP/1.1" 200 -[0m[0m
[1;32;40mINFO - 2023-01-04 11:00:20,043 - [33mwerkzeug[0m - [33m172.17.0.1 - - [04/Jan/2023 11:00:20] "GET /progress-scdg HTTP/1.1" 200 -[0m[0m
[1;32;40mINFO - 2023-01-04 11:00:23,052 - [33mwerkzeug[0m - [33m172.17.0.1 - - [04/Jan/2023 11:00:23] "GET /iteration-scdg HTTP/1.1" 200 -[0m[0m
[1;32;40mINFO - 2023-01-04 11:00:23,068 - [33mwerkzeug[0m - [33m172.17.0.1 - - [04/Jan/2023 11:00:23] "GET /progress-scdg HTTP/1.1" 200 -[0m[0m
[1;32;40mINFO - 2023-01-04 11:00:23,237 - [33mwerkzeug[0m - [33m172.17.0.1 - - [04/Jan/2023 11:00:23] "GET /iteration-scdg HTTP/1.1" 200 -[0m[0m
[1;32;40mINFO - 2023-01-04 11:00:23,266 - [33mwerkzeug[0m - [33m172.17.0.1 - - [04/Jan/2023 11:00:23] "GET /progress-scdg HTTP/1.1" 200 -[0m[0m
[1;32;40mINFO - 2023-01-04 11:00:25,029 - [33mwerkzeug[0m - [33m172.17.0.1 - - [04/Jan/2023 11:00:25] "GET /iteration-scdg HTTP/1.1" 200 -[0m[0m
[1;32;40mINFO - 2023-01-04 11:00:25,061 - [33mwerkzeug[0m - [33m172.17.0.1 - - [04/Jan/2023 11:00:25] "GET /progress-scdg HTTP/1.1" 200 -[0m[0m
[1;32;40mINFO - 2023-01-04 11:00:28,029 - [33mwerkzeug[0m - [33m172.17.0.1 - - [04/Jan/2023 11:00:28] "GET /progress-scdg HTTP/1.1" 200 -[0m[0m
[1;32;40mINFO - 2023-01-04 11:00:28,040 - [33mwerkzeug[0m - [33m172.17.0.1 - - [04/Jan/2023 11:00:28] "GET /iteration-scdg HTTP/1.1" 200 -[0m[0m
[1;32;40mINFO - 2023-01-04 11:00:28,231 - [33mwerkzeug[0m - [33m172.17.0.1 - - [04/Jan/2023 11:00:28] "GET /iteration-scdg HTTP/1.1" 200 -[0m[0m
[1;32;40mINFO - 2023-01-04 11:00:28,253 - [33mwerkzeug[0m - [33m172.17.0.1 - - [04/Jan/2023 11:00:28] "GET /progress-scdg HTTP/1.1" 200 -[0m[0m
[1;32;40mINFO - 2023-01-04 11:00:30,035 - [33mwerkzeug[0m - [33m172.17.0.1 - - [04/Jan/2023 11:00:30] "GET /iteration-scdg HTTP/1.1" 200 -[0m[0m
[1;32;40mINFO - 2023-01-04 11:00:30,046 - [33mwerkzeug[0m - [33m172.17.0.1 - - [04/Jan/2023 11:00:30] "GET /progress-scdg HTTP/1.1" 200 -[0m[0m
[1;32;40mINFO - 2023-01-04 11:00:33,037 - [33mwerkzeug[0m - [33m172.17.0.1 - - [04/Jan/2023 11:00:33] "GET /progress-scdg HTTP/1.1" 200 -[0m[0m
[1;32;40mINFO - 2023-01-04 11:00:33,043 - [33mwerkzeug[0m - [33m172.17.0.1 - - [04/Jan/2023 11:00:33] "GET /iteration-scdg HTTP/1.1" 200 -[0m[0m
[1;32;40mINFO - 2023-01-04 11:00:33,236 - [33mwerkzeug[0m - [33m172.17.0.1 - - [04/Jan/2023 11:00:33] "GET /iteration-scdg HTTP/1.1" 200 -[0m[0m
[1;32;40mINFO - 2023-01-04 11:00:33,242 - [33mwerkzeug[0m - [33m172.17.0.1 - - [04/Jan/2023 11:00:33] "GET /progress-scdg HTTP/1.1" 200 -[0m[0m
[1;32;40mINFO - 2023-01-04 11:00:35,047 - [33mwerkzeug[0m - [33m172.17.0.1 - - [04/Jan/2023 11:00:35] "GET /iteration-scdg HTTP/1.1" 200 -[0m[0m
[1;32;40mINFO - 2023-01-04 11:00:35,079 - [33mwerkzeug[0m - [33m172.17.0.1 - - [04/Jan/2023 11:00:35] "GET /progress-scdg HTTP/1.1" 200 -[0m[0m
[1;32;40mINFO - 2023-01-04 11:00:38,039 - [33mwerkzeug[0m - [33m172.17.0.1 - - [04/Jan/2023 11:00:38] "GET /iteration-scdg HTTP/1.1" 200 -[0m[0m
[1;32;40mINFO - 2023-01-04 11:00:38,061 - [33mwerkzeug[0m - [33m172.17.0.1 - - [04/Jan/2023 11:00:38] "GET /progress-scdg HTTP/1.1" 200 -[0m[0m
[1;32;40mINFO - 2023-01-04 11:00:38,237 - [33mwerkzeug[0m - [33m172.17.0.1 - - [04/Jan/2023 11:00:38] "GET /iteration-scdg HTTP/1.1" 200 -[0m[0m
[1;32;40mINFO - 2023-01-04 11:00:38,252 - [33mwerkzeug[0m - [33m172.17.0.1 - - [04/Jan/2023 11:00:38] "GET /progress-scdg HTTP/1.1" 200 -[0m[0m
[1;32;40mINFO - 2023-01-04 11:00:40,027 - [33mwerkzeug[0m - [33m172.17.0.1 - - [04/Jan/2023 11:00:40] "GET /iteration-scdg HTTP/1.1" 200 -[0m[0m
[1;32;40mINFO - 2023-01-04 11:00:40,043 - [33mwerkzeug[0m - [33m172.17.0.1 - - [04/Jan/2023 11:00:40] "GET /progress-scdg HTTP/1.1" 200 -[0m[0m
[1;32;40mINFO - 2023-01-04 11:00:43,054 - [33mwerkzeug[0m - [33m172.17.0.1 - - [04/Jan/2023 11:00:43] "GET /iteration-scdg HTTP/1.1" 200 -[0m[0m
[1;32;40mINFO - 2023-01-04 11:00:43,066 - [33mwerkzeug[0m - [33m172.17.0.1 - - [04/Jan/2023 11:00:43] "GET /progress-scdg HTTP/1.1" 200 -[0m[0m
[1;32;40mINFO - 2023-01-04 11:00:43,242 - [33mwerkzeug[0m - [33m172.17.0.1 - - [04/Jan/2023 11:00:43] "GET /iteration-scdg HTTP/1.1" 200 -[0m[0m
[1;32;40mINFO - 2023-01-04 11:00:43,259 - [33mwerkzeug[0m - [33m172.17.0.1 - - [04/Jan/2023 11:00:43] "GET /progress-scdg HTTP/1.1" 200 -[0m[0m
[1;32;40mINFO - 2023-01-04 11:00:45,032 - [33mwerkzeug[0m - [33m172.17.0.1 - - [04/Jan/2023 11:00:45] "GET /iteration-scdg HTTP/1.1" 200 -[0m[0m
[1;32;40mINFO - 2023-01-04 11:00:45,044 - [33mwerkzeug[0m - [33m172.17.0.1 - - [04/Jan/2023 11:00:45] "GET /progress-scdg HTTP/1.1" 200 -[0m[0m
[1;32;40mINFO - 2023-01-04 11:00:48,037 - [33mwerkzeug[0m - [33m172.17.0.1 - - [04/Jan/2023 11:00:48] "GET /iteration-scdg HTTP/1.1" 200 -[0m[0m
[1;32;40mINFO - 2023-01-04 11:00:48,044 - [33mwerkzeug[0m - [33m172.17.0.1 - - [04/Jan/2023 11:00:48] "GET /progress-scdg HTTP/1.1" 200 -[0m[0m
[1;32;40mINFO - 2023-01-04 11:00:48,240 - [33mwerkzeug[0m - [33m172.17.0.1 - - [04/Jan/2023 11:00:48] "GET /iteration-scdg HTTP/1.1" 200 -[0m[0m
[1;32;40mINFO - 2023-01-04 11:00:48,264 - [33mwerkzeug[0m - [33m172.17.0.1 - - [04/Jan/2023 11:00:48] "GET /progress-scdg HTTP/1.1" 200 -[0m[0m
[1;32;40mINFO - 2023-01-04 11:00:50,026 - [33mwerkzeug[0m - [33m172.17.0.1 - - [04/Jan/2023 11:00:50] "GET /iteration-scdg HTTP/1.1" 200 -[0m[0m
[1;32;40mINFO - 2023-01-04 11:00:50,037 - [33mwerkzeug[0m - [33m172.17.0.1 - - [04/Jan/2023 11:00:50] "GET /progress-scdg HTTP/1.1" 200 -[0m[0m
[1;32;40mINFO - 2023-01-04 11:00:53,038 - [33mwerkzeug[0m - [33m172.17.0.1 - - [04/Jan/2023 11:00:53] "GET /iteration-scdg HTTP/1.1" 200 -[0m[0m
[1;32;40mINFO - 2023-01-04 11:00:53,044 - [33mwerkzeug[0m - [33m172.17.0.1 - - [04/Jan/2023 11:00:53] "GET /progress-scdg HTTP/1.1" 200 -[0m[0m
[1;32;40mINFO - 2023-01-04 11:00:53,238 - [33mwerkzeug[0m - [33m172.17.0.1 - - [04/Jan/2023 11:00:53] "GET /iteration-scdg HTTP/1.1" 200 -[0m[0m
[1;32;40mINFO - 2023-01-04 11:00:53,238 - [33mwerkzeug[0m - [33m172.17.0.1 - - [04/Jan/2023 11:00:53] "GET /progress-scdg HTTP/1.1" 200 -[0m[0m
[1;32;40mINFO - 2023-01-04 11:00:55,614 - [33mwerkzeug[0m - [33m172.17.0.1 - - [04/Jan/2023 11:00:55] "GET /iteration-scdg HTTP/1.1" 200 -[0m[0m
[1;32;40mINFO - 2023-01-04 11:00:55,640 - [33mwerkzeug[0m - [33m172.17.0.1 - - [04/Jan/2023 11:00:55] "GET /progress-scdg HTTP/1.1" 200 -[0m[0m
[1;32;40mINFO - 2023-01-04 11:00:56,351 - [31mToolChainExplorerAnotherCDFS[0m - [31mTimeout expired for simulation ![0m[0m
[1;32;40mINFO - 2023-01-04 11:00:56,354 - [37mGraphBuilder[0m - [37mOutput dir :src/output/runs/69//warzone4[0m[0m
