[1;33;40mWARNING - 2023-01-04 10:04:17,258 - [34mangr.project[0m - [34mDisabling IRSB translation cache because support for self-modifying code is enabled.[0m[0m
[1;32;40mINFO - 2023-01-04 10:04:18,589 - [33mwerkzeug[0m - [33m172.17.0.1 - - [04/Jan/2023 10:04:18] "GET /iteration-scdg HTTP/1.1" 200 -[0m[0m
[1;32;40mINFO - 2023-01-04 10:04:18,595 - [33mwerkzeug[0m - [33m172.17.0.1 - - [04/Jan/2023 10:04:18] "GET /progress-scdg HTTP/1.1" 200 -[0m[0m
[1;32;40mINFO - 2023-01-04 10:04:18,921 - [33mwerkzeug[0m - [33m172.17.0.1 - - [04/Jan/2023 10:04:18] "GET /iteration-scdg HTTP/1.1" 200 -[0m[0m
[1;32;40mINFO - 2023-01-04 10:04:18,949 - [33mwerkzeug[0m - [33m172.17.0.1 - - [04/Jan/2023 10:04:18] "GET /progress-scdg HTTP/1.1" 200 -[0m[0m
[1;32;40mINFO - 2023-01-04 10:04:20,919 - [33mwerkzeug[0m - [33m172.17.0.1 - - [04/Jan/2023 10:04:20] "GET /iteration-scdg HTTP/1.1" 200 -[0m[0m
[1;32;40mINFO - 2023-01-04 10:04:20,936 - [33mwerkzeug[0m - [33m172.17.0.1 - - [04/Jan/2023 10:04:20] "GET /progress-scdg HTTP/1.1" 200 -[0m[0m
[1;32;40mINFO - 2023-01-04 10:04:21,268 - [36mCustomSimProcedure[0m - {"ordinal.823.b'mfc42.dll'": 5242880, "ordinal.825.b'mfc42.dll'": 5242884, '_controlfp': 5242888, '__set_app_type': 5242892, '__p__fmode': 5242896, '__p__commode': 5242900, '_adjust_fdiv': 5242904, '__setusermatherr': 5242908, '_initterm': 5242912, '__getmainargs': 5242916, '_acmdln': 5242920, 'exit': 5242924, '_XcptFilter': 5242928, '_exit': 5242932, '_except_handler3': 5242936, 'strstr': 5242940, 'strcspn': 5242944, 'strncpy': 5242948, 'atoi': 5242952, 'time': 5242956, 'srand': 5242960, 'rand': 5242964, 'realloc': 5242968, 'free': 5242972, 'malloc': 5242976, 'sprintf': 5242980, 'ReleaseMutex': 5242984, 'Sleep': 5242988, 'lstrcpyA': 5242992, 'CreateProcessA': 5242996, 'TerminateProcess': 5243000, 'ExitThread': 5243004, 'GetStartupInfoA': 5243008, 'GetModuleHandleA': 5243012, 'WaitForSingleObject': 5243016, 'GetModuleFileNameA': 5243020, 'CreateFileA': 5243024, 'SetFilePointer': 5243028, 'WriteFile': 5243032, 'lstrcpynA': 5243036, 'lstrlenA': 5243040, 'OpenMutexA': 5243044, 'GetComputerNameA': 5243048, 'ExitProcess': 5243052, 'GetCurrentProcess': 5243056, 'GetCurrentThread': 5243060, 'CloseHandle': 5243064, 'CreateThread': 5243068, 'LoadLibraryA': 5243072, 'GetProcAddress': 5243076, 'GetSystemDefaultUILanguage': 5243080, 'GetTickCount': 5243084, 'wsprintfA': 5243088, 'ShellExecuteA': 5243092, 'ShellExecuteExA': 5243096, 'SHChangeNotify': 5243100, 'SHDeleteKeyA': 5243104, 'setsockopt': 5243108, 'recv': 5243112, '__WSAFDIsSet': 5243116, 'select': 5243120, 'send': 5243124, 'WSAIoctl': 5243128, 'WSAStartup': 5243132, 'htons': 5243136, 'inet_ntoa': 5243140, 'htonl': 5243144, 'socket': 5243148, 'connect': 5243152, 'closesocket': 5243156, 'inet_addr': 5243160, 'sendto': 5243164, 'WSACleanup': 5243168, 'GetAdaptersInfo': 5243172, 'GetIfTable': 5243176, 'KiUserExceptionDispatcher': 6295572, '_fmode': 6295576, '_commode': 6295580, '_wcmdln': 6295584}[0m
[1;32;40mINFO - 2023-01-04 10:04:21,268 - [36mCustomSimProcedure[0m - [36mWas in angr :user32.dll[0m[0m
[1;33;40mWARNING - 2023-01-04 10:04:21,271 - [36mCustomSimProcedure[0m - [36mProcedure wsprintfA in DLL user32.dll has 3 arguments in json and 2 arguments in angr prototype. Taking number of arguments from json.[0m[0m
[1;33;40mWARNING - 2023-01-04 10:04:21,271 - [36mCustomSimProcedure[0m - [36mProcedure wsprintfW in DLL user32.dll has 3 arguments in json and 2 arguments in angr prototype. Taking number of arguments from json.[0m[0m
[1;33;40mWARNING - 2023-01-04 10:04:21,325 - [34mangr.project[0m - [34mAddress is already hooked, during hook(0x5000f4, <SimProcedure send>). Not re-hooking.[0m[0m
[1;33;40mWARNING - 2023-01-04 10:04:21,325 - [34mangr.project[0m - [34mAddress is already hooked, during hook(0x500118, <SimProcedure inet_addr>). Not re-hooking.[0m[0m
[1;33;40mWARNING - 2023-01-04 10:04:21,326 - [34mangr.project[0m - [34mAddress is already hooked, during hook(0x5000ec, <SimProcedure __WSAFDIsSet>). Not re-hooking.[0m[0m
[1;33;40mWARNING - 2023-01-04 10:04:21,326 - [34mangr.project[0m - [34mAddress is already hooked, during hook(0x5000e4, <SimProcedure setsockopt>). Not re-hooking.[0m[0m
[1;33;40mWARNING - 2023-01-04 10:04:21,326 - [34mangr.project[0m - [34mAddress is already hooked, during hook(0x5000fc, <SimProcedure WSAStartup>). Not re-hooking.[0m[0m
[1;33;40mWARNING - 2023-01-04 10:04:21,326 - [34mangr.project[0m - [34mAddress is already hooked, during hook(0x500114, <SimProcedure closesocket>). Not re-hooking.[0m[0m
[1;33;40mWARNING - 2023-01-04 10:04:21,326 - [34mangr.project[0m - [34mAddress is already hooked, during hook(0x500108, <SimProcedure htonl>). Not re-hooking.[0m[0m
[1;33;40mWARNING - 2023-01-04 10:04:21,327 - [34mangr.project[0m - [34mAddress is already hooked, during hook(0x500100, <SimProcedure htons>). Not re-hooking.[0m[0m
[1;33;40mWARNING - 2023-01-04 10:04:21,327 - [34mangr.project[0m - [34mAddress is already hooked, during hook(0x500120, <SimProcedure WSACleanup>). Not re-hooking.[0m[0m
[1;32;40mINFO - 2023-01-04 10:04:21,330 - [36mCustomSimProcedure[0m - [36mWas in angr :msvcrt.dll[0m[0m
[1;32;40mINFO - 2023-01-04 10:04:21,376 - [36mCustomSimProcedure[0m - [36mWas in angr :kernel32.dll[0m[0m
[1;33;40mWARNING - 2023-01-04 10:04:21,516 - [34mangr.project[0m - [34mAddress is already hooked, during hook(0x5000e0, <SimProcedure SHDeleteKeyA>). Not re-hooking.[0m[0m
[1;33;40mWARNING - 2023-01-04 10:04:21,545 - [34mangr.project[0m - [34mAddress is already hooked, during hook(0x5000d8, <SimProcedure ShellExecuteExA>). Not re-hooking.[0m[0m
[1;33;40mWARNING - 2023-01-04 10:04:21,546 - [34mangr.project[0m - [34mAddress is already hooked, during hook(0x5000d4, <SimProcedure ShellExecuteA>). Not re-hooking.[0m[0m
[1;33;40mWARNING - 2023-01-04 10:04:21,546 - [34mangr.project[0m - [34mAddress is already hooked, during hook(0x5000dc, <SimProcedure SHChangeNotify>). Not re-hooking.[0m[0m
[1;33;40mWARNING - 2023-01-04 10:04:21,554 - [34mangr.project[0m - [34mAddress is already hooked, during hook(0x50004c, <SimProcedure time>). Not re-hooking.[0m[0m
[1;33;40mWARNING - 2023-01-04 10:04:21,554 - [34mangr.project[0m - [34mAddress is already hooked, during hook(0x601014, <SimProcedure KiUserExceptionDispatcher>). Not re-hooking.[0m[0m
[1;32;40mINFO - 2023-01-04 10:04:21,554 - [36mCustomSimProcedure[0m - [36mNo hooks for: {"ordinal.823.b'mfc42.dll'": 5242880, "ordinal.825.b'mfc42.dll'": 5242884, '_controlfp': 5242888, '__set_app_type': 5242892, '_adjust_fdiv': 5242904, '__setusermatherr': 5242908, '_initterm': 5242912, '__getmainargs': 5242916, '_acmdln': 5242920, '_XcptFilter': 5242928, '_except_handler3': 5242936, 'WSAIoctl': 5243128, 'GetIfTable': 5243176, '_fmode': 6295576, '_commode': 6295580, '_wcmdln': 6295584}[0m[0m
[1;32;40mINFO - 2023-01-04 10:04:21,554 - [36mCustomSimProcedure[0m - [36mcustom_hook_static[0m[0m
[1;32;40mINFO - 2023-01-04 10:04:21,554 - [36mCustomSimProcedure[0m - [36mmfc42.dll[0m[0m
[1;32;40mINFO - 2023-01-04 10:04:21,554 - [36mCustomSimProcedure[0m - [36m823[0m[0m
[1;32;40mINFO - 2023-01-04 10:04:21,554 - [36mCustomSimProcedure[0m - [36mmfc42.dll[0m[0m
[1;32;40mINFO - 2023-01-04 10:04:21,555 - [36mCustomSimProcedure[0m - [36m825[0m[0m
[1;33;40mWARNING - 2023-01-04 10:04:21,555 - [34mangr.project[0m - [34mAddress is already hooked, during hook(0x400000, <SimProcedure __p__commode>). Not re-hooking.[0m[0m
[1;33;40mWARNING - 2023-01-04 10:04:21,555 - [34mangr.project[0m - [34mAddress is already hooked, during hook(0x400000, <SimProcedure _initterm>). Not re-hooking.[0m[0m
[1;33;40mWARNING - 2023-01-04 10:04:21,555 - [34mangr.project[0m - [34mAddress is already hooked, during hook(0x400000, <SimProcedure __getmainargs>). Not re-hooking.[0m[0m
[1;33;40mWARNING - 2023-01-04 10:04:21,555 - [34mangr.project[0m - [34mAddress is already hooked, during hook(0x400000, <SimProcedure exit>). Not re-hooking.[0m[0m
[1;33;40mWARNING - 2023-01-04 10:04:21,555 - [34mangr.project[0m - [34mAddress is already hooked, during hook(0x400000, <SimProcedure strstr>). Not re-hooking.[0m[0m
[1;33;40mWARNING - 2023-01-04 10:04:21,556 - [34mangr.project[0m - [34mAddress is already hooked, during hook(0x400000, <SimProcedure strncpy>). Not re-hooking.[0m[0m
[1;33;40mWARNING - 2023-01-04 10:04:21,556 - [34mangr.project[0m - [34mAddress is already hooked, during hook(0x400000, <SimProcedure atoi>). Not re-hooking.[0m[0m
[1;33;40mWARNING - 2023-01-04 10:04:21,556 - [34mangr.project[0m - [34mAddress is already hooked, during hook(0x400000, <SimProcedure time>). Not re-hooking.[0m[0m
[1;33;40mWARNING - 2023-01-04 10:04:21,556 - [34mangr.project[0m - [34mAddress is already hooked, during hook(0x400000, <SimProcedure srand>). Not re-hooking.[0m[0m
[1;33;40mWARNING - 2023-01-04 10:04:21,556 - [34mangr.project[0m - [34mAddress is already hooked, during hook(0x400000, <SimProcedure rand>). Not re-hooking.[0m[0m
[1;33;40mWARNING - 2023-01-04 10:04:21,556 - [34mangr.project[0m - [34mAddress is already hooked, during hook(0x400000, <SimProcedure realloc>). Not re-hooking.[0m[0m
[1;33;40mWARNING - 2023-01-04 10:04:21,556 - [34mangr.project[0m - [34mAddress is already hooked, during hook(0x400000, <SimProcedure free>). Not re-hooking.[0m[0m
[1;33;40mWARNING - 2023-01-04 10:04:21,557 - [34mangr.project[0m - [34mAddress is already hooked, during hook(0x400000, <SimProcedure malloc>). Not re-hooking.[0m[0m
[1;33;40mWARNING - 2023-01-04 10:04:21,557 - [34mangr.project[0m - [34mAddress is already hooked, during hook(0x400000, <SimProcedure sprintf>). Not re-hooking.[0m[0m
[1;33;40mWARNING - 2023-01-04 10:04:21,557 - [34mangr.project[0m - [34mAddress is already hooked, during hook(0x400000, <SimProcedure WriteFile>). Not re-hooking.[0m[0m
[1;33;40mWARNING - 2023-01-04 10:04:21,557 - [34mangr.project[0m - [34mAddress is already hooked, during hook(0x400000, <SimProcedure ExitProcess>). Not re-hooking.[0m[0m
[1;33;40mWARNING - 2023-01-04 10:04:21,557 - [34mangr.project[0m - [34mAddress is already hooked, during hook(0x400000, <SimProcedure GetTickCount>). Not re-hooking.[0m[0m
[1;33;40mWARNING - 2023-01-04 10:04:21,558 - [34mangr.project[0m - [34mAddress is already hooked, during hook(0x400000, <SimProcedure setsockopt>). Not re-hooking.[0m[0m
[1;33;40mWARNING - 2023-01-04 10:04:21,558 - [34mangr.project[0m - [34mAddress is already hooked, during hook(0x400000, <SimProcedure recv>). Not re-hooking.[0m[0m
[1;33;40mWARNING - 2023-01-04 10:04:21,558 - [34mangr.project[0m - [34mAddress is already hooked, during hook(0x400000, <SimProcedure select>). Not re-hooking.[0m[0m
[1;33;40mWARNING - 2023-01-04 10:04:21,558 - [34mangr.project[0m - [34mAddress is already hooked, during hook(0x400000, <SimProcedure send>). Not re-hooking.[0m[0m
[1;33;40mWARNING - 2023-01-04 10:04:21,558 - [34mangr.project[0m - [34mAddress is already hooked, during hook(0x400000, <SimProcedure htons>). Not re-hooking.[0m[0m
[1;33;40mWARNING - 2023-01-04 10:04:21,559 - [34mangr.project[0m - [34mAddress is already hooked, during hook(0x400000, <SimProcedure inet_ntoa>). Not re-hooking.[0m[0m
[1;33;40mWARNING - 2023-01-04 10:04:21,559 - [34mangr.project[0m - [34mAddress is already hooked, during hook(0x400000, <SimProcedure htonl>). Not re-hooking.[0m[0m
[1;33;40mWARNING - 2023-01-04 10:04:21,559 - [34mangr.project[0m - [34mAddress is already hooked, during hook(0x400000, <SimProcedure socket>). Not re-hooking.[0m[0m
[1;32;40mINFO - 2023-01-04 10:04:21,559 - [36mCustomSimProcedure[0m - [36mmfc42.dll[0m[0m
[1;32;40mINFO - 2023-01-04 10:04:21,559 - [36mCustomSimProcedure[0m - [36m823[0m[0m
[1;32;40mINFO - 2023-01-04 10:04:21,559 - [36mCustomSimProcedure[0m - [36mmfc42.dll[0m[0m
[1;32;40mINFO - 2023-01-04 10:04:21,559 - [36mCustomSimProcedure[0m - [36m825[0m[0m
[1;33;40mWARNING - 2023-01-04 10:04:21,559 - [34mangr.project[0m - [34mAddress is already hooked, during hook(0x500010, <SimProcedure __p__fmode>). Not re-hooking.[0m[0m
[1;33;40mWARNING - 2023-01-04 10:04:21,560 - [34mangr.project[0m - [34mAddress is already hooked, during hook(0x500014, <SimProcedure __p__commode>). Not re-hooking.[0m[0m
[1;33;40mWARNING - 2023-01-04 10:04:21,560 - [34mangr.project[0m - [34mAddress is already hooked, during hook(0x500020, <SimProcedure _initterm>). Not re-hooking.[0m[0m
[1;33;40mWARNING - 2023-01-04 10:04:21,560 - [34mangr.project[0m - [34mAddress is already hooked, during hook(0x500024, <SimProcedure __getmainargs>). Not re-hooking.[0m[0m
[1;33;40mWARNING - 2023-01-04 10:04:21,560 - [34mangr.project[0m - [34mAddress is already hooked, during hook(0x50002c, <SimProcedure exit>). Not re-hooking.[0m[0m
[1;33;40mWARNING - 2023-01-04 10:04:21,560 - [34mangr.project[0m - [34mAddress is already hooked, during hook(0x50003c, <SimProcedure strstr>). Not re-hooking.[0m[0m
[1;33;40mWARNING - 2023-01-04 10:04:21,560 - [34mangr.project[0m - [34mAddress is already hooked, during hook(0x500044, <SimProcedure strncpy>). Not re-hooking.[0m[0m
[1;33;40mWARNING - 2023-01-04 10:04:21,561 - [34mangr.project[0m - [34mAddress is already hooked, during hook(0x500048, <SimProcedure atoi>). Not re-hooking.[0m[0m
[1;33;40mWARNING - 2023-01-04 10:04:21,561 - [34mangr.project[0m - [34mAddress is already hooked, during hook(0x50004c, <SimProcedure time>). Not re-hooking.[0m[0m
[1;33;40mWARNING - 2023-01-04 10:04:21,561 - [34mangr.project[0m - [34mAddress is already hooked, during hook(0x500050, <SimProcedure srand>). Not re-hooking.[0m[0m
[1;33;40mWARNING - 2023-01-04 10:04:21,561 - [34mangr.project[0m - [34mAddress is already hooked, during hook(0x500054, <SimProcedure rand>). Not re-hooking.[0m[0m
[1;33;40mWARNING - 2023-01-04 10:04:21,561 - [34mangr.project[0m - [34mAddress is already hooked, during hook(0x500058, <SimProcedure realloc>). Not re-hooking.[0m[0m
[1;33;40mWARNING - 2023-01-04 10:04:21,561 - [34mangr.project[0m - [34mAddress is already hooked, during hook(0x50005c, <SimProcedure free>). Not re-hooking.[0m[0m
[1;33;40mWARNING - 2023-01-04 10:04:21,561 - [34mangr.project[0m - [34mAddress is already hooked, during hook(0x500060, <SimProcedure malloc>). Not re-hooking.[0m[0m
[1;33;40mWARNING - 2023-01-04 10:04:21,561 - [34mangr.project[0m - [34mAddress is already hooked, during hook(0x500064, <SimProcedure sprintf>). Not re-hooking.[0m[0m
[1;33;40mWARNING - 2023-01-04 10:04:21,562 - [34mangr.project[0m - [34mAddress is already hooked, during hook(0x500098, <SimProcedure WriteFile>). Not re-hooking.[0m[0m
[1;33;40mWARNING - 2023-01-04 10:04:21,562 - [34mangr.project[0m - [34mAddress is already hooked, during hook(0x5000ac, <SimProcedure ExitProcess>). Not re-hooking.[0m[0m
[1;33;40mWARNING - 2023-01-04 10:04:21,562 - [34mangr.project[0m - [34mAddress is already hooked, during hook(0x5000cc, <SimProcedure GetTickCount>). Not re-hooking.[0m[0m
[1;33;40mWARNING - 2023-01-04 10:04:21,562 - [34mangr.project[0m - [34mAddress is already hooked, during hook(0x5000e4, <SimProcedure setsockopt>). Not re-hooking.[0m[0m
[1;33;40mWARNING - 2023-01-04 10:04:21,563 - [34mangr.project[0m - [34mAddress is already hooked, during hook(0x5000e8, <SimProcedure recv>). Not re-hooking.[0m[0m
[1;33;40mWARNING - 2023-01-04 10:04:21,563 - [34mangr.project[0m - [34mAddress is already hooked, during hook(0x5000f0, <SimProcedure select>). Not re-hooking.[0m[0m
[1;33;40mWARNING - 2023-01-04 10:04:21,563 - [34mangr.project[0m - [34mAddress is already hooked, during hook(0x5000f4, <SimProcedure send>). Not re-hooking.[0m[0m
[1;33;40mWARNING - 2023-01-04 10:04:21,563 - [34mangr.project[0m - [34mAddress is already hooked, during hook(0x500100, <SimProcedure htons>). Not re-hooking.[0m[0m
[1;33;40mWARNING - 2023-01-04 10:04:21,563 - [34mangr.project[0m - [34mAddress is already hooked, during hook(0x500104, <SimProcedure inet_ntoa>). Not re-hooking.[0m[0m
[1;33;40mWARNING - 2023-01-04 10:04:21,563 - [34mangr.project[0m - [34mAddress is already hooked, during hook(0x500108, <SimProcedure htonl>). Not re-hooking.[0m[0m
[1;33;40mWARNING - 2023-01-04 10:04:21,563 - [34mangr.project[0m - [34mAddress is already hooked, during hook(0x50010c, <SimProcedure socket>). Not re-hooking.[0m[0m
[1;33;40mWARNING - 2023-01-04 10:04:21,564 - [34mangr.project[0m - [34mAddress is already hooked, during hook(0x601014, <SimProcedure KiUserExceptionDispatcher>). Not re-hooking.[0m[0m
[1;32;40mINFO - 2023-01-04 10:04:21,564 - [36mCustomSimProcedure[0m - [36mcustom_hook_windows_symbols[0m[0m
[1;32;40mINFO - 2023-01-04 10:04:23,585 - [33mwerkzeug[0m - [33m172.17.0.1 - - [04/Jan/2023 10:04:23] "GET /iteration-scdg HTTP/1.1" 200 -[0m[0m
[1;32;40mINFO - 2023-01-04 10:04:23,597 - [33mwerkzeug[0m - [33m172.17.0.1 - - [04/Jan/2023 10:04:23] "GET /progress-scdg HTTP/1.1" 200 -[0m[0m
[1;32;40mINFO - 2023-01-04 10:04:23,911 - [33mwerkzeug[0m - [33m172.17.0.1 - - [04/Jan/2023 10:04:23] "GET /iteration-scdg HTTP/1.1" 200 -[0m[0m
[1;32;40mINFO - 2023-01-04 10:04:23,929 - [33mwerkzeug[0m - [33m172.17.0.1 - - [04/Jan/2023 10:04:23] "GET /progress-scdg HTTP/1.1" 200 -[0m[0m
[1;33;40mWARNING - 2023-01-04 10:04:24,369 - [34mangr.project[0m - [34mAddress is already hooked, during hook(0x500068, <SimProcedure ReleaseMutex>). Re-hooking.[0m[0m
[1;33;40mWARNING - 2023-01-04 10:04:24,371 - [34mangr.project[0m - [34mAddress is already hooked, during hook(0x500068, <SimProcedure ReleaseMutex>). Re-hooking.[0m[0m
[1;33;40mWARNING - 2023-01-04 10:04:24,392 - [34mangr.project[0m - [34mAddress is already hooked, during hook(0x500088, <SimProcedure WaitForSingleObject>). Re-hooking.[0m[0m
[1;33;40mWARNING - 2023-01-04 10:04:24,394 - [34mangr.project[0m - [34mAddress is already hooked, during hook(0x500088, <SimProcedure WaitForSingleObject>). Re-hooking.[0m[0m
[1;33;40mWARNING - 2023-01-04 10:04:24,478 - [34mangr.project[0m - [34mAddress is already hooked, during hook(0x5000b8, <SimProcedure CloseHandle>). Re-hooking.[0m[0m
[1;33;40mWARNING - 2023-01-04 10:04:24,480 - [34mangr.project[0m - [34mAddress is already hooked, during hook(0x5000b8, <SimProcedure CloseHandle>). Re-hooking.[0m[0m
[1;33;40mWARNING - 2023-01-04 10:04:24,717 - [34mangr.project[0m - [34mAddress is already hooked, during hook(0x500074, <SimProcedure CreateProcessA>). Re-hooking.[0m[0m
[1;33;40mWARNING - 2023-01-04 10:04:24,719 - [34mangr.project[0m - [34mAddress is already hooked, during hook(0x500074, <SimProcedure CreateProcessA>). Re-hooking.[0m[0m
[1;33;40mWARNING - 2023-01-04 10:04:25,021 - [34mangr.project[0m - [34mAddress is already hooked, during hook(0x50007c, <SimProcedure ExitThread>). Re-hooking.[0m[0m
[1;33;40mWARNING - 2023-01-04 10:04:25,023 - [34mangr.project[0m - [34mAddress is already hooked, during hook(0x50007c, <SimProcedure ExitThread>). Re-hooking.[0m[0m
[1;33;40mWARNING - 2023-01-04 10:04:25,394 - [34mangr.project[0m - [34mAddress is already hooked, during hook(0x5000b4, <SimProcedure GetCurrentThread>). Re-hooking.[0m[0m
[1;33;40mWARNING - 2023-01-04 10:04:25,396 - [34mangr.project[0m - [34mAddress is already hooked, during hook(0x5000b4, <SimProcedure GetCurrentThread>). Re-hooking.[0m[0m
[1;33;40mWARNING - 2023-01-04 10:04:25,794 - [34mangr.project[0m - [34mAddress is already hooked, during hook(0x500080, <SimProcedure GetStartupInfoA>). Re-hooking.[0m[0m
[1;33;40mWARNING - 2023-01-04 10:04:25,796 - [34mangr.project[0m - [34mAddress is already hooked, during hook(0x500080, <SimProcedure GetStartupInfoA>). Re-hooking.[0m[0m
[1;32;40mINFO - 2023-01-04 10:04:25,915 - [33mwerkzeug[0m - [33m172.17.0.1 - - [04/Jan/2023 10:04:25] "GET /iteration-scdg HTTP/1.1" 200 -[0m[0m
[1;32;40mINFO - 2023-01-04 10:04:25,921 - [33mwerkzeug[0m - [33m172.17.0.1 - - [04/Jan/2023 10:04:25] "GET /progress-scdg HTTP/1.1" 200 -[0m[0m
[1;33;40mWARNING - 2023-01-04 10:04:26,359 - [34mangr.project[0m - [34mAddress is already hooked, during hook(0x5000a4, <SimProcedure OpenMutexA>). Re-hooking.[0m[0m
[1;33;40mWARNING - 2023-01-04 10:04:26,360 - [34mangr.project[0m - [34mAddress is already hooked, during hook(0x5000a4, <SimProcedure OpenMutexA>). Re-hooking.[0m[0m
[1;33;40mWARNING - 2023-01-04 10:04:26,832 - [34mangr.project[0m - [34mAddress is already hooked, during hook(0x500094, <SimProcedure SetFilePointer>). Re-hooking.[0m[0m
[1;33;40mWARNING - 2023-01-04 10:04:26,833 - [34mangr.project[0m - [34mAddress is already hooked, during hook(0x500094, <SimProcedure SetFilePointer>). Re-hooking.[0m[0m
[1;33;40mWARNING - 2023-01-04 10:04:27,010 - [34mangr.project[0m - [34mAddress is already hooked, during hook(0x50006c, <SimProcedure Sleep>). Re-hooking.[0m[0m
[1;33;40mWARNING - 2023-01-04 10:04:27,012 - [34mangr.project[0m - [34mAddress is already hooked, during hook(0x50006c, <SimProcedure Sleep>). Re-hooking.[0m[0m
[1;33;40mWARNING - 2023-01-04 10:04:27,153 - [34mangr.project[0m - [34mAddress is already hooked, during hook(0x500088, <SimProcedure WaitForSingleObject>). Re-hooking.[0m[0m
[1;33;40mWARNING - 2023-01-04 10:04:27,154 - [34mangr.project[0m - [34mAddress is already hooked, during hook(0x500088, <SimProcedure WaitForSingleObject>). Re-hooking.[0m[0m
[1;33;40mWARNING - 2023-01-04 10:04:27,293 - [34mangr.project[0m - [34mAddress is already hooked, during hook(0x5000a0, <SimProcedure lstrlenA>). Re-hooking.[0m[0m
[1;33;40mWARNING - 2023-01-04 10:04:27,295 - [34mangr.project[0m - [34mAddress is already hooked, during hook(0x5000a0, <SimProcedure lstrlenA>). Re-hooking.[0m[0m
[1;33;40mWARNING - 2023-01-04 10:04:27,381 - [34mangr.project[0m - [34mAddress is already hooked, during hook(0x50007c, <SimProcedure ExitThread>). Re-hooking.[0m[0m
[1;33;40mWARNING - 2023-01-04 10:04:27,382 - [34mangr.project[0m - [34mAddress is already hooked, during hook(0x50007c, <SimProcedure ExitThread>). Re-hooking.[0m[0m
[1;33;40mWARNING - 2023-01-04 10:04:27,663 - [34mangr.project[0m - [34mAddress is already hooked, during hook(0x500074, <SimProcedure CreateProcessA>). Re-hooking.[0m[0m
[1;33;40mWARNING - 2023-01-04 10:04:27,665 - [34mangr.project[0m - [34mAddress is already hooked, during hook(0x500074, <SimProcedure CreateProcessA>). Re-hooking.[0m[0m
[1;33;40mWARNING - 2023-01-04 10:04:27,833 - [34mangr.project[0m - [34mAddress is already hooked, during hook(0x500094, <SimProcedure SetFilePointer>). Re-hooking.[0m[0m
[1;33;40mWARNING - 2023-01-04 10:04:27,834 - [34mangr.project[0m - [34mAddress is already hooked, during hook(0x500094, <SimProcedure SetFilePointer>). Re-hooking.[0m[0m
[1;33;40mWARNING - 2023-01-04 10:04:27,895 - [34mangr.project[0m - [34mAddress is already hooked, during hook(0x5000b0, <SimProcedure GetCurrentProcess>). Re-hooking.[0m[0m
[1;33;40mWARNING - 2023-01-04 10:04:27,897 - [34mangr.project[0m - [34mAddress is already hooked, during hook(0x5000b0, <SimProcedure GetCurrentProcess>). Re-hooking.[0m[0m
[1;33;40mWARNING - 2023-01-04 10:04:28,255 - [34mangr.project[0m - [34mAddress is already hooked, during hook(0x5000c8, <SimProcedure GetSystemDefaultUILanguage>). Re-hooking.[0m[0m
[1;33;40mWARNING - 2023-01-04 10:04:28,256 - [34mangr.project[0m - [34mAddress is already hooked, during hook(0x5000c8, <SimProcedure GetSystemDefaultUILanguage>). Re-hooking.[0m[0m
[1;33;40mWARNING - 2023-01-04 10:04:28,317 - [34mangr.project[0m - [34mAddress is already hooked, during hook(0x5000b4, <SimProcedure GetCurrentThread>). Re-hooking.[0m[0m
[1;33;40mWARNING - 2023-01-04 10:04:28,319 - [34mangr.project[0m - [34mAddress is already hooked, during hook(0x5000b4, <SimProcedure GetCurrentThread>). Re-hooking.[0m[0m
[1;33;40mWARNING - 2023-01-04 10:04:28,356 - [34mangr.project[0m - [34mAddress is already hooked, during hook(0x5000b0, <SimProcedure GetCurrentProcess>). Re-hooking.[0m[0m
[1;33;40mWARNING - 2023-01-04 10:04:28,357 - [34mangr.project[0m - [34mAddress is already hooked, during hook(0x5000b0, <SimProcedure GetCurrentProcess>). Re-hooking.[0m[0m
[1;33;40mWARNING - 2023-01-04 10:04:28,479 - [34mangr.project[0m - [34mAddress is already hooked, during hook(0x5000a0, <SimProcedure lstrlenA>). Re-hooking.[0m[0m
[1;33;40mWARNING - 2023-01-04 10:04:28,482 - [34mangr.project[0m - [34mAddress is already hooked, during hook(0x5000a0, <SimProcedure lstrlenA>). Re-hooking.[0m[0m
[1;32;40mINFO - 2023-01-04 10:04:28,579 - [33mwerkzeug[0m - [33m172.17.0.1 - - [04/Jan/2023 10:04:28] "GET /iteration-scdg HTTP/1.1" 200 -[0m[0m
[1;32;40mINFO - 2023-01-04 10:04:28,595 - [33mwerkzeug[0m - [33m172.17.0.1 - - [04/Jan/2023 10:04:28] "GET /progress-scdg HTTP/1.1" 200 -[0m[0m
[1;33;40mWARNING - 2023-01-04 10:04:28,702 - [34mangr.project[0m - [34mAddress is already hooked, during hook(0x5000a4, <SimProcedure OpenMutexA>). Re-hooking.[0m[0m
[1;33;40mWARNING - 2023-01-04 10:04:28,703 - [34mangr.project[0m - [34mAddress is already hooked, during hook(0x5000a4, <SimProcedure OpenMutexA>). Re-hooking.[0m[0m
[1;33;40mWARNING - 2023-01-04 10:04:28,799 - [34mangr.project[0m - [34mAddress is already hooked, during hook(0x5000c8, <SimProcedure GetSystemDefaultUILanguage>). Re-hooking.[0m[0m
[1;33;40mWARNING - 2023-01-04 10:04:28,801 - [34mangr.project[0m - [34mAddress is already hooked, during hook(0x5000c8, <SimProcedure GetSystemDefaultUILanguage>). Re-hooking.[0m[0m
[1;33;40mWARNING - 2023-01-04 10:04:28,899 - [34mangr.project[0m - [34mAddress is already hooked, during hook(0x5000b8, <SimProcedure CloseHandle>). Re-hooking.[0m[0m
[1;33;40mWARNING - 2023-01-04 10:04:28,901 - [34mangr.project[0m - [34mAddress is already hooked, during hook(0x5000b8, <SimProcedure CloseHandle>). Re-hooking.[0m[0m
[1;32;40mINFO - 2023-01-04 10:04:28,928 - [33mwerkzeug[0m - [33m172.17.0.1 - - [04/Jan/2023 10:04:28] "GET /iteration-scdg HTTP/1.1" 200 -[0m[0m
[1;32;40mINFO - 2023-01-04 10:04:28,950 - [33mwerkzeug[0m - [33m172.17.0.1 - - [04/Jan/2023 10:04:28] "GET /progress-scdg HTTP/1.1" 200 -[0m[0m
[1;33;40mWARNING - 2023-01-04 10:04:29,300 - [34mangr.project[0m - [34mAddress is already hooked, during hook(0x500068, <SimProcedure ReleaseMutex>). Re-hooking.[0m[0m
[1;33;40mWARNING - 2023-01-04 10:04:29,302 - [34mangr.project[0m - [34mAddress is already hooked, during hook(0x500068, <SimProcedure ReleaseMutex>). Re-hooking.[0m[0m
[1;33;40mWARNING - 2023-01-04 10:04:29,442 - [34mangr.project[0m - [34mAddress is already hooked, during hook(0x500080, <SimProcedure GetStartupInfoA>). Re-hooking.[0m[0m
[1;33;40mWARNING - 2023-01-04 10:04:29,444 - [34mangr.project[0m - [34mAddress is already hooked, during hook(0x500080, <SimProcedure GetStartupInfoA>). Re-hooking.[0m[0m
[1;33;40mWARNING - 2023-01-04 10:04:29,698 - [34mangr.project[0m - [34mAddress is already hooked, during hook(0x50006c, <SimProcedure Sleep>). Re-hooking.[0m[0m
[1;33;40mWARNING - 2023-01-04 10:04:29,700 - [34mangr.project[0m - [34mAddress is already hooked, during hook(0x50006c, <SimProcedure Sleep>). Re-hooking.[0m[0m
[1;33;40mWARNING - 2023-01-04 10:04:30,595 - [34mangr.project[0m - [34mAddress is already hooked, during hook(0x500034, <SimProcedure _exit>). Re-hooking.[0m[0m
[1;33;40mWARNING - 2023-01-04 10:04:30,597 - [34mangr.project[0m - [34mAddress is already hooked, during hook(0x500034, <SimProcedure _exit>). Re-hooking.[0m[0m
[1;32;40mINFO - 2023-01-04 10:04:30,921 - [33mwerkzeug[0m - [33m172.17.0.1 - - [04/Jan/2023 10:04:30] "GET /iteration-scdg HTTP/1.1" 200 -[0m[0m
[1;32;40mINFO - 2023-01-04 10:04:30,927 - [33mwerkzeug[0m - [33m172.17.0.1 - - [04/Jan/2023 10:04:30] "GET /progress-scdg HTTP/1.1" 200 -[0m[0m
[1;33;40mWARNING - 2023-01-04 10:04:31,122 - [34mangr.project[0m - [34mAddress is already hooked, during hook(0x500040, <SimProcedure strcspn>). Re-hooking.[0m[0m
[1;33;40mWARNING - 2023-01-04 10:04:31,123 - [34mangr.project[0m - [34mAddress is already hooked, during hook(0x500040, <SimProcedure strcspn>). Re-hooking.[0m[0m
[1;33;40mWARNING - 2023-01-04 10:04:31,423 - [34mangr.project[0m - [34mAddress is already hooked, during hook(0x500040, <SimProcedure strcspn>). Re-hooking.[0m[0m
[1;33;40mWARNING - 2023-01-04 10:04:31,424 - [34mangr.project[0m - [34mAddress is already hooked, during hook(0x500040, <SimProcedure strcspn>). Re-hooking.[0m[0m
[1;33;40mWARNING - 2023-01-04 10:04:31,574 - [34mangr.project[0m - [34mAddress is already hooked, during hook(0x500034, <SimProcedure _exit>). Re-hooking.[0m[0m
[1;33;40mWARNING - 2023-01-04 10:04:31,575 - [34mangr.project[0m - [34mAddress is already hooked, during hook(0x500034, <SimProcedure _exit>). Re-hooking.[0m[0m
[1;33;40mWARNING - 2023-01-04 10:04:31,867 - [34mangr.project[0m - [34mAddress is already hooked, during hook(0x5000e0, <SimProcedure SHDeleteKeyA>). Re-hooking.[0m[0m
[1;33;40mWARNING - 2023-01-04 10:04:31,868 - [34mangr.project[0m - [34mAddress is already hooked, during hook(0x5000e0, <SimProcedure SHDeleteKeyA>). Re-hooking.[0m[0m
[1;33;40mWARNING - 2023-01-04 10:04:32,253 - [34mangr.project[0m - [34mAddress is already hooked, during hook(0x5000e0, <SimProcedure SHDeleteKeyA>). Re-hooking.[0m[0m
[1;33;40mWARNING - 2023-01-04 10:04:32,255 - [34mangr.project[0m - [34mAddress is already hooked, during hook(0x5000e0, <SimProcedure SHDeleteKeyA>). Re-hooking.[0m[0m
[1;33;40mWARNING - 2023-01-04 10:04:32,912 - [34mangr.project[0m - [34mAddress is already hooked, during hook(0x500114, <SimProcedure closesocket>). Re-hooking.[0m[0m
[1;33;40mWARNING - 2023-01-04 10:04:32,913 - [34mangr.project[0m - [34mAddress is already hooked, during hook(0x500114, <SimProcedure closesocket>). Re-hooking.[0m[0m
[1;33;40mWARNING - 2023-01-04 10:04:32,915 - [34mangr.project[0m - [34mAddress is already hooked, during hook(0x500110, <SimProcedure connect>). Re-hooking.[0m[0m
[1;33;40mWARNING - 2023-01-04 10:04:32,916 - [34mangr.project[0m - [34mAddress is already hooked, during hook(0x500110, <SimProcedure connect>). Re-hooking.[0m[0m
[1;33;40mWARNING - 2023-01-04 10:04:32,929 - [34mangr.project[0m - [34mAddress is already hooked, during hook(0x500118, <SimProcedure inet_addr>). Re-hooking.[0m[0m
[1;33;40mWARNING - 2023-01-04 10:04:32,930 - [34mangr.project[0m - [34mAddress is already hooked, during hook(0x500118, <SimProcedure inet_addr>). Re-hooking.[0m[0m
[1;33;40mWARNING - 2023-01-04 10:04:32,950 - [34mangr.project[0m - [34mAddress is already hooked, during hook(0x50011c, <SimProcedure sendto>). Re-hooking.[0m[0m
[1;33;40mWARNING - 2023-01-04 10:04:32,951 - [34mangr.project[0m - [34mAddress is already hooked, during hook(0x50011c, <SimProcedure sendto>). Re-hooking.[0m[0m
[1;33;40mWARNING - 2023-01-04 10:04:33,010 - [34mangr.project[0m - [34mAddress is already hooked, during hook(0x5000fc, <SimProcedure WSAStartup>). Re-hooking.[0m[0m
[1;33;40mWARNING - 2023-01-04 10:04:33,012 - [34mangr.project[0m - [34mAddress is already hooked, during hook(0x5000fc, <SimProcedure WSAStartup>). Re-hooking.[0m[0m
[1;33;40mWARNING - 2023-01-04 10:04:33,014 - [34mangr.project[0m - [34mAddress is already hooked, during hook(0x500120, <SimProcedure WSACleanup>). Re-hooking.[0m[0m
[1;33;40mWARNING - 2023-01-04 10:04:33,015 - [34mangr.project[0m - [34mAddress is already hooked, during hook(0x500120, <SimProcedure WSACleanup>). Re-hooking.[0m[0m
[1;33;40mWARNING - 2023-01-04 10:04:33,016 - [34mangr.project[0m - [34mAddress is already hooked, during hook(0x50011c, <SimProcedure sendto>). Re-hooking.[0m[0m
[1;33;40mWARNING - 2023-01-04 10:04:33,018 - [34mangr.project[0m - [34mAddress is already hooked, during hook(0x50011c, <SimProcedure sendto>). Re-hooking.[0m[0m
[1;33;40mWARNING - 2023-01-04 10:04:33,019 - [34mangr.project[0m - [34mAddress is already hooked, during hook(0x500110, <SimProcedure connect>). Re-hooking.[0m[0m
[1;33;40mWARNING - 2023-01-04 10:04:33,021 - [34mangr.project[0m - [34mAddress is already hooked, during hook(0x500110, <SimProcedure connect>). Re-hooking.[0m[0m
[1;33;40mWARNING - 2023-01-04 10:04:33,024 - [34mangr.project[0m - [34mAddress is already hooked, during hook(0x5000ec, <SimProcedure __WSAFDIsSet>). Re-hooking.[0m[0m
[1;33;40mWARNING - 2023-01-04 10:04:33,025 - [34mangr.project[0m - [34mAddress is already hooked, during hook(0x5000ec, <SimProcedure __WSAFDIsSet>). Re-hooking.[0m[0m
[1;33;40mWARNING - 2023-01-04 10:04:33,031 - [34mangr.project[0m - [34mAddress is already hooked, during hook(0x500118, <SimProcedure inet_addr>). Re-hooking.[0m[0m
[1;33;40mWARNING - 2023-01-04 10:04:33,033 - [34mangr.project[0m - [34mAddress is already hooked, during hook(0x500118, <SimProcedure inet_addr>). Re-hooking.[0m[0m
[1;33;40mWARNING - 2023-01-04 10:04:33,041 - [34mangr.project[0m - [34mAddress is already hooked, during hook(0x5000ec, <SimProcedure __WSAFDIsSet>). Re-hooking.[0m[0m
[1;33;40mWARNING - 2023-01-04 10:04:33,042 - [34mangr.project[0m - [34mAddress is already hooked, during hook(0x5000ec, <SimProcedure __WSAFDIsSet>). Re-hooking.[0m[0m
[1;33;40mWARNING - 2023-01-04 10:04:33,072 - [34mangr.project[0m - [34mAddress is already hooked, during hook(0x5000fc, <SimProcedure WSAStartup>). Re-hooking.[0m[0m
[1;33;40mWARNING - 2023-01-04 10:04:33,074 - [34mangr.project[0m - [34mAddress is already hooked, during hook(0x5000fc, <SimProcedure WSAStartup>). Re-hooking.[0m[0m
[1;33;40mWARNING - 2023-01-04 10:04:33,101 - [34mangr.project[0m - [34mAddress is already hooked, during hook(0x500114, <SimProcedure closesocket>). Re-hooking.[0m[0m
[1;33;40mWARNING - 2023-01-04 10:04:33,103 - [34mangr.project[0m - [34mAddress is already hooked, during hook(0x500114, <SimProcedure closesocket>). Re-hooking.[0m[0m
[1;33;40mWARNING - 2023-01-04 10:04:33,129 - [34mangr.project[0m - [34mAddress is already hooked, during hook(0x500120, <SimProcedure WSACleanup>). Re-hooking.[0m[0m
[1;33;40mWARNING - 2023-01-04 10:04:33,131 - [34mangr.project[0m - [34mAddress is already hooked, during hook(0x500120, <SimProcedure WSACleanup>). Re-hooking.[0m[0m
[1;33;40mWARNING - 2023-01-04 10:04:33,162 - [34mangr.project[0m - [34mAddress is already hooked, during hook(0x5000d8, <SimProcedure ShellExecuteExA>). Re-hooking.[0m[0m
[1;33;40mWARNING - 2023-01-04 10:04:33,164 - [34mangr.project[0m - [34mAddress is already hooked, during hook(0x5000d8, <SimProcedure ShellExecuteExA>). Re-hooking.[0m[0m
[1;33;40mWARNING - 2023-01-04 10:04:33,203 - [34mangr.project[0m - [34mAddress is already hooked, during hook(0x5000d4, <SimProcedure ShellExecuteA>). Re-hooking.[0m[0m
[1;33;40mWARNING - 2023-01-04 10:04:33,205 - [34mangr.project[0m - [34mAddress is already hooked, during hook(0x5000d4, <SimProcedure ShellExecuteA>). Re-hooking.[0m[0m
[1;33;40mWARNING - 2023-01-04 10:04:33,206 - [34mangr.project[0m - [34mAddress is already hooked, during hook(0x5000d8, <SimProcedure ShellExecuteExA>). Re-hooking.[0m[0m
[1;33;40mWARNING - 2023-01-04 10:04:33,208 - [34mangr.project[0m - [34mAddress is already hooked, during hook(0x5000d8, <SimProcedure ShellExecuteExA>). Re-hooking.[0m[0m
[1;33;40mWARNING - 2023-01-04 10:04:33,326 - [34mangr.project[0m - [34mAddress is already hooked, during hook(0x5000d4, <SimProcedure ShellExecuteA>). Re-hooking.[0m[0m
[1;33;40mWARNING - 2023-01-04 10:04:33,328 - [34mangr.project[0m - [34mAddress is already hooked, during hook(0x5000d4, <SimProcedure ShellExecuteA>). Re-hooking.[0m[0m
[1;33;40mWARNING - 2023-01-04 10:04:33,546 - [34mangr.project[0m - [34mAddress is already hooked, during hook(0x5000dc, <SimProcedure SHChangeNotify>). Re-hooking.[0m[0m
[1;33;40mWARNING - 2023-01-04 10:04:33,547 - [34mangr.project[0m - [34mAddress is already hooked, during hook(0x5000dc, <SimProcedure SHChangeNotify>). Re-hooking.[0m[0m
[1;32;40mINFO - 2023-01-04 10:04:33,578 - [33mwerkzeug[0m - [33m172.17.0.1 - - [04/Jan/2023 10:04:33] "GET /iteration-scdg HTTP/1.1" 200 -[0m[0m
[1;32;40mINFO - 2023-01-04 10:04:33,592 - [33mwerkzeug[0m - [33m172.17.0.1 - - [04/Jan/2023 10:04:33] "GET /progress-scdg HTTP/1.1" 200 -[0m[0m
[1;32;40mINFO - 2023-01-04 10:04:33,608 - [36mCustomSimProcedure[0m - [36mSyscall found:  __p__fmode[][0m[0m
[1;32;40mINFO - 2023-01-04 10:04:33,617 - [36mCustomSimProcedure[0m - [36mSyscall found:  __p__commode[][0m[0m
[1;32;40mINFO - 2023-01-04 10:04:34,092 - [33mwerkzeug[0m - [33m172.17.0.1 - - [04/Jan/2023 10:04:34] "GET /iteration-scdg HTTP/1.1" 200 -[0m[0m
[1;32;40mINFO - 2023-01-04 10:04:34,094 - [33mwerkzeug[0m - [33m172.17.0.1 - - [04/Jan/2023 10:04:34] "GET /progress-scdg HTTP/1.1" 200 -[0m[0m
[1;32;40mINFO - 2023-01-04 10:04:34,098 - [36mCustomSimProcedure[0m - [36mSyscall found:  _controlfp[][0m[0m
[1;32;40mINFO - 2023-01-04 10:04:34,146 - [36mCustomSimProcedure[0m - [36mSyscall found:  __getmainargs[<BV32 0x7ffefe48>, <BV32 0x7ffefe38>, <BV32 0x7ffefe44>, <BV32 0x0>, <BV32 0x7ffefe3c>][0m[0m
[1;32;40mINFO - 2023-01-04 10:04:34,559 - [36mCustomSimProcedure[0m - [36mSyscall found:  GetStartupInfoA[<BV32 0x7ffefe4c>][0m[0m
[1;32;40mINFO - 2023-01-04 10:04:34,580 - [36mCustomSimProcedure[0m - [36mSyscall found:  GetModuleHandleA[<BV32 0x0>][0m[0m
[1;32;40mINFO - 2023-01-04 10:04:34,603 - [37mCustomSimProcedureWindows[0m - [37mLoadLibraryA: Symbol not found[0m[0m
[1;32;40mINFO - 2023-01-04 10:04:34,629 - [36mCustomSimProcedure[0m - {"ordinal.823.b'mfc42.dll'": 5242880, "ordinal.825.b'mfc42.dll'": 5242884, '_controlfp': 5242888, '__set_app_type': 5242892, '__p__fmode': 5242896, '__p__commode': 5242900, '_adjust_fdiv': 5242904, '__setusermatherr': 5242908, '_initterm': 5242912, '__getmainargs': 5242916, '_acmdln': 5242920, 'exit': 5242924, '_XcptFilter': 5242928, '_exit': 5242932, '_except_handler3': 5242936, 'strstr': 5242940, 'strcspn': 5242944, 'strncpy': 5242948, 'atoi': 5242952, 'time': 5242956, 'srand': 5242960, 'rand': 5242964, 'realloc': 5242968, 'free': 5242972, 'malloc': 5242976, 'sprintf': 5242980, 'ReleaseMutex': 5242984, 'Sleep': 5242988, 'lstrcpyA': 5242992, 'CreateProcessA': 5242996, 'TerminateProcess': 5243000, 'ExitThread': 5243004, 'GetStartupInfoA': 5243008, 'GetModuleHandleA': 5243012, 'WaitForSingleObject': 5243016, 'GetModuleFileNameA': 5243020, 'CreateFileA': 5243024, 'SetFilePointer': 5243028, 'WriteFile': 5243032, 'lstrcpynA': 5243036, 'lstrlenA': 5243040, 'OpenMutexA': 5243044, 'GetComputerNameA': 5243048, 'ExitProcess': 5243052, 'GetCurrentProcess': 5243056, 'GetCurrentThread': 5243060, 'CloseHandle': 5243064, 'CreateThread': 5243068, 'LoadLibraryA': 5243072, 'GetProcAddress': 5243076, 'GetSystemDefaultUILanguage': 5243080, 'GetTickCount': 5243084, 'wsprintfA': 5243088, 'ShellExecuteA': 5243092, 'ShellExecuteExA': 5243096, 'SHChangeNotify': 5243100, 'SHDeleteKeyA': 5243104, 'setsockopt': 5243108, 'recv': 5243112, '__WSAFDIsSet': 5243116, 'select': 5243120, 'send': 5243124, 'WSAIoctl': 5243128, 'WSAStartup': 5243132, 'htons': 5243136, 'inet_ntoa': 5243140, 'htonl': 5243144, 'socket': 5243148, 'connect': 5243152, 'closesocket': 5243156, 'inet_addr': 5243160, 'sendto': 5243164, 'WSACleanup': 5243168, 'GetAdaptersInfo': 5243172, 'GetIfTable': 5243176, 'KiUserExceptionDispatcher': 6295572, '_fmode': 6295576, '_commode': 6295580, '_wcmdln': 6295584, 'advapi32.dll': 6295588}[0m
[1;32;40mINFO - 2023-01-04 10:04:34,629 - [36mCustomSimProcedure[0m - [36mWas in angr :user32.dll[0m[0m
[1;33;40mWARNING - 2023-01-04 10:04:34,632 - [36mCustomSimProcedure[0m - [36mProcedure wsprintfA in DLL user32.dll has 3 arguments in json and 2 arguments in angr prototype. Taking number of arguments from json.[0m[0m
[1;33;40mWARNING - 2023-01-04 10:04:34,632 - [36mCustomSimProcedure[0m - [36mProcedure wsprintfW in DLL user32.dll has 3 arguments in json and 2 arguments in angr prototype. Taking number of arguments from json.[0m[0m
[1;33;40mWARNING - 2023-01-04 10:04:34,684 - [34mangr.project[0m - [34mAddress is already hooked, during hook(0x5000f4, <SimProcedure send>). Not re-hooking.[0m[0m
[1;33;40mWARNING - 2023-01-04 10:04:34,684 - [34mangr.project[0m - [34mAddress is already hooked, during hook(0x500118, <SimProcedure inet_addr>). Not re-hooking.[0m[0m
[1;33;40mWARNING - 2023-01-04 10:04:34,684 - [34mangr.project[0m - [34mAddress is already hooked, during hook(0x5000ec, <SimProcedure __WSAFDIsSet>). Not re-hooking.[0m[0m
[1;33;40mWARNING - 2023-01-04 10:04:34,684 - [34mangr.project[0m - [34mAddress is already hooked, during hook(0x5000e4, <SimProcedure setsockopt>). Not re-hooking.[0m[0m
[1;33;40mWARNING - 2023-01-04 10:04:34,684 - [34mangr.project[0m - [34mAddress is already hooked, during hook(0x5000fc, <SimProcedure WSAStartup>). Not re-hooking.[0m[0m
[1;33;40mWARNING - 2023-01-04 10:04:34,684 - [34mangr.project[0m - [34mAddress is already hooked, during hook(0x500114, <SimProcedure closesocket>). Not re-hooking.[0m[0m
[1;33;40mWARNING - 2023-01-04 10:04:34,685 - [34mangr.project[0m - [34mAddress is already hooked, during hook(0x500108, <SimProcedure htonl>). Not re-hooking.[0m[0m
[1;33;40mWARNING - 2023-01-04 10:04:34,685 - [34mangr.project[0m - [34mAddress is already hooked, during hook(0x500100, <SimProcedure htons>). Not re-hooking.[0m[0m
[1;33;40mWARNING - 2023-01-04 10:04:34,685 - [34mangr.project[0m - [34mAddress is already hooked, during hook(0x500120, <SimProcedure WSACleanup>). Not re-hooking.[0m[0m
[1;32;40mINFO - 2023-01-04 10:04:34,687 - [36mCustomSimProcedure[0m - [36mWas in angr :advapi32.dll[0m[0m
[1;32;40mINFO - 2023-01-04 10:04:34,716 - [36mCustomSimProcedure[0m - [36mWas in angr :msvcrt.dll[0m[0m
[1;32;40mINFO - 2023-01-04 10:04:34,754 - [36mCustomSimProcedure[0m - [36mWas in angr :kernel32.dll[0m[0m
[1;33;40mWARNING - 2023-01-04 10:04:34,843 - [34mangr.project[0m - [34mAddress is already hooked, during hook(0x5000e0, <SimProcedure SHDeleteKeyA>). Not re-hooking.[0m[0m
[1;33;40mWARNING - 2023-01-04 10:04:34,866 - [34mangr.project[0m - [34mAddress is already hooked, during hook(0x5000d8, <SimProcedure ShellExecuteExA>). Not re-hooking.[0m[0m
[1;33;40mWARNING - 2023-01-04 10:04:34,867 - [34mangr.project[0m - [34mAddress is already hooked, during hook(0x5000d4, <SimProcedure ShellExecuteA>). Not re-hooking.[0m[0m
[1;33;40mWARNING - 2023-01-04 10:04:34,867 - [34mangr.project[0m - [34mAddress is already hooked, during hook(0x5000dc, <SimProcedure SHChangeNotify>). Not re-hooking.[0m[0m
[1;33;40mWARNING - 2023-01-04 10:04:34,872 - [34mangr.project[0m - [34mAddress is already hooked, during hook(0x50004c, <SimProcedure time>). Not re-hooking.[0m[0m
[1;33;40mWARNING - 2023-01-04 10:04:34,872 - [34mangr.project[0m - [34mAddress is already hooked, during hook(0x601014, <SimProcedure KiUserExceptionDispatcher>). Not re-hooking.[0m[0m
[1;32;40mINFO - 2023-01-04 10:04:34,872 - [36mCustomSimProcedure[0m - [36mNo hooks for: {"ordinal.823.b'mfc42.dll'": 5242880, "ordinal.825.b'mfc42.dll'": 5242884, '_controlfp': 5242888, '__set_app_type': 5242892, '_adjust_fdiv': 5242904, '__setusermatherr': 5242908, '_initterm': 5242912, '__getmainargs': 5242916, '_acmdln': 5242920, '_XcptFilter': 5242928, '_except_handler3': 5242936, 'WSAIoctl': 5243128, 'GetIfTable': 5243176, '_fmode': 6295576, '_commode': 6295580, '_wcmdln': 6295584, 'advapi32.dll': 6295588}[0m[0m
[1;32;40mINFO - 2023-01-04 10:04:34,875 - [36mCustomSimProcedure[0m - [36mSyscall found:  LoadLibraryA[<BV32 0x407154>][0m[0m
[1;32;40mINFO - 2023-01-04 10:04:34,896 - [37mCustomSimProcedureWindows[0m - [37mGetProcAddress: StartServiceCtrlDispatcherA[0m[0m
[1;32;40mINFO - 2023-01-04 10:04:34,896 - [37mCustomSimProcedureWindows[0m - [37mGetProcAddress - Query to lib : advapi32.dll[0m[0m
[1;32;40mINFO - 2023-01-04 10:04:34,896 - [37mCustomSimProcedureWindows[0m - [37mGetProcAddress: Symbol not found[0m[0m
[1;32;40mINFO - 2023-01-04 10:04:34,897 - [36mCustomSimProcedure[0m - [36mSyscall found:  GetProcAddress[<BV32 0x601024>, <BV32 0x4073d8>][0m[0m
[1;32;40mINFO - 2023-01-04 10:04:34,931 - [36mCustomSimProcedure[0m - [36mSyscall found:  LoadLibraryA[<BV32 0x407154>][0m[0m
[1;32;40mINFO - 2023-01-04 10:04:34,948 - [37mCustomSimProcedureWindows[0m - [37mGetProcAddress: RegCloseKey[0m[0m
[1;32;40mINFO - 2023-01-04 10:04:34,948 - [37mCustomSimProcedureWindows[0m - [37mGetProcAddress - Query to lib : advapi32.dll[0m[0m
[1;32;40mINFO - 2023-01-04 10:04:34,949 - [37mCustomSimProcedureWindows[0m - [37mGetProcAddress: Symbol not found[0m[0m
[1;32;40mINFO - 2023-01-04 10:04:34,949 - [36mCustomSimProcedure[0m - [36mSyscall found:  GetProcAddress[<BV32 0x601024>, <BV32 0x4071a4>][0m[0m
[1;32;40mINFO - 2023-01-04 10:04:34,968 - [36mCustomSimProcedure[0m - [36mSyscall found:  LoadLibraryA[<BV32 0x407154>][0m[0m
[1;32;40mINFO - 2023-01-04 10:04:34,987 - [37mCustomSimProcedureWindows[0m - [37mGetProcAddress: RegOpenKeyExA[0m[0m
[1;32;40mINFO - 2023-01-04 10:04:34,988 - [37mCustomSimProcedureWindows[0m - [37mGetProcAddress - Query to lib : advapi32.dll[0m[0m
[1;32;40mINFO - 2023-01-04 10:04:34,988 - [37mCustomSimProcedureWindows[0m - [37mGetProcAddress: Symbol not found[0m[0m
[1;32;40mINFO - 2023-01-04 10:04:34,988 - [36mCustomSimProcedure[0m - [36mSyscall found:  GetProcAddress[<BV32 0x601024>, <BV32 0x407374>][0m[0m
[1;32;40mINFO - 2023-01-04 10:04:35,560 - [36mCustomSimProcedure[0m - [36mSyscall found:  RegOpenKeyExA[<BV32 0x80000002>, <BV32 0x7ffefbb0>, <BV32 0x0>, <BV32 0xf003f>, <BV32 0x7ffefcb8>][0m[0m
[1;32;40mINFO - 2023-01-04 10:04:35,581 - [36mCustomSimProcedure[0m - [36mSyscall found:  RegCloseKey[<BV32 key_handle_RegOpenKeyExA_98313_32[7:0] .. key_handle_RegOpenKeyExA_98313_32[15:8] .. key_handle_RegOpenKeyExA_98313_32[23:16] .. key_handle_RegOpenKeyExA_98313_32[31:24]>][0m[0m
[1;32;40mINFO - 2023-01-04 10:04:35,616 - [36mCustomSimProcedure[0m - [36mSyscall found:  StartServiceCtrlDispatcherA[<BV32 0x7ffefdfc>][0m[0m
[1;32;40mINFO - 2023-01-04 10:04:35,646 - [31mToolChainExplorerAnotherCDFS[0m - [31mA new block of execution have been executed with changes in sim_manager.[0m[0m
[1;32;40mINFO - 2023-01-04 10:04:35,646 - [31mToolChainExplorerAnotherCDFS[0m - [31mCurrently, simulation manager is :[0m[0m
[1;32;40mINFO - 2023-01-04 10:04:35,646 - [31mToolChainExplorerAnotherCDFS[0m - [31m<SimulationManager with 1 deadended>[0m[0m
[1;32;40mINFO - 2023-01-04 10:04:35,646 - [31mToolChainExplorerAnotherCDFS[0m - [31mpause stash len :0[0m[0m
[1;32;40mINFO - 2023-01-04 10:04:35,646 - [31mToolChainExplorerAnotherCDFS[0m - [31mlen(simgr.active) <= 0 or deadended >= self.max_end_state)[0m[0m
[1;32;40mINFO - 2023-01-04 10:04:35,650 - [37mGraphBuilder[0m - [37mOutput dir :src/output/runs/68//nitol[0m[0m
