[1;33;40mWARNING - 2023-01-04 10:03:38,302 - [34mangr.project[0m - [34mDisabling IRSB translation cache because support for self-modifying code is enabled.[0m[0m
[1;32;40mINFO - 2023-01-04 10:03:38,390 - [33mwerkzeug[0m - [33m172.17.0.1 - - [04/Jan/2023 10:03:38] "[36mGET /static/assets/demo/chart-area-demo.js HTTP/1.1[0m" 304 -[0m[0m
[1;32;40mINFO - 2023-01-04 10:03:38,391 - [33mwerkzeug[0m - [33m172.17.0.1 - - [04/Jan/2023 10:03:38] "[36mGET /static/assets/demo/chart-bar-demo.js HTTP/1.1[0m" 304 -[0m[0m
[1;32;40mINFO - 2023-01-04 10:03:38,401 - [33mwerkzeug[0m - [33m172.17.0.1 - - [04/Jan/2023 10:03:38] "[36mGET /static/css/nyan.css HTTP/1.1[0m" 304 -[0m[0m
[1;32;40mINFO - 2023-01-04 10:03:38,403 - [33mwerkzeug[0m - [33m172.17.0.1 - - [04/Jan/2023 10:03:38] "[36mGET /static/js/nyan.js HTTP/1.1[0m" 304 -[0m[0m
[1;32;40mINFO - 2023-01-04 10:03:38,406 - [33mwerkzeug[0m - [33m172.17.0.1 - - [04/Jan/2023 10:03:38] "[36mGET /static/css/styles.css HTTP/1.1[0m" 304 -[0m[0m
[1;32;40mINFO - 2023-01-04 10:03:38,407 - [33mwerkzeug[0m - [33m172.17.0.1 - - [04/Jan/2023 10:03:38] "GET /static/js/datatables-simple-demo.js HTTP/1.1" 200 -[0m[0m
[1;32;40mINFO - 2023-01-04 10:03:38,412 - [33mwerkzeug[0m - [33m172.17.0.1 - - [04/Jan/2023 10:03:38] "[36mGET /static/js/scripts.js HTTP/1.1[0m" 304 -[0m[0m
[1;32;40mINFO - 2023-01-04 10:03:38,615 - [33mwerkzeug[0m - [33m172.17.0.1 - - [04/Jan/2023 10:03:38] "GET /static/css/images/nyanCat.png HTTP/1.1" 200 -[0m[0m
[1;32;40mINFO - 2023-01-04 10:03:38,616 - [33mwerkzeug[0m - [33m172.17.0.1 - - [04/Jan/2023 10:03:38] "[36mGET /static/css/images/rainbow.png HTTP/1.1[0m" 304 -[0m[0m
[1;32;40mINFO - 2023-01-04 10:03:38,617 - [33mwerkzeug[0m - [33m172.17.0.1 - - [04/Jan/2023 10:03:38] "GET /progress-scdg HTTP/1.1" 200 -[0m[0m
[1;32;40mINFO - 2023-01-04 10:03:38,618 - [33mwerkzeug[0m - [33m172.17.0.1 - - [04/Jan/2023 10:03:38] "GET /iteration-scdg HTTP/1.1" 200 -[0m[0m
[1;32;40mINFO - 2023-01-04 10:03:39,065 - [33mwerkzeug[0m - [33m172.17.0.1 - - [04/Jan/2023 10:03:39] "GET /iteration-scdg HTTP/1.1" 200 -[0m[0m
[1;32;40mINFO - 2023-01-04 10:03:39,066 - [33mwerkzeug[0m - [33m172.17.0.1 - - [04/Jan/2023 10:03:39] "GET /progress-scdg HTTP/1.1" 200 -[0m[0m
[1;33;40mWARNING - 2023-01-04 10:03:40,464 - [33mangr.engines.vex.lifter[0m - [33mSelf-modifying code is not always correctly optimized by PyVEX. To guarantee correctness, VEX optimizations have been disabled.[0m[0m
[1;32;40mINFO - 2023-01-04 10:03:40,883 - [33mwerkzeug[0m - [33m172.17.0.1 - - [04/Jan/2023 10:03:40] "GET /iteration-scdg HTTP/1.1" 200 -[0m[0m
[1;32;40mINFO - 2023-01-04 10:03:40,886 - [33mwerkzeug[0m - [33m172.17.0.1 - - [04/Jan/2023 10:03:40] "GET /progress-scdg HTTP/1.1" 200 -[0m[0m
[1;32;40mINFO - 2023-01-04 10:03:43,594 - [33mwerkzeug[0m - [33m172.17.0.1 - - [04/Jan/2023 10:03:43] "GET /iteration-scdg HTTP/1.1" 200 -[0m[0m
[1;32;40mINFO - 2023-01-04 10:03:43,615 - [33mwerkzeug[0m - [33m172.17.0.1 - - [04/Jan/2023 10:03:43] "GET /progress-scdg HTTP/1.1" 200 -[0m[0m
[1;32;40mINFO - 2023-01-04 10:03:43,909 - [33mwerkzeug[0m - [33m172.17.0.1 - - [04/Jan/2023 10:03:43] "GET /iteration-scdg HTTP/1.1" 200 -[0m[0m
[1;32;40mINFO - 2023-01-04 10:03:43,926 - [33mwerkzeug[0m - [33m172.17.0.1 - - [04/Jan/2023 10:03:43] "GET /progress-scdg HTTP/1.1" 200 -[0m[0m
[1;32;40mINFO - 2023-01-04 10:03:44,089 - [36mCustomSimProcedure[0m - {"ordinal.823.b'mfc42.dll'": 5242880, "ordinal.825.b'mfc42.dll'": 5242884, '_controlfp': 5242888, '__set_app_type': 5242892, '__p__fmode': 5242896, '__p__commode': 5242900, '_adjust_fdiv': 5242904, '__setusermatherr': 5242908, '_initterm': 5242912, '__getmainargs': 5242916, '_acmdln': 5242920, 'exit': 5242924, '_XcptFilter': 5242928, '_exit': 5242932, 'strncmp': 5242936, '_except_handler3': 5242940, 'strstr': 5242944, 'strcspn': 5242948, 'strncpy': 5242952, 'atoi': 5242956, 'time': 5242960, 'srand': 5242964, 'rand': 5242968, 'realloc': 5242972, 'free': 5242976, 'malloc': 5242980, 'sprintf': 5242984, 'ExitProcess': 5242988, 'Sleep': 5242992, 'lstrcpyA': 5242996, 'CreateProcessA': 5243000, 'TerminateProcess': 5243004, 'ExitThread': 5243008, 'GetStartupInfoA': 5243012, 'GetModuleHandleA': 5243016, 'WaitForSingleObject': 5243020, 'CreateFileA': 5243024, 'SetFilePointer': 5243028, 'WriteFile': 5243032, 'lstrcpynA': 5243036, 'lstrlenA': 5243040, 'OpenMutexA': 5243044, 'ReleaseMutex': 5243048, 'GetComputerNameA': 5243052, 'GetCurrentProcess': 5243056, 'GetCurrentThread': 5243060, 'CloseHandle': 5243064, 'CreateThread': 5243068, 'LoadLibraryA': 5243072, 'GetProcAddress': 5243076, 'GetSystemDefaultUILanguage': 5243080, 'GetTickCount': 5243084, 'GetDesktopWindow': 5243088, 'wsprintfA': 5243092, 'SHChangeNotify': 5243096, 'ShellExecuteExA': 5243100, 'ShellExecuteA': 5243104, 'SHDeleteKeyA': 5243108, 'setsockopt': 5243112, 'recv': 5243116, '__WSAFDIsSet': 5243120, 'select': 5243124, 'WSAIoctl': 5243128, 'closesocket': 5243132, 'WSAStartup': 5243136, 'inet_ntoa': 5243140, 'htonl': 5243144, 'WSACleanup': 5243148, 'socket': 5243152, 'connect': 5243156, 'send': 5243160, 'inet_addr': 5243164, 'sendto': 5243168, 'htons': 5243172, 'GetIfTable': 5243176, 'GetAdaptersInfo': 5243180, 'KiUserExceptionDispatcher': 6295572, '_fmode': 6295576, '_commode': 6295580, '_wcmdln': 6295584}[0m
[1;32;40mINFO - 2023-01-04 10:03:44,089 - [36mCustomSimProcedure[0m - [36mWas in angr :user32.dll[0m[0m
[1;33;40mWARNING - 2023-01-04 10:03:44,094 - [36mCustomSimProcedure[0m - [36mProcedure wsprintfA in DLL user32.dll has 3 arguments in json and 2 arguments in angr prototype. Taking number of arguments from json.[0m[0m
[1;33;40mWARNING - 2023-01-04 10:03:44,095 - [36mCustomSimProcedure[0m - [36mProcedure wsprintfW in DLL user32.dll has 3 arguments in json and 2 arguments in angr prototype. Taking number of arguments from json.[0m[0m
[1;33;40mWARNING - 2023-01-04 10:03:44,170 - [34mangr.project[0m - [34mAddress is already hooked, during hook(0x5000d0, <SimProcedure GetDesktopWindow>). Not re-hooking.[0m[0m
[1;33;40mWARNING - 2023-01-04 10:03:44,239 - [34mangr.project[0m - [34mAddress is already hooked, during hook(0x500118, <SimProcedure send>). Not re-hooking.[0m[0m
[1;33;40mWARNING - 2023-01-04 10:03:44,240 - [34mangr.project[0m - [34mAddress is already hooked, during hook(0x50011c, <SimProcedure inet_addr>). Not re-hooking.[0m[0m
[1;33;40mWARNING - 2023-01-04 10:03:44,240 - [34mangr.project[0m - [34mAddress is already hooked, during hook(0x5000f0, <SimProcedure __WSAFDIsSet>). Not re-hooking.[0m[0m
[1;33;40mWARNING - 2023-01-04 10:03:44,240 - [34mangr.project[0m - [34mAddress is already hooked, during hook(0x5000e8, <SimProcedure setsockopt>). Not re-hooking.[0m[0m
[1;33;40mWARNING - 2023-01-04 10:03:44,240 - [34mangr.project[0m - [34mAddress is already hooked, during hook(0x500100, <SimProcedure WSAStartup>). Not re-hooking.[0m[0m
[1;33;40mWARNING - 2023-01-04 10:03:44,240 - [34mangr.project[0m - [34mAddress is already hooked, during hook(0x5000fc, <SimProcedure closesocket>). Not re-hooking.[0m[0m
[1;33;40mWARNING - 2023-01-04 10:03:44,240 - [34mangr.project[0m - [34mAddress is already hooked, during hook(0x500108, <SimProcedure htonl>). Not re-hooking.[0m[0m
[1;33;40mWARNING - 2023-01-04 10:03:44,241 - [34mangr.project[0m - [34mAddress is already hooked, during hook(0x500124, <SimProcedure htons>). Not re-hooking.[0m[0m
[1;33;40mWARNING - 2023-01-04 10:03:44,241 - [34mangr.project[0m - [34mAddress is already hooked, during hook(0x50010c, <SimProcedure WSACleanup>). Not re-hooking.[0m[0m
[1;32;40mINFO - 2023-01-04 10:03:44,245 - [36mCustomSimProcedure[0m - [36mWas in angr :msvcrt.dll[0m[0m
[1;33;40mWARNING - 2023-01-04 10:03:44,313 - [34mangr.project[0m - [34mAddress is already hooked, during hook(0x500044, <SimProcedure strcspn>). Not re-hooking.[0m[0m
[1;33;40mWARNING - 2023-01-04 10:03:44,313 - [34mangr.project[0m - [34mAddress is already hooked, during hook(0x500034, <SimProcedure _exit>). Not re-hooking.[0m[0m
[1;32;40mINFO - 2023-01-04 10:03:44,362 - [36mCustomSimProcedure[0m - [36mWas in angr :kernel32.dll[0m[0m
[1;33;40mWARNING - 2023-01-04 10:03:44,502 - [34mangr.project[0m - [34mAddress is already hooked, during hook(0x5000a8, <SimProcedure ReleaseMutex>). Not re-hooking.[0m[0m
[1;33;40mWARNING - 2023-01-04 10:03:44,502 - [34mangr.project[0m - [34mAddress is already hooked, during hook(0x50008c, <SimProcedure WaitForSingleObject>). Not re-hooking.[0m[0m
[1;33;40mWARNING - 2023-01-04 10:03:44,504 - [34mangr.project[0m - [34mAddress is already hooked, during hook(0x500080, <SimProcedure ExitThread>). Not re-hooking.[0m[0m
[1;33;40mWARNING - 2023-01-04 10:03:44,504 - [34mangr.project[0m - [34mAddress is already hooked, during hook(0x500078, <SimProcedure CreateProcessA>). Not re-hooking.[0m[0m
[1;33;40mWARNING - 2023-01-04 10:03:44,505 - [34mangr.project[0m - [34mAddress is already hooked, during hook(0x500094, <SimProcedure SetFilePointer>). Not re-hooking.[0m[0m
[1;33;40mWARNING - 2023-01-04 10:03:44,505 - [34mangr.project[0m - [34mAddress is already hooked, during hook(0x5000b4, <SimProcedure GetCurrentThread>). Not re-hooking.[0m[0m
[1;33;40mWARNING - 2023-01-04 10:03:44,505 - [34mangr.project[0m - [34mAddress is already hooked, during hook(0x5000b0, <SimProcedure GetCurrentProcess>). Not re-hooking.[0m[0m
[1;33;40mWARNING - 2023-01-04 10:03:44,506 - [34mangr.project[0m - [34mAddress is already hooked, during hook(0x5000a4, <SimProcedure OpenMutexA>). Not re-hooking.[0m[0m
[1;33;40mWARNING - 2023-01-04 10:03:44,506 - [34mangr.project[0m - [34mAddress is already hooked, during hook(0x5000c8, <SimProcedure GetSystemDefaultUILanguage>). Not re-hooking.[0m[0m
[1;33;40mWARNING - 2023-01-04 10:03:44,506 - [34mangr.project[0m - [34mAddress is already hooked, during hook(0x5000b8, <SimProcedure CloseHandle>). Not re-hooking.[0m[0m
[1;33;40mWARNING - 2023-01-04 10:03:44,507 - [34mangr.project[0m - [34mAddress is already hooked, during hook(0x500084, <SimProcedure GetStartupInfoA>). Not re-hooking.[0m[0m
[1;33;40mWARNING - 2023-01-04 10:03:44,507 - [34mangr.project[0m - [34mAddress is already hooked, during hook(0x500070, <SimProcedure Sleep>). Not re-hooking.[0m[0m
[1;33;40mWARNING - 2023-01-04 10:03:44,657 - [34mangr.project[0m - [34mAddress is already hooked, during hook(0x5000e4, <SimProcedure SHDeleteKeyA>). Not re-hooking.[0m[0m
[1;33;40mWARNING - 2023-01-04 10:03:44,693 - [34mangr.project[0m - [34mAddress is already hooked, during hook(0x5000dc, <SimProcedure ShellExecuteExA>). Not re-hooking.[0m[0m
[1;33;40mWARNING - 2023-01-04 10:03:44,694 - [34mangr.project[0m - [34mAddress is already hooked, during hook(0x5000e0, <SimProcedure ShellExecuteA>). Not re-hooking.[0m[0m
[1;33;40mWARNING - 2023-01-04 10:03:44,695 - [34mangr.project[0m - [34mAddress is already hooked, during hook(0x5000d8, <SimProcedure SHChangeNotify>). Not re-hooking.[0m[0m
[1;33;40mWARNING - 2023-01-04 10:03:44,704 - [34mangr.project[0m - [34mAddress is already hooked, during hook(0x500050, <SimProcedure time>). Not re-hooking.[0m[0m
[1;33;40mWARNING - 2023-01-04 10:03:44,704 - [34mangr.project[0m - [34mAddress is already hooked, during hook(0x601014, <SimProcedure KiUserExceptionDispatcher>). Not re-hooking.[0m[0m
[1;32;40mINFO - 2023-01-04 10:03:44,705 - [36mCustomSimProcedure[0m - [36mNo hooks for: {"ordinal.823.b'mfc42.dll'": 5242880, "ordinal.825.b'mfc42.dll'": 5242884, '_controlfp': 5242888, '__set_app_type': 5242892, '_adjust_fdiv': 5242904, '__setusermatherr': 5242908, '_initterm': 5242912, '__getmainargs': 5242916, '_acmdln': 5242920, '_XcptFilter': 5242928, '_except_handler3': 5242940, 'WSAIoctl': 5243128, 'GetIfTable': 5243176, '_fmode': 6295576, '_commode': 6295580, '_wcmdln': 6295584}[0m[0m
[1;32;40mINFO - 2023-01-04 10:03:44,705 - [36mCustomSimProcedure[0m - [36mcustom_hook_static[0m[0m
[1;32;40mINFO - 2023-01-04 10:03:44,705 - [36mCustomSimProcedure[0m - [36mmfc42.dll[0m[0m
[1;32;40mINFO - 2023-01-04 10:03:44,705 - [36mCustomSimProcedure[0m - [36m823[0m[0m
[1;32;40mINFO - 2023-01-04 10:03:44,705 - [36mCustomSimProcedure[0m - [36mmfc42.dll[0m[0m
[1;32;40mINFO - 2023-01-04 10:03:44,705 - [36mCustomSimProcedure[0m - [36m825[0m[0m
[1;33;40mWARNING - 2023-01-04 10:03:44,706 - [34mangr.project[0m - [34mAddress is already hooked, during hook(0x400000, <SimProcedure __p__commode>). Not re-hooking.[0m[0m
[1;33;40mWARNING - 2023-01-04 10:03:44,706 - [34mangr.project[0m - [34mAddress is already hooked, during hook(0x400000, <SimProcedure _initterm>). Not re-hooking.[0m[0m
[1;33;40mWARNING - 2023-01-04 10:03:44,706 - [34mangr.project[0m - [34mAddress is already hooked, during hook(0x400000, <SimProcedure __getmainargs>). Not re-hooking.[0m[0m
[1;33;40mWARNING - 2023-01-04 10:03:44,706 - [34mangr.project[0m - [34mAddress is already hooked, during hook(0x400000, <SimProcedure exit>). Not re-hooking.[0m[0m
[1;33;40mWARNING - 2023-01-04 10:03:44,707 - [34mangr.project[0m - [34mAddress is already hooked, during hook(0x400000, <SimProcedure strncmp>). Not re-hooking.[0m[0m
[1;33;40mWARNING - 2023-01-04 10:03:44,707 - [34mangr.project[0m - [34mAddress is already hooked, during hook(0x400000, <SimProcedure strstr>). Not re-hooking.[0m[0m
[1;33;40mWARNING - 2023-01-04 10:03:44,707 - [34mangr.project[0m - [34mAddress is already hooked, during hook(0x400000, <SimProcedure strncpy>). Not re-hooking.[0m[0m
[1;33;40mWARNING - 2023-01-04 10:03:44,707 - [34mangr.project[0m - [34mAddress is already hooked, during hook(0x400000, <SimProcedure atoi>). Not re-hooking.[0m[0m
[1;33;40mWARNING - 2023-01-04 10:03:44,707 - [34mangr.project[0m - [34mAddress is already hooked, during hook(0x400000, <SimProcedure time>). Not re-hooking.[0m[0m
[1;33;40mWARNING - 2023-01-04 10:03:44,708 - [34mangr.project[0m - [34mAddress is already hooked, during hook(0x400000, <SimProcedure srand>). Not re-hooking.[0m[0m
[1;33;40mWARNING - 2023-01-04 10:03:44,708 - [34mangr.project[0m - [34mAddress is already hooked, during hook(0x400000, <SimProcedure rand>). Not re-hooking.[0m[0m
[1;33;40mWARNING - 2023-01-04 10:03:44,708 - [34mangr.project[0m - [34mAddress is already hooked, during hook(0x400000, <SimProcedure realloc>). Not re-hooking.[0m[0m
[1;33;40mWARNING - 2023-01-04 10:03:44,708 - [34mangr.project[0m - [34mAddress is already hooked, during hook(0x400000, <SimProcedure free>). Not re-hooking.[0m[0m
[1;33;40mWARNING - 2023-01-04 10:03:44,708 - [34mangr.project[0m - [34mAddress is already hooked, during hook(0x400000, <SimProcedure malloc>). Not re-hooking.[0m[0m
[1;33;40mWARNING - 2023-01-04 10:03:44,709 - [34mangr.project[0m - [34mAddress is already hooked, during hook(0x400000, <SimProcedure sprintf>). Not re-hooking.[0m[0m
[1;33;40mWARNING - 2023-01-04 10:03:44,709 - [34mangr.project[0m - [34mAddress is already hooked, during hook(0x400000, <SimProcedure ExitProcess>). Not re-hooking.[0m[0m
[1;33;40mWARNING - 2023-01-04 10:03:44,709 - [34mangr.project[0m - [34mAddress is already hooked, during hook(0x400000, <SimProcedure WriteFile>). Not re-hooking.[0m[0m
[1;33;40mWARNING - 2023-01-04 10:03:44,710 - [34mangr.project[0m - [34mAddress is already hooked, during hook(0x400000, <SimProcedure GetTickCount>). Not re-hooking.[0m[0m
[1;33;40mWARNING - 2023-01-04 10:03:44,710 - [34mangr.project[0m - [34mAddress is already hooked, during hook(0x400000, <SimProcedure setsockopt>). Not re-hooking.[0m[0m
[1;33;40mWARNING - 2023-01-04 10:03:44,710 - [34mangr.project[0m - [34mAddress is already hooked, during hook(0x400000, <SimProcedure recv>). Not re-hooking.[0m[0m
[1;33;40mWARNING - 2023-01-04 10:03:44,710 - [34mangr.project[0m - [34mAddress is already hooked, during hook(0x400000, <SimProcedure select>). Not re-hooking.[0m[0m
[1;33;40mWARNING - 2023-01-04 10:03:44,710 - [34mangr.project[0m - [34mAddress is already hooked, during hook(0x400000, <SimProcedure inet_ntoa>). Not re-hooking.[0m[0m
[1;33;40mWARNING - 2023-01-04 10:03:44,711 - [34mangr.project[0m - [34mAddress is already hooked, during hook(0x400000, <SimProcedure htonl>). Not re-hooking.[0m[0m
[1;33;40mWARNING - 2023-01-04 10:03:44,711 - [34mangr.project[0m - [34mAddress is already hooked, during hook(0x400000, <SimProcedure socket>). Not re-hooking.[0m[0m
[1;33;40mWARNING - 2023-01-04 10:03:44,711 - [34mangr.project[0m - [34mAddress is already hooked, during hook(0x400000, <SimProcedure send>). Not re-hooking.[0m[0m
[1;33;40mWARNING - 2023-01-04 10:03:44,711 - [34mangr.project[0m - [34mAddress is already hooked, during hook(0x400000, <SimProcedure htons>). Not re-hooking.[0m[0m
[1;32;40mINFO - 2023-01-04 10:03:44,711 - [36mCustomSimProcedure[0m - [36mmfc42.dll[0m[0m
[1;32;40mINFO - 2023-01-04 10:03:44,712 - [36mCustomSimProcedure[0m - [36m823[0m[0m
[1;32;40mINFO - 2023-01-04 10:03:44,712 - [36mCustomSimProcedure[0m - [36mmfc42.dll[0m[0m
[1;32;40mINFO - 2023-01-04 10:03:44,712 - [36mCustomSimProcedure[0m - [36m825[0m[0m
[1;33;40mWARNING - 2023-01-04 10:03:44,712 - [34mangr.project[0m - [34mAddress is already hooked, during hook(0x500010, <SimProcedure __p__fmode>). Not re-hooking.[0m[0m
[1;33;40mWARNING - 2023-01-04 10:03:44,712 - [34mangr.project[0m - [34mAddress is already hooked, during hook(0x500014, <SimProcedure __p__commode>). Not re-hooking.[0m[0m
[1;33;40mWARNING - 2023-01-04 10:03:44,712 - [34mangr.project[0m - [34mAddress is already hooked, during hook(0x500020, <SimProcedure _initterm>). Not re-hooking.[0m[0m
[1;33;40mWARNING - 2023-01-04 10:03:44,713 - [34mangr.project[0m - [34mAddress is already hooked, during hook(0x500024, <SimProcedure __getmainargs>). Not re-hooking.[0m[0m
[1;33;40mWARNING - 2023-01-04 10:03:44,713 - [34mangr.project[0m - [34mAddress is already hooked, during hook(0x50002c, <SimProcedure exit>). Not re-hooking.[0m[0m
[1;33;40mWARNING - 2023-01-04 10:03:44,713 - [34mangr.project[0m - [34mAddress is already hooked, during hook(0x500038, <SimProcedure strncmp>). Not re-hooking.[0m[0m
[1;33;40mWARNING - 2023-01-04 10:03:44,713 - [34mangr.project[0m - [34mAddress is already hooked, during hook(0x500040, <SimProcedure strstr>). Not re-hooking.[0m[0m
[1;33;40mWARNING - 2023-01-04 10:03:44,713 - [34mangr.project[0m - [34mAddress is already hooked, during hook(0x500048, <SimProcedure strncpy>). Not re-hooking.[0m[0m
[1;33;40mWARNING - 2023-01-04 10:03:44,714 - [34mangr.project[0m - [34mAddress is already hooked, during hook(0x50004c, <SimProcedure atoi>). Not re-hooking.[0m[0m
[1;33;40mWARNING - 2023-01-04 10:03:44,714 - [34mangr.project[0m - [34mAddress is already hooked, during hook(0x500050, <SimProcedure time>). Not re-hooking.[0m[0m
[1;33;40mWARNING - 2023-01-04 10:03:44,714 - [34mangr.project[0m - [34mAddress is already hooked, during hook(0x500054, <SimProcedure srand>). Not re-hooking.[0m[0m
[1;33;40mWARNING - 2023-01-04 10:03:44,714 - [34mangr.project[0m - [34mAddress is already hooked, during hook(0x500058, <SimProcedure rand>). Not re-hooking.[0m[0m
[1;33;40mWARNING - 2023-01-04 10:03:44,715 - [34mangr.project[0m - [34mAddress is already hooked, during hook(0x50005c, <SimProcedure realloc>). Not re-hooking.[0m[0m
[1;33;40mWARNING - 2023-01-04 10:03:44,715 - [34mangr.project[0m - [34mAddress is already hooked, during hook(0x500060, <SimProcedure free>). Not re-hooking.[0m[0m
[1;33;40mWARNING - 2023-01-04 10:03:44,715 - [34mangr.project[0m - [34mAddress is already hooked, during hook(0x500064, <SimProcedure malloc>). Not re-hooking.[0m[0m
[1;33;40mWARNING - 2023-01-04 10:03:44,715 - [34mangr.project[0m - [34mAddress is already hooked, during hook(0x500068, <SimProcedure sprintf>). Not re-hooking.[0m[0m
[1;33;40mWARNING - 2023-01-04 10:03:44,715 - [34mangr.project[0m - [34mAddress is already hooked, during hook(0x50006c, <SimProcedure ExitProcess>). Not re-hooking.[0m[0m
[1;33;40mWARNING - 2023-01-04 10:03:44,716 - [34mangr.project[0m - [34mAddress is already hooked, during hook(0x500098, <SimProcedure WriteFile>). Not re-hooking.[0m[0m
[1;33;40mWARNING - 2023-01-04 10:03:44,717 - [34mangr.project[0m - [34mAddress is already hooked, during hook(0x5000cc, <SimProcedure GetTickCount>). Not re-hooking.[0m[0m
[1;33;40mWARNING - 2023-01-04 10:03:44,720 - [34mangr.project[0m - [34mAddress is already hooked, during hook(0x5000e8, <SimProcedure setsockopt>). Not re-hooking.[0m[0m
[1;33;40mWARNING - 2023-01-04 10:03:44,720 - [34mangr.project[0m - [34mAddress is already hooked, during hook(0x5000ec, <SimProcedure recv>). Not re-hooking.[0m[0m
[1;33;40mWARNING - 2023-01-04 10:03:44,720 - [34mangr.project[0m - [34mAddress is already hooked, during hook(0x5000f4, <SimProcedure select>). Not re-hooking.[0m[0m
[1;33;40mWARNING - 2023-01-04 10:03:44,721 - [34mangr.project[0m - [34mAddress is already hooked, during hook(0x500104, <SimProcedure inet_ntoa>). Not re-hooking.[0m[0m
[1;33;40mWARNING - 2023-01-04 10:03:44,721 - [34mangr.project[0m - [34mAddress is already hooked, during hook(0x500108, <SimProcedure htonl>). Not re-hooking.[0m[0m
[1;33;40mWARNING - 2023-01-04 10:03:44,721 - [34mangr.project[0m - [34mAddress is already hooked, during hook(0x500110, <SimProcedure socket>). Not re-hooking.[0m[0m
[1;33;40mWARNING - 2023-01-04 10:03:44,721 - [34mangr.project[0m - [34mAddress is already hooked, during hook(0x500118, <SimProcedure send>). Not re-hooking.[0m[0m
[1;33;40mWARNING - 2023-01-04 10:03:44,721 - [34mangr.project[0m - [34mAddress is already hooked, during hook(0x500124, <SimProcedure htons>). Not re-hooking.[0m[0m
[1;33;40mWARNING - 2023-01-04 10:03:44,721 - [34mangr.project[0m - [34mAddress is already hooked, during hook(0x601014, <SimProcedure KiUserExceptionDispatcher>). Not re-hooking.[0m[0m
[1;32;40mINFO - 2023-01-04 10:03:44,722 - [36mCustomSimProcedure[0m - [36mcustom_hook_windows_symbols[0m[0m
[1;33;40mWARNING - 2023-01-04 10:03:45,485 - [34mangr.project[0m - [34mAddress is already hooked, during hook(0x5000d0, <SimProcedure GetDesktopWindow>). Re-hooking.[0m[0m
[1;33;40mWARNING - 2023-01-04 10:03:45,487 - [34mangr.project[0m - [34mAddress is already hooked, during hook(0x5000d0, <SimProcedure GetDesktopWindow>). Re-hooking.[0m[0m
[1;32;40mINFO - 2023-01-04 10:03:45,951 - [33mwerkzeug[0m - [33m172.17.0.1 - - [04/Jan/2023 10:03:45] "GET /progress-scdg HTTP/1.1" 200 -[0m[0m
[1;32;40mINFO - 2023-01-04 10:03:45,952 - [33mwerkzeug[0m - [33m172.17.0.1 - - [04/Jan/2023 10:03:45] "GET /iteration-scdg HTTP/1.1" 200 -[0m[0m
[1;33;40mWARNING - 2023-01-04 10:03:46,825 - [34mangr.project[0m - [34mAddress is already hooked, during hook(0x5000d0, <SimProcedure GetDesktopWindow>). Re-hooking.[0m[0m
[1;33;40mWARNING - 2023-01-04 10:03:46,826 - [34mangr.project[0m - [34mAddress is already hooked, during hook(0x5000d0, <SimProcedure GetDesktopWindow>). Re-hooking.[0m[0m
[1;33;40mWARNING - 2023-01-04 10:03:47,258 - [34mangr.project[0m - [34mAddress is already hooked, during hook(0x5000a8, <SimProcedure ReleaseMutex>). Re-hooking.[0m[0m
[1;33;40mWARNING - 2023-01-04 10:03:47,260 - [34mangr.project[0m - [34mAddress is already hooked, during hook(0x5000a8, <SimProcedure ReleaseMutex>). Re-hooking.[0m[0m
[1;33;40mWARNING - 2023-01-04 10:03:47,275 - [34mangr.project[0m - [34mAddress is already hooked, during hook(0x50008c, <SimProcedure WaitForSingleObject>). Re-hooking.[0m[0m
[1;33;40mWARNING - 2023-01-04 10:03:47,277 - [34mangr.project[0m - [34mAddress is already hooked, during hook(0x50008c, <SimProcedure WaitForSingleObject>). Re-hooking.[0m[0m
[1;33;40mWARNING - 2023-01-04 10:03:47,341 - [34mangr.project[0m - [34mAddress is already hooked, during hook(0x5000b8, <SimProcedure CloseHandle>). Re-hooking.[0m[0m
[1;33;40mWARNING - 2023-01-04 10:03:47,342 - [34mangr.project[0m - [34mAddress is already hooked, during hook(0x5000b8, <SimProcedure CloseHandle>). Re-hooking.[0m[0m
[1;33;40mWARNING - 2023-01-04 10:03:47,508 - [34mangr.project[0m - [34mAddress is already hooked, during hook(0x500078, <SimProcedure CreateProcessA>). Re-hooking.[0m[0m
[1;33;40mWARNING - 2023-01-04 10:03:47,510 - [34mangr.project[0m - [34mAddress is already hooked, during hook(0x500078, <SimProcedure CreateProcessA>). Re-hooking.[0m[0m
[1;33;40mWARNING - 2023-01-04 10:03:47,723 - [34mangr.project[0m - [34mAddress is already hooked, during hook(0x500080, <SimProcedure ExitThread>). Re-hooking.[0m[0m
[1;33;40mWARNING - 2023-01-04 10:03:47,724 - [34mangr.project[0m - [34mAddress is already hooked, during hook(0x500080, <SimProcedure ExitThread>). Re-hooking.[0m[0m
[1;33;40mWARNING - 2023-01-04 10:03:47,976 - [34mangr.project[0m - [34mAddress is already hooked, during hook(0x5000b4, <SimProcedure GetCurrentThread>). Re-hooking.[0m[0m
[1;33;40mWARNING - 2023-01-04 10:03:47,977 - [34mangr.project[0m - [34mAddress is already hooked, during hook(0x5000b4, <SimProcedure GetCurrentThread>). Re-hooking.[0m[0m
[1;33;40mWARNING - 2023-01-04 10:03:48,272 - [34mangr.project[0m - [34mAddress is already hooked, during hook(0x500084, <SimProcedure GetStartupInfoA>). Re-hooking.[0m[0m
[1;33;40mWARNING - 2023-01-04 10:03:48,274 - [34mangr.project[0m - [34mAddress is already hooked, during hook(0x500084, <SimProcedure GetStartupInfoA>). Re-hooking.[0m[0m
[1;32;40mINFO - 2023-01-04 10:03:48,574 - [33mwerkzeug[0m - [33m172.17.0.1 - - [04/Jan/2023 10:03:48] "GET /iteration-scdg HTTP/1.1" 200 -[0m[0m
[1;32;40mINFO - 2023-01-04 10:03:48,581 - [33mwerkzeug[0m - [33m172.17.0.1 - - [04/Jan/2023 10:03:48] "GET /progress-scdg HTTP/1.1" 200 -[0m[0m
[1;33;40mWARNING - 2023-01-04 10:03:48,752 - [34mangr.project[0m - [34mAddress is already hooked, during hook(0x5000a4, <SimProcedure OpenMutexA>). Re-hooking.[0m[0m
[1;33;40mWARNING - 2023-01-04 10:03:48,753 - [34mangr.project[0m - [34mAddress is already hooked, during hook(0x5000a4, <SimProcedure OpenMutexA>). Re-hooking.[0m[0m
[1;32;40mINFO - 2023-01-04 10:03:48,907 - [33mwerkzeug[0m - [33m172.17.0.1 - - [04/Jan/2023 10:03:48] "GET /iteration-scdg HTTP/1.1" 200 -[0m[0m
[1;32;40mINFO - 2023-01-04 10:03:48,924 - [33mwerkzeug[0m - [33m172.17.0.1 - - [04/Jan/2023 10:03:48] "GET /progress-scdg HTTP/1.1" 200 -[0m[0m
[1;33;40mWARNING - 2023-01-04 10:03:49,213 - [34mangr.project[0m - [34mAddress is already hooked, during hook(0x500094, <SimProcedure SetFilePointer>). Re-hooking.[0m[0m
[1;33;40mWARNING - 2023-01-04 10:03:49,214 - [34mangr.project[0m - [34mAddress is already hooked, during hook(0x500094, <SimProcedure SetFilePointer>). Re-hooking.[0m[0m
[1;33;40mWARNING - 2023-01-04 10:03:49,358 - [34mangr.project[0m - [34mAddress is already hooked, during hook(0x500070, <SimProcedure Sleep>). Re-hooking.[0m[0m
[1;33;40mWARNING - 2023-01-04 10:03:49,360 - [34mangr.project[0m - [34mAddress is already hooked, during hook(0x500070, <SimProcedure Sleep>). Re-hooking.[0m[0m
[1;33;40mWARNING - 2023-01-04 10:03:49,499 - [34mangr.project[0m - [34mAddress is already hooked, during hook(0x50008c, <SimProcedure WaitForSingleObject>). Re-hooking.[0m[0m
[1;33;40mWARNING - 2023-01-04 10:03:49,501 - [34mangr.project[0m - [34mAddress is already hooked, during hook(0x50008c, <SimProcedure WaitForSingleObject>). Re-hooking.[0m[0m
[1;33;40mWARNING - 2023-01-04 10:03:49,643 - [34mangr.project[0m - [34mAddress is already hooked, during hook(0x5000a0, <SimProcedure lstrlenA>). Re-hooking.[0m[0m
[1;33;40mWARNING - 2023-01-04 10:03:49,644 - [34mangr.project[0m - [34mAddress is already hooked, during hook(0x5000a0, <SimProcedure lstrlenA>). Re-hooking.[0m[0m
[1;33;40mWARNING - 2023-01-04 10:03:49,726 - [34mangr.project[0m - [34mAddress is already hooked, during hook(0x500080, <SimProcedure ExitThread>). Re-hooking.[0m[0m
[1;33;40mWARNING - 2023-01-04 10:03:49,728 - [34mangr.project[0m - [34mAddress is already hooked, during hook(0x500080, <SimProcedure ExitThread>). Re-hooking.[0m[0m
[1;33;40mWARNING - 2023-01-04 10:03:49,989 - [34mangr.project[0m - [34mAddress is already hooked, during hook(0x500078, <SimProcedure CreateProcessA>). Re-hooking.[0m[0m
[1;33;40mWARNING - 2023-01-04 10:03:49,991 - [34mangr.project[0m - [34mAddress is already hooked, during hook(0x500078, <SimProcedure CreateProcessA>). Re-hooking.[0m[0m
[1;33;40mWARNING - 2023-01-04 10:03:50,161 - [34mangr.project[0m - [34mAddress is already hooked, during hook(0x500094, <SimProcedure SetFilePointer>). Re-hooking.[0m[0m
[1;33;40mWARNING - 2023-01-04 10:03:50,162 - [34mangr.project[0m - [34mAddress is already hooked, during hook(0x500094, <SimProcedure SetFilePointer>). Re-hooking.[0m[0m
[1;33;40mWARNING - 2023-01-04 10:03:50,221 - [34mangr.project[0m - [34mAddress is already hooked, during hook(0x5000b0, <SimProcedure GetCurrentProcess>). Re-hooking.[0m[0m
[1;33;40mWARNING - 2023-01-04 10:03:50,222 - [34mangr.project[0m - [34mAddress is already hooked, during hook(0x5000b0, <SimProcedure GetCurrentProcess>). Re-hooking.[0m[0m
[1;33;40mWARNING - 2023-01-04 10:03:50,588 - [34mangr.project[0m - [34mAddress is already hooked, during hook(0x5000c8, <SimProcedure GetSystemDefaultUILanguage>). Re-hooking.[0m[0m
[1;33;40mWARNING - 2023-01-04 10:03:50,589 - [34mangr.project[0m - [34mAddress is already hooked, during hook(0x5000c8, <SimProcedure GetSystemDefaultUILanguage>). Re-hooking.[0m[0m
[1;33;40mWARNING - 2023-01-04 10:03:50,648 - [34mangr.project[0m - [34mAddress is already hooked, during hook(0x5000b4, <SimProcedure GetCurrentThread>). Re-hooking.[0m[0m
[1;33;40mWARNING - 2023-01-04 10:03:50,650 - [34mangr.project[0m - [34mAddress is already hooked, during hook(0x5000b4, <SimProcedure GetCurrentThread>). Re-hooking.[0m[0m
[1;33;40mWARNING - 2023-01-04 10:03:50,685 - [34mangr.project[0m - [34mAddress is already hooked, during hook(0x5000b0, <SimProcedure GetCurrentProcess>). Re-hooking.[0m[0m
[1;33;40mWARNING - 2023-01-04 10:03:50,686 - [34mangr.project[0m - [34mAddress is already hooked, during hook(0x5000b0, <SimProcedure GetCurrentProcess>). Re-hooking.[0m[0m
[1;33;40mWARNING - 2023-01-04 10:03:50,802 - [34mangr.project[0m - [34mAddress is already hooked, during hook(0x5000a0, <SimProcedure lstrlenA>). Re-hooking.[0m[0m
[1;33;40mWARNING - 2023-01-04 10:03:50,804 - [34mangr.project[0m - [34mAddress is already hooked, during hook(0x5000a0, <SimProcedure lstrlenA>). Re-hooking.[0m[0m
[1;32;40mINFO - 2023-01-04 10:03:50,925 - [33mwerkzeug[0m - [33m172.17.0.1 - - [04/Jan/2023 10:03:50] "GET /iteration-scdg HTTP/1.1" 200 -[0m[0m
[1;32;40mINFO - 2023-01-04 10:03:50,931 - [33mwerkzeug[0m - [33m172.17.0.1 - - [04/Jan/2023 10:03:50] "GET /progress-scdg HTTP/1.1" 200 -[0m[0m
[1;33;40mWARNING - 2023-01-04 10:03:51,031 - [34mangr.project[0m - [34mAddress is already hooked, during hook(0x5000a4, <SimProcedure OpenMutexA>). Re-hooking.[0m[0m
[1;33;40mWARNING - 2023-01-04 10:03:51,032 - [34mangr.project[0m - [34mAddress is already hooked, during hook(0x5000a4, <SimProcedure OpenMutexA>). Re-hooking.[0m[0m
[1;33;40mWARNING - 2023-01-04 10:03:51,128 - [34mangr.project[0m - [34mAddress is already hooked, during hook(0x5000c8, <SimProcedure GetSystemDefaultUILanguage>). Re-hooking.[0m[0m
[1;33;40mWARNING - 2023-01-04 10:03:51,130 - [34mangr.project[0m - [34mAddress is already hooked, during hook(0x5000c8, <SimProcedure GetSystemDefaultUILanguage>). Re-hooking.[0m[0m
[1;33;40mWARNING - 2023-01-04 10:03:51,235 - [34mangr.project[0m - [34mAddress is already hooked, during hook(0x5000b8, <SimProcedure CloseHandle>). Re-hooking.[0m[0m
[1;33;40mWARNING - 2023-01-04 10:03:51,237 - [34mangr.project[0m - [34mAddress is already hooked, during hook(0x5000b8, <SimProcedure CloseHandle>). Re-hooking.[0m[0m
[1;33;40mWARNING - 2023-01-04 10:03:51,595 - [34mangr.project[0m - [34mAddress is already hooked, during hook(0x5000a8, <SimProcedure ReleaseMutex>). Re-hooking.[0m[0m
[1;33;40mWARNING - 2023-01-04 10:03:51,596 - [34mangr.project[0m - [34mAddress is already hooked, during hook(0x5000a8, <SimProcedure ReleaseMutex>). Re-hooking.[0m[0m
[1;33;40mWARNING - 2023-01-04 10:03:51,738 - [34mangr.project[0m - [34mAddress is already hooked, during hook(0x500084, <SimProcedure GetStartupInfoA>). Re-hooking.[0m[0m
[1;33;40mWARNING - 2023-01-04 10:03:51,740 - [34mangr.project[0m - [34mAddress is already hooked, during hook(0x500084, <SimProcedure GetStartupInfoA>). Re-hooking.[0m[0m
[1;33;40mWARNING - 2023-01-04 10:03:52,015 - [34mangr.project[0m - [34mAddress is already hooked, during hook(0x500070, <SimProcedure Sleep>). Re-hooking.[0m[0m
[1;33;40mWARNING - 2023-01-04 10:03:52,017 - [34mangr.project[0m - [34mAddress is already hooked, during hook(0x500070, <SimProcedure Sleep>). Re-hooking.[0m[0m
[1;33;40mWARNING - 2023-01-04 10:03:52,854 - [34mangr.project[0m - [34mAddress is already hooked, during hook(0x500034, <SimProcedure _exit>). Re-hooking.[0m[0m
[1;33;40mWARNING - 2023-01-04 10:03:52,856 - [34mangr.project[0m - [34mAddress is already hooked, during hook(0x500034, <SimProcedure _exit>). Re-hooking.[0m[0m
[1;33;40mWARNING - 2023-01-04 10:03:53,275 - [34mangr.project[0m - [34mAddress is already hooked, during hook(0x500044, <SimProcedure strcspn>). Re-hooking.[0m[0m
[1;33;40mWARNING - 2023-01-04 10:03:53,276 - [34mangr.project[0m - [34mAddress is already hooked, during hook(0x500044, <SimProcedure strcspn>). Re-hooking.[0m[0m
[1;33;40mWARNING - 2023-01-04 10:03:53,512 - [34mangr.project[0m - [34mAddress is already hooked, during hook(0x500044, <SimProcedure strcspn>). Re-hooking.[0m[0m
[1;33;40mWARNING - 2023-01-04 10:03:53,514 - [34mangr.project[0m - [34mAddress is already hooked, during hook(0x500044, <SimProcedure strcspn>). Re-hooking.[0m[0m
[1;32;40mINFO - 2023-01-04 10:03:53,581 - [33mwerkzeug[0m - [33m172.17.0.1 - - [04/Jan/2023 10:03:53] "GET /iteration-scdg HTTP/1.1" 200 -[0m[0m
[1;32;40mINFO - 2023-01-04 10:03:53,598 - [33mwerkzeug[0m - [33m172.17.0.1 - - [04/Jan/2023 10:03:53] "GET /progress-scdg HTTP/1.1" 200 -[0m[0m
[1;33;40mWARNING - 2023-01-04 10:03:53,666 - [34mangr.project[0m - [34mAddress is already hooked, during hook(0x500034, <SimProcedure _exit>). Re-hooking.[0m[0m
[1;33;40mWARNING - 2023-01-04 10:03:53,668 - [34mangr.project[0m - [34mAddress is already hooked, during hook(0x500034, <SimProcedure _exit>). Re-hooking.[0m[0m
[1;32;40mINFO - 2023-01-04 10:03:53,905 - [33mwerkzeug[0m - [33m172.17.0.1 - - [04/Jan/2023 10:03:53] "GET /iteration-scdg HTTP/1.1" 200 -[0m[0m
[1;32;40mINFO - 2023-01-04 10:03:53,912 - [33mwerkzeug[0m - [33m172.17.0.1 - - [04/Jan/2023 10:03:53] "GET /progress-scdg HTTP/1.1" 200 -[0m[0m
[1;33;40mWARNING - 2023-01-04 10:03:54,050 - [34mangr.project[0m - [34mAddress is already hooked, during hook(0x5000e4, <SimProcedure SHDeleteKeyA>). Re-hooking.[0m[0m
[1;33;40mWARNING - 2023-01-04 10:03:54,051 - [34mangr.project[0m - [34mAddress is already hooked, during hook(0x5000e4, <SimProcedure SHDeleteKeyA>). Re-hooking.[0m[0m
[1;33;40mWARNING - 2023-01-04 10:03:54,428 - [34mangr.project[0m - [34mAddress is already hooked, during hook(0x5000e4, <SimProcedure SHDeleteKeyA>). Re-hooking.[0m[0m
[1;33;40mWARNING - 2023-01-04 10:03:54,430 - [34mangr.project[0m - [34mAddress is already hooked, during hook(0x5000e4, <SimProcedure SHDeleteKeyA>). Re-hooking.[0m[0m
[1;33;40mWARNING - 2023-01-04 10:03:55,028 - [34mangr.project[0m - [34mAddress is already hooked, during hook(0x5000fc, <SimProcedure closesocket>). Re-hooking.[0m[0m
[1;33;40mWARNING - 2023-01-04 10:03:55,029 - [34mangr.project[0m - [34mAddress is already hooked, during hook(0x5000fc, <SimProcedure closesocket>). Re-hooking.[0m[0m
[1;33;40mWARNING - 2023-01-04 10:03:55,030 - [34mangr.project[0m - [34mAddress is already hooked, during hook(0x500114, <SimProcedure connect>). Re-hooking.[0m[0m
[1;33;40mWARNING - 2023-01-04 10:03:55,032 - [34mangr.project[0m - [34mAddress is already hooked, during hook(0x500114, <SimProcedure connect>). Re-hooking.[0m[0m
[1;33;40mWARNING - 2023-01-04 10:03:55,047 - [34mangr.project[0m - [34mAddress is already hooked, during hook(0x50011c, <SimProcedure inet_addr>). Re-hooking.[0m[0m
[1;33;40mWARNING - 2023-01-04 10:03:55,049 - [34mangr.project[0m - [34mAddress is already hooked, during hook(0x50011c, <SimProcedure inet_addr>). Re-hooking.[0m[0m
[1;33;40mWARNING - 2023-01-04 10:03:55,067 - [34mangr.project[0m - [34mAddress is already hooked, during hook(0x500120, <SimProcedure sendto>). Re-hooking.[0m[0m
[1;33;40mWARNING - 2023-01-04 10:03:55,069 - [34mangr.project[0m - [34mAddress is already hooked, during hook(0x500120, <SimProcedure sendto>). Re-hooking.[0m[0m
[1;33;40mWARNING - 2023-01-04 10:03:55,125 - [34mangr.project[0m - [34mAddress is already hooked, during hook(0x500100, <SimProcedure WSAStartup>). Re-hooking.[0m[0m
[1;33;40mWARNING - 2023-01-04 10:03:55,126 - [34mangr.project[0m - [34mAddress is already hooked, during hook(0x500100, <SimProcedure WSAStartup>). Re-hooking.[0m[0m
[1;33;40mWARNING - 2023-01-04 10:03:55,128 - [34mangr.project[0m - [34mAddress is already hooked, during hook(0x50010c, <SimProcedure WSACleanup>). Re-hooking.[0m[0m
[1;33;40mWARNING - 2023-01-04 10:03:55,129 - [34mangr.project[0m - [34mAddress is already hooked, during hook(0x50010c, <SimProcedure WSACleanup>). Re-hooking.[0m[0m
[1;33;40mWARNING - 2023-01-04 10:03:55,130 - [34mangr.project[0m - [34mAddress is already hooked, during hook(0x500120, <SimProcedure sendto>). Re-hooking.[0m[0m
[1;33;40mWARNING - 2023-01-04 10:03:55,132 - [34mangr.project[0m - [34mAddress is already hooked, during hook(0x500120, <SimProcedure sendto>). Re-hooking.[0m[0m
[1;33;40mWARNING - 2023-01-04 10:03:55,134 - [34mangr.project[0m - [34mAddress is already hooked, during hook(0x500114, <SimProcedure connect>). Re-hooking.[0m[0m
[1;33;40mWARNING - 2023-01-04 10:03:55,135 - [34mangr.project[0m - [34mAddress is already hooked, during hook(0x500114, <SimProcedure connect>). Re-hooking.[0m[0m
[1;33;40mWARNING - 2023-01-04 10:03:55,139 - [34mangr.project[0m - [34mAddress is already hooked, during hook(0x5000f0, <SimProcedure __WSAFDIsSet>). Re-hooking.[0m[0m
[1;33;40mWARNING - 2023-01-04 10:03:55,141 - [34mangr.project[0m - [34mAddress is already hooked, during hook(0x5000f0, <SimProcedure __WSAFDIsSet>). Re-hooking.[0m[0m
[1;33;40mWARNING - 2023-01-04 10:03:55,147 - [34mangr.project[0m - [34mAddress is already hooked, during hook(0x50011c, <SimProcedure inet_addr>). Re-hooking.[0m[0m
[1;33;40mWARNING - 2023-01-04 10:03:55,149 - [34mangr.project[0m - [34mAddress is already hooked, during hook(0x50011c, <SimProcedure inet_addr>). Re-hooking.[0m[0m
[1;33;40mWARNING - 2023-01-04 10:03:55,157 - [34mangr.project[0m - [34mAddress is already hooked, during hook(0x5000f0, <SimProcedure __WSAFDIsSet>). Re-hooking.[0m[0m
[1;33;40mWARNING - 2023-01-04 10:03:55,158 - [34mangr.project[0m - [34mAddress is already hooked, during hook(0x5000f0, <SimProcedure __WSAFDIsSet>). Re-hooking.[0m[0m
[1;33;40mWARNING - 2023-01-04 10:03:55,186 - [34mangr.project[0m - [34mAddress is already hooked, during hook(0x500100, <SimProcedure WSAStartup>). Re-hooking.[0m[0m
[1;33;40mWARNING - 2023-01-04 10:03:55,188 - [34mangr.project[0m - [34mAddress is already hooked, during hook(0x500100, <SimProcedure WSAStartup>). Re-hooking.[0m[0m
[1;33;40mWARNING - 2023-01-04 10:03:55,218 - [34mangr.project[0m - [34mAddress is already hooked, during hook(0x5000fc, <SimProcedure closesocket>). Re-hooking.[0m[0m
[1;33;40mWARNING - 2023-01-04 10:03:55,220 - [34mangr.project[0m - [34mAddress is already hooked, during hook(0x5000fc, <SimProcedure closesocket>). Re-hooking.[0m[0m
[1;33;40mWARNING - 2023-01-04 10:03:55,240 - [34mangr.project[0m - [34mAddress is already hooked, during hook(0x50010c, <SimProcedure WSACleanup>). Re-hooking.[0m[0m
[1;33;40mWARNING - 2023-01-04 10:03:55,242 - [34mangr.project[0m - [34mAddress is already hooked, during hook(0x50010c, <SimProcedure WSACleanup>). Re-hooking.[0m[0m
[1;33;40mWARNING - 2023-01-04 10:03:55,264 - [34mangr.project[0m - [34mAddress is already hooked, during hook(0x5000dc, <SimProcedure ShellExecuteExA>). Re-hooking.[0m[0m
[1;33;40mWARNING - 2023-01-04 10:03:55,265 - [34mangr.project[0m - [34mAddress is already hooked, during hook(0x5000dc, <SimProcedure ShellExecuteExA>). Re-hooking.[0m[0m
[1;33;40mWARNING - 2023-01-04 10:03:55,308 - [34mangr.project[0m - [34mAddress is already hooked, during hook(0x5000e0, <SimProcedure ShellExecuteA>). Re-hooking.[0m[0m
[1;33;40mWARNING - 2023-01-04 10:03:55,310 - [34mangr.project[0m - [34mAddress is already hooked, during hook(0x5000e0, <SimProcedure ShellExecuteA>). Re-hooking.[0m[0m
[1;33;40mWARNING - 2023-01-04 10:03:55,312 - [34mangr.project[0m - [34mAddress is already hooked, during hook(0x5000dc, <SimProcedure ShellExecuteExA>). Re-hooking.[0m[0m
[1;33;40mWARNING - 2023-01-04 10:03:55,313 - [34mangr.project[0m - [34mAddress is already hooked, during hook(0x5000dc, <SimProcedure ShellExecuteExA>). Re-hooking.[0m[0m
[1;33;40mWARNING - 2023-01-04 10:03:55,438 - [34mangr.project[0m - [34mAddress is already hooked, during hook(0x5000e0, <SimProcedure ShellExecuteA>). Re-hooking.[0m[0m
[1;33;40mWARNING - 2023-01-04 10:03:55,439 - [34mangr.project[0m - [34mAddress is already hooked, during hook(0x5000e0, <SimProcedure ShellExecuteA>). Re-hooking.[0m[0m
[1;33;40mWARNING - 2023-01-04 10:03:55,642 - [34mangr.project[0m - [34mAddress is already hooked, during hook(0x5000d8, <SimProcedure SHChangeNotify>). Re-hooking.[0m[0m
[1;33;40mWARNING - 2023-01-04 10:03:55,644 - [34mangr.project[0m - [34mAddress is already hooked, during hook(0x5000d8, <SimProcedure SHChangeNotify>). Re-hooking.[0m[0m
[1;32;40mINFO - 2023-01-04 10:03:55,701 - [36mCustomSimProcedure[0m - [36mSyscall found:  __p__fmode[][0m[0m
[1;32;40mINFO - 2023-01-04 10:03:55,709 - [36mCustomSimProcedure[0m - [36mSyscall found:  __p__commode[][0m[0m
[1;32;40mINFO - 2023-01-04 10:03:55,741 - [36mCustomSimProcedure[0m - [36mSyscall found:  _controlfp[][0m[0m
[1;32;40mINFO - 2023-01-04 10:03:55,782 - [36mCustomSimProcedure[0m - [36mSyscall found:  __getmainargs[<BV32 0x7ffefe48>, <BV32 0x7ffefe38>, <BV32 0x7ffefe44>, <BV32 0x0>, <BV32 0x7ffefe3c>][0m[0m
[1;32;40mINFO - 2023-01-04 10:03:55,913 - [33mwerkzeug[0m - [33m172.17.0.1 - - [04/Jan/2023 10:03:55] "GET /progress-scdg HTTP/1.1" 200 -[0m[0m
[1;32;40mINFO - 2023-01-04 10:03:55,914 - [33mwerkzeug[0m - [33m172.17.0.1 - - [04/Jan/2023 10:03:55] "GET /iteration-scdg HTTP/1.1" 200 -[0m[0m
[1;32;40mINFO - 2023-01-04 10:03:56,369 - [36mCustomSimProcedure[0m - [36mSyscall found:  GetStartupInfoA[<BV32 0x7ffefe4c>][0m[0m
[1;32;40mINFO - 2023-01-04 10:03:56,395 - [36mCustomSimProcedure[0m - [36mSyscall found:  GetModuleHandleA[<BV32 0x0>][0m[0m
[1;32;40mINFO - 2023-01-04 10:03:56,434 - [37mCustomSimProcedureWindows[0m - [37mLoadLibraryA: Symbol not found[0m[0m
[1;32;40mINFO - 2023-01-04 10:03:56,481 - [36mCustomSimProcedure[0m - {"ordinal.823.b'mfc42.dll'": 5242880, "ordinal.825.b'mfc42.dll'": 5242884, '_controlfp': 5242888, '__set_app_type': 5242892, '__p__fmode': 5242896, '__p__commode': 5242900, '_adjust_fdiv': 5242904, '__setusermatherr': 5242908, '_initterm': 5242912, '__getmainargs': 5242916, '_acmdln': 5242920, 'exit': 5242924, '_XcptFilter': 5242928, '_exit': 5242932, 'strncmp': 5242936, '_except_handler3': 5242940, 'strstr': 5242944, 'strcspn': 5242948, 'strncpy': 5242952, 'atoi': 5242956, 'time': 5242960, 'srand': 5242964, 'rand': 5242968, 'realloc': 5242972, 'free': 5242976, 'malloc': 5242980, 'sprintf': 5242984, 'ExitProcess': 5242988, 'Sleep': 5242992, 'lstrcpyA': 5242996, 'CreateProcessA': 5243000, 'TerminateProcess': 5243004, 'ExitThread': 5243008, 'GetStartupInfoA': 5243012, 'GetModuleHandleA': 5243016, 'WaitForSingleObject': 5243020, 'CreateFileA': 5243024, 'SetFilePointer': 5243028, 'WriteFile': 5243032, 'lstrcpynA': 5243036, 'lstrlenA': 5243040, 'OpenMutexA': 5243044, 'ReleaseMutex': 5243048, 'GetComputerNameA': 5243052, 'GetCurrentProcess': 5243056, 'GetCurrentThread': 5243060, 'CloseHandle': 5243064, 'CreateThread': 5243068, 'LoadLibraryA': 5243072, 'GetProcAddress': 5243076, 'GetSystemDefaultUILanguage': 5243080, 'GetTickCount': 5243084, 'GetDesktopWindow': 5243088, 'wsprintfA': 5243092, 'SHChangeNotify': 5243096, 'ShellExecuteExA': 5243100, 'ShellExecuteA': 5243104, 'SHDeleteKeyA': 5243108, 'setsockopt': 5243112, 'recv': 5243116, '__WSAFDIsSet': 5243120, 'select': 5243124, 'WSAIoctl': 5243128, 'closesocket': 5243132, 'WSAStartup': 5243136, 'inet_ntoa': 5243140, 'htonl': 5243144, 'WSACleanup': 5243148, 'socket': 5243152, 'connect': 5243156, 'send': 5243160, 'inet_addr': 5243164, 'sendto': 5243168, 'htons': 5243172, 'GetIfTable': 5243176, 'GetAdaptersInfo': 5243180, 'KiUserExceptionDispatcher': 6295572, '_fmode': 6295576, '_commode': 6295580, '_wcmdln': 6295584, 'kernel32.dll': 6295588}[0m
[1;32;40mINFO - 2023-01-04 10:03:56,481 - [36mCustomSimProcedure[0m - [36mWas in angr :user32.dll[0m[0m
[1;33;40mWARNING - 2023-01-04 10:03:56,484 - [36mCustomSimProcedure[0m - [36mProcedure wsprintfA in DLL user32.dll has 3 arguments in json and 2 arguments in angr prototype. Taking number of arguments from json.[0m[0m
[1;33;40mWARNING - 2023-01-04 10:03:56,484 - [36mCustomSimProcedure[0m - [36mProcedure wsprintfW in DLL user32.dll has 3 arguments in json and 2 arguments in angr prototype. Taking number of arguments from json.[0m[0m
[1;33;40mWARNING - 2023-01-04 10:03:56,555 - [34mangr.project[0m - [34mAddress is already hooked, during hook(0x500118, <SimProcedure send>). Not re-hooking.[0m[0m
[1;33;40mWARNING - 2023-01-04 10:03:56,555 - [34mangr.project[0m - [34mAddress is already hooked, during hook(0x50011c, <SimProcedure inet_addr>). Not re-hooking.[0m[0m
[1;33;40mWARNING - 2023-01-04 10:03:56,555 - [34mangr.project[0m - [34mAddress is already hooked, during hook(0x5000f0, <SimProcedure __WSAFDIsSet>). Not re-hooking.[0m[0m
[1;33;40mWARNING - 2023-01-04 10:03:56,556 - [34mangr.project[0m - [34mAddress is already hooked, during hook(0x5000e8, <SimProcedure setsockopt>). Not re-hooking.[0m[0m
[1;33;40mWARNING - 2023-01-04 10:03:56,556 - [34mangr.project[0m - [34mAddress is already hooked, during hook(0x500100, <SimProcedure WSAStartup>). Not re-hooking.[0m[0m
[1;33;40mWARNING - 2023-01-04 10:03:56,556 - [34mangr.project[0m - [34mAddress is already hooked, during hook(0x5000fc, <SimProcedure closesocket>). Not re-hooking.[0m[0m
[1;33;40mWARNING - 2023-01-04 10:03:56,556 - [34mangr.project[0m - [34mAddress is already hooked, during hook(0x500108, <SimProcedure htonl>). Not re-hooking.[0m[0m
[1;33;40mWARNING - 2023-01-04 10:03:56,556 - [34mangr.project[0m - [34mAddress is already hooked, during hook(0x500124, <SimProcedure htons>). Not re-hooking.[0m[0m
[1;33;40mWARNING - 2023-01-04 10:03:56,557 - [34mangr.project[0m - [34mAddress is already hooked, during hook(0x50010c, <SimProcedure WSACleanup>). Not re-hooking.[0m[0m
[1;32;40mINFO - 2023-01-04 10:03:56,561 - [36mCustomSimProcedure[0m - [36mWas in angr :msvcrt.dll[0m[0m
[1;32;40mINFO - 2023-01-04 10:03:56,617 - [36mCustomSimProcedure[0m - [36mWas in angr :kernel32.dll[0m[0m
[1;33;40mWARNING - 2023-01-04 10:03:56,778 - [34mangr.project[0m - [34mAddress is already hooked, during hook(0x5000e4, <SimProcedure SHDeleteKeyA>). Not re-hooking.[0m[0m
[1;33;40mWARNING - 2023-01-04 10:03:56,813 - [34mangr.project[0m - [34mAddress is already hooked, during hook(0x5000dc, <SimProcedure ShellExecuteExA>). Not re-hooking.[0m[0m
[1;33;40mWARNING - 2023-01-04 10:03:56,813 - [34mangr.project[0m - [34mAddress is already hooked, during hook(0x5000e0, <SimProcedure ShellExecuteA>). Not re-hooking.[0m[0m
[1;33;40mWARNING - 2023-01-04 10:03:56,814 - [34mangr.project[0m - [34mAddress is already hooked, during hook(0x5000d8, <SimProcedure SHChangeNotify>). Not re-hooking.[0m[0m
[1;33;40mWARNING - 2023-01-04 10:03:56,821 - [34mangr.project[0m - [34mAddress is already hooked, during hook(0x500050, <SimProcedure time>). Not re-hooking.[0m[0m
[1;33;40mWARNING - 2023-01-04 10:03:56,821 - [34mangr.project[0m - [34mAddress is already hooked, during hook(0x601014, <SimProcedure KiUserExceptionDispatcher>). Not re-hooking.[0m[0m
[1;32;40mINFO - 2023-01-04 10:03:56,821 - [36mCustomSimProcedure[0m - [36mNo hooks for: {"ordinal.823.b'mfc42.dll'": 5242880, "ordinal.825.b'mfc42.dll'": 5242884, '_controlfp': 5242888, '__set_app_type': 5242892, '_adjust_fdiv': 5242904, '__setusermatherr': 5242908, '_initterm': 5242912, '__getmainargs': 5242916, '_acmdln': 5242920, '_XcptFilter': 5242928, '_except_handler3': 5242940, 'WSAIoctl': 5243128, 'GetIfTable': 5243176, '_fmode': 6295576, '_commode': 6295580, '_wcmdln': 6295584, 'kernel32.dll': 6295588}[0m[0m
[1;32;40mINFO - 2023-01-04 10:03:56,824 - [36mCustomSimProcedure[0m - [36mSyscall found:  LoadLibraryA[<BV32 0x407144>][0m[0m
[1;32;40mINFO - 2023-01-04 10:03:56,852 - [37mCustomSimProcedureWindows[0m - [37mGetProcAddress: GetLastError[0m[0m
[1;32;40mINFO - 2023-01-04 10:03:56,852 - [37mCustomSimProcedureWindows[0m - [37mGetProcAddress - Query to lib : kernel32.dll[0m[0m
[1;32;40mINFO - 2023-01-04 10:03:56,852 - [37mCustomSimProcedureWindows[0m - [37mGetProcAddress: Symbol not found[0m[0m
[1;32;40mINFO - 2023-01-04 10:03:56,852 - [36mCustomSimProcedure[0m - [36mSyscall found:  GetProcAddress[<BV32 0x601024>, <BV32 0x4072ac>][0m[0m
[1;32;40mINFO - 2023-01-04 10:03:56,874 - [36mCustomSimProcedure[0m - [36mSyscall found:  LoadLibraryA[<BV32 0x407144>][0m[0m
[1;32;40mINFO - 2023-01-04 10:03:56,900 - [37mCustomSimProcedureWindows[0m - [37mGetProcAddress: ExitProcess[0m[0m
[1;32;40mINFO - 2023-01-04 10:03:56,900 - [36mCustomSimProcedure[0m - [36mSyscall found:  GetProcAddress[<BV32 0x601024>, <BV32 0x4072bc>][0m[0m
[1;32;40mINFO - 2023-01-04 10:03:56,925 - [36mCustomSimProcedure[0m - [36mSyscall found:  LoadLibraryA[<BV32 0x407144>][0m[0m
[1;32;40mINFO - 2023-01-04 10:03:56,950 - [37mCustomSimProcedureWindows[0m - [37mGetProcAddress: GetCurrentThreadId[0m[0m
[1;32;40mINFO - 2023-01-04 10:03:56,951 - [37mCustomSimProcedureWindows[0m - [37mGetProcAddress - Query to lib : kernel32.dll[0m[0m
[1;32;40mINFO - 2023-01-04 10:03:56,951 - [37mCustomSimProcedureWindows[0m - [37mGetProcAddress: Symbol not found[0m[0m
[1;32;40mINFO - 2023-01-04 10:03:56,951 - [36mCustomSimProcedure[0m - [36mSyscall found:  GetProcAddress[<BV32 0x601024>, <BV32 0x4072c8>][0m[0m
[1;32;40mINFO - 2023-01-04 10:03:56,977 - [36mCustomSimProcedure[0m - [36mSyscall found:  LoadLibraryA[<BV32 0x407144>][0m[0m
[1;32;40mINFO - 2023-01-04 10:03:57,001 - [37mCustomSimProcedureWindows[0m - [37mGetProcAddress: CreateMutexA[0m[0m
[1;32;40mINFO - 2023-01-04 10:03:57,001 - [37mCustomSimProcedureWindows[0m - [37mGetProcAddress - Query to lib : kernel32.dll[0m[0m
[1;32;40mINFO - 2023-01-04 10:03:57,001 - [37mCustomSimProcedureWindows[0m - [37mGetProcAddress: Symbol not found[0m[0m
[1;32;40mINFO - 2023-01-04 10:03:57,002 - [36mCustomSimProcedure[0m - [36mSyscall found:  GetProcAddress[<BV32 0x601024>, <BV32 0x4072dc>][0m[0m
[1;32;40mINFO - 2023-01-04 10:03:57,027 - [36mCustomSimProcedure[0m - [36mSyscall found:  LoadLibraryA[<BV32 0x407144>][0m[0m
[1;32;40mINFO - 2023-01-04 10:03:57,054 - [37mCustomSimProcedureWindows[0m - [37mGetProcAddress: GetModuleFileNameA[0m[0m
[1;32;40mINFO - 2023-01-04 10:03:57,054 - [37mCustomSimProcedureWindows[0m - [37mGetProcAddress - Query to lib : kernel32.dll[0m[0m
[1;32;40mINFO - 2023-01-04 10:03:57,054 - [37mCustomSimProcedureWindows[0m - [37mGetProcAddress: Symbol not found[0m[0m
[1;32;40mINFO - 2023-01-04 10:03:57,055 - [36mCustomSimProcedure[0m - [36mSyscall found:  GetProcAddress[<BV32 0x601024>, <BV32 0x4073ac>][0m[0m
[1;32;40mINFO - 2023-01-04 10:03:57,084 - [37mCustomSimProcedureWindows[0m - [37mLoadLibraryA: Symbol not found[0m[0m
[1;32;40mINFO - 2023-01-04 10:03:57,542 - [36mCustomSimProcedure[0m - {"ordinal.823.b'mfc42.dll'": 5242880, "ordinal.825.b'mfc42.dll'": 5242884, '_controlfp': 5242888, '__set_app_type': 5242892, '__p__fmode': 5242896, '__p__commode': 5242900, '_adjust_fdiv': 5242904, '__setusermatherr': 5242908, '_initterm': 5242912, '__getmainargs': 5242916, '_acmdln': 5242920, 'exit': 5242924, '_XcptFilter': 5242928, '_exit': 5242932, 'strncmp': 5242936, '_except_handler3': 5242940, 'strstr': 5242944, 'strcspn': 5242948, 'strncpy': 5242952, 'atoi': 5242956, 'time': 5242960, 'srand': 5242964, 'rand': 5242968, 'realloc': 5242972, 'free': 5242976, 'malloc': 5242980, 'sprintf': 5242984, 'ExitProcess': 5242988, 'Sleep': 5242992, 'lstrcpyA': 5242996, 'CreateProcessA': 5243000, 'TerminateProcess': 5243004, 'ExitThread': 5243008, 'GetStartupInfoA': 5243012, 'GetModuleHandleA': 5243016, 'WaitForSingleObject': 5243020, 'CreateFileA': 5243024, 'SetFilePointer': 5243028, 'WriteFile': 5243032, 'lstrcpynA': 5243036, 'lstrlenA': 5243040, 'OpenMutexA': 5243044, 'ReleaseMutex': 5243048, 'GetComputerNameA': 5243052, 'GetCurrentProcess': 5243056, 'GetCurrentThread': 5243060, 'CloseHandle': 5243064, 'CreateThread': 5243068, 'LoadLibraryA': 5243072, 'GetProcAddress': 5243076, 'GetSystemDefaultUILanguage': 5243080, 'GetTickCount': 5243084, 'GetDesktopWindow': 5243088, 'wsprintfA': 5243092, 'SHChangeNotify': 5243096, 'ShellExecuteExA': 5243100, 'ShellExecuteA': 5243104, 'SHDeleteKeyA': 5243108, 'setsockopt': 5243112, 'recv': 5243116, '__WSAFDIsSet': 5243120, 'select': 5243124, 'WSAIoctl': 5243128, 'closesocket': 5243132, 'WSAStartup': 5243136, 'inet_ntoa': 5243140, 'htonl': 5243144, 'WSACleanup': 5243148, 'socket': 5243152, 'connect': 5243156, 'send': 5243160, 'inet_addr': 5243164, 'sendto': 5243168, 'htons': 5243172, 'GetIfTable': 5243176, 'GetAdaptersInfo': 5243180, 'KiUserExceptionDispatcher': 6295572, '_fmode': 6295576, '_commode': 6295580, '_wcmdln': 6295584, 'kernel32.dll': 6295588, 'GetLastError': 6295592, 'GetCurrentThreadId': 6295596, 'CreateMutexA': 6295600, 'GetModuleFileNameA': 6295604, 'advapi32.dll': 6295608}[0m
[1;32;40mINFO - 2023-01-04 10:03:57,542 - [36mCustomSimProcedure[0m - [36mWas in angr :user32.dll[0m[0m
[1;33;40mWARNING - 2023-01-04 10:03:57,545 - [36mCustomSimProcedure[0m - [36mProcedure wsprintfA in DLL user32.dll has 3 arguments in json and 2 arguments in angr prototype. Taking number of arguments from json.[0m[0m
[1;33;40mWARNING - 2023-01-04 10:03:57,545 - [36mCustomSimProcedure[0m - [36mProcedure wsprintfW in DLL user32.dll has 3 arguments in json and 2 arguments in angr prototype. Taking number of arguments from json.[0m[0m
[1;33;40mWARNING - 2023-01-04 10:03:57,602 - [34mangr.project[0m - [34mAddress is already hooked, during hook(0x500118, <SimProcedure send>). Not re-hooking.[0m[0m
[1;33;40mWARNING - 2023-01-04 10:03:57,602 - [34mangr.project[0m - [34mAddress is already hooked, during hook(0x50011c, <SimProcedure inet_addr>). Not re-hooking.[0m[0m
[1;33;40mWARNING - 2023-01-04 10:03:57,603 - [34mangr.project[0m - [34mAddress is already hooked, during hook(0x5000f0, <SimProcedure __WSAFDIsSet>). Not re-hooking.[0m[0m
[1;33;40mWARNING - 2023-01-04 10:03:57,603 - [34mangr.project[0m - [34mAddress is already hooked, during hook(0x5000e8, <SimProcedure setsockopt>). Not re-hooking.[0m[0m
[1;33;40mWARNING - 2023-01-04 10:03:57,603 - [34mangr.project[0m - [34mAddress is already hooked, during hook(0x500100, <SimProcedure WSAStartup>). Not re-hooking.[0m[0m
[1;33;40mWARNING - 2023-01-04 10:03:57,603 - [34mangr.project[0m - [34mAddress is already hooked, during hook(0x5000fc, <SimProcedure closesocket>). Not re-hooking.[0m[0m
[1;33;40mWARNING - 2023-01-04 10:03:57,604 - [34mangr.project[0m - [34mAddress is already hooked, during hook(0x500108, <SimProcedure htonl>). Not re-hooking.[0m[0m
[1;33;40mWARNING - 2023-01-04 10:03:57,604 - [34mangr.project[0m - [34mAddress is already hooked, during hook(0x500124, <SimProcedure htons>). Not re-hooking.[0m[0m
[1;33;40mWARNING - 2023-01-04 10:03:57,604 - [34mangr.project[0m - [34mAddress is already hooked, during hook(0x50010c, <SimProcedure WSACleanup>). Not re-hooking.[0m[0m
[1;32;40mINFO - 2023-01-04 10:03:57,608 - [36mCustomSimProcedure[0m - [36mWas in angr :advapi32.dll[0m[0m
[1;32;40mINFO - 2023-01-04 10:03:57,688 - [36mCustomSimProcedure[0m - [36mWas in angr :msvcrt.dll[0m[0m
[1;32;40mINFO - 2023-01-04 10:03:57,756 - [36mCustomSimProcedure[0m - [36mWas in angr :kernel32.dll[0m[0m
[1;33;40mWARNING - 2023-01-04 10:03:57,945 - [34mangr.project[0m - [34mAddress is already hooked, during hook(0x5000e4, <SimProcedure SHDeleteKeyA>). Not re-hooking.[0m[0m
[1;33;40mWARNING - 2023-01-04 10:03:57,988 - [34mangr.project[0m - [34mAddress is already hooked, during hook(0x5000dc, <SimProcedure ShellExecuteExA>). Not re-hooking.[0m[0m
[1;33;40mWARNING - 2023-01-04 10:03:57,989 - [34mangr.project[0m - [34mAddress is already hooked, during hook(0x5000e0, <SimProcedure ShellExecuteA>). Not re-hooking.[0m[0m
[1;33;40mWARNING - 2023-01-04 10:03:57,989 - [34mangr.project[0m - [34mAddress is already hooked, during hook(0x5000d8, <SimProcedure SHChangeNotify>). Not re-hooking.[0m[0m
[1;33;40mWARNING - 2023-01-04 10:03:57,999 - [34mangr.project[0m - [34mAddress is already hooked, during hook(0x500050, <SimProcedure time>). Not re-hooking.[0m[0m
[1;33;40mWARNING - 2023-01-04 10:03:57,999 - [34mangr.project[0m - [34mAddress is already hooked, during hook(0x601014, <SimProcedure KiUserExceptionDispatcher>). Not re-hooking.[0m[0m
[1;32;40mINFO - 2023-01-04 10:03:57,999 - [36mCustomSimProcedure[0m - [36mNo hooks for: {"ordinal.823.b'mfc42.dll'": 5242880, "ordinal.825.b'mfc42.dll'": 5242884, '_controlfp': 5242888, '__set_app_type': 5242892, '_adjust_fdiv': 5242904, '__setusermatherr': 5242908, '_initterm': 5242912, '__getmainargs': 5242916, '_acmdln': 5242920, '_XcptFilter': 5242928, '_except_handler3': 5242940, 'WSAIoctl': 5243128, 'GetIfTable': 5243176, '_fmode': 6295576, '_commode': 6295580, '_wcmdln': 6295584, 'kernel32.dll': 6295588, 'advapi32.dll': 6295608}[0m[0m
[1;32;40mINFO - 2023-01-04 10:03:58,005 - [36mCustomSimProcedure[0m - [36mSyscall found:  LoadLibraryA[<BV32 0x407154>][0m[0m
[1;32;40mINFO - 2023-01-04 10:03:58,045 - [37mCustomSimProcedureWindows[0m - [37mGetProcAddress: StartServiceCtrlDispatcherA[0m[0m
[1;32;40mINFO - 2023-01-04 10:03:58,045 - [37mCustomSimProcedureWindows[0m - [37mGetProcAddress - Query to lib : advapi32.dll[0m[0m
[1;32;40mINFO - 2023-01-04 10:03:58,045 - [37mCustomSimProcedureWindows[0m - [37mGetProcAddress: Symbol not found[0m[0m
[1;32;40mINFO - 2023-01-04 10:03:58,046 - [36mCustomSimProcedure[0m - [36mSyscall found:  GetProcAddress[<BV32 0x601038>, <BV32 0x4073d8>][0m[0m
[1;32;40mINFO - 2023-01-04 10:03:58,084 - [36mCustomSimProcedure[0m - [36mSyscall found:  LoadLibraryA[<BV32 0x407144>][0m[0m
[1;32;40mINFO - 2023-01-04 10:03:58,112 - [37mCustomSimProcedureWindows[0m - [37mGetProcAddress: Sleep[0m[0m
[1;32;40mINFO - 2023-01-04 10:03:58,112 - [36mCustomSimProcedure[0m - [36mSyscall found:  GetProcAddress[<BV32 0x601024>, <BV32 0x4072ec>][0m[0m
[1;32;40mINFO - 2023-01-04 10:03:58,163 - [36mCustomSimProcedure[0m - [36mSyscall found:  GetModuleHandleA[<BV32 0x0>][0m[0m
[1;32;40mINFO - 2023-01-04 10:03:58,180 - [37mCustomSimProcedureWindows[0m - [37mGetModuleFileNameA: b'MZ\x90'[0m[0m
[1;32;40mINFO - 2023-01-04 10:03:58,181 - [36mCustomSimProcedure[0m - [36mSyscall found:  GetModuleFileNameA[<BV32 0x400000>, <BV32 0x7ffefcf0>, <BV32 0x104>][0m[0m
[1;32;40mINFO - 2023-01-04 10:03:58,224 - [36mCustomSimProcedure[0m - [36mSyscall found:  LoadLibraryA[<BV32 0x407154>][0m[0m
[1;32;40mINFO - 2023-01-04 10:03:58,257 - [37mCustomSimProcedureWindows[0m - [37mGetProcAddress: RegCloseKey[0m[0m
[1;32;40mINFO - 2023-01-04 10:03:58,258 - [37mCustomSimProcedureWindows[0m - [37mGetProcAddress - Query to lib : advapi32.dll[0m[0m
[1;32;40mINFO - 2023-01-04 10:03:58,258 - [37mCustomSimProcedureWindows[0m - [37mGetProcAddress: Symbol not found[0m[0m
[1;32;40mINFO - 2023-01-04 10:03:58,259 - [36mCustomSimProcedure[0m - [36mSyscall found:  GetProcAddress[<BV32 0x601038>, <BV32 0x4071a4>][0m[0m
[1;32;40mINFO - 2023-01-04 10:03:58,292 - [36mCustomSimProcedure[0m - [36mSyscall found:  LoadLibraryA[<BV32 0x407154>][0m[0m
[1;32;40mINFO - 2023-01-04 10:03:58,324 - [37mCustomSimProcedureWindows[0m - [37mGetProcAddress: RegOpenKeyExA[0m[0m
[1;32;40mINFO - 2023-01-04 10:03:58,324 - [37mCustomSimProcedureWindows[0m - [37mGetProcAddress - Query to lib : advapi32.dll[0m[0m
[1;32;40mINFO - 2023-01-04 10:03:58,324 - [37mCustomSimProcedureWindows[0m - [37mGetProcAddress: Symbol not found[0m[0m
[1;32;40mINFO - 2023-01-04 10:03:58,325 - [36mCustomSimProcedure[0m - [36mSyscall found:  GetProcAddress[<BV32 0x601038>, <BV32 0x407374>][0m[0m
[1;32;40mINFO - 2023-01-04 10:03:58,580 - [33mwerkzeug[0m - [33m172.17.0.1 - - [04/Jan/2023 10:03:58] "GET /iteration-scdg HTTP/1.1" 200 -[0m[0m
[1;32;40mINFO - 2023-01-04 10:03:58,591 - [33mwerkzeug[0m - [33m172.17.0.1 - - [04/Jan/2023 10:03:58] "GET /progress-scdg HTTP/1.1" 200 -[0m[0m
[1;32;40mINFO - 2023-01-04 10:03:58,915 - [33mwerkzeug[0m - [33m172.17.0.1 - - [04/Jan/2023 10:03:58] "GET /iteration-scdg HTTP/1.1" 200 -[0m[0m
[1;32;40mINFO - 2023-01-04 10:03:58,928 - [33mwerkzeug[0m - [33m172.17.0.1 - - [04/Jan/2023 10:03:58] "GET /progress-scdg HTTP/1.1" 200 -[0m[0m
[1;32;40mINFO - 2023-01-04 10:03:59,272 - [36mCustomSimProcedure[0m - [36mSyscall found:  RegOpenKeyExA[<BV32 0x80000002>, <BV32 0x7ffefba8>, <BV32 0x0>, <BV32 0xf003f>, <BV32 0x7ffefcb0>][0m[0m
[1;32;40mINFO - 2023-01-04 10:03:59,314 - [36mCustomSimProcedure[0m - [36mSyscall found:  RegCloseKey[<BV32 key_handle_RegOpenKeyExA_32769_32[7:0] .. key_handle_RegOpenKeyExA_32769_32[15:8] .. key_handle_RegOpenKeyExA_32769_32[23:16] .. key_handle_RegOpenKeyExA_32769_32[31:24]>][0m[0m
[1;32;40mINFO - 2023-01-04 10:03:59,376 - [36mCustomSimProcedure[0m - [36mSyscall found:  StartServiceCtrlDispatcherA[<BV32 0x7ffefdf4>][0m[0m
[1;32;40mINFO - 2023-01-04 10:03:59,423 - [31mToolChainExplorerAnotherCDFS[0m - [31mA new block of execution have been executed with changes in sim_manager.[0m[0m
[1;32;40mINFO - 2023-01-04 10:03:59,423 - [31mToolChainExplorerAnotherCDFS[0m - [31mCurrently, simulation manager is :[0m[0m
[1;32;40mINFO - 2023-01-04 10:03:59,423 - [31mToolChainExplorerAnotherCDFS[0m - [31m<SimulationManager with 1 deadended>[0m[0m
[1;32;40mINFO - 2023-01-04 10:03:59,424 - [31mToolChainExplorerAnotherCDFS[0m - [31mpause stash len :0[0m[0m
[1;32;40mINFO - 2023-01-04 10:03:59,424 - [31mToolChainExplorerAnotherCDFS[0m - [31mlen(simgr.active) <= 0 or deadended >= self.max_end_state)[0m[0m
[1;32;40mINFO - 2023-01-04 10:03:59,427 - [37mGraphBuilder[0m - [37mOutput dir :src/output/runs/68//nitol[0m[0m
