[1;32;40mINFO - 2023-12-05 14:27:31,803 - SemaSCDG - None[0m
[1;32;40mINFO - 2023-12-05 14:27:31,803 - SemaSCDG - /app/src/output/runs/303/unknown//normal/[0m
[1;32;40mINFO - 2023-12-05 14:27:31,803 - SemaSCDG - 
---------------------------------------
--- Building SCDG of unknown/normal ---
---------------------------------------[0m
[1;32;40mINFO - 2023-12-05 14:27:31,803 - angr.project - Loading binary /app/src/SemaSCDG/tests/compiled_binaries/linux/normal[0m
[1;32;40mINFO - 2023-12-05 14:27:31,803 - angr.project - Loading binary /app/src/SemaSCDG/tests/compiled_binaries/linux/normal[0m
[1;33;40mWARNING - 2023-12-05 14:27:34,232 - angr.project - Disabling IRSB translation cache because support for self-modifying code is enabled.[0m
[1;33;40mWARNING - 2023-12-05 14:27:34,232 - angr.project - Disabling IRSB translation cache because support for self-modifying code is enabled.[0m
[1;32;40mINFO - 2023-12-05 14:27:34,244 - angr.sim_manager - Stepping active of <SimulationManager with 1 active>[0m
[1;32;40mINFO - 2023-12-05 14:27:34,244 - angr.sim_manager - Stepping active of <SimulationManager with 1 active>[0m
[1;32;40mINFO - 2023-12-05 14:27:34,248 - angr.engines.engine - Ticked state: <IRSB from 0x806d930: 1 sat>[0m
[1;32;40mINFO - 2023-12-05 14:27:34,248 - angr.engines.engine - Ticked state: <IRSB from 0x806d930: 1 sat>[0m
[1;32;40mINFO - 2023-12-05 14:27:34,248 - angr.engines.engine - Ticked state: <IRSB from 0x806d930: 1 sat>[0m
[1;32;40mINFO - 2023-12-05 14:27:34,248 - angr.sim_manager - Stepping active of <SimulationManager with 1 active>[0m
[1;32;40mINFO - 2023-12-05 14:27:34,248 - angr.sim_manager - Stepping active of <SimulationManager with 1 active>[0m
[1;32;40mINFO - 2023-12-05 14:27:34,253 - angr.engines.engine - Ticked state: <IRSB from 0x805ee8a: 1 sat>[0m
[1;32;40mINFO - 2023-12-05 14:27:34,253 - angr.engines.engine - Ticked state: <IRSB from 0x805ee8a: 1 sat>[0m
[1;32;40mINFO - 2023-12-05 14:27:34,253 - angr.engines.engine - Ticked state: <IRSB from 0x805ee8a: 1 sat>[0m
[1;32;40mINFO - 2023-12-05 14:27:34,253 - angr.sim_manager - Stepping active of <SimulationManager with 1 active>[0m
[1;32;40mINFO - 2023-12-05 14:27:34,253 - angr.sim_manager - Stepping active of <SimulationManager with 1 active>[0m
[1;32;40mINFO - 2023-12-05 14:27:34,261 - angr.engines.engine - Ticked state: <IRSB from 0x806d939: 1 sat 1 unsat>[0m
[1;32;40mINFO - 2023-12-05 14:27:34,261 - angr.engines.engine - Ticked state: <IRSB from 0x806d939: 1 sat 1 unsat>[0m
[1;32;40mINFO - 2023-12-05 14:27:34,261 - angr.engines.engine - Ticked state: <IRSB from 0x806d939: 1 sat 1 unsat>[0m
[1;32;40mINFO - 2023-12-05 14:27:34,262 - angr.sim_manager - Stepping active of <SimulationManager with 1 active>[0m
[1;32;40mINFO - 2023-12-05 14:27:34,262 - angr.sim_manager - Stepping active of <SimulationManager with 1 active>[0m
[1;32;40mINFO - 2023-12-05 14:27:34,264 - angr.engines.engine - Ticked state: <IRSB from 0x806d964: 1 sat>[0m
[1;32;40mINFO - 2023-12-05 14:27:34,264 - angr.engines.engine - Ticked state: <IRSB from 0x806d964: 1 sat>[0m
[1;32;40mINFO - 2023-12-05 14:27:34,264 - angr.engines.engine - Ticked state: <IRSB from 0x806d964: 1 sat>[0m
[1;32;40mINFO - 2023-12-05 14:27:34,265 - angr.sim_manager - Stepping active of <SimulationManager with 1 active>[0m
[1;32;40mINFO - 2023-12-05 14:27:34,265 - angr.sim_manager - Stepping active of <SimulationManager with 1 active>[0m
[1;32;40mINFO - 2023-12-05 14:27:34,266 - angr.procedures.stubs.CallReturn - A factory.call_state-created path returned![0m
[1;32;40mINFO - 2023-12-05 14:27:34,266 - angr.procedures.stubs.CallReturn - A factory.call_state-created path returned![0m
[1;32;40mINFO - 2023-12-05 14:27:34,266 - angr.procedures.stubs.CallReturn - A factory.call_state-created path returned![0m
[1;32;40mINFO - 2023-12-05 14:27:34,266 - angr.procedures.stubs.CallReturn - A factory.call_state-created path returned![0m
[1;32;40mINFO - 2023-12-05 14:27:34,266 - angr.engines.engine - Ticked state: <SimProcedure CallReturn from 0x8200038: empty>[0m
[1;32;40mINFO - 2023-12-05 14:27:34,266 - angr.engines.engine - Ticked state: <SimProcedure CallReturn from 0x8200038: empty>[0m
[1;32;40mINFO - 2023-12-05 14:27:34,266 - angr.engines.engine - Ticked state: <SimProcedure CallReturn from 0x8200038: empty>[0m
[1;32;40mINFO - 2023-12-05 14:27:34,277 - angr.sim_manager - Stepping active of <SimulationManager with 1 active>[0m
[1;32;40mINFO - 2023-12-05 14:27:34,277 - angr.sim_manager - Stepping active of <SimulationManager with 1 active>[0m
[1;32;40mINFO - 2023-12-05 14:27:34,281 - angr.engines.engine - Ticked state: <IRSB from 0x80bfb60: 1 sat>[0m
[1;32;40mINFO - 2023-12-05 14:27:34,281 - angr.engines.engine - Ticked state: <IRSB from 0x80bfb60: 1 sat>[0m
[1;32;40mINFO - 2023-12-05 14:27:34,281 - angr.engines.engine - Ticked state: <IRSB from 0x80bfb60: 1 sat>[0m
[1;32;40mINFO - 2023-12-05 14:27:34,281 - angr.sim_manager - Stepping active of <SimulationManager with 1 active>[0m
[1;32;40mINFO - 2023-12-05 14:27:34,281 - angr.sim_manager - Stepping active of <SimulationManager with 1 active>[0m
[1;32;40mINFO - 2023-12-05 14:27:34,284 - angr.engines.engine - Ticked state: <IRSB from 0x805ee8a: 1 sat>[0m
[1;32;40mINFO - 2023-12-05 14:27:34,284 - angr.engines.engine - Ticked state: <IRSB from 0x805ee8a: 1 sat>[0m
[1;32;40mINFO - 2023-12-05 14:27:34,284 - angr.engines.engine - Ticked state: <IRSB from 0x805ee8a: 1 sat>[0m
[1;32;40mINFO - 2023-12-05 14:27:34,285 - angr.sim_manager - Stepping active of <SimulationManager with 1 active>[0m
[1;32;40mINFO - 2023-12-05 14:27:34,285 - angr.sim_manager - Stepping active of <SimulationManager with 1 active>[0m
[1;32;40mINFO - 2023-12-05 14:27:34,295 - angr.engines.engine - Ticked state: <IRSB from 0x80bfb69: 1 sat>[0m
[1;32;40mINFO - 2023-12-05 14:27:34,295 - angr.engines.engine - Ticked state: <IRSB from 0x80bfb69: 1 sat>[0m
[1;32;40mINFO - 2023-12-05 14:27:34,295 - angr.engines.engine - Ticked state: <IRSB from 0x80bfb69: 1 sat>[0m
[1;32;40mINFO - 2023-12-05 14:27:34,296 - angr.sim_manager - Stepping active of <SimulationManager with 1 active>[0m
[1;32;40mINFO - 2023-12-05 14:27:34,296 - angr.sim_manager - Stepping active of <SimulationManager with 1 active>[0m
[1;32;40mINFO - 2023-12-05 14:27:34,297 - angr.procedures.stubs.CallReturn - A factory.call_state-created path returned![0m
[1;32;40mINFO - 2023-12-05 14:27:34,297 - angr.procedures.stubs.CallReturn - A factory.call_state-created path returned![0m
[1;32;40mINFO - 2023-12-05 14:27:34,297 - angr.procedures.stubs.CallReturn - A factory.call_state-created path returned![0m
[1;32;40mINFO - 2023-12-05 14:27:34,297 - angr.procedures.stubs.CallReturn - A factory.call_state-created path returned![0m
[1;32;40mINFO - 2023-12-05 14:27:34,297 - angr.engines.engine - Ticked state: <SimProcedure CallReturn from 0x8200038: empty>[0m
[1;32;40mINFO - 2023-12-05 14:27:34,297 - angr.engines.engine - Ticked state: <SimProcedure CallReturn from 0x8200038: empty>[0m
[1;32;40mINFO - 2023-12-05 14:27:34,297 - angr.engines.engine - Ticked state: <SimProcedure CallReturn from 0x8200038: empty>[0m
[1;32;40mINFO - 2023-12-05 14:27:34,309 - angr.sim_manager - Stepping active of <SimulationManager with 1 active>[0m
[1;32;40mINFO - 2023-12-05 14:27:34,309 - angr.sim_manager - Stepping active of <SimulationManager with 1 active>[0m
[1;32;40mINFO - 2023-12-05 14:27:34,313 - angr.engines.engine - Ticked state: <IRSB from 0x80ac780: 1 sat>[0m
[1;32;40mINFO - 2023-12-05 14:27:34,313 - angr.engines.engine - Ticked state: <IRSB from 0x80ac780: 1 sat>[0m
[1;32;40mINFO - 2023-12-05 14:27:34,313 - angr.engines.engine - Ticked state: <IRSB from 0x80ac780: 1 sat>[0m
[1;32;40mINFO - 2023-12-05 14:27:34,314 - angr.sim_manager - Stepping active of <SimulationManager with 1 active>[0m
[1;32;40mINFO - 2023-12-05 14:27:34,314 - angr.sim_manager - Stepping active of <SimulationManager with 1 active>[0m
[1;32;40mINFO - 2023-12-05 14:27:34,317 - angr.engines.engine - Ticked state: <IRSB from 0x805ee8a: 1 sat>[0m
[1;32;40mINFO - 2023-12-05 14:27:34,317 - angr.engines.engine - Ticked state: <IRSB from 0x805ee8a: 1 sat>[0m
[1;32;40mINFO - 2023-12-05 14:27:34,317 - angr.engines.engine - Ticked state: <IRSB from 0x805ee8a: 1 sat>[0m
[1;32;40mINFO - 2023-12-05 14:27:34,317 - angr.sim_manager - Stepping active of <SimulationManager with 1 active>[0m
[1;32;40mINFO - 2023-12-05 14:27:34,317 - angr.sim_manager - Stepping active of <SimulationManager with 1 active>[0m
[1;32;40mINFO - 2023-12-05 14:27:34,326 - angr.engines.engine - Ticked state: <IRSB from 0x80ac789: 1 sat 1 unsat>[0m
[1;32;40mINFO - 2023-12-05 14:27:34,326 - angr.engines.engine - Ticked state: <IRSB from 0x80ac789: 1 sat 1 unsat>[0m
[1;32;40mINFO - 2023-12-05 14:27:34,326 - angr.engines.engine - Ticked state: <IRSB from 0x80ac789: 1 sat 1 unsat>[0m
[1;32;40mINFO - 2023-12-05 14:27:34,326 - angr.sim_manager - Stepping active of <SimulationManager with 1 active>[0m
[1;32;40mINFO - 2023-12-05 14:27:34,326 - angr.sim_manager - Stepping active of <SimulationManager with 1 active>[0m
[1;32;40mINFO - 2023-12-05 14:27:34,334 - angr.engines.engine - Ticked state: <IRSB from 0x80ac7a6: 1 sat>[0m
[1;32;40mINFO - 2023-12-05 14:27:34,334 - angr.engines.engine - Ticked state: <IRSB from 0x80ac7a6: 1 sat>[0m
[1;32;40mINFO - 2023-12-05 14:27:34,334 - angr.engines.engine - Ticked state: <IRSB from 0x80ac7a6: 1 sat>[0m
[1;32;40mINFO - 2023-12-05 14:27:34,334 - angr.sim_manager - Stepping active of <SimulationManager with 1 active>[0m
[1;32;40mINFO - 2023-12-05 14:27:34,334 - angr.sim_manager - Stepping active of <SimulationManager with 1 active>[0m
[1;32;40mINFO - 2023-12-05 14:27:34,336 - angr.procedures.stubs.CallReturn - A factory.call_state-created path returned![0m
[1;32;40mINFO - 2023-12-05 14:27:34,336 - angr.procedures.stubs.CallReturn - A factory.call_state-created path returned![0m
[1;32;40mINFO - 2023-12-05 14:27:34,336 - angr.procedures.stubs.CallReturn - A factory.call_state-created path returned![0m
[1;32;40mINFO - 2023-12-05 14:27:34,336 - angr.procedures.stubs.CallReturn - A factory.call_state-created path returned![0m
[1;32;40mINFO - 2023-12-05 14:27:34,336 - angr.engines.engine - Ticked state: <SimProcedure CallReturn from 0x8200038: empty>[0m
[1;32;40mINFO - 2023-12-05 14:27:34,336 - angr.engines.engine - Ticked state: <SimProcedure CallReturn from 0x8200038: empty>[0m
[1;32;40mINFO - 2023-12-05 14:27:34,336 - angr.engines.engine - Ticked state: <SimProcedure CallReturn from 0x8200038: empty>[0m
[1;32;40mINFO - 2023-12-05 14:27:34,350 - angr.sim_manager - Stepping active of <SimulationManager with 1 active>[0m
[1;32;40mINFO - 2023-12-05 14:27:34,350 - angr.sim_manager - Stepping active of <SimulationManager with 1 active>[0m
[1;32;40mINFO - 2023-12-05 14:27:34,355 - angr.engines.engine - Ticked state: <IRSB from 0x806d9f0: 1 sat>[0m
[1;32;40mINFO - 2023-12-05 14:27:34,355 - angr.engines.engine - Ticked state: <IRSB from 0x806d9f0: 1 sat>[0m
[1;32;40mINFO - 2023-12-05 14:27:34,355 - angr.engines.engine - Ticked state: <IRSB from 0x806d9f0: 1 sat>[0m
[1;32;40mINFO - 2023-12-05 14:27:34,355 - angr.sim_manager - Stepping active of <SimulationManager with 1 active>[0m
[1;32;40mINFO - 2023-12-05 14:27:34,355 - angr.sim_manager - Stepping active of <SimulationManager with 1 active>[0m
[1;32;40mINFO - 2023-12-05 14:27:34,359 - angr.engines.engine - Ticked state: <IRSB from 0x805ee8a: 1 sat>[0m
[1;32;40mINFO - 2023-12-05 14:27:34,359 - angr.engines.engine - Ticked state: <IRSB from 0x805ee8a: 1 sat>[0m
[1;32;40mINFO - 2023-12-05 14:27:34,359 - angr.engines.engine - Ticked state: <IRSB from 0x805ee8a: 1 sat>[0m
[1;32;40mINFO - 2023-12-05 14:27:34,359 - angr.sim_manager - Stepping active of <SimulationManager with 1 active>[0m
[1;32;40mINFO - 2023-12-05 14:27:34,359 - angr.sim_manager - Stepping active of <SimulationManager with 1 active>[0m
[1;32;40mINFO - 2023-12-05 14:27:34,370 - angr.engines.engine - Ticked state: <IRSB from 0x806d9f9: 1 sat>[0m
[1;32;40mINFO - 2023-12-05 14:27:34,370 - angr.engines.engine - Ticked state: <IRSB from 0x806d9f9: 1 sat>[0m
[1;32;40mINFO - 2023-12-05 14:27:34,370 - angr.engines.engine - Ticked state: <IRSB from 0x806d9f9: 1 sat>[0m
[1;32;40mINFO - 2023-12-05 14:27:34,371 - angr.sim_manager - Stepping active of <SimulationManager with 1 active>[0m
[1;32;40mINFO - 2023-12-05 14:27:34,371 - angr.sim_manager - Stepping active of <SimulationManager with 1 active>[0m
[1;32;40mINFO - 2023-12-05 14:27:34,372 - angr.procedures.stubs.CallReturn - A factory.call_state-created path returned![0m
[1;32;40mINFO - 2023-12-05 14:27:34,372 - angr.procedures.stubs.CallReturn - A factory.call_state-created path returned![0m
[1;32;40mINFO - 2023-12-05 14:27:34,372 - angr.procedures.stubs.CallReturn - A factory.call_state-created path returned![0m
[1;32;40mINFO - 2023-12-05 14:27:34,372 - angr.procedures.stubs.CallReturn - A factory.call_state-created path returned![0m
[1;32;40mINFO - 2023-12-05 14:27:34,372 - angr.engines.engine - Ticked state: <SimProcedure CallReturn from 0x8200038: empty>[0m
[1;32;40mINFO - 2023-12-05 14:27:34,372 - angr.engines.engine - Ticked state: <SimProcedure CallReturn from 0x8200038: empty>[0m
[1;32;40mINFO - 2023-12-05 14:27:34,372 - angr.engines.engine - Ticked state: <SimProcedure CallReturn from 0x8200038: empty>[0m
[1;32;40mINFO - 2023-12-05 14:27:34,383 - angr.sim_manager - Stepping active of <SimulationManager with 1 active>[0m
[1;32;40mINFO - 2023-12-05 14:27:34,383 - angr.sim_manager - Stepping active of <SimulationManager with 1 active>[0m
[1;32;40mINFO - 2023-12-05 14:27:34,386 - angr.engines.engine - Ticked state: <IRSB from 0x806d970: 1 sat>[0m
[1;32;40mINFO - 2023-12-05 14:27:34,386 - angr.engines.engine - Ticked state: <IRSB from 0x806d970: 1 sat>[0m
[1;32;40mINFO - 2023-12-05 14:27:34,386 - angr.engines.engine - Ticked state: <IRSB from 0x806d970: 1 sat>[0m
[1;32;40mINFO - 2023-12-05 14:27:34,387 - angr.sim_manager - Stepping active of <SimulationManager with 1 active>[0m
[1;32;40mINFO - 2023-12-05 14:27:34,387 - angr.sim_manager - Stepping active of <SimulationManager with 1 active>[0m
[1;32;40mINFO - 2023-12-05 14:27:34,391 - angr.engines.engine - Ticked state: <IRSB from 0x805ee8a: 1 sat>[0m
[1;32;40mINFO - 2023-12-05 14:27:34,391 - angr.engines.engine - Ticked state: <IRSB from 0x805ee8a: 1 sat>[0m
[1;32;40mINFO - 2023-12-05 14:27:34,391 - angr.engines.engine - Ticked state: <IRSB from 0x805ee8a: 1 sat>[0m
[1;32;40mINFO - 2023-12-05 14:27:34,391 - angr.sim_manager - Stepping active of <SimulationManager with 1 active>[0m
[1;32;40mINFO - 2023-12-05 14:27:34,391 - angr.sim_manager - Stepping active of <SimulationManager with 1 active>[0m
[1;32;40mINFO - 2023-12-05 14:27:34,399 - angr.engines.engine - Ticked state: <IRSB from 0x806d979: 1 sat 1 unsat>[0m
[1;32;40mINFO - 2023-12-05 14:27:34,399 - angr.engines.engine - Ticked state: <IRSB from 0x806d979: 1 sat 1 unsat>[0m
[1;32;40mINFO - 2023-12-05 14:27:34,399 - angr.engines.engine - Ticked state: <IRSB from 0x806d979: 1 sat 1 unsat>[0m
[1;32;40mINFO - 2023-12-05 14:27:34,400 - angr.sim_manager - Stepping active of <SimulationManager with 1 active>[0m
[1;32;40mINFO - 2023-12-05 14:27:34,400 - angr.sim_manager - Stepping active of <SimulationManager with 1 active>[0m
[1;32;40mINFO - 2023-12-05 14:27:34,408 - angr.engines.engine - Ticked state: <IRSB from 0x806d996: 1 sat>[0m
[1;32;40mINFO - 2023-12-05 14:27:34,408 - angr.engines.engine - Ticked state: <IRSB from 0x806d996: 1 sat>[0m
[1;32;40mINFO - 2023-12-05 14:27:34,408 - angr.engines.engine - Ticked state: <IRSB from 0x806d996: 1 sat>[0m
[1;32;40mINFO - 2023-12-05 14:27:34,409 - angr.sim_manager - Stepping active of <SimulationManager with 1 active>[0m
[1;32;40mINFO - 2023-12-05 14:27:34,409 - angr.sim_manager - Stepping active of <SimulationManager with 1 active>[0m
[1;32;40mINFO - 2023-12-05 14:27:34,410 - angr.procedures.stubs.CallReturn - A factory.call_state-created path returned![0m
[1;32;40mINFO - 2023-12-05 14:27:34,410 - angr.procedures.stubs.CallReturn - A factory.call_state-created path returned![0m
[1;32;40mINFO - 2023-12-05 14:27:34,410 - angr.procedures.stubs.CallReturn - A factory.call_state-created path returned![0m
[1;32;40mINFO - 2023-12-05 14:27:34,410 - angr.procedures.stubs.CallReturn - A factory.call_state-created path returned![0m
[1;32;40mINFO - 2023-12-05 14:27:34,411 - angr.engines.engine - Ticked state: <SimProcedure CallReturn from 0x8200038: empty>[0m
[1;32;40mINFO - 2023-12-05 14:27:34,411 - angr.engines.engine - Ticked state: <SimProcedure CallReturn from 0x8200038: empty>[0m
[1;32;40mINFO - 2023-12-05 14:27:34,411 - angr.engines.engine - Ticked state: <SimProcedure CallReturn from 0x8200038: empty>[0m
[1;32;40mINFO - 2023-12-05 14:27:34,425 - angr.sim_manager - Stepping active of <SimulationManager with 1 active>[0m
[1;32;40mINFO - 2023-12-05 14:27:34,425 - angr.sim_manager - Stepping active of <SimulationManager with 1 active>[0m
[1;32;40mINFO - 2023-12-05 14:27:34,430 - angr.engines.engine - Ticked state: <IRSB from 0x806e460: 1 sat>[0m
[1;32;40mINFO - 2023-12-05 14:27:34,430 - angr.engines.engine - Ticked state: <IRSB from 0x806e460: 1 sat>[0m
[1;32;40mINFO - 2023-12-05 14:27:34,430 - angr.engines.engine - Ticked state: <IRSB from 0x806e460: 1 sat>[0m
[1;32;40mINFO - 2023-12-05 14:27:34,431 - angr.sim_manager - Stepping active of <SimulationManager with 1 active>[0m
[1;32;40mINFO - 2023-12-05 14:27:34,431 - angr.sim_manager - Stepping active of <SimulationManager with 1 active>[0m
[1;32;40mINFO - 2023-12-05 14:27:34,435 - angr.engines.engine - Ticked state: <IRSB from 0x805ee8a: 1 sat>[0m
[1;32;40mINFO - 2023-12-05 14:27:34,435 - angr.engines.engine - Ticked state: <IRSB from 0x805ee8a: 1 sat>[0m
[1;32;40mINFO - 2023-12-05 14:27:34,435 - angr.engines.engine - Ticked state: <IRSB from 0x805ee8a: 1 sat>[0m
[1;32;40mINFO - 2023-12-05 14:27:34,436 - angr.sim_manager - Stepping active of <SimulationManager with 1 active>[0m
[1;32;40mINFO - 2023-12-05 14:27:34,436 - angr.sim_manager - Stepping active of <SimulationManager with 1 active>[0m
[1;32;40mINFO - 2023-12-05 14:27:34,446 - angr.engines.engine - Ticked state: <IRSB from 0x806e469: 1 sat 1 unsat>[0m
[1;32;40mINFO - 2023-12-05 14:27:34,446 - angr.engines.engine - Ticked state: <IRSB from 0x806e469: 1 sat 1 unsat>[0m
[1;32;40mINFO - 2023-12-05 14:27:34,446 - angr.engines.engine - Ticked state: <IRSB from 0x806e469: 1 sat 1 unsat>[0m
[1;32;40mINFO - 2023-12-05 14:27:34,447 - angr.sim_manager - Stepping active of <SimulationManager with 1 active>[0m
[1;32;40mINFO - 2023-12-05 14:27:34,447 - angr.sim_manager - Stepping active of <SimulationManager with 1 active>[0m
[1;32;40mINFO - 2023-12-05 14:27:34,450 - angr.engines.engine - Ticked state: <IRSB from 0x806e494: 1 sat>[0m
[1;32;40mINFO - 2023-12-05 14:27:34,450 - angr.engines.engine - Ticked state: <IRSB from 0x806e494: 1 sat>[0m
[1;32;40mINFO - 2023-12-05 14:27:34,450 - angr.engines.engine - Ticked state: <IRSB from 0x806e494: 1 sat>[0m
[1;32;40mINFO - 2023-12-05 14:27:34,450 - angr.sim_manager - Stepping active of <SimulationManager with 1 active>[0m
[1;32;40mINFO - 2023-12-05 14:27:34,450 - angr.sim_manager - Stepping active of <SimulationManager with 1 active>[0m
[1;32;40mINFO - 2023-12-05 14:27:34,451 - angr.procedures.stubs.CallReturn - A factory.call_state-created path returned![0m
[1;32;40mINFO - 2023-12-05 14:27:34,451 - angr.procedures.stubs.CallReturn - A factory.call_state-created path returned![0m
[1;32;40mINFO - 2023-12-05 14:27:34,451 - angr.procedures.stubs.CallReturn - A factory.call_state-created path returned![0m
[1;32;40mINFO - 2023-12-05 14:27:34,451 - angr.procedures.stubs.CallReturn - A factory.call_state-created path returned![0m
[1;32;40mINFO - 2023-12-05 14:27:34,451 - angr.engines.engine - Ticked state: <SimProcedure CallReturn from 0x8200038: empty>[0m
[1;32;40mINFO - 2023-12-05 14:27:34,451 - angr.engines.engine - Ticked state: <SimProcedure CallReturn from 0x8200038: empty>[0m
[1;32;40mINFO - 2023-12-05 14:27:34,451 - angr.engines.engine - Ticked state: <SimProcedure CallReturn from 0x8200038: empty>[0m
[1;32;40mINFO - 2023-12-05 14:27:34,465 - angr.sim_manager - Stepping active of <SimulationManager with 1 active>[0m
[1;32;40mINFO - 2023-12-05 14:27:34,465 - angr.sim_manager - Stepping active of <SimulationManager with 1 active>[0m
[1;32;40mINFO - 2023-12-05 14:27:34,468 - angr.engines.engine - Ticked state: <IRSB from 0x806e4e0: 1 sat>[0m
[1;32;40mINFO - 2023-12-05 14:27:34,468 - angr.engines.engine - Ticked state: <IRSB from 0x806e4e0: 1 sat>[0m
[1;32;40mINFO - 2023-12-05 14:27:34,468 - angr.engines.engine - Ticked state: <IRSB from 0x806e4e0: 1 sat>[0m
[1;32;40mINFO - 2023-12-05 14:27:34,469 - angr.sim_manager - Stepping active of <SimulationManager with 1 active>[0m
[1;32;40mINFO - 2023-12-05 14:27:34,469 - angr.sim_manager - Stepping active of <SimulationManager with 1 active>[0m
[1;32;40mINFO - 2023-12-05 14:27:34,473 - angr.engines.engine - Ticked state: <IRSB from 0x805ee8a: 1 sat>[0m
[1;32;40mINFO - 2023-12-05 14:27:34,473 - angr.engines.engine - Ticked state: <IRSB from 0x805ee8a: 1 sat>[0m
[1;32;40mINFO - 2023-12-05 14:27:34,473 - angr.engines.engine - Ticked state: <IRSB from 0x805ee8a: 1 sat>[0m
[1;32;40mINFO - 2023-12-05 14:27:34,474 - angr.sim_manager - Stepping active of <SimulationManager with 1 active>[0m
[1;32;40mINFO - 2023-12-05 14:27:34,474 - angr.sim_manager - Stepping active of <SimulationManager with 1 active>[0m
[1;32;40mINFO - 2023-12-05 14:27:34,482 - angr.engines.engine - Ticked state: <IRSB from 0x806e4e9: 1 sat 1 unsat>[0m
[1;32;40mINFO - 2023-12-05 14:27:34,482 - angr.engines.engine - Ticked state: <IRSB from 0x806e4e9: 1 sat 1 unsat>[0m
[1;32;40mINFO - 2023-12-05 14:27:34,482 - angr.engines.engine - Ticked state: <IRSB from 0x806e4e9: 1 sat 1 unsat>[0m
[1;32;40mINFO - 2023-12-05 14:27:34,482 - angr.sim_manager - Stepping active of <SimulationManager with 1 active>[0m
[1;32;40mINFO - 2023-12-05 14:27:34,482 - angr.sim_manager - Stepping active of <SimulationManager with 1 active>[0m
[1;32;40mINFO - 2023-12-05 14:27:34,489 - angr.engines.engine - Ticked state: <IRSB from 0x806e506: 1 sat>[0m
[1;32;40mINFO - 2023-12-05 14:27:34,489 - angr.engines.engine - Ticked state: <IRSB from 0x806e506: 1 sat>[0m
[1;32;40mINFO - 2023-12-05 14:27:34,489 - angr.engines.engine - Ticked state: <IRSB from 0x806e506: 1 sat>[0m
[1;32;40mINFO - 2023-12-05 14:27:34,489 - angr.sim_manager - Stepping active of <SimulationManager with 1 active>[0m
[1;32;40mINFO - 2023-12-05 14:27:34,489 - angr.sim_manager - Stepping active of <SimulationManager with 1 active>[0m
[1;32;40mINFO - 2023-12-05 14:27:34,491 - angr.procedures.stubs.CallReturn - A factory.call_state-created path returned![0m
[1;32;40mINFO - 2023-12-05 14:27:34,491 - angr.procedures.stubs.CallReturn - A factory.call_state-created path returned![0m
[1;32;40mINFO - 2023-12-05 14:27:34,491 - angr.procedures.stubs.CallReturn - A factory.call_state-created path returned![0m
[1;32;40mINFO - 2023-12-05 14:27:34,491 - angr.procedures.stubs.CallReturn - A factory.call_state-created path returned![0m
[1;32;40mINFO - 2023-12-05 14:27:34,491 - angr.engines.engine - Ticked state: <SimProcedure CallReturn from 0x8200038: empty>[0m
[1;32;40mINFO - 2023-12-05 14:27:34,491 - angr.engines.engine - Ticked state: <SimProcedure CallReturn from 0x8200038: empty>[0m
[1;32;40mINFO - 2023-12-05 14:27:34,491 - angr.engines.engine - Ticked state: <SimProcedure CallReturn from 0x8200038: empty>[0m
[1;32;40mINFO - 2023-12-05 14:27:34,502 - angr.sim_manager - Stepping active of <SimulationManager with 1 active>[0m
[1;32;40mINFO - 2023-12-05 14:27:34,502 - angr.sim_manager - Stepping active of <SimulationManager with 1 active>[0m
[1;32;40mINFO - 2023-12-05 14:27:34,506 - angr.engines.engine - Ticked state: <IRSB from 0x806e420: 1 sat>[0m
[1;32;40mINFO - 2023-12-05 14:27:34,506 - angr.engines.engine - Ticked state: <IRSB from 0x806e420: 1 sat>[0m
[1;32;40mINFO - 2023-12-05 14:27:34,506 - angr.engines.engine - Ticked state: <IRSB from 0x806e420: 1 sat>[0m
[1;32;40mINFO - 2023-12-05 14:27:34,507 - angr.sim_manager - Stepping active of <SimulationManager with 1 active>[0m
[1;32;40mINFO - 2023-12-05 14:27:34,507 - angr.sim_manager - Stepping active of <SimulationManager with 1 active>[0m
[1;32;40mINFO - 2023-12-05 14:27:34,511 - angr.engines.engine - Ticked state: <IRSB from 0x805ee8a: 1 sat>[0m
[1;32;40mINFO - 2023-12-05 14:27:34,511 - angr.engines.engine - Ticked state: <IRSB from 0x805ee8a: 1 sat>[0m
[1;32;40mINFO - 2023-12-05 14:27:34,511 - angr.engines.engine - Ticked state: <IRSB from 0x805ee8a: 1 sat>[0m
[1;32;40mINFO - 2023-12-05 14:27:34,511 - angr.sim_manager - Stepping active of <SimulationManager with 1 active>[0m
[1;32;40mINFO - 2023-12-05 14:27:34,511 - angr.sim_manager - Stepping active of <SimulationManager with 1 active>[0m
[1;32;40mINFO - 2023-12-05 14:27:34,520 - angr.engines.engine - Ticked state: <IRSB from 0x806e429: 1 sat 1 unsat>[0m
[1;32;40mINFO - 2023-12-05 14:27:34,520 - angr.engines.engine - Ticked state: <IRSB from 0x806e429: 1 sat 1 unsat>[0m
[1;32;40mINFO - 2023-12-05 14:27:34,520 - angr.engines.engine - Ticked state: <IRSB from 0x806e429: 1 sat 1 unsat>[0m
[1;32;40mINFO - 2023-12-05 14:27:34,520 - angr.sim_manager - Stepping active of <SimulationManager with 1 active>[0m
[1;32;40mINFO - 2023-12-05 14:27:34,520 - angr.sim_manager - Stepping active of <SimulationManager with 1 active>[0m
[1;32;40mINFO - 2023-12-05 14:27:34,527 - angr.engines.engine - Ticked state: <IRSB from 0x806e446: 1 sat>[0m
[1;32;40mINFO - 2023-12-05 14:27:34,527 - angr.engines.engine - Ticked state: <IRSB from 0x806e446: 1 sat>[0m
[1;32;40mINFO - 2023-12-05 14:27:34,527 - angr.engines.engine - Ticked state: <IRSB from 0x806e446: 1 sat>[0m
[1;32;40mINFO - 2023-12-05 14:27:34,528 - angr.sim_manager - Stepping active of <SimulationManager with 1 active>[0m
[1;32;40mINFO - 2023-12-05 14:27:34,528 - angr.sim_manager - Stepping active of <SimulationManager with 1 active>[0m
[1;32;40mINFO - 2023-12-05 14:27:34,529 - angr.procedures.stubs.CallReturn - A factory.call_state-created path returned![0m
[1;32;40mINFO - 2023-12-05 14:27:34,529 - angr.procedures.stubs.CallReturn - A factory.call_state-created path returned![0m
[1;32;40mINFO - 2023-12-05 14:27:34,529 - angr.procedures.stubs.CallReturn - A factory.call_state-created path returned![0m
[1;32;40mINFO - 2023-12-05 14:27:34,529 - angr.procedures.stubs.CallReturn - A factory.call_state-created path returned![0m
[1;32;40mINFO - 2023-12-05 14:27:34,529 - angr.engines.engine - Ticked state: <SimProcedure CallReturn from 0x8200038: empty>[0m
[1;32;40mINFO - 2023-12-05 14:27:34,529 - angr.engines.engine - Ticked state: <SimProcedure CallReturn from 0x8200038: empty>[0m
[1;32;40mINFO - 2023-12-05 14:27:34,529 - angr.engines.engine - Ticked state: <SimProcedure CallReturn from 0x8200038: empty>[0m
[1;32;40mINFO - 2023-12-05 14:27:34,542 - angr.sim_manager - Stepping active of <SimulationManager with 1 active>[0m
[1;32;40mINFO - 2023-12-05 14:27:34,542 - angr.sim_manager - Stepping active of <SimulationManager with 1 active>[0m
[1;32;40mINFO - 2023-12-05 14:27:34,546 - angr.engines.engine - Ticked state: <IRSB from 0x80ac740: 1 sat>[0m
[1;32;40mINFO - 2023-12-05 14:27:34,546 - angr.engines.engine - Ticked state: <IRSB from 0x80ac740: 1 sat>[0m
[1;32;40mINFO - 2023-12-05 14:27:34,546 - angr.engines.engine - Ticked state: <IRSB from 0x80ac740: 1 sat>[0m
[1;32;40mINFO - 2023-12-05 14:27:34,546 - angr.sim_manager - Stepping active of <SimulationManager with 1 active>[0m
[1;32;40mINFO - 2023-12-05 14:27:34,546 - angr.sim_manager - Stepping active of <SimulationManager with 1 active>[0m
[1;32;40mINFO - 2023-12-05 14:27:34,550 - angr.engines.engine - Ticked state: <IRSB from 0x805ee8a: 1 sat>[0m
[1;32;40mINFO - 2023-12-05 14:27:34,550 - angr.engines.engine - Ticked state: <IRSB from 0x805ee8a: 1 sat>[0m
[1;32;40mINFO - 2023-12-05 14:27:34,550 - angr.engines.engine - Ticked state: <IRSB from 0x805ee8a: 1 sat>[0m
[1;32;40mINFO - 2023-12-05 14:27:34,550 - angr.sim_manager - Stepping active of <SimulationManager with 1 active>[0m
[1;32;40mINFO - 2023-12-05 14:27:34,550 - angr.sim_manager - Stepping active of <SimulationManager with 1 active>[0m
[1;32;40mINFO - 2023-12-05 14:27:34,560 - angr.engines.engine - Ticked state: <IRSB from 0x80ac749: 1 sat 1 unsat>[0m
[1;32;40mINFO - 2023-12-05 14:27:34,560 - angr.engines.engine - Ticked state: <IRSB from 0x80ac749: 1 sat 1 unsat>[0m
[1;32;40mINFO - 2023-12-05 14:27:34,560 - angr.engines.engine - Ticked state: <IRSB from 0x80ac749: 1 sat 1 unsat>[0m
[1;32;40mINFO - 2023-12-05 14:27:34,561 - angr.sim_manager - Stepping active of <SimulationManager with 1 active>[0m
[1;32;40mINFO - 2023-12-05 14:27:34,561 - angr.sim_manager - Stepping active of <SimulationManager with 1 active>[0m
[1;32;40mINFO - 2023-12-05 14:27:34,564 - angr.engines.engine - Ticked state: <IRSB from 0x80ac774: 1 sat>[0m
[1;32;40mINFO - 2023-12-05 14:27:34,564 - angr.engines.engine - Ticked state: <IRSB from 0x80ac774: 1 sat>[0m
[1;32;40mINFO - 2023-12-05 14:27:34,564 - angr.engines.engine - Ticked state: <IRSB from 0x80ac774: 1 sat>[0m
[1;32;40mINFO - 2023-12-05 14:27:34,565 - angr.sim_manager - Stepping active of <SimulationManager with 1 active>[0m
[1;32;40mINFO - 2023-12-05 14:27:34,565 - angr.sim_manager - Stepping active of <SimulationManager with 1 active>[0m
[1;32;40mINFO - 2023-12-05 14:27:34,566 - angr.procedures.stubs.CallReturn - A factory.call_state-created path returned![0m
[1;32;40mINFO - 2023-12-05 14:27:34,566 - angr.procedures.stubs.CallReturn - A factory.call_state-created path returned![0m
[1;32;40mINFO - 2023-12-05 14:27:34,566 - angr.procedures.stubs.CallReturn - A factory.call_state-created path returned![0m
[1;32;40mINFO - 2023-12-05 14:27:34,566 - angr.procedures.stubs.CallReturn - A factory.call_state-created path returned![0m
[1;32;40mINFO - 2023-12-05 14:27:34,566 - angr.engines.engine - Ticked state: <SimProcedure CallReturn from 0x8200038: empty>[0m
[1;32;40mINFO - 2023-12-05 14:27:34,566 - angr.engines.engine - Ticked state: <SimProcedure CallReturn from 0x8200038: empty>[0m
[1;32;40mINFO - 2023-12-05 14:27:34,566 - angr.engines.engine - Ticked state: <SimProcedure CallReturn from 0x8200038: empty>[0m
[1;32;40mINFO - 2023-12-05 14:27:34,582 - angr.sim_manager - Stepping active of <SimulationManager with 1 active>[0m
[1;32;40mINFO - 2023-12-05 14:27:34,582 - angr.sim_manager - Stepping active of <SimulationManager with 1 active>[0m
[1;32;40mINFO - 2023-12-05 14:27:34,587 - angr.engines.engine - Ticked state: <IRSB from 0x806e4a0: 1 sat>[0m
[1;32;40mINFO - 2023-12-05 14:27:34,587 - angr.engines.engine - Ticked state: <IRSB from 0x806e4a0: 1 sat>[0m
[1;32;40mINFO - 2023-12-05 14:27:34,587 - angr.engines.engine - Ticked state: <IRSB from 0x806e4a0: 1 sat>[0m
[1;32;40mINFO - 2023-12-05 14:27:34,587 - angr.sim_manager - Stepping active of <SimulationManager with 1 active>[0m
[1;32;40mINFO - 2023-12-05 14:27:34,587 - angr.sim_manager - Stepping active of <SimulationManager with 1 active>[0m
[1;32;40mINFO - 2023-12-05 14:27:34,593 - angr.engines.engine - Ticked state: <IRSB from 0x805ee8a: 1 sat>[0m
[1;32;40mINFO - 2023-12-05 14:27:34,593 - angr.engines.engine - Ticked state: <IRSB from 0x805ee8a: 1 sat>[0m
[1;32;40mINFO - 2023-12-05 14:27:34,593 - angr.engines.engine - Ticked state: <IRSB from 0x805ee8a: 1 sat>[0m
[1;32;40mINFO - 2023-12-05 14:27:34,593 - angr.sim_manager - Stepping active of <SimulationManager with 1 active>[0m
[1;32;40mINFO - 2023-12-05 14:27:34,593 - angr.sim_manager - Stepping active of <SimulationManager with 1 active>[0m
[1;32;40mINFO - 2023-12-05 14:27:34,601 - angr.engines.engine - Ticked state: <IRSB from 0x806e4a9: 1 sat 1 unsat>[0m
[1;32;40mINFO - 2023-12-05 14:27:34,601 - angr.engines.engine - Ticked state: <IRSB from 0x806e4a9: 1 sat 1 unsat>[0m
[1;32;40mINFO - 2023-12-05 14:27:34,601 - angr.engines.engine - Ticked state: <IRSB from 0x806e4a9: 1 sat 1 unsat>[0m
[1;32;40mINFO - 2023-12-05 14:27:34,601 - angr.sim_manager - Stepping active of <SimulationManager with 1 active>[0m
[1;32;40mINFO - 2023-12-05 14:27:34,601 - angr.sim_manager - Stepping active of <SimulationManager with 1 active>[0m
[1;32;40mINFO - 2023-12-05 14:27:34,609 - angr.engines.engine - Ticked state: <IRSB from 0x806e4c7: 1 sat>[0m
[1;32;40mINFO - 2023-12-05 14:27:34,609 - angr.engines.engine - Ticked state: <IRSB from 0x806e4c7: 1 sat>[0m
[1;32;40mINFO - 2023-12-05 14:27:34,609 - angr.engines.engine - Ticked state: <IRSB from 0x806e4c7: 1 sat>[0m
[1;32;40mINFO - 2023-12-05 14:27:34,609 - angr.sim_manager - Stepping active of <SimulationManager with 1 active>[0m
[1;32;40mINFO - 2023-12-05 14:27:34,609 - angr.sim_manager - Stepping active of <SimulationManager with 1 active>[0m
[1;32;40mINFO - 2023-12-05 14:27:34,610 - angr.procedures.stubs.CallReturn - A factory.call_state-created path returned![0m
[1;32;40mINFO - 2023-12-05 14:27:34,610 - angr.procedures.stubs.CallReturn - A factory.call_state-created path returned![0m
[1;32;40mINFO - 2023-12-05 14:27:34,610 - angr.procedures.stubs.CallReturn - A factory.call_state-created path returned![0m
[1;32;40mINFO - 2023-12-05 14:27:34,610 - angr.procedures.stubs.CallReturn - A factory.call_state-created path returned![0m
[1;32;40mINFO - 2023-12-05 14:27:34,611 - angr.engines.engine - Ticked state: <SimProcedure CallReturn from 0x8200038: empty>[0m
[1;32;40mINFO - 2023-12-05 14:27:34,611 - angr.engines.engine - Ticked state: <SimProcedure CallReturn from 0x8200038: empty>[0m
[1;32;40mINFO - 2023-12-05 14:27:34,611 - angr.engines.engine - Ticked state: <SimProcedure CallReturn from 0x8200038: empty>[0m
[1;32;40mINFO - 2023-12-05 14:27:34,621 - angr.sim_manager - Stepping active of <SimulationManager with 1 active>[0m
[1;32;40mINFO - 2023-12-05 14:27:34,621 - angr.sim_manager - Stepping active of <SimulationManager with 1 active>[0m
[1;32;40mINFO - 2023-12-05 14:27:34,626 - angr.engines.engine - Ticked state: <IRSB from 0x80ac670: 1 sat>[0m
[1;32;40mINFO - 2023-12-05 14:27:34,626 - angr.engines.engine - Ticked state: <IRSB from 0x80ac670: 1 sat>[0m
[1;32;40mINFO - 2023-12-05 14:27:34,626 - angr.engines.engine - Ticked state: <IRSB from 0x80ac670: 1 sat>[0m
[1;32;40mINFO - 2023-12-05 14:27:34,626 - angr.sim_manager - Stepping active of <SimulationManager with 1 active>[0m
[1;32;40mINFO - 2023-12-05 14:27:34,626 - angr.sim_manager - Stepping active of <SimulationManager with 1 active>[0m
[1;32;40mINFO - 2023-12-05 14:27:34,630 - angr.engines.engine - Ticked state: <IRSB from 0x805ee8a: 1 sat>[0m
[1;32;40mINFO - 2023-12-05 14:27:34,630 - angr.engines.engine - Ticked state: <IRSB from 0x805ee8a: 1 sat>[0m
[1;32;40mINFO - 2023-12-05 14:27:34,630 - angr.engines.engine - Ticked state: <IRSB from 0x805ee8a: 1 sat>[0m
[1;32;40mINFO - 2023-12-05 14:27:34,630 - angr.sim_manager - Stepping active of <SimulationManager with 1 active>[0m
[1;32;40mINFO - 2023-12-05 14:27:34,630 - angr.sim_manager - Stepping active of <SimulationManager with 1 active>[0m
[1;32;40mINFO - 2023-12-05 14:27:34,638 - angr.engines.engine - Ticked state: <IRSB from 0x80ac679: 1 sat 1 unsat>[0m
[1;32;40mINFO - 2023-12-05 14:27:34,638 - angr.engines.engine - Ticked state: <IRSB from 0x80ac679: 1 sat 1 unsat>[0m
[1;32;40mINFO - 2023-12-05 14:27:34,638 - angr.engines.engine - Ticked state: <IRSB from 0x80ac679: 1 sat 1 unsat>[0m
[1;32;40mINFO - 2023-12-05 14:27:34,638 - angr.sim_manager - Stepping active of <SimulationManager with 1 active>[0m
[1;32;40mINFO - 2023-12-05 14:27:34,638 - angr.sim_manager - Stepping active of <SimulationManager with 1 active>[0m
[1;32;40mINFO - 2023-12-05 14:27:34,642 - angr.engines.engine - Ticked state: <IRSB from 0x80ac6a4: 1 sat>[0m
[1;32;40mINFO - 2023-12-05 14:27:34,642 - angr.engines.engine - Ticked state: <IRSB from 0x80ac6a4: 1 sat>[0m
[1;32;40mINFO - 2023-12-05 14:27:34,642 - angr.engines.engine - Ticked state: <IRSB from 0x80ac6a4: 1 sat>[0m
[1;32;40mINFO - 2023-12-05 14:27:34,642 - angr.sim_manager - Stepping active of <SimulationManager with 1 active>[0m
[1;32;40mINFO - 2023-12-05 14:27:34,642 - angr.sim_manager - Stepping active of <SimulationManager with 1 active>[0m
[1;32;40mINFO - 2023-12-05 14:27:34,643 - angr.procedures.stubs.CallReturn - A factory.call_state-created path returned![0m
[1;32;40mINFO - 2023-12-05 14:27:34,643 - angr.procedures.stubs.CallReturn - A factory.call_state-created path returned![0m
[1;32;40mINFO - 2023-12-05 14:27:34,643 - angr.procedures.stubs.CallReturn - A factory.call_state-created path returned![0m
[1;32;40mINFO - 2023-12-05 14:27:34,643 - angr.procedures.stubs.CallReturn - A factory.call_state-created path returned![0m
[1;32;40mINFO - 2023-12-05 14:27:34,644 - angr.engines.engine - Ticked state: <SimProcedure CallReturn from 0x8200038: empty>[0m
[1;32;40mINFO - 2023-12-05 14:27:34,644 - angr.engines.engine - Ticked state: <SimProcedure CallReturn from 0x8200038: empty>[0m
[1;32;40mINFO - 2023-12-05 14:27:34,644 - angr.engines.engine - Ticked state: <SimProcedure CallReturn from 0x8200038: empty>[0m
[1;32;40mINFO - 2023-12-05 14:27:34,655 - angr.sim_manager - Stepping active of <SimulationManager with 1 active>[0m
[1;32;40mINFO - 2023-12-05 14:27:34,655 - angr.sim_manager - Stepping active of <SimulationManager with 1 active>[0m
[1;32;40mINFO - 2023-12-05 14:27:34,659 - angr.engines.engine - Ticked state: <IRSB from 0x80b1670: 1 sat>[0m
[1;32;40mINFO - 2023-12-05 14:27:34,659 - angr.engines.engine - Ticked state: <IRSB from 0x80b1670: 1 sat>[0m
[1;32;40mINFO - 2023-12-05 14:27:34,659 - angr.engines.engine - Ticked state: <IRSB from 0x80b1670: 1 sat>[0m
[1;32;40mINFO - 2023-12-05 14:27:34,660 - angr.sim_manager - Stepping active of <SimulationManager with 1 active>[0m
[1;32;40mINFO - 2023-12-05 14:27:34,660 - angr.sim_manager - Stepping active of <SimulationManager with 1 active>[0m
[1;32;40mINFO - 2023-12-05 14:27:34,664 - angr.engines.engine - Ticked state: <IRSB from 0x805ee8a: 1 sat>[0m
[1;32;40mINFO - 2023-12-05 14:27:34,664 - angr.engines.engine - Ticked state: <IRSB from 0x805ee8a: 1 sat>[0m
[1;32;40mINFO - 2023-12-05 14:27:34,664 - angr.engines.engine - Ticked state: <IRSB from 0x805ee8a: 1 sat>[0m
[1;32;40mINFO - 2023-12-05 14:27:34,664 - angr.sim_manager - Stepping active of <SimulationManager with 1 active>[0m
[1;32;40mINFO - 2023-12-05 14:27:34,664 - angr.sim_manager - Stepping active of <SimulationManager with 1 active>[0m
[1;32;40mINFO - 2023-12-05 14:27:34,674 - angr.engines.engine - Ticked state: <IRSB from 0x80b1679: 1 sat>[0m
[1;32;40mINFO - 2023-12-05 14:27:34,674 - angr.engines.engine - Ticked state: <IRSB from 0x80b1679: 1 sat>[0m
[1;32;40mINFO - 2023-12-05 14:27:34,674 - angr.engines.engine - Ticked state: <IRSB from 0x80b1679: 1 sat>[0m
[1;32;40mINFO - 2023-12-05 14:27:34,674 - angr.sim_manager - Stepping active of <SimulationManager with 1 active>[0m
[1;32;40mINFO - 2023-12-05 14:27:34,674 - angr.sim_manager - Stepping active of <SimulationManager with 1 active>[0m
[1;32;40mINFO - 2023-12-05 14:27:34,676 - angr.procedures.stubs.CallReturn - A factory.call_state-created path returned![0m
[1;32;40mINFO - 2023-12-05 14:27:34,676 - angr.procedures.stubs.CallReturn - A factory.call_state-created path returned![0m
[1;32;40mINFO - 2023-12-05 14:27:34,676 - angr.procedures.stubs.CallReturn - A factory.call_state-created path returned![0m
[1;32;40mINFO - 2023-12-05 14:27:34,676 - angr.procedures.stubs.CallReturn - A factory.call_state-created path returned![0m
[1;32;40mINFO - 2023-12-05 14:27:34,676 - angr.engines.engine - Ticked state: <SimProcedure CallReturn from 0x8200038: empty>[0m
[1;32;40mINFO - 2023-12-05 14:27:34,676 - angr.engines.engine - Ticked state: <SimProcedure CallReturn from 0x8200038: empty>[0m
[1;32;40mINFO - 2023-12-05 14:27:34,676 - angr.engines.engine - Ticked state: <SimProcedure CallReturn from 0x8200038: empty>[0m
[1;32;40mINFO - 2023-12-05 14:27:34,689 - angr.sim_manager - Stepping active of <SimulationManager with 1 active>[0m
[1;32;40mINFO - 2023-12-05 14:27:34,689 - angr.sim_manager - Stepping active of <SimulationManager with 1 active>[0m
[1;32;40mINFO - 2023-12-05 14:27:34,693 - angr.engines.engine - Ticked state: <IRSB from 0x806e520: 1 sat>[0m
[1;32;40mINFO - 2023-12-05 14:27:34,693 - angr.engines.engine - Ticked state: <IRSB from 0x806e520: 1 sat>[0m
[1;32;40mINFO - 2023-12-05 14:27:34,693 - angr.engines.engine - Ticked state: <IRSB from 0x806e520: 1 sat>[0m
[1;32;40mINFO - 2023-12-05 14:27:34,693 - angr.sim_manager - Stepping active of <SimulationManager with 1 active>[0m
[1;32;40mINFO - 2023-12-05 14:27:34,693 - angr.sim_manager - Stepping active of <SimulationManager with 1 active>[0m
[1;32;40mINFO - 2023-12-05 14:27:34,698 - angr.engines.engine - Ticked state: <IRSB from 0x805ee8a: 1 sat>[0m
[1;32;40mINFO - 2023-12-05 14:27:34,698 - angr.engines.engine - Ticked state: <IRSB from 0x805ee8a: 1 sat>[0m
[1;32;40mINFO - 2023-12-05 14:27:34,698 - angr.engines.engine - Ticked state: <IRSB from 0x805ee8a: 1 sat>[0m
[1;32;40mINFO - 2023-12-05 14:27:34,698 - angr.sim_manager - Stepping active of <SimulationManager with 1 active>[0m
[1;32;40mINFO - 2023-12-05 14:27:34,698 - angr.sim_manager - Stepping active of <SimulationManager with 1 active>[0m
[1;32;40mINFO - 2023-12-05 14:27:34,706 - angr.engines.engine - Ticked state: <IRSB from 0x806e529: 1 sat 1 unsat>[0m
[1;32;40mINFO - 2023-12-05 14:27:34,706 - angr.engines.engine - Ticked state: <IRSB from 0x806e529: 1 sat 1 unsat>[0m
[1;32;40mINFO - 2023-12-05 14:27:34,706 - angr.engines.engine - Ticked state: <IRSB from 0x806e529: 1 sat 1 unsat>[0m
[1;32;40mINFO - 2023-12-05 14:27:34,706 - angr.sim_manager - Stepping active of <SimulationManager with 1 active>[0m
[1;32;40mINFO - 2023-12-05 14:27:34,706 - angr.sim_manager - Stepping active of <SimulationManager with 1 active>[0m
[1;32;40mINFO - 2023-12-05 14:27:34,709 - angr.engines.engine - Ticked state: <IRSB from 0x806e554: 1 sat>[0m
[1;32;40mINFO - 2023-12-05 14:27:34,709 - angr.engines.engine - Ticked state: <IRSB from 0x806e554: 1 sat>[0m
[1;32;40mINFO - 2023-12-05 14:27:34,709 - angr.engines.engine - Ticked state: <IRSB from 0x806e554: 1 sat>[0m
[1;32;40mINFO - 2023-12-05 14:27:34,710 - angr.sim_manager - Stepping active of <SimulationManager with 1 active>[0m
[1;32;40mINFO - 2023-12-05 14:27:34,710 - angr.sim_manager - Stepping active of <SimulationManager with 1 active>[0m
[1;32;40mINFO - 2023-12-05 14:27:34,711 - angr.procedures.stubs.CallReturn - A factory.call_state-created path returned![0m
[1;32;40mINFO - 2023-12-05 14:27:34,711 - angr.procedures.stubs.CallReturn - A factory.call_state-created path returned![0m
[1;32;40mINFO - 2023-12-05 14:27:34,711 - angr.procedures.stubs.CallReturn - A factory.call_state-created path returned![0m
[1;32;40mINFO - 2023-12-05 14:27:34,711 - angr.procedures.stubs.CallReturn - A factory.call_state-created path returned![0m
[1;32;40mINFO - 2023-12-05 14:27:34,711 - angr.engines.engine - Ticked state: <SimProcedure CallReturn from 0x8200038: empty>[0m
[1;32;40mINFO - 2023-12-05 14:27:34,711 - angr.engines.engine - Ticked state: <SimProcedure CallReturn from 0x8200038: empty>[0m
[1;32;40mINFO - 2023-12-05 14:27:34,711 - angr.engines.engine - Ticked state: <SimProcedure CallReturn from 0x8200038: empty>[0m
[1;32;40mINFO - 2023-12-05 14:27:34,722 - angr.sim_manager - Stepping active of <SimulationManager with 1 active>[0m
[1;32;40mINFO - 2023-12-05 14:27:34,722 - angr.sim_manager - Stepping active of <SimulationManager with 1 active>[0m
[1;32;40mINFO - 2023-12-05 14:27:34,726 - angr.engines.engine - Ticked state: <IRSB from 0x806dc20: 1 sat>[0m
[1;32;40mINFO - 2023-12-05 14:27:34,726 - angr.engines.engine - Ticked state: <IRSB from 0x806dc20: 1 sat>[0m
[1;32;40mINFO - 2023-12-05 14:27:34,726 - angr.engines.engine - Ticked state: <IRSB from 0x806dc20: 1 sat>[0m
[1;32;40mINFO - 2023-12-05 14:27:34,727 - angr.sim_manager - Stepping active of <SimulationManager with 1 active>[0m
[1;32;40mINFO - 2023-12-05 14:27:34,727 - angr.sim_manager - Stepping active of <SimulationManager with 1 active>[0m
[1;32;40mINFO - 2023-12-05 14:27:34,731 - angr.engines.engine - Ticked state: <IRSB from 0x805ee8a: 1 sat>[0m
[1;32;40mINFO - 2023-12-05 14:27:34,731 - angr.engines.engine - Ticked state: <IRSB from 0x805ee8a: 1 sat>[0m
[1;32;40mINFO - 2023-12-05 14:27:34,731 - angr.engines.engine - Ticked state: <IRSB from 0x805ee8a: 1 sat>[0m
[1;32;40mINFO - 2023-12-05 14:27:34,731 - angr.sim_manager - Stepping active of <SimulationManager with 1 active>[0m
[1;32;40mINFO - 2023-12-05 14:27:34,731 - angr.sim_manager - Stepping active of <SimulationManager with 1 active>[0m
[1;32;40mINFO - 2023-12-05 14:27:34,741 - angr.engines.engine - Ticked state: <IRSB from 0x806dc29: 1 sat>[0m
[1;32;40mINFO - 2023-12-05 14:27:34,741 - angr.engines.engine - Ticked state: <IRSB from 0x806dc29: 1 sat>[0m
[1;32;40mINFO - 2023-12-05 14:27:34,741 - angr.engines.engine - Ticked state: <IRSB from 0x806dc29: 1 sat>[0m
[1;32;40mINFO - 2023-12-05 14:27:34,741 - angr.sim_manager - Stepping active of <SimulationManager with 1 active>[0m
[1;32;40mINFO - 2023-12-05 14:27:34,741 - angr.sim_manager - Stepping active of <SimulationManager with 1 active>[0m
[1;32;40mINFO - 2023-12-05 14:27:34,742 - angr.procedures.stubs.CallReturn - A factory.call_state-created path returned![0m
[1;32;40mINFO - 2023-12-05 14:27:34,742 - angr.procedures.stubs.CallReturn - A factory.call_state-created path returned![0m
[1;32;40mINFO - 2023-12-05 14:27:34,742 - angr.procedures.stubs.CallReturn - A factory.call_state-created path returned![0m
[1;32;40mINFO - 2023-12-05 14:27:34,742 - angr.procedures.stubs.CallReturn - A factory.call_state-created path returned![0m
[1;32;40mINFO - 2023-12-05 14:27:34,743 - angr.engines.engine - Ticked state: <SimProcedure CallReturn from 0x8200038: empty>[0m
[1;32;40mINFO - 2023-12-05 14:27:34,743 - angr.engines.engine - Ticked state: <SimProcedure CallReturn from 0x8200038: empty>[0m
[1;32;40mINFO - 2023-12-05 14:27:34,743 - angr.engines.engine - Ticked state: <SimProcedure CallReturn from 0x8200038: empty>[0m
[1;32;40mINFO - 2023-12-05 14:27:34,754 - angr.sim_manager - Stepping active of <SimulationManager with 1 active>[0m
[1;32;40mINFO - 2023-12-05 14:27:34,754 - angr.sim_manager - Stepping active of <SimulationManager with 1 active>[0m
[1;32;40mINFO - 2023-12-05 14:27:34,759 - angr.engines.engine - Ticked state: <IRSB from 0x806d9b0: 1 sat>[0m
[1;32;40mINFO - 2023-12-05 14:27:34,759 - angr.engines.engine - Ticked state: <IRSB from 0x806d9b0: 1 sat>[0m
[1;32;40mINFO - 2023-12-05 14:27:34,759 - angr.engines.engine - Ticked state: <IRSB from 0x806d9b0: 1 sat>[0m
[1;32;40mINFO - 2023-12-05 14:27:34,759 - angr.sim_manager - Stepping active of <SimulationManager with 1 active>[0m
[1;32;40mINFO - 2023-12-05 14:27:34,759 - angr.sim_manager - Stepping active of <SimulationManager with 1 active>[0m
[1;32;40mINFO - 2023-12-05 14:27:34,764 - angr.engines.engine - Ticked state: <IRSB from 0x805ee8a: 1 sat>[0m
[1;32;40mINFO - 2023-12-05 14:27:34,764 - angr.engines.engine - Ticked state: <IRSB from 0x805ee8a: 1 sat>[0m
[1;32;40mINFO - 2023-12-05 14:27:34,764 - angr.engines.engine - Ticked state: <IRSB from 0x805ee8a: 1 sat>[0m
[1;32;40mINFO - 2023-12-05 14:27:34,764 - angr.sim_manager - Stepping active of <SimulationManager with 1 active>[0m
[1;32;40mINFO - 2023-12-05 14:27:34,764 - angr.sim_manager - Stepping active of <SimulationManager with 1 active>[0m
[1;32;40mINFO - 2023-12-05 14:27:34,772 - angr.engines.engine - Ticked state: <IRSB from 0x806d9b9: 1 sat 1 unsat>[0m
[1;32;40mINFO - 2023-12-05 14:27:34,772 - angr.engines.engine - Ticked state: <IRSB from 0x806d9b9: 1 sat 1 unsat>[0m
[1;32;40mINFO - 2023-12-05 14:27:34,772 - angr.engines.engine - Ticked state: <IRSB from 0x806d9b9: 1 sat 1 unsat>[0m
[1;32;40mINFO - 2023-12-05 14:27:34,772 - angr.sim_manager - Stepping active of <SimulationManager with 1 active>[0m
[1;32;40mINFO - 2023-12-05 14:27:34,772 - angr.sim_manager - Stepping active of <SimulationManager with 1 active>[0m
[1;32;40mINFO - 2023-12-05 14:27:34,781 - angr.engines.engine - Ticked state: <IRSB from 0x806d9d7: 1 sat>[0m
[1;32;40mINFO - 2023-12-05 14:27:34,781 - angr.engines.engine - Ticked state: <IRSB from 0x806d9d7: 1 sat>[0m
[1;32;40mINFO - 2023-12-05 14:27:34,781 - angr.engines.engine - Ticked state: <IRSB from 0x806d9d7: 1 sat>[0m
[1;32;40mINFO - 2023-12-05 14:27:34,782 - angr.sim_manager - Stepping active of <SimulationManager with 1 active>[0m
[1;32;40mINFO - 2023-12-05 14:27:34,782 - angr.sim_manager - Stepping active of <SimulationManager with 1 active>[0m
[1;32;40mINFO - 2023-12-05 14:27:34,783 - angr.procedures.stubs.CallReturn - A factory.call_state-created path returned![0m
[1;32;40mINFO - 2023-12-05 14:27:34,783 - angr.procedures.stubs.CallReturn - A factory.call_state-created path returned![0m
[1;32;40mINFO - 2023-12-05 14:27:34,783 - angr.procedures.stubs.CallReturn - A factory.call_state-created path returned![0m
[1;32;40mINFO - 2023-12-05 14:27:34,783 - angr.procedures.stubs.CallReturn - A factory.call_state-created path returned![0m
[1;32;40mINFO - 2023-12-05 14:27:34,784 - angr.engines.engine - Ticked state: <SimProcedure CallReturn from 0x8200038: empty>[0m
[1;32;40mINFO - 2023-12-05 14:27:34,784 - angr.engines.engine - Ticked state: <SimProcedure CallReturn from 0x8200038: empty>[0m
[1;32;40mINFO - 2023-12-05 14:27:34,784 - angr.engines.engine - Ticked state: <SimProcedure CallReturn from 0x8200038: empty>[0m
[1;32;40mINFO - 2023-12-05 14:27:37,934 - pyvex.lifting.libvex - unhandled opc_aux = 0x 1
first_opcode == 0xD9
[0m
[1;32;40mINFO - 2023-12-05 14:27:37,934 - pyvex.lifting.libvex - unhandled opc_aux = 0x 1
first_opcode == 0xD9
[0m
[1;32;40mINFO - 2023-12-05 14:27:37,934 - pyvex.lifting.libvex - unhandled opc_aux = 0x 1
first_opcode == 0xD9
[0m
[1;32;40mINFO - 2023-12-05 14:27:37,934 - pyvex.lifting.libvex - unhandled opc_aux = 0x 1
first_opcode == 0xD9
[0m
[1;32;40mINFO - 2023-12-05 14:27:37,934 - pyvex.lifting.libvex - unhandled opc_aux = 0x 1
first_opcode == 0xD9
[0m
[1;32;40mINFO - 2023-12-05 14:27:37,934 - pyvex.lifting.libvex - unhandled opc_aux = 0x 1
first_opcode == 0xD9
[0m
[1;32;40mINFO - 2023-12-05 14:27:37,935 - pyvex.lifting.libvex - unhandled opc_aux = 0x 1
first_opcode == 0xD9
[0m
[1;32;40mINFO - 2023-12-05 14:27:37,935 - pyvex.lifting.libvex - unhandled opc_aux = 0x 1
first_opcode == 0xD9
[0m
[1;32;40mINFO - 2023-12-05 14:27:37,935 - pyvex.lifting.libvex - unhandled opc_aux = 0x 1
first_opcode == 0xD9
[0m
[1;32;40mINFO - 2023-12-05 14:27:37,940 - pyvex.lifting.libvex - unhandled opc_aux = 0x 1
first_opcode == 0xD9
[0m
[1;32;40mINFO - 2023-12-05 14:27:37,940 - pyvex.lifting.libvex - unhandled opc_aux = 0x 1
first_opcode == 0xD9
[0m
[1;32;40mINFO - 2023-12-05 14:27:37,940 - pyvex.lifting.libvex - unhandled opc_aux = 0x 1
first_opcode == 0xD9
[0m
[1;32;40mINFO - 2023-12-05 14:27:37,941 - pyvex.lifting.libvex - unhandled opc_aux = 0x 1
first_opcode == 0xD9
[0m
[1;32;40mINFO - 2023-12-05 14:27:37,941 - pyvex.lifting.libvex - unhandled opc_aux = 0x 1
first_opcode == 0xD9
[0m
[1;32;40mINFO - 2023-12-05 14:27:37,941 - pyvex.lifting.libvex - unhandled opc_aux = 0x 1
first_opcode == 0xD9
[0m
[1;32;40mINFO - 2023-12-05 14:27:37,941 - pyvex.lifting.libvex - unhandled opc_aux = 0x 1
first_opcode == 0xD9
[0m
[1;32;40mINFO - 2023-12-05 14:27:37,941 - pyvex.lifting.libvex - unhandled opc_aux = 0x 1
first_opcode == 0xD9
[0m
[1;32;40mINFO - 2023-12-05 14:27:37,941 - pyvex.lifting.libvex - unhandled opc_aux = 0x 1
first_opcode == 0xD9
[0m
