[1;33;40mWARNING - 2023-01-04 15:36:11,482 - [34mangr.project[0m - [34mDisabling IRSB translation cache because support for self-modifying code is enabled.[0m[0m
[1;32;40mINFO - 2023-01-04 15:36:13,070 - [33mwerkzeug[0m - [33m172.17.0.1 - - [04/Jan/2023 15:36:13] "GET /iteration-scdg HTTP/1.1" 200 -[0m[0m
[1;32;40mINFO - 2023-01-04 15:36:13,081 - [33mwerkzeug[0m - [33m172.17.0.1 - - [04/Jan/2023 15:36:13] "GET /iteration-scdg HTTP/1.1" 200 -[0m[0m
[1;32;40mINFO - 2023-01-04 15:36:13,093 - [33mwerkzeug[0m - [33m172.17.0.1 - - [04/Jan/2023 15:36:13] "GET /progress-scdg HTTP/1.1" 200 -[0m[0m
[1;32;40mINFO - 2023-01-04 15:36:13,109 - [33mwerkzeug[0m - [33m172.17.0.1 - - [04/Jan/2023 15:36:13] "GET /progress-scdg HTTP/1.1" 200 -[0m[0m
[1;32;40mINFO - 2023-01-04 15:36:14,239 - [33mwerkzeug[0m - [33m172.17.0.1 - - [04/Jan/2023 15:36:14] "GET /iteration-scdg HTTP/1.1" 200 -[0m[0m
[1;32;40mINFO - 2023-01-04 15:36:14,255 - [33mwerkzeug[0m - [33m172.17.0.1 - - [04/Jan/2023 15:36:14] "GET /progress-scdg HTTP/1.1" 200 -[0m[0m
[1;32;40mINFO - 2023-01-04 15:36:15,027 - [36mCustomSimProcedure[0m - {'ReleaseMutex': 5242880, 'Sleep': 5242884, 'lstrcpyA': 5242888, 'CreateProcessA': 5242892, 'TerminateProcess': 5242896, 'ExitThread': 5242900, 'GetStartupInfoA': 5242904, 'GetModuleHandleA': 5242908, 'WaitForSingleObject': 5242912, 'GetModuleFileNameA': 5242916, 'CreateFileA': 5242920, 'SetFilePointer': 5242924, 'WriteFile': 5242928, 'lstrcpynA': 5242932, 'lstrlenA': 5242936, 'OpenMutexA': 5242940, 'GetComputerNameA': 5242944, 'ExitProcess': 5242948, 'GetCurrentProcess': 5242952, 'GetCurrentThread': 5242956, 'CloseHandle': 5242960, 'CreateThread': 5242964, 'LoadLibraryA': 5242968, 'GetProcAddress': 5242972, 'GetSystemDefaultUILanguage': 5242976, 'GetTickCount': 5242980, 'GetAdaptersInfo': 5242984, 'GetIfTable': 5242988, "ordinal.823.b'mfc42.dll'": 5242992, "ordinal.825.b'mfc42.dll'": 5242996, '_controlfp': 5243000, '__set_app_type': 5243004, '__p__fmode': 5243008, '__p__commode': 5243012, '_adjust_fdiv': 5243016, '__setusermatherr': 5243020, '_initterm': 5243024, '__getmainargs': 5243028, '_acmdln': 5243032, 'exit': 5243036, '_XcptFilter': 5243040, '_exit': 5243044, '_except_handler3': 5243048, 'strstr': 5243052, 'strcspn': 5243056, 'strncpy': 5243060, 'atoi': 5243064, 'time': 5243068, 'srand': 5243072, 'rand': 5243076, 'realloc': 5243080, 'free': 5243084, 'malloc': 5243088, 'sprintf': 5243092, 'ShellExecuteA': 5243096, 'ShellExecuteExA': 5243100, 'SHChangeNotify': 5243104, 'SHDeleteKeyA': 5243108, 'wsprintfA': 5243112, 'setsockopt': 5243116, 'recv': 5243120, '__WSAFDIsSet': 5243124, 'select': 5243128, 'send': 5243132, 'WSAIoctl': 5243136, 'WSAStartup': 5243140, 'htons': 5243144, 'inet_ntoa': 5243148, 'htonl': 5243152, 'socket': 5243156, 'connect': 5243160, 'closesocket': 5243164, 'inet_addr': 5243168, 'sendto': 5243172, 'WSACleanup': 5243176, 'KiUserExceptionDispatcher': 6295572, '_fmode': 6295576, '_commode': 6295580, '_wcmdln': 6295584}[0m
[1;32;40mINFO - 2023-01-04 15:36:15,029 - [36mCustomSimProcedure[0m - [36mWas in angr :msvcrt.dll[0m[0m
[1;32;40mINFO - 2023-01-04 15:36:15,075 - [36mCustomSimProcedure[0m - [36mWas in angr :kernel32.dll[0m[0m
[1;33;40mWARNING - 2023-01-04 15:36:15,202 - [34mangr.project[0m - [34mAddress is already hooked, during hook(0x5000e4, <SimProcedure SHDeleteKeyA>). Not re-hooking.[0m[0m
[1;33;40mWARNING - 2023-01-04 15:36:15,233 - [34mangr.project[0m - [34mAddress is already hooked, during hook(0x5000dc, <SimProcedure ShellExecuteExA>). Not re-hooking.[0m[0m
[1;33;40mWARNING - 2023-01-04 15:36:15,233 - [34mangr.project[0m - [34mAddress is already hooked, during hook(0x5000d8, <SimProcedure ShellExecuteA>). Not re-hooking.[0m[0m
[1;33;40mWARNING - 2023-01-04 15:36:15,234 - [34mangr.project[0m - [34mAddress is already hooked, during hook(0x5000e0, <SimProcedure SHChangeNotify>). Not re-hooking.[0m[0m
[1;33;40mWARNING - 2023-01-04 15:36:15,243 - [34mangr.project[0m - [34mAddress is already hooked, during hook(0x5000fc, <SimProcedure send>). Not re-hooking.[0m[0m
[1;33;40mWARNING - 2023-01-04 15:36:15,244 - [34mangr.project[0m - [34mAddress is already hooked, during hook(0x500120, <SimProcedure inet_addr>). Not re-hooking.[0m[0m
[1;33;40mWARNING - 2023-01-04 15:36:15,244 - [34mangr.project[0m - [34mAddress is already hooked, during hook(0x5000f4, <SimProcedure __WSAFDIsSet>). Not re-hooking.[0m[0m
[1;33;40mWARNING - 2023-01-04 15:36:15,244 - [34mangr.project[0m - [34mAddress is already hooked, during hook(0x5000ec, <SimProcedure setsockopt>). Not re-hooking.[0m[0m
[1;33;40mWARNING - 2023-01-04 15:36:15,244 - [34mangr.project[0m - [34mAddress is already hooked, during hook(0x500104, <SimProcedure WSAStartup>). Not re-hooking.[0m[0m
[1;33;40mWARNING - 2023-01-04 15:36:15,245 - [34mangr.project[0m - [34mAddress is already hooked, during hook(0x50011c, <SimProcedure closesocket>). Not re-hooking.[0m[0m
[1;33;40mWARNING - 2023-01-04 15:36:15,245 - [34mangr.project[0m - [34mAddress is already hooked, during hook(0x500110, <SimProcedure htonl>). Not re-hooking.[0m[0m
[1;33;40mWARNING - 2023-01-04 15:36:15,245 - [34mangr.project[0m - [34mAddress is already hooked, during hook(0x500108, <SimProcedure htons>). Not re-hooking.[0m[0m
[1;33;40mWARNING - 2023-01-04 15:36:15,245 - [34mangr.project[0m - [34mAddress is already hooked, during hook(0x500128, <SimProcedure WSACleanup>). Not re-hooking.[0m[0m
[1;32;40mINFO - 2023-01-04 15:36:15,249 - [36mCustomSimProcedure[0m - [36mWas in angr :user32.dll[0m[0m
[1;33;40mWARNING - 2023-01-04 15:36:15,252 - [36mCustomSimProcedure[0m - [36mProcedure wsprintfA in DLL user32.dll has 3 arguments in json and 2 arguments in angr prototype. Taking number of arguments from json.[0m[0m
[1;33;40mWARNING - 2023-01-04 15:36:15,252 - [36mCustomSimProcedure[0m - [36mProcedure wsprintfW in DLL user32.dll has 3 arguments in json and 2 arguments in angr prototype. Taking number of arguments from json.[0m[0m
[1;33;40mWARNING - 2023-01-04 15:36:15,689 - [34mangr.project[0m - [34mAddress is already hooked, during hook(0x5000bc, <SimProcedure time>). Not re-hooking.[0m[0m
[1;33;40mWARNING - 2023-01-04 15:36:15,690 - [34mangr.project[0m - [34mAddress is already hooked, during hook(0x601014, <SimProcedure KiUserExceptionDispatcher>). Not re-hooking.[0m[0m
[1;32;40mINFO - 2023-01-04 15:36:15,690 - [36mCustomSimProcedure[0m - [36mNo hooks for: {'GetIfTable': 5242988, "ordinal.823.b'mfc42.dll'": 5242992, "ordinal.825.b'mfc42.dll'": 5242996, '_controlfp': 5243000, '__set_app_type': 5243004, '_adjust_fdiv': 5243016, '__setusermatherr': 5243020, '_initterm': 5243024, '__getmainargs': 5243028, '_acmdln': 5243032, '_XcptFilter': 5243040, '_except_handler3': 5243048, 'WSAIoctl': 5243136, '_fmode': 6295576, '_commode': 6295580, '_wcmdln': 6295584}[0m[0m
[1;32;40mINFO - 2023-01-04 15:36:15,690 - [36mCustomSimProcedure[0m - [36mcustom_hook_static[0m[0m
[1;33;40mWARNING - 2023-01-04 15:36:15,690 - [34mangr.project[0m - [34mAddress 0x400000 not hooked[0m[0m
[1;33;40mWARNING - 2023-01-04 15:36:15,690 - [34mangr.project[0m - [34mAddress is already hooked, during hook(0x400000, <SimProcedure WriteFile>). Not re-hooking.[0m[0m
[1;33;40mWARNING - 2023-01-04 15:36:15,690 - [34mangr.project[0m - [34mAddress is already hooked, during hook(0x400000, <SimProcedure ExitProcess>). Not re-hooking.[0m[0m
[1;33;40mWARNING - 2023-01-04 15:36:15,690 - [34mangr.project[0m - [34mAddress is already hooked, during hook(0x400000, <SimProcedure GetTickCount>). Not re-hooking.[0m[0m
[1;32;40mINFO - 2023-01-04 15:36:15,691 - [36mCustomSimProcedure[0m - [36mmfc42.dll[0m[0m
[1;32;40mINFO - 2023-01-04 15:36:15,691 - [36mCustomSimProcedure[0m - [36m823[0m[0m
[1;32;40mINFO - 2023-01-04 15:36:15,691 - [36mCustomSimProcedure[0m - [36mmfc42.dll[0m[0m
[1;32;40mINFO - 2023-01-04 15:36:15,691 - [36mCustomSimProcedure[0m - [36m825[0m[0m
[1;33;40mWARNING - 2023-01-04 15:36:15,691 - [34mangr.project[0m - [34mAddress is already hooked, during hook(0x400000, <SimProcedure __p__fmode>). Not re-hooking.[0m[0m
[1;33;40mWARNING - 2023-01-04 15:36:15,691 - [34mangr.project[0m - [34mAddress is already hooked, during hook(0x400000, <SimProcedure __p__commode>). Not re-hooking.[0m[0m
[1;33;40mWARNING - 2023-01-04 15:36:15,691 - [34mangr.project[0m - [34mAddress is already hooked, during hook(0x400000, <SimProcedure _initterm>). Not re-hooking.[0m[0m
[1;33;40mWARNING - 2023-01-04 15:36:15,691 - [34mangr.project[0m - [34mAddress is already hooked, during hook(0x400000, <SimProcedure __getmainargs>). Not re-hooking.[0m[0m
[1;33;40mWARNING - 2023-01-04 15:36:15,692 - [34mangr.project[0m - [34mAddress is already hooked, during hook(0x400000, <SimProcedure exit>). Not re-hooking.[0m[0m
[1;33;40mWARNING - 2023-01-04 15:36:15,692 - [34mangr.project[0m - [34mAddress is already hooked, during hook(0x400000, <SimProcedure strstr>). Not re-hooking.[0m[0m
[1;33;40mWARNING - 2023-01-04 15:36:15,692 - [34mangr.project[0m - [34mAddress is already hooked, during hook(0x400000, <SimProcedure strncpy>). Not re-hooking.[0m[0m
[1;33;40mWARNING - 2023-01-04 15:36:15,692 - [34mangr.project[0m - [34mAddress is already hooked, during hook(0x400000, <SimProcedure atoi>). Not re-hooking.[0m[0m
[1;33;40mWARNING - 2023-01-04 15:36:15,692 - [34mangr.project[0m - [34mAddress is already hooked, during hook(0x400000, <SimProcedure time>). Not re-hooking.[0m[0m
[1;33;40mWARNING - 2023-01-04 15:36:15,692 - [34mangr.project[0m - [34mAddress is already hooked, during hook(0x400000, <SimProcedure srand>). Not re-hooking.[0m[0m
[1;33;40mWARNING - 2023-01-04 15:36:15,692 - [34mangr.project[0m - [34mAddress is already hooked, during hook(0x400000, <SimProcedure rand>). Not re-hooking.[0m[0m
[1;33;40mWARNING - 2023-01-04 15:36:15,693 - [34mangr.project[0m - [34mAddress is already hooked, during hook(0x400000, <SimProcedure realloc>). Not re-hooking.[0m[0m
[1;33;40mWARNING - 2023-01-04 15:36:15,693 - [34mangr.project[0m - [34mAddress is already hooked, during hook(0x400000, <SimProcedure free>). Not re-hooking.[0m[0m
[1;33;40mWARNING - 2023-01-04 15:36:15,693 - [34mangr.project[0m - [34mAddress is already hooked, during hook(0x400000, <SimProcedure malloc>). Not re-hooking.[0m[0m
[1;33;40mWARNING - 2023-01-04 15:36:15,693 - [34mangr.project[0m - [34mAddress is already hooked, during hook(0x400000, <SimProcedure sprintf>). Not re-hooking.[0m[0m
[1;33;40mWARNING - 2023-01-04 15:36:15,693 - [34mangr.project[0m - [34mAddress is already hooked, during hook(0x400000, <SimProcedure setsockopt>). Not re-hooking.[0m[0m
[1;33;40mWARNING - 2023-01-04 15:36:15,693 - [34mangr.project[0m - [34mAddress is already hooked, during hook(0x400000, <SimProcedure recv>). Not re-hooking.[0m[0m
[1;33;40mWARNING - 2023-01-04 15:36:15,697 - [34mangr.project[0m - [34mAddress is already hooked, during hook(0x400000, <SimProcedure select>). Not re-hooking.[0m[0m
[1;33;40mWARNING - 2023-01-04 15:36:15,697 - [34mangr.project[0m - [34mAddress is already hooked, during hook(0x400000, <SimProcedure send>). Not re-hooking.[0m[0m
[1;33;40mWARNING - 2023-01-04 15:36:15,698 - [34mangr.project[0m - [34mAddress is already hooked, during hook(0x400000, <SimProcedure htons>). Not re-hooking.[0m[0m
[1;33;40mWARNING - 2023-01-04 15:36:15,698 - [34mangr.project[0m - [34mAddress is already hooked, during hook(0x400000, <SimProcedure inet_ntoa>). Not re-hooking.[0m[0m
[1;33;40mWARNING - 2023-01-04 15:36:15,698 - [34mangr.project[0m - [34mAddress is already hooked, during hook(0x400000, <SimProcedure htonl>). Not re-hooking.[0m[0m
[1;33;40mWARNING - 2023-01-04 15:36:15,698 - [34mangr.project[0m - [34mAddress is already hooked, during hook(0x400000, <SimProcedure socket>). Not re-hooking.[0m[0m
[1;33;40mWARNING - 2023-01-04 15:36:15,698 - [34mangr.project[0m - [34mAddress is already hooked, during hook(0x500030, <SimProcedure WriteFile>). Not re-hooking.[0m[0m
[1;33;40mWARNING - 2023-01-04 15:36:15,698 - [34mangr.project[0m - [34mAddress is already hooked, during hook(0x500044, <SimProcedure ExitProcess>). Not re-hooking.[0m[0m
[1;33;40mWARNING - 2023-01-04 15:36:15,699 - [34mangr.project[0m - [34mAddress is already hooked, during hook(0x500064, <SimProcedure GetTickCount>). Not re-hooking.[0m[0m
[1;32;40mINFO - 2023-01-04 15:36:15,699 - [36mCustomSimProcedure[0m - [36mmfc42.dll[0m[0m
[1;32;40mINFO - 2023-01-04 15:36:15,699 - [36mCustomSimProcedure[0m - [36m823[0m[0m
[1;32;40mINFO - 2023-01-04 15:36:15,699 - [36mCustomSimProcedure[0m - [36mmfc42.dll[0m[0m
[1;32;40mINFO - 2023-01-04 15:36:15,699 - [36mCustomSimProcedure[0m - [36m825[0m[0m
[1;33;40mWARNING - 2023-01-04 15:36:15,699 - [34mangr.project[0m - [34mAddress is already hooked, during hook(0x500080, <SimProcedure __p__fmode>). Not re-hooking.[0m[0m
[1;33;40mWARNING - 2023-01-04 15:36:15,699 - [34mangr.project[0m - [34mAddress is already hooked, during hook(0x500084, <SimProcedure __p__commode>). Not re-hooking.[0m[0m
[1;33;40mWARNING - 2023-01-04 15:36:15,699 - [34mangr.project[0m - [34mAddress is already hooked, during hook(0x500090, <SimProcedure _initterm>). Not re-hooking.[0m[0m
[1;33;40mWARNING - 2023-01-04 15:36:15,699 - [34mangr.project[0m - [34mAddress is already hooked, during hook(0x500094, <SimProcedure __getmainargs>). Not re-hooking.[0m[0m
[1;33;40mWARNING - 2023-01-04 15:36:15,700 - [34mangr.project[0m - [34mAddress is already hooked, during hook(0x50009c, <SimProcedure exit>). Not re-hooking.[0m[0m
[1;33;40mWARNING - 2023-01-04 15:36:15,700 - [34mangr.project[0m - [34mAddress is already hooked, during hook(0x5000ac, <SimProcedure strstr>). Not re-hooking.[0m[0m
[1;33;40mWARNING - 2023-01-04 15:36:15,700 - [34mangr.project[0m - [34mAddress is already hooked, during hook(0x5000b4, <SimProcedure strncpy>). Not re-hooking.[0m[0m
[1;33;40mWARNING - 2023-01-04 15:36:15,700 - [34mangr.project[0m - [34mAddress is already hooked, during hook(0x5000b8, <SimProcedure atoi>). Not re-hooking.[0m[0m
[1;33;40mWARNING - 2023-01-04 15:36:15,700 - [34mangr.project[0m - [34mAddress is already hooked, during hook(0x5000bc, <SimProcedure time>). Not re-hooking.[0m[0m
[1;33;40mWARNING - 2023-01-04 15:36:15,700 - [34mangr.project[0m - [34mAddress is already hooked, during hook(0x5000c0, <SimProcedure srand>). Not re-hooking.[0m[0m
[1;33;40mWARNING - 2023-01-04 15:36:15,700 - [34mangr.project[0m - [34mAddress is already hooked, during hook(0x5000c4, <SimProcedure rand>). Not re-hooking.[0m[0m
[1;33;40mWARNING - 2023-01-04 15:36:15,700 - [34mangr.project[0m - [34mAddress is already hooked, during hook(0x5000c8, <SimProcedure realloc>). Not re-hooking.[0m[0m
[1;33;40mWARNING - 2023-01-04 15:36:15,700 - [34mangr.project[0m - [34mAddress is already hooked, during hook(0x5000cc, <SimProcedure free>). Not re-hooking.[0m[0m
[1;33;40mWARNING - 2023-01-04 15:36:15,701 - [34mangr.project[0m - [34mAddress is already hooked, during hook(0x5000d0, <SimProcedure malloc>). Not re-hooking.[0m[0m
[1;33;40mWARNING - 2023-01-04 15:36:15,701 - [34mangr.project[0m - [34mAddress is already hooked, during hook(0x5000d4, <SimProcedure sprintf>). Not re-hooking.[0m[0m
[1;33;40mWARNING - 2023-01-04 15:36:15,701 - [34mangr.project[0m - [34mAddress is already hooked, during hook(0x5000ec, <SimProcedure setsockopt>). Not re-hooking.[0m[0m
[1;33;40mWARNING - 2023-01-04 15:36:15,701 - [34mangr.project[0m - [34mAddress is already hooked, during hook(0x5000f0, <SimProcedure recv>). Not re-hooking.[0m[0m
[1;33;40mWARNING - 2023-01-04 15:36:15,701 - [34mangr.project[0m - [34mAddress is already hooked, during hook(0x5000f8, <SimProcedure select>). Not re-hooking.[0m[0m
[1;33;40mWARNING - 2023-01-04 15:36:15,701 - [34mangr.project[0m - [34mAddress is already hooked, during hook(0x5000fc, <SimProcedure send>). Not re-hooking.[0m[0m
[1;33;40mWARNING - 2023-01-04 15:36:15,701 - [34mangr.project[0m - [34mAddress is already hooked, during hook(0x500108, <SimProcedure htons>). Not re-hooking.[0m[0m
[1;33;40mWARNING - 2023-01-04 15:36:15,701 - [34mangr.project[0m - [34mAddress is already hooked, during hook(0x50010c, <SimProcedure inet_ntoa>). Not re-hooking.[0m[0m
[1;33;40mWARNING - 2023-01-04 15:36:15,702 - [34mangr.project[0m - [34mAddress is already hooked, during hook(0x500110, <SimProcedure htonl>). Not re-hooking.[0m[0m
[1;33;40mWARNING - 2023-01-04 15:36:15,702 - [34mangr.project[0m - [34mAddress is already hooked, during hook(0x500114, <SimProcedure socket>). Not re-hooking.[0m[0m
[1;33;40mWARNING - 2023-01-04 15:36:15,702 - [34mangr.project[0m - [34mAddress is already hooked, during hook(0x601014, <SimProcedure KiUserExceptionDispatcher>). Not re-hooking.[0m[0m
[1;32;40mINFO - 2023-01-04 15:36:15,702 - [36mCustomSimProcedure[0m - [36mcustom_hook_windows_symbols[0m[0m
[1;33;40mWARNING - 2023-01-04 15:36:17,810 - [34mangr.project[0m - [34mAddress is already hooked, during hook(0x500000, <SimProcedure ReleaseMutex>). Re-hooking.[0m[0m
[1;33;40mWARNING - 2023-01-04 15:36:17,811 - [34mangr.project[0m - [34mAddress is already hooked, during hook(0x500000, <SimProcedure ReleaseMutex>). Re-hooking.[0m[0m
[1;33;40mWARNING - 2023-01-04 15:36:17,824 - [34mangr.project[0m - [34mAddress is already hooked, during hook(0x500020, <SimProcedure WaitForSingleObject>). Re-hooking.[0m[0m
[1;33;40mWARNING - 2023-01-04 15:36:17,825 - [34mangr.project[0m - [34mAddress is already hooked, during hook(0x500020, <SimProcedure WaitForSingleObject>). Re-hooking.[0m[0m
[1;33;40mWARNING - 2023-01-04 15:36:17,880 - [34mangr.project[0m - [34mAddress is already hooked, during hook(0x500050, <SimProcedure CloseHandle>). Re-hooking.[0m[0m
[1;33;40mWARNING - 2023-01-04 15:36:17,881 - [34mangr.project[0m - [34mAddress is already hooked, during hook(0x500050, <SimProcedure CloseHandle>). Re-hooking.[0m[0m
[1;33;40mWARNING - 2023-01-04 15:36:18,039 - [34mangr.project[0m - [34mAddress is already hooked, during hook(0x50000c, <SimProcedure CreateProcessA>). Re-hooking.[0m[0m
[1;33;40mWARNING - 2023-01-04 15:36:18,040 - [34mangr.project[0m - [34mAddress is already hooked, during hook(0x50000c, <SimProcedure CreateProcessA>). Re-hooking.[0m[0m
[1;32;40mINFO - 2023-01-04 15:36:18,074 - [33mwerkzeug[0m - [33m172.17.0.1 - - [04/Jan/2023 15:36:18] "GET /iteration-scdg HTTP/1.1" 200 -[0m[0m
[1;32;40mINFO - 2023-01-04 15:36:18,090 - [33mwerkzeug[0m - [33m172.17.0.1 - - [04/Jan/2023 15:36:18] "GET /progress-scdg HTTP/1.1" 200 -[0m[0m
[1;32;40mINFO - 2023-01-04 15:36:18,092 - [33mwerkzeug[0m - [33m172.17.0.1 - - [04/Jan/2023 15:36:18] "GET /iteration-scdg HTTP/1.1" 200 -[0m[0m
[1;32;40mINFO - 2023-01-04 15:36:18,109 - [33mwerkzeug[0m - [33m172.17.0.1 - - [04/Jan/2023 15:36:18] "GET /progress-scdg HTTP/1.1" 200 -[0m[0m
[1;33;40mWARNING - 2023-01-04 15:36:18,259 - [34mangr.project[0m - [34mAddress is already hooked, during hook(0x500014, <SimProcedure ExitThread>). Re-hooking.[0m[0m
[1;33;40mWARNING - 2023-01-04 15:36:18,261 - [34mangr.project[0m - [34mAddress is already hooked, during hook(0x500014, <SimProcedure ExitThread>). Re-hooking.[0m[0m
[1;33;40mWARNING - 2023-01-04 15:36:18,540 - [34mangr.project[0m - [34mAddress is already hooked, during hook(0x50004c, <SimProcedure GetCurrentThread>). Re-hooking.[0m[0m
[1;33;40mWARNING - 2023-01-04 15:36:18,541 - [34mangr.project[0m - [34mAddress is already hooked, during hook(0x50004c, <SimProcedure GetCurrentThread>). Re-hooking.[0m[0m
[1;33;40mWARNING - 2023-01-04 15:36:18,801 - [34mangr.project[0m - [34mAddress is already hooked, during hook(0x500018, <SimProcedure GetStartupInfoA>). Re-hooking.[0m[0m
[1;33;40mWARNING - 2023-01-04 15:36:18,802 - [34mangr.project[0m - [34mAddress is already hooked, during hook(0x500018, <SimProcedure GetStartupInfoA>). Re-hooking.[0m[0m
[1;32;40mINFO - 2023-01-04 15:36:19,241 - [33mwerkzeug[0m - [33m172.17.0.1 - - [04/Jan/2023 15:36:19] "GET /iteration-scdg HTTP/1.1" 200 -[0m[0m
[1;32;40mINFO - 2023-01-04 15:36:19,263 - [33mwerkzeug[0m - [33m172.17.0.1 - - [04/Jan/2023 15:36:19] "GET /progress-scdg HTTP/1.1" 200 -[0m[0m
[1;33;40mWARNING - 2023-01-04 15:36:19,297 - [34mangr.project[0m - [34mAddress is already hooked, during hook(0x50003c, <SimProcedure OpenMutexA>). Re-hooking.[0m[0m
[1;33;40mWARNING - 2023-01-04 15:36:19,298 - [34mangr.project[0m - [34mAddress is already hooked, during hook(0x50003c, <SimProcedure OpenMutexA>). Re-hooking.[0m[0m
[1;33;40mWARNING - 2023-01-04 15:36:19,737 - [34mangr.project[0m - [34mAddress is already hooked, during hook(0x50002c, <SimProcedure SetFilePointer>). Re-hooking.[0m[0m
[1;33;40mWARNING - 2023-01-04 15:36:19,739 - [34mangr.project[0m - [34mAddress is already hooked, during hook(0x50002c, <SimProcedure SetFilePointer>). Re-hooking.[0m[0m
[1;33;40mWARNING - 2023-01-04 15:36:19,900 - [34mangr.project[0m - [34mAddress is already hooked, during hook(0x500004, <SimProcedure Sleep>). Re-hooking.[0m[0m
[1;33;40mWARNING - 2023-01-04 15:36:19,901 - [34mangr.project[0m - [34mAddress is already hooked, during hook(0x500004, <SimProcedure Sleep>). Re-hooking.[0m[0m
[1;33;40mWARNING - 2023-01-04 15:36:20,048 - [34mangr.project[0m - [34mAddress is already hooked, during hook(0x500020, <SimProcedure WaitForSingleObject>). Re-hooking.[0m[0m
[1;33;40mWARNING - 2023-01-04 15:36:20,049 - [34mangr.project[0m - [34mAddress is already hooked, during hook(0x500020, <SimProcedure WaitForSingleObject>). Re-hooking.[0m[0m
[1;33;40mWARNING - 2023-01-04 15:36:20,220 - [34mangr.project[0m - [34mAddress is already hooked, during hook(0x500038, <SimProcedure lstrlenA>). Re-hooking.[0m[0m
[1;33;40mWARNING - 2023-01-04 15:36:20,222 - [34mangr.project[0m - [34mAddress is already hooked, during hook(0x500038, <SimProcedure lstrlenA>). Re-hooking.[0m[0m
[1;33;40mWARNING - 2023-01-04 15:36:20,320 - [34mangr.project[0m - [34mAddress is already hooked, during hook(0x500014, <SimProcedure ExitThread>). Re-hooking.[0m[0m
[1;33;40mWARNING - 2023-01-04 15:36:20,322 - [34mangr.project[0m - [34mAddress is already hooked, during hook(0x500014, <SimProcedure ExitThread>). Re-hooking.[0m[0m
[1;33;40mWARNING - 2023-01-04 15:36:20,611 - [34mangr.project[0m - [34mAddress is already hooked, during hook(0x50000c, <SimProcedure CreateProcessA>). Re-hooking.[0m[0m
[1;33;40mWARNING - 2023-01-04 15:36:20,612 - [34mangr.project[0m - [34mAddress is already hooked, during hook(0x50000c, <SimProcedure CreateProcessA>). Re-hooking.[0m[0m
[1;33;40mWARNING - 2023-01-04 15:36:20,811 - [34mangr.project[0m - [34mAddress is already hooked, during hook(0x50002c, <SimProcedure SetFilePointer>). Re-hooking.[0m[0m
[1;33;40mWARNING - 2023-01-04 15:36:20,813 - [34mangr.project[0m - [34mAddress is already hooked, during hook(0x50002c, <SimProcedure SetFilePointer>). Re-hooking.[0m[0m
[1;33;40mWARNING - 2023-01-04 15:36:20,880 - [34mangr.project[0m - [34mAddress is already hooked, during hook(0x500048, <SimProcedure GetCurrentProcess>). Re-hooking.[0m[0m
[1;33;40mWARNING - 2023-01-04 15:36:20,881 - [34mangr.project[0m - [34mAddress is already hooked, during hook(0x500048, <SimProcedure GetCurrentProcess>). Re-hooking.[0m[0m
[1;33;40mWARNING - 2023-01-04 15:36:21,332 - [34mangr.project[0m - [34mAddress is already hooked, during hook(0x500060, <SimProcedure GetSystemDefaultUILanguage>). Re-hooking.[0m[0m
[1;33;40mWARNING - 2023-01-04 15:36:21,334 - [34mangr.project[0m - [34mAddress is already hooked, during hook(0x500060, <SimProcedure GetSystemDefaultUILanguage>). Re-hooking.[0m[0m
[1;33;40mWARNING - 2023-01-04 15:36:21,416 - [34mangr.project[0m - [34mAddress is already hooked, during hook(0x50004c, <SimProcedure GetCurrentThread>). Re-hooking.[0m[0m
[1;33;40mWARNING - 2023-01-04 15:36:21,418 - [34mangr.project[0m - [34mAddress is already hooked, during hook(0x50004c, <SimProcedure GetCurrentThread>). Re-hooking.[0m[0m
[1;33;40mWARNING - 2023-01-04 15:36:21,461 - [34mangr.project[0m - [34mAddress is already hooked, during hook(0x500048, <SimProcedure GetCurrentProcess>). Re-hooking.[0m[0m
[1;33;40mWARNING - 2023-01-04 15:36:21,463 - [34mangr.project[0m - [34mAddress is already hooked, during hook(0x500048, <SimProcedure GetCurrentProcess>). Re-hooking.[0m[0m
[1;33;40mWARNING - 2023-01-04 15:36:21,610 - [34mangr.project[0m - [34mAddress is already hooked, during hook(0x500038, <SimProcedure lstrlenA>). Re-hooking.[0m[0m
[1;33;40mWARNING - 2023-01-04 15:36:21,612 - [34mangr.project[0m - [34mAddress is already hooked, during hook(0x500038, <SimProcedure lstrlenA>). Re-hooking.[0m[0m
[1;33;40mWARNING - 2023-01-04 15:36:21,850 - [34mangr.project[0m - [34mAddress is already hooked, during hook(0x50003c, <SimProcedure OpenMutexA>). Re-hooking.[0m[0m
[1;33;40mWARNING - 2023-01-04 15:36:21,852 - [34mangr.project[0m - [34mAddress is already hooked, during hook(0x50003c, <SimProcedure OpenMutexA>). Re-hooking.[0m[0m
[1;33;40mWARNING - 2023-01-04 15:36:21,958 - [34mangr.project[0m - [34mAddress is already hooked, during hook(0x500060, <SimProcedure GetSystemDefaultUILanguage>). Re-hooking.[0m[0m
[1;33;40mWARNING - 2023-01-04 15:36:21,959 - [34mangr.project[0m - [34mAddress is already hooked, during hook(0x500060, <SimProcedure GetSystemDefaultUILanguage>). Re-hooking.[0m[0m
[1;33;40mWARNING - 2023-01-04 15:36:22,069 - [34mangr.project[0m - [34mAddress is already hooked, during hook(0x500050, <SimProcedure CloseHandle>). Re-hooking.[0m[0m
[1;33;40mWARNING - 2023-01-04 15:36:22,071 - [34mangr.project[0m - [34mAddress is already hooked, during hook(0x500050, <SimProcedure CloseHandle>). Re-hooking.[0m[0m
[1;33;40mWARNING - 2023-01-04 15:36:22,559 - [34mangr.project[0m - [34mAddress is already hooked, during hook(0x500000, <SimProcedure ReleaseMutex>). Re-hooking.[0m[0m
[1;33;40mWARNING - 2023-01-04 15:36:22,561 - [34mangr.project[0m - [34mAddress is already hooked, during hook(0x500000, <SimProcedure ReleaseMutex>). Re-hooking.[0m[0m
[1;33;40mWARNING - 2023-01-04 15:36:22,727 - [34mangr.project[0m - [34mAddress is already hooked, during hook(0x500018, <SimProcedure GetStartupInfoA>). Re-hooking.[0m[0m
[1;33;40mWARNING - 2023-01-04 15:36:22,728 - [34mangr.project[0m - [34mAddress is already hooked, during hook(0x500018, <SimProcedure GetStartupInfoA>). Re-hooking.[0m[0m
[1;33;40mWARNING - 2023-01-04 15:36:23,028 - [34mangr.project[0m - [34mAddress is already hooked, during hook(0x500004, <SimProcedure Sleep>). Re-hooking.[0m[0m
[1;33;40mWARNING - 2023-01-04 15:36:23,029 - [34mangr.project[0m - [34mAddress is already hooked, during hook(0x500004, <SimProcedure Sleep>). Re-hooking.[0m[0m
[1;32;40mINFO - 2023-01-04 15:36:23,069 - [33mwerkzeug[0m - [33m172.17.0.1 - - [04/Jan/2023 15:36:23] "GET /iteration-scdg HTTP/1.1" 200 -[0m[0m
[1;32;40mINFO - 2023-01-04 15:36:23,076 - [33mwerkzeug[0m - [33m172.17.0.1 - - [04/Jan/2023 15:36:23] "GET /iteration-scdg HTTP/1.1" 200 -[0m[0m
[1;32;40mINFO - 2023-01-04 15:36:23,087 - [33mwerkzeug[0m - [33m172.17.0.1 - - [04/Jan/2023 15:36:23] "GET /progress-scdg HTTP/1.1" 200 -[0m[0m
[1;32;40mINFO - 2023-01-04 15:36:23,114 - [33mwerkzeug[0m - [33m172.17.0.1 - - [04/Jan/2023 15:36:23] "GET /progress-scdg HTTP/1.1" 200 -[0m[0m
[1;33;40mWARNING - 2023-01-04 15:36:23,944 - [34mangr.project[0m - [34mAddress is already hooked, during hook(0x5000a4, <SimProcedure _exit>). Re-hooking.[0m[0m
[1;33;40mWARNING - 2023-01-04 15:36:23,946 - [34mangr.project[0m - [34mAddress is already hooked, during hook(0x5000a4, <SimProcedure _exit>). Re-hooking.[0m[0m
[1;32;40mINFO - 2023-01-04 15:36:24,253 - [33mwerkzeug[0m - [33m172.17.0.1 - - [04/Jan/2023 15:36:24] "GET /iteration-scdg HTTP/1.1" 200 -[0m[0m
[1;32;40mINFO - 2023-01-04 15:36:24,269 - [33mwerkzeug[0m - [33m172.17.0.1 - - [04/Jan/2023 15:36:24] "GET /progress-scdg HTTP/1.1" 200 -[0m[0m
[1;33;40mWARNING - 2023-01-04 15:36:24,379 - [34mangr.project[0m - [34mAddress is already hooked, during hook(0x5000b0, <SimProcedure strcspn>). Re-hooking.[0m[0m
[1;33;40mWARNING - 2023-01-04 15:36:24,380 - [34mangr.project[0m - [34mAddress is already hooked, during hook(0x5000b0, <SimProcedure strcspn>). Re-hooking.[0m[0m
[1;33;40mWARNING - 2023-01-04 15:36:24,655 - [34mangr.project[0m - [34mAddress is already hooked, during hook(0x5000b0, <SimProcedure strcspn>). Re-hooking.[0m[0m
[1;33;40mWARNING - 2023-01-04 15:36:24,656 - [34mangr.project[0m - [34mAddress is already hooked, during hook(0x5000b0, <SimProcedure strcspn>). Re-hooking.[0m[0m
[1;33;40mWARNING - 2023-01-04 15:36:24,798 - [34mangr.project[0m - [34mAddress is already hooked, during hook(0x5000a4, <SimProcedure _exit>). Re-hooking.[0m[0m
[1;33;40mWARNING - 2023-01-04 15:36:24,799 - [34mangr.project[0m - [34mAddress is already hooked, during hook(0x5000a4, <SimProcedure _exit>). Re-hooking.[0m[0m
[1;33;40mWARNING - 2023-01-04 15:36:25,106 - [34mangr.project[0m - [34mAddress is already hooked, during hook(0x5000e4, <SimProcedure SHDeleteKeyA>). Re-hooking.[0m[0m
[1;33;40mWARNING - 2023-01-04 15:36:25,107 - [34mangr.project[0m - [34mAddress is already hooked, during hook(0x5000e4, <SimProcedure SHDeleteKeyA>). Re-hooking.[0m[0m
[1;33;40mWARNING - 2023-01-04 15:36:25,474 - [34mangr.project[0m - [34mAddress is already hooked, during hook(0x5000e4, <SimProcedure SHDeleteKeyA>). Re-hooking.[0m[0m
[1;33;40mWARNING - 2023-01-04 15:36:25,476 - [34mangr.project[0m - [34mAddress is already hooked, during hook(0x5000e4, <SimProcedure SHDeleteKeyA>). Re-hooking.[0m[0m
[1;33;40mWARNING - 2023-01-04 15:36:26,120 - [34mangr.project[0m - [34mAddress is already hooked, during hook(0x50011c, <SimProcedure closesocket>). Re-hooking.[0m[0m
[1;33;40mWARNING - 2023-01-04 15:36:26,122 - [34mangr.project[0m - [34mAddress is already hooked, during hook(0x50011c, <SimProcedure closesocket>). Re-hooking.[0m[0m
[1;33;40mWARNING - 2023-01-04 15:36:26,123 - [34mangr.project[0m - [34mAddress is already hooked, during hook(0x500118, <SimProcedure connect>). Re-hooking.[0m[0m
[1;33;40mWARNING - 2023-01-04 15:36:26,124 - [34mangr.project[0m - [34mAddress is already hooked, during hook(0x500118, <SimProcedure connect>). Re-hooking.[0m[0m
[1;33;40mWARNING - 2023-01-04 15:36:26,136 - [34mangr.project[0m - [34mAddress is already hooked, during hook(0x500120, <SimProcedure inet_addr>). Re-hooking.[0m[0m
[1;33;40mWARNING - 2023-01-04 15:36:26,138 - [34mangr.project[0m - [34mAddress is already hooked, during hook(0x500120, <SimProcedure inet_addr>). Re-hooking.[0m[0m
[1;33;40mWARNING - 2023-01-04 15:36:26,155 - [34mangr.project[0m - [34mAddress is already hooked, during hook(0x500124, <SimProcedure sendto>). Re-hooking.[0m[0m
[1;33;40mWARNING - 2023-01-04 15:36:26,156 - [34mangr.project[0m - [34mAddress is already hooked, during hook(0x500124, <SimProcedure sendto>). Re-hooking.[0m[0m
[1;33;40mWARNING - 2023-01-04 15:36:26,202 - [34mangr.project[0m - [34mAddress is already hooked, during hook(0x500104, <SimProcedure WSAStartup>). Re-hooking.[0m[0m
[1;33;40mWARNING - 2023-01-04 15:36:26,204 - [34mangr.project[0m - [34mAddress is already hooked, during hook(0x500104, <SimProcedure WSAStartup>). Re-hooking.[0m[0m
[1;33;40mWARNING - 2023-01-04 15:36:26,205 - [34mangr.project[0m - [34mAddress is already hooked, during hook(0x500128, <SimProcedure WSACleanup>). Re-hooking.[0m[0m
[1;33;40mWARNING - 2023-01-04 15:36:26,206 - [34mangr.project[0m - [34mAddress is already hooked, during hook(0x500128, <SimProcedure WSACleanup>). Re-hooking.[0m[0m
[1;33;40mWARNING - 2023-01-04 15:36:26,207 - [34mangr.project[0m - [34mAddress is already hooked, during hook(0x500124, <SimProcedure sendto>). Re-hooking.[0m[0m
[1;33;40mWARNING - 2023-01-04 15:36:26,208 - [34mangr.project[0m - [34mAddress is already hooked, during hook(0x500124, <SimProcedure sendto>). Re-hooking.[0m[0m
[1;33;40mWARNING - 2023-01-04 15:36:26,210 - [34mangr.project[0m - [34mAddress is already hooked, during hook(0x500118, <SimProcedure connect>). Re-hooking.[0m[0m
[1;33;40mWARNING - 2023-01-04 15:36:26,211 - [34mangr.project[0m - [34mAddress is already hooked, during hook(0x500118, <SimProcedure connect>). Re-hooking.[0m[0m
[1;33;40mWARNING - 2023-01-04 15:36:26,214 - [34mangr.project[0m - [34mAddress is already hooked, during hook(0x5000f4, <SimProcedure __WSAFDIsSet>). Re-hooking.[0m[0m
[1;33;40mWARNING - 2023-01-04 15:36:26,215 - [34mangr.project[0m - [34mAddress is already hooked, during hook(0x5000f4, <SimProcedure __WSAFDIsSet>). Re-hooking.[0m[0m
[1;33;40mWARNING - 2023-01-04 15:36:26,220 - [34mangr.project[0m - [34mAddress is already hooked, during hook(0x500120, <SimProcedure inet_addr>). Re-hooking.[0m[0m
[1;33;40mWARNING - 2023-01-04 15:36:26,221 - [34mangr.project[0m - [34mAddress is already hooked, during hook(0x500120, <SimProcedure inet_addr>). Re-hooking.[0m[0m
[1;33;40mWARNING - 2023-01-04 15:36:26,229 - [34mangr.project[0m - [34mAddress is already hooked, during hook(0x5000f4, <SimProcedure __WSAFDIsSet>). Re-hooking.[0m[0m
[1;33;40mWARNING - 2023-01-04 15:36:26,231 - [34mangr.project[0m - [34mAddress is already hooked, during hook(0x5000f4, <SimProcedure __WSAFDIsSet>). Re-hooking.[0m[0m
[1;33;40mWARNING - 2023-01-04 15:36:26,254 - [34mangr.project[0m - [34mAddress is already hooked, during hook(0x500104, <SimProcedure WSAStartup>). Re-hooking.[0m[0m
[1;33;40mWARNING - 2023-01-04 15:36:26,255 - [34mangr.project[0m - [34mAddress is already hooked, during hook(0x500104, <SimProcedure WSAStartup>). Re-hooking.[0m[0m
[1;33;40mWARNING - 2023-01-04 15:36:26,282 - [34mangr.project[0m - [34mAddress is already hooked, during hook(0x50011c, <SimProcedure closesocket>). Re-hooking.[0m[0m
[1;33;40mWARNING - 2023-01-04 15:36:26,283 - [34mangr.project[0m - [34mAddress is already hooked, during hook(0x50011c, <SimProcedure closesocket>). Re-hooking.[0m[0m
[1;33;40mWARNING - 2023-01-04 15:36:26,303 - [34mangr.project[0m - [34mAddress is already hooked, during hook(0x500128, <SimProcedure WSACleanup>). Re-hooking.[0m[0m
[1;33;40mWARNING - 2023-01-04 15:36:26,304 - [34mangr.project[0m - [34mAddress is already hooked, during hook(0x500128, <SimProcedure WSACleanup>). Re-hooking.[0m[0m
[1;33;40mWARNING - 2023-01-04 15:36:26,330 - [34mangr.project[0m - [34mAddress is already hooked, during hook(0x5000dc, <SimProcedure ShellExecuteExA>). Re-hooking.[0m[0m
[1;33;40mWARNING - 2023-01-04 15:36:26,332 - [34mangr.project[0m - [34mAddress is already hooked, during hook(0x5000dc, <SimProcedure ShellExecuteExA>). Re-hooking.[0m[0m
[1;33;40mWARNING - 2023-01-04 15:36:26,371 - [34mangr.project[0m - [34mAddress is already hooked, during hook(0x5000d8, <SimProcedure ShellExecuteA>). Re-hooking.[0m[0m
[1;33;40mWARNING - 2023-01-04 15:36:26,372 - [34mangr.project[0m - [34mAddress is already hooked, during hook(0x5000d8, <SimProcedure ShellExecuteA>). Re-hooking.[0m[0m
[1;33;40mWARNING - 2023-01-04 15:36:26,375 - [34mangr.project[0m - [34mAddress is already hooked, during hook(0x5000dc, <SimProcedure ShellExecuteExA>). Re-hooking.[0m[0m
[1;33;40mWARNING - 2023-01-04 15:36:26,376 - [34mangr.project[0m - [34mAddress is already hooked, during hook(0x5000dc, <SimProcedure ShellExecuteExA>). Re-hooking.[0m[0m
[1;33;40mWARNING - 2023-01-04 15:36:26,500 - [34mangr.project[0m - [34mAddress is already hooked, during hook(0x5000d8, <SimProcedure ShellExecuteA>). Re-hooking.[0m[0m
[1;33;40mWARNING - 2023-01-04 15:36:26,502 - [34mangr.project[0m - [34mAddress is already hooked, during hook(0x5000d8, <SimProcedure ShellExecuteA>). Re-hooking.[0m[0m
[1;33;40mWARNING - 2023-01-04 15:36:26,694 - [34mangr.project[0m - [34mAddress is already hooked, during hook(0x5000e0, <SimProcedure SHChangeNotify>). Re-hooking.[0m[0m
[1;33;40mWARNING - 2023-01-04 15:36:26,695 - [34mangr.project[0m - [34mAddress is already hooked, during hook(0x5000e0, <SimProcedure SHChangeNotify>). Re-hooking.[0m[0m
[1;32;40mINFO - 2023-01-04 15:36:26,756 - [36mCustomSimProcedure[0m - [36mSyscall found:  __p__fmode[][0m[0m
[1;32;40mINFO - 2023-01-04 15:36:26,767 - [36mCustomSimProcedure[0m - [36mSyscall found:  __p__commode[][0m[0m
[1;32;40mINFO - 2023-01-04 15:36:26,803 - [36mCustomSimProcedure[0m - [36mSyscall found:  _controlfp[][0m[0m
[1;32;40mINFO - 2023-01-04 15:36:26,842 - [36mCustomSimProcedure[0m - [36mSyscall found:  __getmainargs[<BV32 0x7ffefe48>, <BV32 0x7ffefe38>, <BV32 0x7ffefe44>, <BV32 0x0>, <BV32 0x7ffefe3c>][0m[0m
[1;32;40mINFO - 2023-01-04 15:36:27,433 - [36mCustomSimProcedure[0m - [36mSyscall found:  GetStartupInfoA[<BV32 0x7ffefe4c>][0m[0m
[1;32;40mINFO - 2023-01-04 15:36:27,456 - [36mCustomSimProcedure[0m - [36mSyscall found:  GetModuleHandleA[<BV32 0x0>][0m[0m
[1;32;40mINFO - 2023-01-04 15:36:27,480 - [37mCustomSimProcedureWindows[0m - [37mLoadLibraryA: Symbol not found[0m[0m
[1;32;40mINFO - 2023-01-04 15:36:27,502 - [36mCustomSimProcedure[0m - {'ReleaseMutex': 5242880, 'Sleep': 5242884, 'lstrcpyA': 5242888, 'CreateProcessA': 5242892, 'TerminateProcess': 5242896, 'ExitThread': 5242900, 'GetStartupInfoA': 5242904, 'GetModuleHandleA': 5242908, 'WaitForSingleObject': 5242912, 'GetModuleFileNameA': 5242916, 'CreateFileA': 5242920, 'SetFilePointer': 5242924, 'WriteFile': 5242928, 'lstrcpynA': 5242932, 'lstrlenA': 5242936, 'OpenMutexA': 5242940, 'GetComputerNameA': 5242944, 'ExitProcess': 5242948, 'GetCurrentProcess': 5242952, 'GetCurrentThread': 5242956, 'CloseHandle': 5242960, 'CreateThread': 5242964, 'LoadLibraryA': 5242968, 'GetProcAddress': 5242972, 'GetSystemDefaultUILanguage': 5242976, 'GetTickCount': 5242980, 'GetAdaptersInfo': 5242984, 'GetIfTable': 5242988, "ordinal.823.b'mfc42.dll'": 5242992, "ordinal.825.b'mfc42.dll'": 5242996, '_controlfp': 5243000, '__set_app_type': 5243004, '__p__fmode': 5243008, '__p__commode': 5243012, '_adjust_fdiv': 5243016, '__setusermatherr': 5243020, '_initterm': 5243024, '__getmainargs': 5243028, '_acmdln': 5243032, 'exit': 5243036, '_XcptFilter': 5243040, '_exit': 5243044, '_except_handler3': 5243048, 'strstr': 5243052, 'strcspn': 5243056, 'strncpy': 5243060, 'atoi': 5243064, 'time': 5243068, 'srand': 5243072, 'rand': 5243076, 'realloc': 5243080, 'free': 5243084, 'malloc': 5243088, 'sprintf': 5243092, 'ShellExecuteA': 5243096, 'ShellExecuteExA': 5243100, 'SHChangeNotify': 5243104, 'SHDeleteKeyA': 5243108, 'wsprintfA': 5243112, 'setsockopt': 5243116, 'recv': 5243120, '__WSAFDIsSet': 5243124, 'select': 5243128, 'send': 5243132, 'WSAIoctl': 5243136, 'WSAStartup': 5243140, 'htons': 5243144, 'inet_ntoa': 5243148, 'htonl': 5243152, 'socket': 5243156, 'connect': 5243160, 'closesocket': 5243164, 'inet_addr': 5243168, 'sendto': 5243172, 'WSACleanup': 5243176, 'KiUserExceptionDispatcher': 6295572, '_fmode': 6295576, '_commode': 6295580, '_wcmdln': 6295584, 'advapi32.dll': 6295588}[0m
[1;32;40mINFO - 2023-01-04 15:36:27,504 - [36mCustomSimProcedure[0m - [36mWas in angr :msvcrt.dll[0m[0m
[1;32;40mINFO - 2023-01-04 15:36:27,546 - [36mCustomSimProcedure[0m - [36mWas in angr :kernel32.dll[0m[0m
[1;33;40mWARNING - 2023-01-04 15:36:27,653 - [34mangr.project[0m - [34mAddress is already hooked, during hook(0x5000e4, <SimProcedure SHDeleteKeyA>). Not re-hooking.[0m[0m
[1;33;40mWARNING - 2023-01-04 15:36:27,684 - [34mangr.project[0m - [34mAddress is already hooked, during hook(0x5000dc, <SimProcedure ShellExecuteExA>). Not re-hooking.[0m[0m
[1;33;40mWARNING - 2023-01-04 15:36:27,684 - [34mangr.project[0m - [34mAddress is already hooked, during hook(0x5000d8, <SimProcedure ShellExecuteA>). Not re-hooking.[0m[0m
[1;33;40mWARNING - 2023-01-04 15:36:27,685 - [34mangr.project[0m - [34mAddress is already hooked, during hook(0x5000e0, <SimProcedure SHChangeNotify>). Not re-hooking.[0m[0m
[1;33;40mWARNING - 2023-01-04 15:36:27,697 - [34mangr.project[0m - [34mAddress is already hooked, during hook(0x5000fc, <SimProcedure send>). Not re-hooking.[0m[0m
[1;33;40mWARNING - 2023-01-04 15:36:27,697 - [34mangr.project[0m - [34mAddress is already hooked, during hook(0x500120, <SimProcedure inet_addr>). Not re-hooking.[0m[0m
[1;33;40mWARNING - 2023-01-04 15:36:27,698 - [34mangr.project[0m - [34mAddress is already hooked, during hook(0x5000f4, <SimProcedure __WSAFDIsSet>). Not re-hooking.[0m[0m
[1;33;40mWARNING - 2023-01-04 15:36:27,698 - [34mangr.project[0m - [34mAddress is already hooked, during hook(0x5000ec, <SimProcedure setsockopt>). Not re-hooking.[0m[0m
[1;33;40mWARNING - 2023-01-04 15:36:27,698 - [34mangr.project[0m - [34mAddress is already hooked, during hook(0x500104, <SimProcedure WSAStartup>). Not re-hooking.[0m[0m
[1;33;40mWARNING - 2023-01-04 15:36:27,698 - [34mangr.project[0m - [34mAddress is already hooked, during hook(0x50011c, <SimProcedure closesocket>). Not re-hooking.[0m[0m
[1;33;40mWARNING - 2023-01-04 15:36:27,698 - [34mangr.project[0m - [34mAddress is already hooked, during hook(0x500110, <SimProcedure htonl>). Not re-hooking.[0m[0m
[1;33;40mWARNING - 2023-01-04 15:36:27,698 - [34mangr.project[0m - [34mAddress is already hooked, during hook(0x500108, <SimProcedure htons>). Not re-hooking.[0m[0m
[1;33;40mWARNING - 2023-01-04 15:36:27,699 - [34mangr.project[0m - [34mAddress is already hooked, during hook(0x500128, <SimProcedure WSACleanup>). Not re-hooking.[0m[0m
[1;32;40mINFO - 2023-01-04 15:36:27,702 - [36mCustomSimProcedure[0m - [36mWas in angr :user32.dll[0m[0m
[1;33;40mWARNING - 2023-01-04 15:36:27,705 - [36mCustomSimProcedure[0m - [36mProcedure wsprintfA in DLL user32.dll has 3 arguments in json and 2 arguments in angr prototype. Taking number of arguments from json.[0m[0m
[1;33;40mWARNING - 2023-01-04 15:36:27,706 - [36mCustomSimProcedure[0m - [36mProcedure wsprintfW in DLL user32.dll has 3 arguments in json and 2 arguments in angr prototype. Taking number of arguments from json.[0m[0m
[1;32;40mINFO - 2023-01-04 15:36:27,751 - [36mCustomSimProcedure[0m - [36mWas in angr :advapi32.dll[0m[0m
[1;33;40mWARNING - 2023-01-04 15:36:27,785 - [34mangr.project[0m - [34mAddress is already hooked, during hook(0x5000bc, <SimProcedure time>). Not re-hooking.[0m[0m
[1;33;40mWARNING - 2023-01-04 15:36:27,786 - [34mangr.project[0m - [34mAddress is already hooked, during hook(0x601014, <SimProcedure KiUserExceptionDispatcher>). Not re-hooking.[0m[0m
[1;32;40mINFO - 2023-01-04 15:36:27,786 - [36mCustomSimProcedure[0m - [36mNo hooks for: {'GetIfTable': 5242988, "ordinal.823.b'mfc42.dll'": 5242992, "ordinal.825.b'mfc42.dll'": 5242996, '_controlfp': 5243000, '__set_app_type': 5243004, '_adjust_fdiv': 5243016, '__setusermatherr': 5243020, '_initterm': 5243024, '__getmainargs': 5243028, '_acmdln': 5243032, '_XcptFilter': 5243040, '_except_handler3': 5243048, 'WSAIoctl': 5243136, '_fmode': 6295576, '_commode': 6295580, '_wcmdln': 6295584, 'advapi32.dll': 6295588}[0m[0m
[1;32;40mINFO - 2023-01-04 15:36:27,789 - [36mCustomSimProcedure[0m - [36mSyscall found:  LoadLibraryA[<BV32 0x407154>][0m[0m
[1;32;40mINFO - 2023-01-04 15:36:27,815 - [37mCustomSimProcedureWindows[0m - [37mGetProcAddress: StartServiceCtrlDispatcherA[0m[0m
[1;32;40mINFO - 2023-01-04 15:36:27,816 - [37mCustomSimProcedureWindows[0m - [37mGetProcAddress - Query to lib : advapi32.dll[0m[0m
[1;32;40mINFO - 2023-01-04 15:36:27,816 - [37mCustomSimProcedureWindows[0m - [37mGetProcAddress: Symbol not found[0m[0m
[1;32;40mINFO - 2023-01-04 15:36:27,816 - [36mCustomSimProcedure[0m - [36mSyscall found:  GetProcAddress[<BV32 0x601024>, <BV32 0x4073d8>][0m[0m
[1;32;40mINFO - 2023-01-04 15:36:27,851 - [36mCustomSimProcedure[0m - [36mSyscall found:  LoadLibraryA[<BV32 0x407154>][0m[0m
[1;32;40mINFO - 2023-01-04 15:36:27,871 - [37mCustomSimProcedureWindows[0m - [37mGetProcAddress: RegCloseKey[0m[0m
[1;32;40mINFO - 2023-01-04 15:36:27,872 - [37mCustomSimProcedureWindows[0m - [37mGetProcAddress - Query to lib : advapi32.dll[0m[0m
[1;32;40mINFO - 2023-01-04 15:36:27,872 - [37mCustomSimProcedureWindows[0m - [37mGetProcAddress: Symbol not found[0m[0m
[1;32;40mINFO - 2023-01-04 15:36:27,872 - [36mCustomSimProcedure[0m - [36mSyscall found:  GetProcAddress[<BV32 0x601024>, <BV32 0x4071a4>][0m[0m
[1;32;40mINFO - 2023-01-04 15:36:27,893 - [36mCustomSimProcedure[0m - [36mSyscall found:  LoadLibraryA[<BV32 0x407154>][0m[0m
[1;32;40mINFO - 2023-01-04 15:36:27,915 - [37mCustomSimProcedureWindows[0m - [37mGetProcAddress: RegOpenKeyExA[0m[0m
[1;32;40mINFO - 2023-01-04 15:36:27,915 - [37mCustomSimProcedureWindows[0m - [37mGetProcAddress - Query to lib : advapi32.dll[0m[0m
[1;32;40mINFO - 2023-01-04 15:36:27,915 - [37mCustomSimProcedureWindows[0m - [37mGetProcAddress: Symbol not found[0m[0m
[1;32;40mINFO - 2023-01-04 15:36:27,916 - [36mCustomSimProcedure[0m - [36mSyscall found:  GetProcAddress[<BV32 0x601024>, <BV32 0x407374>][0m[0m
[1;32;40mINFO - 2023-01-04 15:36:28,084 - [33mwerkzeug[0m - [33m172.17.0.1 - - [04/Jan/2023 15:36:28] "GET /iteration-scdg HTTP/1.1" 200 -[0m[0m
[1;32;40mINFO - 2023-01-04 15:36:28,088 - [33mwerkzeug[0m - [33m172.17.0.1 - - [04/Jan/2023 15:36:28] "GET /iteration-scdg HTTP/1.1" 200 -[0m[0m
[1;32;40mINFO - 2023-01-04 15:36:28,119 - [33mwerkzeug[0m - [33m172.17.0.1 - - [04/Jan/2023 15:36:28] "GET /progress-scdg HTTP/1.1" 200 -[0m[0m
[1;32;40mINFO - 2023-01-04 15:36:28,135 - [33mwerkzeug[0m - [33m172.17.0.1 - - [04/Jan/2023 15:36:28] "GET /progress-scdg HTTP/1.1" 200 -[0m[0m
[1;32;40mINFO - 2023-01-04 15:36:28,636 - [36mCustomSimProcedure[0m - [36mSyscall found:  RegOpenKeyExA[<BV32 0x80000002>, <BV32 0x7ffefbb0>, <BV32 0x0>, <BV32 0xf003f>, <BV32 0x7ffefcb8>][0m[0m
[1;32;40mINFO - 2023-01-04 15:36:28,659 - [36mCustomSimProcedure[0m - [36mSyscall found:  RegCloseKey[<BV32 key_handle_RegOpenKeyExA_196629_32[7:0] .. key_handle_RegOpenKeyExA_196629_32[15:8] .. key_handle_RegOpenKeyExA_196629_32[23:16] .. key_handle_RegOpenKeyExA_196629_32[31:24]>][0m[0m
[1;32;40mINFO - 2023-01-04 15:36:28,697 - [36mCustomSimProcedure[0m - [36mSyscall found:  StartServiceCtrlDispatcherA[<BV32 0x7ffefdfc>][0m[0m
[1;32;40mINFO - 2023-01-04 15:36:28,731 - [31mToolChainExplorerAnotherCDFS[0m - [31mA new block of execution have been executed with changes in sim_manager.[0m[0m
[1;32;40mINFO - 2023-01-04 15:36:28,731 - [31mToolChainExplorerAnotherCDFS[0m - [31mCurrently, simulation manager is :[0m[0m
[1;32;40mINFO - 2023-01-04 15:36:28,731 - [31mToolChainExplorerAnotherCDFS[0m - [31m<SimulationManager with 1 deadended>[0m[0m
[1;32;40mINFO - 2023-01-04 15:36:28,731 - [31mToolChainExplorerAnotherCDFS[0m - [31mpause stash len :0[0m[0m
[1;32;40mINFO - 2023-01-04 15:36:28,731 - [31mToolChainExplorerAnotherCDFS[0m - [31mlen(simgr.active) <= 0 or deadended >= self.max_end_state)[0m[0m
[1;32;40mINFO - 2023-01-04 15:36:28,735 - [37mGraphBuilder[0m - [37mOutput dir :src/output/runs/70//nitol[0m[0m
