[1;33;40mWARNING - 2023-01-04 10:04:53,182 - [34mangr.project[0m - [34mDisabling IRSB translation cache because support for self-modifying code is enabled.[0m[0m
[1;32;40mINFO - 2023-01-04 10:04:53,566 - [33mwerkzeug[0m - [33m172.17.0.1 - - [04/Jan/2023 10:04:53] "GET /iteration-scdg HTTP/1.1" 200 -[0m[0m
[1;32;40mINFO - 2023-01-04 10:04:53,568 - [33mwerkzeug[0m - [33m172.17.0.1 - - [04/Jan/2023 10:04:53] "GET /progress-scdg HTTP/1.1" 200 -[0m[0m
[1;32;40mINFO - 2023-01-04 10:04:54,106 - [33mwerkzeug[0m - [33m172.17.0.1 - - [04/Jan/2023 10:04:54] "GET /iteration-scdg HTTP/1.1" 200 -[0m[0m
[1;32;40mINFO - 2023-01-04 10:04:54,133 - [33mwerkzeug[0m - [33m172.17.0.1 - - [04/Jan/2023 10:04:54] "GET /progress-scdg HTTP/1.1" 200 -[0m[0m
[1;32;40mINFO - 2023-01-04 10:04:56,109 - [33mwerkzeug[0m - [33m172.17.0.1 - - [04/Jan/2023 10:04:56] "GET /iteration-scdg HTTP/1.1" 200 -[0m[0m
[1;32;40mINFO - 2023-01-04 10:04:56,120 - [33mwerkzeug[0m - [33m172.17.0.1 - - [04/Jan/2023 10:04:56] "GET /progress-scdg HTTP/1.1" 200 -[0m[0m
[1;32;40mINFO - 2023-01-04 10:04:56,746 - [36mCustomSimProcedure[0m - {'ReleaseMutex': 5242880, 'Sleep': 5242884, 'lstrcpyA': 5242888, 'CreateProcessA': 5242892, 'TerminateProcess': 5242896, 'ExitThread': 5242900, 'GetStartupInfoA': 5242904, 'GetModuleHandleA': 5242908, 'WaitForSingleObject': 5242912, 'GetModuleFileNameA': 5242916, 'CreateFileA': 5242920, 'SetFilePointer': 5242924, 'WriteFile': 5242928, 'lstrcpynA': 5242932, 'lstrlenA': 5242936, 'OpenMutexA': 5242940, 'GetComputerNameA': 5242944, 'ExitProcess': 5242948, 'GetCurrentProcess': 5242952, 'GetCurrentThread': 5242956, 'CloseHandle': 5242960, 'CreateThread': 5242964, 'LoadLibraryA': 5242968, 'GetProcAddress': 5242972, 'GetSystemDefaultUILanguage': 5242976, 'GetTickCount': 5242980, 'GetAdaptersInfo': 5242984, 'GetIfTable': 5242988, "ordinal.823.b'mfc42.dll'": 5242992, "ordinal.825.b'mfc42.dll'": 5242996, '_controlfp': 5243000, '__set_app_type': 5243004, '__p__fmode': 5243008, '__p__commode': 5243012, '_adjust_fdiv': 5243016, '__setusermatherr': 5243020, '_initterm': 5243024, '__getmainargs': 5243028, '_acmdln': 5243032, 'exit': 5243036, '_XcptFilter': 5243040, '_exit': 5243044, '_except_handler3': 5243048, 'strstr': 5243052, 'strcspn': 5243056, 'strncpy': 5243060, 'atoi': 5243064, 'time': 5243068, 'srand': 5243072, 'rand': 5243076, 'realloc': 5243080, 'free': 5243084, 'malloc': 5243088, 'sprintf': 5243092, 'ShellExecuteA': 5243096, 'ShellExecuteExA': 5243100, 'SHChangeNotify': 5243104, 'SHDeleteKeyA': 5243108, 'wsprintfA': 5243112, 'setsockopt': 5243116, 'recv': 5243120, '__WSAFDIsSet': 5243124, 'select': 5243128, 'send': 5243132, 'WSAIoctl': 5243136, 'WSAStartup': 5243140, 'htons': 5243144, 'inet_ntoa': 5243148, 'htonl': 5243152, 'socket': 5243156, 'connect': 5243160, 'closesocket': 5243164, 'inet_addr': 5243168, 'sendto': 5243172, 'WSACleanup': 5243176, 'KiUserExceptionDispatcher': 6295572, '_fmode': 6295576, '_commode': 6295580, '_wcmdln': 6295584}[0m
[1;32;40mINFO - 2023-01-04 10:04:56,747 - [36mCustomSimProcedure[0m - [36mWas in angr :user32.dll[0m[0m
[1;33;40mWARNING - 2023-01-04 10:04:56,750 - [36mCustomSimProcedure[0m - [36mProcedure wsprintfA in DLL user32.dll has 3 arguments in json and 2 arguments in angr prototype. Taking number of arguments from json.[0m[0m
[1;33;40mWARNING - 2023-01-04 10:04:56,750 - [36mCustomSimProcedure[0m - [36mProcedure wsprintfW in DLL user32.dll has 3 arguments in json and 2 arguments in angr prototype. Taking number of arguments from json.[0m[0m
[1;33;40mWARNING - 2023-01-04 10:04:56,804 - [34mangr.project[0m - [34mAddress is already hooked, during hook(0x5000fc, <SimProcedure send>). Not re-hooking.[0m[0m
[1;33;40mWARNING - 2023-01-04 10:04:56,804 - [34mangr.project[0m - [34mAddress is already hooked, during hook(0x500120, <SimProcedure inet_addr>). Not re-hooking.[0m[0m
[1;33;40mWARNING - 2023-01-04 10:04:56,804 - [34mangr.project[0m - [34mAddress is already hooked, during hook(0x5000f4, <SimProcedure __WSAFDIsSet>). Not re-hooking.[0m[0m
[1;33;40mWARNING - 2023-01-04 10:04:56,804 - [34mangr.project[0m - [34mAddress is already hooked, during hook(0x5000ec, <SimProcedure setsockopt>). Not re-hooking.[0m[0m
[1;33;40mWARNING - 2023-01-04 10:04:56,805 - [34mangr.project[0m - [34mAddress is already hooked, during hook(0x500104, <SimProcedure WSAStartup>). Not re-hooking.[0m[0m
[1;33;40mWARNING - 2023-01-04 10:04:56,805 - [34mangr.project[0m - [34mAddress is already hooked, during hook(0x50011c, <SimProcedure closesocket>). Not re-hooking.[0m[0m
[1;33;40mWARNING - 2023-01-04 10:04:56,805 - [34mangr.project[0m - [34mAddress is already hooked, during hook(0x500110, <SimProcedure htonl>). Not re-hooking.[0m[0m
[1;33;40mWARNING - 2023-01-04 10:04:56,805 - [34mangr.project[0m - [34mAddress is already hooked, during hook(0x500108, <SimProcedure htons>). Not re-hooking.[0m[0m
[1;33;40mWARNING - 2023-01-04 10:04:56,805 - [34mangr.project[0m - [34mAddress is already hooked, during hook(0x500128, <SimProcedure WSACleanup>). Not re-hooking.[0m[0m
[1;32;40mINFO - 2023-01-04 10:04:56,807 - [36mCustomSimProcedure[0m - [36mWas in angr :msvcrt.dll[0m[0m
[1;32;40mINFO - 2023-01-04 10:04:56,856 - [36mCustomSimProcedure[0m - [36mWas in angr :kernel32.dll[0m[0m
[1;33;40mWARNING - 2023-01-04 10:04:56,977 - [34mangr.project[0m - [34mAddress is already hooked, during hook(0x5000e4, <SimProcedure SHDeleteKeyA>). Not re-hooking.[0m[0m
[1;33;40mWARNING - 2023-01-04 10:04:57,003 - [34mangr.project[0m - [34mAddress is already hooked, during hook(0x5000dc, <SimProcedure ShellExecuteExA>). Not re-hooking.[0m[0m
[1;33;40mWARNING - 2023-01-04 10:04:57,003 - [34mangr.project[0m - [34mAddress is already hooked, during hook(0x5000d8, <SimProcedure ShellExecuteA>). Not re-hooking.[0m[0m
[1;33;40mWARNING - 2023-01-04 10:04:57,004 - [34mangr.project[0m - [34mAddress is already hooked, during hook(0x5000e0, <SimProcedure SHChangeNotify>). Not re-hooking.[0m[0m
[1;33;40mWARNING - 2023-01-04 10:04:57,011 - [34mangr.project[0m - [34mAddress is already hooked, during hook(0x5000bc, <SimProcedure time>). Not re-hooking.[0m[0m
[1;33;40mWARNING - 2023-01-04 10:04:57,011 - [34mangr.project[0m - [34mAddress is already hooked, during hook(0x601014, <SimProcedure KiUserExceptionDispatcher>). Not re-hooking.[0m[0m
[1;32;40mINFO - 2023-01-04 10:04:57,011 - [36mCustomSimProcedure[0m - [36mNo hooks for: {'GetIfTable': 5242988, "ordinal.823.b'mfc42.dll'": 5242992, "ordinal.825.b'mfc42.dll'": 5242996, '_controlfp': 5243000, '__set_app_type': 5243004, '_adjust_fdiv': 5243016, '__setusermatherr': 5243020, '_initterm': 5243024, '__getmainargs': 5243028, '_acmdln': 5243032, '_XcptFilter': 5243040, '_except_handler3': 5243048, 'WSAIoctl': 5243136, '_fmode': 6295576, '_commode': 6295580, '_wcmdln': 6295584}[0m[0m
[1;32;40mINFO - 2023-01-04 10:04:57,011 - [36mCustomSimProcedure[0m - [36mcustom_hook_static[0m[0m
[1;33;40mWARNING - 2023-01-04 10:04:57,011 - [34mangr.project[0m - [34mAddress 0x400000 not hooked[0m[0m
[1;33;40mWARNING - 2023-01-04 10:04:57,012 - [34mangr.project[0m - [34mAddress is already hooked, during hook(0x400000, <SimProcedure WriteFile>). Not re-hooking.[0m[0m
[1;33;40mWARNING - 2023-01-04 10:04:57,012 - [34mangr.project[0m - [34mAddress is already hooked, during hook(0x400000, <SimProcedure ExitProcess>). Not re-hooking.[0m[0m
[1;33;40mWARNING - 2023-01-04 10:04:57,012 - [34mangr.project[0m - [34mAddress is already hooked, during hook(0x400000, <SimProcedure GetTickCount>). Not re-hooking.[0m[0m
[1;32;40mINFO - 2023-01-04 10:04:57,012 - [36mCustomSimProcedure[0m - [36mmfc42.dll[0m[0m
[1;32;40mINFO - 2023-01-04 10:04:57,012 - [36mCustomSimProcedure[0m - [36m823[0m[0m
[1;32;40mINFO - 2023-01-04 10:04:57,012 - [36mCustomSimProcedure[0m - [36mmfc42.dll[0m[0m
[1;32;40mINFO - 2023-01-04 10:04:57,012 - [36mCustomSimProcedure[0m - [36m825[0m[0m
[1;33;40mWARNING - 2023-01-04 10:04:57,012 - [34mangr.project[0m - [34mAddress is already hooked, during hook(0x400000, <SimProcedure __p__fmode>). Not re-hooking.[0m[0m
[1;33;40mWARNING - 2023-01-04 10:04:57,013 - [34mangr.project[0m - [34mAddress is already hooked, during hook(0x400000, <SimProcedure __p__commode>). Not re-hooking.[0m[0m
[1;33;40mWARNING - 2023-01-04 10:04:57,013 - [34mangr.project[0m - [34mAddress is already hooked, during hook(0x400000, <SimProcedure _initterm>). Not re-hooking.[0m[0m
[1;33;40mWARNING - 2023-01-04 10:04:57,013 - [34mangr.project[0m - [34mAddress is already hooked, during hook(0x400000, <SimProcedure __getmainargs>). Not re-hooking.[0m[0m
[1;33;40mWARNING - 2023-01-04 10:04:57,013 - [34mangr.project[0m - [34mAddress is already hooked, during hook(0x400000, <SimProcedure exit>). Not re-hooking.[0m[0m
[1;33;40mWARNING - 2023-01-04 10:04:57,013 - [34mangr.project[0m - [34mAddress is already hooked, during hook(0x400000, <SimProcedure strstr>). Not re-hooking.[0m[0m
[1;33;40mWARNING - 2023-01-04 10:04:57,013 - [34mangr.project[0m - [34mAddress is already hooked, during hook(0x400000, <SimProcedure strncpy>). Not re-hooking.[0m[0m
[1;33;40mWARNING - 2023-01-04 10:04:57,013 - [34mangr.project[0m - [34mAddress is already hooked, during hook(0x400000, <SimProcedure atoi>). Not re-hooking.[0m[0m
[1;33;40mWARNING - 2023-01-04 10:04:57,013 - [34mangr.project[0m - [34mAddress is already hooked, during hook(0x400000, <SimProcedure time>). Not re-hooking.[0m[0m
[1;33;40mWARNING - 2023-01-04 10:04:57,014 - [34mangr.project[0m - [34mAddress is already hooked, during hook(0x400000, <SimProcedure srand>). Not re-hooking.[0m[0m
[1;33;40mWARNING - 2023-01-04 10:04:57,014 - [34mangr.project[0m - [34mAddress is already hooked, during hook(0x400000, <SimProcedure rand>). Not re-hooking.[0m[0m
[1;33;40mWARNING - 2023-01-04 10:04:57,014 - [34mangr.project[0m - [34mAddress is already hooked, during hook(0x400000, <SimProcedure realloc>). Not re-hooking.[0m[0m
[1;33;40mWARNING - 2023-01-04 10:04:57,014 - [34mangr.project[0m - [34mAddress is already hooked, during hook(0x400000, <SimProcedure free>). Not re-hooking.[0m[0m
[1;33;40mWARNING - 2023-01-04 10:04:57,014 - [34mangr.project[0m - [34mAddress is already hooked, during hook(0x400000, <SimProcedure malloc>). Not re-hooking.[0m[0m
[1;33;40mWARNING - 2023-01-04 10:04:57,014 - [34mangr.project[0m - [34mAddress is already hooked, during hook(0x400000, <SimProcedure sprintf>). Not re-hooking.[0m[0m
[1;33;40mWARNING - 2023-01-04 10:04:57,014 - [34mangr.project[0m - [34mAddress is already hooked, during hook(0x400000, <SimProcedure setsockopt>). Not re-hooking.[0m[0m
[1;33;40mWARNING - 2023-01-04 10:04:57,014 - [34mangr.project[0m - [34mAddress is already hooked, during hook(0x400000, <SimProcedure recv>). Not re-hooking.[0m[0m
[1;33;40mWARNING - 2023-01-04 10:04:57,015 - [34mangr.project[0m - [34mAddress is already hooked, during hook(0x400000, <SimProcedure select>). Not re-hooking.[0m[0m
[1;33;40mWARNING - 2023-01-04 10:04:57,015 - [34mangr.project[0m - [34mAddress is already hooked, during hook(0x400000, <SimProcedure send>). Not re-hooking.[0m[0m
[1;33;40mWARNING - 2023-01-04 10:04:57,015 - [34mangr.project[0m - [34mAddress is already hooked, during hook(0x400000, <SimProcedure htons>). Not re-hooking.[0m[0m
[1;33;40mWARNING - 2023-01-04 10:04:57,015 - [34mangr.project[0m - [34mAddress is already hooked, during hook(0x400000, <SimProcedure inet_ntoa>). Not re-hooking.[0m[0m
[1;33;40mWARNING - 2023-01-04 10:04:57,015 - [34mangr.project[0m - [34mAddress is already hooked, during hook(0x400000, <SimProcedure htonl>). Not re-hooking.[0m[0m
[1;33;40mWARNING - 2023-01-04 10:04:57,015 - [34mangr.project[0m - [34mAddress is already hooked, during hook(0x400000, <SimProcedure socket>). Not re-hooking.[0m[0m
[1;33;40mWARNING - 2023-01-04 10:04:57,015 - [34mangr.project[0m - [34mAddress is already hooked, during hook(0x500030, <SimProcedure WriteFile>). Not re-hooking.[0m[0m
[1;33;40mWARNING - 2023-01-04 10:04:57,016 - [34mangr.project[0m - [34mAddress is already hooked, during hook(0x500044, <SimProcedure ExitProcess>). Not re-hooking.[0m[0m
[1;33;40mWARNING - 2023-01-04 10:04:57,016 - [34mangr.project[0m - [34mAddress is already hooked, during hook(0x500064, <SimProcedure GetTickCount>). Not re-hooking.[0m[0m
[1;32;40mINFO - 2023-01-04 10:04:57,016 - [36mCustomSimProcedure[0m - [36mmfc42.dll[0m[0m
[1;32;40mINFO - 2023-01-04 10:04:57,016 - [36mCustomSimProcedure[0m - [36m823[0m[0m
[1;32;40mINFO - 2023-01-04 10:04:57,016 - [36mCustomSimProcedure[0m - [36mmfc42.dll[0m[0m
[1;32;40mINFO - 2023-01-04 10:04:57,016 - [36mCustomSimProcedure[0m - [36m825[0m[0m
[1;33;40mWARNING - 2023-01-04 10:04:57,016 - [34mangr.project[0m - [34mAddress is already hooked, during hook(0x500080, <SimProcedure __p__fmode>). Not re-hooking.[0m[0m
[1;33;40mWARNING - 2023-01-04 10:04:57,016 - [34mangr.project[0m - [34mAddress is already hooked, during hook(0x500084, <SimProcedure __p__commode>). Not re-hooking.[0m[0m
[1;33;40mWARNING - 2023-01-04 10:04:57,016 - [34mangr.project[0m - [34mAddress is already hooked, during hook(0x500090, <SimProcedure _initterm>). Not re-hooking.[0m[0m
[1;33;40mWARNING - 2023-01-04 10:04:57,016 - [34mangr.project[0m - [34mAddress is already hooked, during hook(0x500094, <SimProcedure __getmainargs>). Not re-hooking.[0m[0m
[1;33;40mWARNING - 2023-01-04 10:04:57,017 - [34mangr.project[0m - [34mAddress is already hooked, during hook(0x50009c, <SimProcedure exit>). Not re-hooking.[0m[0m
[1;33;40mWARNING - 2023-01-04 10:04:57,017 - [34mangr.project[0m - [34mAddress is already hooked, during hook(0x5000ac, <SimProcedure strstr>). Not re-hooking.[0m[0m
[1;33;40mWARNING - 2023-01-04 10:04:57,017 - [34mangr.project[0m - [34mAddress is already hooked, during hook(0x5000b4, <SimProcedure strncpy>). Not re-hooking.[0m[0m
[1;33;40mWARNING - 2023-01-04 10:04:57,017 - [34mangr.project[0m - [34mAddress is already hooked, during hook(0x5000b8, <SimProcedure atoi>). Not re-hooking.[0m[0m
[1;33;40mWARNING - 2023-01-04 10:04:57,017 - [34mangr.project[0m - [34mAddress is already hooked, during hook(0x5000bc, <SimProcedure time>). Not re-hooking.[0m[0m
[1;33;40mWARNING - 2023-01-04 10:04:57,017 - [34mangr.project[0m - [34mAddress is already hooked, during hook(0x5000c0, <SimProcedure srand>). Not re-hooking.[0m[0m
[1;33;40mWARNING - 2023-01-04 10:04:57,017 - [34mangr.project[0m - [34mAddress is already hooked, during hook(0x5000c4, <SimProcedure rand>). Not re-hooking.[0m[0m
[1;33;40mWARNING - 2023-01-04 10:04:57,017 - [34mangr.project[0m - [34mAddress is already hooked, during hook(0x5000c8, <SimProcedure realloc>). Not re-hooking.[0m[0m
[1;33;40mWARNING - 2023-01-04 10:04:57,018 - [34mangr.project[0m - [34mAddress is already hooked, during hook(0x5000cc, <SimProcedure free>). Not re-hooking.[0m[0m
[1;33;40mWARNING - 2023-01-04 10:04:57,018 - [34mangr.project[0m - [34mAddress is already hooked, during hook(0x5000d0, <SimProcedure malloc>). Not re-hooking.[0m[0m
[1;33;40mWARNING - 2023-01-04 10:04:57,018 - [34mangr.project[0m - [34mAddress is already hooked, during hook(0x5000d4, <SimProcedure sprintf>). Not re-hooking.[0m[0m
[1;33;40mWARNING - 2023-01-04 10:04:57,018 - [34mangr.project[0m - [34mAddress is already hooked, during hook(0x5000ec, <SimProcedure setsockopt>). Not re-hooking.[0m[0m
[1;33;40mWARNING - 2023-01-04 10:04:57,018 - [34mangr.project[0m - [34mAddress is already hooked, during hook(0x5000f0, <SimProcedure recv>). Not re-hooking.[0m[0m
[1;33;40mWARNING - 2023-01-04 10:04:57,018 - [34mangr.project[0m - [34mAddress is already hooked, during hook(0x5000f8, <SimProcedure select>). Not re-hooking.[0m[0m
[1;33;40mWARNING - 2023-01-04 10:04:57,018 - [34mangr.project[0m - [34mAddress is already hooked, during hook(0x5000fc, <SimProcedure send>). Not re-hooking.[0m[0m
[1;33;40mWARNING - 2023-01-04 10:04:57,019 - [34mangr.project[0m - [34mAddress is already hooked, during hook(0x500108, <SimProcedure htons>). Not re-hooking.[0m[0m
[1;33;40mWARNING - 2023-01-04 10:04:57,019 - [34mangr.project[0m - [34mAddress is already hooked, during hook(0x50010c, <SimProcedure inet_ntoa>). Not re-hooking.[0m[0m
[1;33;40mWARNING - 2023-01-04 10:04:57,019 - [34mangr.project[0m - [34mAddress is already hooked, during hook(0x500110, <SimProcedure htonl>). Not re-hooking.[0m[0m
[1;33;40mWARNING - 2023-01-04 10:04:57,019 - [34mangr.project[0m - [34mAddress is already hooked, during hook(0x500114, <SimProcedure socket>). Not re-hooking.[0m[0m
[1;33;40mWARNING - 2023-01-04 10:04:57,019 - [34mangr.project[0m - [34mAddress is already hooked, during hook(0x601014, <SimProcedure KiUserExceptionDispatcher>). Not re-hooking.[0m[0m
[1;32;40mINFO - 2023-01-04 10:04:57,019 - [36mCustomSimProcedure[0m - [36mcustom_hook_windows_symbols[0m[0m
[1;32;40mINFO - 2023-01-04 10:04:58,578 - [33mwerkzeug[0m - [33m172.17.0.1 - - [04/Jan/2023 10:04:58] "GET /iteration-scdg HTTP/1.1" 200 -[0m[0m
[1;32;40mINFO - 2023-01-04 10:04:58,590 - [33mwerkzeug[0m - [33m172.17.0.1 - - [04/Jan/2023 10:04:58] "GET /progress-scdg HTTP/1.1" 200 -[0m[0m
[1;32;40mINFO - 2023-01-04 10:04:59,106 - [33mwerkzeug[0m - [33m172.17.0.1 - - [04/Jan/2023 10:04:59] "GET /iteration-scdg HTTP/1.1" 200 -[0m[0m
[1;32;40mINFO - 2023-01-04 10:04:59,123 - [33mwerkzeug[0m - [33m172.17.0.1 - - [04/Jan/2023 10:04:59] "GET /progress-scdg HTTP/1.1" 200 -[0m[0m
[1;33;40mWARNING - 2023-01-04 10:04:59,227 - [34mangr.project[0m - [34mAddress is already hooked, during hook(0x500000, <SimProcedure ReleaseMutex>). Re-hooking.[0m[0m
[1;33;40mWARNING - 2023-01-04 10:04:59,229 - [34mangr.project[0m - [34mAddress is already hooked, during hook(0x500000, <SimProcedure ReleaseMutex>). Re-hooking.[0m[0m
[1;33;40mWARNING - 2023-01-04 10:04:59,244 - [34mangr.project[0m - [34mAddress is already hooked, during hook(0x500020, <SimProcedure WaitForSingleObject>). Re-hooking.[0m[0m
[1;33;40mWARNING - 2023-01-04 10:04:59,245 - [34mangr.project[0m - [34mAddress is already hooked, during hook(0x500020, <SimProcedure WaitForSingleObject>). Re-hooking.[0m[0m
[1;33;40mWARNING - 2023-01-04 10:04:59,304 - [34mangr.project[0m - [34mAddress is already hooked, during hook(0x500050, <SimProcedure CloseHandle>). Re-hooking.[0m[0m
[1;33;40mWARNING - 2023-01-04 10:04:59,305 - [34mangr.project[0m - [34mAddress is already hooked, during hook(0x500050, <SimProcedure CloseHandle>). Re-hooking.[0m[0m
[1;33;40mWARNING - 2023-01-04 10:04:59,444 - [34mangr.project[0m - [34mAddress is already hooked, during hook(0x50000c, <SimProcedure CreateProcessA>). Re-hooking.[0m[0m
[1;33;40mWARNING - 2023-01-04 10:04:59,445 - [34mangr.project[0m - [34mAddress is already hooked, during hook(0x50000c, <SimProcedure CreateProcessA>). Re-hooking.[0m[0m
[1;33;40mWARNING - 2023-01-04 10:04:59,657 - [34mangr.project[0m - [34mAddress is already hooked, during hook(0x500014, <SimProcedure ExitThread>). Re-hooking.[0m[0m
[1;33;40mWARNING - 2023-01-04 10:04:59,659 - [34mangr.project[0m - [34mAddress is already hooked, during hook(0x500014, <SimProcedure ExitThread>). Re-hooking.[0m[0m
[1;33;40mWARNING - 2023-01-04 10:04:59,952 - [34mangr.project[0m - [34mAddress is already hooked, during hook(0x50004c, <SimProcedure GetCurrentThread>). Re-hooking.[0m[0m
[1;33;40mWARNING - 2023-01-04 10:04:59,954 - [34mangr.project[0m - [34mAddress is already hooked, during hook(0x50004c, <SimProcedure GetCurrentThread>). Re-hooking.[0m[0m
[1;33;40mWARNING - 2023-01-04 10:05:00,249 - [34mangr.project[0m - [34mAddress is already hooked, during hook(0x500018, <SimProcedure GetStartupInfoA>). Re-hooking.[0m[0m
[1;33;40mWARNING - 2023-01-04 10:05:00,250 - [34mangr.project[0m - [34mAddress is already hooked, during hook(0x500018, <SimProcedure GetStartupInfoA>). Re-hooking.[0m[0m
[1;33;40mWARNING - 2023-01-04 10:05:00,681 - [34mangr.project[0m - [34mAddress is already hooked, during hook(0x50003c, <SimProcedure OpenMutexA>). Re-hooking.[0m[0m
[1;33;40mWARNING - 2023-01-04 10:05:00,682 - [34mangr.project[0m - [34mAddress is already hooked, during hook(0x50003c, <SimProcedure OpenMutexA>). Re-hooking.[0m[0m
[1;33;40mWARNING - 2023-01-04 10:05:01,081 - [34mangr.project[0m - [34mAddress is already hooked, during hook(0x50002c, <SimProcedure SetFilePointer>). Re-hooking.[0m[0m
[1;33;40mWARNING - 2023-01-04 10:05:01,082 - [34mangr.project[0m - [34mAddress is already hooked, during hook(0x50002c, <SimProcedure SetFilePointer>). Re-hooking.[0m[0m
[1;32;40mINFO - 2023-01-04 10:05:01,098 - [33mwerkzeug[0m - [33m172.17.0.1 - - [04/Jan/2023 10:05:01] "GET /iteration-scdg HTTP/1.1" 200 -[0m[0m
[1;32;40mINFO - 2023-01-04 10:05:01,120 - [33mwerkzeug[0m - [33m172.17.0.1 - - [04/Jan/2023 10:05:01] "GET /progress-scdg HTTP/1.1" 200 -[0m[0m
[1;33;40mWARNING - 2023-01-04 10:05:01,239 - [34mangr.project[0m - [34mAddress is already hooked, during hook(0x500004, <SimProcedure Sleep>). Re-hooking.[0m[0m
[1;33;40mWARNING - 2023-01-04 10:05:01,241 - [34mangr.project[0m - [34mAddress is already hooked, during hook(0x500004, <SimProcedure Sleep>). Re-hooking.[0m[0m
[1;33;40mWARNING - 2023-01-04 10:05:01,368 - [34mangr.project[0m - [34mAddress is already hooked, during hook(0x500020, <SimProcedure WaitForSingleObject>). Re-hooking.[0m[0m
[1;33;40mWARNING - 2023-01-04 10:05:01,369 - [34mangr.project[0m - [34mAddress is already hooked, during hook(0x500020, <SimProcedure WaitForSingleObject>). Re-hooking.[0m[0m
[1;33;40mWARNING - 2023-01-04 10:05:01,501 - [34mangr.project[0m - [34mAddress is already hooked, during hook(0x500038, <SimProcedure lstrlenA>). Re-hooking.[0m[0m
[1;33;40mWARNING - 2023-01-04 10:05:01,503 - [34mangr.project[0m - [34mAddress is already hooked, during hook(0x500038, <SimProcedure lstrlenA>). Re-hooking.[0m[0m
[1;33;40mWARNING - 2023-01-04 10:05:01,607 - [34mangr.project[0m - [34mAddress is already hooked, during hook(0x500014, <SimProcedure ExitThread>). Re-hooking.[0m[0m
[1;33;40mWARNING - 2023-01-04 10:05:01,608 - [34mangr.project[0m - [34mAddress is already hooked, during hook(0x500014, <SimProcedure ExitThread>). Re-hooking.[0m[0m
[1;33;40mWARNING - 2023-01-04 10:05:01,910 - [34mangr.project[0m - [34mAddress is already hooked, during hook(0x50000c, <SimProcedure CreateProcessA>). Re-hooking.[0m[0m
[1;33;40mWARNING - 2023-01-04 10:05:01,912 - [34mangr.project[0m - [34mAddress is already hooked, during hook(0x50000c, <SimProcedure CreateProcessA>). Re-hooking.[0m[0m
[1;33;40mWARNING - 2023-01-04 10:05:02,066 - [34mangr.project[0m - [34mAddress is already hooked, during hook(0x50002c, <SimProcedure SetFilePointer>). Re-hooking.[0m[0m
[1;33;40mWARNING - 2023-01-04 10:05:02,068 - [34mangr.project[0m - [34mAddress is already hooked, during hook(0x50002c, <SimProcedure SetFilePointer>). Re-hooking.[0m[0m
[1;33;40mWARNING - 2023-01-04 10:05:02,117 - [34mangr.project[0m - [34mAddress is already hooked, during hook(0x500048, <SimProcedure GetCurrentProcess>). Re-hooking.[0m[0m
[1;33;40mWARNING - 2023-01-04 10:05:02,119 - [34mangr.project[0m - [34mAddress is already hooked, during hook(0x500048, <SimProcedure GetCurrentProcess>). Re-hooking.[0m[0m
[1;33;40mWARNING - 2023-01-04 10:05:02,500 - [34mangr.project[0m - [34mAddress is already hooked, during hook(0x500060, <SimProcedure GetSystemDefaultUILanguage>). Re-hooking.[0m[0m
[1;33;40mWARNING - 2023-01-04 10:05:02,501 - [34mangr.project[0m - [34mAddress is already hooked, during hook(0x500060, <SimProcedure GetSystemDefaultUILanguage>). Re-hooking.[0m[0m
[1;33;40mWARNING - 2023-01-04 10:05:02,567 - [34mangr.project[0m - [34mAddress is already hooked, during hook(0x50004c, <SimProcedure GetCurrentThread>). Re-hooking.[0m[0m
[1;33;40mWARNING - 2023-01-04 10:05:02,569 - [34mangr.project[0m - [34mAddress is already hooked, during hook(0x50004c, <SimProcedure GetCurrentThread>). Re-hooking.[0m[0m
[1;33;40mWARNING - 2023-01-04 10:05:02,603 - [34mangr.project[0m - [34mAddress is already hooked, during hook(0x500048, <SimProcedure GetCurrentProcess>). Re-hooking.[0m[0m
[1;33;40mWARNING - 2023-01-04 10:05:02,605 - [34mangr.project[0m - [34mAddress is already hooked, during hook(0x500048, <SimProcedure GetCurrentProcess>). Re-hooking.[0m[0m
[1;33;40mWARNING - 2023-01-04 10:05:02,742 - [34mangr.project[0m - [34mAddress is already hooked, during hook(0x500038, <SimProcedure lstrlenA>). Re-hooking.[0m[0m
[1;33;40mWARNING - 2023-01-04 10:05:02,744 - [34mangr.project[0m - [34mAddress is already hooked, during hook(0x500038, <SimProcedure lstrlenA>). Re-hooking.[0m[0m
[1;33;40mWARNING - 2023-01-04 10:05:02,997 - [34mangr.project[0m - [34mAddress is already hooked, during hook(0x50003c, <SimProcedure OpenMutexA>). Re-hooking.[0m[0m
[1;33;40mWARNING - 2023-01-04 10:05:02,999 - [34mangr.project[0m - [34mAddress is already hooked, during hook(0x50003c, <SimProcedure OpenMutexA>). Re-hooking.[0m[0m
[1;33;40mWARNING - 2023-01-04 10:05:03,115 - [34mangr.project[0m - [34mAddress is already hooked, during hook(0x500060, <SimProcedure GetSystemDefaultUILanguage>). Re-hooking.[0m[0m
[1;33;40mWARNING - 2023-01-04 10:05:03,117 - [34mangr.project[0m - [34mAddress is already hooked, during hook(0x500060, <SimProcedure GetSystemDefaultUILanguage>). Re-hooking.[0m[0m
[1;33;40mWARNING - 2023-01-04 10:05:03,234 - [34mangr.project[0m - [34mAddress is already hooked, during hook(0x500050, <SimProcedure CloseHandle>). Re-hooking.[0m[0m
[1;33;40mWARNING - 2023-01-04 10:05:03,235 - [34mangr.project[0m - [34mAddress is already hooked, during hook(0x500050, <SimProcedure CloseHandle>). Re-hooking.[0m[0m
[1;32;40mINFO - 2023-01-04 10:05:03,585 - [33mwerkzeug[0m - [33m172.17.0.1 - - [04/Jan/2023 10:05:03] "GET /iteration-scdg HTTP/1.1" 200 -[0m[0m
[1;32;40mINFO - 2023-01-04 10:05:03,606 - [33mwerkzeug[0m - [33m172.17.0.1 - - [04/Jan/2023 10:05:03] "GET /progress-scdg HTTP/1.1" 200 -[0m[0m
[1;33;40mWARNING - 2023-01-04 10:05:03,691 - [34mangr.project[0m - [34mAddress is already hooked, during hook(0x500000, <SimProcedure ReleaseMutex>). Re-hooking.[0m[0m
[1;33;40mWARNING - 2023-01-04 10:05:03,692 - [34mangr.project[0m - [34mAddress is already hooked, during hook(0x500000, <SimProcedure ReleaseMutex>). Re-hooking.[0m[0m
[1;33;40mWARNING - 2023-01-04 10:05:03,853 - [34mangr.project[0m - [34mAddress is already hooked, during hook(0x500018, <SimProcedure GetStartupInfoA>). Re-hooking.[0m[0m
[1;33;40mWARNING - 2023-01-04 10:05:03,854 - [34mangr.project[0m - [34mAddress is already hooked, during hook(0x500018, <SimProcedure GetStartupInfoA>). Re-hooking.[0m[0m
[1;32;40mINFO - 2023-01-04 10:05:04,099 - [33mwerkzeug[0m - [33m172.17.0.1 - - [04/Jan/2023 10:05:04] "GET /iteration-scdg HTTP/1.1" 200 -[0m[0m
[1;32;40mINFO - 2023-01-04 10:05:04,116 - [33mwerkzeug[0m - [33m172.17.0.1 - - [04/Jan/2023 10:05:04] "GET /progress-scdg HTTP/1.1" 200 -[0m[0m
[1;33;40mWARNING - 2023-01-04 10:05:04,190 - [34mangr.project[0m - [34mAddress is already hooked, during hook(0x500004, <SimProcedure Sleep>). Re-hooking.[0m[0m
[1;33;40mWARNING - 2023-01-04 10:05:04,192 - [34mangr.project[0m - [34mAddress is already hooked, during hook(0x500004, <SimProcedure Sleep>). Re-hooking.[0m[0m
[1;33;40mWARNING - 2023-01-04 10:05:05,313 - [34mangr.project[0m - [34mAddress is already hooked, during hook(0x5000a4, <SimProcedure _exit>). Re-hooking.[0m[0m
[1;33;40mWARNING - 2023-01-04 10:05:05,314 - [34mangr.project[0m - [34mAddress is already hooked, during hook(0x5000a4, <SimProcedure _exit>). Re-hooking.[0m[0m
[1;33;40mWARNING - 2023-01-04 10:05:05,753 - [34mangr.project[0m - [34mAddress is already hooked, during hook(0x5000b0, <SimProcedure strcspn>). Re-hooking.[0m[0m
[1;33;40mWARNING - 2023-01-04 10:05:05,754 - [34mangr.project[0m - [34mAddress is already hooked, during hook(0x5000b0, <SimProcedure strcspn>). Re-hooking.[0m[0m
[1;33;40mWARNING - 2023-01-04 10:05:06,001 - [34mangr.project[0m - [34mAddress is already hooked, during hook(0x5000b0, <SimProcedure strcspn>). Re-hooking.[0m[0m
[1;33;40mWARNING - 2023-01-04 10:05:06,002 - [34mangr.project[0m - [34mAddress is already hooked, during hook(0x5000b0, <SimProcedure strcspn>). Re-hooking.[0m[0m
[1;32;40mINFO - 2023-01-04 10:05:06,114 - [33mwerkzeug[0m - [33m172.17.0.1 - - [04/Jan/2023 10:05:06] "GET /iteration-scdg HTTP/1.1" 200 -[0m[0m
[1;32;40mINFO - 2023-01-04 10:05:06,125 - [33mwerkzeug[0m - [33m172.17.0.1 - - [04/Jan/2023 10:05:06] "GET /progress-scdg HTTP/1.1" 200 -[0m[0m
[1;33;40mWARNING - 2023-01-04 10:05:06,150 - [34mangr.project[0m - [34mAddress is already hooked, during hook(0x5000a4, <SimProcedure _exit>). Re-hooking.[0m[0m
[1;33;40mWARNING - 2023-01-04 10:05:06,151 - [34mangr.project[0m - [34mAddress is already hooked, during hook(0x5000a4, <SimProcedure _exit>). Re-hooking.[0m[0m
[1;33;40mWARNING - 2023-01-04 10:05:06,541 - [34mangr.project[0m - [34mAddress is already hooked, during hook(0x5000e4, <SimProcedure SHDeleteKeyA>). Re-hooking.[0m[0m
[1;33;40mWARNING - 2023-01-04 10:05:06,543 - [34mangr.project[0m - [34mAddress is already hooked, during hook(0x5000e4, <SimProcedure SHDeleteKeyA>). Re-hooking.[0m[0m
[1;33;40mWARNING - 2023-01-04 10:05:07,001 - [34mangr.project[0m - [34mAddress is already hooked, during hook(0x5000e4, <SimProcedure SHDeleteKeyA>). Re-hooking.[0m[0m
[1;33;40mWARNING - 2023-01-04 10:05:07,002 - [34mangr.project[0m - [34mAddress is already hooked, during hook(0x5000e4, <SimProcedure SHDeleteKeyA>). Re-hooking.[0m[0m
[1;33;40mWARNING - 2023-01-04 10:05:07,624 - [34mangr.project[0m - [34mAddress is already hooked, during hook(0x50011c, <SimProcedure closesocket>). Re-hooking.[0m[0m
[1;33;40mWARNING - 2023-01-04 10:05:07,625 - [34mangr.project[0m - [34mAddress is already hooked, during hook(0x50011c, <SimProcedure closesocket>). Re-hooking.[0m[0m
[1;33;40mWARNING - 2023-01-04 10:05:07,626 - [34mangr.project[0m - [34mAddress is already hooked, during hook(0x500118, <SimProcedure connect>). Re-hooking.[0m[0m
[1;33;40mWARNING - 2023-01-04 10:05:07,627 - [34mangr.project[0m - [34mAddress is already hooked, during hook(0x500118, <SimProcedure connect>). Re-hooking.[0m[0m
[1;33;40mWARNING - 2023-01-04 10:05:07,636 - [34mangr.project[0m - [34mAddress is already hooked, during hook(0x500120, <SimProcedure inet_addr>). Re-hooking.[0m[0m
[1;33;40mWARNING - 2023-01-04 10:05:07,637 - [34mangr.project[0m - [34mAddress is already hooked, during hook(0x500120, <SimProcedure inet_addr>). Re-hooking.[0m[0m
[1;33;40mWARNING - 2023-01-04 10:05:07,652 - [34mangr.project[0m - [34mAddress is already hooked, during hook(0x500124, <SimProcedure sendto>). Re-hooking.[0m[0m
[1;33;40mWARNING - 2023-01-04 10:05:07,653 - [34mangr.project[0m - [34mAddress is already hooked, during hook(0x500124, <SimProcedure sendto>). Re-hooking.[0m[0m
[1;33;40mWARNING - 2023-01-04 10:05:07,694 - [34mangr.project[0m - [34mAddress is already hooked, during hook(0x500104, <SimProcedure WSAStartup>). Re-hooking.[0m[0m
[1;33;40mWARNING - 2023-01-04 10:05:07,695 - [34mangr.project[0m - [34mAddress is already hooked, during hook(0x500104, <SimProcedure WSAStartup>). Re-hooking.[0m[0m
[1;33;40mWARNING - 2023-01-04 10:05:07,697 - [34mangr.project[0m - [34mAddress is already hooked, during hook(0x500128, <SimProcedure WSACleanup>). Re-hooking.[0m[0m
[1;33;40mWARNING - 2023-01-04 10:05:07,698 - [34mangr.project[0m - [34mAddress is already hooked, during hook(0x500128, <SimProcedure WSACleanup>). Re-hooking.[0m[0m
[1;33;40mWARNING - 2023-01-04 10:05:07,699 - [34mangr.project[0m - [34mAddress is already hooked, during hook(0x500124, <SimProcedure sendto>). Re-hooking.[0m[0m
[1;33;40mWARNING - 2023-01-04 10:05:07,700 - [34mangr.project[0m - [34mAddress is already hooked, during hook(0x500124, <SimProcedure sendto>). Re-hooking.[0m[0m
[1;33;40mWARNING - 2023-01-04 10:05:07,701 - [34mangr.project[0m - [34mAddress is already hooked, during hook(0x500118, <SimProcedure connect>). Re-hooking.[0m[0m
[1;33;40mWARNING - 2023-01-04 10:05:07,702 - [34mangr.project[0m - [34mAddress is already hooked, during hook(0x500118, <SimProcedure connect>). Re-hooking.[0m[0m
[1;33;40mWARNING - 2023-01-04 10:05:07,704 - [34mangr.project[0m - [34mAddress is already hooked, during hook(0x5000f4, <SimProcedure __WSAFDIsSet>). Re-hooking.[0m[0m
[1;33;40mWARNING - 2023-01-04 10:05:07,705 - [34mangr.project[0m - [34mAddress is already hooked, during hook(0x5000f4, <SimProcedure __WSAFDIsSet>). Re-hooking.[0m[0m
[1;33;40mWARNING - 2023-01-04 10:05:07,710 - [34mangr.project[0m - [34mAddress is already hooked, during hook(0x500120, <SimProcedure inet_addr>). Re-hooking.[0m[0m
[1;33;40mWARNING - 2023-01-04 10:05:07,711 - [34mangr.project[0m - [34mAddress is already hooked, during hook(0x500120, <SimProcedure inet_addr>). Re-hooking.[0m[0m
[1;33;40mWARNING - 2023-01-04 10:05:07,717 - [34mangr.project[0m - [34mAddress is already hooked, during hook(0x5000f4, <SimProcedure __WSAFDIsSet>). Re-hooking.[0m[0m
[1;33;40mWARNING - 2023-01-04 10:05:07,718 - [34mangr.project[0m - [34mAddress is already hooked, during hook(0x5000f4, <SimProcedure __WSAFDIsSet>). Re-hooking.[0m[0m
[1;33;40mWARNING - 2023-01-04 10:05:07,735 - [34mangr.project[0m - [34mAddress is already hooked, during hook(0x500104, <SimProcedure WSAStartup>). Re-hooking.[0m[0m
[1;33;40mWARNING - 2023-01-04 10:05:07,736 - [34mangr.project[0m - [34mAddress is already hooked, during hook(0x500104, <SimProcedure WSAStartup>). Re-hooking.[0m[0m
[1;33;40mWARNING - 2023-01-04 10:05:07,754 - [34mangr.project[0m - [34mAddress is already hooked, during hook(0x50011c, <SimProcedure closesocket>). Re-hooking.[0m[0m
[1;33;40mWARNING - 2023-01-04 10:05:07,756 - [34mangr.project[0m - [34mAddress is already hooked, during hook(0x50011c, <SimProcedure closesocket>). Re-hooking.[0m[0m
[1;33;40mWARNING - 2023-01-04 10:05:07,772 - [34mangr.project[0m - [34mAddress is already hooked, during hook(0x500128, <SimProcedure WSACleanup>). Re-hooking.[0m[0m
[1;33;40mWARNING - 2023-01-04 10:05:07,774 - [34mangr.project[0m - [34mAddress is already hooked, during hook(0x500128, <SimProcedure WSACleanup>). Re-hooking.[0m[0m
[1;33;40mWARNING - 2023-01-04 10:05:07,795 - [34mangr.project[0m - [34mAddress is already hooked, during hook(0x5000dc, <SimProcedure ShellExecuteExA>). Re-hooking.[0m[0m
[1;33;40mWARNING - 2023-01-04 10:05:07,796 - [34mangr.project[0m - [34mAddress is already hooked, during hook(0x5000dc, <SimProcedure ShellExecuteExA>). Re-hooking.[0m[0m
[1;33;40mWARNING - 2023-01-04 10:05:07,830 - [34mangr.project[0m - [34mAddress is already hooked, during hook(0x5000d8, <SimProcedure ShellExecuteA>). Re-hooking.[0m[0m
[1;33;40mWARNING - 2023-01-04 10:05:07,831 - [34mangr.project[0m - [34mAddress is already hooked, during hook(0x5000d8, <SimProcedure ShellExecuteA>). Re-hooking.[0m[0m
[1;33;40mWARNING - 2023-01-04 10:05:07,833 - [34mangr.project[0m - [34mAddress is already hooked, during hook(0x5000dc, <SimProcedure ShellExecuteExA>). Re-hooking.[0m[0m
[1;33;40mWARNING - 2023-01-04 10:05:07,834 - [34mangr.project[0m - [34mAddress is already hooked, during hook(0x5000dc, <SimProcedure ShellExecuteExA>). Re-hooking.[0m[0m
[1;33;40mWARNING - 2023-01-04 10:05:07,935 - [34mangr.project[0m - [34mAddress is already hooked, during hook(0x5000d8, <SimProcedure ShellExecuteA>). Re-hooking.[0m[0m
[1;33;40mWARNING - 2023-01-04 10:05:07,936 - [34mangr.project[0m - [34mAddress is already hooked, during hook(0x5000d8, <SimProcedure ShellExecuteA>). Re-hooking.[0m[0m
[1;33;40mWARNING - 2023-01-04 10:05:08,139 - [34mangr.project[0m - [34mAddress is already hooked, during hook(0x5000e0, <SimProcedure SHChangeNotify>). Re-hooking.[0m[0m
[1;33;40mWARNING - 2023-01-04 10:05:08,140 - [34mangr.project[0m - [34mAddress is already hooked, during hook(0x5000e0, <SimProcedure SHChangeNotify>). Re-hooking.[0m[0m
[1;32;40mINFO - 2023-01-04 10:05:08,197 - [36mCustomSimProcedure[0m - [36mSyscall found:  __p__fmode[][0m[0m
[1;32;40mINFO - 2023-01-04 10:05:08,205 - [36mCustomSimProcedure[0m - [36mSyscall found:  __p__commode[][0m[0m
[1;32;40mINFO - 2023-01-04 10:05:08,237 - [36mCustomSimProcedure[0m - [36mSyscall found:  _controlfp[][0m[0m
[1;32;40mINFO - 2023-01-04 10:05:08,273 - [36mCustomSimProcedure[0m - [36mSyscall found:  __getmainargs[<BV32 0x7ffefe48>, <BV32 0x7ffefe38>, <BV32 0x7ffefe44>, <BV32 0x0>, <BV32 0x7ffefe3c>][0m[0m
[1;32;40mINFO - 2023-01-04 10:05:08,570 - [33mwerkzeug[0m - [33m172.17.0.1 - - [04/Jan/2023 10:05:08] "GET /iteration-scdg HTTP/1.1" 200 -[0m[0m
[1;32;40mINFO - 2023-01-04 10:05:08,571 - [33mwerkzeug[0m - [33m172.17.0.1 - - [04/Jan/2023 10:05:08] "GET /progress-scdg HTTP/1.1" 200 -[0m[0m
[1;32;40mINFO - 2023-01-04 10:05:08,817 - [36mCustomSimProcedure[0m - [36mSyscall found:  GetStartupInfoA[<BV32 0x7ffefe4c>][0m[0m
[1;32;40mINFO - 2023-01-04 10:05:08,840 - [36mCustomSimProcedure[0m - [36mSyscall found:  GetModuleHandleA[<BV32 0x0>][0m[0m
[1;32;40mINFO - 2023-01-04 10:05:08,866 - [37mCustomSimProcedureWindows[0m - [37mLoadLibraryA: Symbol not found[0m[0m
[1;32;40mINFO - 2023-01-04 10:05:08,893 - [36mCustomSimProcedure[0m - {'ReleaseMutex': 5242880, 'Sleep': 5242884, 'lstrcpyA': 5242888, 'CreateProcessA': 5242892, 'TerminateProcess': 5242896, 'ExitThread': 5242900, 'GetStartupInfoA': 5242904, 'GetModuleHandleA': 5242908, 'WaitForSingleObject': 5242912, 'GetModuleFileNameA': 5242916, 'CreateFileA': 5242920, 'SetFilePointer': 5242924, 'WriteFile': 5242928, 'lstrcpynA': 5242932, 'lstrlenA': 5242936, 'OpenMutexA': 5242940, 'GetComputerNameA': 5242944, 'ExitProcess': 5242948, 'GetCurrentProcess': 5242952, 'GetCurrentThread': 5242956, 'CloseHandle': 5242960, 'CreateThread': 5242964, 'LoadLibraryA': 5242968, 'GetProcAddress': 5242972, 'GetSystemDefaultUILanguage': 5242976, 'GetTickCount': 5242980, 'GetAdaptersInfo': 5242984, 'GetIfTable': 5242988, "ordinal.823.b'mfc42.dll'": 5242992, "ordinal.825.b'mfc42.dll'": 5242996, '_controlfp': 5243000, '__set_app_type': 5243004, '__p__fmode': 5243008, '__p__commode': 5243012, '_adjust_fdiv': 5243016, '__setusermatherr': 5243020, '_initterm': 5243024, '__getmainargs': 5243028, '_acmdln': 5243032, 'exit': 5243036, '_XcptFilter': 5243040, '_exit': 5243044, '_except_handler3': 5243048, 'strstr': 5243052, 'strcspn': 5243056, 'strncpy': 5243060, 'atoi': 5243064, 'time': 5243068, 'srand': 5243072, 'rand': 5243076, 'realloc': 5243080, 'free': 5243084, 'malloc': 5243088, 'sprintf': 5243092, 'ShellExecuteA': 5243096, 'ShellExecuteExA': 5243100, 'SHChangeNotify': 5243104, 'SHDeleteKeyA': 5243108, 'wsprintfA': 5243112, 'setsockopt': 5243116, 'recv': 5243120, '__WSAFDIsSet': 5243124, 'select': 5243128, 'send': 5243132, 'WSAIoctl': 5243136, 'WSAStartup': 5243140, 'htons': 5243144, 'inet_ntoa': 5243148, 'htonl': 5243152, 'socket': 5243156, 'connect': 5243160, 'closesocket': 5243164, 'inet_addr': 5243168, 'sendto': 5243172, 'WSACleanup': 5243176, 'KiUserExceptionDispatcher': 6295572, '_fmode': 6295576, '_commode': 6295580, '_wcmdln': 6295584, 'advapi32.dll': 6295588}[0m
[1;32;40mINFO - 2023-01-04 10:05:08,894 - [36mCustomSimProcedure[0m - [36mWas in angr :user32.dll[0m[0m
[1;33;40mWARNING - 2023-01-04 10:05:08,896 - [36mCustomSimProcedure[0m - [36mProcedure wsprintfA in DLL user32.dll has 3 arguments in json and 2 arguments in angr prototype. Taking number of arguments from json.[0m[0m
[1;33;40mWARNING - 2023-01-04 10:05:08,896 - [36mCustomSimProcedure[0m - [36mProcedure wsprintfW in DLL user32.dll has 3 arguments in json and 2 arguments in angr prototype. Taking number of arguments from json.[0m[0m
[1;33;40mWARNING - 2023-01-04 10:05:08,942 - [34mangr.project[0m - [34mAddress is already hooked, during hook(0x5000fc, <SimProcedure send>). Not re-hooking.[0m[0m
[1;33;40mWARNING - 2023-01-04 10:05:08,942 - [34mangr.project[0m - [34mAddress is already hooked, during hook(0x500120, <SimProcedure inet_addr>). Not re-hooking.[0m[0m
[1;33;40mWARNING - 2023-01-04 10:05:08,942 - [34mangr.project[0m - [34mAddress is already hooked, during hook(0x5000f4, <SimProcedure __WSAFDIsSet>). Not re-hooking.[0m[0m
[1;33;40mWARNING - 2023-01-04 10:05:08,942 - [34mangr.project[0m - [34mAddress is already hooked, during hook(0x5000ec, <SimProcedure setsockopt>). Not re-hooking.[0m[0m
[1;33;40mWARNING - 2023-01-04 10:05:08,942 - [34mangr.project[0m - [34mAddress is already hooked, during hook(0x500104, <SimProcedure WSAStartup>). Not re-hooking.[0m[0m
[1;33;40mWARNING - 2023-01-04 10:05:08,942 - [34mangr.project[0m - [34mAddress is already hooked, during hook(0x50011c, <SimProcedure closesocket>). Not re-hooking.[0m[0m
[1;33;40mWARNING - 2023-01-04 10:05:08,943 - [34mangr.project[0m - [34mAddress is already hooked, during hook(0x500110, <SimProcedure htonl>). Not re-hooking.[0m[0m
[1;33;40mWARNING - 2023-01-04 10:05:08,943 - [34mangr.project[0m - [34mAddress is already hooked, during hook(0x500108, <SimProcedure htons>). Not re-hooking.[0m[0m
[1;33;40mWARNING - 2023-01-04 10:05:08,943 - [34mangr.project[0m - [34mAddress is already hooked, during hook(0x500128, <SimProcedure WSACleanup>). Not re-hooking.[0m[0m
[1;32;40mINFO - 2023-01-04 10:05:08,946 - [36mCustomSimProcedure[0m - [36mWas in angr :advapi32.dll[0m[0m
[1;32;40mINFO - 2023-01-04 10:05:08,979 - [36mCustomSimProcedure[0m - [36mWas in angr :msvcrt.dll[0m[0m
[1;32;40mINFO - 2023-01-04 10:05:09,021 - [36mCustomSimProcedure[0m - [36mWas in angr :kernel32.dll[0m[0m
[1;32;40mINFO - 2023-01-04 10:05:09,109 - [33mwerkzeug[0m - [33m172.17.0.1 - - [04/Jan/2023 10:05:09] "GET /iteration-scdg HTTP/1.1" 200 -[0m[0m
[1;32;40mINFO - 2023-01-04 10:05:09,126 - [33mwerkzeug[0m - [33m172.17.0.1 - - [04/Jan/2023 10:05:09] "GET /progress-scdg HTTP/1.1" 200 -[0m[0m
[1;33;40mWARNING - 2023-01-04 10:05:09,132 - [34mangr.project[0m - [34mAddress is already hooked, during hook(0x5000e4, <SimProcedure SHDeleteKeyA>). Not re-hooking.[0m[0m
[1;33;40mWARNING - 2023-01-04 10:05:09,160 - [34mangr.project[0m - [34mAddress is already hooked, during hook(0x5000dc, <SimProcedure ShellExecuteExA>). Not re-hooking.[0m[0m
[1;33;40mWARNING - 2023-01-04 10:05:09,160 - [34mangr.project[0m - [34mAddress is already hooked, during hook(0x5000d8, <SimProcedure ShellExecuteA>). Not re-hooking.[0m[0m
[1;33;40mWARNING - 2023-01-04 10:05:09,160 - [34mangr.project[0m - [34mAddress is already hooked, during hook(0x5000e0, <SimProcedure SHChangeNotify>). Not re-hooking.[0m[0m
[1;33;40mWARNING - 2023-01-04 10:05:09,166 - [34mangr.project[0m - [34mAddress is already hooked, during hook(0x5000bc, <SimProcedure time>). Not re-hooking.[0m[0m
[1;33;40mWARNING - 2023-01-04 10:05:09,166 - [34mangr.project[0m - [34mAddress is already hooked, during hook(0x601014, <SimProcedure KiUserExceptionDispatcher>). Not re-hooking.[0m[0m
[1;32;40mINFO - 2023-01-04 10:05:09,166 - [36mCustomSimProcedure[0m - [36mNo hooks for: {'GetIfTable': 5242988, "ordinal.823.b'mfc42.dll'": 5242992, "ordinal.825.b'mfc42.dll'": 5242996, '_controlfp': 5243000, '__set_app_type': 5243004, '_adjust_fdiv': 5243016, '__setusermatherr': 5243020, '_initterm': 5243024, '__getmainargs': 5243028, '_acmdln': 5243032, '_XcptFilter': 5243040, '_except_handler3': 5243048, 'WSAIoctl': 5243136, '_fmode': 6295576, '_commode': 6295580, '_wcmdln': 6295584, 'advapi32.dll': 6295588}[0m[0m
[1;32;40mINFO - 2023-01-04 10:05:09,169 - [36mCustomSimProcedure[0m - [36mSyscall found:  LoadLibraryA[<BV32 0x407154>][0m[0m
[1;32;40mINFO - 2023-01-04 10:05:09,191 - [37mCustomSimProcedureWindows[0m - [37mGetProcAddress: StartServiceCtrlDispatcherA[0m[0m
[1;32;40mINFO - 2023-01-04 10:05:09,191 - [37mCustomSimProcedureWindows[0m - [37mGetProcAddress - Query to lib : advapi32.dll[0m[0m
[1;32;40mINFO - 2023-01-04 10:05:09,191 - [37mCustomSimProcedureWindows[0m - [37mGetProcAddress: Symbol not found[0m[0m
[1;32;40mINFO - 2023-01-04 10:05:09,192 - [36mCustomSimProcedure[0m - [36mSyscall found:  GetProcAddress[<BV32 0x601024>, <BV32 0x4073d8>][0m[0m
[1;32;40mINFO - 2023-01-04 10:05:09,226 - [36mCustomSimProcedure[0m - [36mSyscall found:  LoadLibraryA[<BV32 0x407154>][0m[0m
[1;32;40mINFO - 2023-01-04 10:05:09,248 - [37mCustomSimProcedureWindows[0m - [37mGetProcAddress: RegCloseKey[0m[0m
[1;32;40mINFO - 2023-01-04 10:05:09,248 - [37mCustomSimProcedureWindows[0m - [37mGetProcAddress - Query to lib : advapi32.dll[0m[0m
[1;32;40mINFO - 2023-01-04 10:05:09,248 - [37mCustomSimProcedureWindows[0m - [37mGetProcAddress: Symbol not found[0m[0m
[1;32;40mINFO - 2023-01-04 10:05:09,248 - [36mCustomSimProcedure[0m - [36mSyscall found:  GetProcAddress[<BV32 0x601024>, <BV32 0x4071a4>][0m[0m
[1;32;40mINFO - 2023-01-04 10:05:09,268 - [36mCustomSimProcedure[0m - [36mSyscall found:  LoadLibraryA[<BV32 0x407154>][0m[0m
[1;32;40mINFO - 2023-01-04 10:05:09,288 - [37mCustomSimProcedureWindows[0m - [37mGetProcAddress: RegOpenKeyExA[0m[0m
[1;32;40mINFO - 2023-01-04 10:05:09,288 - [37mCustomSimProcedureWindows[0m - [37mGetProcAddress - Query to lib : advapi32.dll[0m[0m
[1;32;40mINFO - 2023-01-04 10:05:09,288 - [37mCustomSimProcedureWindows[0m - [37mGetProcAddress: Symbol not found[0m[0m
[1;32;40mINFO - 2023-01-04 10:05:09,288 - [36mCustomSimProcedure[0m - [36mSyscall found:  GetProcAddress[<BV32 0x601024>, <BV32 0x407374>][0m[0m
[1;32;40mINFO - 2023-01-04 10:05:10,000 - [36mCustomSimProcedure[0m - [36mSyscall found:  RegOpenKeyExA[<BV32 0x80000002>, <BV32 0x7ffefbb0>, <BV32 0x0>, <BV32 0xf003f>, <BV32 0x7ffefcb8>][0m[0m
[1;32;40mINFO - 2023-01-04 10:05:10,027 - [36mCustomSimProcedure[0m - [36mSyscall found:  RegCloseKey[<BV32 key_handle_RegOpenKeyExA_163857_32[7:0] .. key_handle_RegOpenKeyExA_163857_32[15:8] .. key_handle_RegOpenKeyExA_163857_32[23:16] .. key_handle_RegOpenKeyExA_163857_32[31:24]>][0m[0m
[1;32;40mINFO - 2023-01-04 10:05:10,076 - [36mCustomSimProcedure[0m - [36mSyscall found:  StartServiceCtrlDispatcherA[<BV32 0x7ffefdfc>][0m[0m
[1;32;40mINFO - 2023-01-04 10:05:10,115 - [31mToolChainExplorerAnotherCDFS[0m - [31mA new block of execution have been executed with changes in sim_manager.[0m[0m
[1;32;40mINFO - 2023-01-04 10:05:10,115 - [31mToolChainExplorerAnotherCDFS[0m - [31mCurrently, simulation manager is :[0m[0m
[1;32;40mINFO - 2023-01-04 10:05:10,116 - [31mToolChainExplorerAnotherCDFS[0m - [31m<SimulationManager with 1 deadended>[0m[0m
[1;32;40mINFO - 2023-01-04 10:05:10,116 - [31mToolChainExplorerAnotherCDFS[0m - [31mpause stash len :0[0m[0m
[1;32;40mINFO - 2023-01-04 10:05:10,116 - [31mToolChainExplorerAnotherCDFS[0m - [31mlen(simgr.active) <= 0 or deadended >= self.max_end_state)[0m[0m
[1;32;40mINFO - 2023-01-04 10:05:10,119 - [37mGraphBuilder[0m - [37mOutput dir :src/output/runs/68//nitol[0m[0m
