0x4032c7 : 
     - 0x5386bf462f49f3f672f6ee6
         * recv
         * GetProcessHeap
         * HeapAlloc
         * UserHook
         * LocalAlloc
         * LocalFree
         * HeapFree
         * CreateThread
0x40ab4f : 
     - 0xf0ffffff00000000
         * recv
         * GetProcessHeap
         * HeapAlloc
         * UserHook
         * LocalAlloc
         * LocalFree
         * HeapFree
0x40abb5 : 
     - 0x60f49f3f00000000
         * recv
         * GetProcessHeap
         * HeapAlloc
         * UserHook
         * LocalAlloc
         * LocalFree
         * HeapFree
0x40ab44 : 
     - 0x538680462f49f3f00000000
     - 0x60001f3f0000000000000000
         * recv
         * GetProcessHeap
         * HeapAlloc
         * UserHook
         * LocalAlloc
         * LocalFree
         * HeapFree
0x40abb5 : 
     - 0x538680462f49f3f00000000
     - 0x62f49f3f0000000000000000
         * recv
         * GetProcessHeap
         * HeapAlloc
         * UserHook
         * LocalAlloc
         * LocalFree
         * HeapFree
0x40ab44 : 
     - 0x5386bf462f49f3fca509109
     - 0x60001f3f0000000000000000
         * recv
         * GetProcessHeap
         * HeapAlloc
         * UserHook
         * LocalAlloc
         * LocalFree
         * HeapFree
0x40abb5 : 
     - 0x5386bf462f49f3fca509109
     - 0x62f49f3f0000000000000000
         * recv
         * GetProcessHeap
         * HeapAlloc
         * UserHook
         * LocalAlloc
         * LocalFree
         * HeapFree

