[1;33;40mWARNING - 2023-01-04 10:24:56,086 - [34mangr.project[0m - [34mDisabling IRSB translation cache because support for self-modifying code is enabled.[0m[0m
[1;32;40mINFO - 2023-01-04 10:24:56,364 - [33mwerkzeug[0m - [33m172.17.0.1 - - [04/Jan/2023 10:24:56] "GET /iteration-scdg HTTP/1.1" 200 -[0m[0m
[1;32;40mINFO - 2023-01-04 10:24:56,365 - [33mwerkzeug[0m - [33m172.17.0.1 - - [04/Jan/2023 10:24:56] "GET /progress-scdg HTTP/1.1" 200 -[0m[0m
[1;32;40mINFO - 2023-01-04 10:24:58,149 - [33mwerkzeug[0m - [33m172.17.0.1 - - [04/Jan/2023 10:24:58] "GET /iteration-scdg HTTP/1.1" 200 -[0m[0m
[1;32;40mINFO - 2023-01-04 10:24:58,161 - [33mwerkzeug[0m - [33m172.17.0.1 - - [04/Jan/2023 10:24:58] "GET /progress-scdg HTTP/1.1" 200 -[0m[0m
[1;32;40mINFO - 2023-01-04 10:24:59,375 - [33mwerkzeug[0m - [33m172.17.0.1 - - [04/Jan/2023 10:24:59] "GET /iteration-scdg HTTP/1.1" 200 -[0m[0m
[1;32;40mINFO - 2023-01-04 10:24:59,397 - [33mwerkzeug[0m - [33m172.17.0.1 - - [04/Jan/2023 10:24:59] "GET /progress-scdg HTTP/1.1" 200 -[0m[0m
[1;32;40mINFO - 2023-01-04 10:25:00,126 - [36mCustomSimProcedure[0m - {'ReleaseMutex': 5242880, 'Sleep': 5242884, 'lstrcpyA': 5242888, 'CreateProcessA': 5242892, 'TerminateProcess': 5242896, 'ExitThread': 5242900, 'GetStartupInfoA': 5242904, 'GetModuleHandleA': 5242908, 'WaitForSingleObject': 5242912, 'GetModuleFileNameA': 5242916, 'CreateFileA': 5242920, 'SetFilePointer': 5242924, 'WriteFile': 5242928, 'lstrcpynA': 5242932, 'lstrlenA': 5242936, 'OpenMutexA': 5242940, 'GetComputerNameA': 5242944, 'ExitProcess': 5242948, 'GetCurrentProcess': 5242952, 'GetCurrentThread': 5242956, 'CloseHandle': 5242960, 'CreateThread': 5242964, 'LoadLibraryA': 5242968, 'GetProcAddress': 5242972, 'GetSystemDefaultUILanguage': 5242976, 'GetTickCount': 5242980, 'GetAdaptersInfo': 5242984, 'GetIfTable': 5242988, "ordinal.823.b'mfc42.dll'": 5242992, "ordinal.825.b'mfc42.dll'": 5242996, '_controlfp': 5243000, '__set_app_type': 5243004, '__p__fmode': 5243008, '__p__commode': 5243012, '_adjust_fdiv': 5243016, '__setusermatherr': 5243020, '_initterm': 5243024, '__getmainargs': 5243028, '_acmdln': 5243032, 'exit': 5243036, '_XcptFilter': 5243040, '_exit': 5243044, '_except_handler3': 5243048, 'strstr': 5243052, 'strcspn': 5243056, 'strncpy': 5243060, 'atoi': 5243064, 'time': 5243068, 'srand': 5243072, 'rand': 5243076, 'realloc': 5243080, 'free': 5243084, 'malloc': 5243088, 'sprintf': 5243092, 'ShellExecuteA': 5243096, 'ShellExecuteExA': 5243100, 'SHChangeNotify': 5243104, 'SHDeleteKeyA': 5243108, 'wsprintfA': 5243112, 'setsockopt': 5243116, 'recv': 5243120, '__WSAFDIsSet': 5243124, 'select': 5243128, 'send': 5243132, 'WSAIoctl': 5243136, 'WSAStartup': 5243140, 'htons': 5243144, 'inet_ntoa': 5243148, 'htonl': 5243152, 'socket': 5243156, 'connect': 5243160, 'closesocket': 5243164, 'inet_addr': 5243168, 'sendto': 5243172, 'WSACleanup': 5243176, 'KiUserExceptionDispatcher': 6295572, '_fmode': 6295576, '_commode': 6295580, '_wcmdln': 6295584}[0m
[1;33;40mWARNING - 2023-01-04 10:25:00,130 - [34mangr.project[0m - [34mAddress is already hooked, during hook(0x5000fc, <SimProcedure send>). Not re-hooking.[0m[0m
[1;33;40mWARNING - 2023-01-04 10:25:00,130 - [34mangr.project[0m - [34mAddress is already hooked, during hook(0x500120, <SimProcedure inet_addr>). Not re-hooking.[0m[0m
[1;33;40mWARNING - 2023-01-04 10:25:00,130 - [34mangr.project[0m - [34mAddress is already hooked, during hook(0x5000f4, <SimProcedure __WSAFDIsSet>). Not re-hooking.[0m[0m
[1;33;40mWARNING - 2023-01-04 10:25:00,130 - [34mangr.project[0m - [34mAddress is already hooked, during hook(0x5000ec, <SimProcedure setsockopt>). Not re-hooking.[0m[0m
[1;33;40mWARNING - 2023-01-04 10:25:00,130 - [34mangr.project[0m - [34mAddress is already hooked, during hook(0x500104, <SimProcedure WSAStartup>). Not re-hooking.[0m[0m
[1;33;40mWARNING - 2023-01-04 10:25:00,130 - [34mangr.project[0m - [34mAddress is already hooked, during hook(0x50011c, <SimProcedure closesocket>). Not re-hooking.[0m[0m
[1;33;40mWARNING - 2023-01-04 10:25:00,131 - [34mangr.project[0m - [34mAddress is already hooked, during hook(0x500110, <SimProcedure htonl>). Not re-hooking.[0m[0m
[1;33;40mWARNING - 2023-01-04 10:25:00,131 - [34mangr.project[0m - [34mAddress is already hooked, during hook(0x500108, <SimProcedure htons>). Not re-hooking.[0m[0m
[1;33;40mWARNING - 2023-01-04 10:25:00,131 - [34mangr.project[0m - [34mAddress is already hooked, during hook(0x500128, <SimProcedure WSACleanup>). Not re-hooking.[0m[0m
[1;32;40mINFO - 2023-01-04 10:25:00,134 - [36mCustomSimProcedure[0m - [36mWas in angr :kernel32.dll[0m[0m
[1;33;40mWARNING - 2023-01-04 10:25:00,266 - [34mangr.project[0m - [34mAddress is already hooked, during hook(0x5000e4, <SimProcedure SHDeleteKeyA>). Not re-hooking.[0m[0m
[1;32;40mINFO - 2023-01-04 10:25:00,286 - [36mCustomSimProcedure[0m - [36mWas in angr :user32.dll[0m[0m
[1;33;40mWARNING - 2023-01-04 10:25:00,288 - [36mCustomSimProcedure[0m - [36mProcedure wsprintfA in DLL user32.dll has 3 arguments in json and 2 arguments in angr prototype. Taking number of arguments from json.[0m[0m
[1;33;40mWARNING - 2023-01-04 10:25:00,289 - [36mCustomSimProcedure[0m - [36mProcedure wsprintfW in DLL user32.dll has 3 arguments in json and 2 arguments in angr prototype. Taking number of arguments from json.[0m[0m
[1;33;40mWARNING - 2023-01-04 10:25:00,353 - [34mangr.project[0m - [34mAddress is already hooked, during hook(0x5000dc, <SimProcedure ShellExecuteExA>). Not re-hooking.[0m[0m
[1;33;40mWARNING - 2023-01-04 10:25:00,353 - [34mangr.project[0m - [34mAddress is already hooked, during hook(0x5000d8, <SimProcedure ShellExecuteA>). Not re-hooking.[0m[0m
[1;33;40mWARNING - 2023-01-04 10:25:00,354 - [34mangr.project[0m - [34mAddress is already hooked, during hook(0x5000e0, <SimProcedure SHChangeNotify>). Not re-hooking.[0m[0m
[1;32;40mINFO - 2023-01-04 10:25:00,359 - [36mCustomSimProcedure[0m - [36mWas in angr :msvcrt.dll[0m[0m
[1;33;40mWARNING - 2023-01-04 10:25:00,412 - [34mangr.project[0m - [34mAddress is already hooked, during hook(0x5000bc, <SimProcedure time>). Not re-hooking.[0m[0m
[1;33;40mWARNING - 2023-01-04 10:25:00,412 - [34mangr.project[0m - [34mAddress is already hooked, during hook(0x601014, <SimProcedure KiUserExceptionDispatcher>). Not re-hooking.[0m[0m
[1;32;40mINFO - 2023-01-04 10:25:00,412 - [36mCustomSimProcedure[0m - [36mNo hooks for: {'GetIfTable': 5242988, "ordinal.823.b'mfc42.dll'": 5242992, "ordinal.825.b'mfc42.dll'": 5242996, '_controlfp': 5243000, '__set_app_type': 5243004, '_adjust_fdiv': 5243016, '__setusermatherr': 5243020, '_initterm': 5243024, '__getmainargs': 5243028, '_acmdln': 5243032, '_XcptFilter': 5243040, '_except_handler3': 5243048, 'WSAIoctl': 5243136, '_fmode': 6295576, '_commode': 6295580, '_wcmdln': 6295584}[0m[0m
[1;32;40mINFO - 2023-01-04 10:25:00,413 - [36mCustomSimProcedure[0m - [36mcustom_hook_static[0m[0m
[1;33;40mWARNING - 2023-01-04 10:25:00,413 - [34mangr.project[0m - [34mAddress 0x400000 not hooked[0m[0m
[1;33;40mWARNING - 2023-01-04 10:25:00,413 - [34mangr.project[0m - [34mAddress is already hooked, during hook(0x400000, <SimProcedure WriteFile>). Not re-hooking.[0m[0m
[1;33;40mWARNING - 2023-01-04 10:25:00,413 - [34mangr.project[0m - [34mAddress is already hooked, during hook(0x400000, <SimProcedure ExitProcess>). Not re-hooking.[0m[0m
[1;33;40mWARNING - 2023-01-04 10:25:00,414 - [34mangr.project[0m - [34mAddress is already hooked, during hook(0x400000, <SimProcedure GetTickCount>). Not re-hooking.[0m[0m
[1;32;40mINFO - 2023-01-04 10:25:00,414 - [36mCustomSimProcedure[0m - [36mmfc42.dll[0m[0m
[1;32;40mINFO - 2023-01-04 10:25:00,414 - [36mCustomSimProcedure[0m - [36m823[0m[0m
[1;32;40mINFO - 2023-01-04 10:25:00,414 - [36mCustomSimProcedure[0m - [36mmfc42.dll[0m[0m
[1;32;40mINFO - 2023-01-04 10:25:00,414 - [36mCustomSimProcedure[0m - [36m825[0m[0m
[1;33;40mWARNING - 2023-01-04 10:25:00,414 - [34mangr.project[0m - [34mAddress is already hooked, during hook(0x400000, <SimProcedure __p__fmode>). Not re-hooking.[0m[0m
[1;33;40mWARNING - 2023-01-04 10:25:00,414 - [34mangr.project[0m - [34mAddress is already hooked, during hook(0x400000, <SimProcedure __p__commode>). Not re-hooking.[0m[0m
[1;33;40mWARNING - 2023-01-04 10:25:00,415 - [34mangr.project[0m - [34mAddress is already hooked, during hook(0x400000, <SimProcedure _initterm>). Not re-hooking.[0m[0m
[1;33;40mWARNING - 2023-01-04 10:25:00,415 - [34mangr.project[0m - [34mAddress is already hooked, during hook(0x400000, <SimProcedure __getmainargs>). Not re-hooking.[0m[0m
[1;33;40mWARNING - 2023-01-04 10:25:00,415 - [34mangr.project[0m - [34mAddress is already hooked, during hook(0x400000, <SimProcedure exit>). Not re-hooking.[0m[0m
[1;33;40mWARNING - 2023-01-04 10:25:00,415 - [34mangr.project[0m - [34mAddress is already hooked, during hook(0x400000, <SimProcedure strstr>). Not re-hooking.[0m[0m
[1;33;40mWARNING - 2023-01-04 10:25:00,415 - [34mangr.project[0m - [34mAddress is already hooked, during hook(0x400000, <SimProcedure strncpy>). Not re-hooking.[0m[0m
[1;33;40mWARNING - 2023-01-04 10:25:00,415 - [34mangr.project[0m - [34mAddress is already hooked, during hook(0x400000, <SimProcedure atoi>). Not re-hooking.[0m[0m
[1;33;40mWARNING - 2023-01-04 10:25:00,416 - [34mangr.project[0m - [34mAddress is already hooked, during hook(0x400000, <SimProcedure time>). Not re-hooking.[0m[0m
[1;33;40mWARNING - 2023-01-04 10:25:00,416 - [34mangr.project[0m - [34mAddress is already hooked, during hook(0x400000, <SimProcedure srand>). Not re-hooking.[0m[0m
[1;33;40mWARNING - 2023-01-04 10:25:00,416 - [34mangr.project[0m - [34mAddress is already hooked, during hook(0x400000, <SimProcedure rand>). Not re-hooking.[0m[0m
[1;33;40mWARNING - 2023-01-04 10:25:00,416 - [34mangr.project[0m - [34mAddress is already hooked, during hook(0x400000, <SimProcedure realloc>). Not re-hooking.[0m[0m
[1;33;40mWARNING - 2023-01-04 10:25:00,416 - [34mangr.project[0m - [34mAddress is already hooked, during hook(0x400000, <SimProcedure free>). Not re-hooking.[0m[0m
[1;33;40mWARNING - 2023-01-04 10:25:00,420 - [34mangr.project[0m - [34mAddress is already hooked, during hook(0x400000, <SimProcedure malloc>). Not re-hooking.[0m[0m
[1;33;40mWARNING - 2023-01-04 10:25:00,420 - [34mangr.project[0m - [34mAddress is already hooked, during hook(0x400000, <SimProcedure sprintf>). Not re-hooking.[0m[0m
[1;33;40mWARNING - 2023-01-04 10:25:00,420 - [34mangr.project[0m - [34mAddress is already hooked, during hook(0x400000, <SimProcedure setsockopt>). Not re-hooking.[0m[0m
[1;33;40mWARNING - 2023-01-04 10:25:00,420 - [34mangr.project[0m - [34mAddress is already hooked, during hook(0x400000, <SimProcedure recv>). Not re-hooking.[0m[0m
[1;33;40mWARNING - 2023-01-04 10:25:00,420 - [34mangr.project[0m - [34mAddress is already hooked, during hook(0x400000, <SimProcedure select>). Not re-hooking.[0m[0m
[1;33;40mWARNING - 2023-01-04 10:25:00,420 - [34mangr.project[0m - [34mAddress is already hooked, during hook(0x400000, <SimProcedure send>). Not re-hooking.[0m[0m
[1;33;40mWARNING - 2023-01-04 10:25:00,420 - [34mangr.project[0m - [34mAddress is already hooked, during hook(0x400000, <SimProcedure htons>). Not re-hooking.[0m[0m
[1;33;40mWARNING - 2023-01-04 10:25:00,421 - [34mangr.project[0m - [34mAddress is already hooked, during hook(0x400000, <SimProcedure inet_ntoa>). Not re-hooking.[0m[0m
[1;33;40mWARNING - 2023-01-04 10:25:00,421 - [34mangr.project[0m - [34mAddress is already hooked, during hook(0x400000, <SimProcedure htonl>). Not re-hooking.[0m[0m
[1;33;40mWARNING - 2023-01-04 10:25:00,421 - [34mangr.project[0m - [34mAddress is already hooked, during hook(0x400000, <SimProcedure socket>). Not re-hooking.[0m[0m
[1;33;40mWARNING - 2023-01-04 10:25:00,421 - [34mangr.project[0m - [34mAddress is already hooked, during hook(0x500030, <SimProcedure WriteFile>). Not re-hooking.[0m[0m
[1;33;40mWARNING - 2023-01-04 10:25:00,421 - [34mangr.project[0m - [34mAddress is already hooked, during hook(0x500044, <SimProcedure ExitProcess>). Not re-hooking.[0m[0m
[1;33;40mWARNING - 2023-01-04 10:25:00,421 - [34mangr.project[0m - [34mAddress is already hooked, during hook(0x500064, <SimProcedure GetTickCount>). Not re-hooking.[0m[0m
[1;32;40mINFO - 2023-01-04 10:25:00,421 - [36mCustomSimProcedure[0m - [36mmfc42.dll[0m[0m
[1;32;40mINFO - 2023-01-04 10:25:00,422 - [36mCustomSimProcedure[0m - [36m823[0m[0m
[1;32;40mINFO - 2023-01-04 10:25:00,422 - [36mCustomSimProcedure[0m - [36mmfc42.dll[0m[0m
[1;32;40mINFO - 2023-01-04 10:25:00,422 - [36mCustomSimProcedure[0m - [36m825[0m[0m
[1;33;40mWARNING - 2023-01-04 10:25:00,422 - [34mangr.project[0m - [34mAddress is already hooked, during hook(0x500080, <SimProcedure __p__fmode>). Not re-hooking.[0m[0m
[1;33;40mWARNING - 2023-01-04 10:25:00,422 - [34mangr.project[0m - [34mAddress is already hooked, during hook(0x500084, <SimProcedure __p__commode>). Not re-hooking.[0m[0m
[1;33;40mWARNING - 2023-01-04 10:25:00,422 - [34mangr.project[0m - [34mAddress is already hooked, during hook(0x500090, <SimProcedure _initterm>). Not re-hooking.[0m[0m
[1;33;40mWARNING - 2023-01-04 10:25:00,422 - [34mangr.project[0m - [34mAddress is already hooked, during hook(0x500094, <SimProcedure __getmainargs>). Not re-hooking.[0m[0m
[1;33;40mWARNING - 2023-01-04 10:25:00,422 - [34mangr.project[0m - [34mAddress is already hooked, during hook(0x50009c, <SimProcedure exit>). Not re-hooking.[0m[0m
[1;33;40mWARNING - 2023-01-04 10:25:00,423 - [34mangr.project[0m - [34mAddress is already hooked, during hook(0x5000ac, <SimProcedure strstr>). Not re-hooking.[0m[0m
[1;33;40mWARNING - 2023-01-04 10:25:00,423 - [34mangr.project[0m - [34mAddress is already hooked, during hook(0x5000b4, <SimProcedure strncpy>). Not re-hooking.[0m[0m
[1;33;40mWARNING - 2023-01-04 10:25:00,423 - [34mangr.project[0m - [34mAddress is already hooked, during hook(0x5000b8, <SimProcedure atoi>). Not re-hooking.[0m[0m
[1;33;40mWARNING - 2023-01-04 10:25:00,423 - [34mangr.project[0m - [34mAddress is already hooked, during hook(0x5000bc, <SimProcedure time>). Not re-hooking.[0m[0m
[1;33;40mWARNING - 2023-01-04 10:25:00,423 - [34mangr.project[0m - [34mAddress is already hooked, during hook(0x5000c0, <SimProcedure srand>). Not re-hooking.[0m[0m
[1;33;40mWARNING - 2023-01-04 10:25:00,423 - [34mangr.project[0m - [34mAddress is already hooked, during hook(0x5000c4, <SimProcedure rand>). Not re-hooking.[0m[0m
[1;33;40mWARNING - 2023-01-04 10:25:00,423 - [34mangr.project[0m - [34mAddress is already hooked, during hook(0x5000c8, <SimProcedure realloc>). Not re-hooking.[0m[0m
[1;33;40mWARNING - 2023-01-04 10:25:00,423 - [34mangr.project[0m - [34mAddress is already hooked, during hook(0x5000cc, <SimProcedure free>). Not re-hooking.[0m[0m
[1;33;40mWARNING - 2023-01-04 10:25:00,424 - [34mangr.project[0m - [34mAddress is already hooked, during hook(0x5000d0, <SimProcedure malloc>). Not re-hooking.[0m[0m
[1;33;40mWARNING - 2023-01-04 10:25:00,424 - [34mangr.project[0m - [34mAddress is already hooked, during hook(0x5000d4, <SimProcedure sprintf>). Not re-hooking.[0m[0m
[1;33;40mWARNING - 2023-01-04 10:25:00,424 - [34mangr.project[0m - [34mAddress is already hooked, during hook(0x5000ec, <SimProcedure setsockopt>). Not re-hooking.[0m[0m
[1;33;40mWARNING - 2023-01-04 10:25:00,424 - [34mangr.project[0m - [34mAddress is already hooked, during hook(0x5000f0, <SimProcedure recv>). Not re-hooking.[0m[0m
[1;33;40mWARNING - 2023-01-04 10:25:00,424 - [34mangr.project[0m - [34mAddress is already hooked, during hook(0x5000f8, <SimProcedure select>). Not re-hooking.[0m[0m
[1;33;40mWARNING - 2023-01-04 10:25:00,424 - [34mangr.project[0m - [34mAddress is already hooked, during hook(0x5000fc, <SimProcedure send>). Not re-hooking.[0m[0m
[1;33;40mWARNING - 2023-01-04 10:25:00,424 - [34mangr.project[0m - [34mAddress is already hooked, during hook(0x500108, <SimProcedure htons>). Not re-hooking.[0m[0m
[1;33;40mWARNING - 2023-01-04 10:25:00,425 - [34mangr.project[0m - [34mAddress is already hooked, during hook(0x50010c, <SimProcedure inet_ntoa>). Not re-hooking.[0m[0m
[1;33;40mWARNING - 2023-01-04 10:25:00,425 - [34mangr.project[0m - [34mAddress is already hooked, during hook(0x500110, <SimProcedure htonl>). Not re-hooking.[0m[0m
[1;33;40mWARNING - 2023-01-04 10:25:00,425 - [34mangr.project[0m - [34mAddress is already hooked, during hook(0x500114, <SimProcedure socket>). Not re-hooking.[0m[0m
[1;33;40mWARNING - 2023-01-04 10:25:00,425 - [34mangr.project[0m - [34mAddress is already hooked, during hook(0x601014, <SimProcedure KiUserExceptionDispatcher>). Not re-hooking.[0m[0m
[1;32;40mINFO - 2023-01-04 10:25:00,425 - [36mCustomSimProcedure[0m - [36mcustom_hook_windows_symbols[0m[0m
[1;32;40mINFO - 2023-01-04 10:25:01,381 - [33mwerkzeug[0m - [33m172.17.0.1 - - [04/Jan/2023 10:25:01] "GET /iteration-scdg HTTP/1.1" 200 -[0m[0m
[1;32;40mINFO - 2023-01-04 10:25:01,403 - [33mwerkzeug[0m - [33m172.17.0.1 - - [04/Jan/2023 10:25:01] "GET /progress-scdg HTTP/1.1" 200 -[0m[0m
[1;33;40mWARNING - 2023-01-04 10:25:02,686 - [34mangr.project[0m - [34mAddress is already hooked, during hook(0x500000, <SimProcedure ReleaseMutex>). Re-hooking.[0m[0m
[1;33;40mWARNING - 2023-01-04 10:25:02,687 - [34mangr.project[0m - [34mAddress is already hooked, during hook(0x500000, <SimProcedure ReleaseMutex>). Re-hooking.[0m[0m
[1;33;40mWARNING - 2023-01-04 10:25:02,702 - [34mangr.project[0m - [34mAddress is already hooked, during hook(0x500020, <SimProcedure WaitForSingleObject>). Re-hooking.[0m[0m
[1;33;40mWARNING - 2023-01-04 10:25:02,703 - [34mangr.project[0m - [34mAddress is already hooked, during hook(0x500020, <SimProcedure WaitForSingleObject>). Re-hooking.[0m[0m
[1;33;40mWARNING - 2023-01-04 10:25:02,754 - [34mangr.project[0m - [34mAddress is already hooked, during hook(0x500050, <SimProcedure CloseHandle>). Re-hooking.[0m[0m
[1;33;40mWARNING - 2023-01-04 10:25:02,755 - [34mangr.project[0m - [34mAddress is already hooked, during hook(0x500050, <SimProcedure CloseHandle>). Re-hooking.[0m[0m
[1;33;40mWARNING - 2023-01-04 10:25:02,898 - [34mangr.project[0m - [34mAddress is already hooked, during hook(0x50000c, <SimProcedure CreateProcessA>). Re-hooking.[0m[0m
[1;33;40mWARNING - 2023-01-04 10:25:02,900 - [34mangr.project[0m - [34mAddress is already hooked, during hook(0x50000c, <SimProcedure CreateProcessA>). Re-hooking.[0m[0m
[1;33;40mWARNING - 2023-01-04 10:25:03,122 - [34mangr.project[0m - [34mAddress is already hooked, during hook(0x500014, <SimProcedure ExitThread>). Re-hooking.[0m[0m
[1;33;40mWARNING - 2023-01-04 10:25:03,123 - [34mangr.project[0m - [34mAddress is already hooked, during hook(0x500014, <SimProcedure ExitThread>). Re-hooking.[0m[0m
[1;32;40mINFO - 2023-01-04 10:25:03,164 - [33mwerkzeug[0m - [33m172.17.0.1 - - [04/Jan/2023 10:25:03] "GET /iteration-scdg HTTP/1.1" 200 -[0m[0m
[1;32;40mINFO - 2023-01-04 10:25:03,180 - [33mwerkzeug[0m - [33m172.17.0.1 - - [04/Jan/2023 10:25:03] "GET /progress-scdg HTTP/1.1" 200 -[0m[0m
[1;33;40mWARNING - 2023-01-04 10:25:03,469 - [34mangr.project[0m - [34mAddress is already hooked, during hook(0x50004c, <SimProcedure GetCurrentThread>). Re-hooking.[0m[0m
[1;33;40mWARNING - 2023-01-04 10:25:03,471 - [34mangr.project[0m - [34mAddress is already hooked, during hook(0x50004c, <SimProcedure GetCurrentThread>). Re-hooking.[0m[0m
[1;33;40mWARNING - 2023-01-04 10:25:04,183 - [34mangr.project[0m - [34mAddress is already hooked, during hook(0x500018, <SimProcedure GetStartupInfoA>). Re-hooking.[0m[0m
[1;33;40mWARNING - 2023-01-04 10:25:04,184 - [34mangr.project[0m - [34mAddress is already hooked, during hook(0x500018, <SimProcedure GetStartupInfoA>). Re-hooking.[0m[0m
[1;32;40mINFO - 2023-01-04 10:25:04,388 - [33mwerkzeug[0m - [33m172.17.0.1 - - [04/Jan/2023 10:25:04] "GET /iteration-scdg HTTP/1.1" 200 -[0m[0m
[1;32;40mINFO - 2023-01-04 10:25:04,389 - [33mwerkzeug[0m - [33m172.17.0.1 - - [04/Jan/2023 10:25:04] "GET /progress-scdg HTTP/1.1" 200 -[0m[0m
[1;33;40mWARNING - 2023-01-04 10:25:04,613 - [34mangr.project[0m - [34mAddress is already hooked, during hook(0x50003c, <SimProcedure OpenMutexA>). Re-hooking.[0m[0m
[1;33;40mWARNING - 2023-01-04 10:25:04,614 - [34mangr.project[0m - [34mAddress is already hooked, during hook(0x50003c, <SimProcedure OpenMutexA>). Re-hooking.[0m[0m
[1;33;40mWARNING - 2023-01-04 10:25:04,971 - [34mangr.project[0m - [34mAddress is already hooked, during hook(0x50002c, <SimProcedure SetFilePointer>). Re-hooking.[0m[0m
[1;33;40mWARNING - 2023-01-04 10:25:04,972 - [34mangr.project[0m - [34mAddress is already hooked, during hook(0x50002c, <SimProcedure SetFilePointer>). Re-hooking.[0m[0m
[1;33;40mWARNING - 2023-01-04 10:25:05,095 - [34mangr.project[0m - [34mAddress is already hooked, during hook(0x500004, <SimProcedure Sleep>). Re-hooking.[0m[0m
[1;33;40mWARNING - 2023-01-04 10:25:05,096 - [34mangr.project[0m - [34mAddress is already hooked, during hook(0x500004, <SimProcedure Sleep>). Re-hooking.[0m[0m
[1;33;40mWARNING - 2023-01-04 10:25:05,236 - [34mangr.project[0m - [34mAddress is already hooked, during hook(0x500020, <SimProcedure WaitForSingleObject>). Re-hooking.[0m[0m
[1;33;40mWARNING - 2023-01-04 10:25:05,237 - [34mangr.project[0m - [34mAddress is already hooked, during hook(0x500020, <SimProcedure WaitForSingleObject>). Re-hooking.[0m[0m
[1;33;40mWARNING - 2023-01-04 10:25:05,389 - [34mangr.project[0m - [34mAddress is already hooked, during hook(0x500038, <SimProcedure lstrlenA>). Re-hooking.[0m[0m
[1;33;40mWARNING - 2023-01-04 10:25:05,391 - [34mangr.project[0m - [34mAddress is already hooked, during hook(0x500038, <SimProcedure lstrlenA>). Re-hooking.[0m[0m
[1;33;40mWARNING - 2023-01-04 10:25:05,484 - [34mangr.project[0m - [34mAddress is already hooked, during hook(0x500014, <SimProcedure ExitThread>). Re-hooking.[0m[0m
[1;33;40mWARNING - 2023-01-04 10:25:05,485 - [34mangr.project[0m - [34mAddress is already hooked, during hook(0x500014, <SimProcedure ExitThread>). Re-hooking.[0m[0m
[1;33;40mWARNING - 2023-01-04 10:25:05,737 - [34mangr.project[0m - [34mAddress is already hooked, during hook(0x50000c, <SimProcedure CreateProcessA>). Re-hooking.[0m[0m
[1;33;40mWARNING - 2023-01-04 10:25:05,739 - [34mangr.project[0m - [34mAddress is already hooked, during hook(0x50000c, <SimProcedure CreateProcessA>). Re-hooking.[0m[0m
[1;33;40mWARNING - 2023-01-04 10:25:05,907 - [34mangr.project[0m - [34mAddress is already hooked, during hook(0x50002c, <SimProcedure SetFilePointer>). Re-hooking.[0m[0m
[1;33;40mWARNING - 2023-01-04 10:25:05,909 - [34mangr.project[0m - [34mAddress is already hooked, during hook(0x50002c, <SimProcedure SetFilePointer>). Re-hooking.[0m[0m
[1;33;40mWARNING - 2023-01-04 10:25:05,963 - [34mangr.project[0m - [34mAddress is already hooked, during hook(0x500048, <SimProcedure GetCurrentProcess>). Re-hooking.[0m[0m
[1;33;40mWARNING - 2023-01-04 10:25:05,965 - [34mangr.project[0m - [34mAddress is already hooked, during hook(0x500048, <SimProcedure GetCurrentProcess>). Re-hooking.[0m[0m
[1;33;40mWARNING - 2023-01-04 10:25:06,337 - [34mangr.project[0m - [34mAddress is already hooked, during hook(0x500060, <SimProcedure GetSystemDefaultUILanguage>). Re-hooking.[0m[0m
[1;33;40mWARNING - 2023-01-04 10:25:06,338 - [34mangr.project[0m - [34mAddress is already hooked, during hook(0x500060, <SimProcedure GetSystemDefaultUILanguage>). Re-hooking.[0m[0m
[1;32;40mINFO - 2023-01-04 10:25:06,393 - [33mwerkzeug[0m - [33m172.17.0.1 - - [04/Jan/2023 10:25:06] "GET /progress-scdg HTTP/1.1" 200 -[0m[0m
[1;32;40mINFO - 2023-01-04 10:25:06,394 - [33mwerkzeug[0m - [33m172.17.0.1 - - [04/Jan/2023 10:25:06] "GET /iteration-scdg HTTP/1.1" 200 -[0m[0m
[1;33;40mWARNING - 2023-01-04 10:25:06,402 - [34mangr.project[0m - [34mAddress is already hooked, during hook(0x50004c, <SimProcedure GetCurrentThread>). Re-hooking.[0m[0m
[1;33;40mWARNING - 2023-01-04 10:25:06,405 - [34mangr.project[0m - [34mAddress is already hooked, during hook(0x50004c, <SimProcedure GetCurrentThread>). Re-hooking.[0m[0m
[1;33;40mWARNING - 2023-01-04 10:25:06,434 - [34mangr.project[0m - [34mAddress is already hooked, during hook(0x500048, <SimProcedure GetCurrentProcess>). Re-hooking.[0m[0m
[1;33;40mWARNING - 2023-01-04 10:25:06,436 - [34mangr.project[0m - [34mAddress is already hooked, during hook(0x500048, <SimProcedure GetCurrentProcess>). Re-hooking.[0m[0m
[1;33;40mWARNING - 2023-01-04 10:25:06,565 - [34mangr.project[0m - [34mAddress is already hooked, during hook(0x500038, <SimProcedure lstrlenA>). Re-hooking.[0m[0m
[1;33;40mWARNING - 2023-01-04 10:25:06,566 - [34mangr.project[0m - [34mAddress is already hooked, during hook(0x500038, <SimProcedure lstrlenA>). Re-hooking.[0m[0m
[1;33;40mWARNING - 2023-01-04 10:25:06,766 - [34mangr.project[0m - [34mAddress is already hooked, during hook(0x50003c, <SimProcedure OpenMutexA>). Re-hooking.[0m[0m
[1;33;40mWARNING - 2023-01-04 10:25:06,767 - [34mangr.project[0m - [34mAddress is already hooked, during hook(0x50003c, <SimProcedure OpenMutexA>). Re-hooking.[0m[0m
[1;33;40mWARNING - 2023-01-04 10:25:06,860 - [34mangr.project[0m - [34mAddress is already hooked, during hook(0x500060, <SimProcedure GetSystemDefaultUILanguage>). Re-hooking.[0m[0m
[1;33;40mWARNING - 2023-01-04 10:25:06,861 - [34mangr.project[0m - [34mAddress is already hooked, during hook(0x500060, <SimProcedure GetSystemDefaultUILanguage>). Re-hooking.[0m[0m
[1;33;40mWARNING - 2023-01-04 10:25:06,966 - [34mangr.project[0m - [34mAddress is already hooked, during hook(0x500050, <SimProcedure CloseHandle>). Re-hooking.[0m[0m
[1;33;40mWARNING - 2023-01-04 10:25:06,967 - [34mangr.project[0m - [34mAddress is already hooked, during hook(0x500050, <SimProcedure CloseHandle>). Re-hooking.[0m[0m
[1;33;40mWARNING - 2023-01-04 10:25:07,350 - [34mangr.project[0m - [34mAddress is already hooked, during hook(0x500000, <SimProcedure ReleaseMutex>). Re-hooking.[0m[0m
[1;33;40mWARNING - 2023-01-04 10:25:07,352 - [34mangr.project[0m - [34mAddress is already hooked, during hook(0x500000, <SimProcedure ReleaseMutex>). Re-hooking.[0m[0m
[1;33;40mWARNING - 2023-01-04 10:25:07,483 - [34mangr.project[0m - [34mAddress is already hooked, during hook(0x500018, <SimProcedure GetStartupInfoA>). Re-hooking.[0m[0m
[1;33;40mWARNING - 2023-01-04 10:25:07,485 - [34mangr.project[0m - [34mAddress is already hooked, during hook(0x500018, <SimProcedure GetStartupInfoA>). Re-hooking.[0m[0m
[1;33;40mWARNING - 2023-01-04 10:25:07,732 - [34mangr.project[0m - [34mAddress is already hooked, during hook(0x500004, <SimProcedure Sleep>). Re-hooking.[0m[0m
[1;33;40mWARNING - 2023-01-04 10:25:07,733 - [34mangr.project[0m - [34mAddress is already hooked, during hook(0x500004, <SimProcedure Sleep>). Re-hooking.[0m[0m
[1;32;40mINFO - 2023-01-04 10:25:08,163 - [33mwerkzeug[0m - [33m172.17.0.1 - - [04/Jan/2023 10:25:08] "GET /iteration-scdg HTTP/1.1" 200 -[0m[0m
[1;32;40mINFO - 2023-01-04 10:25:08,195 - [33mwerkzeug[0m - [33m172.17.0.1 - - [04/Jan/2023 10:25:08] "GET /progress-scdg HTTP/1.1" 200 -[0m[0m
[1;33;40mWARNING - 2023-01-04 10:25:08,659 - [34mangr.project[0m - [34mAddress is already hooked, during hook(0x5000a4, <SimProcedure _exit>). Re-hooking.[0m[0m
[1;33;40mWARNING - 2023-01-04 10:25:08,660 - [34mangr.project[0m - [34mAddress is already hooked, during hook(0x5000a4, <SimProcedure _exit>). Re-hooking.[0m[0m
[1;33;40mWARNING - 2023-01-04 10:25:09,121 - [34mangr.project[0m - [34mAddress is already hooked, during hook(0x5000b0, <SimProcedure strcspn>). Re-hooking.[0m[0m
[1;33;40mWARNING - 2023-01-04 10:25:09,122 - [34mangr.project[0m - [34mAddress is already hooked, during hook(0x5000b0, <SimProcedure strcspn>). Re-hooking.[0m[0m
[1;33;40mWARNING - 2023-01-04 10:25:09,360 - [34mangr.project[0m - [34mAddress is already hooked, during hook(0x5000b0, <SimProcedure strcspn>). Re-hooking.[0m[0m
[1;33;40mWARNING - 2023-01-04 10:25:09,362 - [34mangr.project[0m - [34mAddress is already hooked, during hook(0x5000b0, <SimProcedure strcspn>). Re-hooking.[0m[0m
[1;32;40mINFO - 2023-01-04 10:25:09,369 - [33mwerkzeug[0m - [33m172.17.0.1 - - [04/Jan/2023 10:25:09] "GET /iteration-scdg HTTP/1.1" 200 -[0m[0m
[1;32;40mINFO - 2023-01-04 10:25:09,380 - [33mwerkzeug[0m - [33m172.17.0.1 - - [04/Jan/2023 10:25:09] "GET /progress-scdg HTTP/1.1" 200 -[0m[0m
[1;33;40mWARNING - 2023-01-04 10:25:09,494 - [34mangr.project[0m - [34mAddress is already hooked, during hook(0x5000a4, <SimProcedure _exit>). Re-hooking.[0m[0m
[1;33;40mWARNING - 2023-01-04 10:25:09,495 - [34mangr.project[0m - [34mAddress is already hooked, during hook(0x5000a4, <SimProcedure _exit>). Re-hooking.[0m[0m
[1;33;40mWARNING - 2023-01-04 10:25:09,815 - [34mangr.project[0m - [34mAddress is already hooked, during hook(0x5000e4, <SimProcedure SHDeleteKeyA>). Re-hooking.[0m[0m
[1;33;40mWARNING - 2023-01-04 10:25:09,816 - [34mangr.project[0m - [34mAddress is already hooked, during hook(0x5000e4, <SimProcedure SHDeleteKeyA>). Re-hooking.[0m[0m
[1;33;40mWARNING - 2023-01-04 10:25:10,197 - [34mangr.project[0m - [34mAddress is already hooked, during hook(0x5000e4, <SimProcedure SHDeleteKeyA>). Re-hooking.[0m[0m
[1;33;40mWARNING - 2023-01-04 10:25:10,199 - [34mangr.project[0m - [34mAddress is already hooked, during hook(0x5000e4, <SimProcedure SHDeleteKeyA>). Re-hooking.[0m[0m
[1;33;40mWARNING - 2023-01-04 10:25:11,026 - [34mangr.project[0m - [34mAddress is already hooked, during hook(0x50011c, <SimProcedure closesocket>). Re-hooking.[0m[0m
[1;33;40mWARNING - 2023-01-04 10:25:11,028 - [34mangr.project[0m - [34mAddress is already hooked, during hook(0x50011c, <SimProcedure closesocket>). Re-hooking.[0m[0m
[1;33;40mWARNING - 2023-01-04 10:25:11,029 - [34mangr.project[0m - [34mAddress is already hooked, during hook(0x500118, <SimProcedure connect>). Re-hooking.[0m[0m
[1;33;40mWARNING - 2023-01-04 10:25:11,030 - [34mangr.project[0m - [34mAddress is already hooked, during hook(0x500118, <SimProcedure connect>). Re-hooking.[0m[0m
[1;33;40mWARNING - 2023-01-04 10:25:11,043 - [34mangr.project[0m - [34mAddress is already hooked, during hook(0x500120, <SimProcedure inet_addr>). Re-hooking.[0m[0m
[1;33;40mWARNING - 2023-01-04 10:25:11,044 - [34mangr.project[0m - [34mAddress is already hooked, during hook(0x500120, <SimProcedure inet_addr>). Re-hooking.[0m[0m
[1;33;40mWARNING - 2023-01-04 10:25:11,061 - [34mangr.project[0m - [34mAddress is already hooked, during hook(0x500124, <SimProcedure sendto>). Re-hooking.[0m[0m
[1;33;40mWARNING - 2023-01-04 10:25:11,062 - [34mangr.project[0m - [34mAddress is already hooked, during hook(0x500124, <SimProcedure sendto>). Re-hooking.[0m[0m
[1;33;40mWARNING - 2023-01-04 10:25:11,115 - [34mangr.project[0m - [34mAddress is already hooked, during hook(0x500104, <SimProcedure WSAStartup>). Re-hooking.[0m[0m
[1;33;40mWARNING - 2023-01-04 10:25:11,116 - [34mangr.project[0m - [34mAddress is already hooked, during hook(0x500104, <SimProcedure WSAStartup>). Re-hooking.[0m[0m
[1;33;40mWARNING - 2023-01-04 10:25:11,118 - [34mangr.project[0m - [34mAddress is already hooked, during hook(0x500128, <SimProcedure WSACleanup>). Re-hooking.[0m[0m
[1;33;40mWARNING - 2023-01-04 10:25:11,119 - [34mangr.project[0m - [34mAddress is already hooked, during hook(0x500128, <SimProcedure WSACleanup>). Re-hooking.[0m[0m
[1;33;40mWARNING - 2023-01-04 10:25:11,120 - [34mangr.project[0m - [34mAddress is already hooked, during hook(0x500124, <SimProcedure sendto>). Re-hooking.[0m[0m
[1;33;40mWARNING - 2023-01-04 10:25:11,122 - [34mangr.project[0m - [34mAddress is already hooked, during hook(0x500124, <SimProcedure sendto>). Re-hooking.[0m[0m
[1;33;40mWARNING - 2023-01-04 10:25:11,123 - [34mangr.project[0m - [34mAddress is already hooked, during hook(0x500118, <SimProcedure connect>). Re-hooking.[0m[0m
[1;33;40mWARNING - 2023-01-04 10:25:11,124 - [34mangr.project[0m - [34mAddress is already hooked, during hook(0x500118, <SimProcedure connect>). Re-hooking.[0m[0m
[1;33;40mWARNING - 2023-01-04 10:25:11,127 - [34mangr.project[0m - [34mAddress is already hooked, during hook(0x5000f4, <SimProcedure __WSAFDIsSet>). Re-hooking.[0m[0m
[1;33;40mWARNING - 2023-01-04 10:25:11,129 - [34mangr.project[0m - [34mAddress is already hooked, during hook(0x5000f4, <SimProcedure __WSAFDIsSet>). Re-hooking.[0m[0m
[1;33;40mWARNING - 2023-01-04 10:25:11,134 - [34mangr.project[0m - [34mAddress is already hooked, during hook(0x500120, <SimProcedure inet_addr>). Re-hooking.[0m[0m
[1;33;40mWARNING - 2023-01-04 10:25:11,135 - [34mangr.project[0m - [34mAddress is already hooked, during hook(0x500120, <SimProcedure inet_addr>). Re-hooking.[0m[0m
[1;33;40mWARNING - 2023-01-04 10:25:11,141 - [34mangr.project[0m - [34mAddress is already hooked, during hook(0x5000f4, <SimProcedure __WSAFDIsSet>). Re-hooking.[0m[0m
[1;33;40mWARNING - 2023-01-04 10:25:11,143 - [34mangr.project[0m - [34mAddress is already hooked, during hook(0x5000f4, <SimProcedure __WSAFDIsSet>). Re-hooking.[0m[0m
[1;33;40mWARNING - 2023-01-04 10:25:11,164 - [34mangr.project[0m - [34mAddress is already hooked, during hook(0x500104, <SimProcedure WSAStartup>). Re-hooking.[0m[0m
[1;33;40mWARNING - 2023-01-04 10:25:11,166 - [34mangr.project[0m - [34mAddress is already hooked, during hook(0x500104, <SimProcedure WSAStartup>). Re-hooking.[0m[0m
[1;33;40mWARNING - 2023-01-04 10:25:11,189 - [34mangr.project[0m - [34mAddress is already hooked, during hook(0x50011c, <SimProcedure closesocket>). Re-hooking.[0m[0m
[1;33;40mWARNING - 2023-01-04 10:25:11,191 - [34mangr.project[0m - [34mAddress is already hooked, during hook(0x50011c, <SimProcedure closesocket>). Re-hooking.[0m[0m
[1;33;40mWARNING - 2023-01-04 10:25:11,208 - [34mangr.project[0m - [34mAddress is already hooked, during hook(0x500128, <SimProcedure WSACleanup>). Re-hooking.[0m[0m
[1;33;40mWARNING - 2023-01-04 10:25:11,209 - [34mangr.project[0m - [34mAddress is already hooked, during hook(0x500128, <SimProcedure WSACleanup>). Re-hooking.[0m[0m
[1;33;40mWARNING - 2023-01-04 10:25:11,234 - [34mangr.project[0m - [34mAddress is already hooked, during hook(0x5000dc, <SimProcedure ShellExecuteExA>). Re-hooking.[0m[0m
[1;33;40mWARNING - 2023-01-04 10:25:11,235 - [34mangr.project[0m - [34mAddress is already hooked, during hook(0x5000dc, <SimProcedure ShellExecuteExA>). Re-hooking.[0m[0m
[1;33;40mWARNING - 2023-01-04 10:25:11,276 - [34mangr.project[0m - [34mAddress is already hooked, during hook(0x5000d8, <SimProcedure ShellExecuteA>). Re-hooking.[0m[0m
[1;33;40mWARNING - 2023-01-04 10:25:11,278 - [34mangr.project[0m - [34mAddress is already hooked, during hook(0x5000d8, <SimProcedure ShellExecuteA>). Re-hooking.[0m[0m
[1;33;40mWARNING - 2023-01-04 10:25:11,279 - [34mangr.project[0m - [34mAddress is already hooked, during hook(0x5000dc, <SimProcedure ShellExecuteExA>). Re-hooking.[0m[0m
[1;33;40mWARNING - 2023-01-04 10:25:11,280 - [34mangr.project[0m - [34mAddress is already hooked, during hook(0x5000dc, <SimProcedure ShellExecuteExA>). Re-hooking.[0m[0m
[1;32;40mINFO - 2023-01-04 10:25:11,381 - [33mwerkzeug[0m - [33m172.17.0.1 - - [04/Jan/2023 10:25:11] "GET /iteration-scdg HTTP/1.1" 200 -[0m[0m
[1;32;40mINFO - 2023-01-04 10:25:11,398 - [33mwerkzeug[0m - [33m172.17.0.1 - - [04/Jan/2023 10:25:11] "GET /progress-scdg HTTP/1.1" 200 -[0m[0m
[1;33;40mWARNING - 2023-01-04 10:25:11,406 - [34mangr.project[0m - [34mAddress is already hooked, during hook(0x5000d8, <SimProcedure ShellExecuteA>). Re-hooking.[0m[0m
[1;33;40mWARNING - 2023-01-04 10:25:11,408 - [34mangr.project[0m - [34mAddress is already hooked, during hook(0x5000d8, <SimProcedure ShellExecuteA>). Re-hooking.[0m[0m
[1;33;40mWARNING - 2023-01-04 10:25:11,646 - [34mangr.project[0m - [34mAddress is already hooked, during hook(0x5000e0, <SimProcedure SHChangeNotify>). Re-hooking.[0m[0m
[1;33;40mWARNING - 2023-01-04 10:25:11,648 - [34mangr.project[0m - [34mAddress is already hooked, during hook(0x5000e0, <SimProcedure SHChangeNotify>). Re-hooking.[0m[0m
[1;32;40mINFO - 2023-01-04 10:25:11,707 - [36mCustomSimProcedure[0m - [36mSyscall found:  __p__fmode[][0m[0m
[1;32;40mINFO - 2023-01-04 10:25:11,716 - [36mCustomSimProcedure[0m - [36mSyscall found:  __p__commode[][0m[0m
[1;32;40mINFO - 2023-01-04 10:25:11,752 - [36mCustomSimProcedure[0m - [36mSyscall found:  _controlfp[][0m[0m
[1;32;40mINFO - 2023-01-04 10:25:11,802 - [36mCustomSimProcedure[0m - [36mSyscall found:  __getmainargs[<BV32 0x7ffefe48>, <BV32 0x7ffefe38>, <BV32 0x7ffefe44>, <BV32 0x0>, <BV32 0x7ffefe3c>][0m[0m
[1;32;40mINFO - 2023-01-04 10:25:12,568 - [36mCustomSimProcedure[0m - [36mSyscall found:  GetStartupInfoA[<BV32 0x7ffefe4c>][0m[0m
[1;32;40mINFO - 2023-01-04 10:25:12,600 - [36mCustomSimProcedure[0m - [36mSyscall found:  GetModuleHandleA[<BV32 0x0>][0m[0m
[1;32;40mINFO - 2023-01-04 10:25:12,635 - [37mCustomSimProcedureWindows[0m - [37mLoadLibraryA: Symbol not found[0m[0m
[1;32;40mINFO - 2023-01-04 10:25:12,673 - [36mCustomSimProcedure[0m - {'ReleaseMutex': 5242880, 'Sleep': 5242884, 'lstrcpyA': 5242888, 'CreateProcessA': 5242892, 'TerminateProcess': 5242896, 'ExitThread': 5242900, 'GetStartupInfoA': 5242904, 'GetModuleHandleA': 5242908, 'WaitForSingleObject': 5242912, 'GetModuleFileNameA': 5242916, 'CreateFileA': 5242920, 'SetFilePointer': 5242924, 'WriteFile': 5242928, 'lstrcpynA': 5242932, 'lstrlenA': 5242936, 'OpenMutexA': 5242940, 'GetComputerNameA': 5242944, 'ExitProcess': 5242948, 'GetCurrentProcess': 5242952, 'GetCurrentThread': 5242956, 'CloseHandle': 5242960, 'CreateThread': 5242964, 'LoadLibraryA': 5242968, 'GetProcAddress': 5242972, 'GetSystemDefaultUILanguage': 5242976, 'GetTickCount': 5242980, 'GetAdaptersInfo': 5242984, 'GetIfTable': 5242988, "ordinal.823.b'mfc42.dll'": 5242992, "ordinal.825.b'mfc42.dll'": 5242996, '_controlfp': 5243000, '__set_app_type': 5243004, '__p__fmode': 5243008, '__p__commode': 5243012, '_adjust_fdiv': 5243016, '__setusermatherr': 5243020, '_initterm': 5243024, '__getmainargs': 5243028, '_acmdln': 5243032, 'exit': 5243036, '_XcptFilter': 5243040, '_exit': 5243044, '_except_handler3': 5243048, 'strstr': 5243052, 'strcspn': 5243056, 'strncpy': 5243060, 'atoi': 5243064, 'time': 5243068, 'srand': 5243072, 'rand': 5243076, 'realloc': 5243080, 'free': 5243084, 'malloc': 5243088, 'sprintf': 5243092, 'ShellExecuteA': 5243096, 'ShellExecuteExA': 5243100, 'SHChangeNotify': 5243104, 'SHDeleteKeyA': 5243108, 'wsprintfA': 5243112, 'setsockopt': 5243116, 'recv': 5243120, '__WSAFDIsSet': 5243124, 'select': 5243128, 'send': 5243132, 'WSAIoctl': 5243136, 'WSAStartup': 5243140, 'htons': 5243144, 'inet_ntoa': 5243148, 'htonl': 5243152, 'socket': 5243156, 'connect': 5243160, 'closesocket': 5243164, 'inet_addr': 5243168, 'sendto': 5243172, 'WSACleanup': 5243176, 'KiUserExceptionDispatcher': 6295572, '_fmode': 6295576, '_commode': 6295580, '_wcmdln': 6295584, 'advapi32.dll': 6295588}[0m
[1;33;40mWARNING - 2023-01-04 10:25:12,678 - [34mangr.project[0m - [34mAddress is already hooked, during hook(0x5000fc, <SimProcedure send>). Not re-hooking.[0m[0m
[1;33;40mWARNING - 2023-01-04 10:25:12,679 - [34mangr.project[0m - [34mAddress is already hooked, during hook(0x500120, <SimProcedure inet_addr>). Not re-hooking.[0m[0m
[1;33;40mWARNING - 2023-01-04 10:25:12,679 - [34mangr.project[0m - [34mAddress is already hooked, during hook(0x5000f4, <SimProcedure __WSAFDIsSet>). Not re-hooking.[0m[0m
[1;33;40mWARNING - 2023-01-04 10:25:12,679 - [34mangr.project[0m - [34mAddress is already hooked, during hook(0x5000ec, <SimProcedure setsockopt>). Not re-hooking.[0m[0m
[1;33;40mWARNING - 2023-01-04 10:25:12,679 - [34mangr.project[0m - [34mAddress is already hooked, during hook(0x500104, <SimProcedure WSAStartup>). Not re-hooking.[0m[0m
[1;33;40mWARNING - 2023-01-04 10:25:12,680 - [34mangr.project[0m - [34mAddress is already hooked, during hook(0x50011c, <SimProcedure closesocket>). Not re-hooking.[0m[0m
[1;33;40mWARNING - 2023-01-04 10:25:12,680 - [34mangr.project[0m - [34mAddress is already hooked, during hook(0x500110, <SimProcedure htonl>). Not re-hooking.[0m[0m
[1;33;40mWARNING - 2023-01-04 10:25:12,680 - [34mangr.project[0m - [34mAddress is already hooked, during hook(0x500108, <SimProcedure htons>). Not re-hooking.[0m[0m
[1;33;40mWARNING - 2023-01-04 10:25:12,680 - [34mangr.project[0m - [34mAddress is already hooked, during hook(0x500128, <SimProcedure WSACleanup>). Not re-hooking.[0m[0m
[1;32;40mINFO - 2023-01-04 10:25:12,684 - [36mCustomSimProcedure[0m - [36mWas in angr :kernel32.dll[0m[0m
[1;33;40mWARNING - 2023-01-04 10:25:12,847 - [34mangr.project[0m - [34mAddress is already hooked, during hook(0x5000e4, <SimProcedure SHDeleteKeyA>). Not re-hooking.[0m[0m
[1;32;40mINFO - 2023-01-04 10:25:12,875 - [36mCustomSimProcedure[0m - [36mWas in angr :user32.dll[0m[0m
[1;33;40mWARNING - 2023-01-04 10:25:12,879 - [36mCustomSimProcedure[0m - [36mProcedure wsprintfA in DLL user32.dll has 3 arguments in json and 2 arguments in angr prototype. Taking number of arguments from json.[0m[0m
[1;33;40mWARNING - 2023-01-04 10:25:12,879 - [36mCustomSimProcedure[0m - [36mProcedure wsprintfW in DLL user32.dll has 3 arguments in json and 2 arguments in angr prototype. Taking number of arguments from json.[0m[0m
[1;32;40mINFO - 2023-01-04 10:25:12,952 - [36mCustomSimProcedure[0m - [36mWas in angr :advapi32.dll[0m[0m
[1;33;40mWARNING - 2023-01-04 10:25:13,005 - [34mangr.project[0m - [34mAddress is already hooked, during hook(0x5000dc, <SimProcedure ShellExecuteExA>). Not re-hooking.[0m[0m
[1;33;40mWARNING - 2023-01-04 10:25:13,006 - [34mangr.project[0m - [34mAddress is already hooked, during hook(0x5000d8, <SimProcedure ShellExecuteA>). Not re-hooking.[0m[0m
[1;33;40mWARNING - 2023-01-04 10:25:13,006 - [34mangr.project[0m - [34mAddress is already hooked, during hook(0x5000e0, <SimProcedure SHChangeNotify>). Not re-hooking.[0m[0m
[1;32;40mINFO - 2023-01-04 10:25:13,011 - [36mCustomSimProcedure[0m - [36mWas in angr :msvcrt.dll[0m[0m
[1;33;40mWARNING - 2023-01-04 10:25:13,067 - [34mangr.project[0m - [34mAddress is already hooked, during hook(0x5000bc, <SimProcedure time>). Not re-hooking.[0m[0m
[1;33;40mWARNING - 2023-01-04 10:25:13,067 - [34mangr.project[0m - [34mAddress is already hooked, during hook(0x601014, <SimProcedure KiUserExceptionDispatcher>). Not re-hooking.[0m[0m
[1;32;40mINFO - 2023-01-04 10:25:13,067 - [36mCustomSimProcedure[0m - [36mNo hooks for: {'GetIfTable': 5242988, "ordinal.823.b'mfc42.dll'": 5242992, "ordinal.825.b'mfc42.dll'": 5242996, '_controlfp': 5243000, '__set_app_type': 5243004, '_adjust_fdiv': 5243016, '__setusermatherr': 5243020, '_initterm': 5243024, '__getmainargs': 5243028, '_acmdln': 5243032, '_XcptFilter': 5243040, '_except_handler3': 5243048, 'WSAIoctl': 5243136, '_fmode': 6295576, '_commode': 6295580, '_wcmdln': 6295584, 'advapi32.dll': 6295588}[0m[0m
[1;32;40mINFO - 2023-01-04 10:25:13,070 - [36mCustomSimProcedure[0m - [36mSyscall found:  LoadLibraryA[<BV32 0x407154>][0m[0m
[1;32;40mINFO - 2023-01-04 10:25:13,103 - [37mCustomSimProcedureWindows[0m - [37mGetProcAddress: StartServiceCtrlDispatcherA[0m[0m
[1;32;40mINFO - 2023-01-04 10:25:13,103 - [37mCustomSimProcedureWindows[0m - [37mGetProcAddress - Query to lib : advapi32.dll[0m[0m
[1;32;40mINFO - 2023-01-04 10:25:13,104 - [37mCustomSimProcedureWindows[0m - [37mGetProcAddress: Symbol not found[0m[0m
[1;32;40mINFO - 2023-01-04 10:25:13,104 - [36mCustomSimProcedure[0m - [36mSyscall found:  GetProcAddress[<BV32 0x601024>, <BV32 0x4073d8>][0m[0m
[1;32;40mINFO - 2023-01-04 10:25:13,146 - [33mwerkzeug[0m - [33m172.17.0.1 - - [04/Jan/2023 10:25:13] "GET /iteration-scdg HTTP/1.1" 200 -[0m[0m
[1;32;40mINFO - 2023-01-04 10:25:13,148 - [33mwerkzeug[0m - [33m172.17.0.1 - - [04/Jan/2023 10:25:13] "GET /progress-scdg HTTP/1.1" 200 -[0m[0m
[1;32;40mINFO - 2023-01-04 10:25:13,154 - [36mCustomSimProcedure[0m - [36mSyscall found:  LoadLibraryA[<BV32 0x407154>][0m[0m
[1;32;40mINFO - 2023-01-04 10:25:13,183 - [37mCustomSimProcedureWindows[0m - [37mGetProcAddress: RegCloseKey[0m[0m
[1;32;40mINFO - 2023-01-04 10:25:13,184 - [37mCustomSimProcedureWindows[0m - [37mGetProcAddress - Query to lib : advapi32.dll[0m[0m
[1;32;40mINFO - 2023-01-04 10:25:13,184 - [37mCustomSimProcedureWindows[0m - [37mGetProcAddress: Symbol not found[0m[0m
[1;32;40mINFO - 2023-01-04 10:25:13,184 - [36mCustomSimProcedure[0m - [36mSyscall found:  GetProcAddress[<BV32 0x601024>, <BV32 0x4071a4>][0m[0m
[1;32;40mINFO - 2023-01-04 10:25:13,208 - [36mCustomSimProcedure[0m - [36mSyscall found:  LoadLibraryA[<BV32 0x407154>][0m[0m
[1;32;40mINFO - 2023-01-04 10:25:13,231 - [37mCustomSimProcedureWindows[0m - [37mGetProcAddress: RegOpenKeyExA[0m[0m
[1;32;40mINFO - 2023-01-04 10:25:13,231 - [37mCustomSimProcedureWindows[0m - [37mGetProcAddress - Query to lib : advapi32.dll[0m[0m
[1;32;40mINFO - 2023-01-04 10:25:13,231 - [37mCustomSimProcedureWindows[0m - [37mGetProcAddress: Symbol not found[0m[0m
[1;32;40mINFO - 2023-01-04 10:25:13,232 - [36mCustomSimProcedure[0m - [36mSyscall found:  GetProcAddress[<BV32 0x601024>, <BV32 0x407374>][0m[0m
[1;32;40mINFO - 2023-01-04 10:25:13,972 - [36mCustomSimProcedure[0m - [36mSyscall found:  RegOpenKeyExA[<BV32 0x80000002>, <BV32 0x7ffefbb0>, <BV32 0x0>, <BV32 0xf003f>, <BV32 0x7ffefcb8>][0m[0m
[1;32;40mINFO - 2023-01-04 10:25:13,998 - [36mCustomSimProcedure[0m - [36mSyscall found:  RegCloseKey[<BV32 key_handle_RegOpenKeyExA_196629_32[7:0] .. key_handle_RegOpenKeyExA_196629_32[15:8] .. key_handle_RegOpenKeyExA_196629_32[23:16] .. key_handle_RegOpenKeyExA_196629_32[31:24]>][0m[0m
[1;32;40mINFO - 2023-01-04 10:25:14,043 - [36mCustomSimProcedure[0m - [36mSyscall found:  StartServiceCtrlDispatcherA[<BV32 0x7ffefdfc>][0m[0m
[1;32;40mINFO - 2023-01-04 10:25:14,085 - [31mToolChainExplorerAnotherCDFS[0m - [31mA new block of execution have been executed with changes in sim_manager.[0m[0m
[1;32;40mINFO - 2023-01-04 10:25:14,085 - [31mToolChainExplorerAnotherCDFS[0m - [31mCurrently, simulation manager is :[0m[0m
[1;32;40mINFO - 2023-01-04 10:25:14,085 - [31mToolChainExplorerAnotherCDFS[0m - [31m<SimulationManager with 1 deadended>[0m[0m
[1;32;40mINFO - 2023-01-04 10:25:14,085 - [31mToolChainExplorerAnotherCDFS[0m - [31mpause stash len :0[0m[0m
[1;32;40mINFO - 2023-01-04 10:25:14,085 - [31mToolChainExplorerAnotherCDFS[0m - [31mlen(simgr.active) <= 0 or deadended >= self.max_end_state)[0m[0m
[1;32;40mINFO - 2023-01-04 10:25:14,088 - [37mGraphBuilder[0m - [37mOutput dir :src/output/runs/69//nitol[0m[0m
