[1;33;40mWARNING - 2023-01-04 10:23:27,902 - [34mangr.project[0m - [34mDisabling IRSB translation cache because support for self-modifying code is enabled.[0m[0m
[1;32;40mINFO - 2023-01-04 10:23:27,965 - [33mwerkzeug[0m - [33m172.17.0.1 - - [04/Jan/2023 10:23:27] "[36mGET /static/css/nyan.css HTTP/1.1[0m" 304 -[0m[0m
[1;32;40mINFO - 2023-01-04 10:23:27,992 - [33mwerkzeug[0m - [33m172.17.0.1 - - [04/Jan/2023 10:23:27] "[36mGET /static/css/styles.css HTTP/1.1[0m" 304 -[0m[0m
[1;32;40mINFO - 2023-01-04 10:23:27,992 - [33mwerkzeug[0m - [33m172.17.0.1 - - [04/Jan/2023 10:23:27] "[36mGET /static/js/nyan.js HTTP/1.1[0m" 304 -[0m[0m
[1;32;40mINFO - 2023-01-04 10:23:27,994 - [33mwerkzeug[0m - [33m172.17.0.1 - - [04/Jan/2023 10:23:27] "GET /static/js/scripts.js HTTP/1.1" 200 -[0m[0m
[1;32;40mINFO - 2023-01-04 10:23:27,997 - [33mwerkzeug[0m - [33m172.17.0.1 - - [04/Jan/2023 10:23:27] "[36mGET /static/assets/demo/chart-area-demo.js HTTP/1.1[0m" 304 -[0m[0m
[1;32;40mINFO - 2023-01-04 10:23:27,997 - [33mwerkzeug[0m - [33m172.17.0.1 - - [04/Jan/2023 10:23:27] "GET /static/js/datatables-simple-demo.js HTTP/1.1" 200 -[0m[0m
[1;32;40mINFO - 2023-01-04 10:23:28,001 - [33mwerkzeug[0m - [33m172.17.0.1 - - [04/Jan/2023 10:23:28] "[36mGET /static/assets/demo/chart-bar-demo.js HTTP/1.1[0m" 304 -[0m[0m
[1;32;40mINFO - 2023-01-04 10:23:28,155 - [33mwerkzeug[0m - [33m172.17.0.1 - - [04/Jan/2023 10:23:28] "GET /static/css/images/rainbow.png HTTP/1.1" 200 -[0m[0m
[1;32;40mINFO - 2023-01-04 10:23:28,157 - [33mwerkzeug[0m - [33m172.17.0.1 - - [04/Jan/2023 10:23:28] "GET /iteration-scdg HTTP/1.1" 200 -[0m[0m
[1;32;40mINFO - 2023-01-04 10:23:28,158 - [33mwerkzeug[0m - [33m172.17.0.1 - - [04/Jan/2023 10:23:28] "GET /progress-scdg HTTP/1.1" 200 -[0m[0m
[1;32;40mINFO - 2023-01-04 10:23:28,161 - [33mwerkzeug[0m - [33m172.17.0.1 - - [04/Jan/2023 10:23:28] "[36mGET /static/css/images/nyanCat.png HTTP/1.1[0m" 304 -[0m[0m
[1;32;40mINFO - 2023-01-04 10:23:29,330 - [33mwerkzeug[0m - [33m172.17.0.1 - - [04/Jan/2023 10:23:29] "GET /iteration-scdg HTTP/1.1" 200 -[0m[0m
[1;32;40mINFO - 2023-01-04 10:23:29,331 - [33mwerkzeug[0m - [33m172.17.0.1 - - [04/Jan/2023 10:23:29] "GET /progress-scdg HTTP/1.1" 200 -[0m[0m
[1;33;40mWARNING - 2023-01-04 10:23:29,694 - [33mangr.engines.vex.lifter[0m - [33mSelf-modifying code is not always correctly optimized by PyVEX. To guarantee correctness, VEX optimizations have been disabled.[0m[0m
[1;32;40mINFO - 2023-01-04 10:23:31,358 - [33mwerkzeug[0m - [33m172.17.0.1 - - [04/Jan/2023 10:23:31] "GET /iteration-scdg HTTP/1.1" 200 -[0m[0m
[1;32;40mINFO - 2023-01-04 10:23:31,364 - [33mwerkzeug[0m - [33m172.17.0.1 - - [04/Jan/2023 10:23:31] "GET /progress-scdg HTTP/1.1" 200 -[0m[0m
[1;32;40mINFO - 2023-01-04 10:23:33,184 - [33mwerkzeug[0m - [33m172.17.0.1 - - [04/Jan/2023 10:23:33] "GET /iteration-scdg HTTP/1.1" 200 -[0m[0m
[1;32;40mINFO - 2023-01-04 10:23:33,190 - [33mwerkzeug[0m - [33m172.17.0.1 - - [04/Jan/2023 10:23:33] "GET /progress-scdg HTTP/1.1" 200 -[0m[0m
[1;32;40mINFO - 2023-01-04 10:23:33,351 - [36mCustomSimProcedure[0m - {"ordinal.823.b'mfc42.dll'": 5242880, "ordinal.825.b'mfc42.dll'": 5242884, '_controlfp': 5242888, '__set_app_type': 5242892, '__p__fmode': 5242896, '__p__commode': 5242900, '_adjust_fdiv': 5242904, '__setusermatherr': 5242908, '_initterm': 5242912, '__getmainargs': 5242916, '_acmdln': 5242920, 'exit': 5242924, '_XcptFilter': 5242928, '_exit': 5242932, 'strncmp': 5242936, '_except_handler3': 5242940, 'strstr': 5242944, 'strcspn': 5242948, 'strncpy': 5242952, 'atoi': 5242956, 'time': 5242960, 'srand': 5242964, 'rand': 5242968, 'realloc': 5242972, 'free': 5242976, 'malloc': 5242980, 'sprintf': 5242984, 'ExitProcess': 5242988, 'Sleep': 5242992, 'lstrcpyA': 5242996, 'CreateProcessA': 5243000, 'TerminateProcess': 5243004, 'ExitThread': 5243008, 'GetStartupInfoA': 5243012, 'GetModuleHandleA': 5243016, 'WaitForSingleObject': 5243020, 'CreateFileA': 5243024, 'SetFilePointer': 5243028, 'WriteFile': 5243032, 'lstrcpynA': 5243036, 'lstrlenA': 5243040, 'OpenMutexA': 5243044, 'ReleaseMutex': 5243048, 'GetComputerNameA': 5243052, 'GetCurrentProcess': 5243056, 'GetCurrentThread': 5243060, 'CloseHandle': 5243064, 'CreateThread': 5243068, 'LoadLibraryA': 5243072, 'GetProcAddress': 5243076, 'GetSystemDefaultUILanguage': 5243080, 'GetTickCount': 5243084, 'GetDesktopWindow': 5243088, 'wsprintfA': 5243092, 'SHChangeNotify': 5243096, 'ShellExecuteExA': 5243100, 'ShellExecuteA': 5243104, 'SHDeleteKeyA': 5243108, 'setsockopt': 5243112, 'recv': 5243116, '__WSAFDIsSet': 5243120, 'select': 5243124, 'WSAIoctl': 5243128, 'closesocket': 5243132, 'WSAStartup': 5243136, 'inet_ntoa': 5243140, 'htonl': 5243144, 'WSACleanup': 5243148, 'socket': 5243152, 'connect': 5243156, 'send': 5243160, 'inet_addr': 5243164, 'sendto': 5243168, 'htons': 5243172, 'GetIfTable': 5243176, 'GetAdaptersInfo': 5243180, 'KiUserExceptionDispatcher': 6295572, '_fmode': 6295576, '_commode': 6295580, '_wcmdln': 6295584}[0m
[1;33;40mWARNING - 2023-01-04 10:23:33,355 - [34mangr.project[0m - [34mAddress is already hooked, during hook(0x500118, <SimProcedure send>). Not re-hooking.[0m[0m
[1;33;40mWARNING - 2023-01-04 10:23:33,356 - [34mangr.project[0m - [34mAddress is already hooked, during hook(0x50011c, <SimProcedure inet_addr>). Not re-hooking.[0m[0m
[1;33;40mWARNING - 2023-01-04 10:23:33,356 - [34mangr.project[0m - [34mAddress is already hooked, during hook(0x5000f0, <SimProcedure __WSAFDIsSet>). Not re-hooking.[0m[0m
[1;33;40mWARNING - 2023-01-04 10:23:33,356 - [34mangr.project[0m - [34mAddress is already hooked, during hook(0x5000e8, <SimProcedure setsockopt>). Not re-hooking.[0m[0m
[1;33;40mWARNING - 2023-01-04 10:23:33,356 - [34mangr.project[0m - [34mAddress is already hooked, during hook(0x500100, <SimProcedure WSAStartup>). Not re-hooking.[0m[0m
[1;33;40mWARNING - 2023-01-04 10:23:33,356 - [34mangr.project[0m - [34mAddress is already hooked, during hook(0x5000fc, <SimProcedure closesocket>). Not re-hooking.[0m[0m
[1;33;40mWARNING - 2023-01-04 10:23:33,356 - [34mangr.project[0m - [34mAddress is already hooked, during hook(0x500108, <SimProcedure htonl>). Not re-hooking.[0m[0m
[1;33;40mWARNING - 2023-01-04 10:23:33,356 - [34mangr.project[0m - [34mAddress is already hooked, during hook(0x500124, <SimProcedure htons>). Not re-hooking.[0m[0m
[1;33;40mWARNING - 2023-01-04 10:23:33,356 - [34mangr.project[0m - [34mAddress is already hooked, during hook(0x50010c, <SimProcedure WSACleanup>). Not re-hooking.[0m[0m
[1;32;40mINFO - 2023-01-04 10:23:33,359 - [36mCustomSimProcedure[0m - [36mWas in angr :user32.dll[0m[0m
[1;33;40mWARNING - 2023-01-04 10:23:33,362 - [36mCustomSimProcedure[0m - [36mProcedure wsprintfA in DLL user32.dll has 3 arguments in json and 2 arguments in angr prototype. Taking number of arguments from json.[0m[0m
[1;33;40mWARNING - 2023-01-04 10:23:33,362 - [36mCustomSimProcedure[0m - [36mProcedure wsprintfW in DLL user32.dll has 3 arguments in json and 2 arguments in angr prototype. Taking number of arguments from json.[0m[0m
[1;33;40mWARNING - 2023-01-04 10:23:33,403 - [34mangr.project[0m - [34mAddress is already hooked, during hook(0x5000d0, <SimProcedure GetDesktopWindow>). Not re-hooking.[0m[0m
[1;32;40mINFO - 2023-01-04 10:23:33,444 - [36mCustomSimProcedure[0m - [36mWas in angr :kernel32.dll[0m[0m
[1;33;40mWARNING - 2023-01-04 10:23:33,536 - [34mangr.project[0m - [34mAddress is already hooked, during hook(0x5000a8, <SimProcedure ReleaseMutex>). Not re-hooking.[0m[0m
[1;33;40mWARNING - 2023-01-04 10:23:33,536 - [34mangr.project[0m - [34mAddress is already hooked, during hook(0x50008c, <SimProcedure WaitForSingleObject>). Not re-hooking.[0m[0m
[1;33;40mWARNING - 2023-01-04 10:23:33,537 - [34mangr.project[0m - [34mAddress is already hooked, during hook(0x500080, <SimProcedure ExitThread>). Not re-hooking.[0m[0m
[1;33;40mWARNING - 2023-01-04 10:23:33,537 - [34mangr.project[0m - [34mAddress is already hooked, during hook(0x500078, <SimProcedure CreateProcessA>). Not re-hooking.[0m[0m
[1;33;40mWARNING - 2023-01-04 10:23:33,538 - [34mangr.project[0m - [34mAddress is already hooked, during hook(0x500094, <SimProcedure SetFilePointer>). Not re-hooking.[0m[0m
[1;33;40mWARNING - 2023-01-04 10:23:33,538 - [34mangr.project[0m - [34mAddress is already hooked, during hook(0x5000b4, <SimProcedure GetCurrentThread>). Not re-hooking.[0m[0m
[1;33;40mWARNING - 2023-01-04 10:23:33,538 - [34mangr.project[0m - [34mAddress is already hooked, during hook(0x5000b0, <SimProcedure GetCurrentProcess>). Not re-hooking.[0m[0m
[1;33;40mWARNING - 2023-01-04 10:23:33,538 - [34mangr.project[0m - [34mAddress is already hooked, during hook(0x5000a4, <SimProcedure OpenMutexA>). Not re-hooking.[0m[0m
[1;33;40mWARNING - 2023-01-04 10:23:33,539 - [34mangr.project[0m - [34mAddress is already hooked, during hook(0x5000c8, <SimProcedure GetSystemDefaultUILanguage>). Not re-hooking.[0m[0m
[1;33;40mWARNING - 2023-01-04 10:23:33,539 - [34mangr.project[0m - [34mAddress is already hooked, during hook(0x5000b8, <SimProcedure CloseHandle>). Not re-hooking.[0m[0m
[1;33;40mWARNING - 2023-01-04 10:23:33,539 - [34mangr.project[0m - [34mAddress is already hooked, during hook(0x500084, <SimProcedure GetStartupInfoA>). Not re-hooking.[0m[0m
[1;33;40mWARNING - 2023-01-04 10:23:33,539 - [34mangr.project[0m - [34mAddress is already hooked, during hook(0x500070, <SimProcedure Sleep>). Not re-hooking.[0m[0m
[1;33;40mWARNING - 2023-01-04 10:23:33,655 - [34mangr.project[0m - [34mAddress is already hooked, during hook(0x5000e4, <SimProcedure SHDeleteKeyA>). Not re-hooking.[0m[0m
[1;33;40mWARNING - 2023-01-04 10:23:33,685 - [34mangr.project[0m - [34mAddress is already hooked, during hook(0x5000dc, <SimProcedure ShellExecuteExA>). Not re-hooking.[0m[0m
[1;33;40mWARNING - 2023-01-04 10:23:33,686 - [34mangr.project[0m - [34mAddress is already hooked, during hook(0x5000e0, <SimProcedure ShellExecuteA>). Not re-hooking.[0m[0m
[1;33;40mWARNING - 2023-01-04 10:23:33,686 - [34mangr.project[0m - [34mAddress is already hooked, during hook(0x5000d8, <SimProcedure SHChangeNotify>). Not re-hooking.[0m[0m
[1;32;40mINFO - 2023-01-04 10:23:33,691 - [36mCustomSimProcedure[0m - [36mWas in angr :msvcrt.dll[0m[0m
[1;33;40mWARNING - 2023-01-04 10:23:33,732 - [34mangr.project[0m - [34mAddress is already hooked, during hook(0x500044, <SimProcedure strcspn>). Not re-hooking.[0m[0m
[1;33;40mWARNING - 2023-01-04 10:23:33,732 - [34mangr.project[0m - [34mAddress is already hooked, during hook(0x500034, <SimProcedure _exit>). Not re-hooking.[0m[0m
[1;33;40mWARNING - 2023-01-04 10:23:33,762 - [34mangr.project[0m - [34mAddress is already hooked, during hook(0x500050, <SimProcedure time>). Not re-hooking.[0m[0m
[1;33;40mWARNING - 2023-01-04 10:23:33,762 - [34mangr.project[0m - [34mAddress is already hooked, during hook(0x601014, <SimProcedure KiUserExceptionDispatcher>). Not re-hooking.[0m[0m
[1;32;40mINFO - 2023-01-04 10:23:33,762 - [36mCustomSimProcedure[0m - [36mNo hooks for: {"ordinal.823.b'mfc42.dll'": 5242880, "ordinal.825.b'mfc42.dll'": 5242884, '_controlfp': 5242888, '__set_app_type': 5242892, '_adjust_fdiv': 5242904, '__setusermatherr': 5242908, '_initterm': 5242912, '__getmainargs': 5242916, '_acmdln': 5242920, '_XcptFilter': 5242928, '_except_handler3': 5242940, 'WSAIoctl': 5243128, 'GetIfTable': 5243176, '_fmode': 6295576, '_commode': 6295580, '_wcmdln': 6295584}[0m[0m
[1;32;40mINFO - 2023-01-04 10:23:33,762 - [36mCustomSimProcedure[0m - [36mcustom_hook_static[0m[0m
[1;32;40mINFO - 2023-01-04 10:23:33,762 - [36mCustomSimProcedure[0m - [36mmfc42.dll[0m[0m
[1;32;40mINFO - 2023-01-04 10:23:33,763 - [36mCustomSimProcedure[0m - [36m823[0m[0m
[1;32;40mINFO - 2023-01-04 10:23:33,763 - [36mCustomSimProcedure[0m - [36mmfc42.dll[0m[0m
[1;32;40mINFO - 2023-01-04 10:23:33,763 - [36mCustomSimProcedure[0m - [36m825[0m[0m
[1;33;40mWARNING - 2023-01-04 10:23:33,763 - [34mangr.project[0m - [34mAddress is already hooked, during hook(0x400000, <SimProcedure __p__commode>). Not re-hooking.[0m[0m
[1;33;40mWARNING - 2023-01-04 10:23:33,763 - [34mangr.project[0m - [34mAddress is already hooked, during hook(0x400000, <SimProcedure _initterm>). Not re-hooking.[0m[0m
[1;33;40mWARNING - 2023-01-04 10:23:33,763 - [34mangr.project[0m - [34mAddress is already hooked, during hook(0x400000, <SimProcedure __getmainargs>). Not re-hooking.[0m[0m
[1;33;40mWARNING - 2023-01-04 10:23:33,763 - [34mangr.project[0m - [34mAddress is already hooked, during hook(0x400000, <SimProcedure exit>). Not re-hooking.[0m[0m
[1;33;40mWARNING - 2023-01-04 10:23:33,764 - [34mangr.project[0m - [34mAddress is already hooked, during hook(0x400000, <SimProcedure strncmp>). Not re-hooking.[0m[0m
[1;33;40mWARNING - 2023-01-04 10:23:33,764 - [34mangr.project[0m - [34mAddress is already hooked, during hook(0x400000, <SimProcedure strstr>). Not re-hooking.[0m[0m
[1;33;40mWARNING - 2023-01-04 10:23:33,764 - [34mangr.project[0m - [34mAddress is already hooked, during hook(0x400000, <SimProcedure strncpy>). Not re-hooking.[0m[0m
[1;33;40mWARNING - 2023-01-04 10:23:33,764 - [34mangr.project[0m - [34mAddress is already hooked, during hook(0x400000, <SimProcedure atoi>). Not re-hooking.[0m[0m
[1;33;40mWARNING - 2023-01-04 10:23:33,764 - [34mangr.project[0m - [34mAddress is already hooked, during hook(0x400000, <SimProcedure time>). Not re-hooking.[0m[0m
[1;33;40mWARNING - 2023-01-04 10:23:33,764 - [34mangr.project[0m - [34mAddress is already hooked, during hook(0x400000, <SimProcedure srand>). Not re-hooking.[0m[0m
[1;33;40mWARNING - 2023-01-04 10:23:33,765 - [34mangr.project[0m - [34mAddress is already hooked, during hook(0x400000, <SimProcedure rand>). Not re-hooking.[0m[0m
[1;33;40mWARNING - 2023-01-04 10:23:33,765 - [34mangr.project[0m - [34mAddress is already hooked, during hook(0x400000, <SimProcedure realloc>). Not re-hooking.[0m[0m
[1;33;40mWARNING - 2023-01-04 10:23:33,765 - [34mangr.project[0m - [34mAddress is already hooked, during hook(0x400000, <SimProcedure free>). Not re-hooking.[0m[0m
[1;33;40mWARNING - 2023-01-04 10:23:33,765 - [34mangr.project[0m - [34mAddress is already hooked, during hook(0x400000, <SimProcedure malloc>). Not re-hooking.[0m[0m
[1;33;40mWARNING - 2023-01-04 10:23:33,765 - [34mangr.project[0m - [34mAddress is already hooked, during hook(0x400000, <SimProcedure sprintf>). Not re-hooking.[0m[0m
[1;33;40mWARNING - 2023-01-04 10:23:33,765 - [34mangr.project[0m - [34mAddress is already hooked, during hook(0x400000, <SimProcedure ExitProcess>). Not re-hooking.[0m[0m
[1;33;40mWARNING - 2023-01-04 10:23:33,766 - [34mangr.project[0m - [34mAddress is already hooked, during hook(0x400000, <SimProcedure WriteFile>). Not re-hooking.[0m[0m
[1;33;40mWARNING - 2023-01-04 10:23:33,766 - [34mangr.project[0m - [34mAddress is already hooked, during hook(0x400000, <SimProcedure GetTickCount>). Not re-hooking.[0m[0m
[1;33;40mWARNING - 2023-01-04 10:23:33,766 - [34mangr.project[0m - [34mAddress is already hooked, during hook(0x400000, <SimProcedure setsockopt>). Not re-hooking.[0m[0m
[1;33;40mWARNING - 2023-01-04 10:23:33,766 - [34mangr.project[0m - [34mAddress is already hooked, during hook(0x400000, <SimProcedure recv>). Not re-hooking.[0m[0m
[1;33;40mWARNING - 2023-01-04 10:23:33,766 - [34mangr.project[0m - [34mAddress is already hooked, during hook(0x400000, <SimProcedure select>). Not re-hooking.[0m[0m
[1;33;40mWARNING - 2023-01-04 10:23:33,766 - [34mangr.project[0m - [34mAddress is already hooked, during hook(0x400000, <SimProcedure inet_ntoa>). Not re-hooking.[0m[0m
[1;33;40mWARNING - 2023-01-04 10:23:33,767 - [34mangr.project[0m - [34mAddress is already hooked, during hook(0x400000, <SimProcedure htonl>). Not re-hooking.[0m[0m
[1;33;40mWARNING - 2023-01-04 10:23:33,767 - [34mangr.project[0m - [34mAddress is already hooked, during hook(0x400000, <SimProcedure socket>). Not re-hooking.[0m[0m
[1;33;40mWARNING - 2023-01-04 10:23:33,767 - [34mangr.project[0m - [34mAddress is already hooked, during hook(0x400000, <SimProcedure send>). Not re-hooking.[0m[0m
[1;33;40mWARNING - 2023-01-04 10:23:33,767 - [34mangr.project[0m - [34mAddress is already hooked, during hook(0x400000, <SimProcedure htons>). Not re-hooking.[0m[0m
[1;32;40mINFO - 2023-01-04 10:23:33,767 - [36mCustomSimProcedure[0m - [36mmfc42.dll[0m[0m
[1;32;40mINFO - 2023-01-04 10:23:33,767 - [36mCustomSimProcedure[0m - [36m823[0m[0m
[1;32;40mINFO - 2023-01-04 10:23:33,767 - [36mCustomSimProcedure[0m - [36mmfc42.dll[0m[0m
[1;32;40mINFO - 2023-01-04 10:23:33,767 - [36mCustomSimProcedure[0m - [36m825[0m[0m
[1;33;40mWARNING - 2023-01-04 10:23:33,767 - [34mangr.project[0m - [34mAddress is already hooked, during hook(0x500010, <SimProcedure __p__fmode>). Not re-hooking.[0m[0m
[1;33;40mWARNING - 2023-01-04 10:23:33,768 - [34mangr.project[0m - [34mAddress is already hooked, during hook(0x500014, <SimProcedure __p__commode>). Not re-hooking.[0m[0m
[1;33;40mWARNING - 2023-01-04 10:23:33,768 - [34mangr.project[0m - [34mAddress is already hooked, during hook(0x500020, <SimProcedure _initterm>). Not re-hooking.[0m[0m
[1;33;40mWARNING - 2023-01-04 10:23:33,768 - [34mangr.project[0m - [34mAddress is already hooked, during hook(0x500024, <SimProcedure __getmainargs>). Not re-hooking.[0m[0m
[1;33;40mWARNING - 2023-01-04 10:23:33,768 - [34mangr.project[0m - [34mAddress is already hooked, during hook(0x50002c, <SimProcedure exit>). Not re-hooking.[0m[0m
[1;33;40mWARNING - 2023-01-04 10:23:33,768 - [34mangr.project[0m - [34mAddress is already hooked, during hook(0x500038, <SimProcedure strncmp>). Not re-hooking.[0m[0m
[1;33;40mWARNING - 2023-01-04 10:23:33,768 - [34mangr.project[0m - [34mAddress is already hooked, during hook(0x500040, <SimProcedure strstr>). Not re-hooking.[0m[0m
[1;33;40mWARNING - 2023-01-04 10:23:33,769 - [34mangr.project[0m - [34mAddress is already hooked, during hook(0x500048, <SimProcedure strncpy>). Not re-hooking.[0m[0m
[1;33;40mWARNING - 2023-01-04 10:23:33,769 - [34mangr.project[0m - [34mAddress is already hooked, during hook(0x50004c, <SimProcedure atoi>). Not re-hooking.[0m[0m
[1;33;40mWARNING - 2023-01-04 10:23:33,769 - [34mangr.project[0m - [34mAddress is already hooked, during hook(0x500050, <SimProcedure time>). Not re-hooking.[0m[0m
[1;33;40mWARNING - 2023-01-04 10:23:33,769 - [34mangr.project[0m - [34mAddress is already hooked, during hook(0x500054, <SimProcedure srand>). Not re-hooking.[0m[0m
[1;33;40mWARNING - 2023-01-04 10:23:33,769 - [34mangr.project[0m - [34mAddress is already hooked, during hook(0x500058, <SimProcedure rand>). Not re-hooking.[0m[0m
[1;33;40mWARNING - 2023-01-04 10:23:33,769 - [34mangr.project[0m - [34mAddress is already hooked, during hook(0x50005c, <SimProcedure realloc>). Not re-hooking.[0m[0m
[1;33;40mWARNING - 2023-01-04 10:23:33,769 - [34mangr.project[0m - [34mAddress is already hooked, during hook(0x500060, <SimProcedure free>). Not re-hooking.[0m[0m
[1;33;40mWARNING - 2023-01-04 10:23:33,769 - [34mangr.project[0m - [34mAddress is already hooked, during hook(0x500064, <SimProcedure malloc>). Not re-hooking.[0m[0m
[1;33;40mWARNING - 2023-01-04 10:23:33,770 - [34mangr.project[0m - [34mAddress is already hooked, during hook(0x500068, <SimProcedure sprintf>). Not re-hooking.[0m[0m
[1;33;40mWARNING - 2023-01-04 10:23:33,770 - [34mangr.project[0m - [34mAddress is already hooked, during hook(0x50006c, <SimProcedure ExitProcess>). Not re-hooking.[0m[0m
[1;33;40mWARNING - 2023-01-04 10:23:33,770 - [34mangr.project[0m - [34mAddress is already hooked, during hook(0x500098, <SimProcedure WriteFile>). Not re-hooking.[0m[0m
[1;33;40mWARNING - 2023-01-04 10:23:33,770 - [34mangr.project[0m - [34mAddress is already hooked, during hook(0x5000cc, <SimProcedure GetTickCount>). Not re-hooking.[0m[0m
[1;33;40mWARNING - 2023-01-04 10:23:33,770 - [34mangr.project[0m - [34mAddress is already hooked, during hook(0x5000e8, <SimProcedure setsockopt>). Not re-hooking.[0m[0m
[1;33;40mWARNING - 2023-01-04 10:23:33,771 - [34mangr.project[0m - [34mAddress is already hooked, during hook(0x5000ec, <SimProcedure recv>). Not re-hooking.[0m[0m
[1;33;40mWARNING - 2023-01-04 10:23:33,771 - [34mangr.project[0m - [34mAddress is already hooked, during hook(0x5000f4, <SimProcedure select>). Not re-hooking.[0m[0m
[1;33;40mWARNING - 2023-01-04 10:23:33,771 - [34mangr.project[0m - [34mAddress is already hooked, during hook(0x500104, <SimProcedure inet_ntoa>). Not re-hooking.[0m[0m
[1;33;40mWARNING - 2023-01-04 10:23:33,771 - [34mangr.project[0m - [34mAddress is already hooked, during hook(0x500108, <SimProcedure htonl>). Not re-hooking.[0m[0m
[1;33;40mWARNING - 2023-01-04 10:23:33,771 - [34mangr.project[0m - [34mAddress is already hooked, during hook(0x500110, <SimProcedure socket>). Not re-hooking.[0m[0m
[1;33;40mWARNING - 2023-01-04 10:23:33,771 - [34mangr.project[0m - [34mAddress is already hooked, during hook(0x500118, <SimProcedure send>). Not re-hooking.[0m[0m
[1;33;40mWARNING - 2023-01-04 10:23:33,771 - [34mangr.project[0m - [34mAddress is already hooked, during hook(0x500124, <SimProcedure htons>). Not re-hooking.[0m[0m
[1;33;40mWARNING - 2023-01-04 10:23:33,771 - [34mangr.project[0m - [34mAddress is already hooked, during hook(0x601014, <SimProcedure KiUserExceptionDispatcher>). Not re-hooking.[0m[0m
[1;32;40mINFO - 2023-01-04 10:23:33,772 - [36mCustomSimProcedure[0m - [36mcustom_hook_windows_symbols[0m[0m
[1;32;40mINFO - 2023-01-04 10:23:34,359 - [33mwerkzeug[0m - [33m172.17.0.1 - - [04/Jan/2023 10:23:34] "GET /iteration-scdg HTTP/1.1" 200 -[0m[0m
[1;32;40mINFO - 2023-01-04 10:23:34,386 - [33mwerkzeug[0m - [33m172.17.0.1 - - [04/Jan/2023 10:23:34] "GET /progress-scdg HTTP/1.1" 200 -[0m[0m
[1;33;40mWARNING - 2023-01-04 10:23:34,504 - [34mangr.project[0m - [34mAddress is already hooked, during hook(0x5000d0, <SimProcedure GetDesktopWindow>). Re-hooking.[0m[0m
[1;33;40mWARNING - 2023-01-04 10:23:34,506 - [34mangr.project[0m - [34mAddress is already hooked, during hook(0x5000d0, <SimProcedure GetDesktopWindow>). Re-hooking.[0m[0m
[1;33;40mWARNING - 2023-01-04 10:23:35,776 - [34mangr.project[0m - [34mAddress is already hooked, during hook(0x5000d0, <SimProcedure GetDesktopWindow>). Re-hooking.[0m[0m
[1;33;40mWARNING - 2023-01-04 10:23:35,777 - [34mangr.project[0m - [34mAddress is already hooked, during hook(0x5000d0, <SimProcedure GetDesktopWindow>). Re-hooking.[0m[0m
[1;33;40mWARNING - 2023-01-04 10:23:36,213 - [34mangr.project[0m - [34mAddress is already hooked, during hook(0x5000a8, <SimProcedure ReleaseMutex>). Re-hooking.[0m[0m
[1;33;40mWARNING - 2023-01-04 10:23:36,215 - [34mangr.project[0m - [34mAddress is already hooked, during hook(0x5000a8, <SimProcedure ReleaseMutex>). Re-hooking.[0m[0m
[1;33;40mWARNING - 2023-01-04 10:23:36,228 - [34mangr.project[0m - [34mAddress is already hooked, during hook(0x50008c, <SimProcedure WaitForSingleObject>). Re-hooking.[0m[0m
[1;33;40mWARNING - 2023-01-04 10:23:36,229 - [34mangr.project[0m - [34mAddress is already hooked, during hook(0x50008c, <SimProcedure WaitForSingleObject>). Re-hooking.[0m[0m
[1;33;40mWARNING - 2023-01-04 10:23:36,285 - [34mangr.project[0m - [34mAddress is already hooked, during hook(0x5000b8, <SimProcedure CloseHandle>). Re-hooking.[0m[0m
[1;33;40mWARNING - 2023-01-04 10:23:36,287 - [34mangr.project[0m - [34mAddress is already hooked, during hook(0x5000b8, <SimProcedure CloseHandle>). Re-hooking.[0m[0m
[1;32;40mINFO - 2023-01-04 10:23:36,350 - [33mwerkzeug[0m - [33m172.17.0.1 - - [04/Jan/2023 10:23:36] "GET /iteration-scdg HTTP/1.1" 200 -[0m[0m
[1;32;40mINFO - 2023-01-04 10:23:36,357 - [33mwerkzeug[0m - [33m172.17.0.1 - - [04/Jan/2023 10:23:36] "GET /progress-scdg HTTP/1.1" 200 -[0m[0m
[1;33;40mWARNING - 2023-01-04 10:23:36,449 - [34mangr.project[0m - [34mAddress is already hooked, during hook(0x500078, <SimProcedure CreateProcessA>). Re-hooking.[0m[0m
[1;33;40mWARNING - 2023-01-04 10:23:36,450 - [34mangr.project[0m - [34mAddress is already hooked, during hook(0x500078, <SimProcedure CreateProcessA>). Re-hooking.[0m[0m
[1;33;40mWARNING - 2023-01-04 10:23:36,646 - [34mangr.project[0m - [34mAddress is already hooked, during hook(0x500080, <SimProcedure ExitThread>). Re-hooking.[0m[0m
[1;33;40mWARNING - 2023-01-04 10:23:36,648 - [34mangr.project[0m - [34mAddress is already hooked, during hook(0x500080, <SimProcedure ExitThread>). Re-hooking.[0m[0m
[1;33;40mWARNING - 2023-01-04 10:23:36,931 - [34mangr.project[0m - [34mAddress is already hooked, during hook(0x5000b4, <SimProcedure GetCurrentThread>). Re-hooking.[0m[0m
[1;33;40mWARNING - 2023-01-04 10:23:36,932 - [34mangr.project[0m - [34mAddress is already hooked, during hook(0x5000b4, <SimProcedure GetCurrentThread>). Re-hooking.[0m[0m
[1;33;40mWARNING - 2023-01-04 10:23:37,183 - [34mangr.project[0m - [34mAddress is already hooked, during hook(0x500084, <SimProcedure GetStartupInfoA>). Re-hooking.[0m[0m
[1;33;40mWARNING - 2023-01-04 10:23:37,184 - [34mangr.project[0m - [34mAddress is already hooked, during hook(0x500084, <SimProcedure GetStartupInfoA>). Re-hooking.[0m[0m
[1;33;40mWARNING - 2023-01-04 10:23:37,565 - [34mangr.project[0m - [34mAddress is already hooked, during hook(0x5000a4, <SimProcedure OpenMutexA>). Re-hooking.[0m[0m
[1;33;40mWARNING - 2023-01-04 10:23:37,566 - [34mangr.project[0m - [34mAddress is already hooked, during hook(0x5000a4, <SimProcedure OpenMutexA>). Re-hooking.[0m[0m
[1;33;40mWARNING - 2023-01-04 10:23:37,937 - [34mangr.project[0m - [34mAddress is already hooked, during hook(0x500094, <SimProcedure SetFilePointer>). Re-hooking.[0m[0m
[1;33;40mWARNING - 2023-01-04 10:23:37,938 - [34mangr.project[0m - [34mAddress is already hooked, during hook(0x500094, <SimProcedure SetFilePointer>). Re-hooking.[0m[0m
[1;33;40mWARNING - 2023-01-04 10:23:38,068 - [34mangr.project[0m - [34mAddress is already hooked, during hook(0x500070, <SimProcedure Sleep>). Re-hooking.[0m[0m
[1;33;40mWARNING - 2023-01-04 10:23:38,069 - [34mangr.project[0m - [34mAddress is already hooked, during hook(0x500070, <SimProcedure Sleep>). Re-hooking.[0m[0m
[1;32;40mINFO - 2023-01-04 10:23:38,170 - [33mwerkzeug[0m - [33m172.17.0.1 - - [04/Jan/2023 10:23:38] "GET /progress-scdg HTTP/1.1" 200 -[0m[0m
[1;32;40mINFO - 2023-01-04 10:23:38,171 - [33mwerkzeug[0m - [33m172.17.0.1 - - [04/Jan/2023 10:23:38] "GET /iteration-scdg HTTP/1.1" 200 -[0m[0m
[1;33;40mWARNING - 2023-01-04 10:23:38,185 - [34mangr.project[0m - [34mAddress is already hooked, during hook(0x50008c, <SimProcedure WaitForSingleObject>). Re-hooking.[0m[0m
[1;33;40mWARNING - 2023-01-04 10:23:38,186 - [34mangr.project[0m - [34mAddress is already hooked, during hook(0x50008c, <SimProcedure WaitForSingleObject>). Re-hooking.[0m[0m
[1;33;40mWARNING - 2023-01-04 10:23:38,315 - [34mangr.project[0m - [34mAddress is already hooked, during hook(0x5000a0, <SimProcedure lstrlenA>). Re-hooking.[0m[0m
[1;33;40mWARNING - 2023-01-04 10:23:38,316 - [34mangr.project[0m - [34mAddress is already hooked, during hook(0x5000a0, <SimProcedure lstrlenA>). Re-hooking.[0m[0m
[1;33;40mWARNING - 2023-01-04 10:23:38,392 - [34mangr.project[0m - [34mAddress is already hooked, during hook(0x500080, <SimProcedure ExitThread>). Re-hooking.[0m[0m
[1;33;40mWARNING - 2023-01-04 10:23:38,393 - [34mangr.project[0m - [34mAddress is already hooked, during hook(0x500080, <SimProcedure ExitThread>). Re-hooking.[0m[0m
[1;33;40mWARNING - 2023-01-04 10:23:38,640 - [34mangr.project[0m - [34mAddress is already hooked, during hook(0x500078, <SimProcedure CreateProcessA>). Re-hooking.[0m[0m
[1;33;40mWARNING - 2023-01-04 10:23:38,642 - [34mangr.project[0m - [34mAddress is already hooked, during hook(0x500078, <SimProcedure CreateProcessA>). Re-hooking.[0m[0m
[1;33;40mWARNING - 2023-01-04 10:23:38,802 - [34mangr.project[0m - [34mAddress is already hooked, during hook(0x500094, <SimProcedure SetFilePointer>). Re-hooking.[0m[0m
[1;33;40mWARNING - 2023-01-04 10:23:38,804 - [34mangr.project[0m - [34mAddress is already hooked, during hook(0x500094, <SimProcedure SetFilePointer>). Re-hooking.[0m[0m
[1;33;40mWARNING - 2023-01-04 10:23:38,866 - [34mangr.project[0m - [34mAddress is already hooked, during hook(0x5000b0, <SimProcedure GetCurrentProcess>). Re-hooking.[0m[0m
[1;33;40mWARNING - 2023-01-04 10:23:38,868 - [34mangr.project[0m - [34mAddress is already hooked, during hook(0x5000b0, <SimProcedure GetCurrentProcess>). Re-hooking.[0m[0m
[1;33;40mWARNING - 2023-01-04 10:23:39,301 - [34mangr.project[0m - [34mAddress is already hooked, during hook(0x5000c8, <SimProcedure GetSystemDefaultUILanguage>). Re-hooking.[0m[0m
[1;33;40mWARNING - 2023-01-04 10:23:39,302 - [34mangr.project[0m - [34mAddress is already hooked, during hook(0x5000c8, <SimProcedure GetSystemDefaultUILanguage>). Re-hooking.[0m[0m
[1;32;40mINFO - 2023-01-04 10:23:39,360 - [33mwerkzeug[0m - [33m172.17.0.1 - - [04/Jan/2023 10:23:39] "GET /iteration-scdg HTTP/1.1" 200 -[0m[0m
[1;33;40mWARNING - 2023-01-04 10:23:39,372 - [34mangr.project[0m - [34mAddress is already hooked, during hook(0x5000b4, <SimProcedure GetCurrentThread>). Re-hooking.[0m[0m
[1;32;40mINFO - 2023-01-04 10:23:39,374 - [33mwerkzeug[0m - [33m172.17.0.1 - - [04/Jan/2023 10:23:39] "GET /progress-scdg HTTP/1.1" 200 -[0m[0m
[1;33;40mWARNING - 2023-01-04 10:23:39,375 - [34mangr.project[0m - [34mAddress is already hooked, during hook(0x5000b4, <SimProcedure GetCurrentThread>). Re-hooking.[0m[0m
[1;33;40mWARNING - 2023-01-04 10:23:39,416 - [34mangr.project[0m - [34mAddress is already hooked, during hook(0x5000b0, <SimProcedure GetCurrentProcess>). Re-hooking.[0m[0m
[1;33;40mWARNING - 2023-01-04 10:23:39,418 - [34mangr.project[0m - [34mAddress is already hooked, during hook(0x5000b0, <SimProcedure GetCurrentProcess>). Re-hooking.[0m[0m
[1;33;40mWARNING - 2023-01-04 10:23:39,558 - [34mangr.project[0m - [34mAddress is already hooked, during hook(0x5000a0, <SimProcedure lstrlenA>). Re-hooking.[0m[0m
[1;33;40mWARNING - 2023-01-04 10:23:39,559 - [34mangr.project[0m - [34mAddress is already hooked, during hook(0x5000a0, <SimProcedure lstrlenA>). Re-hooking.[0m[0m
[1;33;40mWARNING - 2023-01-04 10:23:39,780 - [34mangr.project[0m - [34mAddress is already hooked, during hook(0x5000a4, <SimProcedure OpenMutexA>). Re-hooking.[0m[0m
[1;33;40mWARNING - 2023-01-04 10:23:39,782 - [34mangr.project[0m - [34mAddress is already hooked, during hook(0x5000a4, <SimProcedure OpenMutexA>). Re-hooking.[0m[0m
[1;33;40mWARNING - 2023-01-04 10:23:39,887 - [34mangr.project[0m - [34mAddress is already hooked, during hook(0x5000c8, <SimProcedure GetSystemDefaultUILanguage>). Re-hooking.[0m[0m
[1;33;40mWARNING - 2023-01-04 10:23:39,889 - [34mangr.project[0m - [34mAddress is already hooked, during hook(0x5000c8, <SimProcedure GetSystemDefaultUILanguage>). Re-hooking.[0m[0m
[1;33;40mWARNING - 2023-01-04 10:23:40,005 - [34mangr.project[0m - [34mAddress is already hooked, during hook(0x5000b8, <SimProcedure CloseHandle>). Re-hooking.[0m[0m
[1;33;40mWARNING - 2023-01-04 10:23:40,007 - [34mangr.project[0m - [34mAddress is already hooked, during hook(0x5000b8, <SimProcedure CloseHandle>). Re-hooking.[0m[0m
[1;33;40mWARNING - 2023-01-04 10:23:40,476 - [34mangr.project[0m - [34mAddress is already hooked, during hook(0x5000a8, <SimProcedure ReleaseMutex>). Re-hooking.[0m[0m
[1;33;40mWARNING - 2023-01-04 10:23:40,478 - [34mangr.project[0m - [34mAddress is already hooked, during hook(0x5000a8, <SimProcedure ReleaseMutex>). Re-hooking.[0m[0m
[1;33;40mWARNING - 2023-01-04 10:23:40,654 - [34mangr.project[0m - [34mAddress is already hooked, during hook(0x500084, <SimProcedure GetStartupInfoA>). Re-hooking.[0m[0m
[1;33;40mWARNING - 2023-01-04 10:23:40,656 - [34mangr.project[0m - [34mAddress is already hooked, during hook(0x500084, <SimProcedure GetStartupInfoA>). Re-hooking.[0m[0m
[1;33;40mWARNING - 2023-01-04 10:23:40,986 - [34mangr.project[0m - [34mAddress is already hooked, during hook(0x500070, <SimProcedure Sleep>). Re-hooking.[0m[0m
[1;33;40mWARNING - 2023-01-04 10:23:40,988 - [34mangr.project[0m - [34mAddress is already hooked, during hook(0x500070, <SimProcedure Sleep>). Re-hooking.[0m[0m
[1;32;40mINFO - 2023-01-04 10:23:41,356 - [33mwerkzeug[0m - [33m172.17.0.1 - - [04/Jan/2023 10:23:41] "GET /iteration-scdg HTTP/1.1" 200 -[0m[0m
[1;32;40mINFO - 2023-01-04 10:23:41,357 - [33mwerkzeug[0m - [33m172.17.0.1 - - [04/Jan/2023 10:23:41] "GET /progress-scdg HTTP/1.1" 200 -[0m[0m
[1;33;40mWARNING - 2023-01-04 10:23:42,116 - [34mangr.project[0m - [34mAddress is already hooked, during hook(0x500034, <SimProcedure _exit>). Re-hooking.[0m[0m
[1;33;40mWARNING - 2023-01-04 10:23:42,117 - [34mangr.project[0m - [34mAddress is already hooked, during hook(0x500034, <SimProcedure _exit>). Re-hooking.[0m[0m
[1;33;40mWARNING - 2023-01-04 10:23:42,567 - [34mangr.project[0m - [34mAddress is already hooked, during hook(0x500044, <SimProcedure strcspn>). Re-hooking.[0m[0m
[1;33;40mWARNING - 2023-01-04 10:23:42,569 - [34mangr.project[0m - [34mAddress is already hooked, during hook(0x500044, <SimProcedure strcspn>). Re-hooking.[0m[0m
[1;33;40mWARNING - 2023-01-04 10:23:42,807 - [34mangr.project[0m - [34mAddress is already hooked, during hook(0x500044, <SimProcedure strcspn>). Re-hooking.[0m[0m
[1;33;40mWARNING - 2023-01-04 10:23:42,809 - [34mangr.project[0m - [34mAddress is already hooked, during hook(0x500044, <SimProcedure strcspn>). Re-hooking.[0m[0m
[1;33;40mWARNING - 2023-01-04 10:23:42,929 - [34mangr.project[0m - [34mAddress is already hooked, during hook(0x500034, <SimProcedure _exit>). Re-hooking.[0m[0m
[1;33;40mWARNING - 2023-01-04 10:23:42,930 - [34mangr.project[0m - [34mAddress is already hooked, during hook(0x500034, <SimProcedure _exit>). Re-hooking.[0m[0m
[1;32;40mINFO - 2023-01-04 10:23:43,159 - [33mwerkzeug[0m - [33m172.17.0.1 - - [04/Jan/2023 10:23:43] "GET /iteration-scdg HTTP/1.1" 200 -[0m[0m
[1;32;40mINFO - 2023-01-04 10:23:43,180 - [33mwerkzeug[0m - [33m172.17.0.1 - - [04/Jan/2023 10:23:43] "GET /progress-scdg HTTP/1.1" 200 -[0m[0m
[1;33;40mWARNING - 2023-01-04 10:23:43,220 - [34mangr.project[0m - [34mAddress is already hooked, during hook(0x5000e4, <SimProcedure SHDeleteKeyA>). Re-hooking.[0m[0m
[1;33;40mWARNING - 2023-01-04 10:23:43,222 - [34mangr.project[0m - [34mAddress is already hooked, during hook(0x5000e4, <SimProcedure SHDeleteKeyA>). Re-hooking.[0m[0m
[1;33;40mWARNING - 2023-01-04 10:23:43,591 - [34mangr.project[0m - [34mAddress is already hooked, during hook(0x5000e4, <SimProcedure SHDeleteKeyA>). Re-hooking.[0m[0m
[1;33;40mWARNING - 2023-01-04 10:23:43,592 - [34mangr.project[0m - [34mAddress is already hooked, during hook(0x5000e4, <SimProcedure SHDeleteKeyA>). Re-hooking.[0m[0m
[1;33;40mWARNING - 2023-01-04 10:23:44,213 - [34mangr.project[0m - [34mAddress is already hooked, during hook(0x5000fc, <SimProcedure closesocket>). Re-hooking.[0m[0m
[1;33;40mWARNING - 2023-01-04 10:23:44,214 - [34mangr.project[0m - [34mAddress is already hooked, during hook(0x5000fc, <SimProcedure closesocket>). Re-hooking.[0m[0m
[1;33;40mWARNING - 2023-01-04 10:23:44,215 - [34mangr.project[0m - [34mAddress is already hooked, during hook(0x500114, <SimProcedure connect>). Re-hooking.[0m[0m
[1;33;40mWARNING - 2023-01-04 10:23:44,216 - [34mangr.project[0m - [34mAddress is already hooked, during hook(0x500114, <SimProcedure connect>). Re-hooking.[0m[0m
[1;33;40mWARNING - 2023-01-04 10:23:44,228 - [34mangr.project[0m - [34mAddress is already hooked, during hook(0x50011c, <SimProcedure inet_addr>). Re-hooking.[0m[0m
[1;33;40mWARNING - 2023-01-04 10:23:44,229 - [34mangr.project[0m - [34mAddress is already hooked, during hook(0x50011c, <SimProcedure inet_addr>). Re-hooking.[0m[0m
[1;33;40mWARNING - 2023-01-04 10:23:44,242 - [34mangr.project[0m - [34mAddress is already hooked, during hook(0x500120, <SimProcedure sendto>). Re-hooking.[0m[0m
[1;33;40mWARNING - 2023-01-04 10:23:44,243 - [34mangr.project[0m - [34mAddress is already hooked, during hook(0x500120, <SimProcedure sendto>). Re-hooking.[0m[0m
[1;33;40mWARNING - 2023-01-04 10:23:44,282 - [34mangr.project[0m - [34mAddress is already hooked, during hook(0x500100, <SimProcedure WSAStartup>). Re-hooking.[0m[0m
[1;33;40mWARNING - 2023-01-04 10:23:44,283 - [34mangr.project[0m - [34mAddress is already hooked, during hook(0x500100, <SimProcedure WSAStartup>). Re-hooking.[0m[0m
[1;33;40mWARNING - 2023-01-04 10:23:44,285 - [34mangr.project[0m - [34mAddress is already hooked, during hook(0x50010c, <SimProcedure WSACleanup>). Re-hooking.[0m[0m
[1;33;40mWARNING - 2023-01-04 10:23:44,286 - [34mangr.project[0m - [34mAddress is already hooked, during hook(0x50010c, <SimProcedure WSACleanup>). Re-hooking.[0m[0m
[1;33;40mWARNING - 2023-01-04 10:23:44,287 - [34mangr.project[0m - [34mAddress is already hooked, during hook(0x500120, <SimProcedure sendto>). Re-hooking.[0m[0m
[1;33;40mWARNING - 2023-01-04 10:23:44,288 - [34mangr.project[0m - [34mAddress is already hooked, during hook(0x500120, <SimProcedure sendto>). Re-hooking.[0m[0m
[1;33;40mWARNING - 2023-01-04 10:23:44,289 - [34mangr.project[0m - [34mAddress is already hooked, during hook(0x500114, <SimProcedure connect>). Re-hooking.[0m[0m
[1;33;40mWARNING - 2023-01-04 10:23:44,290 - [34mangr.project[0m - [34mAddress is already hooked, during hook(0x500114, <SimProcedure connect>). Re-hooking.[0m[0m
[1;33;40mWARNING - 2023-01-04 10:23:44,293 - [34mangr.project[0m - [34mAddress is already hooked, during hook(0x5000f0, <SimProcedure __WSAFDIsSet>). Re-hooking.[0m[0m
[1;33;40mWARNING - 2023-01-04 10:23:44,294 - [34mangr.project[0m - [34mAddress is already hooked, during hook(0x5000f0, <SimProcedure __WSAFDIsSet>). Re-hooking.[0m[0m
[1;33;40mWARNING - 2023-01-04 10:23:44,303 - [34mangr.project[0m - [34mAddress is already hooked, during hook(0x50011c, <SimProcedure inet_addr>). Re-hooking.[0m[0m
[1;33;40mWARNING - 2023-01-04 10:23:44,305 - [34mangr.project[0m - [34mAddress is already hooked, during hook(0x50011c, <SimProcedure inet_addr>). Re-hooking.[0m[0m
[1;33;40mWARNING - 2023-01-04 10:23:44,311 - [34mangr.project[0m - [34mAddress is already hooked, during hook(0x5000f0, <SimProcedure __WSAFDIsSet>). Re-hooking.[0m[0m
[1;33;40mWARNING - 2023-01-04 10:23:44,312 - [34mangr.project[0m - [34mAddress is already hooked, during hook(0x5000f0, <SimProcedure __WSAFDIsSet>). Re-hooking.[0m[0m
[1;33;40mWARNING - 2023-01-04 10:23:44,330 - [34mangr.project[0m - [34mAddress is already hooked, during hook(0x500100, <SimProcedure WSAStartup>). Re-hooking.[0m[0m
[1;33;40mWARNING - 2023-01-04 10:23:44,332 - [34mangr.project[0m - [34mAddress is already hooked, during hook(0x500100, <SimProcedure WSAStartup>). Re-hooking.[0m[0m
[1;33;40mWARNING - 2023-01-04 10:23:44,351 - [34mangr.project[0m - [34mAddress is already hooked, during hook(0x5000fc, <SimProcedure closesocket>). Re-hooking.[0m[0m
[1;32;40mINFO - 2023-01-04 10:23:44,352 - [33mwerkzeug[0m - [33m172.17.0.1 - - [04/Jan/2023 10:23:44] "GET /iteration-scdg HTTP/1.1" 200 -[0m[0m
[1;33;40mWARNING - 2023-01-04 10:23:44,353 - [34mangr.project[0m - [34mAddress is already hooked, during hook(0x5000fc, <SimProcedure closesocket>). Re-hooking.[0m[0m
[1;32;40mINFO - 2023-01-04 10:23:44,354 - [33mwerkzeug[0m - [33m172.17.0.1 - - [04/Jan/2023 10:23:44] "GET /progress-scdg HTTP/1.1" 200 -[0m[0m
[1;33;40mWARNING - 2023-01-04 10:23:44,369 - [34mangr.project[0m - [34mAddress is already hooked, during hook(0x50010c, <SimProcedure WSACleanup>). Re-hooking.[0m[0m
[1;33;40mWARNING - 2023-01-04 10:23:44,370 - [34mangr.project[0m - [34mAddress is already hooked, during hook(0x50010c, <SimProcedure WSACleanup>). Re-hooking.[0m[0m
[1;33;40mWARNING - 2023-01-04 10:23:44,389 - [34mangr.project[0m - [34mAddress is already hooked, during hook(0x5000dc, <SimProcedure ShellExecuteExA>). Re-hooking.[0m[0m
[1;33;40mWARNING - 2023-01-04 10:23:44,390 - [34mangr.project[0m - [34mAddress is already hooked, during hook(0x5000dc, <SimProcedure ShellExecuteExA>). Re-hooking.[0m[0m
[1;33;40mWARNING - 2023-01-04 10:23:44,419 - [34mangr.project[0m - [34mAddress is already hooked, during hook(0x5000e0, <SimProcedure ShellExecuteA>). Re-hooking.[0m[0m
[1;33;40mWARNING - 2023-01-04 10:23:44,420 - [34mangr.project[0m - [34mAddress is already hooked, during hook(0x5000e0, <SimProcedure ShellExecuteA>). Re-hooking.[0m[0m
[1;33;40mWARNING - 2023-01-04 10:23:44,421 - [34mangr.project[0m - [34mAddress is already hooked, during hook(0x5000dc, <SimProcedure ShellExecuteExA>). Re-hooking.[0m[0m
[1;33;40mWARNING - 2023-01-04 10:23:44,422 - [34mangr.project[0m - [34mAddress is already hooked, during hook(0x5000dc, <SimProcedure ShellExecuteExA>). Re-hooking.[0m[0m
[1;33;40mWARNING - 2023-01-04 10:23:44,524 - [34mangr.project[0m - [34mAddress is already hooked, during hook(0x5000e0, <SimProcedure ShellExecuteA>). Re-hooking.[0m[0m
[1;33;40mWARNING - 2023-01-04 10:23:44,526 - [34mangr.project[0m - [34mAddress is already hooked, during hook(0x5000e0, <SimProcedure ShellExecuteA>). Re-hooking.[0m[0m
[1;33;40mWARNING - 2023-01-04 10:23:44,726 - [34mangr.project[0m - [34mAddress is already hooked, during hook(0x5000d8, <SimProcedure SHChangeNotify>). Re-hooking.[0m[0m
[1;33;40mWARNING - 2023-01-04 10:23:44,727 - [34mangr.project[0m - [34mAddress is already hooked, during hook(0x5000d8, <SimProcedure SHChangeNotify>). Re-hooking.[0m[0m
[1;32;40mINFO - 2023-01-04 10:23:44,779 - [36mCustomSimProcedure[0m - [36mSyscall found:  __p__fmode[][0m[0m
[1;32;40mINFO - 2023-01-04 10:23:44,787 - [36mCustomSimProcedure[0m - [36mSyscall found:  __p__commode[][0m[0m
[1;32;40mINFO - 2023-01-04 10:23:44,819 - [36mCustomSimProcedure[0m - [36mSyscall found:  _controlfp[][0m[0m
[1;32;40mINFO - 2023-01-04 10:23:44,856 - [36mCustomSimProcedure[0m - [36mSyscall found:  __getmainargs[<BV32 0x7ffefe48>, <BV32 0x7ffefe38>, <BV32 0x7ffefe44>, <BV32 0x0>, <BV32 0x7ffefe3c>][0m[0m
[1;32;40mINFO - 2023-01-04 10:23:45,407 - [36mCustomSimProcedure[0m - [36mSyscall found:  GetStartupInfoA[<BV32 0x7ffefe4c>][0m[0m
[1;32;40mINFO - 2023-01-04 10:23:45,433 - [36mCustomSimProcedure[0m - [36mSyscall found:  GetModuleHandleA[<BV32 0x0>][0m[0m
[1;32;40mINFO - 2023-01-04 10:23:45,469 - [37mCustomSimProcedureWindows[0m - [37mLoadLibraryA: Symbol not found[0m[0m
[1;32;40mINFO - 2023-01-04 10:23:45,496 - [36mCustomSimProcedure[0m - {"ordinal.823.b'mfc42.dll'": 5242880, "ordinal.825.b'mfc42.dll'": 5242884, '_controlfp': 5242888, '__set_app_type': 5242892, '__p__fmode': 5242896, '__p__commode': 5242900, '_adjust_fdiv': 5242904, '__setusermatherr': 5242908, '_initterm': 5242912, '__getmainargs': 5242916, '_acmdln': 5242920, 'exit': 5242924, '_XcptFilter': 5242928, '_exit': 5242932, 'strncmp': 5242936, '_except_handler3': 5242940, 'strstr': 5242944, 'strcspn': 5242948, 'strncpy': 5242952, 'atoi': 5242956, 'time': 5242960, 'srand': 5242964, 'rand': 5242968, 'realloc': 5242972, 'free': 5242976, 'malloc': 5242980, 'sprintf': 5242984, 'ExitProcess': 5242988, 'Sleep': 5242992, 'lstrcpyA': 5242996, 'CreateProcessA': 5243000, 'TerminateProcess': 5243004, 'ExitThread': 5243008, 'GetStartupInfoA': 5243012, 'GetModuleHandleA': 5243016, 'WaitForSingleObject': 5243020, 'CreateFileA': 5243024, 'SetFilePointer': 5243028, 'WriteFile': 5243032, 'lstrcpynA': 5243036, 'lstrlenA': 5243040, 'OpenMutexA': 5243044, 'ReleaseMutex': 5243048, 'GetComputerNameA': 5243052, 'GetCurrentProcess': 5243056, 'GetCurrentThread': 5243060, 'CloseHandle': 5243064, 'CreateThread': 5243068, 'LoadLibraryA': 5243072, 'GetProcAddress': 5243076, 'GetSystemDefaultUILanguage': 5243080, 'GetTickCount': 5243084, 'GetDesktopWindow': 5243088, 'wsprintfA': 5243092, 'SHChangeNotify': 5243096, 'ShellExecuteExA': 5243100, 'ShellExecuteA': 5243104, 'SHDeleteKeyA': 5243108, 'setsockopt': 5243112, 'recv': 5243116, '__WSAFDIsSet': 5243120, 'select': 5243124, 'WSAIoctl': 5243128, 'closesocket': 5243132, 'WSAStartup': 5243136, 'inet_ntoa': 5243140, 'htonl': 5243144, 'WSACleanup': 5243148, 'socket': 5243152, 'connect': 5243156, 'send': 5243160, 'inet_addr': 5243164, 'sendto': 5243168, 'htons': 5243172, 'GetIfTable': 5243176, 'GetAdaptersInfo': 5243180, 'KiUserExceptionDispatcher': 6295572, '_fmode': 6295576, '_commode': 6295580, '_wcmdln': 6295584, 'kernel32.dll': 6295588}[0m
[1;33;40mWARNING - 2023-01-04 10:23:45,501 - [34mangr.project[0m - [34mAddress is already hooked, during hook(0x500118, <SimProcedure send>). Not re-hooking.[0m[0m
[1;33;40mWARNING - 2023-01-04 10:23:45,501 - [34mangr.project[0m - [34mAddress is already hooked, during hook(0x50011c, <SimProcedure inet_addr>). Not re-hooking.[0m[0m
[1;33;40mWARNING - 2023-01-04 10:23:45,501 - [34mangr.project[0m - [34mAddress is already hooked, during hook(0x5000f0, <SimProcedure __WSAFDIsSet>). Not re-hooking.[0m[0m
[1;33;40mWARNING - 2023-01-04 10:23:45,502 - [34mangr.project[0m - [34mAddress is already hooked, during hook(0x5000e8, <SimProcedure setsockopt>). Not re-hooking.[0m[0m
[1;33;40mWARNING - 2023-01-04 10:23:45,502 - [34mangr.project[0m - [34mAddress is already hooked, during hook(0x500100, <SimProcedure WSAStartup>). Not re-hooking.[0m[0m
[1;33;40mWARNING - 2023-01-04 10:23:45,502 - [34mangr.project[0m - [34mAddress is already hooked, during hook(0x5000fc, <SimProcedure closesocket>). Not re-hooking.[0m[0m
[1;33;40mWARNING - 2023-01-04 10:23:45,502 - [34mangr.project[0m - [34mAddress is already hooked, during hook(0x500108, <SimProcedure htonl>). Not re-hooking.[0m[0m
[1;33;40mWARNING - 2023-01-04 10:23:45,502 - [34mangr.project[0m - [34mAddress is already hooked, during hook(0x500124, <SimProcedure htons>). Not re-hooking.[0m[0m
[1;33;40mWARNING - 2023-01-04 10:23:45,502 - [34mangr.project[0m - [34mAddress is already hooked, during hook(0x50010c, <SimProcedure WSACleanup>). Not re-hooking.[0m[0m
[1;32;40mINFO - 2023-01-04 10:23:45,505 - [36mCustomSimProcedure[0m - [36mWas in angr :user32.dll[0m[0m
[1;33;40mWARNING - 2023-01-04 10:23:45,507 - [36mCustomSimProcedure[0m - [36mProcedure wsprintfA in DLL user32.dll has 3 arguments in json and 2 arguments in angr prototype. Taking number of arguments from json.[0m[0m
[1;33;40mWARNING - 2023-01-04 10:23:45,507 - [36mCustomSimProcedure[0m - [36mProcedure wsprintfW in DLL user32.dll has 3 arguments in json and 2 arguments in angr prototype. Taking number of arguments from json.[0m[0m
[1;32;40mINFO - 2023-01-04 10:23:45,557 - [36mCustomSimProcedure[0m - [36mWas in angr :kernel32.dll[0m[0m
[1;33;40mWARNING - 2023-01-04 10:23:45,690 - [34mangr.project[0m - [34mAddress is already hooked, during hook(0x5000e4, <SimProcedure SHDeleteKeyA>). Not re-hooking.[0m[0m
[1;33;40mWARNING - 2023-01-04 10:23:45,725 - [34mangr.project[0m - [34mAddress is already hooked, during hook(0x5000dc, <SimProcedure ShellExecuteExA>). Not re-hooking.[0m[0m
[1;33;40mWARNING - 2023-01-04 10:23:45,725 - [34mangr.project[0m - [34mAddress is already hooked, during hook(0x5000e0, <SimProcedure ShellExecuteA>). Not re-hooking.[0m[0m
[1;33;40mWARNING - 2023-01-04 10:23:45,725 - [34mangr.project[0m - [34mAddress is already hooked, during hook(0x5000d8, <SimProcedure SHChangeNotify>). Not re-hooking.[0m[0m
[1;32;40mINFO - 2023-01-04 10:23:45,730 - [36mCustomSimProcedure[0m - [36mWas in angr :msvcrt.dll[0m[0m
[1;33;40mWARNING - 2023-01-04 10:23:45,781 - [34mangr.project[0m - [34mAddress is already hooked, during hook(0x500050, <SimProcedure time>). Not re-hooking.[0m[0m
[1;33;40mWARNING - 2023-01-04 10:23:45,781 - [34mangr.project[0m - [34mAddress is already hooked, during hook(0x601014, <SimProcedure KiUserExceptionDispatcher>). Not re-hooking.[0m[0m
[1;32;40mINFO - 2023-01-04 10:23:45,782 - [36mCustomSimProcedure[0m - [36mNo hooks for: {"ordinal.823.b'mfc42.dll'": 5242880, "ordinal.825.b'mfc42.dll'": 5242884, '_controlfp': 5242888, '__set_app_type': 5242892, '_adjust_fdiv': 5242904, '__setusermatherr': 5242908, '_initterm': 5242912, '__getmainargs': 5242916, '_acmdln': 5242920, '_XcptFilter': 5242928, '_except_handler3': 5242940, 'WSAIoctl': 5243128, 'GetIfTable': 5243176, '_fmode': 6295576, '_commode': 6295580, '_wcmdln': 6295584, 'kernel32.dll': 6295588}[0m[0m
[1;32;40mINFO - 2023-01-04 10:23:45,784 - [36mCustomSimProcedure[0m - [36mSyscall found:  LoadLibraryA[<BV32 0x407144>][0m[0m
[1;32;40mINFO - 2023-01-04 10:23:45,804 - [37mCustomSimProcedureWindows[0m - [37mGetProcAddress: GetLastError[0m[0m
[1;32;40mINFO - 2023-01-04 10:23:45,804 - [37mCustomSimProcedureWindows[0m - [37mGetProcAddress - Query to lib : kernel32.dll[0m[0m
[1;32;40mINFO - 2023-01-04 10:23:45,804 - [37mCustomSimProcedureWindows[0m - [37mGetProcAddress: Symbol not found[0m[0m
[1;32;40mINFO - 2023-01-04 10:23:45,804 - [36mCustomSimProcedure[0m - [36mSyscall found:  GetProcAddress[<BV32 0x601024>, <BV32 0x4072ac>][0m[0m
[1;32;40mINFO - 2023-01-04 10:23:45,824 - [36mCustomSimProcedure[0m - [36mSyscall found:  LoadLibraryA[<BV32 0x407144>][0m[0m
[1;32;40mINFO - 2023-01-04 10:23:45,850 - [37mCustomSimProcedureWindows[0m - [37mGetProcAddress: ExitProcess[0m[0m
[1;32;40mINFO - 2023-01-04 10:23:45,850 - [36mCustomSimProcedure[0m - [36mSyscall found:  GetProcAddress[<BV32 0x601024>, <BV32 0x4072bc>][0m[0m
[1;32;40mINFO - 2023-01-04 10:23:45,873 - [36mCustomSimProcedure[0m - [36mSyscall found:  LoadLibraryA[<BV32 0x407144>][0m[0m
[1;32;40mINFO - 2023-01-04 10:23:45,894 - [37mCustomSimProcedureWindows[0m - [37mGetProcAddress: GetCurrentThreadId[0m[0m
[1;32;40mINFO - 2023-01-04 10:23:45,894 - [37mCustomSimProcedureWindows[0m - [37mGetProcAddress - Query to lib : kernel32.dll[0m[0m
[1;32;40mINFO - 2023-01-04 10:23:45,894 - [37mCustomSimProcedureWindows[0m - [37mGetProcAddress: Symbol not found[0m[0m
[1;32;40mINFO - 2023-01-04 10:23:45,894 - [36mCustomSimProcedure[0m - [36mSyscall found:  GetProcAddress[<BV32 0x601024>, <BV32 0x4072c8>][0m[0m
[1;32;40mINFO - 2023-01-04 10:23:45,914 - [36mCustomSimProcedure[0m - [36mSyscall found:  LoadLibraryA[<BV32 0x407144>][0m[0m
[1;32;40mINFO - 2023-01-04 10:23:45,933 - [37mCustomSimProcedureWindows[0m - [37mGetProcAddress: CreateMutexA[0m[0m
[1;32;40mINFO - 2023-01-04 10:23:45,934 - [37mCustomSimProcedureWindows[0m - [37mGetProcAddress - Query to lib : kernel32.dll[0m[0m
[1;32;40mINFO - 2023-01-04 10:23:45,934 - [37mCustomSimProcedureWindows[0m - [37mGetProcAddress: Symbol not found[0m[0m
[1;32;40mINFO - 2023-01-04 10:23:45,934 - [36mCustomSimProcedure[0m - [36mSyscall found:  GetProcAddress[<BV32 0x601024>, <BV32 0x4072dc>][0m[0m
[1;32;40mINFO - 2023-01-04 10:23:45,955 - [36mCustomSimProcedure[0m - [36mSyscall found:  LoadLibraryA[<BV32 0x407144>][0m[0m
[1;32;40mINFO - 2023-01-04 10:23:45,978 - [37mCustomSimProcedureWindows[0m - [37mGetProcAddress: GetModuleFileNameA[0m[0m
[1;32;40mINFO - 2023-01-04 10:23:45,978 - [37mCustomSimProcedureWindows[0m - [37mGetProcAddress - Query to lib : kernel32.dll[0m[0m
[1;32;40mINFO - 2023-01-04 10:23:45,978 - [37mCustomSimProcedureWindows[0m - [37mGetProcAddress: Symbol not found[0m[0m
[1;32;40mINFO - 2023-01-04 10:23:45,978 - [36mCustomSimProcedure[0m - [36mSyscall found:  GetProcAddress[<BV32 0x601024>, <BV32 0x4073ac>][0m[0m
[1;32;40mINFO - 2023-01-04 10:23:46,002 - [37mCustomSimProcedureWindows[0m - [37mLoadLibraryA: Symbol not found[0m[0m
[1;32;40mINFO - 2023-01-04 10:23:46,432 - [33mwerkzeug[0m - [33m172.17.0.1 - - [04/Jan/2023 10:23:46] "GET /iteration-scdg HTTP/1.1" 200 -[0m[0m
[1;32;40mINFO - 2023-01-04 10:23:46,434 - [33mwerkzeug[0m - [33m172.17.0.1 - - [04/Jan/2023 10:23:46] "GET /progress-scdg HTTP/1.1" 200 -[0m[0m
[1;32;40mINFO - 2023-01-04 10:23:46,444 - [36mCustomSimProcedure[0m - {"ordinal.823.b'mfc42.dll'": 5242880, "ordinal.825.b'mfc42.dll'": 5242884, '_controlfp': 5242888, '__set_app_type': 5242892, '__p__fmode': 5242896, '__p__commode': 5242900, '_adjust_fdiv': 5242904, '__setusermatherr': 5242908, '_initterm': 5242912, '__getmainargs': 5242916, '_acmdln': 5242920, 'exit': 5242924, '_XcptFilter': 5242928, '_exit': 5242932, 'strncmp': 5242936, '_except_handler3': 5242940, 'strstr': 5242944, 'strcspn': 5242948, 'strncpy': 5242952, 'atoi': 5242956, 'time': 5242960, 'srand': 5242964, 'rand': 5242968, 'realloc': 5242972, 'free': 5242976, 'malloc': 5242980, 'sprintf': 5242984, 'ExitProcess': 5242988, 'Sleep': 5242992, 'lstrcpyA': 5242996, 'CreateProcessA': 5243000, 'TerminateProcess': 5243004, 'ExitThread': 5243008, 'GetStartupInfoA': 5243012, 'GetModuleHandleA': 5243016, 'WaitForSingleObject': 5243020, 'CreateFileA': 5243024, 'SetFilePointer': 5243028, 'WriteFile': 5243032, 'lstrcpynA': 5243036, 'lstrlenA': 5243040, 'OpenMutexA': 5243044, 'ReleaseMutex': 5243048, 'GetComputerNameA': 5243052, 'GetCurrentProcess': 5243056, 'GetCurrentThread': 5243060, 'CloseHandle': 5243064, 'CreateThread': 5243068, 'LoadLibraryA': 5243072, 'GetProcAddress': 5243076, 'GetSystemDefaultUILanguage': 5243080, 'GetTickCount': 5243084, 'GetDesktopWindow': 5243088, 'wsprintfA': 5243092, 'SHChangeNotify': 5243096, 'ShellExecuteExA': 5243100, 'ShellExecuteA': 5243104, 'SHDeleteKeyA': 5243108, 'setsockopt': 5243112, 'recv': 5243116, '__WSAFDIsSet': 5243120, 'select': 5243124, 'WSAIoctl': 5243128, 'closesocket': 5243132, 'WSAStartup': 5243136, 'inet_ntoa': 5243140, 'htonl': 5243144, 'WSACleanup': 5243148, 'socket': 5243152, 'connect': 5243156, 'send': 5243160, 'inet_addr': 5243164, 'sendto': 5243168, 'htons': 5243172, 'GetIfTable': 5243176, 'GetAdaptersInfo': 5243180, 'KiUserExceptionDispatcher': 6295572, '_fmode': 6295576, '_commode': 6295580, '_wcmdln': 6295584, 'kernel32.dll': 6295588, 'GetLastError': 6295592, 'GetCurrentThreadId': 6295596, 'CreateMutexA': 6295600, 'GetModuleFileNameA': 6295604, 'advapi32.dll': 6295608}[0m
[1;33;40mWARNING - 2023-01-04 10:23:46,448 - [34mangr.project[0m - [34mAddress is already hooked, during hook(0x500118, <SimProcedure send>). Not re-hooking.[0m[0m
[1;33;40mWARNING - 2023-01-04 10:23:46,449 - [34mangr.project[0m - [34mAddress is already hooked, during hook(0x50011c, <SimProcedure inet_addr>). Not re-hooking.[0m[0m
[1;33;40mWARNING - 2023-01-04 10:23:46,449 - [34mangr.project[0m - [34mAddress is already hooked, during hook(0x5000f0, <SimProcedure __WSAFDIsSet>). Not re-hooking.[0m[0m
[1;33;40mWARNING - 2023-01-04 10:23:46,449 - [34mangr.project[0m - [34mAddress is already hooked, during hook(0x5000e8, <SimProcedure setsockopt>). Not re-hooking.[0m[0m
[1;33;40mWARNING - 2023-01-04 10:23:46,449 - [34mangr.project[0m - [34mAddress is already hooked, during hook(0x500100, <SimProcedure WSAStartup>). Not re-hooking.[0m[0m
[1;33;40mWARNING - 2023-01-04 10:23:46,449 - [34mangr.project[0m - [34mAddress is already hooked, during hook(0x5000fc, <SimProcedure closesocket>). Not re-hooking.[0m[0m
[1;33;40mWARNING - 2023-01-04 10:23:46,449 - [34mangr.project[0m - [34mAddress is already hooked, during hook(0x500108, <SimProcedure htonl>). Not re-hooking.[0m[0m
[1;33;40mWARNING - 2023-01-04 10:23:46,450 - [34mangr.project[0m - [34mAddress is already hooked, during hook(0x500124, <SimProcedure htons>). Not re-hooking.[0m[0m
[1;33;40mWARNING - 2023-01-04 10:23:46,450 - [34mangr.project[0m - [34mAddress is already hooked, during hook(0x50010c, <SimProcedure WSACleanup>). Not re-hooking.[0m[0m
[1;32;40mINFO - 2023-01-04 10:23:46,452 - [36mCustomSimProcedure[0m - [36mWas in angr :user32.dll[0m[0m
[1;33;40mWARNING - 2023-01-04 10:23:46,455 - [36mCustomSimProcedure[0m - [36mProcedure wsprintfA in DLL user32.dll has 3 arguments in json and 2 arguments in angr prototype. Taking number of arguments from json.[0m[0m
[1;33;40mWARNING - 2023-01-04 10:23:46,455 - [36mCustomSimProcedure[0m - [36mProcedure wsprintfW in DLL user32.dll has 3 arguments in json and 2 arguments in angr prototype. Taking number of arguments from json.[0m[0m
[1;32;40mINFO - 2023-01-04 10:23:46,509 - [36mCustomSimProcedure[0m - [36mWas in angr :kernel32.dll[0m[0m
[1;33;40mWARNING - 2023-01-04 10:23:46,641 - [34mangr.project[0m - [34mAddress is already hooked, during hook(0x5000e4, <SimProcedure SHDeleteKeyA>). Not re-hooking.[0m[0m
[1;32;40mINFO - 2023-01-04 10:23:46,664 - [36mCustomSimProcedure[0m - [36mWas in angr :advapi32.dll[0m[0m
[1;33;40mWARNING - 2023-01-04 10:23:46,727 - [34mangr.project[0m - [34mAddress is already hooked, during hook(0x5000dc, <SimProcedure ShellExecuteExA>). Not re-hooking.[0m[0m
[1;33;40mWARNING - 2023-01-04 10:23:46,728 - [34mangr.project[0m - [34mAddress is already hooked, during hook(0x5000e0, <SimProcedure ShellExecuteA>). Not re-hooking.[0m[0m
[1;33;40mWARNING - 2023-01-04 10:23:46,728 - [34mangr.project[0m - [34mAddress is already hooked, during hook(0x5000d8, <SimProcedure SHChangeNotify>). Not re-hooking.[0m[0m
[1;32;40mINFO - 2023-01-04 10:23:46,733 - [36mCustomSimProcedure[0m - [36mWas in angr :msvcrt.dll[0m[0m
[1;33;40mWARNING - 2023-01-04 10:23:46,779 - [34mangr.project[0m - [34mAddress is already hooked, during hook(0x500050, <SimProcedure time>). Not re-hooking.[0m[0m
[1;33;40mWARNING - 2023-01-04 10:23:46,780 - [34mangr.project[0m - [34mAddress is already hooked, during hook(0x601014, <SimProcedure KiUserExceptionDispatcher>). Not re-hooking.[0m[0m
[1;32;40mINFO - 2023-01-04 10:23:46,780 - [36mCustomSimProcedure[0m - [36mNo hooks for: {"ordinal.823.b'mfc42.dll'": 5242880, "ordinal.825.b'mfc42.dll'": 5242884, '_controlfp': 5242888, '__set_app_type': 5242892, '_adjust_fdiv': 5242904, '__setusermatherr': 5242908, '_initterm': 5242912, '__getmainargs': 5242916, '_acmdln': 5242920, '_XcptFilter': 5242928, '_except_handler3': 5242940, 'WSAIoctl': 5243128, 'GetIfTable': 5243176, '_fmode': 6295576, '_commode': 6295580, '_wcmdln': 6295584, 'kernel32.dll': 6295588, 'advapi32.dll': 6295608}[0m[0m
[1;32;40mINFO - 2023-01-04 10:23:46,783 - [36mCustomSimProcedure[0m - [36mSyscall found:  LoadLibraryA[<BV32 0x407154>][0m[0m
[1;32;40mINFO - 2023-01-04 10:23:46,809 - [37mCustomSimProcedureWindows[0m - [37mGetProcAddress: StartServiceCtrlDispatcherA[0m[0m
[1;32;40mINFO - 2023-01-04 10:23:46,809 - [37mCustomSimProcedureWindows[0m - [37mGetProcAddress - Query to lib : advapi32.dll[0m[0m
[1;32;40mINFO - 2023-01-04 10:23:46,809 - [37mCustomSimProcedureWindows[0m - [37mGetProcAddress: Symbol not found[0m[0m
[1;32;40mINFO - 2023-01-04 10:23:46,810 - [36mCustomSimProcedure[0m - [36mSyscall found:  GetProcAddress[<BV32 0x601038>, <BV32 0x4073d8>][0m[0m
[1;32;40mINFO - 2023-01-04 10:23:46,837 - [36mCustomSimProcedure[0m - [36mSyscall found:  LoadLibraryA[<BV32 0x407144>][0m[0m
[1;32;40mINFO - 2023-01-04 10:23:46,855 - [37mCustomSimProcedureWindows[0m - [37mGetProcAddress: Sleep[0m[0m
[1;32;40mINFO - 2023-01-04 10:23:46,856 - [36mCustomSimProcedure[0m - [36mSyscall found:  GetProcAddress[<BV32 0x601024>, <BV32 0x4072ec>][0m[0m
[1;32;40mINFO - 2023-01-04 10:23:46,888 - [36mCustomSimProcedure[0m - [36mSyscall found:  GetModuleHandleA[<BV32 0x0>][0m[0m
[1;32;40mINFO - 2023-01-04 10:23:46,899 - [37mCustomSimProcedureWindows[0m - [37mGetModuleFileNameA: b'MZ\x90'[0m[0m
[1;32;40mINFO - 2023-01-04 10:23:46,899 - [36mCustomSimProcedure[0m - [36mSyscall found:  GetModuleFileNameA[<BV32 0x400000>, <BV32 0x7ffefcf0>, <BV32 0x104>][0m[0m
[1;32;40mINFO - 2023-01-04 10:23:46,929 - [36mCustomSimProcedure[0m - [36mSyscall found:  LoadLibraryA[<BV32 0x407154>][0m[0m
[1;32;40mINFO - 2023-01-04 10:23:46,950 - [37mCustomSimProcedureWindows[0m - [37mGetProcAddress: RegCloseKey[0m[0m
[1;32;40mINFO - 2023-01-04 10:23:46,950 - [37mCustomSimProcedureWindows[0m - [37mGetProcAddress - Query to lib : advapi32.dll[0m[0m
[1;32;40mINFO - 2023-01-04 10:23:46,950 - [37mCustomSimProcedureWindows[0m - [37mGetProcAddress: Symbol not found[0m[0m
[1;32;40mINFO - 2023-01-04 10:23:46,950 - [36mCustomSimProcedure[0m - [36mSyscall found:  GetProcAddress[<BV32 0x601038>, <BV32 0x4071a4>][0m[0m
[1;32;40mINFO - 2023-01-04 10:23:46,970 - [36mCustomSimProcedure[0m - [36mSyscall found:  LoadLibraryA[<BV32 0x407154>][0m[0m
[1;32;40mINFO - 2023-01-04 10:23:46,993 - [37mCustomSimProcedureWindows[0m - [37mGetProcAddress: RegOpenKeyExA[0m[0m
[1;32;40mINFO - 2023-01-04 10:23:46,993 - [37mCustomSimProcedureWindows[0m - [37mGetProcAddress - Query to lib : advapi32.dll[0m[0m
[1;32;40mINFO - 2023-01-04 10:23:46,993 - [37mCustomSimProcedureWindows[0m - [37mGetProcAddress: Symbol not found[0m[0m
[1;32;40mINFO - 2023-01-04 10:23:46,994 - [36mCustomSimProcedure[0m - [36mSyscall found:  GetProcAddress[<BV32 0x601038>, <BV32 0x407374>][0m[0m
[1;32;40mINFO - 2023-01-04 10:23:47,702 - [36mCustomSimProcedure[0m - [36mSyscall found:  RegOpenKeyExA[<BV32 0x80000002>, <BV32 0x7ffefba8>, <BV32 0x0>, <BV32 0xf003f>, <BV32 0x7ffefcb0>][0m[0m
[1;32;40mINFO - 2023-01-04 10:23:47,732 - [36mCustomSimProcedure[0m - [36mSyscall found:  RegCloseKey[<BV32 key_handle_RegOpenKeyExA_32769_32[7:0] .. key_handle_RegOpenKeyExA_32769_32[15:8] .. key_handle_RegOpenKeyExA_32769_32[23:16] .. key_handle_RegOpenKeyExA_32769_32[31:24]>][0m[0m
[1;32;40mINFO - 2023-01-04 10:23:47,776 - [36mCustomSimProcedure[0m - [36mSyscall found:  StartServiceCtrlDispatcherA[<BV32 0x7ffefdf4>][0m[0m
[1;32;40mINFO - 2023-01-04 10:23:47,813 - [31mToolChainExplorerAnotherCDFS[0m - [31mA new block of execution have been executed with changes in sim_manager.[0m[0m
[1;32;40mINFO - 2023-01-04 10:23:47,814 - [31mToolChainExplorerAnotherCDFS[0m - [31mCurrently, simulation manager is :[0m[0m
[1;32;40mINFO - 2023-01-04 10:23:47,814 - [31mToolChainExplorerAnotherCDFS[0m - [31m<SimulationManager with 1 deadended>[0m[0m
[1;32;40mINFO - 2023-01-04 10:23:47,814 - [31mToolChainExplorerAnotherCDFS[0m - [31mpause stash len :0[0m[0m
[1;32;40mINFO - 2023-01-04 10:23:47,814 - [31mToolChainExplorerAnotherCDFS[0m - [31mlen(simgr.active) <= 0 or deadended >= self.max_end_state)[0m[0m
[1;32;40mINFO - 2023-01-04 10:23:47,817 - [37mGraphBuilder[0m - [37mOutput dir :src/output/runs/69//nitol[0m[0m
