[1;32;40mINFO - 2023-12-05 20:09:00,547 - SemaSCDG - None[0m
[1;32;40mINFO - 2023-12-05 20:09:00,548 - SemaSCDG - /app/src/output/runs/328/unknown//normal/[0m
[1;32;40mINFO - 2023-12-05 20:09:00,548 - SemaSCDG - 
---------------------------------------
--- Building SCDG of unknown/normal ---
---------------------------------------[0m
[1;32;40mINFO - 2023-12-05 20:09:00,548 - angr.project - Loading binary /app/src/SemaSCDG/tests/compiled_binaries/linux/normal[0m
[1;32;40mINFO - 2023-12-05 20:09:00,548 - angr.project - Loading binary /app/src/SemaSCDG/tests/compiled_binaries/linux/normal[0m
[1;33;40mWARNING - 2023-12-05 20:09:02,066 - angr.project - Disabling IRSB translation cache because support for self-modifying code is enabled.[0m
[1;33;40mWARNING - 2023-12-05 20:09:02,066 - angr.project - Disabling IRSB translation cache because support for self-modifying code is enabled.[0m
[1;32;40mINFO - 2023-12-05 20:09:02,080 - angr.sim_manager - Stepping active of <SimulationManager with 1 active>[0m
[1;32;40mINFO - 2023-12-05 20:09:02,080 - angr.sim_manager - Stepping active of <SimulationManager with 1 active>[0m
[1;33;40mWARNING - 2023-12-05 20:09:02,081 - angr.engines.vex.lifter - Self-modifying code is not always correctly optimized by PyVEX. To guarantee correctness, VEX optimizations have been disabled.[0m
[1;33;40mWARNING - 2023-12-05 20:09:02,081 - angr.engines.vex.lifter - Self-modifying code is not always correctly optimized by PyVEX. To guarantee correctness, VEX optimizations have been disabled.[0m
[1;33;40mWARNING - 2023-12-05 20:09:02,081 - angr.engines.vex.lifter - Self-modifying code is not always correctly optimized by PyVEX. To guarantee correctness, VEX optimizations have been disabled.[0m
[1;33;40mWARNING - 2023-12-05 20:09:02,081 - angr.engines.vex.lifter - Self-modifying code is not always correctly optimized by PyVEX. To guarantee correctness, VEX optimizations have been disabled.[0m
[1;32;40mINFO - 2023-12-05 20:09:02,085 - angr.engines.engine - Ticked state: <IRSB from 0x806d930: 1 sat>[0m
[1;32;40mINFO - 2023-12-05 20:09:02,085 - angr.engines.engine - Ticked state: <IRSB from 0x806d930: 1 sat>[0m
[1;32;40mINFO - 2023-12-05 20:09:02,085 - angr.engines.engine - Ticked state: <IRSB from 0x806d930: 1 sat>[0m
[1;32;40mINFO - 2023-12-05 20:09:02,085 - angr.sim_manager - Stepping active of <SimulationManager with 1 active>[0m
[1;32;40mINFO - 2023-12-05 20:09:02,085 - angr.sim_manager - Stepping active of <SimulationManager with 1 active>[0m
[1;32;40mINFO - 2023-12-05 20:09:02,089 - angr.engines.engine - Ticked state: <IRSB from 0x805ee8a: 1 sat>[0m
[1;32;40mINFO - 2023-12-05 20:09:02,089 - angr.engines.engine - Ticked state: <IRSB from 0x805ee8a: 1 sat>[0m
[1;32;40mINFO - 2023-12-05 20:09:02,089 - angr.engines.engine - Ticked state: <IRSB from 0x805ee8a: 1 sat>[0m
[1;32;40mINFO - 2023-12-05 20:09:02,089 - angr.sim_manager - Stepping active of <SimulationManager with 1 active>[0m
[1;32;40mINFO - 2023-12-05 20:09:02,089 - angr.sim_manager - Stepping active of <SimulationManager with 1 active>[0m
[1;32;40mINFO - 2023-12-05 20:09:02,100 - angr.engines.engine - Ticked state: <IRSB from 0x806d939: 1 sat 1 unsat>[0m
[1;32;40mINFO - 2023-12-05 20:09:02,100 - angr.engines.engine - Ticked state: <IRSB from 0x806d939: 1 sat 1 unsat>[0m
[1;32;40mINFO - 2023-12-05 20:09:02,100 - angr.engines.engine - Ticked state: <IRSB from 0x806d939: 1 sat 1 unsat>[0m
[1;32;40mINFO - 2023-12-05 20:09:02,100 - angr.sim_manager - Stepping active of <SimulationManager with 1 active>[0m
[1;32;40mINFO - 2023-12-05 20:09:02,100 - angr.sim_manager - Stepping active of <SimulationManager with 1 active>[0m
[1;32;40mINFO - 2023-12-05 20:09:02,103 - angr.engines.engine - Ticked state: <IRSB from 0x806d964: 1 sat>[0m
[1;32;40mINFO - 2023-12-05 20:09:02,103 - angr.engines.engine - Ticked state: <IRSB from 0x806d964: 1 sat>[0m
[1;32;40mINFO - 2023-12-05 20:09:02,103 - angr.engines.engine - Ticked state: <IRSB from 0x806d964: 1 sat>[0m
[1;32;40mINFO - 2023-12-05 20:09:02,103 - angr.sim_manager - Stepping active of <SimulationManager with 1 active>[0m
[1;32;40mINFO - 2023-12-05 20:09:02,103 - angr.sim_manager - Stepping active of <SimulationManager with 1 active>[0m
[1;32;40mINFO - 2023-12-05 20:09:02,104 - angr.procedures.stubs.CallReturn - A factory.call_state-created path returned![0m
[1;32;40mINFO - 2023-12-05 20:09:02,104 - angr.procedures.stubs.CallReturn - A factory.call_state-created path returned![0m
[1;32;40mINFO - 2023-12-05 20:09:02,104 - angr.procedures.stubs.CallReturn - A factory.call_state-created path returned![0m
[1;32;40mINFO - 2023-12-05 20:09:02,104 - angr.procedures.stubs.CallReturn - A factory.call_state-created path returned![0m
[1;32;40mINFO - 2023-12-05 20:09:02,105 - angr.engines.engine - Ticked state: <SimProcedure CallReturn from 0x8200038: empty>[0m
[1;32;40mINFO - 2023-12-05 20:09:02,105 - angr.engines.engine - Ticked state: <SimProcedure CallReturn from 0x8200038: empty>[0m
[1;32;40mINFO - 2023-12-05 20:09:02,105 - angr.engines.engine - Ticked state: <SimProcedure CallReturn from 0x8200038: empty>[0m
[1;32;40mINFO - 2023-12-05 20:09:02,115 - angr.sim_manager - Stepping active of <SimulationManager with 1 active>[0m
[1;32;40mINFO - 2023-12-05 20:09:02,115 - angr.sim_manager - Stepping active of <SimulationManager with 1 active>[0m
[1;32;40mINFO - 2023-12-05 20:09:02,119 - angr.engines.engine - Ticked state: <IRSB from 0x80bfb60: 1 sat>[0m
[1;32;40mINFO - 2023-12-05 20:09:02,119 - angr.engines.engine - Ticked state: <IRSB from 0x80bfb60: 1 sat>[0m
[1;32;40mINFO - 2023-12-05 20:09:02,119 - angr.engines.engine - Ticked state: <IRSB from 0x80bfb60: 1 sat>[0m
[1;32;40mINFO - 2023-12-05 20:09:02,119 - angr.sim_manager - Stepping active of <SimulationManager with 1 active>[0m
[1;32;40mINFO - 2023-12-05 20:09:02,119 - angr.sim_manager - Stepping active of <SimulationManager with 1 active>[0m
[1;32;40mINFO - 2023-12-05 20:09:02,122 - angr.engines.engine - Ticked state: <IRSB from 0x805ee8a: 1 sat>[0m
[1;32;40mINFO - 2023-12-05 20:09:02,122 - angr.engines.engine - Ticked state: <IRSB from 0x805ee8a: 1 sat>[0m
[1;32;40mINFO - 2023-12-05 20:09:02,122 - angr.engines.engine - Ticked state: <IRSB from 0x805ee8a: 1 sat>[0m
[1;32;40mINFO - 2023-12-05 20:09:02,122 - angr.sim_manager - Stepping active of <SimulationManager with 1 active>[0m
[1;32;40mINFO - 2023-12-05 20:09:02,122 - angr.sim_manager - Stepping active of <SimulationManager with 1 active>[0m
[1;32;40mINFO - 2023-12-05 20:09:02,133 - angr.engines.engine - Ticked state: <IRSB from 0x80bfb69: 1 sat>[0m
[1;32;40mINFO - 2023-12-05 20:09:02,133 - angr.engines.engine - Ticked state: <IRSB from 0x80bfb69: 1 sat>[0m
[1;32;40mINFO - 2023-12-05 20:09:02,133 - angr.engines.engine - Ticked state: <IRSB from 0x80bfb69: 1 sat>[0m
[1;32;40mINFO - 2023-12-05 20:09:02,133 - angr.sim_manager - Stepping active of <SimulationManager with 1 active>[0m
[1;32;40mINFO - 2023-12-05 20:09:02,133 - angr.sim_manager - Stepping active of <SimulationManager with 1 active>[0m
[1;32;40mINFO - 2023-12-05 20:09:02,135 - angr.procedures.stubs.CallReturn - A factory.call_state-created path returned![0m
[1;32;40mINFO - 2023-12-05 20:09:02,135 - angr.procedures.stubs.CallReturn - A factory.call_state-created path returned![0m
[1;32;40mINFO - 2023-12-05 20:09:02,135 - angr.procedures.stubs.CallReturn - A factory.call_state-created path returned![0m
[1;32;40mINFO - 2023-12-05 20:09:02,135 - angr.procedures.stubs.CallReturn - A factory.call_state-created path returned![0m
[1;32;40mINFO - 2023-12-05 20:09:02,135 - angr.engines.engine - Ticked state: <SimProcedure CallReturn from 0x8200038: empty>[0m
[1;32;40mINFO - 2023-12-05 20:09:02,135 - angr.engines.engine - Ticked state: <SimProcedure CallReturn from 0x8200038: empty>[0m
[1;32;40mINFO - 2023-12-05 20:09:02,135 - angr.engines.engine - Ticked state: <SimProcedure CallReturn from 0x8200038: empty>[0m
[1;32;40mINFO - 2023-12-05 20:09:02,147 - angr.sim_manager - Stepping active of <SimulationManager with 1 active>[0m
[1;32;40mINFO - 2023-12-05 20:09:02,147 - angr.sim_manager - Stepping active of <SimulationManager with 1 active>[0m
[1;32;40mINFO - 2023-12-05 20:09:02,151 - angr.engines.engine - Ticked state: <IRSB from 0x80ac780: 1 sat>[0m
[1;32;40mINFO - 2023-12-05 20:09:02,151 - angr.engines.engine - Ticked state: <IRSB from 0x80ac780: 1 sat>[0m
[1;32;40mINFO - 2023-12-05 20:09:02,151 - angr.engines.engine - Ticked state: <IRSB from 0x80ac780: 1 sat>[0m
[1;32;40mINFO - 2023-12-05 20:09:02,151 - angr.sim_manager - Stepping active of <SimulationManager with 1 active>[0m
[1;32;40mINFO - 2023-12-05 20:09:02,151 - angr.sim_manager - Stepping active of <SimulationManager with 1 active>[0m
[1;32;40mINFO - 2023-12-05 20:09:02,154 - angr.engines.engine - Ticked state: <IRSB from 0x805ee8a: 1 sat>[0m
[1;32;40mINFO - 2023-12-05 20:09:02,154 - angr.engines.engine - Ticked state: <IRSB from 0x805ee8a: 1 sat>[0m
[1;32;40mINFO - 2023-12-05 20:09:02,154 - angr.engines.engine - Ticked state: <IRSB from 0x805ee8a: 1 sat>[0m
[1;32;40mINFO - 2023-12-05 20:09:02,155 - angr.sim_manager - Stepping active of <SimulationManager with 1 active>[0m
[1;32;40mINFO - 2023-12-05 20:09:02,155 - angr.sim_manager - Stepping active of <SimulationManager with 1 active>[0m
[1;32;40mINFO - 2023-12-05 20:09:02,163 - angr.engines.engine - Ticked state: <IRSB from 0x80ac789: 1 sat 1 unsat>[0m
[1;32;40mINFO - 2023-12-05 20:09:02,163 - angr.engines.engine - Ticked state: <IRSB from 0x80ac789: 1 sat 1 unsat>[0m
[1;32;40mINFO - 2023-12-05 20:09:02,163 - angr.engines.engine - Ticked state: <IRSB from 0x80ac789: 1 sat 1 unsat>[0m
[1;32;40mINFO - 2023-12-05 20:09:02,163 - angr.sim_manager - Stepping active of <SimulationManager with 1 active>[0m
[1;32;40mINFO - 2023-12-05 20:09:02,163 - angr.sim_manager - Stepping active of <SimulationManager with 1 active>[0m
[1;32;40mINFO - 2023-12-05 20:09:02,169 - angr.engines.engine - Ticked state: <IRSB from 0x80ac7a6: 1 sat>[0m
[1;32;40mINFO - 2023-12-05 20:09:02,169 - angr.engines.engine - Ticked state: <IRSB from 0x80ac7a6: 1 sat>[0m
[1;32;40mINFO - 2023-12-05 20:09:02,169 - angr.engines.engine - Ticked state: <IRSB from 0x80ac7a6: 1 sat>[0m
[1;32;40mINFO - 2023-12-05 20:09:02,170 - angr.sim_manager - Stepping active of <SimulationManager with 1 active>[0m
[1;32;40mINFO - 2023-12-05 20:09:02,170 - angr.sim_manager - Stepping active of <SimulationManager with 1 active>[0m
[1;32;40mINFO - 2023-12-05 20:09:02,171 - angr.procedures.stubs.CallReturn - A factory.call_state-created path returned![0m
[1;32;40mINFO - 2023-12-05 20:09:02,171 - angr.procedures.stubs.CallReturn - A factory.call_state-created path returned![0m
[1;32;40mINFO - 2023-12-05 20:09:02,171 - angr.procedures.stubs.CallReturn - A factory.call_state-created path returned![0m
[1;32;40mINFO - 2023-12-05 20:09:02,171 - angr.procedures.stubs.CallReturn - A factory.call_state-created path returned![0m
[1;32;40mINFO - 2023-12-05 20:09:02,171 - angr.engines.engine - Ticked state: <SimProcedure CallReturn from 0x8200038: empty>[0m
[1;32;40mINFO - 2023-12-05 20:09:02,171 - angr.engines.engine - Ticked state: <SimProcedure CallReturn from 0x8200038: empty>[0m
[1;32;40mINFO - 2023-12-05 20:09:02,171 - angr.engines.engine - Ticked state: <SimProcedure CallReturn from 0x8200038: empty>[0m
[1;32;40mINFO - 2023-12-05 20:09:02,183 - angr.sim_manager - Stepping active of <SimulationManager with 1 active>[0m
[1;32;40mINFO - 2023-12-05 20:09:02,183 - angr.sim_manager - Stepping active of <SimulationManager with 1 active>[0m
[1;32;40mINFO - 2023-12-05 20:09:02,186 - angr.engines.engine - Ticked state: <IRSB from 0x806d9f0: 1 sat>[0m
[1;32;40mINFO - 2023-12-05 20:09:02,186 - angr.engines.engine - Ticked state: <IRSB from 0x806d9f0: 1 sat>[0m
[1;32;40mINFO - 2023-12-05 20:09:02,186 - angr.engines.engine - Ticked state: <IRSB from 0x806d9f0: 1 sat>[0m
[1;32;40mINFO - 2023-12-05 20:09:02,186 - angr.sim_manager - Stepping active of <SimulationManager with 1 active>[0m
[1;32;40mINFO - 2023-12-05 20:09:02,186 - angr.sim_manager - Stepping active of <SimulationManager with 1 active>[0m
[1;32;40mINFO - 2023-12-05 20:09:02,190 - angr.engines.engine - Ticked state: <IRSB from 0x805ee8a: 1 sat>[0m
[1;32;40mINFO - 2023-12-05 20:09:02,190 - angr.engines.engine - Ticked state: <IRSB from 0x805ee8a: 1 sat>[0m
[1;32;40mINFO - 2023-12-05 20:09:02,190 - angr.engines.engine - Ticked state: <IRSB from 0x805ee8a: 1 sat>[0m
[1;32;40mINFO - 2023-12-05 20:09:02,190 - angr.sim_manager - Stepping active of <SimulationManager with 1 active>[0m
[1;32;40mINFO - 2023-12-05 20:09:02,190 - angr.sim_manager - Stepping active of <SimulationManager with 1 active>[0m
[1;32;40mINFO - 2023-12-05 20:09:02,201 - angr.engines.engine - Ticked state: <IRSB from 0x806d9f9: 1 sat>[0m
[1;32;40mINFO - 2023-12-05 20:09:02,201 - angr.engines.engine - Ticked state: <IRSB from 0x806d9f9: 1 sat>[0m
[1;32;40mINFO - 2023-12-05 20:09:02,201 - angr.engines.engine - Ticked state: <IRSB from 0x806d9f9: 1 sat>[0m
[1;32;40mINFO - 2023-12-05 20:09:02,201 - angr.sim_manager - Stepping active of <SimulationManager with 1 active>[0m
[1;32;40mINFO - 2023-12-05 20:09:02,201 - angr.sim_manager - Stepping active of <SimulationManager with 1 active>[0m
[1;32;40mINFO - 2023-12-05 20:09:02,202 - angr.procedures.stubs.CallReturn - A factory.call_state-created path returned![0m
[1;32;40mINFO - 2023-12-05 20:09:02,202 - angr.procedures.stubs.CallReturn - A factory.call_state-created path returned![0m
[1;32;40mINFO - 2023-12-05 20:09:02,202 - angr.procedures.stubs.CallReturn - A factory.call_state-created path returned![0m
[1;32;40mINFO - 2023-12-05 20:09:02,202 - angr.procedures.stubs.CallReturn - A factory.call_state-created path returned![0m
[1;32;40mINFO - 2023-12-05 20:09:02,203 - angr.engines.engine - Ticked state: <SimProcedure CallReturn from 0x8200038: empty>[0m
[1;32;40mINFO - 2023-12-05 20:09:02,203 - angr.engines.engine - Ticked state: <SimProcedure CallReturn from 0x8200038: empty>[0m
[1;32;40mINFO - 2023-12-05 20:09:02,203 - angr.engines.engine - Ticked state: <SimProcedure CallReturn from 0x8200038: empty>[0m
[1;32;40mINFO - 2023-12-05 20:09:02,214 - angr.sim_manager - Stepping active of <SimulationManager with 1 active>[0m
[1;32;40mINFO - 2023-12-05 20:09:02,214 - angr.sim_manager - Stepping active of <SimulationManager with 1 active>[0m
[1;32;40mINFO - 2023-12-05 20:09:02,217 - angr.engines.engine - Ticked state: <IRSB from 0x806d970: 1 sat>[0m
[1;32;40mINFO - 2023-12-05 20:09:02,217 - angr.engines.engine - Ticked state: <IRSB from 0x806d970: 1 sat>[0m
[1;32;40mINFO - 2023-12-05 20:09:02,217 - angr.engines.engine - Ticked state: <IRSB from 0x806d970: 1 sat>[0m
[1;32;40mINFO - 2023-12-05 20:09:02,218 - angr.sim_manager - Stepping active of <SimulationManager with 1 active>[0m
[1;32;40mINFO - 2023-12-05 20:09:02,218 - angr.sim_manager - Stepping active of <SimulationManager with 1 active>[0m
[1;32;40mINFO - 2023-12-05 20:09:02,221 - angr.engines.engine - Ticked state: <IRSB from 0x805ee8a: 1 sat>[0m
[1;32;40mINFO - 2023-12-05 20:09:02,221 - angr.engines.engine - Ticked state: <IRSB from 0x805ee8a: 1 sat>[0m
[1;32;40mINFO - 2023-12-05 20:09:02,221 - angr.engines.engine - Ticked state: <IRSB from 0x805ee8a: 1 sat>[0m
[1;32;40mINFO - 2023-12-05 20:09:02,221 - angr.sim_manager - Stepping active of <SimulationManager with 1 active>[0m
[1;32;40mINFO - 2023-12-05 20:09:02,221 - angr.sim_manager - Stepping active of <SimulationManager with 1 active>[0m
[1;32;40mINFO - 2023-12-05 20:09:02,232 - angr.engines.engine - Ticked state: <IRSB from 0x806d979: 1 sat 1 unsat>[0m
[1;32;40mINFO - 2023-12-05 20:09:02,232 - angr.engines.engine - Ticked state: <IRSB from 0x806d979: 1 sat 1 unsat>[0m
[1;32;40mINFO - 2023-12-05 20:09:02,232 - angr.engines.engine - Ticked state: <IRSB from 0x806d979: 1 sat 1 unsat>[0m
[1;32;40mINFO - 2023-12-05 20:09:02,233 - angr.sim_manager - Stepping active of <SimulationManager with 1 active>[0m
[1;32;40mINFO - 2023-12-05 20:09:02,233 - angr.sim_manager - Stepping active of <SimulationManager with 1 active>[0m
[1;32;40mINFO - 2023-12-05 20:09:02,242 - angr.engines.engine - Ticked state: <IRSB from 0x806d996: 1 sat>[0m
[1;32;40mINFO - 2023-12-05 20:09:02,242 - angr.engines.engine - Ticked state: <IRSB from 0x806d996: 1 sat>[0m
[1;32;40mINFO - 2023-12-05 20:09:02,242 - angr.engines.engine - Ticked state: <IRSB from 0x806d996: 1 sat>[0m
[1;32;40mINFO - 2023-12-05 20:09:02,243 - angr.sim_manager - Stepping active of <SimulationManager with 1 active>[0m
[1;32;40mINFO - 2023-12-05 20:09:02,243 - angr.sim_manager - Stepping active of <SimulationManager with 1 active>[0m
[1;32;40mINFO - 2023-12-05 20:09:02,245 - angr.procedures.stubs.CallReturn - A factory.call_state-created path returned![0m
[1;32;40mINFO - 2023-12-05 20:09:02,245 - angr.procedures.stubs.CallReturn - A factory.call_state-created path returned![0m
[1;32;40mINFO - 2023-12-05 20:09:02,245 - angr.procedures.stubs.CallReturn - A factory.call_state-created path returned![0m
[1;32;40mINFO - 2023-12-05 20:09:02,245 - angr.procedures.stubs.CallReturn - A factory.call_state-created path returned![0m
[1;32;40mINFO - 2023-12-05 20:09:02,245 - angr.engines.engine - Ticked state: <SimProcedure CallReturn from 0x8200038: empty>[0m
[1;32;40mINFO - 2023-12-05 20:09:02,245 - angr.engines.engine - Ticked state: <SimProcedure CallReturn from 0x8200038: empty>[0m
[1;32;40mINFO - 2023-12-05 20:09:02,245 - angr.engines.engine - Ticked state: <SimProcedure CallReturn from 0x8200038: empty>[0m
[1;32;40mINFO - 2023-12-05 20:09:02,256 - angr.sim_manager - Stepping active of <SimulationManager with 1 active>[0m
[1;32;40mINFO - 2023-12-05 20:09:02,256 - angr.sim_manager - Stepping active of <SimulationManager with 1 active>[0m
[1;32;40mINFO - 2023-12-05 20:09:02,262 - angr.engines.engine - Ticked state: <IRSB from 0x806e460: 1 sat>[0m
[1;32;40mINFO - 2023-12-05 20:09:02,262 - angr.engines.engine - Ticked state: <IRSB from 0x806e460: 1 sat>[0m
[1;32;40mINFO - 2023-12-05 20:09:02,262 - angr.engines.engine - Ticked state: <IRSB from 0x806e460: 1 sat>[0m
[1;32;40mINFO - 2023-12-05 20:09:02,262 - angr.sim_manager - Stepping active of <SimulationManager with 1 active>[0m
[1;32;40mINFO - 2023-12-05 20:09:02,262 - angr.sim_manager - Stepping active of <SimulationManager with 1 active>[0m
[1;32;40mINFO - 2023-12-05 20:09:02,266 - angr.engines.engine - Ticked state: <IRSB from 0x805ee8a: 1 sat>[0m
[1;32;40mINFO - 2023-12-05 20:09:02,266 - angr.engines.engine - Ticked state: <IRSB from 0x805ee8a: 1 sat>[0m
[1;32;40mINFO - 2023-12-05 20:09:02,266 - angr.engines.engine - Ticked state: <IRSB from 0x805ee8a: 1 sat>[0m
[1;32;40mINFO - 2023-12-05 20:09:02,266 - angr.sim_manager - Stepping active of <SimulationManager with 1 active>[0m
[1;32;40mINFO - 2023-12-05 20:09:02,266 - angr.sim_manager - Stepping active of <SimulationManager with 1 active>[0m
[1;32;40mINFO - 2023-12-05 20:09:02,273 - angr.engines.engine - Ticked state: <IRSB from 0x806e469: 1 sat 1 unsat>[0m
[1;32;40mINFO - 2023-12-05 20:09:02,273 - angr.engines.engine - Ticked state: <IRSB from 0x806e469: 1 sat 1 unsat>[0m
[1;32;40mINFO - 2023-12-05 20:09:02,273 - angr.engines.engine - Ticked state: <IRSB from 0x806e469: 1 sat 1 unsat>[0m
[1;32;40mINFO - 2023-12-05 20:09:02,274 - angr.sim_manager - Stepping active of <SimulationManager with 1 active>[0m
[1;32;40mINFO - 2023-12-05 20:09:02,274 - angr.sim_manager - Stepping active of <SimulationManager with 1 active>[0m
[1;32;40mINFO - 2023-12-05 20:09:02,278 - angr.engines.engine - Ticked state: <IRSB from 0x806e494: 1 sat>[0m
[1;32;40mINFO - 2023-12-05 20:09:02,278 - angr.engines.engine - Ticked state: <IRSB from 0x806e494: 1 sat>[0m
[1;32;40mINFO - 2023-12-05 20:09:02,278 - angr.engines.engine - Ticked state: <IRSB from 0x806e494: 1 sat>[0m
[1;32;40mINFO - 2023-12-05 20:09:02,278 - angr.sim_manager - Stepping active of <SimulationManager with 1 active>[0m
[1;32;40mINFO - 2023-12-05 20:09:02,278 - angr.sim_manager - Stepping active of <SimulationManager with 1 active>[0m
[1;32;40mINFO - 2023-12-05 20:09:02,280 - angr.procedures.stubs.CallReturn - A factory.call_state-created path returned![0m
[1;32;40mINFO - 2023-12-05 20:09:02,280 - angr.procedures.stubs.CallReturn - A factory.call_state-created path returned![0m
[1;32;40mINFO - 2023-12-05 20:09:02,280 - angr.procedures.stubs.CallReturn - A factory.call_state-created path returned![0m
[1;32;40mINFO - 2023-12-05 20:09:02,280 - angr.procedures.stubs.CallReturn - A factory.call_state-created path returned![0m
[1;32;40mINFO - 2023-12-05 20:09:02,280 - angr.engines.engine - Ticked state: <SimProcedure CallReturn from 0x8200038: empty>[0m
[1;32;40mINFO - 2023-12-05 20:09:02,280 - angr.engines.engine - Ticked state: <SimProcedure CallReturn from 0x8200038: empty>[0m
[1;32;40mINFO - 2023-12-05 20:09:02,280 - angr.engines.engine - Ticked state: <SimProcedure CallReturn from 0x8200038: empty>[0m
[1;32;40mINFO - 2023-12-05 20:09:02,293 - angr.sim_manager - Stepping active of <SimulationManager with 1 active>[0m
[1;32;40mINFO - 2023-12-05 20:09:02,293 - angr.sim_manager - Stepping active of <SimulationManager with 1 active>[0m
[1;32;40mINFO - 2023-12-05 20:09:02,297 - angr.engines.engine - Ticked state: <IRSB from 0x806e4e0: 1 sat>[0m
[1;32;40mINFO - 2023-12-05 20:09:02,297 - angr.engines.engine - Ticked state: <IRSB from 0x806e4e0: 1 sat>[0m
[1;32;40mINFO - 2023-12-05 20:09:02,297 - angr.engines.engine - Ticked state: <IRSB from 0x806e4e0: 1 sat>[0m
[1;32;40mINFO - 2023-12-05 20:09:02,297 - angr.sim_manager - Stepping active of <SimulationManager with 1 active>[0m
[1;32;40mINFO - 2023-12-05 20:09:02,297 - angr.sim_manager - Stepping active of <SimulationManager with 1 active>[0m
[1;32;40mINFO - 2023-12-05 20:09:02,302 - angr.engines.engine - Ticked state: <IRSB from 0x805ee8a: 1 sat>[0m
[1;32;40mINFO - 2023-12-05 20:09:02,302 - angr.engines.engine - Ticked state: <IRSB from 0x805ee8a: 1 sat>[0m
[1;32;40mINFO - 2023-12-05 20:09:02,302 - angr.engines.engine - Ticked state: <IRSB from 0x805ee8a: 1 sat>[0m
[1;32;40mINFO - 2023-12-05 20:09:02,302 - angr.sim_manager - Stepping active of <SimulationManager with 1 active>[0m
[1;32;40mINFO - 2023-12-05 20:09:02,302 - angr.sim_manager - Stepping active of <SimulationManager with 1 active>[0m
[1;32;40mINFO - 2023-12-05 20:09:02,312 - angr.engines.engine - Ticked state: <IRSB from 0x806e4e9: 1 sat 1 unsat>[0m
[1;32;40mINFO - 2023-12-05 20:09:02,312 - angr.engines.engine - Ticked state: <IRSB from 0x806e4e9: 1 sat 1 unsat>[0m
[1;32;40mINFO - 2023-12-05 20:09:02,312 - angr.engines.engine - Ticked state: <IRSB from 0x806e4e9: 1 sat 1 unsat>[0m
[1;32;40mINFO - 2023-12-05 20:09:02,312 - angr.sim_manager - Stepping active of <SimulationManager with 1 active>[0m
[1;32;40mINFO - 2023-12-05 20:09:02,312 - angr.sim_manager - Stepping active of <SimulationManager with 1 active>[0m
[1;32;40mINFO - 2023-12-05 20:09:02,319 - angr.engines.engine - Ticked state: <IRSB from 0x806e506: 1 sat>[0m
[1;32;40mINFO - 2023-12-05 20:09:02,319 - angr.engines.engine - Ticked state: <IRSB from 0x806e506: 1 sat>[0m
[1;32;40mINFO - 2023-12-05 20:09:02,319 - angr.engines.engine - Ticked state: <IRSB from 0x806e506: 1 sat>[0m
[1;32;40mINFO - 2023-12-05 20:09:02,320 - angr.sim_manager - Stepping active of <SimulationManager with 1 active>[0m
[1;32;40mINFO - 2023-12-05 20:09:02,320 - angr.sim_manager - Stepping active of <SimulationManager with 1 active>[0m
[1;32;40mINFO - 2023-12-05 20:09:02,322 - angr.procedures.stubs.CallReturn - A factory.call_state-created path returned![0m
[1;32;40mINFO - 2023-12-05 20:09:02,322 - angr.procedures.stubs.CallReturn - A factory.call_state-created path returned![0m
[1;32;40mINFO - 2023-12-05 20:09:02,322 - angr.procedures.stubs.CallReturn - A factory.call_state-created path returned![0m
[1;32;40mINFO - 2023-12-05 20:09:02,322 - angr.procedures.stubs.CallReturn - A factory.call_state-created path returned![0m
[1;32;40mINFO - 2023-12-05 20:09:02,322 - angr.engines.engine - Ticked state: <SimProcedure CallReturn from 0x8200038: empty>[0m
[1;32;40mINFO - 2023-12-05 20:09:02,322 - angr.engines.engine - Ticked state: <SimProcedure CallReturn from 0x8200038: empty>[0m
[1;32;40mINFO - 2023-12-05 20:09:02,322 - angr.engines.engine - Ticked state: <SimProcedure CallReturn from 0x8200038: empty>[0m
[1;32;40mINFO - 2023-12-05 20:09:02,336 - angr.sim_manager - Stepping active of <SimulationManager with 1 active>[0m
[1;32;40mINFO - 2023-12-05 20:09:02,336 - angr.sim_manager - Stepping active of <SimulationManager with 1 active>[0m
[1;32;40mINFO - 2023-12-05 20:09:02,341 - angr.engines.engine - Ticked state: <IRSB from 0x806e420: 1 sat>[0m
[1;32;40mINFO - 2023-12-05 20:09:02,341 - angr.engines.engine - Ticked state: <IRSB from 0x806e420: 1 sat>[0m
[1;32;40mINFO - 2023-12-05 20:09:02,341 - angr.engines.engine - Ticked state: <IRSB from 0x806e420: 1 sat>[0m
[1;32;40mINFO - 2023-12-05 20:09:02,342 - angr.sim_manager - Stepping active of <SimulationManager with 1 active>[0m
[1;32;40mINFO - 2023-12-05 20:09:02,342 - angr.sim_manager - Stepping active of <SimulationManager with 1 active>[0m
[1;32;40mINFO - 2023-12-05 20:09:02,348 - angr.engines.engine - Ticked state: <IRSB from 0x805ee8a: 1 sat>[0m
[1;32;40mINFO - 2023-12-05 20:09:02,348 - angr.engines.engine - Ticked state: <IRSB from 0x805ee8a: 1 sat>[0m
[1;32;40mINFO - 2023-12-05 20:09:02,348 - angr.engines.engine - Ticked state: <IRSB from 0x805ee8a: 1 sat>[0m
[1;32;40mINFO - 2023-12-05 20:09:02,349 - angr.sim_manager - Stepping active of <SimulationManager with 1 active>[0m
[1;32;40mINFO - 2023-12-05 20:09:02,349 - angr.sim_manager - Stepping active of <SimulationManager with 1 active>[0m
[1;32;40mINFO - 2023-12-05 20:09:02,360 - angr.engines.engine - Ticked state: <IRSB from 0x806e429: 1 sat 1 unsat>[0m
[1;32;40mINFO - 2023-12-05 20:09:02,360 - angr.engines.engine - Ticked state: <IRSB from 0x806e429: 1 sat 1 unsat>[0m
[1;32;40mINFO - 2023-12-05 20:09:02,360 - angr.engines.engine - Ticked state: <IRSB from 0x806e429: 1 sat 1 unsat>[0m
[1;32;40mINFO - 2023-12-05 20:09:02,360 - angr.sim_manager - Stepping active of <SimulationManager with 1 active>[0m
[1;32;40mINFO - 2023-12-05 20:09:02,360 - angr.sim_manager - Stepping active of <SimulationManager with 1 active>[0m
[1;32;40mINFO - 2023-12-05 20:09:02,370 - angr.engines.engine - Ticked state: <IRSB from 0x806e446: 1 sat>[0m
[1;32;40mINFO - 2023-12-05 20:09:02,370 - angr.engines.engine - Ticked state: <IRSB from 0x806e446: 1 sat>[0m
[1;32;40mINFO - 2023-12-05 20:09:02,370 - angr.engines.engine - Ticked state: <IRSB from 0x806e446: 1 sat>[0m
[1;32;40mINFO - 2023-12-05 20:09:02,371 - angr.sim_manager - Stepping active of <SimulationManager with 1 active>[0m
[1;32;40mINFO - 2023-12-05 20:09:02,371 - angr.sim_manager - Stepping active of <SimulationManager with 1 active>[0m
[1;32;40mINFO - 2023-12-05 20:09:02,372 - angr.procedures.stubs.CallReturn - A factory.call_state-created path returned![0m
[1;32;40mINFO - 2023-12-05 20:09:02,372 - angr.procedures.stubs.CallReturn - A factory.call_state-created path returned![0m
[1;32;40mINFO - 2023-12-05 20:09:02,372 - angr.procedures.stubs.CallReturn - A factory.call_state-created path returned![0m
[1;32;40mINFO - 2023-12-05 20:09:02,372 - angr.procedures.stubs.CallReturn - A factory.call_state-created path returned![0m
[1;32;40mINFO - 2023-12-05 20:09:02,373 - angr.engines.engine - Ticked state: <SimProcedure CallReturn from 0x8200038: empty>[0m
[1;32;40mINFO - 2023-12-05 20:09:02,373 - angr.engines.engine - Ticked state: <SimProcedure CallReturn from 0x8200038: empty>[0m
[1;32;40mINFO - 2023-12-05 20:09:02,373 - angr.engines.engine - Ticked state: <SimProcedure CallReturn from 0x8200038: empty>[0m
[1;32;40mINFO - 2023-12-05 20:09:02,390 - angr.sim_manager - Stepping active of <SimulationManager with 1 active>[0m
[1;32;40mINFO - 2023-12-05 20:09:02,390 - angr.sim_manager - Stepping active of <SimulationManager with 1 active>[0m
[1;32;40mINFO - 2023-12-05 20:09:02,397 - angr.engines.engine - Ticked state: <IRSB from 0x80ac740: 1 sat>[0m
[1;32;40mINFO - 2023-12-05 20:09:02,397 - angr.engines.engine - Ticked state: <IRSB from 0x80ac740: 1 sat>[0m
[1;32;40mINFO - 2023-12-05 20:09:02,397 - angr.engines.engine - Ticked state: <IRSB from 0x80ac740: 1 sat>[0m
[1;32;40mINFO - 2023-12-05 20:09:02,397 - angr.sim_manager - Stepping active of <SimulationManager with 1 active>[0m
[1;32;40mINFO - 2023-12-05 20:09:02,397 - angr.sim_manager - Stepping active of <SimulationManager with 1 active>[0m
[1;32;40mINFO - 2023-12-05 20:09:02,402 - angr.engines.engine - Ticked state: <IRSB from 0x805ee8a: 1 sat>[0m
[1;32;40mINFO - 2023-12-05 20:09:02,402 - angr.engines.engine - Ticked state: <IRSB from 0x805ee8a: 1 sat>[0m
[1;32;40mINFO - 2023-12-05 20:09:02,402 - angr.engines.engine - Ticked state: <IRSB from 0x805ee8a: 1 sat>[0m
[1;32;40mINFO - 2023-12-05 20:09:02,402 - angr.sim_manager - Stepping active of <SimulationManager with 1 active>[0m
[1;32;40mINFO - 2023-12-05 20:09:02,402 - angr.sim_manager - Stepping active of <SimulationManager with 1 active>[0m
[1;32;40mINFO - 2023-12-05 20:09:02,415 - angr.engines.engine - Ticked state: <IRSB from 0x80ac749: 1 sat 1 unsat>[0m
[1;32;40mINFO - 2023-12-05 20:09:02,415 - angr.engines.engine - Ticked state: <IRSB from 0x80ac749: 1 sat 1 unsat>[0m
[1;32;40mINFO - 2023-12-05 20:09:02,415 - angr.engines.engine - Ticked state: <IRSB from 0x80ac749: 1 sat 1 unsat>[0m
[1;32;40mINFO - 2023-12-05 20:09:02,415 - angr.sim_manager - Stepping active of <SimulationManager with 1 active>[0m
[1;32;40mINFO - 2023-12-05 20:09:02,415 - angr.sim_manager - Stepping active of <SimulationManager with 1 active>[0m
[1;32;40mINFO - 2023-12-05 20:09:02,418 - angr.engines.engine - Ticked state: <IRSB from 0x80ac774: 1 sat>[0m
[1;32;40mINFO - 2023-12-05 20:09:02,418 - angr.engines.engine - Ticked state: <IRSB from 0x80ac774: 1 sat>[0m
[1;32;40mINFO - 2023-12-05 20:09:02,418 - angr.engines.engine - Ticked state: <IRSB from 0x80ac774: 1 sat>[0m
[1;32;40mINFO - 2023-12-05 20:09:02,418 - angr.sim_manager - Stepping active of <SimulationManager with 1 active>[0m
[1;32;40mINFO - 2023-12-05 20:09:02,418 - angr.sim_manager - Stepping active of <SimulationManager with 1 active>[0m
[1;32;40mINFO - 2023-12-05 20:09:02,419 - angr.procedures.stubs.CallReturn - A factory.call_state-created path returned![0m
[1;32;40mINFO - 2023-12-05 20:09:02,419 - angr.procedures.stubs.CallReturn - A factory.call_state-created path returned![0m
[1;32;40mINFO - 2023-12-05 20:09:02,419 - angr.procedures.stubs.CallReturn - A factory.call_state-created path returned![0m
[1;32;40mINFO - 2023-12-05 20:09:02,419 - angr.procedures.stubs.CallReturn - A factory.call_state-created path returned![0m
[1;32;40mINFO - 2023-12-05 20:09:02,420 - angr.engines.engine - Ticked state: <SimProcedure CallReturn from 0x8200038: empty>[0m
[1;32;40mINFO - 2023-12-05 20:09:02,420 - angr.engines.engine - Ticked state: <SimProcedure CallReturn from 0x8200038: empty>[0m
[1;32;40mINFO - 2023-12-05 20:09:02,420 - angr.engines.engine - Ticked state: <SimProcedure CallReturn from 0x8200038: empty>[0m
[1;32;40mINFO - 2023-12-05 20:09:02,433 - angr.sim_manager - Stepping active of <SimulationManager with 1 active>[0m
[1;32;40mINFO - 2023-12-05 20:09:02,433 - angr.sim_manager - Stepping active of <SimulationManager with 1 active>[0m
[1;32;40mINFO - 2023-12-05 20:09:02,436 - angr.engines.engine - Ticked state: <IRSB from 0x806e4a0: 1 sat>[0m
[1;32;40mINFO - 2023-12-05 20:09:02,436 - angr.engines.engine - Ticked state: <IRSB from 0x806e4a0: 1 sat>[0m
[1;32;40mINFO - 2023-12-05 20:09:02,436 - angr.engines.engine - Ticked state: <IRSB from 0x806e4a0: 1 sat>[0m
[1;32;40mINFO - 2023-12-05 20:09:02,437 - angr.sim_manager - Stepping active of <SimulationManager with 1 active>[0m
[1;32;40mINFO - 2023-12-05 20:09:02,437 - angr.sim_manager - Stepping active of <SimulationManager with 1 active>[0m
[1;32;40mINFO - 2023-12-05 20:09:02,444 - angr.engines.engine - Ticked state: <IRSB from 0x805ee8a: 1 sat>[0m
[1;32;40mINFO - 2023-12-05 20:09:02,444 - angr.engines.engine - Ticked state: <IRSB from 0x805ee8a: 1 sat>[0m
[1;32;40mINFO - 2023-12-05 20:09:02,444 - angr.engines.engine - Ticked state: <IRSB from 0x805ee8a: 1 sat>[0m
[1;32;40mINFO - 2023-12-05 20:09:02,444 - angr.sim_manager - Stepping active of <SimulationManager with 1 active>[0m
[1;32;40mINFO - 2023-12-05 20:09:02,444 - angr.sim_manager - Stepping active of <SimulationManager with 1 active>[0m
[1;32;40mINFO - 2023-12-05 20:09:02,454 - angr.engines.engine - Ticked state: <IRSB from 0x806e4a9: 1 sat 1 unsat>[0m
[1;32;40mINFO - 2023-12-05 20:09:02,454 - angr.engines.engine - Ticked state: <IRSB from 0x806e4a9: 1 sat 1 unsat>[0m
[1;32;40mINFO - 2023-12-05 20:09:02,454 - angr.engines.engine - Ticked state: <IRSB from 0x806e4a9: 1 sat 1 unsat>[0m
[1;32;40mINFO - 2023-12-05 20:09:02,455 - angr.sim_manager - Stepping active of <SimulationManager with 1 active>[0m
[1;32;40mINFO - 2023-12-05 20:09:02,455 - angr.sim_manager - Stepping active of <SimulationManager with 1 active>[0m
[1;32;40mINFO - 2023-12-05 20:09:02,465 - angr.engines.engine - Ticked state: <IRSB from 0x806e4c7: 1 sat>[0m
[1;32;40mINFO - 2023-12-05 20:09:02,465 - angr.engines.engine - Ticked state: <IRSB from 0x806e4c7: 1 sat>[0m
[1;32;40mINFO - 2023-12-05 20:09:02,465 - angr.engines.engine - Ticked state: <IRSB from 0x806e4c7: 1 sat>[0m
[1;32;40mINFO - 2023-12-05 20:09:02,466 - angr.sim_manager - Stepping active of <SimulationManager with 1 active>[0m
[1;32;40mINFO - 2023-12-05 20:09:02,466 - angr.sim_manager - Stepping active of <SimulationManager with 1 active>[0m
[1;32;40mINFO - 2023-12-05 20:09:02,467 - angr.procedures.stubs.CallReturn - A factory.call_state-created path returned![0m
[1;32;40mINFO - 2023-12-05 20:09:02,467 - angr.procedures.stubs.CallReturn - A factory.call_state-created path returned![0m
[1;32;40mINFO - 2023-12-05 20:09:02,467 - angr.procedures.stubs.CallReturn - A factory.call_state-created path returned![0m
[1;32;40mINFO - 2023-12-05 20:09:02,467 - angr.procedures.stubs.CallReturn - A factory.call_state-created path returned![0m
[1;32;40mINFO - 2023-12-05 20:09:02,467 - angr.engines.engine - Ticked state: <SimProcedure CallReturn from 0x8200038: empty>[0m
[1;32;40mINFO - 2023-12-05 20:09:02,467 - angr.engines.engine - Ticked state: <SimProcedure CallReturn from 0x8200038: empty>[0m
[1;32;40mINFO - 2023-12-05 20:09:02,467 - angr.engines.engine - Ticked state: <SimProcedure CallReturn from 0x8200038: empty>[0m
[1;32;40mINFO - 2023-12-05 20:09:02,481 - angr.sim_manager - Stepping active of <SimulationManager with 1 active>[0m
[1;32;40mINFO - 2023-12-05 20:09:02,481 - angr.sim_manager - Stepping active of <SimulationManager with 1 active>[0m
[1;32;40mINFO - 2023-12-05 20:09:02,485 - angr.engines.engine - Ticked state: <IRSB from 0x80ac670: 1 sat>[0m
[1;32;40mINFO - 2023-12-05 20:09:02,485 - angr.engines.engine - Ticked state: <IRSB from 0x80ac670: 1 sat>[0m
[1;32;40mINFO - 2023-12-05 20:09:02,485 - angr.engines.engine - Ticked state: <IRSB from 0x80ac670: 1 sat>[0m
[1;32;40mINFO - 2023-12-05 20:09:02,485 - angr.sim_manager - Stepping active of <SimulationManager with 1 active>[0m
[1;32;40mINFO - 2023-12-05 20:09:02,485 - angr.sim_manager - Stepping active of <SimulationManager with 1 active>[0m
[1;32;40mINFO - 2023-12-05 20:09:02,491 - angr.engines.engine - Ticked state: <IRSB from 0x805ee8a: 1 sat>[0m
[1;32;40mINFO - 2023-12-05 20:09:02,491 - angr.engines.engine - Ticked state: <IRSB from 0x805ee8a: 1 sat>[0m
[1;32;40mINFO - 2023-12-05 20:09:02,491 - angr.engines.engine - Ticked state: <IRSB from 0x805ee8a: 1 sat>[0m
[1;32;40mINFO - 2023-12-05 20:09:02,492 - angr.sim_manager - Stepping active of <SimulationManager with 1 active>[0m
[1;32;40mINFO - 2023-12-05 20:09:02,492 - angr.sim_manager - Stepping active of <SimulationManager with 1 active>[0m
[1;32;40mINFO - 2023-12-05 20:09:02,500 - angr.engines.engine - Ticked state: <IRSB from 0x80ac679: 1 sat 1 unsat>[0m
[1;32;40mINFO - 2023-12-05 20:09:02,500 - angr.engines.engine - Ticked state: <IRSB from 0x80ac679: 1 sat 1 unsat>[0m
[1;32;40mINFO - 2023-12-05 20:09:02,500 - angr.engines.engine - Ticked state: <IRSB from 0x80ac679: 1 sat 1 unsat>[0m
[1;32;40mINFO - 2023-12-05 20:09:02,500 - angr.sim_manager - Stepping active of <SimulationManager with 1 active>[0m
[1;32;40mINFO - 2023-12-05 20:09:02,500 - angr.sim_manager - Stepping active of <SimulationManager with 1 active>[0m
[1;32;40mINFO - 2023-12-05 20:09:02,502 - angr.engines.engine - Ticked state: <IRSB from 0x80ac6a4: 1 sat>[0m
[1;32;40mINFO - 2023-12-05 20:09:02,502 - angr.engines.engine - Ticked state: <IRSB from 0x80ac6a4: 1 sat>[0m
[1;32;40mINFO - 2023-12-05 20:09:02,502 - angr.engines.engine - Ticked state: <IRSB from 0x80ac6a4: 1 sat>[0m
[1;32;40mINFO - 2023-12-05 20:09:02,503 - angr.sim_manager - Stepping active of <SimulationManager with 1 active>[0m
[1;32;40mINFO - 2023-12-05 20:09:02,503 - angr.sim_manager - Stepping active of <SimulationManager with 1 active>[0m
[1;32;40mINFO - 2023-12-05 20:09:02,504 - angr.procedures.stubs.CallReturn - A factory.call_state-created path returned![0m
[1;32;40mINFO - 2023-12-05 20:09:02,504 - angr.procedures.stubs.CallReturn - A factory.call_state-created path returned![0m
[1;32;40mINFO - 2023-12-05 20:09:02,504 - angr.procedures.stubs.CallReturn - A factory.call_state-created path returned![0m
[1;32;40mINFO - 2023-12-05 20:09:02,504 - angr.procedures.stubs.CallReturn - A factory.call_state-created path returned![0m
[1;32;40mINFO - 2023-12-05 20:09:02,504 - angr.engines.engine - Ticked state: <SimProcedure CallReturn from 0x8200038: empty>[0m
[1;32;40mINFO - 2023-12-05 20:09:02,504 - angr.engines.engine - Ticked state: <SimProcedure CallReturn from 0x8200038: empty>[0m
[1;32;40mINFO - 2023-12-05 20:09:02,504 - angr.engines.engine - Ticked state: <SimProcedure CallReturn from 0x8200038: empty>[0m
[1;32;40mINFO - 2023-12-05 20:09:02,519 - angr.sim_manager - Stepping active of <SimulationManager with 1 active>[0m
[1;32;40mINFO - 2023-12-05 20:09:02,519 - angr.sim_manager - Stepping active of <SimulationManager with 1 active>[0m
[1;32;40mINFO - 2023-12-05 20:09:02,523 - angr.engines.engine - Ticked state: <IRSB from 0x80b1670: 1 sat>[0m
[1;32;40mINFO - 2023-12-05 20:09:02,523 - angr.engines.engine - Ticked state: <IRSB from 0x80b1670: 1 sat>[0m
[1;32;40mINFO - 2023-12-05 20:09:02,523 - angr.engines.engine - Ticked state: <IRSB from 0x80b1670: 1 sat>[0m
[1;32;40mINFO - 2023-12-05 20:09:02,524 - angr.sim_manager - Stepping active of <SimulationManager with 1 active>[0m
[1;32;40mINFO - 2023-12-05 20:09:02,524 - angr.sim_manager - Stepping active of <SimulationManager with 1 active>[0m
[1;32;40mINFO - 2023-12-05 20:09:02,528 - angr.engines.engine - Ticked state: <IRSB from 0x805ee8a: 1 sat>[0m
[1;32;40mINFO - 2023-12-05 20:09:02,528 - angr.engines.engine - Ticked state: <IRSB from 0x805ee8a: 1 sat>[0m
[1;32;40mINFO - 2023-12-05 20:09:02,528 - angr.engines.engine - Ticked state: <IRSB from 0x805ee8a: 1 sat>[0m
[1;32;40mINFO - 2023-12-05 20:09:02,528 - angr.sim_manager - Stepping active of <SimulationManager with 1 active>[0m
[1;32;40mINFO - 2023-12-05 20:09:02,528 - angr.sim_manager - Stepping active of <SimulationManager with 1 active>[0m
[1;32;40mINFO - 2023-12-05 20:09:02,540 - angr.engines.engine - Ticked state: <IRSB from 0x80b1679: 1 sat>[0m
[1;32;40mINFO - 2023-12-05 20:09:02,540 - angr.engines.engine - Ticked state: <IRSB from 0x80b1679: 1 sat>[0m
[1;32;40mINFO - 2023-12-05 20:09:02,540 - angr.engines.engine - Ticked state: <IRSB from 0x80b1679: 1 sat>[0m
[1;32;40mINFO - 2023-12-05 20:09:02,541 - angr.sim_manager - Stepping active of <SimulationManager with 1 active>[0m
[1;32;40mINFO - 2023-12-05 20:09:02,541 - angr.sim_manager - Stepping active of <SimulationManager with 1 active>[0m
[1;32;40mINFO - 2023-12-05 20:09:02,542 - angr.procedures.stubs.CallReturn - A factory.call_state-created path returned![0m
[1;32;40mINFO - 2023-12-05 20:09:02,542 - angr.procedures.stubs.CallReturn - A factory.call_state-created path returned![0m
[1;32;40mINFO - 2023-12-05 20:09:02,542 - angr.procedures.stubs.CallReturn - A factory.call_state-created path returned![0m
[1;32;40mINFO - 2023-12-05 20:09:02,542 - angr.procedures.stubs.CallReturn - A factory.call_state-created path returned![0m
[1;32;40mINFO - 2023-12-05 20:09:02,543 - angr.engines.engine - Ticked state: <SimProcedure CallReturn from 0x8200038: empty>[0m
[1;32;40mINFO - 2023-12-05 20:09:02,543 - angr.engines.engine - Ticked state: <SimProcedure CallReturn from 0x8200038: empty>[0m
[1;32;40mINFO - 2023-12-05 20:09:02,543 - angr.engines.engine - Ticked state: <SimProcedure CallReturn from 0x8200038: empty>[0m
[1;32;40mINFO - 2023-12-05 20:09:02,554 - angr.sim_manager - Stepping active of <SimulationManager with 1 active>[0m
[1;32;40mINFO - 2023-12-05 20:09:02,554 - angr.sim_manager - Stepping active of <SimulationManager with 1 active>[0m
[1;32;40mINFO - 2023-12-05 20:09:02,560 - angr.engines.engine - Ticked state: <IRSB from 0x806e520: 1 sat>[0m
[1;32;40mINFO - 2023-12-05 20:09:02,560 - angr.engines.engine - Ticked state: <IRSB from 0x806e520: 1 sat>[0m
[1;32;40mINFO - 2023-12-05 20:09:02,560 - angr.engines.engine - Ticked state: <IRSB from 0x806e520: 1 sat>[0m
[1;32;40mINFO - 2023-12-05 20:09:02,560 - angr.sim_manager - Stepping active of <SimulationManager with 1 active>[0m
[1;32;40mINFO - 2023-12-05 20:09:02,560 - angr.sim_manager - Stepping active of <SimulationManager with 1 active>[0m
[1;32;40mINFO - 2023-12-05 20:09:02,564 - angr.engines.engine - Ticked state: <IRSB from 0x805ee8a: 1 sat>[0m
[1;32;40mINFO - 2023-12-05 20:09:02,564 - angr.engines.engine - Ticked state: <IRSB from 0x805ee8a: 1 sat>[0m
[1;32;40mINFO - 2023-12-05 20:09:02,564 - angr.engines.engine - Ticked state: <IRSB from 0x805ee8a: 1 sat>[0m
[1;32;40mINFO - 2023-12-05 20:09:02,564 - angr.sim_manager - Stepping active of <SimulationManager with 1 active>[0m
[1;32;40mINFO - 2023-12-05 20:09:02,564 - angr.sim_manager - Stepping active of <SimulationManager with 1 active>[0m
[1;32;40mINFO - 2023-12-05 20:09:02,571 - angr.engines.engine - Ticked state: <IRSB from 0x806e529: 1 sat 1 unsat>[0m
[1;32;40mINFO - 2023-12-05 20:09:02,571 - angr.engines.engine - Ticked state: <IRSB from 0x806e529: 1 sat 1 unsat>[0m
[1;32;40mINFO - 2023-12-05 20:09:02,571 - angr.engines.engine - Ticked state: <IRSB from 0x806e529: 1 sat 1 unsat>[0m
[1;32;40mINFO - 2023-12-05 20:09:02,572 - angr.sim_manager - Stepping active of <SimulationManager with 1 active>[0m
[1;32;40mINFO - 2023-12-05 20:09:02,572 - angr.sim_manager - Stepping active of <SimulationManager with 1 active>[0m
[1;32;40mINFO - 2023-12-05 20:09:02,576 - angr.engines.engine - Ticked state: <IRSB from 0x806e554: 1 sat>[0m
[1;32;40mINFO - 2023-12-05 20:09:02,576 - angr.engines.engine - Ticked state: <IRSB from 0x806e554: 1 sat>[0m
[1;32;40mINFO - 2023-12-05 20:09:02,576 - angr.engines.engine - Ticked state: <IRSB from 0x806e554: 1 sat>[0m
[1;32;40mINFO - 2023-12-05 20:09:02,576 - angr.sim_manager - Stepping active of <SimulationManager with 1 active>[0m
[1;32;40mINFO - 2023-12-05 20:09:02,576 - angr.sim_manager - Stepping active of <SimulationManager with 1 active>[0m
[1;32;40mINFO - 2023-12-05 20:09:02,578 - angr.procedures.stubs.CallReturn - A factory.call_state-created path returned![0m
[1;32;40mINFO - 2023-12-05 20:09:02,578 - angr.procedures.stubs.CallReturn - A factory.call_state-created path returned![0m
[1;32;40mINFO - 2023-12-05 20:09:02,578 - angr.procedures.stubs.CallReturn - A factory.call_state-created path returned![0m
[1;32;40mINFO - 2023-12-05 20:09:02,578 - angr.procedures.stubs.CallReturn - A factory.call_state-created path returned![0m
[1;32;40mINFO - 2023-12-05 20:09:02,578 - angr.engines.engine - Ticked state: <SimProcedure CallReturn from 0x8200038: empty>[0m
[1;32;40mINFO - 2023-12-05 20:09:02,578 - angr.engines.engine - Ticked state: <SimProcedure CallReturn from 0x8200038: empty>[0m
[1;32;40mINFO - 2023-12-05 20:09:02,578 - angr.engines.engine - Ticked state: <SimProcedure CallReturn from 0x8200038: empty>[0m
[1;32;40mINFO - 2023-12-05 20:09:02,588 - angr.sim_manager - Stepping active of <SimulationManager with 1 active>[0m
[1;32;40mINFO - 2023-12-05 20:09:02,588 - angr.sim_manager - Stepping active of <SimulationManager with 1 active>[0m
[1;32;40mINFO - 2023-12-05 20:09:02,594 - angr.engines.engine - Ticked state: <IRSB from 0x806dc20: 1 sat>[0m
[1;32;40mINFO - 2023-12-05 20:09:02,594 - angr.engines.engine - Ticked state: <IRSB from 0x806dc20: 1 sat>[0m
[1;32;40mINFO - 2023-12-05 20:09:02,594 - angr.engines.engine - Ticked state: <IRSB from 0x806dc20: 1 sat>[0m
[1;32;40mINFO - 2023-12-05 20:09:02,594 - angr.sim_manager - Stepping active of <SimulationManager with 1 active>[0m
[1;32;40mINFO - 2023-12-05 20:09:02,594 - angr.sim_manager - Stepping active of <SimulationManager with 1 active>[0m
[1;32;40mINFO - 2023-12-05 20:09:02,598 - angr.engines.engine - Ticked state: <IRSB from 0x805ee8a: 1 sat>[0m
[1;32;40mINFO - 2023-12-05 20:09:02,598 - angr.engines.engine - Ticked state: <IRSB from 0x805ee8a: 1 sat>[0m
[1;32;40mINFO - 2023-12-05 20:09:02,598 - angr.engines.engine - Ticked state: <IRSB from 0x805ee8a: 1 sat>[0m
[1;32;40mINFO - 2023-12-05 20:09:02,599 - angr.sim_manager - Stepping active of <SimulationManager with 1 active>[0m
[1;32;40mINFO - 2023-12-05 20:09:02,599 - angr.sim_manager - Stepping active of <SimulationManager with 1 active>[0m
[1;32;40mINFO - 2023-12-05 20:09:02,612 - angr.engines.engine - Ticked state: <IRSB from 0x806dc29: 1 sat>[0m
[1;32;40mINFO - 2023-12-05 20:09:02,612 - angr.engines.engine - Ticked state: <IRSB from 0x806dc29: 1 sat>[0m
[1;32;40mINFO - 2023-12-05 20:09:02,612 - angr.engines.engine - Ticked state: <IRSB from 0x806dc29: 1 sat>[0m
[1;32;40mINFO - 2023-12-05 20:09:02,612 - angr.sim_manager - Stepping active of <SimulationManager with 1 active>[0m
[1;32;40mINFO - 2023-12-05 20:09:02,612 - angr.sim_manager - Stepping active of <SimulationManager with 1 active>[0m
[1;32;40mINFO - 2023-12-05 20:09:02,613 - angr.procedures.stubs.CallReturn - A factory.call_state-created path returned![0m
[1;32;40mINFO - 2023-12-05 20:09:02,613 - angr.procedures.stubs.CallReturn - A factory.call_state-created path returned![0m
[1;32;40mINFO - 2023-12-05 20:09:02,613 - angr.procedures.stubs.CallReturn - A factory.call_state-created path returned![0m
[1;32;40mINFO - 2023-12-05 20:09:02,613 - angr.procedures.stubs.CallReturn - A factory.call_state-created path returned![0m
[1;32;40mINFO - 2023-12-05 20:09:02,614 - angr.engines.engine - Ticked state: <SimProcedure CallReturn from 0x8200038: empty>[0m
[1;32;40mINFO - 2023-12-05 20:09:02,614 - angr.engines.engine - Ticked state: <SimProcedure CallReturn from 0x8200038: empty>[0m
[1;32;40mINFO - 2023-12-05 20:09:02,614 - angr.engines.engine - Ticked state: <SimProcedure CallReturn from 0x8200038: empty>[0m
[1;32;40mINFO - 2023-12-05 20:09:02,628 - angr.sim_manager - Stepping active of <SimulationManager with 1 active>[0m
[1;32;40mINFO - 2023-12-05 20:09:02,628 - angr.sim_manager - Stepping active of <SimulationManager with 1 active>[0m
[1;32;40mINFO - 2023-12-05 20:09:02,631 - angr.engines.engine - Ticked state: <IRSB from 0x806d9b0: 1 sat>[0m
[1;32;40mINFO - 2023-12-05 20:09:02,631 - angr.engines.engine - Ticked state: <IRSB from 0x806d9b0: 1 sat>[0m
[1;32;40mINFO - 2023-12-05 20:09:02,631 - angr.engines.engine - Ticked state: <IRSB from 0x806d9b0: 1 sat>[0m
[1;32;40mINFO - 2023-12-05 20:09:02,631 - angr.sim_manager - Stepping active of <SimulationManager with 1 active>[0m
[1;32;40mINFO - 2023-12-05 20:09:02,631 - angr.sim_manager - Stepping active of <SimulationManager with 1 active>[0m
[1;32;40mINFO - 2023-12-05 20:09:02,634 - angr.engines.engine - Ticked state: <IRSB from 0x805ee8a: 1 sat>[0m
[1;32;40mINFO - 2023-12-05 20:09:02,634 - angr.engines.engine - Ticked state: <IRSB from 0x805ee8a: 1 sat>[0m
[1;32;40mINFO - 2023-12-05 20:09:02,634 - angr.engines.engine - Ticked state: <IRSB from 0x805ee8a: 1 sat>[0m
[1;32;40mINFO - 2023-12-05 20:09:02,635 - angr.sim_manager - Stepping active of <SimulationManager with 1 active>[0m
[1;32;40mINFO - 2023-12-05 20:09:02,635 - angr.sim_manager - Stepping active of <SimulationManager with 1 active>[0m
[1;32;40mINFO - 2023-12-05 20:09:02,645 - angr.engines.engine - Ticked state: <IRSB from 0x806d9b9: 1 sat 1 unsat>[0m
[1;32;40mINFO - 2023-12-05 20:09:02,645 - angr.engines.engine - Ticked state: <IRSB from 0x806d9b9: 1 sat 1 unsat>[0m
[1;32;40mINFO - 2023-12-05 20:09:02,645 - angr.engines.engine - Ticked state: <IRSB from 0x806d9b9: 1 sat 1 unsat>[0m
[1;32;40mINFO - 2023-12-05 20:09:02,645 - angr.sim_manager - Stepping active of <SimulationManager with 1 active>[0m
[1;32;40mINFO - 2023-12-05 20:09:02,645 - angr.sim_manager - Stepping active of <SimulationManager with 1 active>[0m
[1;32;40mINFO - 2023-12-05 20:09:02,651 - angr.engines.engine - Ticked state: <IRSB from 0x806d9d7: 1 sat>[0m
[1;32;40mINFO - 2023-12-05 20:09:02,651 - angr.engines.engine - Ticked state: <IRSB from 0x806d9d7: 1 sat>[0m
[1;32;40mINFO - 2023-12-05 20:09:02,651 - angr.engines.engine - Ticked state: <IRSB from 0x806d9d7: 1 sat>[0m
[1;32;40mINFO - 2023-12-05 20:09:02,652 - angr.sim_manager - Stepping active of <SimulationManager with 1 active>[0m
[1;32;40mINFO - 2023-12-05 20:09:02,652 - angr.sim_manager - Stepping active of <SimulationManager with 1 active>[0m
[1;32;40mINFO - 2023-12-05 20:09:02,653 - angr.procedures.stubs.CallReturn - A factory.call_state-created path returned![0m
[1;32;40mINFO - 2023-12-05 20:09:02,653 - angr.procedures.stubs.CallReturn - A factory.call_state-created path returned![0m
[1;32;40mINFO - 2023-12-05 20:09:02,653 - angr.procedures.stubs.CallReturn - A factory.call_state-created path returned![0m
[1;32;40mINFO - 2023-12-05 20:09:02,653 - angr.procedures.stubs.CallReturn - A factory.call_state-created path returned![0m
[1;32;40mINFO - 2023-12-05 20:09:02,653 - angr.engines.engine - Ticked state: <SimProcedure CallReturn from 0x8200038: empty>[0m
[1;32;40mINFO - 2023-12-05 20:09:02,653 - angr.engines.engine - Ticked state: <SimProcedure CallReturn from 0x8200038: empty>[0m
[1;32;40mINFO - 2023-12-05 20:09:02,653 - angr.engines.engine - Ticked state: <SimProcedure CallReturn from 0x8200038: empty>[0m
