[1;33;40mWARNING - 2023-01-04 10:27:20,132 - [34mangr.project[0m - [34mDisabling IRSB translation cache because support for self-modifying code is enabled.[0m[0m
[1;32;40mINFO - 2023-01-04 10:27:21,851 - [33mwerkzeug[0m - [33m172.17.0.1 - - [04/Jan/2023 10:27:21] "GET /iteration-scdg HTTP/1.1" 200 -[0m[0m
[1;32;40mINFO - 2023-01-04 10:27:22,086 - [33mwerkzeug[0m - [33m172.17.0.1 - - [04/Jan/2023 10:27:22] "GET /progress-scdg HTTP/1.1" 200 -[0m[0m
[1;32;40mINFO - 2023-01-04 10:27:23,169 - [33mwerkzeug[0m - [33m172.17.0.1 - - [04/Jan/2023 10:27:23] "GET /iteration-scdg HTTP/1.1" 200 -[0m[0m
[1;32;40mINFO - 2023-01-04 10:27:23,185 - [33mwerkzeug[0m - [33m172.17.0.1 - - [04/Jan/2023 10:27:23] "GET /progress-scdg HTTP/1.1" 200 -[0m[0m
[1;32;40mINFO - 2023-01-04 10:27:24,263 - [36mCustomSimProcedure[0m - {"ordinal.4465.b'mfc42.dll'": 5242880, "ordinal.3136.b'mfc42.dll'": 5242884, "ordinal.3262.b'mfc42.dll'": 5242888, "ordinal.2985.b'mfc42.dll'": 5242892, "ordinal.3081.b'mfc42.dll'": 5242896, "ordinal.2976.b'mfc42.dll'": 5242900, "ordinal.3830.b'mfc42.dll'": 5242904, "ordinal.3831.b'mfc42.dll'": 5242908, "ordinal.3825.b'mfc42.dll'": 5242912, "ordinal.3079.b'mfc42.dll'": 5242916, "ordinal.4080.b'mfc42.dll'": 5242920, "ordinal.4622.b'mfc42.dll'": 5242924, "ordinal.4424.b'mfc42.dll'": 5242928, "ordinal.3738.b'mfc42.dll'": 5242932, "ordinal.561.b'mfc42.dll'": 5242936, "ordinal.825.b'mfc42.dll'": 5242940, "ordinal.815.b'mfc42.dll'": 5242944, "ordinal.641.b'mfc42.dll'": 5242948, "ordinal.2514.b'mfc42.dll'": 5242952, "ordinal.5265.b'mfc42.dll'": 5242956, "ordinal.4376.b'mfc42.dll'": 5242960, "ordinal.4853.b'mfc42.dll'": 5242964, "ordinal.4998.b'mfc42.dll'": 5242968, "ordinal.6052.b'mfc42.dll'": 5242972, "ordinal.4078.b'mfc42.dll'": 5242976, "ordinal.1775.b'mfc42.dll'": 5242980, "ordinal.4407.b'mfc42.dll'": 5242984, "ordinal.5241.b'mfc42.dll'": 5242988, "ordinal.3259.b'mfc42.dll'": 5242992, "ordinal.5163.b'mfc42.dll'": 5242996, "ordinal.6374.b'mfc42.dll'": 5243000, "ordinal.4353.b'mfc42.dll'": 5243004, "ordinal.5280.b'mfc42.dll'": 5243008, "ordinal.3798.b'mfc42.dll'": 5243012, "ordinal.4837.b'mfc42.dll'": 5243016, "ordinal.4441.b'mfc42.dll'": 5243020, "ordinal.2648.b'mfc42.dll'": 5243024, "ordinal.2055.b'mfc42.dll'": 5243028, "ordinal.6376.b'mfc42.dll'": 5243032, "ordinal.3749.b'mfc42.dll'": 5243036, "ordinal.5065.b'mfc42.dll'": 5243040, "ordinal.1727.b'mfc42.dll'": 5243044, "ordinal.5261.b'mfc42.dll'": 5243048, "ordinal.2446.b'mfc42.dll'": 5243052, "ordinal.2124.b'mfc42.dll'": 5243056, "ordinal.5277.b'mfc42.dll'": 5243060, "ordinal.4627.b'mfc42.dll'": 5243064, "ordinal.4425.b'mfc42.dll'": 5243068, "ordinal.3597.b'mfc42.dll'": 5243072, "ordinal.1146.b'mfc42.dll'": 5243076, "ordinal.1168.b'mfc42.dll'": 5243080, "ordinal.324.b'mfc42.dll'": 5243084, "ordinal.4234.b'mfc42.dll'": 5243088, "ordinal.2379.b'mfc42.dll'": 5243092, "ordinal.755.b'mfc42.dll'": 5243096, "ordinal.470.b'mfc42.dll'": 5243100, "ordinal.3147.b'mfc42.dll'": 5243104, "ordinal.2982.b'mfc42.dll'": 5243108, "ordinal.5714.b'mfc42.dll'": 5243112, "ordinal.5289.b'mfc42.dll'": 5243116, "ordinal.5307.b'mfc42.dll'": 5243120, "ordinal.4698.b'mfc42.dll'": 5243124, "ordinal.4079.b'mfc42.dll'": 5243128, "ordinal.2725.b'mfc42.dll'": 5243132, "ordinal.5302.b'mfc42.dll'": 5243136, "ordinal.5300.b'mfc42.dll'": 5243140, "ordinal.3346.b'mfc42.dll'": 5243144, "ordinal.2396.b'mfc42.dll'": 5243148, "ordinal.5199.b'mfc42.dll'": 5243152, "ordinal.1089.b'mfc42.dll'": 5243156, "ordinal.3922.b'mfc42.dll'": 5243160, "ordinal.5731.b'mfc42.dll'": 5243164, "ordinal.2512.b'mfc42.dll'": 5243168, "ordinal.2554.b'mfc42.dll'": 5243172, "ordinal.4486.b'mfc42.dll'": 5243176, "ordinal.6375.b'mfc42.dll'": 5243180, "ordinal.4274.b'mfc42.dll'": 5243184, "ordinal.2385.b'mfc42.dll'": 5243188, "ordinal.4673.b'mfc42.dll'": 5243192, "ordinal.1576.b'mfc42.dll'": 5243196, '__set_app_type': 5243200, '_except_handler3': 5243204, '_controlfp': 5243208, '__p__commode': 5243212, '_adjust_fdiv': 5243216, '__setusermatherr': 5243220, '_initterm': 5243224, '__getmainargs': 5243228, '_acmdln': 5243232, '_XcptFilter': 5243236, '_exit': 5243240, '_onexit': 5243244, '__dllonexit': 5243248, '__p___argc': 5243252, 'fopen': 5243256, 'fclose': 5243260, 'wcsstr': 5243264, 'wcscpy': 5243268, 'atoi': 5243272, 'exit': 5243276, 'sprintf': 5243280, 'wcsncpy': 5243284, 'wcscat': 5243288, 'malloc': 5243292, 'wcslen': 5243296, '__CxxFrameHandler': 5243300, '_setmbcp': 5243304, '__p__fmode': 5243308, 'GlobalFree': 5243312, 'WriteFile': 5243316, 'GetCurrentProcess': 5243320, 'SizeofResource': 5243324, 'LockResource': 5243328, 'LoadResource': 5243332, 'FindResourceA': 5243336, 'GetProcAddress': 5243340, 'LoadLibraryA': 5243344, 'GetModuleHandleA': 5243348, 'DeleteFileW': 5243352, 'GetFileAttributesW': 5243356, 'Sleep': 5243360, 'GetCommandLineW': 5243364, 'GetTempPathW': 5243368, 'GetTempPathA': 5243372, 'GetFileTime': 5243376, 'ReadFile': 5243380, 'GetTickCount': 5243384, 'GetModuleFileNameW': 5243388, 'GetStartupInfoA': 5243392, 'CloseHandle': 5243396, 'SendMessageA': 5243400, 'GetClientRect': 5243404, 'EnableWindow': 5243408, 'DrawIcon': 5243412, 'IsIconic': 5243416, 'GetSystemMetrics': 5243420, 'LoadIconA': 5243424, 'wsprintfW': 5243428, 'SHGetSpecialFolderPathW': 5243432, 'KiUserExceptionDispatcher': 6295572, '_fmode': 6295576, '_commode': 6295580, '_wcmdln': 6295584}[0m
[1;32;40mINFO - 2023-01-04 10:27:24,263 - [36mCustomSimProcedure[0m - [36mWas in angr :user32.dll[0m[0m
[1;33;40mWARNING - 2023-01-04 10:27:24,265 - [36mCustomSimProcedure[0m - [36mProcedure wsprintfA in DLL user32.dll has 3 arguments in json and 2 arguments in angr prototype. Taking number of arguments from json.[0m[0m
[1;33;40mWARNING - 2023-01-04 10:27:24,266 - [36mCustomSimProcedure[0m - [36mProcedure wsprintfW in DLL user32.dll has 3 arguments in json and 2 arguments in angr prototype. Taking number of arguments from json.[0m[0m
[1;32;40mINFO - 2023-01-04 10:27:24,310 - [36mCustomSimProcedure[0m - [36mWas in angr :kernel32.dll[0m[0m
[1;33;40mWARNING - 2023-01-04 10:27:24,404 - [34mangr.project[0m - [34mAddress is already hooked, during hook(0x500228, <SimProcedure SHGetSpecialFolderPathW>). Not re-hooking.[0m[0m
[1;32;40mINFO - 2023-01-04 10:27:24,410 - [36mCustomSimProcedure[0m - [36mWas in angr :msvcrt.dll[0m[0m
[1;32;40mINFO - 2023-01-04 10:27:24,431 - [33mwerkzeug[0m - [33m172.17.0.1 - - [04/Jan/2023 10:27:24] "GET /iteration-scdg HTTP/1.1" 200 -[0m[0m
[1;32;40mINFO - 2023-01-04 10:27:24,443 - [33mwerkzeug[0m - [33m172.17.0.1 - - [04/Jan/2023 10:27:24] "GET /progress-scdg HTTP/1.1" 200 -[0m[0m
[1;33;40mWARNING - 2023-01-04 10:27:24,454 - [34mangr.project[0m - [34mAddress is already hooked, during hook(0x601014, <SimProcedure KiUserExceptionDispatcher>). Not re-hooking.[0m[0m
[1;32;40mINFO - 2023-01-04 10:27:24,455 - [36mCustomSimProcedure[0m - [36mNo hooks for: {"ordinal.4465.b'mfc42.dll'": 5242880, "ordinal.3136.b'mfc42.dll'": 5242884, "ordinal.3262.b'mfc42.dll'": 5242888, "ordinal.2985.b'mfc42.dll'": 5242892, "ordinal.3081.b'mfc42.dll'": 5242896, "ordinal.2976.b'mfc42.dll'": 5242900, "ordinal.3830.b'mfc42.dll'": 5242904, "ordinal.3831.b'mfc42.dll'": 5242908, "ordinal.3825.b'mfc42.dll'": 5242912, "ordinal.3079.b'mfc42.dll'": 5242916, "ordinal.4080.b'mfc42.dll'": 5242920, "ordinal.4622.b'mfc42.dll'": 5242924, "ordinal.4424.b'mfc42.dll'": 5242928, "ordinal.3738.b'mfc42.dll'": 5242932, "ordinal.561.b'mfc42.dll'": 5242936, "ordinal.825.b'mfc42.dll'": 5242940, "ordinal.815.b'mfc42.dll'": 5242944, "ordinal.641.b'mfc42.dll'": 5242948, "ordinal.2514.b'mfc42.dll'": 5242952, "ordinal.5265.b'mfc42.dll'": 5242956, "ordinal.4376.b'mfc42.dll'": 5242960, "ordinal.4853.b'mfc42.dll'": 5242964, "ordinal.4998.b'mfc42.dll'": 5242968, "ordinal.6052.b'mfc42.dll'": 5242972, "ordinal.4078.b'mfc42.dll'": 5242976, "ordinal.1775.b'mfc42.dll'": 5242980, "ordinal.4407.b'mfc42.dll'": 5242984, "ordinal.5241.b'mfc42.dll'": 5242988, "ordinal.3259.b'mfc42.dll'": 5242992, "ordinal.5163.b'mfc42.dll'": 5242996, "ordinal.6374.b'mfc42.dll'": 5243000, "ordinal.4353.b'mfc42.dll'": 5243004, "ordinal.5280.b'mfc42.dll'": 5243008, "ordinal.3798.b'mfc42.dll'": 5243012, "ordinal.4837.b'mfc42.dll'": 5243016, "ordinal.4441.b'mfc42.dll'": 5243020, "ordinal.2648.b'mfc42.dll'": 5243024, "ordinal.2055.b'mfc42.dll'": 5243028, "ordinal.6376.b'mfc42.dll'": 5243032, "ordinal.3749.b'mfc42.dll'": 5243036, "ordinal.5065.b'mfc42.dll'": 5243040, "ordinal.1727.b'mfc42.dll'": 5243044, "ordinal.5261.b'mfc42.dll'": 5243048, "ordinal.2446.b'mfc42.dll'": 5243052, "ordinal.2124.b'mfc42.dll'": 5243056, "ordinal.5277.b'mfc42.dll'": 5243060, "ordinal.4627.b'mfc42.dll'": 5243064, "ordinal.4425.b'mfc42.dll'": 5243068, "ordinal.3597.b'mfc42.dll'": 5243072, "ordinal.1146.b'mfc42.dll'": 5243076, "ordinal.1168.b'mfc42.dll'": 5243080, "ordinal.324.b'mfc42.dll'": 5243084, "ordinal.4234.b'mfc42.dll'": 5243088, "ordinal.2379.b'mfc42.dll'": 5243092, "ordinal.755.b'mfc42.dll'": 5243096, "ordinal.470.b'mfc42.dll'": 5243100, "ordinal.3147.b'mfc42.dll'": 5243104, "ordinal.2982.b'mfc42.dll'": 5243108, "ordinal.5714.b'mfc42.dll'": 5243112, "ordinal.5289.b'mfc42.dll'": 5243116, "ordinal.5307.b'mfc42.dll'": 5243120, "ordinal.4698.b'mfc42.dll'": 5243124, "ordinal.4079.b'mfc42.dll'": 5243128, "ordinal.2725.b'mfc42.dll'": 5243132, "ordinal.5302.b'mfc42.dll'": 5243136, "ordinal.5300.b'mfc42.dll'": 5243140, "ordinal.3346.b'mfc42.dll'": 5243144, "ordinal.2396.b'mfc42.dll'": 5243148, "ordinal.5199.b'mfc42.dll'": 5243152, "ordinal.1089.b'mfc42.dll'": 5243156, "ordinal.3922.b'mfc42.dll'": 5243160, "ordinal.5731.b'mfc42.dll'": 5243164, "ordinal.2512.b'mfc42.dll'": 5243168, "ordinal.2554.b'mfc42.dll'": 5243172, "ordinal.4486.b'mfc42.dll'": 5243176, "ordinal.6375.b'mfc42.dll'": 5243180, "ordinal.4274.b'mfc42.dll'": 5243184, "ordinal.2385.b'mfc42.dll'": 5243188, "ordinal.4673.b'mfc42.dll'": 5243192, "ordinal.1576.b'mfc42.dll'": 5243196, '__set_app_type': 5243200, '_except_handler3': 5243204, '_controlfp': 5243208, '_adjust_fdiv': 5243216, '__setusermatherr': 5243220, '_initterm': 5243224, '__getmainargs': 5243228, '_acmdln': 5243232, '_XcptFilter': 5243236, '__dllonexit': 5243248, '__CxxFrameHandler': 5243300, '_setmbcp': 5243304, '_fmode': 6295576, '_commode': 6295580, '_wcmdln': 6295584}[0m[0m
[1;32;40mINFO - 2023-01-04 10:27:24,455 - [36mCustomSimProcedure[0m - [36mcustom_hook_static[0m[0m
[1;32;40mINFO - 2023-01-04 10:27:24,455 - [36mCustomSimProcedure[0m - [36mmfc42.dll[0m[0m
[1;32;40mINFO - 2023-01-04 10:27:24,456 - [36mCustomSimProcedure[0m - [36m4465[0m[0m
[1;32;40mINFO - 2023-01-04 10:27:24,456 - [36mCustomSimProcedure[0m - [36mmfc42.dll[0m[0m
[1;32;40mINFO - 2023-01-04 10:27:24,456 - [36mCustomSimProcedure[0m - [36m3136[0m[0m
[1;32;40mINFO - 2023-01-04 10:27:24,456 - [36mCustomSimProcedure[0m - [36mmfc42.dll[0m[0m
[1;32;40mINFO - 2023-01-04 10:27:24,459 - [36mCustomSimProcedure[0m - [36m3262[0m[0m
[1;32;40mINFO - 2023-01-04 10:27:24,460 - [36mCustomSimProcedure[0m - [36mmfc42.dll[0m[0m
[1;32;40mINFO - 2023-01-04 10:27:24,460 - [36mCustomSimProcedure[0m - [36m2985[0m[0m
[1;32;40mINFO - 2023-01-04 10:27:24,460 - [36mCustomSimProcedure[0m - [36mmfc42.dll[0m[0m
[1;32;40mINFO - 2023-01-04 10:27:24,460 - [36mCustomSimProcedure[0m - [36m3081[0m[0m
[1;32;40mINFO - 2023-01-04 10:27:24,460 - [36mCustomSimProcedure[0m - [36mmfc42.dll[0m[0m
[1;32;40mINFO - 2023-01-04 10:27:24,460 - [36mCustomSimProcedure[0m - [36m2976[0m[0m
[1;32;40mINFO - 2023-01-04 10:27:24,460 - [36mCustomSimProcedure[0m - [36mmfc42.dll[0m[0m
[1;32;40mINFO - 2023-01-04 10:27:24,460 - [36mCustomSimProcedure[0m - [36m3830[0m[0m
[1;32;40mINFO - 2023-01-04 10:27:24,460 - [36mCustomSimProcedure[0m - [36mmfc42.dll[0m[0m
[1;32;40mINFO - 2023-01-04 10:27:24,460 - [36mCustomSimProcedure[0m - [36m3831[0m[0m
[1;32;40mINFO - 2023-01-04 10:27:24,460 - [36mCustomSimProcedure[0m - [36mmfc42.dll[0m[0m
[1;32;40mINFO - 2023-01-04 10:27:24,460 - [36mCustomSimProcedure[0m - [36m3825[0m[0m
[1;32;40mINFO - 2023-01-04 10:27:24,460 - [36mCustomSimProcedure[0m - [36mmfc42.dll[0m[0m
[1;32;40mINFO - 2023-01-04 10:27:24,460 - [36mCustomSimProcedure[0m - [36m3079[0m[0m
[1;32;40mINFO - 2023-01-04 10:27:24,460 - [36mCustomSimProcedure[0m - [36mmfc42.dll[0m[0m
[1;32;40mINFO - 2023-01-04 10:27:24,460 - [36mCustomSimProcedure[0m - [36m4080[0m[0m
[1;32;40mINFO - 2023-01-04 10:27:24,461 - [36mCustomSimProcedure[0m - [36mmfc42.dll[0m[0m
[1;32;40mINFO - 2023-01-04 10:27:24,461 - [36mCustomSimProcedure[0m - [36m4622[0m[0m
[1;32;40mINFO - 2023-01-04 10:27:24,461 - [36mCustomSimProcedure[0m - [36mmfc42.dll[0m[0m
[1;32;40mINFO - 2023-01-04 10:27:24,461 - [36mCustomSimProcedure[0m - [36m4424[0m[0m
[1;32;40mINFO - 2023-01-04 10:27:24,461 - [36mCustomSimProcedure[0m - [36mmfc42.dll[0m[0m
[1;32;40mINFO - 2023-01-04 10:27:24,461 - [36mCustomSimProcedure[0m - [36m3738[0m[0m
[1;32;40mINFO - 2023-01-04 10:27:24,461 - [36mCustomSimProcedure[0m - [36mmfc42.dll[0m[0m
[1;32;40mINFO - 2023-01-04 10:27:24,461 - [36mCustomSimProcedure[0m - [36m561[0m[0m
[1;32;40mINFO - 2023-01-04 10:27:24,461 - [36mCustomSimProcedure[0m - [36mmfc42.dll[0m[0m
[1;32;40mINFO - 2023-01-04 10:27:24,461 - [36mCustomSimProcedure[0m - [36m825[0m[0m
[1;32;40mINFO - 2023-01-04 10:27:24,461 - [36mCustomSimProcedure[0m - [36mmfc42.dll[0m[0m
[1;32;40mINFO - 2023-01-04 10:27:24,461 - [36mCustomSimProcedure[0m - [36m815[0m[0m
[1;32;40mINFO - 2023-01-04 10:27:24,461 - [36mCustomSimProcedure[0m - [36mmfc42.dll[0m[0m
[1;32;40mINFO - 2023-01-04 10:27:24,461 - [36mCustomSimProcedure[0m - [36m641[0m[0m
[1;32;40mINFO - 2023-01-04 10:27:24,461 - [36mCustomSimProcedure[0m - [36mmfc42.dll[0m[0m
[1;32;40mINFO - 2023-01-04 10:27:24,461 - [36mCustomSimProcedure[0m - [36m2514[0m[0m
[1;32;40mINFO - 2023-01-04 10:27:24,461 - [36mCustomSimProcedure[0m - [36mmfc42.dll[0m[0m
[1;32;40mINFO - 2023-01-04 10:27:24,462 - [36mCustomSimProcedure[0m - [36m5265[0m[0m
[1;32;40mINFO - 2023-01-04 10:27:24,462 - [36mCustomSimProcedure[0m - [36mmfc42.dll[0m[0m
[1;32;40mINFO - 2023-01-04 10:27:24,462 - [36mCustomSimProcedure[0m - [36m4376[0m[0m
[1;32;40mINFO - 2023-01-04 10:27:24,462 - [36mCustomSimProcedure[0m - [36mmfc42.dll[0m[0m
[1;32;40mINFO - 2023-01-04 10:27:24,462 - [36mCustomSimProcedure[0m - [36m4853[0m[0m
[1;32;40mINFO - 2023-01-04 10:27:24,462 - [36mCustomSimProcedure[0m - [36mmfc42.dll[0m[0m
[1;32;40mINFO - 2023-01-04 10:27:24,462 - [36mCustomSimProcedure[0m - [36m4998[0m[0m
[1;32;40mINFO - 2023-01-04 10:27:24,462 - [36mCustomSimProcedure[0m - [36mmfc42.dll[0m[0m
[1;32;40mINFO - 2023-01-04 10:27:24,462 - [36mCustomSimProcedure[0m - [36m6052[0m[0m
[1;32;40mINFO - 2023-01-04 10:27:24,462 - [36mCustomSimProcedure[0m - [36mmfc42.dll[0m[0m
[1;32;40mINFO - 2023-01-04 10:27:24,462 - [36mCustomSimProcedure[0m - [36m4078[0m[0m
[1;32;40mINFO - 2023-01-04 10:27:24,462 - [36mCustomSimProcedure[0m - [36mmfc42.dll[0m[0m
[1;32;40mINFO - 2023-01-04 10:27:24,462 - [36mCustomSimProcedure[0m - [36m1775[0m[0m
[1;32;40mINFO - 2023-01-04 10:27:24,462 - [36mCustomSimProcedure[0m - [36mmfc42.dll[0m[0m
[1;32;40mINFO - 2023-01-04 10:27:24,462 - [36mCustomSimProcedure[0m - [36m4407[0m[0m
[1;32;40mINFO - 2023-01-04 10:27:24,462 - [36mCustomSimProcedure[0m - [36mmfc42.dll[0m[0m
[1;32;40mINFO - 2023-01-04 10:27:24,463 - [36mCustomSimProcedure[0m - [36m5241[0m[0m
[1;32;40mINFO - 2023-01-04 10:27:24,463 - [36mCustomSimProcedure[0m - [36mmfc42.dll[0m[0m
[1;32;40mINFO - 2023-01-04 10:27:24,463 - [36mCustomSimProcedure[0m - [36m3259[0m[0m
[1;32;40mINFO - 2023-01-04 10:27:24,463 - [36mCustomSimProcedure[0m - [36mmfc42.dll[0m[0m
[1;32;40mINFO - 2023-01-04 10:27:24,463 - [36mCustomSimProcedure[0m - [36m5163[0m[0m
[1;32;40mINFO - 2023-01-04 10:27:24,463 - [36mCustomSimProcedure[0m - [36mmfc42.dll[0m[0m
[1;32;40mINFO - 2023-01-04 10:27:24,463 - [36mCustomSimProcedure[0m - [36m6374[0m[0m
[1;32;40mINFO - 2023-01-04 10:27:24,463 - [36mCustomSimProcedure[0m - [36mmfc42.dll[0m[0m
[1;32;40mINFO - 2023-01-04 10:27:24,463 - [36mCustomSimProcedure[0m - [36m4353[0m[0m
[1;32;40mINFO - 2023-01-04 10:27:24,463 - [36mCustomSimProcedure[0m - [36mmfc42.dll[0m[0m
[1;32;40mINFO - 2023-01-04 10:27:24,463 - [36mCustomSimProcedure[0m - [36m5280[0m[0m
[1;32;40mINFO - 2023-01-04 10:27:24,463 - [36mCustomSimProcedure[0m - [36mmfc42.dll[0m[0m
[1;32;40mINFO - 2023-01-04 10:27:24,463 - [36mCustomSimProcedure[0m - [36m3798[0m[0m
[1;32;40mINFO - 2023-01-04 10:27:24,463 - [36mCustomSimProcedure[0m - [36mmfc42.dll[0m[0m
[1;32;40mINFO - 2023-01-04 10:27:24,463 - [36mCustomSimProcedure[0m - [36m4837[0m[0m
[1;32;40mINFO - 2023-01-04 10:27:24,463 - [36mCustomSimProcedure[0m - [36mmfc42.dll[0m[0m
[1;32;40mINFO - 2023-01-04 10:27:24,463 - [36mCustomSimProcedure[0m - [36m4441[0m[0m
[1;32;40mINFO - 2023-01-04 10:27:24,464 - [36mCustomSimProcedure[0m - [36mmfc42.dll[0m[0m
[1;32;40mINFO - 2023-01-04 10:27:24,464 - [36mCustomSimProcedure[0m - [36m2648[0m[0m
[1;32;40mINFO - 2023-01-04 10:27:24,464 - [36mCustomSimProcedure[0m - [36mmfc42.dll[0m[0m
[1;32;40mINFO - 2023-01-04 10:27:24,464 - [36mCustomSimProcedure[0m - [36m2055[0m[0m
[1;32;40mINFO - 2023-01-04 10:27:24,464 - [36mCustomSimProcedure[0m - [36mmfc42.dll[0m[0m
[1;32;40mINFO - 2023-01-04 10:27:24,464 - [36mCustomSimProcedure[0m - [36m6376[0m[0m
[1;32;40mINFO - 2023-01-04 10:27:24,464 - [36mCustomSimProcedure[0m - [36mmfc42.dll[0m[0m
[1;32;40mINFO - 2023-01-04 10:27:24,464 - [36mCustomSimProcedure[0m - [36m3749[0m[0m
[1;32;40mINFO - 2023-01-04 10:27:24,464 - [36mCustomSimProcedure[0m - [36mmfc42.dll[0m[0m
[1;32;40mINFO - 2023-01-04 10:27:24,464 - [36mCustomSimProcedure[0m - [36m5065[0m[0m
[1;32;40mINFO - 2023-01-04 10:27:24,464 - [36mCustomSimProcedure[0m - [36mmfc42.dll[0m[0m
[1;32;40mINFO - 2023-01-04 10:27:24,464 - [36mCustomSimProcedure[0m - [36m1727[0m[0m
[1;32;40mINFO - 2023-01-04 10:27:24,464 - [36mCustomSimProcedure[0m - [36mmfc42.dll[0m[0m
[1;32;40mINFO - 2023-01-04 10:27:24,464 - [36mCustomSimProcedure[0m - [36m5261[0m[0m
[1;32;40mINFO - 2023-01-04 10:27:24,464 - [36mCustomSimProcedure[0m - [36mmfc42.dll[0m[0m
[1;32;40mINFO - 2023-01-04 10:27:24,464 - [36mCustomSimProcedure[0m - [36m2446[0m[0m
[1;32;40mINFO - 2023-01-04 10:27:24,464 - [36mCustomSimProcedure[0m - [36mmfc42.dll[0m[0m
[1;32;40mINFO - 2023-01-04 10:27:24,464 - [36mCustomSimProcedure[0m - [36m2124[0m[0m
[1;32;40mINFO - 2023-01-04 10:27:24,465 - [36mCustomSimProcedure[0m - [36mmfc42.dll[0m[0m
[1;32;40mINFO - 2023-01-04 10:27:24,465 - [36mCustomSimProcedure[0m - [36m5277[0m[0m
[1;32;40mINFO - 2023-01-04 10:27:24,465 - [36mCustomSimProcedure[0m - [36mmfc42.dll[0m[0m
[1;32;40mINFO - 2023-01-04 10:27:24,465 - [36mCustomSimProcedure[0m - [36m4627[0m[0m
[1;32;40mINFO - 2023-01-04 10:27:24,465 - [36mCustomSimProcedure[0m - [36mmfc42.dll[0m[0m
[1;32;40mINFO - 2023-01-04 10:27:24,465 - [36mCustomSimProcedure[0m - [36m4425[0m[0m
[1;32;40mINFO - 2023-01-04 10:27:24,465 - [36mCustomSimProcedure[0m - [36mmfc42.dll[0m[0m
[1;32;40mINFO - 2023-01-04 10:27:24,465 - [36mCustomSimProcedure[0m - [36m3597[0m[0m
[1;32;40mINFO - 2023-01-04 10:27:24,465 - [36mCustomSimProcedure[0m - [36mmfc42.dll[0m[0m
[1;32;40mINFO - 2023-01-04 10:27:24,465 - [36mCustomSimProcedure[0m - [36m1146[0m[0m
[1;32;40mINFO - 2023-01-04 10:27:24,465 - [36mCustomSimProcedure[0m - [36mmfc42.dll[0m[0m
[1;32;40mINFO - 2023-01-04 10:27:24,465 - [36mCustomSimProcedure[0m - [36m1168[0m[0m
[1;32;40mINFO - 2023-01-04 10:27:24,465 - [36mCustomSimProcedure[0m - [36mmfc42.dll[0m[0m
[1;32;40mINFO - 2023-01-04 10:27:24,465 - [36mCustomSimProcedure[0m - [36m324[0m[0m
[1;32;40mINFO - 2023-01-04 10:27:24,465 - [36mCustomSimProcedure[0m - [36mmfc42.dll[0m[0m
[1;32;40mINFO - 2023-01-04 10:27:24,465 - [36mCustomSimProcedure[0m - [36m4234[0m[0m
[1;32;40mINFO - 2023-01-04 10:27:24,465 - [36mCustomSimProcedure[0m - [36mmfc42.dll[0m[0m
[1;32;40mINFO - 2023-01-04 10:27:24,465 - [36mCustomSimProcedure[0m - [36m2379[0m[0m
[1;32;40mINFO - 2023-01-04 10:27:24,466 - [36mCustomSimProcedure[0m - [36mmfc42.dll[0m[0m
[1;32;40mINFO - 2023-01-04 10:27:24,466 - [36mCustomSimProcedure[0m - [36m755[0m[0m
[1;32;40mINFO - 2023-01-04 10:27:24,466 - [36mCustomSimProcedure[0m - [36mmfc42.dll[0m[0m
[1;32;40mINFO - 2023-01-04 10:27:24,466 - [36mCustomSimProcedure[0m - [36m470[0m[0m
[1;32;40mINFO - 2023-01-04 10:27:24,466 - [36mCustomSimProcedure[0m - [36mmfc42.dll[0m[0m
[1;32;40mINFO - 2023-01-04 10:27:24,466 - [36mCustomSimProcedure[0m - [36m3147[0m[0m
[1;32;40mINFO - 2023-01-04 10:27:24,466 - [36mCustomSimProcedure[0m - [36mmfc42.dll[0m[0m
[1;32;40mINFO - 2023-01-04 10:27:24,466 - [36mCustomSimProcedure[0m - [36m2982[0m[0m
[1;32;40mINFO - 2023-01-04 10:27:24,466 - [36mCustomSimProcedure[0m - [36mmfc42.dll[0m[0m
[1;32;40mINFO - 2023-01-04 10:27:24,466 - [36mCustomSimProcedure[0m - [36m5714[0m[0m
[1;32;40mINFO - 2023-01-04 10:27:24,466 - [36mCustomSimProcedure[0m - [36mmfc42.dll[0m[0m
[1;32;40mINFO - 2023-01-04 10:27:24,466 - [36mCustomSimProcedure[0m - [36m5289[0m[0m
[1;32;40mINFO - 2023-01-04 10:27:24,466 - [36mCustomSimProcedure[0m - [36mmfc42.dll[0m[0m
[1;32;40mINFO - 2023-01-04 10:27:24,466 - [36mCustomSimProcedure[0m - [36m5307[0m[0m
[1;32;40mINFO - 2023-01-04 10:27:24,466 - [36mCustomSimProcedure[0m - [36mmfc42.dll[0m[0m
[1;32;40mINFO - 2023-01-04 10:27:24,466 - [36mCustomSimProcedure[0m - [36m4698[0m[0m
[1;32;40mINFO - 2023-01-04 10:27:24,466 - [36mCustomSimProcedure[0m - [36mmfc42.dll[0m[0m
[1;32;40mINFO - 2023-01-04 10:27:24,467 - [36mCustomSimProcedure[0m - [36m4079[0m[0m
[1;32;40mINFO - 2023-01-04 10:27:24,467 - [36mCustomSimProcedure[0m - [36mmfc42.dll[0m[0m
[1;32;40mINFO - 2023-01-04 10:27:24,467 - [36mCustomSimProcedure[0m - [36m2725[0m[0m
[1;32;40mINFO - 2023-01-04 10:27:24,467 - [36mCustomSimProcedure[0m - [36mmfc42.dll[0m[0m
[1;32;40mINFO - 2023-01-04 10:27:24,467 - [36mCustomSimProcedure[0m - [36m5302[0m[0m
[1;32;40mINFO - 2023-01-04 10:27:24,467 - [36mCustomSimProcedure[0m - [36mmfc42.dll[0m[0m
[1;32;40mINFO - 2023-01-04 10:27:24,467 - [36mCustomSimProcedure[0m - [36m5300[0m[0m
[1;32;40mINFO - 2023-01-04 10:27:24,467 - [36mCustomSimProcedure[0m - [36mmfc42.dll[0m[0m
[1;32;40mINFO - 2023-01-04 10:27:24,467 - [36mCustomSimProcedure[0m - [36m3346[0m[0m
[1;32;40mINFO - 2023-01-04 10:27:24,467 - [36mCustomSimProcedure[0m - [36mmfc42.dll[0m[0m
[1;32;40mINFO - 2023-01-04 10:27:24,467 - [36mCustomSimProcedure[0m - [36m2396[0m[0m
[1;32;40mINFO - 2023-01-04 10:27:24,467 - [36mCustomSimProcedure[0m - [36mmfc42.dll[0m[0m
[1;32;40mINFO - 2023-01-04 10:27:24,467 - [36mCustomSimProcedure[0m - [36m5199[0m[0m
[1;32;40mINFO - 2023-01-04 10:27:24,467 - [36mCustomSimProcedure[0m - [36mmfc42.dll[0m[0m
[1;32;40mINFO - 2023-01-04 10:27:24,467 - [36mCustomSimProcedure[0m - [36m1089[0m[0m
[1;32;40mINFO - 2023-01-04 10:27:24,467 - [36mCustomSimProcedure[0m - [36mmfc42.dll[0m[0m
[1;32;40mINFO - 2023-01-04 10:27:24,467 - [36mCustomSimProcedure[0m - [36m3922[0m[0m
[1;32;40mINFO - 2023-01-04 10:27:24,468 - [36mCustomSimProcedure[0m - [36mmfc42.dll[0m[0m
[1;32;40mINFO - 2023-01-04 10:27:24,468 - [36mCustomSimProcedure[0m - [36m5731[0m[0m
[1;32;40mINFO - 2023-01-04 10:27:24,468 - [36mCustomSimProcedure[0m - [36mmfc42.dll[0m[0m
[1;32;40mINFO - 2023-01-04 10:27:24,468 - [36mCustomSimProcedure[0m - [36m2512[0m[0m
[1;32;40mINFO - 2023-01-04 10:27:24,468 - [36mCustomSimProcedure[0m - [36mmfc42.dll[0m[0m
[1;32;40mINFO - 2023-01-04 10:27:24,468 - [36mCustomSimProcedure[0m - [36m2554[0m[0m
[1;32;40mINFO - 2023-01-04 10:27:24,468 - [36mCustomSimProcedure[0m - [36mmfc42.dll[0m[0m
[1;32;40mINFO - 2023-01-04 10:27:24,468 - [36mCustomSimProcedure[0m - [36m4486[0m[0m
[1;32;40mINFO - 2023-01-04 10:27:24,468 - [36mCustomSimProcedure[0m - [36mmfc42.dll[0m[0m
[1;32;40mINFO - 2023-01-04 10:27:24,468 - [36mCustomSimProcedure[0m - [36m6375[0m[0m
[1;32;40mINFO - 2023-01-04 10:27:24,468 - [36mCustomSimProcedure[0m - [36mmfc42.dll[0m[0m
[1;32;40mINFO - 2023-01-04 10:27:24,468 - [36mCustomSimProcedure[0m - [36m4274[0m[0m
[1;32;40mINFO - 2023-01-04 10:27:24,468 - [36mCustomSimProcedure[0m - [36mmfc42.dll[0m[0m
[1;32;40mINFO - 2023-01-04 10:27:24,468 - [36mCustomSimProcedure[0m - [36m2385[0m[0m
[1;32;40mINFO - 2023-01-04 10:27:24,468 - [36mCustomSimProcedure[0m - [36mmfc42.dll[0m[0m
[1;32;40mINFO - 2023-01-04 10:27:24,468 - [36mCustomSimProcedure[0m - [36m4673[0m[0m
[1;32;40mINFO - 2023-01-04 10:27:24,468 - [36mCustomSimProcedure[0m - [36mmfc42.dll[0m[0m
[1;32;40mINFO - 2023-01-04 10:27:24,469 - [36mCustomSimProcedure[0m - [36m1576[0m[0m
[1;33;40mWARNING - 2023-01-04 10:27:24,469 - [34mangr.project[0m - [34mAddress is already hooked, during hook(0x400000, <SimProcedure _initterm>). Not re-hooking.[0m[0m
[1;33;40mWARNING - 2023-01-04 10:27:24,469 - [34mangr.project[0m - [34mAddress is already hooked, during hook(0x400000, <SimProcedure __getmainargs>). Not re-hooking.[0m[0m
[1;33;40mWARNING - 2023-01-04 10:27:24,469 - [34mangr.project[0m - [34mAddress is already hooked, during hook(0x400000, <SimProcedure fopen>). Not re-hooking.[0m[0m
[1;33;40mWARNING - 2023-01-04 10:27:24,469 - [34mangr.project[0m - [34mAddress is already hooked, during hook(0x400000, <SimProcedure fclose>). Not re-hooking.[0m[0m
[1;33;40mWARNING - 2023-01-04 10:27:24,469 - [34mangr.project[0m - [34mAddress is already hooked, during hook(0x400000, <SimProcedure atoi>). Not re-hooking.[0m[0m
[1;33;40mWARNING - 2023-01-04 10:27:24,470 - [34mangr.project[0m - [34mAddress is already hooked, during hook(0x400000, <SimProcedure exit>). Not re-hooking.[0m[0m
[1;33;40mWARNING - 2023-01-04 10:27:24,470 - [34mangr.project[0m - [34mAddress is already hooked, during hook(0x400000, <SimProcedure sprintf>). Not re-hooking.[0m[0m
[1;33;40mWARNING - 2023-01-04 10:27:24,470 - [34mangr.project[0m - [34mAddress is already hooked, during hook(0x400000, <SimProcedure malloc>). Not re-hooking.[0m[0m
[1;33;40mWARNING - 2023-01-04 10:27:24,470 - [34mangr.project[0m - [34mAddress is already hooked, during hook(0x400000, <SimProcedure __p__fmode>). Not re-hooking.[0m[0m
[1;33;40mWARNING - 2023-01-04 10:27:24,470 - [34mangr.project[0m - [34mAddress is already hooked, during hook(0x400000, <SimProcedure WriteFile>). Not re-hooking.[0m[0m
[1;33;40mWARNING - 2023-01-04 10:27:24,470 - [34mangr.project[0m - [34mAddress is already hooked, during hook(0x400000, <SimProcedure GetCommandLineW>). Not re-hooking.[0m[0m
[1;33;40mWARNING - 2023-01-04 10:27:24,471 - [34mangr.project[0m - [34mAddress is already hooked, during hook(0x400000, <SimProcedure GetTempPathA>). Not re-hooking.[0m[0m
[1;33;40mWARNING - 2023-01-04 10:27:24,471 - [34mangr.project[0m - [34mAddress is already hooked, during hook(0x400000, <SimProcedure ReadFile>). Not re-hooking.[0m[0m
[1;33;40mWARNING - 2023-01-04 10:27:24,471 - [34mangr.project[0m - [34mAddress is already hooked, during hook(0x400000, <SimProcedure GetTickCount>). Not re-hooking.[0m[0m
[1;32;40mINFO - 2023-01-04 10:27:24,471 - [36mCustomSimProcedure[0m - [36mmfc42.dll[0m[0m
[1;32;40mINFO - 2023-01-04 10:27:24,471 - [36mCustomSimProcedure[0m - [36m4465[0m[0m
[1;32;40mINFO - 2023-01-04 10:27:24,471 - [36mCustomSimProcedure[0m - [36mmfc42.dll[0m[0m
[1;32;40mINFO - 2023-01-04 10:27:24,471 - [36mCustomSimProcedure[0m - [36m3136[0m[0m
[1;32;40mINFO - 2023-01-04 10:27:24,471 - [36mCustomSimProcedure[0m - [36mmfc42.dll[0m[0m
[1;32;40mINFO - 2023-01-04 10:27:24,471 - [36mCustomSimProcedure[0m - [36m3262[0m[0m
[1;32;40mINFO - 2023-01-04 10:27:24,471 - [36mCustomSimProcedure[0m - [36mmfc42.dll[0m[0m
[1;32;40mINFO - 2023-01-04 10:27:24,471 - [36mCustomSimProcedure[0m - [36m2985[0m[0m
[1;32;40mINFO - 2023-01-04 10:27:24,471 - [36mCustomSimProcedure[0m - [36mmfc42.dll[0m[0m
[1;32;40mINFO - 2023-01-04 10:27:24,472 - [36mCustomSimProcedure[0m - [36m3081[0m[0m
[1;32;40mINFO - 2023-01-04 10:27:24,472 - [36mCustomSimProcedure[0m - [36mmfc42.dll[0m[0m
[1;32;40mINFO - 2023-01-04 10:27:24,472 - [36mCustomSimProcedure[0m - [36m2976[0m[0m
[1;32;40mINFO - 2023-01-04 10:27:24,472 - [36mCustomSimProcedure[0m - [36mmfc42.dll[0m[0m
[1;32;40mINFO - 2023-01-04 10:27:24,472 - [36mCustomSimProcedure[0m - [36m3830[0m[0m
[1;32;40mINFO - 2023-01-04 10:27:24,472 - [36mCustomSimProcedure[0m - [36mmfc42.dll[0m[0m
[1;32;40mINFO - 2023-01-04 10:27:24,472 - [36mCustomSimProcedure[0m - [36m3831[0m[0m
[1;32;40mINFO - 2023-01-04 10:27:24,472 - [36mCustomSimProcedure[0m - [36mmfc42.dll[0m[0m
[1;32;40mINFO - 2023-01-04 10:27:24,472 - [36mCustomSimProcedure[0m - [36m3825[0m[0m
[1;32;40mINFO - 2023-01-04 10:27:24,472 - [36mCustomSimProcedure[0m - [36mmfc42.dll[0m[0m
[1;32;40mINFO - 2023-01-04 10:27:24,472 - [36mCustomSimProcedure[0m - [36m3079[0m[0m
[1;32;40mINFO - 2023-01-04 10:27:24,472 - [36mCustomSimProcedure[0m - [36mmfc42.dll[0m[0m
[1;32;40mINFO - 2023-01-04 10:27:24,472 - [36mCustomSimProcedure[0m - [36m4080[0m[0m
[1;32;40mINFO - 2023-01-04 10:27:24,472 - [36mCustomSimProcedure[0m - [36mmfc42.dll[0m[0m
[1;32;40mINFO - 2023-01-04 10:27:24,472 - [36mCustomSimProcedure[0m - [36m4622[0m[0m
[1;32;40mINFO - 2023-01-04 10:27:24,472 - [36mCustomSimProcedure[0m - [36mmfc42.dll[0m[0m
[1;32;40mINFO - 2023-01-04 10:27:24,472 - [36mCustomSimProcedure[0m - [36m4424[0m[0m
[1;32;40mINFO - 2023-01-04 10:27:24,473 - [36mCustomSimProcedure[0m - [36mmfc42.dll[0m[0m
[1;32;40mINFO - 2023-01-04 10:27:24,473 - [36mCustomSimProcedure[0m - [36m3738[0m[0m
[1;32;40mINFO - 2023-01-04 10:27:24,473 - [36mCustomSimProcedure[0m - [36mmfc42.dll[0m[0m
[1;32;40mINFO - 2023-01-04 10:27:24,473 - [36mCustomSimProcedure[0m - [36m561[0m[0m
[1;32;40mINFO - 2023-01-04 10:27:24,473 - [36mCustomSimProcedure[0m - [36mmfc42.dll[0m[0m
[1;32;40mINFO - 2023-01-04 10:27:24,473 - [36mCustomSimProcedure[0m - [36m825[0m[0m
[1;32;40mINFO - 2023-01-04 10:27:24,473 - [36mCustomSimProcedure[0m - [36mmfc42.dll[0m[0m
[1;32;40mINFO - 2023-01-04 10:27:24,473 - [36mCustomSimProcedure[0m - [36m815[0m[0m
[1;32;40mINFO - 2023-01-04 10:27:24,473 - [36mCustomSimProcedure[0m - [36mmfc42.dll[0m[0m
[1;32;40mINFO - 2023-01-04 10:27:24,473 - [36mCustomSimProcedure[0m - [36m641[0m[0m
[1;32;40mINFO - 2023-01-04 10:27:24,473 - [36mCustomSimProcedure[0m - [36mmfc42.dll[0m[0m
[1;32;40mINFO - 2023-01-04 10:27:24,473 - [36mCustomSimProcedure[0m - [36m2514[0m[0m
[1;32;40mINFO - 2023-01-04 10:27:24,473 - [36mCustomSimProcedure[0m - [36mmfc42.dll[0m[0m
[1;32;40mINFO - 2023-01-04 10:27:24,473 - [36mCustomSimProcedure[0m - [36m5265[0m[0m
[1;32;40mINFO - 2023-01-04 10:27:24,473 - [36mCustomSimProcedure[0m - [36mmfc42.dll[0m[0m
[1;32;40mINFO - 2023-01-04 10:27:24,473 - [36mCustomSimProcedure[0m - [36m4376[0m[0m
[1;32;40mINFO - 2023-01-04 10:27:24,474 - [36mCustomSimProcedure[0m - [36mmfc42.dll[0m[0m
[1;32;40mINFO - 2023-01-04 10:27:24,474 - [36mCustomSimProcedure[0m - [36m4853[0m[0m
[1;32;40mINFO - 2023-01-04 10:27:24,474 - [36mCustomSimProcedure[0m - [36mmfc42.dll[0m[0m
[1;32;40mINFO - 2023-01-04 10:27:24,474 - [36mCustomSimProcedure[0m - [36m4998[0m[0m
[1;32;40mINFO - 2023-01-04 10:27:24,474 - [36mCustomSimProcedure[0m - [36mmfc42.dll[0m[0m
[1;32;40mINFO - 2023-01-04 10:27:24,474 - [36mCustomSimProcedure[0m - [36m6052[0m[0m
[1;32;40mINFO - 2023-01-04 10:27:24,474 - [36mCustomSimProcedure[0m - [36mmfc42.dll[0m[0m
[1;32;40mINFO - 2023-01-04 10:27:24,474 - [36mCustomSimProcedure[0m - [36m4078[0m[0m
[1;32;40mINFO - 2023-01-04 10:27:24,474 - [36mCustomSimProcedure[0m - [36mmfc42.dll[0m[0m
[1;32;40mINFO - 2023-01-04 10:27:24,474 - [36mCustomSimProcedure[0m - [36m1775[0m[0m
[1;32;40mINFO - 2023-01-04 10:27:24,474 - [36mCustomSimProcedure[0m - [36mmfc42.dll[0m[0m
[1;32;40mINFO - 2023-01-04 10:27:24,474 - [36mCustomSimProcedure[0m - [36m4407[0m[0m
[1;32;40mINFO - 2023-01-04 10:27:24,474 - [36mCustomSimProcedure[0m - [36mmfc42.dll[0m[0m
[1;32;40mINFO - 2023-01-04 10:27:24,474 - [36mCustomSimProcedure[0m - [36m5241[0m[0m
[1;32;40mINFO - 2023-01-04 10:27:24,474 - [36mCustomSimProcedure[0m - [36mmfc42.dll[0m[0m
[1;32;40mINFO - 2023-01-04 10:27:24,474 - [36mCustomSimProcedure[0m - [36m3259[0m[0m
[1;32;40mINFO - 2023-01-04 10:27:24,474 - [36mCustomSimProcedure[0m - [36mmfc42.dll[0m[0m
[1;32;40mINFO - 2023-01-04 10:27:24,475 - [36mCustomSimProcedure[0m - [36m5163[0m[0m
[1;32;40mINFO - 2023-01-04 10:27:24,475 - [36mCustomSimProcedure[0m - [36mmfc42.dll[0m[0m
[1;32;40mINFO - 2023-01-04 10:27:24,475 - [36mCustomSimProcedure[0m - [36m6374[0m[0m
[1;32;40mINFO - 2023-01-04 10:27:24,475 - [36mCustomSimProcedure[0m - [36mmfc42.dll[0m[0m
[1;32;40mINFO - 2023-01-04 10:27:24,475 - [36mCustomSimProcedure[0m - [36m4353[0m[0m
[1;32;40mINFO - 2023-01-04 10:27:24,475 - [36mCustomSimProcedure[0m - [36mmfc42.dll[0m[0m
[1;32;40mINFO - 2023-01-04 10:27:24,475 - [36mCustomSimProcedure[0m - [36m5280[0m[0m
[1;32;40mINFO - 2023-01-04 10:27:24,475 - [36mCustomSimProcedure[0m - [36mmfc42.dll[0m[0m
[1;32;40mINFO - 2023-01-04 10:27:24,475 - [36mCustomSimProcedure[0m - [36m3798[0m[0m
[1;32;40mINFO - 2023-01-04 10:27:24,475 - [36mCustomSimProcedure[0m - [36mmfc42.dll[0m[0m
[1;32;40mINFO - 2023-01-04 10:27:24,475 - [36mCustomSimProcedure[0m - [36m4837[0m[0m
[1;32;40mINFO - 2023-01-04 10:27:24,475 - [36mCustomSimProcedure[0m - [36mmfc42.dll[0m[0m
[1;32;40mINFO - 2023-01-04 10:27:24,475 - [36mCustomSimProcedure[0m - [36m4441[0m[0m
[1;32;40mINFO - 2023-01-04 10:27:24,475 - [36mCustomSimProcedure[0m - [36mmfc42.dll[0m[0m
[1;32;40mINFO - 2023-01-04 10:27:24,475 - [36mCustomSimProcedure[0m - [36m2648[0m[0m
[1;32;40mINFO - 2023-01-04 10:27:24,476 - [36mCustomSimProcedure[0m - [36mmfc42.dll[0m[0m
[1;32;40mINFO - 2023-01-04 10:27:24,476 - [36mCustomSimProcedure[0m - [36m2055[0m[0m
[1;32;40mINFO - 2023-01-04 10:27:24,476 - [36mCustomSimProcedure[0m - [36mmfc42.dll[0m[0m
[1;32;40mINFO - 2023-01-04 10:27:24,476 - [36mCustomSimProcedure[0m - [36m6376[0m[0m
[1;32;40mINFO - 2023-01-04 10:27:24,476 - [36mCustomSimProcedure[0m - [36mmfc42.dll[0m[0m
[1;32;40mINFO - 2023-01-04 10:27:24,476 - [36mCustomSimProcedure[0m - [36m3749[0m[0m
[1;32;40mINFO - 2023-01-04 10:27:24,476 - [36mCustomSimProcedure[0m - [36mmfc42.dll[0m[0m
[1;32;40mINFO - 2023-01-04 10:27:24,476 - [36mCustomSimProcedure[0m - [36m5065[0m[0m
[1;32;40mINFO - 2023-01-04 10:27:24,476 - [36mCustomSimProcedure[0m - [36mmfc42.dll[0m[0m
[1;32;40mINFO - 2023-01-04 10:27:24,476 - [36mCustomSimProcedure[0m - [36m1727[0m[0m
[1;32;40mINFO - 2023-01-04 10:27:24,476 - [36mCustomSimProcedure[0m - [36mmfc42.dll[0m[0m
[1;32;40mINFO - 2023-01-04 10:27:24,476 - [36mCustomSimProcedure[0m - [36m5261[0m[0m
[1;32;40mINFO - 2023-01-04 10:27:24,476 - [36mCustomSimProcedure[0m - [36mmfc42.dll[0m[0m
[1;32;40mINFO - 2023-01-04 10:27:24,476 - [36mCustomSimProcedure[0m - [36m2446[0m[0m
[1;32;40mINFO - 2023-01-04 10:27:24,476 - [36mCustomSimProcedure[0m - [36mmfc42.dll[0m[0m
[1;32;40mINFO - 2023-01-04 10:27:24,476 - [36mCustomSimProcedure[0m - [36m2124[0m[0m
[1;32;40mINFO - 2023-01-04 10:27:24,477 - [36mCustomSimProcedure[0m - [36mmfc42.dll[0m[0m
[1;32;40mINFO - 2023-01-04 10:27:24,477 - [36mCustomSimProcedure[0m - [36m5277[0m[0m
[1;32;40mINFO - 2023-01-04 10:27:24,477 - [36mCustomSimProcedure[0m - [36mmfc42.dll[0m[0m
[1;32;40mINFO - 2023-01-04 10:27:24,477 - [36mCustomSimProcedure[0m - [36m4627[0m[0m
[1;32;40mINFO - 2023-01-04 10:27:24,477 - [36mCustomSimProcedure[0m - [36mmfc42.dll[0m[0m
[1;32;40mINFO - 2023-01-04 10:27:24,477 - [36mCustomSimProcedure[0m - [36m4425[0m[0m
[1;32;40mINFO - 2023-01-04 10:27:24,477 - [36mCustomSimProcedure[0m - [36mmfc42.dll[0m[0m
[1;32;40mINFO - 2023-01-04 10:27:24,477 - [36mCustomSimProcedure[0m - [36m3597[0m[0m
[1;32;40mINFO - 2023-01-04 10:27:24,477 - [36mCustomSimProcedure[0m - [36mmfc42.dll[0m[0m
[1;32;40mINFO - 2023-01-04 10:27:24,477 - [36mCustomSimProcedure[0m - [36m1146[0m[0m
[1;32;40mINFO - 2023-01-04 10:27:24,477 - [36mCustomSimProcedure[0m - [36mmfc42.dll[0m[0m
[1;32;40mINFO - 2023-01-04 10:27:24,477 - [36mCustomSimProcedure[0m - [36m1168[0m[0m
[1;32;40mINFO - 2023-01-04 10:27:24,477 - [36mCustomSimProcedure[0m - [36mmfc42.dll[0m[0m
[1;32;40mINFO - 2023-01-04 10:27:24,477 - [36mCustomSimProcedure[0m - [36m324[0m[0m
[1;32;40mINFO - 2023-01-04 10:27:24,477 - [36mCustomSimProcedure[0m - [36mmfc42.dll[0m[0m
[1;32;40mINFO - 2023-01-04 10:27:24,477 - [36mCustomSimProcedure[0m - [36m4234[0m[0m
[1;32;40mINFO - 2023-01-04 10:27:24,477 - [36mCustomSimProcedure[0m - [36mmfc42.dll[0m[0m
[1;32;40mINFO - 2023-01-04 10:27:24,478 - [36mCustomSimProcedure[0m - [36m2379[0m[0m
[1;32;40mINFO - 2023-01-04 10:27:24,478 - [36mCustomSimProcedure[0m - [36mmfc42.dll[0m[0m
[1;32;40mINFO - 2023-01-04 10:27:24,478 - [36mCustomSimProcedure[0m - [36m755[0m[0m
[1;32;40mINFO - 2023-01-04 10:27:24,478 - [36mCustomSimProcedure[0m - [36mmfc42.dll[0m[0m
[1;32;40mINFO - 2023-01-04 10:27:24,478 - [36mCustomSimProcedure[0m - [36m470[0m[0m
[1;32;40mINFO - 2023-01-04 10:27:24,478 - [36mCustomSimProcedure[0m - [36mmfc42.dll[0m[0m
[1;32;40mINFO - 2023-01-04 10:27:24,478 - [36mCustomSimProcedure[0m - [36m3147[0m[0m
[1;32;40mINFO - 2023-01-04 10:27:24,478 - [36mCustomSimProcedure[0m - [36mmfc42.dll[0m[0m
[1;32;40mINFO - 2023-01-04 10:27:24,478 - [36mCustomSimProcedure[0m - [36m2982[0m[0m
[1;32;40mINFO - 2023-01-04 10:27:24,478 - [36mCustomSimProcedure[0m - [36mmfc42.dll[0m[0m
[1;32;40mINFO - 2023-01-04 10:27:24,478 - [36mCustomSimProcedure[0m - [36m5714[0m[0m
[1;32;40mINFO - 2023-01-04 10:27:24,478 - [36mCustomSimProcedure[0m - [36mmfc42.dll[0m[0m
[1;32;40mINFO - 2023-01-04 10:27:24,478 - [36mCustomSimProcedure[0m - [36m5289[0m[0m
[1;32;40mINFO - 2023-01-04 10:27:24,478 - [36mCustomSimProcedure[0m - [36mmfc42.dll[0m[0m
[1;32;40mINFO - 2023-01-04 10:27:24,478 - [36mCustomSimProcedure[0m - [36m5307[0m[0m
[1;32;40mINFO - 2023-01-04 10:27:24,478 - [36mCustomSimProcedure[0m - [36mmfc42.dll[0m[0m
[1;32;40mINFO - 2023-01-04 10:27:24,479 - [36mCustomSimProcedure[0m - [36m4698[0m[0m
[1;32;40mINFO - 2023-01-04 10:27:24,479 - [36mCustomSimProcedure[0m - [36mmfc42.dll[0m[0m
[1;32;40mINFO - 2023-01-04 10:27:24,479 - [36mCustomSimProcedure[0m - [36m4079[0m[0m
[1;32;40mINFO - 2023-01-04 10:27:24,479 - [36mCustomSimProcedure[0m - [36mmfc42.dll[0m[0m
[1;32;40mINFO - 2023-01-04 10:27:24,479 - [36mCustomSimProcedure[0m - [36m2725[0m[0m
[1;32;40mINFO - 2023-01-04 10:27:24,479 - [36mCustomSimProcedure[0m - [36mmfc42.dll[0m[0m
[1;32;40mINFO - 2023-01-04 10:27:24,479 - [36mCustomSimProcedure[0m - [36m5302[0m[0m
[1;32;40mINFO - 2023-01-04 10:27:24,479 - [36mCustomSimProcedure[0m - [36mmfc42.dll[0m[0m
[1;32;40mINFO - 2023-01-04 10:27:24,479 - [36mCustomSimProcedure[0m - [36m5300[0m[0m
[1;32;40mINFO - 2023-01-04 10:27:24,479 - [36mCustomSimProcedure[0m - [36mmfc42.dll[0m[0m
[1;32;40mINFO - 2023-01-04 10:27:24,479 - [36mCustomSimProcedure[0m - [36m3346[0m[0m
[1;32;40mINFO - 2023-01-04 10:27:24,479 - [36mCustomSimProcedure[0m - [36mmfc42.dll[0m[0m
[1;32;40mINFO - 2023-01-04 10:27:24,479 - [36mCustomSimProcedure[0m - [36m2396[0m[0m
[1;32;40mINFO - 2023-01-04 10:27:24,479 - [36mCustomSimProcedure[0m - [36mmfc42.dll[0m[0m
[1;32;40mINFO - 2023-01-04 10:27:24,479 - [36mCustomSimProcedure[0m - [36m5199[0m[0m
[1;32;40mINFO - 2023-01-04 10:27:24,479 - [36mCustomSimProcedure[0m - [36mmfc42.dll[0m[0m
[1;32;40mINFO - 2023-01-04 10:27:24,480 - [36mCustomSimProcedure[0m - [36m1089[0m[0m
[1;32;40mINFO - 2023-01-04 10:27:24,480 - [36mCustomSimProcedure[0m - [36mmfc42.dll[0m[0m
[1;32;40mINFO - 2023-01-04 10:27:24,480 - [36mCustomSimProcedure[0m - [36m3922[0m[0m
[1;32;40mINFO - 2023-01-04 10:27:24,480 - [36mCustomSimProcedure[0m - [36mmfc42.dll[0m[0m
[1;32;40mINFO - 2023-01-04 10:27:24,480 - [36mCustomSimProcedure[0m - [36m5731[0m[0m
[1;32;40mINFO - 2023-01-04 10:27:24,480 - [36mCustomSimProcedure[0m - [36mmfc42.dll[0m[0m
[1;32;40mINFO - 2023-01-04 10:27:24,480 - [36mCustomSimProcedure[0m - [36m2512[0m[0m
[1;32;40mINFO - 2023-01-04 10:27:24,480 - [36mCustomSimProcedure[0m - [36mmfc42.dll[0m[0m
[1;32;40mINFO - 2023-01-04 10:27:24,480 - [36mCustomSimProcedure[0m - [36m2554[0m[0m
[1;32;40mINFO - 2023-01-04 10:27:24,480 - [36mCustomSimProcedure[0m - [36mmfc42.dll[0m[0m
[1;32;40mINFO - 2023-01-04 10:27:24,480 - [36mCustomSimProcedure[0m - [36m4486[0m[0m
[1;32;40mINFO - 2023-01-04 10:27:24,480 - [36mCustomSimProcedure[0m - [36mmfc42.dll[0m[0m
[1;32;40mINFO - 2023-01-04 10:27:24,480 - [36mCustomSimProcedure[0m - [36m6375[0m[0m
[1;32;40mINFO - 2023-01-04 10:27:24,480 - [36mCustomSimProcedure[0m - [36mmfc42.dll[0m[0m
[1;32;40mINFO - 2023-01-04 10:27:24,480 - [36mCustomSimProcedure[0m - [36m4274[0m[0m
[1;32;40mINFO - 2023-01-04 10:27:24,480 - [36mCustomSimProcedure[0m - [36mmfc42.dll[0m[0m
[1;32;40mINFO - 2023-01-04 10:27:24,480 - [36mCustomSimProcedure[0m - [36m2385[0m[0m
[1;32;40mINFO - 2023-01-04 10:27:24,481 - [36mCustomSimProcedure[0m - [36mmfc42.dll[0m[0m
[1;32;40mINFO - 2023-01-04 10:27:24,481 - [36mCustomSimProcedure[0m - [36m4673[0m[0m
[1;32;40mINFO - 2023-01-04 10:27:24,481 - [36mCustomSimProcedure[0m - [36mmfc42.dll[0m[0m
[1;32;40mINFO - 2023-01-04 10:27:24,481 - [36mCustomSimProcedure[0m - [36m1576[0m[0m
[1;33;40mWARNING - 2023-01-04 10:27:24,481 - [34mangr.project[0m - [34mAddress is already hooked, during hook(0x50014c, <SimProcedure __p__commode>). Not re-hooking.[0m[0m
[1;33;40mWARNING - 2023-01-04 10:27:24,481 - [34mangr.project[0m - [34mAddress is already hooked, during hook(0x500158, <SimProcedure _initterm>). Not re-hooking.[0m[0m
[1;33;40mWARNING - 2023-01-04 10:27:24,481 - [34mangr.project[0m - [34mAddress is already hooked, during hook(0x50015c, <SimProcedure __getmainargs>). Not re-hooking.[0m[0m
[1;33;40mWARNING - 2023-01-04 10:27:24,481 - [34mangr.project[0m - [34mAddress is already hooked, during hook(0x500178, <SimProcedure fopen>). Not re-hooking.[0m[0m
[1;33;40mWARNING - 2023-01-04 10:27:24,482 - [34mangr.project[0m - [34mAddress is already hooked, during hook(0x50017c, <SimProcedure fclose>). Not re-hooking.[0m[0m
[1;33;40mWARNING - 2023-01-04 10:27:24,482 - [34mangr.project[0m - [34mAddress is already hooked, during hook(0x500188, <SimProcedure atoi>). Not re-hooking.[0m[0m
[1;33;40mWARNING - 2023-01-04 10:27:24,482 - [34mangr.project[0m - [34mAddress is already hooked, during hook(0x50018c, <SimProcedure exit>). Not re-hooking.[0m[0m
[1;33;40mWARNING - 2023-01-04 10:27:24,482 - [34mangr.project[0m - [34mAddress is already hooked, during hook(0x500190, <SimProcedure sprintf>). Not re-hooking.[0m[0m
[1;33;40mWARNING - 2023-01-04 10:27:24,482 - [34mangr.project[0m - [34mAddress is already hooked, during hook(0x50019c, <SimProcedure malloc>). Not re-hooking.[0m[0m
[1;33;40mWARNING - 2023-01-04 10:27:24,482 - [34mangr.project[0m - [34mAddress is already hooked, during hook(0x5001ac, <SimProcedure __p__fmode>). Not re-hooking.[0m[0m
[1;33;40mWARNING - 2023-01-04 10:27:24,482 - [34mangr.project[0m - [34mAddress is already hooked, during hook(0x5001b4, <SimProcedure WriteFile>). Not re-hooking.[0m[0m
[1;33;40mWARNING - 2023-01-04 10:27:24,483 - [34mangr.project[0m - [34mAddress is already hooked, during hook(0x5001e4, <SimProcedure GetCommandLineW>). Not re-hooking.[0m[0m
[1;33;40mWARNING - 2023-01-04 10:27:24,483 - [34mangr.project[0m - [34mAddress is already hooked, during hook(0x5001ec, <SimProcedure GetTempPathA>). Not re-hooking.[0m[0m
[1;33;40mWARNING - 2023-01-04 10:27:24,483 - [34mangr.project[0m - [34mAddress is already hooked, during hook(0x5001f4, <SimProcedure ReadFile>). Not re-hooking.[0m[0m
[1;33;40mWARNING - 2023-01-04 10:27:24,483 - [34mangr.project[0m - [34mAddress is already hooked, during hook(0x5001f8, <SimProcedure GetTickCount>). Not re-hooking.[0m[0m
[1;33;40mWARNING - 2023-01-04 10:27:24,483 - [34mangr.project[0m - [34mAddress is already hooked, during hook(0x601014, <SimProcedure KiUserExceptionDispatcher>). Not re-hooking.[0m[0m
[1;32;40mINFO - 2023-01-04 10:27:24,483 - [36mCustomSimProcedure[0m - [36mcustom_hook_windows_symbols[0m[0m
[1;33;40mWARNING - 2023-01-04 10:27:24,494 - [34mangr.project[0m - [34mAddress is already hooked, during hook(0x500208, <SimProcedure SendMessageA>). Re-hooking.[0m[0m
[1;33;40mWARNING - 2023-01-04 10:27:24,495 - [34mangr.project[0m - [34mAddress is already hooked, during hook(0x500208, <SimProcedure SendMessageA>). Re-hooking.[0m[0m
[1;33;40mWARNING - 2023-01-04 10:27:24,599 - [34mangr.project[0m - [34mAddress is already hooked, during hook(0x500210, <SimProcedure EnableWindow>). Re-hooking.[0m[0m
[1;33;40mWARNING - 2023-01-04 10:27:24,600 - [34mangr.project[0m - [34mAddress is already hooked, during hook(0x500210, <SimProcedure EnableWindow>). Re-hooking.[0m[0m
[1;33;40mWARNING - 2023-01-04 10:27:24,621 - [34mangr.project[0m - [34mAddress is already hooked, during hook(0x50021c, <SimProcedure GetSystemMetrics>). Re-hooking.[0m[0m
[1;33;40mWARNING - 2023-01-04 10:27:24,622 - [34mangr.project[0m - [34mAddress is already hooked, during hook(0x50021c, <SimProcedure GetSystemMetrics>). Re-hooking.[0m[0m
[1;33;40mWARNING - 2023-01-04 10:27:24,704 - [34mangr.project[0m - [34mAddress is already hooked, during hook(0x500220, <SimProcedure LoadIconA>). Re-hooking.[0m[0m
[1;33;40mWARNING - 2023-01-04 10:27:24,705 - [34mangr.project[0m - [34mAddress is already hooked, during hook(0x500220, <SimProcedure LoadIconA>). Re-hooking.[0m[0m
[1;33;40mWARNING - 2023-01-04 10:27:25,090 - [34mangr.project[0m - [34mAddress is already hooked, during hook(0x500214, <SimProcedure DrawIcon>). Re-hooking.[0m[0m
[1;33;40mWARNING - 2023-01-04 10:27:25,091 - [34mangr.project[0m - [34mAddress is already hooked, during hook(0x500214, <SimProcedure DrawIcon>). Re-hooking.[0m[0m
[1;33;40mWARNING - 2023-01-04 10:27:25,117 - [34mangr.project[0m - [34mAddress is already hooked, during hook(0x500210, <SimProcedure EnableWindow>). Re-hooking.[0m[0m
[1;33;40mWARNING - 2023-01-04 10:27:25,118 - [34mangr.project[0m - [34mAddress is already hooked, during hook(0x500210, <SimProcedure EnableWindow>). Re-hooking.[0m[0m
[1;33;40mWARNING - 2023-01-04 10:27:25,223 - [34mangr.project[0m - [34mAddress is already hooked, during hook(0x50020c, <SimProcedure GetClientRect>). Re-hooking.[0m[0m
[1;33;40mWARNING - 2023-01-04 10:27:25,224 - [34mangr.project[0m - [34mAddress is already hooked, during hook(0x50020c, <SimProcedure GetClientRect>). Re-hooking.[0m[0m
[1;33;40mWARNING - 2023-01-04 10:27:25,448 - [34mangr.project[0m - [34mAddress is already hooked, during hook(0x50021c, <SimProcedure GetSystemMetrics>). Re-hooking.[0m[0m
[1;33;40mWARNING - 2023-01-04 10:27:25,449 - [34mangr.project[0m - [34mAddress is already hooked, during hook(0x50021c, <SimProcedure GetSystemMetrics>). Re-hooking.[0m[0m
[1;33;40mWARNING - 2023-01-04 10:27:25,599 - [34mangr.project[0m - [34mAddress is already hooked, during hook(0x500218, <SimProcedure IsIconic>). Re-hooking.[0m[0m
[1;33;40mWARNING - 2023-01-04 10:27:25,600 - [34mangr.project[0m - [34mAddress is already hooked, during hook(0x500218, <SimProcedure IsIconic>). Re-hooking.[0m[0m
[1;33;40mWARNING - 2023-01-04 10:27:25,649 - [34mangr.project[0m - [34mAddress is already hooked, during hook(0x500220, <SimProcedure LoadIconA>). Re-hooking.[0m[0m
[1;33;40mWARNING - 2023-01-04 10:27:25,651 - [34mangr.project[0m - [34mAddress is already hooked, during hook(0x500220, <SimProcedure LoadIconA>). Re-hooking.[0m[0m
[1;33;40mWARNING - 2023-01-04 10:27:25,862 - [34mangr.project[0m - [34mAddress is already hooked, during hook(0x500208, <SimProcedure SendMessageA>). Re-hooking.[0m[0m
[1;33;40mWARNING - 2023-01-04 10:27:25,863 - [34mangr.project[0m - [34mAddress is already hooked, during hook(0x500208, <SimProcedure SendMessageA>). Re-hooking.[0m[0m
[1;33;40mWARNING - 2023-01-04 10:27:26,282 - [34mangr.project[0m - [34mAddress is already hooked, during hook(0x500218, <SimProcedure IsIconic>). Re-hooking.[0m[0m
[1;33;40mWARNING - 2023-01-04 10:27:26,284 - [34mangr.project[0m - [34mAddress is already hooked, during hook(0x500218, <SimProcedure IsIconic>). Re-hooking.[0m[0m
[1;33;40mWARNING - 2023-01-04 10:27:26,925 - [34mangr.project[0m - [34mAddress is already hooked, during hook(0x50020c, <SimProcedure GetClientRect>). Re-hooking.[0m[0m
[1;33;40mWARNING - 2023-01-04 10:27:26,927 - [34mangr.project[0m - [34mAddress is already hooked, during hook(0x50020c, <SimProcedure GetClientRect>). Re-hooking.[0m[0m
[1;32;40mINFO - 2023-01-04 10:27:26,955 - [33mwerkzeug[0m - [33m172.17.0.1 - - [04/Jan/2023 10:27:26] "GET /iteration-scdg HTTP/1.1" 200 -[0m[0m
[1;32;40mINFO - 2023-01-04 10:27:26,977 - [33mwerkzeug[0m - [33m172.17.0.1 - - [04/Jan/2023 10:27:26] "GET /progress-scdg HTTP/1.1" 200 -[0m[0m
[1;33;40mWARNING - 2023-01-04 10:27:27,204 - [34mangr.project[0m - [34mAddress is already hooked, during hook(0x500214, <SimProcedure DrawIcon>). Re-hooking.[0m[0m
[1;33;40mWARNING - 2023-01-04 10:27:27,205 - [34mangr.project[0m - [34mAddress is already hooked, during hook(0x500214, <SimProcedure DrawIcon>). Re-hooking.[0m[0m
[1;33;40mWARNING - 2023-01-04 10:27:27,572 - [34mangr.project[0m - [34mAddress is already hooked, during hook(0x500204, <SimProcedure CloseHandle>). Re-hooking.[0m[0m
[1;33;40mWARNING - 2023-01-04 10:27:27,573 - [34mangr.project[0m - [34mAddress is already hooked, during hook(0x500204, <SimProcedure CloseHandle>). Re-hooking.[0m[0m
[1;33;40mWARNING - 2023-01-04 10:27:27,849 - [34mangr.project[0m - [34mAddress is already hooked, during hook(0x5001d8, <SimProcedure DeleteFileW>). Re-hooking.[0m[0m
[1;33;40mWARNING - 2023-01-04 10:27:27,850 - [34mangr.project[0m - [34mAddress is already hooked, during hook(0x5001d8, <SimProcedure DeleteFileW>). Re-hooking.[0m[0m
[1;33;40mWARNING - 2023-01-04 10:27:28,060 - [34mangr.project[0m - [34mAddress is already hooked, during hook(0x5001c8, <SimProcedure FindResourceA>). Re-hooking.[0m[0m
[1;33;40mWARNING - 2023-01-04 10:27:28,061 - [34mangr.project[0m - [34mAddress is already hooked, during hook(0x5001c8, <SimProcedure FindResourceA>). Re-hooking.[0m[0m
[1;32;40mINFO - 2023-01-04 10:27:28,170 - [33mwerkzeug[0m - [33m172.17.0.1 - - [04/Jan/2023 10:27:28] "GET /iteration-scdg HTTP/1.1" 200 -[0m[0m
[1;32;40mINFO - 2023-01-04 10:27:28,176 - [33mwerkzeug[0m - [33m172.17.0.1 - - [04/Jan/2023 10:27:28] "GET /progress-scdg HTTP/1.1" 200 -[0m[0m
[1;33;40mWARNING - 2023-01-04 10:27:28,329 - [34mangr.project[0m - [34mAddress is already hooked, during hook(0x5001dc, <SimProcedure GetFileAttributesW>). Re-hooking.[0m[0m
[1;33;40mWARNING - 2023-01-04 10:27:28,331 - [34mangr.project[0m - [34mAddress is already hooked, during hook(0x5001dc, <SimProcedure GetFileAttributesW>). Re-hooking.[0m[0m
[1;33;40mWARNING - 2023-01-04 10:27:28,345 - [34mangr.project[0m - [34mAddress is already hooked, during hook(0x5001f0, <SimProcedure GetFileTime>). Re-hooking.[0m[0m
[1;33;40mWARNING - 2023-01-04 10:27:28,347 - [34mangr.project[0m - [34mAddress is already hooked, during hook(0x5001f0, <SimProcedure GetFileTime>). Re-hooking.[0m[0m
[1;33;40mWARNING - 2023-01-04 10:27:28,555 - [34mangr.project[0m - [34mAddress is already hooked, during hook(0x500200, <SimProcedure GetStartupInfoA>). Re-hooking.[0m[0m
[1;33;40mWARNING - 2023-01-04 10:27:28,556 - [34mangr.project[0m - [34mAddress is already hooked, during hook(0x500200, <SimProcedure GetStartupInfoA>). Re-hooking.[0m[0m
[1;33;40mWARNING - 2023-01-04 10:27:28,613 - [34mangr.project[0m - [34mAddress is already hooked, during hook(0x5001e8, <SimProcedure GetTempPathW>). Re-hooking.[0m[0m
[1;33;40mWARNING - 2023-01-04 10:27:28,614 - [34mangr.project[0m - [34mAddress is already hooked, during hook(0x5001e8, <SimProcedure GetTempPathW>). Re-hooking.[0m[0m
[1;33;40mWARNING - 2023-01-04 10:27:28,726 - [34mangr.project[0m - [34mAddress is already hooked, during hook(0x5001b0, <SimProcedure GlobalFree>). Re-hooking.[0m[0m
[1;33;40mWARNING - 2023-01-04 10:27:28,728 - [34mangr.project[0m - [34mAddress is already hooked, during hook(0x5001b0, <SimProcedure GlobalFree>). Re-hooking.[0m[0m
[1;33;40mWARNING - 2023-01-04 10:27:28,974 - [34mangr.project[0m - [34mAddress is already hooked, during hook(0x5001c4, <SimProcedure LoadResource>). Re-hooking.[0m[0m
[1;33;40mWARNING - 2023-01-04 10:27:28,975 - [34mangr.project[0m - [34mAddress is already hooked, during hook(0x5001c4, <SimProcedure LoadResource>). Re-hooking.[0m[0m
[1;33;40mWARNING - 2023-01-04 10:27:29,008 - [34mangr.project[0m - [34mAddress is already hooked, during hook(0x5001c0, <SimProcedure LockResource>). Re-hooking.[0m[0m
[1;33;40mWARNING - 2023-01-04 10:27:29,009 - [34mangr.project[0m - [34mAddress is already hooked, during hook(0x5001c0, <SimProcedure LockResource>). Re-hooking.[0m[0m
[1;33;40mWARNING - 2023-01-04 10:27:29,590 - [34mangr.project[0m - [34mAddress is already hooked, during hook(0x5001bc, <SimProcedure SizeofResource>). Re-hooking.[0m[0m
[1;33;40mWARNING - 2023-01-04 10:27:29,591 - [34mangr.project[0m - [34mAddress is already hooked, during hook(0x5001bc, <SimProcedure SizeofResource>). Re-hooking.[0m[0m
[1;33;40mWARNING - 2023-01-04 10:27:29,592 - [34mangr.project[0m - [34mAddress is already hooked, during hook(0x5001e0, <SimProcedure Sleep>). Re-hooking.[0m[0m
[1;33;40mWARNING - 2023-01-04 10:27:29,593 - [34mangr.project[0m - [34mAddress is already hooked, during hook(0x5001e0, <SimProcedure Sleep>). Re-hooking.[0m[0m
[1;32;40mINFO - 2023-01-04 10:27:29,941 - [33mwerkzeug[0m - [33m172.17.0.1 - - [04/Jan/2023 10:27:29] "GET /iteration-scdg HTTP/1.1" 200 -[0m[0m
[1;32;40mINFO - 2023-01-04 10:27:29,952 - [33mwerkzeug[0m - [33m172.17.0.1 - - [04/Jan/2023 10:27:29] "GET /progress-scdg HTTP/1.1" 200 -[0m[0m
[1;33;40mWARNING - 2023-01-04 10:27:30,057 - [34mangr.project[0m - [34mAddress is already hooked, during hook(0x5001d8, <SimProcedure DeleteFileW>). Re-hooking.[0m[0m
[1;33;40mWARNING - 2023-01-04 10:27:30,059 - [34mangr.project[0m - [34mAddress is already hooked, during hook(0x5001d8, <SimProcedure DeleteFileW>). Re-hooking.[0m[0m
[1;33;40mWARNING - 2023-01-04 10:27:30,295 - [34mangr.project[0m - [34mAddress is already hooked, during hook(0x5001dc, <SimProcedure GetFileAttributesW>). Re-hooking.[0m[0m
[1;33;40mWARNING - 2023-01-04 10:27:30,296 - [34mangr.project[0m - [34mAddress is already hooked, during hook(0x5001dc, <SimProcedure GetFileAttributesW>). Re-hooking.[0m[0m
[1;33;40mWARNING - 2023-01-04 10:27:30,325 - [34mangr.project[0m - [34mAddress is already hooked, during hook(0x5001b8, <SimProcedure GetCurrentProcess>). Re-hooking.[0m[0m
[1;33;40mWARNING - 2023-01-04 10:27:30,327 - [34mangr.project[0m - [34mAddress is already hooked, during hook(0x5001b8, <SimProcedure GetCurrentProcess>). Re-hooking.[0m[0m
[1;33;40mWARNING - 2023-01-04 10:27:30,475 - [34mangr.project[0m - [34mAddress is already hooked, during hook(0x5001f0, <SimProcedure GetFileTime>). Re-hooking.[0m[0m
[1;33;40mWARNING - 2023-01-04 10:27:30,477 - [34mangr.project[0m - [34mAddress is already hooked, during hook(0x5001f0, <SimProcedure GetFileTime>). Re-hooking.[0m[0m
[1;33;40mWARNING - 2023-01-04 10:27:30,804 - [34mangr.project[0m - [34mAddress is already hooked, during hook(0x5001b8, <SimProcedure GetCurrentProcess>). Re-hooking.[0m[0m
[1;33;40mWARNING - 2023-01-04 10:27:30,805 - [34mangr.project[0m - [34mAddress is already hooked, during hook(0x5001b8, <SimProcedure GetCurrentProcess>). Re-hooking.[0m[0m
[1;33;40mWARNING - 2023-01-04 10:27:31,109 - [34mangr.project[0m - [34mAddress is already hooked, during hook(0x5001c0, <SimProcedure LockResource>). Re-hooking.[0m[0m
[1;33;40mWARNING - 2023-01-04 10:27:31,110 - [34mangr.project[0m - [34mAddress is already hooked, during hook(0x5001c0, <SimProcedure LockResource>). Re-hooking.[0m[0m
[1;33;40mWARNING - 2023-01-04 10:27:31,249 - [34mangr.project[0m - [34mAddress is already hooked, during hook(0x500204, <SimProcedure CloseHandle>). Re-hooking.[0m[0m
[1;33;40mWARNING - 2023-01-04 10:27:31,250 - [34mangr.project[0m - [34mAddress is already hooked, during hook(0x500204, <SimProcedure CloseHandle>). Re-hooking.[0m[0m
[1;33;40mWARNING - 2023-01-04 10:27:31,294 - [34mangr.project[0m - [34mAddress is already hooked, during hook(0x5001e8, <SimProcedure GetTempPathW>). Re-hooking.[0m[0m
[1;33;40mWARNING - 2023-01-04 10:27:31,295 - [34mangr.project[0m - [34mAddress is already hooked, during hook(0x5001e8, <SimProcedure GetTempPathW>). Re-hooking.[0m[0m
[1;33;40mWARNING - 2023-01-04 10:27:31,459 - [34mangr.project[0m - [34mAddress is already hooked, during hook(0x5001c4, <SimProcedure LoadResource>). Re-hooking.[0m[0m
[1;33;40mWARNING - 2023-01-04 10:27:31,460 - [34mangr.project[0m - [34mAddress is already hooked, during hook(0x5001c4, <SimProcedure LoadResource>). Re-hooking.[0m[0m
[1;33;40mWARNING - 2023-01-04 10:27:31,612 - [34mangr.project[0m - [34mAddress is already hooked, during hook(0x5001b0, <SimProcedure GlobalFree>). Re-hooking.[0m[0m
[1;33;40mWARNING - 2023-01-04 10:27:31,614 - [34mangr.project[0m - [34mAddress is already hooked, during hook(0x5001b0, <SimProcedure GlobalFree>). Re-hooking.[0m[0m
[1;33;40mWARNING - 2023-01-04 10:27:31,765 - [34mangr.project[0m - [34mAddress is already hooked, during hook(0x500200, <SimProcedure GetStartupInfoA>). Re-hooking.[0m[0m
[1;33;40mWARNING - 2023-01-04 10:27:31,766 - [34mangr.project[0m - [34mAddress is already hooked, during hook(0x500200, <SimProcedure GetStartupInfoA>). Re-hooking.[0m[0m
[1;33;40mWARNING - 2023-01-04 10:27:31,819 - [34mangr.project[0m - [34mAddress is already hooked, during hook(0x5001bc, <SimProcedure SizeofResource>). Re-hooking.[0m[0m
[1;33;40mWARNING - 2023-01-04 10:27:31,821 - [34mangr.project[0m - [34mAddress is already hooked, during hook(0x5001bc, <SimProcedure SizeofResource>). Re-hooking.[0m[0m
[1;32;40mINFO - 2023-01-04 10:27:31,943 - [33mwerkzeug[0m - [33m172.17.0.1 - - [04/Jan/2023 10:27:31] "GET /iteration-scdg HTTP/1.1" 200 -[0m[0m
[1;32;40mINFO - 2023-01-04 10:27:31,949 - [33mwerkzeug[0m - [33m172.17.0.1 - - [04/Jan/2023 10:27:31] "GET /progress-scdg HTTP/1.1" 200 -[0m[0m
[1;33;40mWARNING - 2023-01-04 10:27:32,039 - [34mangr.project[0m - [34mAddress is already hooked, during hook(0x5001e0, <SimProcedure Sleep>). Re-hooking.[0m[0m
[1;33;40mWARNING - 2023-01-04 10:27:32,040 - [34mangr.project[0m - [34mAddress is already hooked, during hook(0x5001e0, <SimProcedure Sleep>). Re-hooking.[0m[0m
[1;33;40mWARNING - 2023-01-04 10:27:32,043 - [34mangr.project[0m - [34mAddress is already hooked, during hook(0x5001c8, <SimProcedure FindResourceA>). Re-hooking.[0m[0m
[1;33;40mWARNING - 2023-01-04 10:27:32,044 - [34mangr.project[0m - [34mAddress is already hooked, during hook(0x5001c8, <SimProcedure FindResourceA>). Re-hooking.[0m[0m
[1;33;40mWARNING - 2023-01-04 10:27:32,235 - [34mangr.project[0m - [34mAddress is already hooked, during hook(0x500174, <SimProcedure __p___argc>). Re-hooking.[0m[0m
[1;33;40mWARNING - 2023-01-04 10:27:32,237 - [34mangr.project[0m - [34mAddress is already hooked, during hook(0x500174, <SimProcedure __p___argc>). Re-hooking.[0m[0m
[1;33;40mWARNING - 2023-01-04 10:27:32,386 - [34mangr.project[0m - [34mAddress is already hooked, during hook(0x50016c, <SimProcedure _onexit>). Re-hooking.[0m[0m
[1;33;40mWARNING - 2023-01-04 10:27:32,387 - [34mangr.project[0m - [34mAddress is already hooked, during hook(0x50016c, <SimProcedure _onexit>). Re-hooking.[0m[0m
[1;33;40mWARNING - 2023-01-04 10:27:32,396 - [34mangr.project[0m - [34mAddress is already hooked, during hook(0x500194, <SimProcedure wcsncpy>). Re-hooking.[0m[0m
[1;33;40mWARNING - 2023-01-04 10:27:32,397 - [34mangr.project[0m - [34mAddress is already hooked, during hook(0x500194, <SimProcedure wcsncpy>). Re-hooking.[0m[0m
[1;33;40mWARNING - 2023-01-04 10:27:32,837 - [34mangr.project[0m - [34mAddress is already hooked, during hook(0x50016c, <SimProcedure _onexit>). Re-hooking.[0m[0m
[1;33;40mWARNING - 2023-01-04 10:27:32,839 - [34mangr.project[0m - [34mAddress is already hooked, during hook(0x50016c, <SimProcedure _onexit>). Re-hooking.[0m[0m
[1;33;40mWARNING - 2023-01-04 10:27:33,110 - [34mangr.project[0m - [34mAddress is already hooked, during hook(0x500168, <SimProcedure _exit>). Re-hooking.[0m[0m
[1;33;40mWARNING - 2023-01-04 10:27:33,111 - [34mangr.project[0m - [34mAddress is already hooked, during hook(0x500168, <SimProcedure _exit>). Re-hooking.[0m[0m
[1;32;40mINFO - 2023-01-04 10:27:33,174 - [33mwerkzeug[0m - [33m172.17.0.1 - - [04/Jan/2023 10:27:33] "GET /iteration-scdg HTTP/1.1" 200 -[0m[0m
[1;32;40mINFO - 2023-01-04 10:27:33,185 - [33mwerkzeug[0m - [33m172.17.0.1 - - [04/Jan/2023 10:27:33] "GET /progress-scdg HTTP/1.1" 200 -[0m[0m
[1;33;40mWARNING - 2023-01-04 10:27:33,382 - [34mangr.project[0m - [34mAddress is already hooked, during hook(0x500184, <SimProcedure wcscpy>). Re-hooking.[0m[0m
[1;33;40mWARNING - 2023-01-04 10:27:33,384 - [34mangr.project[0m - [34mAddress is already hooked, during hook(0x500184, <SimProcedure wcscpy>). Re-hooking.[0m[0m
[1;33;40mWARNING - 2023-01-04 10:27:33,748 - [34mangr.project[0m - [34mAddress is already hooked, during hook(0x500198, <SimProcedure wcscat>). Re-hooking.[0m[0m
[1;33;40mWARNING - 2023-01-04 10:27:33,749 - [34mangr.project[0m - [34mAddress is already hooked, during hook(0x500198, <SimProcedure wcscat>). Re-hooking.[0m[0m
[1;33;40mWARNING - 2023-01-04 10:27:33,758 - [34mangr.project[0m - [34mAddress is already hooked, during hook(0x500184, <SimProcedure wcscpy>). Re-hooking.[0m[0m
[1;33;40mWARNING - 2023-01-04 10:27:33,760 - [34mangr.project[0m - [34mAddress is already hooked, during hook(0x500184, <SimProcedure wcscpy>). Re-hooking.[0m[0m
[1;33;40mWARNING - 2023-01-04 10:27:33,767 - [34mangr.project[0m - [34mAddress is already hooked, during hook(0x5001a0, <SimProcedure wcslen>). Re-hooking.[0m[0m
[1;33;40mWARNING - 2023-01-04 10:27:33,768 - [34mangr.project[0m - [34mAddress is already hooked, during hook(0x5001a0, <SimProcedure wcslen>). Re-hooking.[0m[0m
[1;33;40mWARNING - 2023-01-04 10:27:33,778 - [34mangr.project[0m - [34mAddress is already hooked, during hook(0x500194, <SimProcedure wcsncpy>). Re-hooking.[0m[0m
[1;33;40mWARNING - 2023-01-04 10:27:33,779 - [34mangr.project[0m - [34mAddress is already hooked, during hook(0x500194, <SimProcedure wcsncpy>). Re-hooking.[0m[0m
[1;33;40mWARNING - 2023-01-04 10:27:33,792 - [34mangr.project[0m - [34mAddress is already hooked, during hook(0x500180, <SimProcedure wcsstr>). Re-hooking.[0m[0m
[1;33;40mWARNING - 2023-01-04 10:27:33,798 - [34mangr.project[0m - [34mAddress is already hooked, during hook(0x500180, <SimProcedure wcsstr>). Re-hooking.[0m[0m
[1;33;40mWARNING - 2023-01-04 10:27:34,087 - [34mangr.project[0m - [34mAddress is already hooked, during hook(0x500174, <SimProcedure __p___argc>). Re-hooking.[0m[0m
[1;33;40mWARNING - 2023-01-04 10:27:34,089 - [34mangr.project[0m - [34mAddress is already hooked, during hook(0x500174, <SimProcedure __p___argc>). Re-hooking.[0m[0m
[1;33;40mWARNING - 2023-01-04 10:27:34,132 - [34mangr.project[0m - [34mAddress is already hooked, during hook(0x500168, <SimProcedure _exit>). Re-hooking.[0m[0m
[1;33;40mWARNING - 2023-01-04 10:27:34,133 - [34mangr.project[0m - [34mAddress is already hooked, during hook(0x500168, <SimProcedure _exit>). Re-hooking.[0m[0m
[1;33;40mWARNING - 2023-01-04 10:27:34,176 - [34mangr.project[0m - [34mAddress is already hooked, during hook(0x5001a0, <SimProcedure wcslen>). Re-hooking.[0m[0m
[1;33;40mWARNING - 2023-01-04 10:27:34,177 - [34mangr.project[0m - [34mAddress is already hooked, during hook(0x5001a0, <SimProcedure wcslen>). Re-hooking.[0m[0m
[1;33;40mWARNING - 2023-01-04 10:27:34,332 - [34mangr.project[0m - [34mAddress is already hooked, during hook(0x500180, <SimProcedure wcsstr>). Re-hooking.[0m[0m
[1;33;40mWARNING - 2023-01-04 10:27:34,334 - [34mangr.project[0m - [34mAddress is already hooked, during hook(0x500180, <SimProcedure wcsstr>). Re-hooking.[0m[0m
[1;33;40mWARNING - 2023-01-04 10:27:34,353 - [34mangr.project[0m - [34mAddress is already hooked, during hook(0x500198, <SimProcedure wcscat>). Re-hooking.[0m[0m
[1;33;40mWARNING - 2023-01-04 10:27:34,354 - [34mangr.project[0m - [34mAddress is already hooked, during hook(0x500198, <SimProcedure wcscat>). Re-hooking.[0m[0m
[1;33;40mWARNING - 2023-01-04 10:27:34,758 - [34mangr.project[0m - [34mAddress is already hooked, during hook(0x500228, <SimProcedure SHGetSpecialFolderPathW>). Re-hooking.[0m[0m
[1;33;40mWARNING - 2023-01-04 10:27:34,759 - [34mangr.project[0m - [34mAddress is already hooked, during hook(0x500228, <SimProcedure SHGetSpecialFolderPathW>). Re-hooking.[0m[0m
[1;32;40mINFO - 2023-01-04 10:27:34,840 - [36mCustomSimProcedure[0m - [36mSyscall found:  __p__fmode[][0m[0m
[1;32;40mINFO - 2023-01-04 10:27:34,850 - [36mCustomSimProcedure[0m - [36mSyscall found:  __p__commode[][0m[0m
[1;32;40mINFO - 2023-01-04 10:27:34,888 - [36mCustomSimProcedure[0m - [36mSyscall found:  _controlfp[][0m[0m
[1;32;40mINFO - 2023-01-04 10:27:34,944 - [36mCustomSimProcedure[0m - [36mSyscall found:  __getmainargs[<BV32 0x7ffefd98>, <BV32 0x7ffefd88>, <BV32 0x7ffefd94>, <BV32 0x0>, <BV32 0x7ffefd8c>][0m[0m
[1;32;40mINFO - 2023-01-04 10:27:34,955 - [33mwerkzeug[0m - [33m172.17.0.1 - - [04/Jan/2023 10:27:34] "GET /iteration-scdg HTTP/1.1" 200 -[0m[0m
[1;32;40mINFO - 2023-01-04 10:27:34,964 - [33mwerkzeug[0m - [33m172.17.0.1 - - [04/Jan/2023 10:27:34] "GET /progress-scdg HTTP/1.1" 200 -[0m[0m
[1;32;40mINFO - 2023-01-04 10:27:34,997 - [36mCustomSimProcedure[0m - [36mSyscall found:  ordinal.1168.b'mfc42.dll'[][0m[0m
[1;32;40mINFO - 2023-01-04 10:27:35,137 - [36mCustomSimProcedure[0m - [36mSyscall found:  _setmbcp[][0m[0m
[1;32;40mINFO - 2023-01-04 10:27:35,185 - [36mCustomSimProcedure[0m - [36mSyscall found:  ordinal.561.b'mfc42.dll'[][0m[0m
[1;32;40mINFO - 2023-01-04 10:27:36,952 - [33mwerkzeug[0m - [33m172.17.0.1 - - [04/Jan/2023 10:27:36] "GET /iteration-scdg HTTP/1.1" 200 -[0m[0m
[1;32;40mINFO - 2023-01-04 10:27:36,969 - [33mwerkzeug[0m - [33m172.17.0.1 - - [04/Jan/2023 10:27:36] "GET /progress-scdg HTTP/1.1" 200 -[0m[0m
[1;32;40mINFO - 2023-01-04 10:27:38,169 - [33mwerkzeug[0m - [33m172.17.0.1 - - [04/Jan/2023 10:27:38] "GET /iteration-scdg HTTP/1.1" 200 -[0m[0m
[1;32;40mINFO - 2023-01-04 10:27:38,195 - [33mwerkzeug[0m - [33m172.17.0.1 - - [04/Jan/2023 10:27:38] "GET /progress-scdg HTTP/1.1" 200 -[0m[0m
[1;32;40mINFO - 2023-01-04 10:27:39,953 - [33mwerkzeug[0m - [33m172.17.0.1 - - [04/Jan/2023 10:27:39] "GET /iteration-scdg HTTP/1.1" 200 -[0m[0m
[1;32;40mINFO - 2023-01-04 10:27:39,961 - [33mwerkzeug[0m - [33m172.17.0.1 - - [04/Jan/2023 10:27:39] "GET /progress-scdg HTTP/1.1" 200 -[0m[0m
[1;32;40mINFO - 2023-01-04 10:27:41,939 - [33mwerkzeug[0m - [33m172.17.0.1 - - [04/Jan/2023 10:27:41] "GET /iteration-scdg HTTP/1.1" 200 -[0m[0m
[1;32;40mINFO - 2023-01-04 10:27:41,950 - [33mwerkzeug[0m - [33m172.17.0.1 - - [04/Jan/2023 10:27:41] "GET /progress-scdg HTTP/1.1" 200 -[0m[0m
[1;32;40mINFO - 2023-01-04 10:27:43,166 - [33mwerkzeug[0m - [33m172.17.0.1 - - [04/Jan/2023 10:27:43] "GET /iteration-scdg HTTP/1.1" 200 -[0m[0m
[1;32;40mINFO - 2023-01-04 10:27:43,167 - [33mwerkzeug[0m - [33m172.17.0.1 - - [04/Jan/2023 10:27:43] "GET /progress-scdg HTTP/1.1" 200 -[0m[0m
[1;32;40mINFO - 2023-01-04 10:27:44,950 - [33mwerkzeug[0m - [33m172.17.0.1 - - [04/Jan/2023 10:27:44] "GET /iteration-scdg HTTP/1.1" 200 -[0m[0m
[1;32;40mINFO - 2023-01-04 10:27:44,957 - [33mwerkzeug[0m - [33m172.17.0.1 - - [04/Jan/2023 10:27:44] "GET /progress-scdg HTTP/1.1" 200 -[0m[0m
[1;32;40mINFO - 2023-01-04 10:27:46,950 - [33mwerkzeug[0m - [33m172.17.0.1 - - [04/Jan/2023 10:27:46] "GET /iteration-scdg HTTP/1.1" 200 -[0m[0m
[1;32;40mINFO - 2023-01-04 10:27:46,963 - [33mwerkzeug[0m - [33m172.17.0.1 - - [04/Jan/2023 10:27:46] "GET /progress-scdg HTTP/1.1" 200 -[0m[0m
[1;32;40mINFO - 2023-01-04 10:27:48,171 - [33mwerkzeug[0m - [33m172.17.0.1 - - [04/Jan/2023 10:27:48] "GET /iteration-scdg HTTP/1.1" 200 -[0m[0m
[1;32;40mINFO - 2023-01-04 10:27:48,198 - [33mwerkzeug[0m - [33m172.17.0.1 - - [04/Jan/2023 10:27:48] "GET /progress-scdg HTTP/1.1" 200 -[0m[0m
[1;32;40mINFO - 2023-01-04 10:27:49,951 - [33mwerkzeug[0m - [33m172.17.0.1 - - [04/Jan/2023 10:27:49] "GET /iteration-scdg HTTP/1.1" 200 -[0m[0m
[1;32;40mINFO - 2023-01-04 10:27:49,968 - [33mwerkzeug[0m - [33m172.17.0.1 - - [04/Jan/2023 10:27:49] "GET /progress-scdg HTTP/1.1" 200 -[0m[0m
[1;32;40mINFO - 2023-01-04 10:27:51,962 - [33mwerkzeug[0m - [33m172.17.0.1 - - [04/Jan/2023 10:27:51] "GET /iteration-scdg HTTP/1.1" 200 -[0m[0m
[1;32;40mINFO - 2023-01-04 10:27:51,979 - [33mwerkzeug[0m - [33m172.17.0.1 - - [04/Jan/2023 10:27:51] "GET /progress-scdg HTTP/1.1" 200 -[0m[0m
[1;32;40mINFO - 2023-01-04 10:27:53,163 - [33mwerkzeug[0m - [33m172.17.0.1 - - [04/Jan/2023 10:27:53] "GET /iteration-scdg HTTP/1.1" 200 -[0m[0m
[1;32;40mINFO - 2023-01-04 10:27:53,179 - [33mwerkzeug[0m - [33m172.17.0.1 - - [04/Jan/2023 10:27:53] "GET /progress-scdg HTTP/1.1" 200 -[0m[0m
[1;32;40mINFO - 2023-01-04 10:27:54,954 - [33mwerkzeug[0m - [33m172.17.0.1 - - [04/Jan/2023 10:27:54] "GET /iteration-scdg HTTP/1.1" 200 -[0m[0m
[1;32;40mINFO - 2023-01-04 10:27:54,970 - [33mwerkzeug[0m - [33m172.17.0.1 - - [04/Jan/2023 10:27:54] "GET /progress-scdg HTTP/1.1" 200 -[0m[0m
[1;32;40mINFO - 2023-01-04 10:27:56,959 - [33mwerkzeug[0m - [33m172.17.0.1 - - [04/Jan/2023 10:27:56] "GET /iteration-scdg HTTP/1.1" 200 -[0m[0m
[1;32;40mINFO - 2023-01-04 10:27:56,981 - [33mwerkzeug[0m - [33m172.17.0.1 - - [04/Jan/2023 10:27:56] "GET /progress-scdg HTTP/1.1" 200 -[0m[0m
[1;32;40mINFO - 2023-01-04 10:27:58,171 - [33mwerkzeug[0m - [33m172.17.0.1 - - [04/Jan/2023 10:27:58] "GET /iteration-scdg HTTP/1.1" 200 -[0m[0m
[1;32;40mINFO - 2023-01-04 10:27:58,173 - [33mwerkzeug[0m - [33m172.17.0.1 - - [04/Jan/2023 10:27:58] "GET /progress-scdg HTTP/1.1" 200 -[0m[0m
[1;32;40mINFO - 2023-01-04 10:27:59,955 - [33mwerkzeug[0m - [33m172.17.0.1 - - [04/Jan/2023 10:27:59] "GET /iteration-scdg HTTP/1.1" 200 -[0m[0m
[1;32;40mINFO - 2023-01-04 10:27:59,966 - [33mwerkzeug[0m - [33m172.17.0.1 - - [04/Jan/2023 10:27:59] "GET /progress-scdg HTTP/1.1" 200 -[0m[0m
[1;32;40mINFO - 2023-01-04 10:28:01,959 - [33mwerkzeug[0m - [33m172.17.0.1 - - [04/Jan/2023 10:28:01] "GET /iteration-scdg HTTP/1.1" 200 -[0m[0m
[1;32;40mINFO - 2023-01-04 10:28:01,985 - [33mwerkzeug[0m - [33m172.17.0.1 - - [04/Jan/2023 10:28:01] "GET /progress-scdg HTTP/1.1" 200 -[0m[0m
[1;32;40mINFO - 2023-01-04 10:28:03,176 - [33mwerkzeug[0m - [33m172.17.0.1 - - [04/Jan/2023 10:28:03] "GET /iteration-scdg HTTP/1.1" 200 -[0m[0m
[1;32;40mINFO - 2023-01-04 10:28:03,177 - [33mwerkzeug[0m - [33m172.17.0.1 - - [04/Jan/2023 10:28:03] "GET /progress-scdg HTTP/1.1" 200 -[0m[0m
[1;32;40mINFO - 2023-01-04 10:28:04,956 - [33mwerkzeug[0m - [33m172.17.0.1 - - [04/Jan/2023 10:28:04] "GET /iteration-scdg HTTP/1.1" 200 -[0m[0m
[1;32;40mINFO - 2023-01-04 10:28:04,967 - [33mwerkzeug[0m - [33m172.17.0.1 - - [04/Jan/2023 10:28:04] "GET /progress-scdg HTTP/1.1" 200 -[0m[0m
[1;32;40mINFO - 2023-01-04 10:28:06,955 - [33mwerkzeug[0m - [33m172.17.0.1 - - [04/Jan/2023 10:28:06] "GET /iteration-scdg HTTP/1.1" 200 -[0m[0m
[1;32;40mINFO - 2023-01-04 10:28:06,966 - [33mwerkzeug[0m - [33m172.17.0.1 - - [04/Jan/2023 10:28:06] "GET /progress-scdg HTTP/1.1" 200 -[0m[0m
[1;32;40mINFO - 2023-01-04 10:28:08,171 - [33mwerkzeug[0m - [33m172.17.0.1 - - [04/Jan/2023 10:28:08] "GET /iteration-scdg HTTP/1.1" 200 -[0m[0m
[1;32;40mINFO - 2023-01-04 10:28:08,177 - [33mwerkzeug[0m - [33m172.17.0.1 - - [04/Jan/2023 10:28:08] "GET /progress-scdg HTTP/1.1" 200 -[0m[0m
[1;32;40mINFO - 2023-01-04 10:28:09,949 - [33mwerkzeug[0m - [33m172.17.0.1 - - [04/Jan/2023 10:28:09] "GET /iteration-scdg HTTP/1.1" 200 -[0m[0m
[1;32;40mINFO - 2023-01-04 10:28:09,956 - [33mwerkzeug[0m - [33m172.17.0.1 - - [04/Jan/2023 10:28:09] "GET /progress-scdg HTTP/1.1" 200 -[0m[0m
[1;32;40mINFO - 2023-01-04 10:28:11,968 - [33mwerkzeug[0m - [33m172.17.0.1 - - [04/Jan/2023 10:28:11] "GET /iteration-scdg HTTP/1.1" 200 -[0m[0m
[1;32;40mINFO - 2023-01-04 10:28:11,979 - [33mwerkzeug[0m - [33m172.17.0.1 - - [04/Jan/2023 10:28:11] "GET /progress-scdg HTTP/1.1" 200 -[0m[0m
[1;32;40mINFO - 2023-01-04 10:28:13,181 - [33mwerkzeug[0m - [33m172.17.0.1 - - [04/Jan/2023 10:28:13] "GET /iteration-scdg HTTP/1.1" 200 -[0m[0m
[1;32;40mINFO - 2023-01-04 10:28:13,190 - [33mwerkzeug[0m - [33m172.17.0.1 - - [04/Jan/2023 10:28:13] "GET /progress-scdg HTTP/1.1" 200 -[0m[0m
[1;32;40mINFO - 2023-01-04 10:28:14,970 - [33mwerkzeug[0m - [33m172.17.0.1 - - [04/Jan/2023 10:28:14] "GET /iteration-scdg HTTP/1.1" 200 -[0m[0m
[1;32;40mINFO - 2023-01-04 10:28:14,976 - [33mwerkzeug[0m - [33m172.17.0.1 - - [04/Jan/2023 10:28:14] "GET /progress-scdg HTTP/1.1" 200 -[0m[0m
[1;32;40mINFO - 2023-01-04 10:28:16,964 - [33mwerkzeug[0m - [33m172.17.0.1 - - [04/Jan/2023 10:28:16] "GET /iteration-scdg HTTP/1.1" 200 -[0m[0m
[1;32;40mINFO - 2023-01-04 10:28:16,986 - [33mwerkzeug[0m - [33m172.17.0.1 - - [04/Jan/2023 10:28:16] "GET /progress-scdg HTTP/1.1" 200 -[0m[0m
[1;32;40mINFO - 2023-01-04 10:28:18,161 - [33mwerkzeug[0m - [33m172.17.0.1 - - [04/Jan/2023 10:28:18] "GET /iteration-scdg HTTP/1.1" 200 -[0m[0m
[1;32;40mINFO - 2023-01-04 10:28:18,218 - [33mwerkzeug[0m - [33m172.17.0.1 - - [04/Jan/2023 10:28:18] "GET /progress-scdg HTTP/1.1" 200 -[0m[0m
[1;32;40mINFO - 2023-01-04 10:28:19,943 - [33mwerkzeug[0m - [33m172.17.0.1 - - [04/Jan/2023 10:28:19] "GET /iteration-scdg HTTP/1.1" 200 -[0m[0m
[1;32;40mINFO - 2023-01-04 10:28:19,949 - [33mwerkzeug[0m - [33m172.17.0.1 - - [04/Jan/2023 10:28:19] "GET /progress-scdg HTTP/1.1" 200 -[0m[0m
[1;32;40mINFO - 2023-01-04 10:28:21,960 - [33mwerkzeug[0m - [33m172.17.0.1 - - [04/Jan/2023 10:28:21] "GET /iteration-scdg HTTP/1.1" 200 -[0m[0m
[1;32;40mINFO - 2023-01-04 10:28:21,961 - [33mwerkzeug[0m - [33m172.17.0.1 - - [04/Jan/2023 10:28:21] "GET /progress-scdg HTTP/1.1" 200 -[0m[0m
[1;32;40mINFO - 2023-01-04 10:28:23,170 - [33mwerkzeug[0m - [33m172.17.0.1 - - [04/Jan/2023 10:28:23] "GET /iteration-scdg HTTP/1.1" 200 -[0m[0m
[1;32;40mINFO - 2023-01-04 10:28:23,176 - [33mwerkzeug[0m - [33m172.17.0.1 - - [04/Jan/2023 10:28:23] "GET /progress-scdg HTTP/1.1" 200 -[0m[0m
[1;32;40mINFO - 2023-01-04 10:28:24,947 - [33mwerkzeug[0m - [33m172.17.0.1 - - [04/Jan/2023 10:28:24] "GET /iteration-scdg HTTP/1.1" 200 -[0m[0m
[1;32;40mINFO - 2023-01-04 10:28:24,953 - [33mwerkzeug[0m - [33m172.17.0.1 - - [04/Jan/2023 10:28:24] "GET /progress-scdg HTTP/1.1" 200 -[0m[0m
[1;32;40mINFO - 2023-01-04 10:28:26,977 - [33mwerkzeug[0m - [33m172.17.0.1 - - [04/Jan/2023 10:28:26] "GET /iteration-scdg HTTP/1.1" 200 -[0m[0m
[1;32;40mINFO - 2023-01-04 10:28:26,983 - [33mwerkzeug[0m - [33m172.17.0.1 - - [04/Jan/2023 10:28:26] "GET /progress-scdg HTTP/1.1" 200 -[0m[0m
[1;32;40mINFO - 2023-01-04 10:28:28,170 - [33mwerkzeug[0m - [33m172.17.0.1 - - [04/Jan/2023 10:28:28] "GET /iteration-scdg HTTP/1.1" 200 -[0m[0m
[1;32;40mINFO - 2023-01-04 10:28:28,171 - [33mwerkzeug[0m - [33m172.17.0.1 - - [04/Jan/2023 10:28:28] "GET /progress-scdg HTTP/1.1" 200 -[0m[0m
[1;32;40mINFO - 2023-01-04 10:28:29,965 - [33mwerkzeug[0m - [33m172.17.0.1 - - [04/Jan/2023 10:28:29] "GET /iteration-scdg HTTP/1.1" 200 -[0m[0m
[1;32;40mINFO - 2023-01-04 10:28:29,976 - [33mwerkzeug[0m - [33m172.17.0.1 - - [04/Jan/2023 10:28:29] "GET /progress-scdg HTTP/1.1" 200 -[0m[0m
[1;32;40mINFO - 2023-01-04 10:28:31,965 - [33mwerkzeug[0m - [33m172.17.0.1 - - [04/Jan/2023 10:28:31] "GET /iteration-scdg HTTP/1.1" 200 -[0m[0m
[1;32;40mINFO - 2023-01-04 10:28:31,987 - [33mwerkzeug[0m - [33m172.17.0.1 - - [04/Jan/2023 10:28:31] "GET /progress-scdg HTTP/1.1" 200 -[0m[0m
[1;32;40mINFO - 2023-01-04 10:28:33,184 - [33mwerkzeug[0m - [33m172.17.0.1 - - [04/Jan/2023 10:28:33] "GET /iteration-scdg HTTP/1.1" 200 -[0m[0m
[1;32;40mINFO - 2023-01-04 10:28:33,195 - [33mwerkzeug[0m - [33m172.17.0.1 - - [04/Jan/2023 10:28:33] "GET /progress-scdg HTTP/1.1" 200 -[0m[0m
[1;32;40mINFO - 2023-01-04 10:28:34,967 - [33mwerkzeug[0m - [33m172.17.0.1 - - [04/Jan/2023 10:28:34] "GET /iteration-scdg HTTP/1.1" 200 -[0m[0m
[1;32;40mINFO - 2023-01-04 10:28:34,973 - [33mwerkzeug[0m - [33m172.17.0.1 - - [04/Jan/2023 10:28:34] "GET /progress-scdg HTTP/1.1" 200 -[0m[0m
[1;32;40mINFO - 2023-01-04 10:28:36,976 - [33mwerkzeug[0m - [33m172.17.0.1 - - [04/Jan/2023 10:28:36] "GET /iteration-scdg HTTP/1.1" 200 -[0m[0m
[1;32;40mINFO - 2023-01-04 10:28:37,002 - [33mwerkzeug[0m - [33m172.17.0.1 - - [04/Jan/2023 10:28:37] "GET /progress-scdg HTTP/1.1" 200 -[0m[0m
[1;32;40mINFO - 2023-01-04 10:28:38,163 - [33mwerkzeug[0m - [33m172.17.0.1 - - [04/Jan/2023 10:28:38] "GET /iteration-scdg HTTP/1.1" 200 -[0m[0m
[1;32;40mINFO - 2023-01-04 10:28:38,174 - [33mwerkzeug[0m - [33m172.17.0.1 - - [04/Jan/2023 10:28:38] "GET /progress-scdg HTTP/1.1" 200 -[0m[0m
[1;32;40mINFO - 2023-01-04 10:28:39,968 - [33mwerkzeug[0m - [33m172.17.0.1 - - [04/Jan/2023 10:28:39] "GET /iteration-scdg HTTP/1.1" 200 -[0m[0m
[1;32;40mINFO - 2023-01-04 10:28:39,984 - [33mwerkzeug[0m - [33m172.17.0.1 - - [04/Jan/2023 10:28:39] "GET /progress-scdg HTTP/1.1" 200 -[0m[0m
[1;32;40mINFO - 2023-01-04 10:28:41,972 - [33mwerkzeug[0m - [33m172.17.0.1 - - [04/Jan/2023 10:28:41] "GET /iteration-scdg HTTP/1.1" 200 -[0m[0m
[1;32;40mINFO - 2023-01-04 10:28:41,994 - [33mwerkzeug[0m - [33m172.17.0.1 - - [04/Jan/2023 10:28:41] "GET /progress-scdg HTTP/1.1" 200 -[0m[0m
[1;32;40mINFO - 2023-01-04 10:28:43,175 - [33mwerkzeug[0m - [33m172.17.0.1 - - [04/Jan/2023 10:28:43] "GET /iteration-scdg HTTP/1.1" 200 -[0m[0m
[1;32;40mINFO - 2023-01-04 10:28:43,186 - [33mwerkzeug[0m - [33m172.17.0.1 - - [04/Jan/2023 10:28:43] "GET /progress-scdg HTTP/1.1" 200 -[0m[0m
[1;32;40mINFO - 2023-01-04 10:28:44,965 - [33mwerkzeug[0m - [33m172.17.0.1 - - [04/Jan/2023 10:28:44] "GET /iteration-scdg HTTP/1.1" 200 -[0m[0m
[1;32;40mINFO - 2023-01-04 10:28:44,975 - [33mwerkzeug[0m - [33m172.17.0.1 - - [04/Jan/2023 10:28:44] "GET /progress-scdg HTTP/1.1" 200 -[0m[0m
[1;32;40mINFO - 2023-01-04 10:28:46,973 - [33mwerkzeug[0m - [33m172.17.0.1 - - [04/Jan/2023 10:28:46] "GET /iteration-scdg HTTP/1.1" 200 -[0m[0m
[1;32;40mINFO - 2023-01-04 10:28:46,985 - [33mwerkzeug[0m - [33m172.17.0.1 - - [04/Jan/2023 10:28:46] "GET /progress-scdg HTTP/1.1" 200 -[0m[0m
[1;32;40mINFO - 2023-01-04 10:28:48,171 - [33mwerkzeug[0m - [33m172.17.0.1 - - [04/Jan/2023 10:28:48] "GET /iteration-scdg HTTP/1.1" 200 -[0m[0m
[1;32;40mINFO - 2023-01-04 10:28:48,193 - [33mwerkzeug[0m - [33m172.17.0.1 - - [04/Jan/2023 10:28:48] "GET /progress-scdg HTTP/1.1" 200 -[0m[0m
[1;32;40mINFO - 2023-01-04 10:28:49,971 - [33mwerkzeug[0m - [33m172.17.0.1 - - [04/Jan/2023 10:28:49] "GET /iteration-scdg HTTP/1.1" 200 -[0m[0m
[1;32;40mINFO - 2023-01-04 10:28:49,977 - [33mwerkzeug[0m - [33m172.17.0.1 - - [04/Jan/2023 10:28:49] "GET /progress-scdg HTTP/1.1" 200 -[0m[0m
[1;32;40mINFO - 2023-01-04 10:28:51,965 - [33mwerkzeug[0m - [33m172.17.0.1 - - [04/Jan/2023 10:28:51] "GET /iteration-scdg HTTP/1.1" 200 -[0m[0m
[1;32;40mINFO - 2023-01-04 10:28:51,966 - [33mwerkzeug[0m - [33m172.17.0.1 - - [04/Jan/2023 10:28:51] "GET /progress-scdg HTTP/1.1" 200 -[0m[0m
[1;32;40mINFO - 2023-01-04 10:28:53,171 - [33mwerkzeug[0m - [33m172.17.0.1 - - [04/Jan/2023 10:28:53] "GET /iteration-scdg HTTP/1.1" 200 -[0m[0m
[1;32;40mINFO - 2023-01-04 10:28:53,172 - [33mwerkzeug[0m - [33m172.17.0.1 - - [04/Jan/2023 10:28:53] "GET /progress-scdg HTTP/1.1" 200 -[0m[0m
[1;32;40mINFO - 2023-01-04 10:28:54,968 - [33mwerkzeug[0m - [33m172.17.0.1 - - [04/Jan/2023 10:28:54] "GET /iteration-scdg HTTP/1.1" 200 -[0m[0m
[1;32;40mINFO - 2023-01-04 10:28:54,980 - [33mwerkzeug[0m - [33m172.17.0.1 - - [04/Jan/2023 10:28:54] "GET /progress-scdg HTTP/1.1" 200 -[0m[0m
[1;32;40mINFO - 2023-01-04 10:28:56,964 - [33mwerkzeug[0m - [33m172.17.0.1 - - [04/Jan/2023 10:28:56] "GET /iteration-scdg HTTP/1.1" 200 -[0m[0m
[1;32;40mINFO - 2023-01-04 10:28:56,970 - [33mwerkzeug[0m - [33m172.17.0.1 - - [04/Jan/2023 10:28:56] "GET /progress-scdg HTTP/1.1" 200 -[0m[0m
[1;32;40mINFO - 2023-01-04 10:28:58,169 - [33mwerkzeug[0m - [33m172.17.0.1 - - [04/Jan/2023 10:28:58] "GET /iteration-scdg HTTP/1.1" 200 -[0m[0m
[1;32;40mINFO - 2023-01-04 10:28:58,176 - [33mwerkzeug[0m - [33m172.17.0.1 - - [04/Jan/2023 10:28:58] "GET /progress-scdg HTTP/1.1" 200 -[0m[0m
[1;32;40mINFO - 2023-01-04 10:28:59,966 - [33mwerkzeug[0m - [33m172.17.0.1 - - [04/Jan/2023 10:28:59] "GET /iteration-scdg HTTP/1.1" 200 -[0m[0m
[1;32;40mINFO - 2023-01-04 10:28:59,977 - [33mwerkzeug[0m - [33m172.17.0.1 - - [04/Jan/2023 10:28:59] "GET /progress-scdg HTTP/1.1" 200 -[0m[0m
[1;32;40mINFO - 2023-01-04 10:29:01,970 - [33mwerkzeug[0m - [33m172.17.0.1 - - [04/Jan/2023 10:29:01] "GET /iteration-scdg HTTP/1.1" 200 -[0m[0m
[1;32;40mINFO - 2023-01-04 10:29:01,981 - [33mwerkzeug[0m - [33m172.17.0.1 - - [04/Jan/2023 10:29:01] "GET /progress-scdg HTTP/1.1" 200 -[0m[0m
[1;32;40mINFO - 2023-01-04 10:29:03,179 - [33mwerkzeug[0m - [33m172.17.0.1 - - [04/Jan/2023 10:29:03] "GET /iteration-scdg HTTP/1.1" 200 -[0m[0m
[1;32;40mINFO - 2023-01-04 10:29:03,196 - [33mwerkzeug[0m - [33m172.17.0.1 - - [04/Jan/2023 10:29:03] "GET /progress-scdg HTTP/1.1" 200 -[0m[0m
[1;32;40mINFO - 2023-01-04 10:29:04,977 - [33mwerkzeug[0m - [33m172.17.0.1 - - [04/Jan/2023 10:29:04] "GET /iteration-scdg HTTP/1.1" 200 -[0m[0m
[1;32;40mINFO - 2023-01-04 10:29:04,997 - [33mwerkzeug[0m - [33m172.17.0.1 - - [04/Jan/2023 10:29:04] "GET /progress-scdg HTTP/1.1" 200 -[0m[0m
[1;32;40mINFO - 2023-01-04 10:29:06,980 - [33mwerkzeug[0m - [33m172.17.0.1 - - [04/Jan/2023 10:29:06] "GET /iteration-scdg HTTP/1.1" 200 -[0m[0m
[1;32;40mINFO - 2023-01-04 10:29:06,986 - [33mwerkzeug[0m - [33m172.17.0.1 - - [04/Jan/2023 10:29:06] "GET /progress-scdg HTTP/1.1" 200 -[0m[0m
[1;32;40mINFO - 2023-01-04 10:29:08,168 - [33mwerkzeug[0m - [33m172.17.0.1 - - [04/Jan/2023 10:29:08] "GET /iteration-scdg HTTP/1.1" 200 -[0m[0m
[1;32;40mINFO - 2023-01-04 10:29:08,179 - [33mwerkzeug[0m - [33m172.17.0.1 - - [04/Jan/2023 10:29:08] "GET /progress-scdg HTTP/1.1" 200 -[0m[0m
[1;32;40mINFO - 2023-01-04 10:29:09,978 - [33mwerkzeug[0m - [33m172.17.0.1 - - [04/Jan/2023 10:29:09] "GET /iteration-scdg HTTP/1.1" 200 -[0m[0m
[1;32;40mINFO - 2023-01-04 10:29:09,980 - [33mwerkzeug[0m - [33m172.17.0.1 - - [04/Jan/2023 10:29:09] "GET /progress-scdg HTTP/1.1" 200 -[0m[0m
[1;32;40mINFO - 2023-01-04 10:29:11,966 - [33mwerkzeug[0m - [33m172.17.0.1 - - [04/Jan/2023 10:29:11] "GET /iteration-scdg HTTP/1.1" 200 -[0m[0m
[1;32;40mINFO - 2023-01-04 10:29:11,972 - [33mwerkzeug[0m - [33m172.17.0.1 - - [04/Jan/2023 10:29:11] "GET /progress-scdg HTTP/1.1" 200 -[0m[0m
[1;32;40mINFO - 2023-01-04 10:29:13,172 - [33mwerkzeug[0m - [33m172.17.0.1 - - [04/Jan/2023 10:29:13] "GET /iteration-scdg HTTP/1.1" 200 -[0m[0m
[1;32;40mINFO - 2023-01-04 10:29:13,179 - [33mwerkzeug[0m - [33m172.17.0.1 - - [04/Jan/2023 10:29:13] "GET /progress-scdg HTTP/1.1" 200 -[0m[0m
[1;32;40mINFO - 2023-01-04 10:29:14,809 - [31mToolChainExplorerAnotherCDFS[0m - [31mTimeout expired for simulation ![0m[0m
[1;32;40mINFO - 2023-01-04 10:29:14,812 - [37mGraphBuilder[0m - [37mOutput dir :src/output/runs/69//Gh0stRAT[0m[0m
