0x600178 : 
     - 0x5386bf462f49f3f2f2f6ee6
         * recv
         * GetProcessHeap
         * HeapAlloc
         * UserHook
         * LocalAlloc
         * LocalFree
         * HeapFree
         * RegDeleteKeyW
         * GetModuleFileNameA
         * CreateProcessA
         * CloseHandle
         * ExitProcess
0x600178 : 
     - 0x5386bf462f49f3f2f2f6ee6
         * recv
         * GetProcessHeap
         * HeapAlloc
         * UserHook
         * LocalAlloc
         * LocalFree
         * HeapFree
         * RegDeleteKeyW
         * GetModuleFileNameA
         * CreateProcessA
         * CloseHandle
         * ExitProcess
0x60012c : 
     - 0x5386bf462f49f3f392f6ee6
         * recv
         * GetProcessHeap
         * HeapAlloc
         * UserHook
         * LocalAlloc
         * LocalFree
         * HeapFree
         * OpenProcess
         * TerminateProcess
0x4033cd : 
     - 0x5386bf462f49f3f312f6ee6
         * recv
         * GetProcessHeap
         * HeapAlloc
         * UserHook
         * LocalAlloc
         * LocalFree
         * HeapFree
         * GetLogicalDriveStringsW
         * lstrlenW
         * VirtualAlloc
         * lstrcpyW
         * VirtualFree
         * GetDriveTypeW
         * LoadLibraryA
         * GetProcAddress
         * HeapReAlloc
         * lstrlenA
         * lstrcpyA
0x40ab4f : 
     - 0x60f01f3f00000000
         * recv
         * GetProcessHeap
         * HeapAlloc
         * UserHook
         * LocalAlloc
         * LocalFree
         * HeapFree
0x40abb5 : 
     - 0x63f49f3f00000000
         * recv
         * GetProcessHeap
         * HeapAlloc
         * UserHook
         * LocalAlloc
         * LocalFree
         * HeapFree
0x40ab44 : 
     - 0x62f49f3f00000000
     - 0x60001f3f0000000000000000
         * recv
         * GetProcessHeap
         * HeapAlloc
         * UserHook
         * LocalAlloc
         * LocalFree
         * HeapFree
0x40abb5 : 
     - 0x62f49f3f00000000
     - 0x62f49f3f0000000000000000
         * recv
         * GetProcessHeap
         * HeapAlloc
         * UserHook
         * LocalAlloc
         * LocalFree
         * HeapFree
0x40ab44 : 
     - 0x5386bf462f49f3f100f6ee6
     - 0x60001f3f0000000000000000
         * recv
         * GetProcessHeap
         * HeapAlloc
         * UserHook
         * LocalAlloc
         * LocalFree
         * HeapFree
0x40abb5 : 
     - 0x5386bf462f49f3f100f6ee6
     - 0x62f49f3f0000000000000000
         * recv
         * GetProcessHeap
         * HeapAlloc
         * UserHook
         * LocalAlloc
         * LocalFree
         * HeapFree
0x40ab44 : 
     - 0x5386bf462f49f3f672f6ee6
     - 0x60001f3f0000000000000000
         * recv
         * GetProcessHeap
         * HeapAlloc
         * UserHook
         * LocalAlloc
         * LocalFree
         * HeapFree
         * CreateThread
0x40abb5 : 
     - 0x5386bf462f49f3f672f6ee6
     - 0x62f49f3f0000000000000000
         * recv
         * GetProcessHeap
         * HeapAlloc
         * UserHook
         * LocalAlloc
         * LocalFree
         * HeapFree
         * CreateThread
0x40ab44 : 
     - 0x5386bf462f49f3f672f6ee6
     - 0x60001f3f0000000000000000
         * recv
         * GetProcessHeap
         * HeapAlloc
         * UserHook
         * LocalAlloc
         * LocalFree
         * HeapFree
         * CreateThread
0x40abb5 : 
     - 0x5386bf462f49f3f672f6ee6
     - 0x62f49f3f0000000000000000
         * recv
         * GetProcessHeap
         * HeapAlloc
         * UserHook
         * LocalAlloc
         * LocalFree
         * HeapFree
         * CreateThread
0x40ab44 : 
     - 0x5386bf462f49f3f652f6ee6
     - 0x60001f3f0000000000000000
         * recv
         * GetProcessHeap
         * HeapAlloc
         * UserHook
         * LocalAlloc
         * LocalFree
         * HeapFree
0x40abb5 : 
     - 0x5386bf462f49f3f652f6ee6
     - 0x62f49f3f0000000000000000
         * recv
         * GetProcessHeap
         * HeapAlloc
         * UserHook
         * LocalAlloc
         * LocalFree
         * HeapFree
0x41ee64 : 
     - 0x5386bf462f49f3f7b2f6ee6
         * recv
         * GetProcessHeap
         * HeapAlloc
         * UserHook
         * LocalAlloc
         * LocalFree
         * HeapFree
         * EnterCriticalSection
         * OpenSCManagerW
         * EnumServicesStatusExW
         * CloseServiceHandle
         * VirtualFree
         * lstrlenW
         * VirtualAlloc
         * lstrcpyW
         * RegOpenKeyExW
         * SHFileOperationW
0x41ee5b : 
     - 0x5386bf462f49f3f7b2f6ee6
         * recv
         * GetProcessHeap
         * HeapAlloc
         * UserHook
         * LocalAlloc
         * LocalFree
         * HeapFree
         * EnterCriticalSection
         * OpenSCManagerW
         * EnumServicesStatusExW
         * CloseServiceHandle
         * VirtualFree
         * lstrlenW
         * VirtualAlloc
         * lstrcpyW
         * RegOpenKeyExW
         * SHFileOperationW
0x41ee64 : 
     - 0x5386bf462f49f3f7b2f6ee6
         * recv
         * GetProcessHeap
         * HeapAlloc
         * UserHook
         * LocalAlloc
         * LocalFree
         * HeapFree
         * EnterCriticalSection
         * OpenSCManagerW
         * EnumServicesStatusExW
         * CloseServiceHandle
         * VirtualFree
         * lstrlenW
         * VirtualAlloc
         * lstrcpyW
         * RegOpenKeyExW
         * SHFileOperationW
0x41ee5b : 
     - 0x5386bf462f49f3f7b2f6ee6
         * recv
         * GetProcessHeap
         * HeapAlloc
         * UserHook
         * LocalAlloc
         * LocalFree
         * HeapFree
         * EnterCriticalSection
         * OpenSCManagerW
         * EnumServicesStatusExW
         * CloseServiceHandle
         * VirtualFree
         * lstrlenW
         * VirtualAlloc
         * lstrcpyW
         * RegOpenKeyExW
         * SHFileOperationW
0x41b8d1 : 
     - 0x5386bf462f49f3f7b2f6ee6
         * recv
         * GetProcessHeap
         * HeapAlloc
         * UserHook
         * LocalAlloc
         * LocalFree
         * HeapFree
         * EnterCriticalSection
         * OpenSCManagerW
         * EnumServicesStatusExW
         * GetLastError
0x41ee64 : 
     - 0x5386bf462f49f3f7b2f6ee6
         * recv
         * GetProcessHeap
         * HeapAlloc
         * UserHook
         * LocalAlloc
         * LocalFree
         * HeapFree
         * EnterCriticalSection
         * OpenSCManagerW
         * EnumServicesStatusExW
         * GetLastError
         * VirtualFree
         * lstrlenW
         * VirtualAlloc
         * lstrcpyW
         * RegOpenKeyExW
         * SHFileOperationW
0x41ee5b : 
     - 0x5386bf462f49f3f7b2f6ee6
         * recv
         * GetProcessHeap
         * HeapAlloc
         * UserHook
         * LocalAlloc
         * LocalFree
         * HeapFree
         * EnterCriticalSection
         * OpenSCManagerW
         * EnumServicesStatusExW
         * GetLastError
         * VirtualFree
         * lstrlenW
         * VirtualAlloc
         * lstrcpyW
         * RegOpenKeyExW
         * SHFileOperationW
0x41ee64 : 
     - 0x5386bf462f49f3f7b2f6ee6
         * recv
         * GetProcessHeap
         * HeapAlloc
         * UserHook
         * LocalAlloc
         * LocalFree
         * HeapFree
         * EnterCriticalSection
         * OpenSCManagerW
         * VirtualFree
         * lstrlenW
         * VirtualAlloc
         * lstrcpyW
         * RegOpenKeyExW
         * SHFileOperationW
0x41ee5b : 
     - 0x5386bf462f49f3f7b2f6ee6
         * recv
         * GetProcessHeap
         * HeapAlloc
         * UserHook
         * LocalAlloc
         * LocalFree
         * HeapFree
         * EnterCriticalSection
         * OpenSCManagerW
         * VirtualFree
         * lstrlenW
         * VirtualAlloc
         * lstrcpyW
         * RegOpenKeyExW
         * SHFileOperationW
0x40ab44 : 
     - 0x5386bf462f49f3f762f6ee6
     - 0x60001f3f0000000000000000
         * recv
         * GetProcessHeap
         * HeapAlloc
         * UserHook
         * LocalAlloc
         * LocalFree
         * HeapFree
0x40abb5 : 
     - 0x5386bf462f49f3f762f6ee6
     - 0x62f49f3f0000000000000000
         * recv
         * GetProcessHeap
         * HeapAlloc
         * UserHook
         * LocalAlloc
         * LocalFree
         * HeapFree
0x41eed3 : 
     - 0x5386bf462f49f3f7f2f6ee6
         * recv
         * GetProcessHeap
         * HeapAlloc
         * UserHook
         * LocalAlloc
         * LocalFree
         * HeapFree
         * VirtualFree
         * FindFirstFileW
         * lstrlenW
         * VirtualAlloc
         * lstrcpyW
         * FindNextFileW
0x40ab44 : 
     - 0x5386bf462f49f3f7f2f6ee6
     - 0x60001f3f0000000000000000
         * recv
         * GetProcessHeap
         * HeapAlloc
         * UserHook
         * LocalAlloc
         * LocalFree
         * HeapFree
         * VirtualFree
         * FindFirstFileW
         * lstrlenW
         * VirtualAlloc
         * lstrcpyW
         * FindNextFileW
         * LoadLibraryA
         * GetProcAddress
         * HeapReAlloc
         * lstrlenA
         * lstrcpyA
         * send
0x40abb5 : 
     - 0x5386bf462f49f3f7f2f6ee6
     - 0x62f49f3f0000000000000000
         * recv
         * GetProcessHeap
         * HeapAlloc
         * UserHook
         * LocalAlloc
         * LocalFree
         * HeapFree
         * VirtualFree
         * FindFirstFileW
         * lstrlenW
         * VirtualAlloc
         * lstrcpyW
         * FindNextFileW
         * LoadLibraryA
         * GetProcAddress
         * HeapReAlloc
         * lstrlenA
         * lstrcpyA
         * send
0x40ab44 : 
     - 0x5386bf462f49f3f7f2f6ee6
     - 0x60001f3f0000000000000000
         * recv
         * GetProcessHeap
         * HeapAlloc
         * UserHook
         * LocalAlloc
         * LocalFree
         * HeapFree
         * VirtualFree
         * FindFirstFileW
         * lstrlenW
         * VirtualAlloc
         * lstrcpyW
         * FindNextFileW
         * LoadLibraryA
         * GetProcAddress
         * HeapReAlloc
         * lstrlenA
         * lstrcpyA
         * send
0x40abb5 : 
     - 0x5386bf462f49f3f7f2f6ee6
     - 0x62f49f3f0000000000000000
         * recv
         * GetProcessHeap
         * HeapAlloc
         * UserHook
         * LocalAlloc
         * LocalFree
         * HeapFree
         * VirtualFree
         * FindFirstFileW
         * lstrlenW
         * VirtualAlloc
         * lstrcpyW
         * FindNextFileW
         * LoadLibraryA
         * GetProcAddress
         * HeapReAlloc
         * lstrlenA
         * lstrcpyA
         * send
0x40aa05 : 
     - 0x5386bf462f49f3f7f2f6ee6
         * recv
         * GetProcessHeap
         * HeapAlloc
         * UserHook
         * LocalAlloc
         * LocalFree
         * HeapFree
         * VirtualFree
         * FindFirstFileW
         * HeapReAlloc
         * lstrlenA
         * VirtualAlloc
         * lstrcpyA
         * send
0x40a9ec : 
     - 0x5386bf462f49f3f7f2f6ee6
         * recv
         * GetProcessHeap
         * HeapAlloc
         * UserHook
         * LocalAlloc
         * LocalFree
         * HeapFree
         * VirtualFree
         * FindFirstFileW
         * HeapReAlloc
         * lstrlenA
         * VirtualAlloc
         * lstrcpyA
         * send
0x40ab44 : 
     - 0x5386bf462f49f3f7d2f6ee6
     - 0x60001f3f0000000000000000
         * recv
         * GetProcessHeap
         * HeapAlloc
         * UserHook
         * LocalAlloc
         * LocalFree
         * HeapFree
         * VirtualAlloc
         * VirtualProtect
         * GetCurrentProcess
         * IsWow64Process
         * OpenProcess
         * VirtualAllocEx
         * VirtualProtectEx
         * WriteProcessMemory
         * VirtualFree
0x40abb5 : 
     - 0x5386bf462f49f3f7d2f6ee6
     - 0x62f49f3f0000000000000000
         * recv
         * GetProcessHeap
         * HeapAlloc
         * UserHook
         * LocalAlloc
         * LocalFree
         * HeapFree
         * VirtualAlloc
         * VirtualProtect
         * GetCurrentProcess
         * IsWow64Process
         * OpenProcess
         * VirtualAllocEx
         * VirtualProtectEx
         * WriteProcessMemory
         * VirtualFree
0x40ab44 : 
     - 0x5386bf462f49f3f7d2f6ee6
     - 0x60001f3f0000000000000000
         * recv
         * GetProcessHeap
         * HeapAlloc
         * UserHook
         * LocalAlloc
         * LocalFree
         * HeapFree
         * VirtualAlloc
         * VirtualProtect
         * GetCurrentProcess
         * IsWow64Process
         * OpenProcess
         * VirtualFree
0x40abb5 : 
     - 0x5386bf462f49f3f7d2f6ee6
     - 0x62f49f3f0000000000000000
         * recv
         * GetProcessHeap
         * HeapAlloc
         * UserHook
         * LocalAlloc
         * LocalFree
         * HeapFree
         * VirtualAlloc
         * VirtualProtect
         * GetCurrentProcess
         * IsWow64Process
         * OpenProcess
         * VirtualFree
0x40ab44 : 
     - 0x5386bf462f49f3f752f6ee6
     - 0x60001f3f0000000000000000
         * recv
         * GetProcessHeap
         * HeapAlloc
         * UserHook
         * LocalAlloc
         * LocalFree
         * HeapFree
         * GetCurrentProcess
         * OpenProcessToken
         * GetTokenInformation
         * CloseHandle
0x40abb5 : 
     - 0x5386bf462f49f3f752f6ee6
     - 0x62f49f3f0000000000000000
         * recv
         * GetProcessHeap
         * HeapAlloc
         * UserHook
         * LocalAlloc
         * LocalFree
         * HeapFree
         * GetCurrentProcess
         * OpenProcessToken
         * GetTokenInformation
         * CloseHandle
0x40ab44 : 
     - 0x5386bf462f49f3f0b2f6ee6
     - 0x60001f3f0000000000000000
         * recv
         * GetProcessHeap
         * HeapAlloc
         * UserHook
         * LocalAlloc
         * LocalFree
         * HeapFree
         * GetModuleFileNameW
         * IsUserAnAdmin
0x40abb5 : 
     - 0x5386bf462f49f3f0b2f6ee6
     - 0x62f49f3f0000000000000000
         * recv
         * GetProcessHeap
         * HeapAlloc
         * UserHook
         * LocalAlloc
         * LocalFree
         * HeapFree
         * GetModuleFileNameW
         * IsUserAnAdmin
0x40ab44 : 
     - 0x5386bf462f49f3f0b2f6ee6
     - 0x60001f3f0000000000000000
         * recv
         * GetProcessHeap
         * HeapAlloc
         * UserHook
         * LocalAlloc
         * LocalFree
         * HeapFree
         * GetModuleFileNameW
         * IsUserAnAdmin
         * GetCurrentProcess
         * OpenProcessToken
         * GetTokenInformation
         * CloseHandle
0x40abb5 : 
     - 0x5386bf462f49f3f0b2f6ee6
     - 0x62f49f3f0000000000000000
         * recv
         * GetProcessHeap
         * HeapAlloc
         * UserHook
         * LocalAlloc
         * LocalFree
         * HeapFree
         * GetModuleFileNameW
         * IsUserAnAdmin
         * GetCurrentProcess
         * OpenProcessToken
         * GetTokenInformation
         * CloseHandle
0x40ab44 : 
     - 0x5386bf462f49f3f792f6ee6
     - 0x60001f3f0000000000000000
         * recv
         * GetProcessHeap
         * HeapAlloc
         * UserHook
         * LocalAlloc
         * LocalFree
         * HeapFree
         * WinExec
0x40abb5 : 
     - 0x5386bf462f49f3f792f6ee6
     - 0x62f49f3f0000000000000000
         * recv
         * GetProcessHeap
         * HeapAlloc
         * UserHook
         * LocalAlloc
         * LocalFree
         * HeapFree
         * WinExec
0x40ab44 : 
     - 0x5386bf462f49f3f022f6ee6
     - 0x60001f3f0000000000000000
         * recv
         * GetProcessHeap
         * HeapAlloc
         * UserHook
         * LocalAlloc
         * LocalFree
         * HeapFree
0x40abb5 : 
     - 0x5386bf462f49f3f022f6ee6
     - 0x62f49f3f0000000000000000
         * recv
         * GetProcessHeap
         * HeapAlloc
         * UserHook
         * LocalAlloc
         * LocalFree
         * HeapFree
0x40ab44 : 
     - 0x5386bf462f49f3f0f2f6ee6
     - 0x60001f3f0000000000000000
         * recv
         * GetProcessHeap
         * HeapAlloc
         * UserHook
         * LocalAlloc
         * LocalFree
         * HeapFree
         * VirtualFree
         * ShellExecuteW
0x40abb5 : 
     - 0x5386bf462f49f3f0f2f6ee6
     - 0x62f49f3f0000000000000000
         * recv
         * GetProcessHeap
         * HeapAlloc
         * UserHook
         * LocalAlloc
         * LocalFree
         * HeapFree
         * VirtualFree
         * ShellExecuteW
0x40ab44 : 
     - 0x5386bf462f49f3f0d2f6ee6
     - 0x60001f3f0000000000000000
         * recv
         * GetProcessHeap
         * HeapAlloc
         * UserHook
         * LocalAlloc
         * LocalFree
         * HeapFree
         * lstrlenW
         * VirtualAlloc
         * lstrcpyW
         * WideCharToMultiByte
         * lstrlenA
         * VirtualFree
         * lstrcatA
         * lstrcpyA
         * CreateThread
0x40abb5 : 
     - 0x5386bf462f49f3f0d2f6ee6
     - 0x62f49f3f0000000000000000
         * recv
         * GetProcessHeap
         * HeapAlloc
         * UserHook
         * LocalAlloc
         * LocalFree
         * HeapFree
         * lstrlenW
         * VirtualAlloc
         * lstrcpyW
         * WideCharToMultiByte
         * lstrlenA
         * VirtualFree
         * lstrcatA
         * lstrcpyA
         * CreateThread
0x40ab44 : 
     - 0x5386bf462f49f3f032f6ee6
     - 0x60001f3f0000000000000000
         * recv
         * GetProcessHeap
         * HeapAlloc
         * UserHook
         * LocalAlloc
         * LocalFree
         * HeapFree
         * VirtualFree
         * LoadResource
         * SizeofResource
         * LockResource
         * GetTempPathA
         * lstrcatA
         * CreateFileA
         * WriteFile
         * CloseHandle
         * wsprintfA
         * ShellExecuteExA
0x40abb5 : 
     - 0x5386bf462f49f3f032f6ee6
     - 0x62f49f3f0000000000000000
         * recv
         * GetProcessHeap
         * HeapAlloc
         * UserHook
         * LocalAlloc
         * LocalFree
         * HeapFree
         * VirtualFree
         * LoadResource
         * SizeofResource
         * LockResource
         * GetTempPathA
         * lstrcatA
         * CreateFileA
         * WriteFile
         * CloseHandle
         * wsprintfA
         * ShellExecuteExA
0x40ab44 : 
     - 0x5386bf462f49f3f072f6ee6
     - 0x60001f3f0000000000000000
         * recv
         * GetProcessHeap
         * HeapAlloc
         * UserHook
         * LocalAlloc
         * LocalFree
         * HeapFree
0x40abb5 : 
     - 0x5386bf462f49f3f072f6ee6
     - 0x62f49f3f0000000000000000
         * recv
         * GetProcessHeap
         * HeapAlloc
         * UserHook
         * LocalAlloc
         * LocalFree
         * HeapFree
0x40ab44 : 
     - 0x5386bf462f49f3f122f6ee6
     - 0x60001f3f0000000000000000
         * recv
         * GetProcessHeap
         * HeapAlloc
         * UserHook
         * LocalAlloc
         * LocalFree
         * HeapFree
0x40abb5 : 
     - 0x5386bf462f49f3f122f6ee6
     - 0x62f49f3f0000000000000000
         * recv
         * GetProcessHeap
         * HeapAlloc
         * UserHook
         * LocalAlloc
         * LocalFree
         * HeapFree
0x40ab44 : 
     - 0x5386bf462f49f3f1b2f6ee6
     - 0x60001f3f0000000000000000
         * recv
         * GetProcessHeap
         * HeapAlloc
         * UserHook
         * LocalAlloc
         * LocalFree
         * HeapFree
0x40abb5 : 
     - 0x5386bf462f49f3f1b2f6ee6
     - 0x62f49f3f0000000000000000
         * recv
         * GetProcessHeap
         * HeapAlloc
         * UserHook
         * LocalAlloc
         * LocalFree
         * HeapFree
0x40ab44 : 
     - 0x5386bf462f49f3f192f6ee6
     - 0x60001f3f0000000000000000
         * recv
         * GetProcessHeap
         * HeapAlloc
         * UserHook
         * LocalAlloc
         * LocalFree
         * HeapFree
         * EnterCriticalSection
         * shutdown
         * closesocket
         * LeaveCriticalSection
0x40abb5 : 
     - 0x5386bf462f49f3f192f6ee6
     - 0x62f49f3f0000000000000000
         * recv
         * GetProcessHeap
         * HeapAlloc
         * UserHook
         * LocalAlloc
         * LocalFree
         * HeapFree
         * EnterCriticalSection
         * shutdown
         * closesocket
         * LeaveCriticalSection
0x403c2d : 
     - 0x5386bf462f49f3f1f2f6ee6
         * recv
         * GetProcessHeap
         * HeapAlloc
         * UserHook
         * LocalAlloc
         * LocalFree
         * HeapFree
         * EnterCriticalSection
         * shutdown
         * closesocket
         * LeaveCriticalSection
         * lstrlenW
         * VirtualAlloc
         * lstrcpyW
         * lstrlenA
         * lstrcpyA
         * WideCharToMultiByte
         * VirtualFree
         * lstrcatA
         * CreateThread
0x403c36 : 
     - 0x5386bf462f49f3f1f2f6ee6
         * recv
         * GetProcessHeap
         * HeapAlloc
         * UserHook
         * LocalAlloc
         * LocalFree
         * HeapFree
         * EnterCriticalSection
         * shutdown
         * closesocket
         * LeaveCriticalSection
         * lstrlenW
         * VirtualAlloc
         * lstrcpyW
         * lstrlenA
         * lstrcpyA
         * WideCharToMultiByte
         * VirtualFree
         * lstrcatA
         * CreateThread
0x40aa05 : 
     - 0x5386bf462f49f3f1d2f6ee6
         * recv
         * GetProcessHeap
         * HeapAlloc
         * UserHook
         * LocalAlloc
         * LocalFree
         * HeapFree
         * InitializeCriticalSection
         * DeleteCriticalSection
         * EnterCriticalSection
         * lstrlenW
         * VirtualAlloc
         * lstrcpyW
         * RegOpenKeyExW
         * RegQueryValueExW
         * VirtualFree
         * LoadLibraryA
         * GetProcAddress
         * RtlGetVersion
         * HeapReAlloc
         * lstrlenA
         * lstrcpyA
         * send
0x40a9ec : 
     - 0x5386bf462f49f3f1d2f6ee6
         * recv
         * GetProcessHeap
         * HeapAlloc
         * UserHook
         * LocalAlloc
         * LocalFree
         * HeapFree
         * InitializeCriticalSection
         * DeleteCriticalSection
         * EnterCriticalSection
         * lstrlenW
         * VirtualAlloc
         * lstrcpyW
         * RegOpenKeyExW
         * RegQueryValueExW
         * VirtualFree
         * LoadLibraryA
         * GetProcAddress
         * RtlGetVersion
         * HeapReAlloc
         * lstrlenA
         * lstrcpyA
         * send
0x41ca83 : 
     - 0x5386bf462f49f3f1d2f6ee6
         * recv
         * GetProcessHeap
         * HeapAlloc
         * UserHook
         * LocalAlloc
         * LocalFree
         * HeapFree
         * InitializeCriticalSection
         * DeleteCriticalSection
         * EnterCriticalSection
         * lstrlenW
         * VirtualAlloc
         * lstrcpyW
         * RegOpenKeyExW
         * RegQueryValueExW
         * VirtualFree
         * LoadLibraryA
         * GetProcAddress
         * RtlGetVersion
0x40aa05 : 
     - 0x5386bf462f49f3f1d2f6ee6
         * recv
         * GetProcessHeap
         * HeapAlloc
         * UserHook
         * LocalAlloc
         * LocalFree
         * HeapFree
         * InitializeCriticalSection
         * DeleteCriticalSection
         * EnterCriticalSection
         * lstrlenW
         * VirtualAlloc
         * lstrcpyW
         * RegOpenKeyExW
         * RegQueryValueExW
         * VirtualFree
         * LoadLibraryA
         * GetProcAddress
         * RtlGetVersion
         * GetCurrentProcess
         * OpenProcessToken
         * GetTokenInformation
         * CloseHandle
         * lstrlenA
         * lstrcpyA
         * MultiByteToWideChar
         * lstrcatW
         * RegCreateKeyExA
         * RegSetValueExW
         * RegCloseKey
         * NetUserAdd
         * HeapReAlloc
         * send
0x40a9ec : 
     - 0x5386bf462f49f3f1d2f6ee6
         * recv
         * GetProcessHeap
         * HeapAlloc
         * UserHook
         * LocalAlloc
         * LocalFree
         * HeapFree
         * InitializeCriticalSection
         * DeleteCriticalSection
         * EnterCriticalSection
         * lstrlenW
         * VirtualAlloc
         * lstrcpyW
         * RegOpenKeyExW
         * RegQueryValueExW
         * VirtualFree
         * LoadLibraryA
         * GetProcAddress
         * RtlGetVersion
         * GetCurrentProcess
         * OpenProcessToken
         * GetTokenInformation
         * CloseHandle
         * lstrlenA
         * lstrcpyA
         * MultiByteToWideChar
         * lstrcatW
         * RegCreateKeyExA
         * RegSetValueExW
         * RegCloseKey
         * NetUserAdd
         * HeapReAlloc
         * send
0x40aa05 : 
     - 0x5386bf462f49f3f1d2f6ee6
         * recv
         * GetProcessHeap
         * HeapAlloc
         * UserHook
         * LocalAlloc
         * LocalFree
         * HeapFree
         * InitializeCriticalSection
         * DeleteCriticalSection
         * EnterCriticalSection
         * lstrlenW
         * VirtualAlloc
         * lstrcpyW
         * RegOpenKeyExW
         * RegQueryValueExW
         * VirtualFree
         * LoadLibraryA
         * GetProcAddress
         * RtlGetVersion
         * GetCurrentProcess
         * OpenProcessToken
         * GetTokenInformation
         * CloseHandle
         * lstrlenA
         * lstrcpyA
         * MultiByteToWideChar
         * lstrcatW
         * RegCreateKeyExA
         * RegSetValueExW
         * RegCloseKey
         * NetUserAdd
         * AllocateAndInitializeSid
         * LookupAccountSidW
         * NetLocalGroupAddMembers
         * HeapReAlloc
         * send
0x40a9ec : 
     - 0x5386bf462f49f3f1d2f6ee6
         * recv
         * GetProcessHeap
         * HeapAlloc
         * UserHook
         * LocalAlloc
         * LocalFree
         * HeapFree
         * InitializeCriticalSection
         * DeleteCriticalSection
         * EnterCriticalSection
         * lstrlenW
         * VirtualAlloc
         * lstrcpyW
         * RegOpenKeyExW
         * RegQueryValueExW
         * VirtualFree
         * LoadLibraryA
         * GetProcAddress
         * RtlGetVersion
         * GetCurrentProcess
         * OpenProcessToken
         * GetTokenInformation
         * CloseHandle
         * lstrlenA
         * lstrcpyA
         * MultiByteToWideChar
         * lstrcatW
         * RegCreateKeyExA
         * RegSetValueExW
         * RegCloseKey
         * NetUserAdd
         * AllocateAndInitializeSid
         * LookupAccountSidW
         * NetLocalGroupAddMembers
         * HeapReAlloc
         * send
0x403c2d : 
     - 0x5386bf462f49f3f1d2f6ee6
         * recv
         * GetProcessHeap
         * HeapAlloc
         * UserHook
         * LocalAlloc
         * LocalFree
         * HeapFree
         * InitializeCriticalSection
         * DeleteCriticalSection
         * EnterCriticalSection
         * lstrlenW
         * VirtualAlloc
         * lstrcpyW
         * RegOpenKeyExW
         * RegQueryValueExW
         * VirtualFree
         * LoadLibraryA
         * GetProcAddress
         * RtlGetVersion
         * GetCurrentProcess
         * OpenProcessToken
         * GetTokenInformation
         * CloseHandle
         * lstrlenA
         * lstrcpyA
         * MultiByteToWideChar
         * lstrcatW
         * RegCreateKeyExA
         * RegSetValueExW
         * RegCloseKey
         * NetUserAdd
         * AllocateAndInitializeSid
         * LookupAccountSidW
         * NetLocalGroupAddMembers
         * CreateThread
0x403c36 : 
     - 0x5386bf462f49f3f1d2f6ee6
         * recv
         * GetProcessHeap
         * HeapAlloc
         * UserHook
         * LocalAlloc
         * LocalFree
         * HeapFree
         * InitializeCriticalSection
         * DeleteCriticalSection
         * EnterCriticalSection
         * lstrlenW
         * VirtualAlloc
         * lstrcpyW
         * RegOpenKeyExW
         * RegQueryValueExW
         * VirtualFree
         * LoadLibraryA
         * GetProcAddress
         * RtlGetVersion
         * GetCurrentProcess
         * OpenProcessToken
         * GetTokenInformation
         * CloseHandle
         * lstrlenA
         * lstrcpyA
         * MultiByteToWideChar
         * lstrcatW
         * RegCreateKeyExA
         * RegSetValueExW
         * RegCloseKey
         * NetUserAdd
         * AllocateAndInitializeSid
         * LookupAccountSidW
         * NetLocalGroupAddMembers
         * CreateThread
0x41ac0c : 
     - 0x5386bf462f49f3f1d2f6ee6
         * recv
         * GetProcessHeap
         * HeapAlloc
         * UserHook
         * LocalAlloc
         * LocalFree
         * HeapFree
         * InitializeCriticalSection
         * DeleteCriticalSection
         * EnterCriticalSection
         * lstrlenW
         * VirtualAlloc
         * lstrcpyW
         * RegOpenKeyExW
         * RegQueryValueExW
         * VirtualFree
         * LoadLibraryA
         * GetProcAddress
         * RtlGetVersion
         * GetCurrentProcess
         * OpenProcessToken
         * GetTokenInformation
         * CloseHandle
         * lstrlenA
         * lstrcpyA
         * MultiByteToWideChar
         * lstrcatW
         * RegCreateKeyExA
         * RegSetValueExW
         * RegCloseKey
         * NetUserAdd
         * AllocateAndInitializeSid
         * LookupAccountSidW
         * GetLastError
         * NetLocalGroupAddMembers
0x41ac10 : 
     - 0x5386bf462f49f3f1d2f6ee6
         * recv
         * GetProcessHeap
         * HeapAlloc
         * UserHook
         * LocalAlloc
         * LocalFree
         * HeapFree
         * InitializeCriticalSection
         * DeleteCriticalSection
         * EnterCriticalSection
         * lstrlenW
         * VirtualAlloc
         * lstrcpyW
         * RegOpenKeyExW
         * RegQueryValueExW
         * VirtualFree
         * LoadLibraryA
         * GetProcAddress
         * RtlGetVersion
         * GetCurrentProcess
         * OpenProcessToken
         * GetTokenInformation
         * CloseHandle
         * lstrlenA
         * lstrcpyA
         * MultiByteToWideChar
         * lstrcatW
         * RegCreateKeyExA
         * RegSetValueExW
         * RegCloseKey
         * NetUserAdd
         * AllocateAndInitializeSid
         * LookupAccountSidW
         * GetLastError
         * NetLocalGroupAddMembers
0x41ac0c : 
     - 0x5386bf462f49f3f1d2f6ee6
         * recv
         * GetProcessHeap
         * HeapAlloc
         * UserHook
         * LocalAlloc
         * LocalFree
         * HeapFree
         * InitializeCriticalSection
         * DeleteCriticalSection
         * EnterCriticalSection
         * lstrlenW
         * VirtualAlloc
         * lstrcpyW
         * RegOpenKeyExW
         * RegQueryValueExW
         * VirtualFree
         * LoadLibraryA
         * GetProcAddress
         * RtlGetVersion
         * GetCurrentProcess
         * OpenProcessToken
         * GetTokenInformation
         * CloseHandle
         * lstrlenA
         * lstrcpyA
         * MultiByteToWideChar
         * lstrcatW
         * RegCreateKeyExA
         * RegSetValueExW
         * RegCloseKey
         * NetUserAdd
         * AllocateAndInitializeSid
         * GetLastError
         * NetLocalGroupAddMembers
0x41ac10 : 
     - 0x5386bf462f49f3f1d2f6ee6
         * recv
         * GetProcessHeap
         * HeapAlloc
         * UserHook
         * LocalAlloc
         * LocalFree
         * HeapFree
         * InitializeCriticalSection
         * DeleteCriticalSection
         * EnterCriticalSection
         * lstrlenW
         * VirtualAlloc
         * lstrcpyW
         * RegOpenKeyExW
         * RegQueryValueExW
         * VirtualFree
         * LoadLibraryA
         * GetProcAddress
         * RtlGetVersion
         * GetCurrentProcess
         * OpenProcessToken
         * GetTokenInformation
         * CloseHandle
         * lstrlenA
         * lstrcpyA
         * MultiByteToWideChar
         * lstrcatW
         * RegCreateKeyExA
         * RegSetValueExW
         * RegCloseKey
         * NetUserAdd
         * AllocateAndInitializeSid
         * GetLastError
         * NetLocalGroupAddMembers
0x4208b7 : 
     - 0x5386bf462f49f3f1d2f6ee6
         * recv
         * GetProcessHeap
         * HeapAlloc
         * UserHook
         * LocalAlloc
         * LocalFree
         * HeapFree
         * InitializeCriticalSection
         * DeleteCriticalSection
         * EnterCriticalSection
         * lstrlenW
         * VirtualAlloc
         * lstrcpyW
         * RegOpenKeyExW
         * RegQueryValueExW
0x41df79 : 
     - 0x5386bf462f49f3f1d2f6ee6
         * recv
         * GetProcessHeap
         * HeapAlloc
         * UserHook
         * LocalAlloc
         * LocalFree
         * HeapFree
         * InitializeCriticalSection
         * DeleteCriticalSection
         * EnterCriticalSection
         * lstrlenW
         * VirtualAlloc
         * lstrcpyW
         * RegOpenKeyExW
         * RegQueryValueExW
         * VirtualFree
         * lstrcmpW
         * LeaveCriticalSection
         * LoadLibraryA
         * GetProcAddress
         * RtlGetVersion
0x41df71 : 
     - 0x5386bf462f49f3f1d2f6ee6
         * recv
         * GetProcessHeap
         * HeapAlloc
         * UserHook
         * LocalAlloc
         * LocalFree
         * HeapFree
         * InitializeCriticalSection
         * DeleteCriticalSection
         * EnterCriticalSection
         * lstrlenW
         * VirtualAlloc
         * lstrcpyW
         * RegOpenKeyExW
         * RegQueryValueExW
         * VirtualFree
         * lstrcmpW
         * LeaveCriticalSection
         * LoadLibraryA
         * GetProcAddress
         * RtlGetVersion
0x403c2d : 
     - 0x5386bf462f49f3f052f6ee6
         * recv
         * GetProcessHeap
         * HeapAlloc
         * UserHook
         * LocalAlloc
         * LocalFree
         * HeapFree
         * lstrlenW
         * VirtualAlloc
         * lstrcpyW
         * WideCharToMultiByte
         * lstrlenA
         * VirtualFree
         * lstrcatA
         * lstrcpyA
         * inet_addr
         * CreateThread
0x403c36 : 
     - 0x5386bf462f49f3f052f6ee6
         * recv
         * GetProcessHeap
         * HeapAlloc
         * UserHook
         * LocalAlloc
         * LocalFree
         * HeapFree
         * lstrlenW
         * VirtualAlloc
         * lstrcpyW
         * WideCharToMultiByte
         * lstrlenA
         * VirtualFree
         * lstrcatA
         * lstrcpyA
         * inet_addr
         * CreateThread
0x403c2d : 
     - 0x5386bf462f49f3f052f6ee6
         * recv
         * GetProcessHeap
         * HeapAlloc
         * UserHook
         * LocalAlloc
         * LocalFree
         * HeapFree
         * lstrlenW
         * VirtualAlloc
         * lstrcpyW
         * WideCharToMultiByte
         * lstrlenA
         * VirtualFree
         * lstrcatA
         * lstrcpyA
         * inet_addr
         * getaddrinfo
         * CreateThread
0x403c36 : 
     - 0x5386bf462f49f3f052f6ee6
         * recv
         * GetProcessHeap
         * HeapAlloc
         * UserHook
         * LocalAlloc
         * LocalFree
         * HeapFree
         * lstrlenW
         * VirtualAlloc
         * lstrcpyW
         * WideCharToMultiByte
         * lstrlenA
         * VirtualFree
         * lstrcatA
         * lstrcpyA
         * inet_addr
         * getaddrinfo
         * CreateThread
0x40aa05 : 
     - 0x5386bf462f49f3f092f6ee6
         * recv
         * GetProcessHeap
         * HeapAlloc
         * UserHook
         * LocalAlloc
         * LocalFree
         * HeapFree
         * SHGetFolderPathW
         * lstrcatW
         * lstrlenW
         * VirtualAlloc
         * lstrcpyW
         * VirtualFree
         * HeapReAlloc
         * lstrlenA
         * lstrcpyA
         * send
0x40a9ec : 
     - 0x5386bf462f49f3f092f6ee6
         * recv
         * GetProcessHeap
         * HeapAlloc
         * UserHook
         * LocalAlloc
         * LocalFree
         * HeapFree
         * SHGetFolderPathW
         * lstrcatW
         * lstrlenW
         * VirtualAlloc
         * lstrcpyW
         * VirtualFree
         * HeapReAlloc
         * lstrlenA
         * lstrcpyA
         * send
0x40ab44 : 
     - 0x5386bf462f49f3f162f6ee6
     - 0x60001f3f0000000000000000
         * recv
         * GetProcessHeap
         * HeapAlloc
         * UserHook
         * LocalAlloc
         * LocalFree
         * HeapFree
0x40abb5 : 
     - 0x5386bf462f49f3f162f6ee6
     - 0x62f49f3f0000000000000000
         * recv
         * GetProcessHeap
         * HeapAlloc
         * UserHook
         * LocalAlloc
         * LocalFree
         * HeapFree
0x403c2d : 
     - 0x5386bf462f49f3f112f6ee6
         * recv
         * GetProcessHeap
         * HeapAlloc
         * UserHook
         * LocalAlloc
         * LocalFree
         * HeapFree
         * InitializeCriticalSection
         * DeleteCriticalSection
         * EnterCriticalSection
         * GetModuleHandleA
         * CreateThread
0x403c36 : 
     - 0x5386bf462f49f3f112f6ee6
         * recv
         * GetProcessHeap
         * HeapAlloc
         * UserHook
         * LocalAlloc
         * LocalFree
         * HeapFree
         * InitializeCriticalSection
         * DeleteCriticalSection
         * EnterCriticalSection
         * GetModuleHandleA
         * CreateThread
0x40aa05 : 
     - 0x5386bf462f49f3f172f6ee6
         * recv
         * GetProcessHeap
         * HeapAlloc
         * UserHook
         * LocalAlloc
         * LocalFree
         * HeapFree
         * VirtualFree
         * SHGetSpecialFolderPathW
         * lstrlenW
         * VirtualAlloc
         * lstrcpyW
         * VirtualQuery
         * lstrcatW
         * lstrlenA
         * lstrcpyA
         * MultiByteToWideChar
         * URLDownloadToFileW
         * ShellExecuteW
         * HeapReAlloc
         * send
0x40a9ec : 
     - 0x5386bf462f49f3f172f6ee6
         * recv
         * GetProcessHeap
         * HeapAlloc
         * UserHook
         * LocalAlloc
         * LocalFree
         * HeapFree
         * VirtualFree
         * SHGetSpecialFolderPathW
         * lstrlenW
         * VirtualAlloc
         * lstrcpyW
         * VirtualQuery
         * lstrcatW
         * lstrlenA
         * lstrcpyA
         * MultiByteToWideChar
         * URLDownloadToFileW
         * ShellExecuteW
         * HeapReAlloc
         * send
0x403c2d : 
     - 0x5386bf462f49f3f152f6ee6
         * recv
         * GetProcessHeap
         * HeapAlloc
         * UserHook
         * LocalAlloc
         * LocalFree
         * HeapFree
         * VirtualFree
         * CreateThread
0x403c36 : 
     - 0x5386bf462f49f3f152f6ee6
         * recv
         * GetProcessHeap
         * HeapAlloc
         * UserHook
         * LocalAlloc
         * LocalFree
         * HeapFree
         * VirtualFree
         * CreateThread
0x40ab44 : 
     - 0x5386bf462f49f3f2b2f6ee6
     - 0x60001f3f0000000000000000
         * recv
         * GetProcessHeap
         * HeapAlloc
         * UserHook
         * LocalAlloc
         * LocalFree
         * HeapFree
         * SetEvent
0x40abb5 : 
     - 0x5386bf462f49f3f2b2f6ee6
     - 0x62f49f3f0000000000000000
         * recv
         * GetProcessHeap
         * HeapAlloc
         * UserHook
         * LocalAlloc
         * LocalFree
         * HeapFree
         * SetEvent
0x40ab44 : 
     - 0x5386bf462f49f3f2c2f6ee6
     - 0x60001f3f0000000000000000
         * recv
         * GetProcessHeap
         * HeapAlloc
         * UserHook
         * LocalAlloc
         * LocalFree
         * HeapFree
0x40abb5 : 
     - 0x5386bf462f49f3f2c2f6ee6
     - 0x62f49f3f0000000000000000
         * recv
         * GetProcessHeap
         * HeapAlloc
         * UserHook
         * LocalAlloc
         * LocalFree
         * HeapFree
0x40aa05 : 
     - 0x5386bf462f49f3f2d2f6ee6
         * recv
         * GetProcessHeap
         * HeapAlloc
         * UserHook
         * LocalAlloc
         * LocalFree
         * HeapFree
         * GetLastInputInfo
         * GetTickCount
         * GetForegroundWindow
         * GetWindowTextW
         * lstrlenW
         * VirtualAlloc
         * lstrcpyW
         * HeapReAlloc
         * VirtualFree
         * lstrlenA
         * lstrcpyA
         * send
0x40a9ec : 
     - 0x5386bf462f49f3f2d2f6ee6
         * recv
         * GetProcessHeap
         * HeapAlloc
         * UserHook
         * LocalAlloc
         * LocalFree
         * HeapFree
         * GetLastInputInfo
         * GetTickCount
         * GetForegroundWindow
         * GetWindowTextW
         * lstrlenW
         * VirtualAlloc
         * lstrcpyW
         * HeapReAlloc
         * VirtualFree
         * lstrlenA
         * lstrcpyA
         * send
0x41f362 : 
     - 0x5386bf462f49f3f232f6ee6
         * recv
         * GetProcessHeap
         * HeapAlloc
         * UserHook
         * LocalAlloc
         * LocalFree
         * HeapFree
         * WaitForSingleObject
0x41f36d : 
     - 0x5386bf462f49f3f232f6ee6
         * recv
         * GetProcessHeap
         * HeapAlloc
         * UserHook
         * LocalAlloc
         * LocalFree
         * HeapFree
         * WaitForSingleObject
0x41f362 : 
     - 0x5386bf462f49f3f212f6ee6
         * recv
         * GetProcessHeap
         * HeapAlloc
         * UserHook
         * LocalAlloc
         * LocalFree
         * HeapFree
         * WaitForSingleObject
0x41f36d : 
     - 0x5386bf462f49f3f212f6ee6
         * recv
         * GetProcessHeap
         * HeapAlloc
         * UserHook
         * LocalAlloc
         * LocalFree
         * HeapFree
         * WaitForSingleObject
0x41ee64 : 
     - 0x5386bf462f49f3f292f6ee6
         * recv
         * GetProcessHeap
         * HeapAlloc
         * UserHook
         * LocalAlloc
         * LocalFree
         * HeapFree
         * VirtualFree
         * GetTempPathW
         * lstrlenW
         * VirtualAlloc
         * lstrcpyW
         * wsprintfW
         * VirtualQuery
         * lstrcatW
         * SHFileOperationW
0x41ee5b : 
     - 0x5386bf462f49f3f292f6ee6
         * recv
         * GetProcessHeap
         * HeapAlloc
         * UserHook
         * LocalAlloc
         * LocalFree
         * HeapFree
         * VirtualFree
         * GetTempPathW
         * lstrlenW
         * VirtualAlloc
         * lstrcpyW
         * wsprintfW
         * VirtualQuery
         * lstrcatW
         * SHFileOperationW
0x40ab44 : 
     - 0x5386bf462f49f3f242f6ee6
     - 0x60001f3f0000000000000000
         * recv
         * GetProcessHeap
         * HeapAlloc
         * UserHook
         * LocalAlloc
         * LocalFree
         * HeapFree
0x40abb5 : 
     - 0x5386bf462f49f3f242f6ee6
     - 0x62f49f3f0000000000000000
         * recv
         * GetProcessHeap
         * HeapAlloc
         * UserHook
         * LocalAlloc
         * LocalFree
         * HeapFree
0x41f362 : 
     - 0x5386bf462f49f3f252f6ee6
         * recv
         * GetProcessHeap
         * HeapAlloc
         * UserHook
         * LocalAlloc
         * LocalFree
         * HeapFree
         * CreateMutexA
         * WaitForSingleObject
0x41f36d : 
     - 0x5386bf462f49f3f252f6ee6
         * recv
         * GetProcessHeap
         * HeapAlloc
         * UserHook
         * LocalAlloc
         * LocalFree
         * HeapFree
         * CreateMutexA
         * WaitForSingleObject
0x40ab44 : 
     - 0x5386bf462f49f3f3b2f6ee6
     - 0x60001f3f0000000000000000
         * recv
         * GetProcessHeap
         * HeapAlloc
         * UserHook
         * LocalAlloc
         * LocalFree
         * HeapFree
         * VirtualFree
         * lstrlenA
         * VirtualAlloc
         * lstrcpyA
         * lstrcmpA
0x40abb5 : 
     - 0x5386bf462f49f3f3b2f6ee6
     - 0x62f49f3f0000000000000000
         * recv
         * GetProcessHeap
         * HeapAlloc
         * UserHook
         * LocalAlloc
         * LocalFree
         * HeapFree
         * VirtualFree
         * lstrlenA
         * VirtualAlloc
         * lstrcpyA
         * lstrcmpA
0x40aa05 : 
     - 0x5386bf462f49f3f392f6ee6
         * recv
         * GetProcessHeap
         * HeapAlloc
         * UserHook
         * LocalAlloc
         * LocalFree
         * HeapFree
         * OpenProcess
         * GetLastError
         * CreateToolhelp32Snapshot
         * Process32FirstW
         * CloseHandle
         * VirtualFree
         * HeapReAlloc
         * lstrlenA
         * VirtualAlloc
         * lstrcpyA
         * send
0x40a9ec : 
     - 0x5386bf462f49f3f392f6ee6
         * recv
         * GetProcessHeap
         * HeapAlloc
         * UserHook
         * LocalAlloc
         * LocalFree
         * HeapFree
         * OpenProcess
         * GetLastError
         * CreateToolhelp32Snapshot
         * Process32FirstW
         * CloseHandle
         * VirtualFree
         * HeapReAlloc
         * lstrlenA
         * VirtualAlloc
         * lstrcpyA
         * send
0x40aa05 : 
     - 0x5386bf462f49f3f392f6ee6
         * recv
         * GetProcessHeap
         * HeapAlloc
         * UserHook
         * LocalAlloc
         * LocalFree
         * HeapFree
         * OpenProcess
         * GetLastError
         * CreateToolhelp32Snapshot
         * VirtualFree
         * HeapReAlloc
         * lstrlenA
         * VirtualAlloc
         * lstrcpyA
         * send
0x40a9ec : 
     - 0x5386bf462f49f3f392f6ee6
         * recv
         * GetProcessHeap
         * HeapAlloc
         * UserHook
         * LocalAlloc
         * LocalFree
         * HeapFree
         * OpenProcess
         * GetLastError
         * CreateToolhelp32Snapshot
         * VirtualFree
         * HeapReAlloc
         * lstrlenA
         * VirtualAlloc
         * lstrcpyA
         * send
0x41ee64 : 
     - 0x5386bf462f49f3f3f2f6ee6
         * recv
         * GetProcessHeap
         * HeapAlloc
         * UserHook
         * LocalAlloc
         * LocalFree
         * HeapFree
         * VirtualFree
         * SetLastError
         * SHFileOperationW
0x41ee5b : 
     - 0x5386bf462f49f3f3f2f6ee6
         * recv
         * GetProcessHeap
         * HeapAlloc
         * UserHook
         * LocalAlloc
         * LocalFree
         * HeapFree
         * VirtualFree
         * SetLastError
         * SHFileOperationW
0x40ab44 : 
     - 0x5386bf462f49f3f302f6ee6
     - 0x60001f3f0000000000000000
         * recv
         * GetProcessHeap
         * HeapAlloc
         * UserHook
         * LocalAlloc
         * LocalFree
         * HeapFree
0x40abb5 : 
     - 0x5386bf462f49f3f302f6ee6
     - 0x62f49f3f0000000000000000
         * recv
         * GetProcessHeap
         * HeapAlloc
         * UserHook
         * LocalAlloc
         * LocalFree
         * HeapFree
0x41eed3 : 
     - 0x5386bf462f49f3f332f6ee6
         * recv
         * GetProcessHeap
         * HeapAlloc
         * UserHook
         * LocalAlloc
         * LocalFree
         * HeapFree
         * VirtualFree
         * FindFirstFileW
0x41eeaf : 
     - 0x5386bf462f49f3f332f6ee6
         * recv
         * GetProcessHeap
         * HeapAlloc
         * UserHook
         * LocalAlloc
         * LocalFree
         * HeapFree
         * VirtualFree
         * FindFirstFileW

