2021-12-03 10:07:41,500 [cuckoo.core.scheduler] INFO: Task #27: acquired machine cuckoo1 (label=cuckoo1)
2021-12-03 10:07:41,501 [cuckoo.core.resultserver] DEBUG: Now tracking machine 192.168.122.227 for task #27
2021-12-03 10:07:41,501 [cuckoo.core.plugins] DEBUG: Started auxiliary module: Replay
2021-12-03 10:07:41,506 [cuckoo.auxiliary.sniffer] INFO: Started sniffer with PID 44274 (interface=qemubr, host=192.168.122.227)
2021-12-03 10:07:41,507 [cuckoo.core.plugins] DEBUG: Started auxiliary module: Sniffer
2021-12-03 10:07:41,520 [cuckoo.machinery.qemu] DEBUG: Starting vm cuckoo1
2021-12-03 10:07:41,540 [cuckoo.machinery.qemu] DEBUG: Executing QEMU ['qemu-system-x86_64', '-display', 'none', '-m', '1024M', '-hda', '/home/crochetch/Documents/PhD/VMImages/images/snapshot_cuckoo1.qcow2', '-net', 'tap,ifname=tap_cuckoo1,script=no,downscript=no', '-net', 'nic,macaddr=52:54:00:12:34:56', '-enable-kvm']
2021-12-03 10:07:41,565 [cuckoo.core.guest] INFO: Starting analysis #27 on guest (id=cuckoo1, ip=192.168.122.227)
2021-12-03 10:07:41,569 [cuckoo.core.guest] INFO: Guest is running Cuckoo Agent 0.10 (id=cuckoo1, ip=192.168.122.227)
2021-12-03 10:07:41,573 [cuckoo.core.guest] DEBUG: Uploading analyzer to guest (id=cuckoo1, ip=192.168.122.227, monitor=latest, size=30619)
2021-12-03 10:07:41,628 [cuckoo.core.resultserver] DEBUG: Task #27: live log analysis.log initialized.
2021-12-03 10:07:46,027 [cuckoo.core.resultserver] DEBUG: Task #27: File upload for 'logs/all.stap'
2021-12-03 10:07:46,028 [cuckoo.core.resultserver] DEBUG: Task #27 uploaded file length: 7496
2021-12-03 10:07:46,630 [cuckoo.core.guest] DEBUG: cuckoo1: analysis #27 still processing
2021-12-03 10:07:51,659 [cuckoo.core.guest] DEBUG: cuckoo1: analysis #27 still processing
2021-12-03 10:07:56,688 [cuckoo.core.guest] DEBUG: cuckoo1: analysis #27 still processing
2021-12-03 10:08:01,712 [cuckoo.core.guest] DEBUG: cuckoo1: analysis #27 still processing
2021-12-03 10:08:06,747 [cuckoo.core.guest] DEBUG: cuckoo1: analysis #27 still processing
2021-12-03 10:08:11,779 [cuckoo.core.guest] DEBUG: cuckoo1: analysis #27 still processing
2021-12-03 10:08:16,811 [cuckoo.core.guest] DEBUG: cuckoo1: analysis #27 still processing
2021-12-03 10:08:21,844 [cuckoo.core.guest] DEBUG: cuckoo1: analysis #27 still processing
2021-12-03 10:08:26,880 [cuckoo.core.guest] DEBUG: cuckoo1: analysis #27 still processing
2021-12-03 10:08:31,916 [cuckoo.core.guest] DEBUG: cuckoo1: analysis #27 still processing
2021-12-03 10:08:36,951 [cuckoo.core.guest] DEBUG: cuckoo1: analysis #27 still processing
2021-12-03 10:08:41,984 [cuckoo.core.guest] DEBUG: cuckoo1: analysis #27 still processing
2021-12-03 10:08:47,017 [cuckoo.core.guest] DEBUG: cuckoo1: analysis #27 still processing
2021-12-03 10:08:52,042 [cuckoo.core.guest] DEBUG: cuckoo1: analysis #27 still processing
2021-12-03 10:08:57,067 [cuckoo.core.guest] DEBUG: cuckoo1: analysis #27 still processing
2021-12-03 10:09:02,104 [cuckoo.core.guest] DEBUG: cuckoo1: analysis #27 still processing
2021-12-03 10:09:07,139 [cuckoo.core.guest] DEBUG: cuckoo1: analysis #27 still processing
2021-12-03 10:09:12,177 [cuckoo.core.guest] DEBUG: cuckoo1: analysis #27 still processing
2021-12-03 10:09:17,208 [cuckoo.core.guest] DEBUG: cuckoo1: analysis #27 still processing
2021-12-03 10:09:22,241 [cuckoo.core.guest] DEBUG: cuckoo1: analysis #27 still processing
2021-12-03 10:09:27,273 [cuckoo.core.guest] DEBUG: cuckoo1: analysis #27 still processing
2021-12-03 10:09:32,304 [cuckoo.core.guest] DEBUG: cuckoo1: analysis #27 still processing
2021-12-03 10:09:37,336 [cuckoo.core.guest] DEBUG: cuckoo1: analysis #27 still processing
2021-12-03 10:09:42,375 [cuckoo.core.guest] DEBUG: cuckoo1: analysis #27 still processing
2021-12-03 10:09:47,405 [cuckoo.core.guest] DEBUG: cuckoo1: analysis #27 still processing
2021-12-03 10:09:52,435 [cuckoo.core.guest] DEBUG: cuckoo1: analysis #27 still processing
2021-12-03 10:09:57,468 [cuckoo.core.guest] DEBUG: cuckoo1: analysis #27 still processing
2021-12-03 10:10:02,503 [cuckoo.core.guest] DEBUG: cuckoo1: analysis #27 still processing
2021-12-03 10:10:07,536 [cuckoo.core.guest] DEBUG: cuckoo1: analysis #27 still processing
2021-12-03 10:10:12,565 [cuckoo.core.guest] DEBUG: cuckoo1: analysis #27 still processing
2021-12-03 10:10:17,595 [cuckoo.core.guest] DEBUG: cuckoo1: analysis #27 still processing
2021-12-03 10:10:22,625 [cuckoo.core.guest] DEBUG: cuckoo1: analysis #27 still processing
2021-12-03 10:10:27,654 [cuckoo.core.guest] DEBUG: cuckoo1: analysis #27 still processing
2021-12-03 10:10:32,681 [cuckoo.core.guest] DEBUG: cuckoo1: analysis #27 still processing
2021-12-03 10:10:37,704 [cuckoo.core.guest] DEBUG: cuckoo1: analysis #27 still processing
2021-12-03 10:10:41,725 [cuckoo.core.guest] INFO: cuckoo1: end of analysis reached!
2021-12-03 10:10:41,738 [cuckoo.core.plugins] DEBUG: Stopped auxiliary module: Replay
2021-12-03 10:10:41,738 [cuckoo.core.plugins] ERROR: Unable to stop auxiliary module: Sniffer
Traceback (most recent call last):
  File "/home/crochetch/Documents/toolchain_malware_analysis/penv-2.7/lib/python2.7/site-packages/Cuckoo-2.0.7-py2.7.egg/cuckoo/core/plugins.py", line 164, in stop
    module.stop()
  File "/home/crochetch/Documents/toolchain_malware_analysis/penv-2.7/lib/python2.7/site-packages/Cuckoo-2.0.7-py2.7.egg/cuckoo/auxiliary/sniffer.py", line 156, in stop
    (out, err, faq("permission-denied-for-tcpdump"))
CuckooOperationalError: Error running tcpdump to sniff the network traffic during the analysis; stdout = '' and stderr = 'tcpdump: qemubr: No such device exists\n(SIOCGIFHWADDR: No such device)\n'. Did you enable the extra capabilities to allow running tcpdump as non-root user and disable AppArmor properly (the latter only applies to Ubuntu-based distributions with AppArmor, see also https://cuckoo.sh/docs/faq/index.html#permission-denied-for-tcpdump)?
2021-12-03 10:10:41,747 [cuckoo.machinery.qemu] DEBUG: Stopping vm cuckoo1
2021-12-03 10:10:41,757 [cuckoo.core.resultserver] DEBUG: Stopped tracking machine 192.168.122.227 for task #27
2021-12-03 10:10:41,763 [cuckoo.core.scheduler] DEBUG: Released database task #27
2021-12-03 10:10:41,778 [cuckoo.core.plugins] DEBUG: Executed processing module "AnalysisInfo" for task #27
2021-12-03 10:10:41,783 [cuckoo.core.plugins] DEBUG: Executed processing module "BehaviorAnalysis" for task #27
2021-12-03 10:10:41,783 [cuckoo.core.plugins] DEBUG: Executed processing module "Dropped" for task #27
2021-12-03 10:10:41,784 [cuckoo.core.plugins] DEBUG: Executed processing module "DroppedBuffer" for task #27
2021-12-03 10:10:41,784 [cuckoo.core.plugins] DEBUG: Executed processing module "MetaInfo" for task #27
2021-12-03 10:10:41,784 [cuckoo.core.plugins] DEBUG: Executed processing module "ProcessMemory" for task #27
2021-12-03 10:10:41,785 [cuckoo.core.plugins] DEBUG: Executed processing module "Procmon" for task #27
2021-12-03 10:10:41,785 [cuckoo.core.plugins] DEBUG: Executed processing module "Screenshots" for task #27
2021-12-03 10:10:41,786 [cuckoo.core.plugins] DEBUG: Executed processing module "Static" for task #27
2021-12-03 10:10:41,789 [cuckoo.core.plugins] DEBUG: Executed processing module "Strings" for task #27
2021-12-03 10:10:41,791 [cuckoo.core.plugins] DEBUG: Executed processing module "TargetInfo" for task #27
2021-12-03 10:10:41,792 [cuckoo.processing.network] WARNING: The PCAP file does not exist at path "/home/crochetch/Documents/toolchain_malware_analysis/src/sandboxes/.cuckoo/storage/analyses/27/dump.pcap".
2021-12-03 10:10:41,792 [cuckoo.core.plugins] DEBUG: Executed processing module "NetworkAnalysis" for task #27
2021-12-03 10:10:41,792 [cuckoo.core.plugins] DEBUG: Executed processing module "Extracted" for task #27
2021-12-03 10:10:41,792 [cuckoo.core.plugins] DEBUG: Executed processing module "TLSMasterSecrets" for task #27
2021-12-03 10:10:41,794 [cuckoo.core.plugins] DEBUG: Executed processing module "Debug" for task #27
2021-12-03 10:10:41,794 [cuckoo.core.plugins] DEBUG: Running 0 signatures
2021-12-03 10:10:41,807 [cuckoo.core.plugins] DEBUG: Executed reporting module "JsonDump"
2021-12-03 10:10:41,843 [cuckoo.core.plugins] DEBUG: Executed reporting module "SingleFile"
2021-12-03 10:10:41,851 [cuckoo.core.plugins] DEBUG: Executed reporting module "MongoDB"
2021-12-03 10:10:41,852 [cuckoo.core.scheduler] INFO: Task #27: reports generation completed
2021-12-03 10:10:41,857 [cuckoo.core.scheduler] INFO: Task #27: analysis procedure completed
