[1;33;40mWARNING - 2023-01-04 10:30:54,228 - [34mangr.project[0m - [34mDisabling IRSB translation cache because support for self-modifying code is enabled.[0m[0m
[1;32;40mINFO - 2023-01-04 10:30:55,009 - [33mwerkzeug[0m - [33m172.17.0.1 - - [04/Jan/2023 10:30:55] "GET /iteration-scdg HTTP/1.1" 200 -[0m[0m
[1;32;40mINFO - 2023-01-04 10:30:55,025 - [33mwerkzeug[0m - [33m172.17.0.1 - - [04/Jan/2023 10:30:55] "GET /progress-scdg HTTP/1.1" 200 -[0m[0m
[1;32;40mINFO - 2023-01-04 10:30:57,011 - [33mwerkzeug[0m - [33m172.17.0.1 - - [04/Jan/2023 10:30:57] "GET /iteration-scdg HTTP/1.1" 200 -[0m[0m
[1;32;40mINFO - 2023-01-04 10:30:57,017 - [33mwerkzeug[0m - [33m172.17.0.1 - - [04/Jan/2023 10:30:57] "GET /progress-scdg HTTP/1.1" 200 -[0m[0m
[1;32;40mINFO - 2023-01-04 10:30:57,847 - [36mCustomSimProcedure[0m - {'GetProcAddress': 5242880, 'GetModuleHandleA': 5242884, 'GetStartupInfoA': 5242888, 'GetCommandLineA': 5242892, 'GetVersion': 5242896, 'ExitProcess': 5242900, 'TerminateProcess': 5242904, 'GetCurrentProcess': 5242908, 'UnhandledExceptionFilter': 5242912, 'GetModuleFileNameA': 5242916, 'FreeEnvironmentStringsA': 5242920, 'FreeEnvironmentStringsW': 5242924, 'WideCharToMultiByte': 5242928, 'GetEnvironmentStrings': 5242932, 'GetEnvironmentStringsW': 5242936, 'SetHandleCount': 5242940, 'GetStdHandle': 5242944, 'GetFileType': 5242948, 'GetCurrentThreadId': 5242952, 'TlsSetValue': 5242956, 'TlsAlloc': 5242960, 'SetLastError': 5242964, 'TlsGetValue': 5242968, 'GetLastError': 5242972, 'GetEnvironmentVariableA': 5242976, 'GetVersionExA': 5242980, 'HeapDestroy': 5242984, 'HeapCreate': 5242988, 'VirtualFree': 5242992, 'HeapFree': 5242996, 'RtlUnwind': 5243000, 'WriteFile': 5243004, 'InitializeCriticalSection': 5243008, 'EnterCriticalSection': 5243012, 'LeaveCriticalSection': 5243016, 'GetCPInfo': 5243020, 'GetACP': 5243024, 'GetOEMCP': 5243028, 'HeapAlloc': 5243032, 'VirtualAlloc': 5243036, 'HeapReAlloc': 5243040, 'LoadLibraryA': 5243044, 'MultiByteToWideChar': 5243048, 'LCMapStringA': 5243052, 'LCMapStringW': 5243056, 'GetStringTypeA': 5243060, 'GetStringTypeW': 5243064, 'InterlockedDecrement': 5243068, 'InterlockedIncrement': 5243072, 'Loader': 4569407, 'KiUserExceptionDispatcher': 6295572, '_fmode': 6295576, '_commode': 6295580, '_acmdln': 6295584, '_wcmdln': 6295588}[0m
[1;32;40mINFO - 2023-01-04 10:30:57,848 - [36mCustomSimProcedure[0m - [36mWas in angr :kernel32.dll[0m[0m
[1;33;40mWARNING - 2023-01-04 10:30:57,932 - [34mangr.project[0m - [34mAddress is already hooked, during hook(0x5000bc, <SimProcedure InterlockedDecrement>). Not re-hooking.[0m[0m
[1;33;40mWARNING - 2023-01-04 10:30:57,932 - [34mangr.project[0m - [34mAddress is already hooked, during hook(0x5000c0, <SimProcedure InterlockedIncrement>). Not re-hooking.[0m[0m
[1;33;40mWARNING - 2023-01-04 10:30:57,932 - [34mangr.project[0m - [34mAddress is already hooked, during hook(0x601014, <SimProcedure KiUserExceptionDispatcher>). Not re-hooking.[0m[0m
[1;32;40mINFO - 2023-01-04 10:30:57,932 - [36mCustomSimProcedure[0m - [36mNo hooks for: {'Loader': 4569407, '_fmode': 6295576, '_commode': 6295580, '_acmdln': 6295584, '_wcmdln': 6295588}[0m[0m
[1;32;40mINFO - 2023-01-04 10:30:57,932 - [36mCustomSimProcedure[0m - [36mcustom_hook_static[0m[0m
[1;33;40mWARNING - 2023-01-04 10:30:57,933 - [34mangr.project[0m - [34mAddress 0x400000 not hooked[0m[0m
[1;33;40mWARNING - 2023-01-04 10:30:57,933 - [34mangr.project[0m - [34mAddress is already hooked, during hook(0x400000, <SimProcedure GetCommandLineA>). Not re-hooking.[0m[0m
[1;33;40mWARNING - 2023-01-04 10:30:57,933 - [34mangr.project[0m - [34mAddress is already hooked, during hook(0x400000, <SimProcedure ExitProcess>). Not re-hooking.[0m[0m
[1;33;40mWARNING - 2023-01-04 10:30:57,933 - [34mangr.project[0m - [34mAddress is already hooked, during hook(0x400000, <SimProcedure GetStdHandle>). Not re-hooking.[0m[0m
[1;33;40mWARNING - 2023-01-04 10:30:57,933 - [34mangr.project[0m - [34mAddress is already hooked, during hook(0x400000, <SimProcedure GetCurrentThreadId>). Not re-hooking.[0m[0m
[1;33;40mWARNING - 2023-01-04 10:30:57,933 - [34mangr.project[0m - [34mAddress is already hooked, during hook(0x400000, <SimProcedure TlsSetValue>). Not re-hooking.[0m[0m
[1;33;40mWARNING - 2023-01-04 10:30:57,934 - [34mangr.project[0m - [34mAddress is already hooked, during hook(0x400000, <SimProcedure TlsAlloc>). Not re-hooking.[0m[0m
[1;33;40mWARNING - 2023-01-04 10:30:57,934 - [34mangr.project[0m - [34mAddress is already hooked, during hook(0x400000, <SimProcedure TlsGetValue>). Not re-hooking.[0m[0m
[1;33;40mWARNING - 2023-01-04 10:30:57,934 - [34mangr.project[0m - [34mAddress is already hooked, during hook(0x400000, <SimProcedure HeapCreate>). Not re-hooking.[0m[0m
[1;33;40mWARNING - 2023-01-04 10:30:57,934 - [34mangr.project[0m - [34mAddress is already hooked, during hook(0x400000, <SimProcedure HeapFree>). Not re-hooking.[0m[0m
[1;33;40mWARNING - 2023-01-04 10:30:57,934 - [34mangr.project[0m - [34mAddress is already hooked, during hook(0x400000, <SimProcedure WriteFile>). Not re-hooking.[0m[0m
[1;33;40mWARNING - 2023-01-04 10:30:57,934 - [34mangr.project[0m - [34mAddress is already hooked, during hook(0x400000, <SimProcedure HeapAlloc>). Not re-hooking.[0m[0m
[1;33;40mWARNING - 2023-01-04 10:30:57,934 - [34mangr.project[0m - [34mAddress is already hooked, during hook(0x400000, <SimProcedure VirtualAlloc>). Not re-hooking.[0m[0m
[1;33;40mWARNING - 2023-01-04 10:30:57,935 - [34mangr.project[0m - [34mAddress is already hooked, during hook(0x400000, <SimProcedure HeapReAlloc>). Not re-hooking.[0m[0m
[1;33;40mWARNING - 2023-01-04 10:30:57,935 - [34mangr.project[0m - [34mAddress is already hooked, during hook(0x50000c, <SimProcedure GetCommandLineA>). Not re-hooking.[0m[0m
[1;33;40mWARNING - 2023-01-04 10:30:57,935 - [34mangr.project[0m - [34mAddress is already hooked, during hook(0x500014, <SimProcedure ExitProcess>). Not re-hooking.[0m[0m
[1;33;40mWARNING - 2023-01-04 10:30:57,935 - [34mangr.project[0m - [34mAddress is already hooked, during hook(0x500040, <SimProcedure GetStdHandle>). Not re-hooking.[0m[0m
[1;33;40mWARNING - 2023-01-04 10:30:57,935 - [34mangr.project[0m - [34mAddress is already hooked, during hook(0x500048, <SimProcedure GetCurrentThreadId>). Not re-hooking.[0m[0m
[1;33;40mWARNING - 2023-01-04 10:30:57,935 - [34mangr.project[0m - [34mAddress is already hooked, during hook(0x50004c, <SimProcedure TlsSetValue>). Not re-hooking.[0m[0m
[1;33;40mWARNING - 2023-01-04 10:30:57,936 - [34mangr.project[0m - [34mAddress is already hooked, during hook(0x500050, <SimProcedure TlsAlloc>). Not re-hooking.[0m[0m
[1;33;40mWARNING - 2023-01-04 10:30:57,936 - [34mangr.project[0m - [34mAddress is already hooked, during hook(0x500058, <SimProcedure TlsGetValue>). Not re-hooking.[0m[0m
[1;33;40mWARNING - 2023-01-04 10:30:57,936 - [34mangr.project[0m - [34mAddress is already hooked, during hook(0x50006c, <SimProcedure HeapCreate>). Not re-hooking.[0m[0m
[1;33;40mWARNING - 2023-01-04 10:30:57,936 - [34mangr.project[0m - [34mAddress is already hooked, during hook(0x500074, <SimProcedure HeapFree>). Not re-hooking.[0m[0m
[1;33;40mWARNING - 2023-01-04 10:30:57,936 - [34mangr.project[0m - [34mAddress is already hooked, during hook(0x50007c, <SimProcedure WriteFile>). Not re-hooking.[0m[0m
[1;33;40mWARNING - 2023-01-04 10:30:57,936 - [34mangr.project[0m - [34mAddress is already hooked, during hook(0x500098, <SimProcedure HeapAlloc>). Not re-hooking.[0m[0m
[1;33;40mWARNING - 2023-01-04 10:30:57,936 - [34mangr.project[0m - [34mAddress is already hooked, during hook(0x50009c, <SimProcedure VirtualAlloc>). Not re-hooking.[0m[0m
[1;33;40mWARNING - 2023-01-04 10:30:57,936 - [34mangr.project[0m - [34mAddress is already hooked, during hook(0x5000a0, <SimProcedure HeapReAlloc>). Not re-hooking.[0m[0m
[1;33;40mWARNING - 2023-01-04 10:30:57,937 - [34mangr.project[0m - [34mAddress is already hooked, during hook(0x601014, <SimProcedure KiUserExceptionDispatcher>). Not re-hooking.[0m[0m
[1;32;40mINFO - 2023-01-04 10:30:57,937 - [36mCustomSimProcedure[0m - [36mcustom_hook_windows_symbols[0m[0m
[1;32;40mINFO - 2023-01-04 10:30:58,193 - [33mwerkzeug[0m - [33m172.17.0.1 - - [04/Jan/2023 10:30:58] "GET /progress-scdg HTTP/1.1" 200 -[0m[0m
[1;32;40mINFO - 2023-01-04 10:30:58,199 - [33mwerkzeug[0m - [33m172.17.0.1 - - [04/Jan/2023 10:30:58] "GET /iteration-scdg HTTP/1.1" 200 -[0m[0m
[1;33;40mWARNING - 2023-01-04 10:30:58,289 - [34mangr.project[0m - [34mAddress is already hooked, during hook(0x500084, <SimProcedure EnterCriticalSection>). Re-hooking.[0m[0m
[1;33;40mWARNING - 2023-01-04 10:30:58,290 - [34mangr.project[0m - [34mAddress is already hooked, during hook(0x500084, <SimProcedure EnterCriticalSection>). Re-hooking.[0m[0m
[1;33;40mWARNING - 2023-01-04 10:30:58,458 - [34mangr.project[0m - [34mAddress is already hooked, during hook(0x500028, <SimProcedure FreeEnvironmentStringsA>). Re-hooking.[0m[0m
[1;33;40mWARNING - 2023-01-04 10:30:58,459 - [34mangr.project[0m - [34mAddress is already hooked, during hook(0x500028, <SimProcedure FreeEnvironmentStringsA>). Re-hooking.[0m[0m
[1;33;40mWARNING - 2023-01-04 10:30:58,460 - [34mangr.project[0m - [34mAddress is already hooked, during hook(0x50002c, <SimProcedure FreeEnvironmentStringsW>). Re-hooking.[0m[0m
[1;33;40mWARNING - 2023-01-04 10:30:58,461 - [34mangr.project[0m - [34mAddress is already hooked, during hook(0x50002c, <SimProcedure FreeEnvironmentStringsW>). Re-hooking.[0m[0m
[1;33;40mWARNING - 2023-01-04 10:30:58,493 - [34mangr.project[0m - [34mAddress is already hooked, during hook(0x50008c, <SimProcedure GetCPInfo>). Re-hooking.[0m[0m
[1;33;40mWARNING - 2023-01-04 10:30:58,494 - [34mangr.project[0m - [34mAddress is already hooked, during hook(0x50008c, <SimProcedure GetCPInfo>). Re-hooking.[0m[0m
[1;33;40mWARNING - 2023-01-04 10:30:58,652 - [34mangr.project[0m - [34mAddress is already hooked, during hook(0x500044, <SimProcedure GetFileType>). Re-hooking.[0m[0m
[1;33;40mWARNING - 2023-01-04 10:30:58,653 - [34mangr.project[0m - [34mAddress is already hooked, during hook(0x500044, <SimProcedure GetFileType>). Re-hooking.[0m[0m
[1;33;40mWARNING - 2023-01-04 10:30:58,767 - [34mangr.project[0m - [34mAddress is already hooked, during hook(0x500094, <SimProcedure GetOEMCP>). Re-hooking.[0m[0m
[1;33;40mWARNING - 2023-01-04 10:30:58,768 - [34mangr.project[0m - [34mAddress is already hooked, during hook(0x500094, <SimProcedure GetOEMCP>). Re-hooking.[0m[0m
[1;33;40mWARNING - 2023-01-04 10:30:58,851 - [34mangr.project[0m - [34mAddress is already hooked, during hook(0x500008, <SimProcedure GetStartupInfoA>). Re-hooking.[0m[0m
[1;33;40mWARNING - 2023-01-04 10:30:58,852 - [34mangr.project[0m - [34mAddress is already hooked, during hook(0x500008, <SimProcedure GetStartupInfoA>). Re-hooking.[0m[0m
[1;33;40mWARNING - 2023-01-04 10:30:58,857 - [34mangr.project[0m - [34mAddress is already hooked, during hook(0x5000b4, <SimProcedure GetStringTypeA>). Re-hooking.[0m[0m
[1;33;40mWARNING - 2023-01-04 10:30:58,858 - [34mangr.project[0m - [34mAddress is already hooked, during hook(0x5000b4, <SimProcedure GetStringTypeA>). Re-hooking.[0m[0m
[1;33;40mWARNING - 2023-01-04 10:30:58,862 - [34mangr.project[0m - [34mAddress is already hooked, during hook(0x5000b8, <SimProcedure GetStringTypeW>). Re-hooking.[0m[0m
[1;33;40mWARNING - 2023-01-04 10:30:58,863 - [34mangr.project[0m - [34mAddress is already hooked, during hook(0x5000b8, <SimProcedure GetStringTypeW>). Re-hooking.[0m[0m
[1;33;40mWARNING - 2023-01-04 10:30:58,958 - [34mangr.project[0m - [34mAddress is already hooked, during hook(0x500094, <SimProcedure GetOEMCP>). Re-hooking.[0m[0m
[1;33;40mWARNING - 2023-01-04 10:30:58,959 - [34mangr.project[0m - [34mAddress is already hooked, during hook(0x500094, <SimProcedure GetOEMCP>). Re-hooking.[0m[0m
[1;33;40mWARNING - 2023-01-04 10:30:58,962 - [34mangr.project[0m - [34mAddress is already hooked, during hook(0x500010, <SimProcedure GetVersion>). Re-hooking.[0m[0m
[1;33;40mWARNING - 2023-01-04 10:30:58,963 - [34mangr.project[0m - [34mAddress is already hooked, during hook(0x500010, <SimProcedure GetVersion>). Re-hooking.[0m[0m
[1;33;40mWARNING - 2023-01-04 10:30:58,964 - [34mangr.project[0m - [34mAddress is already hooked, during hook(0x500064, <SimProcedure GetVersionExA>). Re-hooking.[0m[0m
[1;33;40mWARNING - 2023-01-04 10:30:58,966 - [34mangr.project[0m - [34mAddress is already hooked, during hook(0x500064, <SimProcedure GetVersionExA>). Re-hooking.[0m[0m
[1;33;40mWARNING - 2023-01-04 10:30:59,165 - [34mangr.project[0m - [34mAddress is already hooked, during hook(0x5000ac, <SimProcedure LCMapStringA>). Re-hooking.[0m[0m
[1;33;40mWARNING - 2023-01-04 10:30:59,166 - [34mangr.project[0m - [34mAddress is already hooked, during hook(0x5000ac, <SimProcedure LCMapStringA>). Re-hooking.[0m[0m
[1;33;40mWARNING - 2023-01-04 10:30:59,168 - [34mangr.project[0m - [34mAddress is already hooked, during hook(0x5000b0, <SimProcedure LCMapStringW>). Re-hooking.[0m[0m
[1;33;40mWARNING - 2023-01-04 10:30:59,169 - [34mangr.project[0m - [34mAddress is already hooked, during hook(0x5000b0, <SimProcedure LCMapStringW>). Re-hooking.[0m[0m
[1;33;40mWARNING - 2023-01-04 10:30:59,186 - [34mangr.project[0m - [34mAddress is already hooked, during hook(0x500088, <SimProcedure LeaveCriticalSection>). Re-hooking.[0m[0m
[1;33;40mWARNING - 2023-01-04 10:30:59,188 - [34mangr.project[0m - [34mAddress is already hooked, during hook(0x500088, <SimProcedure LeaveCriticalSection>). Re-hooking.[0m[0m
[1;33;40mWARNING - 2023-01-04 10:30:59,533 - [34mangr.project[0m - [34mAddress is already hooked, during hook(0x500078, <SimProcedure RtlUnwind>). Re-hooking.[0m[0m
[1;33;40mWARNING - 2023-01-04 10:30:59,534 - [34mangr.project[0m - [34mAddress is already hooked, during hook(0x500078, <SimProcedure RtlUnwind>). Re-hooking.[0m[0m
[1;33;40mWARNING - 2023-01-04 10:30:59,674 - [34mangr.project[0m - [34mAddress is already hooked, during hook(0x50003c, <SimProcedure SetHandleCount>). Re-hooking.[0m[0m
[1;33;40mWARNING - 2023-01-04 10:30:59,675 - [34mangr.project[0m - [34mAddress is already hooked, during hook(0x50003c, <SimProcedure SetHandleCount>). Re-hooking.[0m[0m
[1;33;40mWARNING - 2023-01-04 10:30:59,832 - [34mangr.project[0m - [34mAddress is already hooked, during hook(0x500020, <SimProcedure UnhandledExceptionFilter>). Re-hooking.[0m[0m
[1;33;40mWARNING - 2023-01-04 10:30:59,834 - [34mangr.project[0m - [34mAddress is already hooked, during hook(0x500020, <SimProcedure UnhandledExceptionFilter>). Re-hooking.[0m[0m
[1;32;40mINFO - 2023-01-04 10:31:00,015 - [33mwerkzeug[0m - [33m172.17.0.1 - - [04/Jan/2023 10:31:00] "GET /iteration-scdg HTTP/1.1" 200 -[0m[0m
[1;32;40mINFO - 2023-01-04 10:31:00,041 - [33mwerkzeug[0m - [33m172.17.0.1 - - [04/Jan/2023 10:31:00] "GET /progress-scdg HTTP/1.1" 200 -[0m[0m
[1;33;40mWARNING - 2023-01-04 10:31:00,421 - [34mangr.project[0m - [34mAddress is already hooked, during hook(0x500070, <SimProcedure VirtualFree>). Re-hooking.[0m[0m
[1;33;40mWARNING - 2023-01-04 10:31:00,422 - [34mangr.project[0m - [34mAddress is already hooked, during hook(0x500070, <SimProcedure VirtualFree>). Re-hooking.[0m[0m
[1;33;40mWARNING - 2023-01-04 10:31:00,450 - [34mangr.project[0m - [34mAddress is already hooked, during hook(0x500020, <SimProcedure UnhandledExceptionFilter>). Re-hooking.[0m[0m
[1;33;40mWARNING - 2023-01-04 10:31:00,451 - [34mangr.project[0m - [34mAddress is already hooked, during hook(0x500020, <SimProcedure UnhandledExceptionFilter>). Re-hooking.[0m[0m
[1;33;40mWARNING - 2023-01-04 10:31:00,461 - [34mangr.project[0m - [34mAddress is already hooked, during hook(0x500070, <SimProcedure VirtualFree>). Re-hooking.[0m[0m
[1;33;40mWARNING - 2023-01-04 10:31:00,462 - [34mangr.project[0m - [34mAddress is already hooked, during hook(0x500070, <SimProcedure VirtualFree>). Re-hooking.[0m[0m
[1;33;40mWARNING - 2023-01-04 10:31:00,471 - [34mangr.project[0m - [34mAddress is already hooked, during hook(0x50001c, <SimProcedure GetCurrentProcess>). Re-hooking.[0m[0m
[1;33;40mWARNING - 2023-01-04 10:31:00,472 - [34mangr.project[0m - [34mAddress is already hooked, during hook(0x50001c, <SimProcedure GetCurrentProcess>). Re-hooking.[0m[0m
[1;33;40mWARNING - 2023-01-04 10:31:00,491 - [34mangr.project[0m - [34mAddress is already hooked, during hook(0x500088, <SimProcedure LeaveCriticalSection>). Re-hooking.[0m[0m
[1;33;40mWARNING - 2023-01-04 10:31:00,493 - [34mangr.project[0m - [34mAddress is already hooked, during hook(0x500088, <SimProcedure LeaveCriticalSection>). Re-hooking.[0m[0m
[1;33;40mWARNING - 2023-01-04 10:31:00,831 - [34mangr.project[0m - [34mAddress is already hooked, during hook(0x50001c, <SimProcedure GetCurrentProcess>). Re-hooking.[0m[0m
[1;33;40mWARNING - 2023-01-04 10:31:00,832 - [34mangr.project[0m - [34mAddress is already hooked, during hook(0x50001c, <SimProcedure GetCurrentProcess>). Re-hooking.[0m[0m
[1;33;40mWARNING - 2023-01-04 10:31:00,864 - [34mangr.project[0m - [34mAddress is already hooked, during hook(0x500078, <SimProcedure RtlUnwind>). Re-hooking.[0m[0m
[1;33;40mWARNING - 2023-01-04 10:31:00,866 - [34mangr.project[0m - [34mAddress is already hooked, during hook(0x500078, <SimProcedure RtlUnwind>). Re-hooking.[0m[0m
[1;33;40mWARNING - 2023-01-04 10:31:00,899 - [34mangr.project[0m - [34mAddress is already hooked, during hook(0x500010, <SimProcedure GetVersion>). Re-hooking.[0m[0m
[1;33;40mWARNING - 2023-01-04 10:31:00,901 - [34mangr.project[0m - [34mAddress is already hooked, during hook(0x500010, <SimProcedure GetVersion>). Re-hooking.[0m[0m
[1;33;40mWARNING - 2023-01-04 10:31:00,903 - [34mangr.project[0m - [34mAddress is already hooked, during hook(0x50003c, <SimProcedure SetHandleCount>). Re-hooking.[0m[0m
[1;33;40mWARNING - 2023-01-04 10:31:00,904 - [34mangr.project[0m - [34mAddress is already hooked, during hook(0x50003c, <SimProcedure SetHandleCount>). Re-hooking.[0m[0m
[1;33;40mWARNING - 2023-01-04 10:31:00,941 - [34mangr.project[0m - [34mAddress is already hooked, during hook(0x500068, <SimProcedure HeapDestroy>). Re-hooking.[0m[0m
[1;33;40mWARNING - 2023-01-04 10:31:00,943 - [34mangr.project[0m - [34mAddress is already hooked, during hook(0x500068, <SimProcedure HeapDestroy>). Re-hooking.[0m[0m
[1;33;40mWARNING - 2023-01-04 10:31:00,984 - [34mangr.project[0m - [34mAddress is already hooked, during hook(0x500080, <SimProcedure InitializeCriticalSection>). Re-hooking.[0m[0m
[1;33;40mWARNING - 2023-01-04 10:31:00,985 - [34mangr.project[0m - [34mAddress is already hooked, during hook(0x500080, <SimProcedure InitializeCriticalSection>). Re-hooking.[0m[0m
[1;33;40mWARNING - 2023-01-04 10:31:01,076 - [34mangr.project[0m - [34mAddress is already hooked, during hook(0x500064, <SimProcedure GetVersionExA>). Re-hooking.[0m[0m
[1;33;40mWARNING - 2023-01-04 10:31:01,078 - [34mangr.project[0m - [34mAddress is already hooked, during hook(0x500064, <SimProcedure GetVersionExA>). Re-hooking.[0m[0m
[1;33;40mWARNING - 2023-01-04 10:31:01,101 - [34mangr.project[0m - [34mAddress is already hooked, during hook(0x5000b0, <SimProcedure LCMapStringW>). Re-hooking.[0m[0m
[1;33;40mWARNING - 2023-01-04 10:31:01,102 - [34mangr.project[0m - [34mAddress is already hooked, during hook(0x5000b0, <SimProcedure LCMapStringW>). Re-hooking.[0m[0m
[1;33;40mWARNING - 2023-01-04 10:31:01,105 - [34mangr.project[0m - [34mAddress is already hooked, during hook(0x5000ac, <SimProcedure LCMapStringA>). Re-hooking.[0m[0m
[1;33;40mWARNING - 2023-01-04 10:31:01,106 - [34mangr.project[0m - [34mAddress is already hooked, during hook(0x5000ac, <SimProcedure LCMapStringA>). Re-hooking.[0m[0m
[1;33;40mWARNING - 2023-01-04 10:31:01,141 - [34mangr.project[0m - [34mAddress is already hooked, during hook(0x500028, <SimProcedure FreeEnvironmentStringsA>). Re-hooking.[0m[0m
[1;33;40mWARNING - 2023-01-04 10:31:01,142 - [34mangr.project[0m - [34mAddress is already hooked, during hook(0x500028, <SimProcedure FreeEnvironmentStringsA>). Re-hooking.[0m[0m
[1;33;40mWARNING - 2023-01-04 10:31:01,149 - [34mangr.project[0m - [34mAddress is already hooked, during hook(0x50002c, <SimProcedure FreeEnvironmentStringsW>). Re-hooking.[0m[0m
[1;33;40mWARNING - 2023-01-04 10:31:01,150 - [34mangr.project[0m - [34mAddress is already hooked, during hook(0x50002c, <SimProcedure FreeEnvironmentStringsW>). Re-hooking.[0m[0m
[1;33;40mWARNING - 2023-01-04 10:31:01,311 - [34mangr.project[0m - [34mAddress is already hooked, during hook(0x50008c, <SimProcedure GetCPInfo>). Re-hooking.[0m[0m
[1;33;40mWARNING - 2023-01-04 10:31:01,312 - [34mangr.project[0m - [34mAddress is already hooked, during hook(0x50008c, <SimProcedure GetCPInfo>). Re-hooking.[0m[0m
[1;33;40mWARNING - 2023-01-04 10:31:01,411 - [34mangr.project[0m - [34mAddress is already hooked, during hook(0x5000b4, <SimProcedure GetStringTypeA>). Re-hooking.[0m[0m
[1;33;40mWARNING - 2023-01-04 10:31:01,412 - [34mangr.project[0m - [34mAddress is already hooked, during hook(0x5000b4, <SimProcedure GetStringTypeA>). Re-hooking.[0m[0m
[1;33;40mWARNING - 2023-01-04 10:31:01,437 - [34mangr.project[0m - [34mAddress is already hooked, during hook(0x5000b8, <SimProcedure GetStringTypeW>). Re-hooking.[0m[0m
[1;33;40mWARNING - 2023-01-04 10:31:01,438 - [34mangr.project[0m - [34mAddress is already hooked, during hook(0x5000b8, <SimProcedure GetStringTypeW>). Re-hooking.[0m[0m
[1;33;40mWARNING - 2023-01-04 10:31:01,498 - [34mangr.project[0m - [34mAddress is already hooked, during hook(0x500084, <SimProcedure EnterCriticalSection>). Re-hooking.[0m[0m
[1;33;40mWARNING - 2023-01-04 10:31:01,499 - [34mangr.project[0m - [34mAddress is already hooked, during hook(0x500084, <SimProcedure EnterCriticalSection>). Re-hooking.[0m[0m
[1;33;40mWARNING - 2023-01-04 10:31:01,627 - [34mangr.project[0m - [34mAddress is already hooked, during hook(0x500068, <SimProcedure HeapDestroy>). Re-hooking.[0m[0m
[1;33;40mWARNING - 2023-01-04 10:31:01,628 - [34mangr.project[0m - [34mAddress is already hooked, during hook(0x500068, <SimProcedure HeapDestroy>). Re-hooking.[0m[0m
[1;33;40mWARNING - 2023-01-04 10:31:01,683 - [34mangr.project[0m - [34mAddress is already hooked, during hook(0x500008, <SimProcedure GetStartupInfoA>). Re-hooking.[0m[0m
[1;33;40mWARNING - 2023-01-04 10:31:01,685 - [34mangr.project[0m - [34mAddress is already hooked, during hook(0x500008, <SimProcedure GetStartupInfoA>). Re-hooking.[0m[0m
[1;33;40mWARNING - 2023-01-04 10:31:01,718 - [34mangr.project[0m - [34mAddress is already hooked, during hook(0x500044, <SimProcedure GetFileType>). Re-hooking.[0m[0m
[1;33;40mWARNING - 2023-01-04 10:31:01,719 - [34mangr.project[0m - [34mAddress is already hooked, during hook(0x500044, <SimProcedure GetFileType>). Re-hooking.[0m[0m
[1;33;40mWARNING - 2023-01-04 10:31:01,797 - [34mangr.project[0m - [34mAddress is already hooked, during hook(0x500080, <SimProcedure InitializeCriticalSection>). Re-hooking.[0m[0m
[1;33;40mWARNING - 2023-01-04 10:31:01,798 - [34mangr.project[0m - [34mAddress is already hooked, during hook(0x500080, <SimProcedure InitializeCriticalSection>). Re-hooking.[0m[0m
[1;32;40mINFO - 2023-01-04 10:31:01,969 - [36mCustomSimProcedure[0m - [36mSyscall found:  GetVersion[][0m[0m
[1;32;40mINFO - 2023-01-04 10:31:01,998 - [36mCustomSimProcedure[0m - [36mSyscall found:  HeapCreate[<BV32 0x0>, <BV32 0x1000>, <BV32 0x0>][0m[0m
[1;32;40mINFO - 2023-01-04 10:31:02,001 - [33mwerkzeug[0m - [33m172.17.0.1 - - [04/Jan/2023 10:31:02] "GET /iteration-scdg HTTP/1.1" 200 -[0m[0m
[1;32;40mINFO - 2023-01-04 10:31:02,011 - [33mwerkzeug[0m - [33m172.17.0.1 - - [04/Jan/2023 10:31:02] "GET /progress-scdg HTTP/1.1" 200 -[0m[0m
[1;32;40mINFO - 2023-01-04 10:31:02,043 - [36mCustomSimProcedure[0m - [36mSyscall found:  GetVersionExA[<BV32 0x7ffefcdc>][0m[0m
[1;32;40mINFO - 2023-01-04 10:31:02,078 - [31mToolChainExplorerAnotherCDFS[0m - [31mA new block of execution have been executed with changes in sim_manager.[0m[0m
[1;32;40mINFO - 2023-01-04 10:31:02,078 - [31mToolChainExplorerAnotherCDFS[0m - [31mCurrently, simulation manager is :[0m[0m
[1;32;40mINFO - 2023-01-04 10:31:02,078 - [31mToolChainExplorerAnotherCDFS[0m - [31m<SimulationManager with 2 active>[0m[0m
[1;32;40mINFO - 2023-01-04 10:31:02,078 - [31mToolChainExplorerAnotherCDFS[0m - [31mpause stash len :0[0m[0m
[1;32;40mINFO - 2023-01-04 10:31:02,078 - [31mToolChainExplorerAnotherCDFS[0m - [31mfork_stack : 1[0m[0m
[1;32;40mINFO - 2023-01-04 10:31:02,097 - [36mCustomSimProcedure[0m - [36mSyscall found:  GetEnvironmentVariableA[<BV32 0x45a78c>, <BV32 0x7ffeeb48>, <BV32 0x1090>][0m[0m
[1;32;40mINFO - 2023-01-04 10:31:02,144 - [31mToolChainExplorerAnotherCDFS[0m - [31mA new block of execution have been executed with changes in sim_manager.[0m[0m
[1;32;40mINFO - 2023-01-04 10:31:02,144 - [31mToolChainExplorerAnotherCDFS[0m - [31mCurrently, simulation manager is :[0m[0m
[1;32;40mINFO - 2023-01-04 10:31:02,144 - [31mToolChainExplorerAnotherCDFS[0m - [31m<SimulationManager with 2 active, 1 new_addr>[0m[0m
[1;32;40mINFO - 2023-01-04 10:31:02,144 - [31mToolChainExplorerAnotherCDFS[0m - [31mpause stash len :0[0m[0m
[1;32;40mINFO - 2023-01-04 10:31:02,144 - [31mToolChainExplorerAnotherCDFS[0m - [31mfork_stack : 1[0m[0m
[1;32;40mINFO - 2023-01-04 10:31:02,190 - [31mToolChainExplorerAnotherCDFS[0m - [31mA new block of execution have been executed with changes in sim_manager.[0m[0m
[1;32;40mINFO - 2023-01-04 10:31:02,190 - [31mToolChainExplorerAnotherCDFS[0m - [31mCurrently, simulation manager is :[0m[0m
[1;32;40mINFO - 2023-01-04 10:31:02,190 - [31mToolChainExplorerAnotherCDFS[0m - [31m<SimulationManager with 2 active, 2 new_addr>[0m[0m
[1;32;40mINFO - 2023-01-04 10:31:02,190 - [31mToolChainExplorerAnotherCDFS[0m - [31mpause stash len :0[0m[0m
[1;32;40mINFO - 2023-01-04 10:31:02,190 - [31mToolChainExplorerAnotherCDFS[0m - [31mfork_stack : 1[0m[0m
[1;32;40mINFO - 2023-01-04 10:31:02,209 - [31mToolChainExplorerAnotherCDFS[0m - [31mA new block of execution have been executed with changes in sim_manager.[0m[0m
[1;32;40mINFO - 2023-01-04 10:31:02,209 - [31mToolChainExplorerAnotherCDFS[0m - [31mCurrently, simulation manager is :[0m[0m
[1;32;40mINFO - 2023-01-04 10:31:02,209 - [31mToolChainExplorerAnotherCDFS[0m - [31m<SimulationManager with 2 active, 3 new_addr>[0m[0m
[1;32;40mINFO - 2023-01-04 10:31:02,209 - [31mToolChainExplorerAnotherCDFS[0m - [31mpause stash len :0[0m[0m
[1;32;40mINFO - 2023-01-04 10:31:02,209 - [31mToolChainExplorerAnotherCDFS[0m - [31mfork_stack : 1[0m[0m
[1;32;40mINFO - 2023-01-04 10:31:02,232 - [31mToolChainExplorerAnotherCDFS[0m - [31mA new block of execution have been executed with changes in sim_manager.[0m[0m
[1;32;40mINFO - 2023-01-04 10:31:02,232 - [31mToolChainExplorerAnotherCDFS[0m - [31mCurrently, simulation manager is :[0m[0m
[1;32;40mINFO - 2023-01-04 10:31:02,232 - [31mToolChainExplorerAnotherCDFS[0m - [31m<SimulationManager with 2 active, 4 new_addr>[0m[0m
[1;32;40mINFO - 2023-01-04 10:31:02,232 - [31mToolChainExplorerAnotherCDFS[0m - [31mpause stash len :0[0m[0m
[1;32;40mINFO - 2023-01-04 10:31:02,232 - [31mToolChainExplorerAnotherCDFS[0m - [31mfork_stack : 1[0m[0m
[1;32;40mINFO - 2023-01-04 10:31:02,469 - [36mCustomSimProcedure[0m - [36mSyscall found:  GetModuleFileNameA[<BV32 0x0>, <BV32 0x7ffefbd8>, <BV32 0x104>][0m[0m
[1;32;40mINFO - 2023-01-04 10:31:03,198 - [33mwerkzeug[0m - [33m172.17.0.1 - - [04/Jan/2023 10:31:03] "GET /iteration-scdg HTTP/1.1" 200 -[0m[0m
[1;32;40mINFO - 2023-01-04 10:31:03,199 - [33mwerkzeug[0m - [33m172.17.0.1 - - [04/Jan/2023 10:31:03] "GET /progress-scdg HTTP/1.1" 200 -[0m[0m
[1;32;40mINFO - 2023-01-04 10:31:03,499 - [36mCustomSimProcedure[0m - [36mSyscall found:  GetModuleHandleA[<BV32 0x0>][0m[0m
[1;32;40mINFO - 2023-01-04 10:31:03,548 - [36mCustomSimProcedure[0m - [36mSyscall found:  HeapAlloc[<BV32 0x1>, <BV32 0x0>, <BV32 0x140>][0m[0m
[1;32;40mINFO - 2023-01-04 10:31:03,600 - [36mCustomSimProcedure[0m - [36mSyscall found:  InitializeCriticalSection[<BV32 0x45fa08>][0m[0m
[1;32;40mINFO - 2023-01-04 10:31:03,610 - [36mCustomSimProcedure[0m - [36mSyscall found:  InitializeCriticalSection[<BV32 0x45fa38>][0m[0m
[1;32;40mINFO - 2023-01-04 10:31:03,616 - [36mCustomSimProcedure[0m - [36mSyscall found:  InitializeCriticalSection[<BV32 0x45fa20>][0m[0m
[1;32;40mINFO - 2023-01-04 10:31:03,621 - [36mCustomSimProcedure[0m - [36mSyscall found:  InitializeCriticalSection[<BV32 0x45f9f0>][0m[0m
[1;32;40mINFO - 2023-01-04 10:31:03,629 - [36mCustomSimProcedure[0m - [36mSyscall found:  TlsAlloc[][0m[0m
[1;32;40mINFO - 2023-01-04 10:31:03,708 - [36mCustomSimProcedure[0m - [36mSyscall found:  EnterCriticalSection[<BV32 0x45fa20>][0m[0m
[1;32;40mINFO - 2023-01-04 10:31:03,826 - [36mCustomSimProcedure[0m - [36mSyscall found:  HeapAlloc[<BV32 0x1>, <BV32 0x8>, <BV32 0x41c4>][0m[0m
[1;32;40mINFO - 2023-01-04 10:31:04,081 - [36mCustomSimProcedure[0m - [36mSyscall found:  VirtualAlloc[<BV32 0x0>, <BV32 0x100000>, <BV32 0x2000>, <BV32 0x4>][0m[0m
[1;32;40mINFO - 2023-01-04 10:31:04,644 - [36mCustomSimProcedure[0m - [36mSyscall found:  VirtualAlloc[<BV32 0xe0000000>, <BV32 0x8000>, <BV32 0x1000>, <BV32 0x4>][0m[0m
[1;32;40mINFO - 2023-01-04 10:31:05,012 - [33mwerkzeug[0m - [33m172.17.0.1 - - [04/Jan/2023 10:31:05] "GET /iteration-scdg HTTP/1.1" 200 -[0m[0m
[1;32;40mINFO - 2023-01-04 10:31:05,020 - [33mwerkzeug[0m - [33m172.17.0.1 - - [04/Jan/2023 10:31:05] "GET /progress-scdg HTTP/1.1" 200 -[0m[0m
[1;32;40mINFO - 2023-01-04 10:31:05,266 - [36mCustomSimProcedure[0m - [36mSyscall found:  LeaveCriticalSection[<BV32 0x45fa20>][0m[0m
[1;32;40mINFO - 2023-01-04 10:31:05,377 - [36mCustomSimProcedure[0m - [36mSyscall found:  TlsSetValue[<BV32 0x1>, <BV32 0xe0000f80>][0m[0m
[1;32;40mINFO - 2023-01-04 10:31:05,400 - [36mCustomSimProcedure[0m - [36mSyscall found:  GetCurrentThreadId[][0m[0m
[1;32;40mINFO - 2023-01-04 10:31:05,507 - [36mCustomSimProcedure[0m - [36mSyscall found:  HeapAlloc[<BV32 0x1>, <BV32 0x0>, <BV32 0x480>][0m[0m
[1;32;40mINFO - 2023-01-04 10:31:05,995 - [36mCustomSimProcedure[0m - [36mSyscall found:  GetStartupInfoA[<BV32 0x7ffefd34>][0m[0m
[1;32;40mINFO - 2023-01-04 10:31:06,064 - [36mCustomSimProcedure[0m - [36mSyscall found:  GetStdHandle[<BV32 0xfffffff6>][0m[0m
[1;32;40mINFO - 2023-01-04 10:31:06,082 - [36mCustomSimProcedure[0m - [36mSyscall found:  GetFileType[<BV32 0x3e8>][0m[0m
[1;32;40mINFO - 2023-01-04 10:31:06,129 - [31mToolChainExplorerAnotherCDFS[0m - [31mA new block of execution have been executed with changes in sim_manager.[0m[0m
[1;32;40mINFO - 2023-01-04 10:31:06,129 - [31mToolChainExplorerAnotherCDFS[0m - [31mCurrently, simulation manager is :[0m[0m
[1;32;40mINFO - 2023-01-04 10:31:06,129 - [31mToolChainExplorerAnotherCDFS[0m - [31m<SimulationManager with 2 active, 1 pause, 4 new_addr>[0m[0m
[1;32;40mINFO - 2023-01-04 10:31:06,129 - [31mToolChainExplorerAnotherCDFS[0m - [31mpause stash len :0[0m[0m
[1;32;40mINFO - 2023-01-04 10:31:06,129 - [31mToolChainExplorerAnotherCDFS[0m - [31mfork_stack : 1[0m[0m
[1;32;40mINFO - 2023-01-04 10:31:06,154 - [31mToolChainExplorerAnotherCDFS[0m - [31mA new block of execution have been executed with changes in sim_manager.[0m[0m
[1;32;40mINFO - 2023-01-04 10:31:06,154 - [31mToolChainExplorerAnotherCDFS[0m - [31mCurrently, simulation manager is :[0m[0m
[1;32;40mINFO - 2023-01-04 10:31:06,154 - [31mToolChainExplorerAnotherCDFS[0m - [31m<SimulationManager with 2 active, 1 pause, 5 new_addr>[0m[0m
[1;32;40mINFO - 2023-01-04 10:31:06,154 - [31mToolChainExplorerAnotherCDFS[0m - [31mpause stash len :0[0m[0m
[1;32;40mINFO - 2023-01-04 10:31:06,154 - [31mToolChainExplorerAnotherCDFS[0m - [31mfork_stack : 1[0m[0m
[1;32;40mINFO - 2023-01-04 10:31:06,177 - [31mToolChainExplorerAnotherCDFS[0m - [31mA new block of execution have been executed with changes in sim_manager.[0m[0m
[1;32;40mINFO - 2023-01-04 10:31:06,177 - [31mToolChainExplorerAnotherCDFS[0m - [31mCurrently, simulation manager is :[0m[0m
[1;32;40mINFO - 2023-01-04 10:31:06,177 - [31mToolChainExplorerAnotherCDFS[0m - [31m<SimulationManager with 2 active, 2 pause, 5 new_addr>[0m[0m
[1;32;40mINFO - 2023-01-04 10:31:06,177 - [31mToolChainExplorerAnotherCDFS[0m - [31mpause stash len :0[0m[0m
[1;32;40mINFO - 2023-01-04 10:31:06,177 - [31mToolChainExplorerAnotherCDFS[0m - [31mfork_stack : 1[0m[0m
[1;32;40mINFO - 2023-01-04 10:31:06,221 - [36mCustomSimProcedure[0m - [36mSyscall found:  GetStdHandle[<BV32 0xfffffff5>][0m[0m
[1;32;40mINFO - 2023-01-04 10:31:06,237 - [36mCustomSimProcedure[0m - [36mSyscall found:  GetFileType[<BV32 0x3e9>][0m[0m
[1;32;40mINFO - 2023-01-04 10:31:06,269 - [31mToolChainExplorerAnotherCDFS[0m - [31mA new block of execution have been executed with changes in sim_manager.[0m[0m
[1;32;40mINFO - 2023-01-04 10:31:06,269 - [31mToolChainExplorerAnotherCDFS[0m - [31mCurrently, simulation manager is :[0m[0m
[1;32;40mINFO - 2023-01-04 10:31:06,269 - [31mToolChainExplorerAnotherCDFS[0m - [31m<SimulationManager with 2 active, 2 pause, 6 new_addr>[0m[0m
[1;32;40mINFO - 2023-01-04 10:31:06,269 - [31mToolChainExplorerAnotherCDFS[0m - [31mpause stash len :0[0m[0m
[1;32;40mINFO - 2023-01-04 10:31:06,269 - [31mToolChainExplorerAnotherCDFS[0m - [31mfork_stack : 1[0m[0m
[1;32;40mINFO - 2023-01-04 10:31:06,315 - [36mCustomSimProcedure[0m - [36mSyscall found:  GetStdHandle[<BV32 0xfffffff5>][0m[0m
[1;32;40mINFO - 2023-01-04 10:31:06,331 - [36mCustomSimProcedure[0m - [36mSyscall found:  GetFileType[<BV32 0x3e9>][0m[0m
[1;32;40mINFO - 2023-01-04 10:31:06,369 - [31mToolChainExplorerAnotherCDFS[0m - [31mA new block of execution have been executed with changes in sim_manager.[0m[0m
[1;32;40mINFO - 2023-01-04 10:31:06,369 - [31mToolChainExplorerAnotherCDFS[0m - [31mCurrently, simulation manager is :[0m[0m
[1;32;40mINFO - 2023-01-04 10:31:06,369 - [31mToolChainExplorerAnotherCDFS[0m - [31m<SimulationManager with 2 active, 4 pause, 5 new_addr>[0m[0m
[1;32;40mINFO - 2023-01-04 10:31:06,369 - [31mToolChainExplorerAnotherCDFS[0m - [31mpause stash len :0[0m[0m
[1;32;40mINFO - 2023-01-04 10:31:06,369 - [31mToolChainExplorerAnotherCDFS[0m - [31mfork_stack : 1[0m[0m
[1;32;40mINFO - 2023-01-04 10:31:06,413 - [36mCustomSimProcedure[0m - [36mSyscall found:  GetStdHandle[<BV32 0xfffffff5>][0m[0m
[1;32;40mINFO - 2023-01-04 10:31:06,427 - [36mCustomSimProcedure[0m - [36mSyscall found:  GetFileType[<BV32 0x3e9>][0m[0m
[1;32;40mINFO - 2023-01-04 10:31:06,473 - [31mToolChainExplorerAnotherCDFS[0m - [31mA new block of execution have been executed with changes in sim_manager.[0m[0m
[1;32;40mINFO - 2023-01-04 10:31:06,474 - [31mToolChainExplorerAnotherCDFS[0m - [31mCurrently, simulation manager is :[0m[0m
[1;32;40mINFO - 2023-01-04 10:31:06,474 - [31mToolChainExplorerAnotherCDFS[0m - [31m<SimulationManager with 2 active, 6 pause, 4 new_addr>[0m[0m
[1;32;40mINFO - 2023-01-04 10:31:06,474 - [31mToolChainExplorerAnotherCDFS[0m - [31mpause stash len :0[0m[0m
[1;32;40mINFO - 2023-01-04 10:31:06,474 - [31mToolChainExplorerAnotherCDFS[0m - [31mfork_stack : 1[0m[0m
[1;32;40mINFO - 2023-01-04 10:31:06,687 - [31mToolChainExplorerAnotherCDFS[0m - [31mA new block of execution have been executed with changes in sim_manager.[0m[0m
[1;32;40mINFO - 2023-01-04 10:31:06,687 - [31mToolChainExplorerAnotherCDFS[0m - [31mCurrently, simulation manager is :[0m[0m
[1;32;40mINFO - 2023-01-04 10:31:06,687 - [31mToolChainExplorerAnotherCDFS[0m - [31m<SimulationManager with 2 active, 8 pause, 3 new_addr>[0m[0m
[1;32;40mINFO - 2023-01-04 10:31:06,687 - [31mToolChainExplorerAnotherCDFS[0m - [31mpause stash len :0[0m[0m
[1;32;40mINFO - 2023-01-04 10:31:06,687 - [31mToolChainExplorerAnotherCDFS[0m - [31mfork_stack : 1[0m[0m
[1;32;40mINFO - 2023-01-04 10:31:06,736 - [36mCustomSimProcedure[0m - [36mSyscall found:  GetModuleFileNameA[<BV32 0x0>, <BV32 0x7ffefbd8>, <BV32 0x104>][0m[0m
[1;32;40mINFO - 2023-01-04 10:31:07,012 - [33mwerkzeug[0m - [33m172.17.0.1 - - [04/Jan/2023 10:31:07] "GET /iteration-scdg HTTP/1.1" 200 -[0m[0m
[1;32;40mINFO - 2023-01-04 10:31:07,022 - [33mwerkzeug[0m - [33m172.17.0.1 - - [04/Jan/2023 10:31:07] "GET /progress-scdg HTTP/1.1" 200 -[0m[0m
[1;32;40mINFO - 2023-01-04 10:31:07,829 - [36mCustomSimProcedure[0m - [36mSyscall found:  GetModuleHandleA[<BV32 0x0>][0m[0m
[1;32;40mINFO - 2023-01-04 10:31:07,873 - [36mCustomSimProcedure[0m - [36mSyscall found:  HeapAlloc[<BV32 0x1>, <BV32 0x0>, <BV32 0x140>][0m[0m
[1;32;40mINFO - 2023-01-04 10:31:07,914 - [36mCustomSimProcedure[0m - [36mSyscall found:  InitializeCriticalSection[<BV32 0x45fa08>][0m[0m
[1;32;40mINFO - 2023-01-04 10:31:07,923 - [36mCustomSimProcedure[0m - [36mSyscall found:  InitializeCriticalSection[<BV32 0x45fa38>][0m[0m
[1;32;40mINFO - 2023-01-04 10:31:07,930 - [36mCustomSimProcedure[0m - [36mSyscall found:  InitializeCriticalSection[<BV32 0x45fa20>][0m[0m
[1;32;40mINFO - 2023-01-04 10:31:07,936 - [36mCustomSimProcedure[0m - [36mSyscall found:  InitializeCriticalSection[<BV32 0x45f9f0>][0m[0m
[1;32;40mINFO - 2023-01-04 10:31:07,944 - [36mCustomSimProcedure[0m - [36mSyscall found:  TlsAlloc[][0m[0m
[1;32;40mINFO - 2023-01-04 10:31:08,028 - [36mCustomSimProcedure[0m - [36mSyscall found:  EnterCriticalSection[<BV32 0x45fa20>][0m[0m
[1;32;40mINFO - 2023-01-04 10:31:08,139 - [36mCustomSimProcedure[0m - [36mSyscall found:  HeapAlloc[<BV32 0x1>, <BV32 0x8>, <BV32 0x41c4>][0m[0m
[1;32;40mINFO - 2023-01-04 10:31:08,167 - [33mwerkzeug[0m - [33m172.17.0.1 - - [04/Jan/2023 10:31:08] "GET /iteration-scdg HTTP/1.1" 200 -[0m[0m
[1;32;40mINFO - 2023-01-04 10:31:08,178 - [33mwerkzeug[0m - [33m172.17.0.1 - - [04/Jan/2023 10:31:08] "GET /progress-scdg HTTP/1.1" 200 -[0m[0m
[1;32;40mINFO - 2023-01-04 10:31:08,385 - [36mCustomSimProcedure[0m - [36mSyscall found:  VirtualAlloc[<BV32 0x0>, <BV32 0x100000>, <BV32 0x2000>, <BV32 0x4>][0m[0m
[1;32;40mINFO - 2023-01-04 10:31:08,942 - [36mCustomSimProcedure[0m - [36mSyscall found:  VirtualAlloc[<BV32 0xe0000000>, <BV32 0x8000>, <BV32 0x1000>, <BV32 0x4>][0m[0m
[1;32;40mINFO - 2023-01-04 10:31:09,465 - [36mCustomSimProcedure[0m - [36mSyscall found:  LeaveCriticalSection[<BV32 0x45fa20>][0m[0m
[1;32;40mINFO - 2023-01-04 10:31:09,561 - [36mCustomSimProcedure[0m - [36mSyscall found:  TlsSetValue[<BV32 0x1>, <BV32 0xe0000f80>][0m[0m
[1;32;40mINFO - 2023-01-04 10:31:09,581 - [36mCustomSimProcedure[0m - [36mSyscall found:  GetCurrentThreadId[][0m[0m
[1;32;40mINFO - 2023-01-04 10:31:09,676 - [36mCustomSimProcedure[0m - [36mSyscall found:  HeapAlloc[<BV32 0x1>, <BV32 0x0>, <BV32 0x480>][0m[0m
[1;32;40mINFO - 2023-01-04 10:31:10,023 - [33mwerkzeug[0m - [33m172.17.0.1 - - [04/Jan/2023 10:31:10] "GET /iteration-scdg HTTP/1.1" 200 -[0m[0m
[1;32;40mINFO - 2023-01-04 10:31:10,035 - [33mwerkzeug[0m - [33m172.17.0.1 - - [04/Jan/2023 10:31:10] "GET /progress-scdg HTTP/1.1" 200 -[0m[0m
[1;32;40mINFO - 2023-01-04 10:31:10,155 - [36mCustomSimProcedure[0m - [36mSyscall found:  GetStartupInfoA[<BV32 0x7ffefd34>][0m[0m
[1;32;40mINFO - 2023-01-04 10:31:10,219 - [36mCustomSimProcedure[0m - [36mSyscall found:  GetStdHandle[<BV32 0xfffffff6>][0m[0m
[1;32;40mINFO - 2023-01-04 10:31:10,235 - [36mCustomSimProcedure[0m - [36mSyscall found:  GetFileType[<BV32 0x3e8>][0m[0m
[1;32;40mINFO - 2023-01-04 10:31:10,269 - [31mToolChainExplorerAnotherCDFS[0m - [31mA new block of execution have been executed with changes in sim_manager.[0m[0m
[1;32;40mINFO - 2023-01-04 10:31:10,269 - [31mToolChainExplorerAnotherCDFS[0m - [31mCurrently, simulation manager is :[0m[0m
[1;32;40mINFO - 2023-01-04 10:31:10,269 - [31mToolChainExplorerAnotherCDFS[0m - [31m<SimulationManager with 2 active, 9 pause, 3 new_addr>[0m[0m
[1;32;40mINFO - 2023-01-04 10:31:10,269 - [31mToolChainExplorerAnotherCDFS[0m - [31mpause stash len :0[0m[0m
[1;32;40mINFO - 2023-01-04 10:31:10,270 - [31mToolChainExplorerAnotherCDFS[0m - [31mfork_stack : 1[0m[0m
[1;32;40mINFO - 2023-01-04 10:31:10,505 - [36mCustomSimProcedure[0m - [36mSyscall found:  GetModuleFileNameA[<BV32 0x0>, <BV32 0x7ffefbd8>, <BV32 0x104>][0m[0m
[1;32;40mINFO - 2023-01-04 10:31:11,488 - [36mCustomSimProcedure[0m - [36mSyscall found:  GetModuleHandleA[<BV32 0x0>][0m[0m
[1;32;40mINFO - 2023-01-04 10:31:11,530 - [36mCustomSimProcedure[0m - [36mSyscall found:  HeapAlloc[<BV32 0x1>, <BV32 0x0>, <BV32 0x140>][0m[0m
[1;32;40mINFO - 2023-01-04 10:31:11,569 - [36mCustomSimProcedure[0m - [36mSyscall found:  InitializeCriticalSection[<BV32 0x45fa08>][0m[0m
[1;32;40mINFO - 2023-01-04 10:31:11,580 - [36mCustomSimProcedure[0m - [36mSyscall found:  InitializeCriticalSection[<BV32 0x45fa38>][0m[0m
[1;32;40mINFO - 2023-01-04 10:31:11,587 - [36mCustomSimProcedure[0m - [36mSyscall found:  InitializeCriticalSection[<BV32 0x45fa20>][0m[0m
[1;32;40mINFO - 2023-01-04 10:31:11,594 - [36mCustomSimProcedure[0m - [36mSyscall found:  InitializeCriticalSection[<BV32 0x45f9f0>][0m[0m
[1;32;40mINFO - 2023-01-04 10:31:11,604 - [36mCustomSimProcedure[0m - [36mSyscall found:  TlsAlloc[][0m[0m
[1;32;40mINFO - 2023-01-04 10:31:11,685 - [36mCustomSimProcedure[0m - [36mSyscall found:  EnterCriticalSection[<BV32 0x45fa20>][0m[0m
[1;32;40mINFO - 2023-01-04 10:31:11,787 - [36mCustomSimProcedure[0m - [36mSyscall found:  HeapAlloc[<BV32 0x1>, <BV32 0x8>, <BV32 0x41c4>][0m[0m
[1;32;40mINFO - 2023-01-04 10:31:12,032 - [33mwerkzeug[0m - [33m172.17.0.1 - - [04/Jan/2023 10:31:12] "GET /progress-scdg HTTP/1.1" 200 -[0m[0m
[1;32;40mINFO - 2023-01-04 10:31:12,033 - [33mwerkzeug[0m - [33m172.17.0.1 - - [04/Jan/2023 10:31:12] "GET /iteration-scdg HTTP/1.1" 200 -[0m[0m
[1;32;40mINFO - 2023-01-04 10:31:12,035 - [36mCustomSimProcedure[0m - [36mSyscall found:  VirtualAlloc[<BV32 0x0>, <BV32 0x100000>, <BV32 0x2000>, <BV32 0x4>][0m[0m
[1;32;40mINFO - 2023-01-04 10:31:12,653 - [36mCustomSimProcedure[0m - [36mSyscall found:  VirtualAlloc[<BV32 0xe0000000>, <BV32 0x8000>, <BV32 0x1000>, <BV32 0x4>][0m[0m
[1;32;40mINFO - 2023-01-04 10:31:13,177 - [33mwerkzeug[0m - [33m172.17.0.1 - - [04/Jan/2023 10:31:13] "GET /iteration-scdg HTTP/1.1" 200 -[0m[0m
[1;32;40mINFO - 2023-01-04 10:31:13,181 - [33mwerkzeug[0m - [33m172.17.0.1 - - [04/Jan/2023 10:31:13] "GET /progress-scdg HTTP/1.1" 200 -[0m[0m
[1;32;40mINFO - 2023-01-04 10:31:13,216 - [36mCustomSimProcedure[0m - [36mSyscall found:  LeaveCriticalSection[<BV32 0x45fa20>][0m[0m
[1;32;40mINFO - 2023-01-04 10:31:13,313 - [36mCustomSimProcedure[0m - [36mSyscall found:  TlsSetValue[<BV32 0x1>, <BV32 0xe0000f80>][0m[0m
[1;32;40mINFO - 2023-01-04 10:31:13,334 - [36mCustomSimProcedure[0m - [36mSyscall found:  GetCurrentThreadId[][0m[0m
[1;32;40mINFO - 2023-01-04 10:31:13,411 - [36mCustomSimProcedure[0m - [36mSyscall found:  HeapAlloc[<BV32 0x1>, <BV32 0x0>, <BV32 0x480>][0m[0m
[1;32;40mINFO - 2023-01-04 10:31:13,878 - [36mCustomSimProcedure[0m - [36mSyscall found:  GetStartupInfoA[<BV32 0x7ffefd34>][0m[0m
[1;32;40mINFO - 2023-01-04 10:31:13,942 - [36mCustomSimProcedure[0m - [36mSyscall found:  GetStdHandle[<BV32 0xfffffff6>][0m[0m
[1;32;40mINFO - 2023-01-04 10:31:13,956 - [36mCustomSimProcedure[0m - [36mSyscall found:  GetFileType[<BV32 0x3e8>][0m[0m
[1;32;40mINFO - 2023-01-04 10:31:13,996 - [31mToolChainExplorerAnotherCDFS[0m - [31mA new block of execution have been executed with changes in sim_manager.[0m[0m
[1;32;40mINFO - 2023-01-04 10:31:13,996 - [31mToolChainExplorerAnotherCDFS[0m - [31mCurrently, simulation manager is :[0m[0m
[1;32;40mINFO - 2023-01-04 10:31:13,997 - [31mToolChainExplorerAnotherCDFS[0m - [31m<SimulationManager with 2 active, 11 pause, 2 new_addr>[0m[0m
[1;32;40mINFO - 2023-01-04 10:31:13,997 - [31mToolChainExplorerAnotherCDFS[0m - [31mpause stash len :0[0m[0m
[1;32;40mINFO - 2023-01-04 10:31:13,997 - [31mToolChainExplorerAnotherCDFS[0m - [31mfork_stack : 1[0m[0m
[1;32;40mINFO - 2023-01-04 10:31:14,015 - [36mCustomSimProcedure[0m - [36mSyscall found:  GetModuleHandleA[<BV32 0x0>][0m[0m
[1;32;40mINFO - 2023-01-04 10:31:14,056 - [36mCustomSimProcedure[0m - [36mSyscall found:  HeapAlloc[<BV32 0x1>, <BV32 0x0>, <BV32 0x140>][0m[0m
[1;32;40mINFO - 2023-01-04 10:31:14,095 - [36mCustomSimProcedure[0m - [36mSyscall found:  InitializeCriticalSection[<BV32 0x45fa08>][0m[0m
[1;32;40mINFO - 2023-01-04 10:31:14,102 - [36mCustomSimProcedure[0m - [36mSyscall found:  InitializeCriticalSection[<BV32 0x45fa38>][0m[0m
[1;32;40mINFO - 2023-01-04 10:31:14,107 - [36mCustomSimProcedure[0m - [36mSyscall found:  InitializeCriticalSection[<BV32 0x45fa20>][0m[0m
[1;32;40mINFO - 2023-01-04 10:31:14,112 - [36mCustomSimProcedure[0m - [36mSyscall found:  InitializeCriticalSection[<BV32 0x45f9f0>][0m[0m
[1;32;40mINFO - 2023-01-04 10:31:14,122 - [36mCustomSimProcedure[0m - [36mSyscall found:  TlsAlloc[][0m[0m
[1;32;40mINFO - 2023-01-04 10:31:14,192 - [36mCustomSimProcedure[0m - [36mSyscall found:  EnterCriticalSection[<BV32 0x45fa20>][0m[0m
[1;32;40mINFO - 2023-01-04 10:31:14,296 - [36mCustomSimProcedure[0m - [36mSyscall found:  HeapAlloc[<BV32 0x1>, <BV32 0x8>, <BV32 0x41c4>][0m[0m
[1;32;40mINFO - 2023-01-04 10:31:14,564 - [36mCustomSimProcedure[0m - [36mSyscall found:  VirtualAlloc[<BV32 0x0>, <BV32 0x100000>, <BV32 0x2000>, <BV32 0x4>][0m[0m
[1;32;40mINFO - 2023-01-04 10:31:15,025 - [33mwerkzeug[0m - [33m172.17.0.1 - - [04/Jan/2023 10:31:15] "GET /iteration-scdg HTTP/1.1" 200 -[0m[0m
[1;32;40mINFO - 2023-01-04 10:31:15,044 - [33mwerkzeug[0m - [33m172.17.0.1 - - [04/Jan/2023 10:31:15] "GET /progress-scdg HTTP/1.1" 200 -[0m[0m
[1;32;40mINFO - 2023-01-04 10:31:15,153 - [36mCustomSimProcedure[0m - [36mSyscall found:  VirtualAlloc[<BV32 0xe0000000>, <BV32 0x8000>, <BV32 0x1000>, <BV32 0x4>][0m[0m
[1;32;40mINFO - 2023-01-04 10:31:15,718 - [36mCustomSimProcedure[0m - [36mSyscall found:  LeaveCriticalSection[<BV32 0x45fa20>][0m[0m
[1;32;40mINFO - 2023-01-04 10:31:15,824 - [36mCustomSimProcedure[0m - [36mSyscall found:  TlsSetValue[<BV32 0x1>, <BV32 0xe0000f80>][0m[0m
[1;32;40mINFO - 2023-01-04 10:31:15,843 - [36mCustomSimProcedure[0m - [36mSyscall found:  GetCurrentThreadId[][0m[0m
[1;32;40mINFO - 2023-01-04 10:31:15,936 - [36mCustomSimProcedure[0m - [36mSyscall found:  HeapAlloc[<BV32 0x1>, <BV32 0x0>, <BV32 0x480>][0m[0m
[1;32;40mINFO - 2023-01-04 10:31:16,388 - [36mCustomSimProcedure[0m - [36mSyscall found:  GetStartupInfoA[<BV32 0x7ffefd34>][0m[0m
[1;32;40mINFO - 2023-01-04 10:31:16,451 - [36mCustomSimProcedure[0m - [36mSyscall found:  GetStdHandle[<BV32 0xfffffff6>][0m[0m
[1;32;40mINFO - 2023-01-04 10:31:16,464 - [36mCustomSimProcedure[0m - [36mSyscall found:  GetFileType[<BV32 0x3e8>][0m[0m
[1;32;40mINFO - 2023-01-04 10:31:16,502 - [31mToolChainExplorerAnotherCDFS[0m - [31mA new block of execution have been executed with changes in sim_manager.[0m[0m
[1;32;40mINFO - 2023-01-04 10:31:16,502 - [31mToolChainExplorerAnotherCDFS[0m - [31mCurrently, simulation manager is :[0m[0m
[1;32;40mINFO - 2023-01-04 10:31:16,502 - [31mToolChainExplorerAnotherCDFS[0m - [31m<SimulationManager with 2 active, 13 pause, 1 new_addr>[0m[0m
[1;32;40mINFO - 2023-01-04 10:31:16,502 - [31mToolChainExplorerAnotherCDFS[0m - [31mpause stash len :0[0m[0m
[1;32;40mINFO - 2023-01-04 10:31:16,502 - [31mToolChainExplorerAnotherCDFS[0m - [31mfork_stack : 1[0m[0m
[1;32;40mINFO - 2023-01-04 10:31:16,512 - [36mCustomSimProcedure[0m - [36mSyscall found:  GetEnvironmentVariableA[<BV32 0x45a78c>, <BV32 0x7ffeeb48>, <BV32 0x1090>][0m[0m
[1;32;40mINFO - 2023-01-04 10:31:16,549 - [31mToolChainExplorerAnotherCDFS[0m - [31mA new block of execution have been executed with changes in sim_manager.[0m[0m
[1;32;40mINFO - 2023-01-04 10:31:16,550 - [31mToolChainExplorerAnotherCDFS[0m - [31mCurrently, simulation manager is :[0m[0m
[1;32;40mINFO - 2023-01-04 10:31:16,550 - [31mToolChainExplorerAnotherCDFS[0m - [31m<SimulationManager with 2 active, 15 pause>[0m[0m
[1;32;40mINFO - 2023-01-04 10:31:16,550 - [31mToolChainExplorerAnotherCDFS[0m - [31mpause stash len :0[0m[0m
[1;32;40mINFO - 2023-01-04 10:31:16,550 - [31mToolChainExplorerAnotherCDFS[0m - [31mfork_stack : 1[0m[0m
[1;32;40mINFO - 2023-01-04 10:31:16,586 - [36mCustomSimProcedure[0m - [36mSyscall found:  GetStdHandle[<BV32 0xfffffff4>][0m[0m
[1;32;40mINFO - 2023-01-04 10:31:16,598 - [36mCustomSimProcedure[0m - [36mSyscall found:  GetFileType[<BV32 0x3ea>][0m[0m
[1;32;40mINFO - 2023-01-04 10:31:16,629 - [31mToolChainExplorerAnotherCDFS[0m - [31mA new block of execution have been executed with changes in sim_manager.[0m[0m
[1;32;40mINFO - 2023-01-04 10:31:16,629 - [31mToolChainExplorerAnotherCDFS[0m - [31mCurrently, simulation manager is :[0m[0m
[1;32;40mINFO - 2023-01-04 10:31:16,629 - [31mToolChainExplorerAnotherCDFS[0m - [31m<SimulationManager with 2 active, 16 pause>[0m[0m
[1;32;40mINFO - 2023-01-04 10:31:16,629 - [31mToolChainExplorerAnotherCDFS[0m - [31mpause stash len :0[0m[0m
[1;32;40mINFO - 2023-01-04 10:31:16,629 - [31mToolChainExplorerAnotherCDFS[0m - [31mfork_stack : 1[0m[0m
[1;32;40mINFO - 2023-01-04 10:31:16,652 - [36mCustomSimProcedure[0m - [36mSyscall found:  SetHandleCount[<BV32 0x20>][0m[0m
[1;32;40mINFO - 2023-01-04 10:31:16,684 - [36mCustomSimProcedure[0m - [36mSyscall found:  GetCommandLineA[][0m[0m
[1;32;40mINFO - 2023-01-04 10:31:16,712 - [36mCustomSimProcedure[0m - [36mSyscall found:  GetEnvironmentStringsW[][0m[0m
[1;32;40mINFO - 2023-01-04 10:31:16,961 - [31mToolChainExplorerAnotherCDFS[0m - [31mA new block of execution have been executed with changes in sim_manager.[0m[0m
[1;32;40mINFO - 2023-01-04 10:31:16,961 - [31mToolChainExplorerAnotherCDFS[0m - [31mCurrently, simulation manager is :[0m[0m
[1;32;40mINFO - 2023-01-04 10:31:16,961 - [31mToolChainExplorerAnotherCDFS[0m - [31m<SimulationManager with 2 active, 17 pause>[0m[0m
[1;32;40mINFO - 2023-01-04 10:31:16,961 - [31mToolChainExplorerAnotherCDFS[0m - [31mpause stash len :0[0m[0m
[1;32;40mINFO - 2023-01-04 10:31:16,961 - [31mToolChainExplorerAnotherCDFS[0m - [31mfork_stack : 1[0m[0m
[1;32;40mINFO - 2023-01-04 10:31:17,002 - [33mwerkzeug[0m - [33m172.17.0.1 - - [04/Jan/2023 10:31:17] "GET /iteration-scdg HTTP/1.1" 200 -[0m[0m
[1;32;40mINFO - 2023-01-04 10:31:17,003 - [33mwerkzeug[0m - [33m172.17.0.1 - - [04/Jan/2023 10:31:17] "GET /progress-scdg HTTP/1.1" 200 -[0m[0m
[1;32;40mINFO - 2023-01-04 10:31:17,027 - [31mToolChainExplorerAnotherCDFS[0m - [31mA new block of execution have been executed with changes in sim_manager.[0m[0m
[1;32;40mINFO - 2023-01-04 10:31:17,028 - [31mToolChainExplorerAnotherCDFS[0m - [31mCurrently, simulation manager is :[0m[0m
[1;32;40mINFO - 2023-01-04 10:31:17,028 - [31mToolChainExplorerAnotherCDFS[0m - [31m<SimulationManager with 2 active, 18 pause>[0m[0m
[1;32;40mINFO - 2023-01-04 10:31:17,028 - [31mToolChainExplorerAnotherCDFS[0m - [31mpause stash len :0[0m[0m
[1;32;40mINFO - 2023-01-04 10:31:17,028 - [31mToolChainExplorerAnotherCDFS[0m - [31mfork_stack : 1[0m[0m
[1;32;40mINFO - 2023-01-04 10:31:17,048 - [36mCustomSimProcedure[0m - [36mSyscall found:  WideCharToMultiByte[<BV32 0x0>, <BV32 0x0>, <BV32 0xc0000008>, <BV32 0x14>, <BV32 0x0>, <BV32 0x0>, <BV32 0x0>, <BV32 0x0>][0m[0m
[1;32;40mINFO - 2023-01-04 10:31:17,115 - [36mCustomSimProcedure[0m - [36mSyscall found:  EnterCriticalSection[<BV32 0x45fa20>][0m[0m
[1;32;40mINFO - 2023-01-04 10:31:17,593 - [36mCustomSimProcedure[0m - [36mSyscall found:  LeaveCriticalSection[<BV32 0x45fa20>][0m[0m
[1;32;40mINFO - 2023-01-04 10:31:17,646 - [36mCustomSimProcedure[0m - [36mSyscall found:  WideCharToMultiByte[<BV32 0x0>, <BV32 0x0>, <BV32 0xc0000008>, <BV32 0x14>, <BV32 0xe0000f60>, <BV32 0x10>, <BV32 0x0>, <BV32 0x0>][0m[0m
[1;32;40mINFO - 2023-01-04 10:31:17,661 - [36mCustomSimProcedure[0m - [36mSyscall found:  FreeEnvironmentStringsW[<BV32 0xc0000008>][0m[0m
[1;32;40mINFO - 2023-01-04 10:31:17,811 - [36mCustomSimProcedure[0m - [36mSyscall found:  EnterCriticalSection[<BV32 0x45fa20>][0m[0m
[1;32;40mINFO - 2023-01-04 10:31:18,170 - [33mwerkzeug[0m - [33m172.17.0.1 - - [04/Jan/2023 10:31:18] "GET /iteration-scdg HTTP/1.1" 200 -[0m[0m
[1;32;40mINFO - 2023-01-04 10:31:18,178 - [33mwerkzeug[0m - [33m172.17.0.1 - - [04/Jan/2023 10:31:18] "GET /progress-scdg HTTP/1.1" 200 -[0m[0m
[1;32;40mINFO - 2023-01-04 10:31:18,411 - [36mCustomSimProcedure[0m - [36mSyscall found:  LeaveCriticalSection[<BV32 0x45fa20>][0m[0m
[1;32;40mINFO - 2023-01-04 10:31:18,496 - [36mCustomSimProcedure[0m - [36mSyscall found:  EnterCriticalSection[<BV32 0x45fa08>][0m[0m
[1;32;40mINFO - 2023-01-04 10:31:18,520 - [36mCustomSimProcedure[0m - [36mSyscall found:  InitializeCriticalSection[<BV32 0xe0000f40>][0m[0m
[1;32;40mINFO - 2023-01-04 10:31:18,541 - [36mCustomSimProcedure[0m - [36mSyscall found:  LeaveCriticalSection[<BV32 0x45fa08>][0m[0m
[1;32;40mINFO - 2023-01-04 10:31:18,556 - [36mCustomSimProcedure[0m - [36mSyscall found:  EnterCriticalSection[<BV32 0xe0000f40>][0m[0m
[1;32;40mINFO - 2023-01-04 10:31:18,597 - [36mCustomSimProcedure[0m - [36mSyscall found:  GetACP[][0m[0m
[1;32;40mINFO - 2023-01-04 10:31:18,719 - [36mCustomSimProcedure[0m - [36mSyscall found:  GetCPInfo[<BV32 0x4e4>, <BV32 0x7ffefd40>][0m[0m
[1;32;40mINFO - 2023-01-04 10:31:18,760 - [31mToolChainExplorerAnotherCDFS[0m - [31mA new block of execution have been executed with changes in sim_manager.[0m[0m
[1;32;40mINFO - 2023-01-04 10:31:18,760 - [31mToolChainExplorerAnotherCDFS[0m - [31mCurrently, simulation manager is :[0m[0m
[1;32;40mINFO - 2023-01-04 10:31:18,760 - [31mToolChainExplorerAnotherCDFS[0m - [31m<SimulationManager with 2 active, 19 pause>[0m[0m
[1;32;40mINFO - 2023-01-04 10:31:18,761 - [31mToolChainExplorerAnotherCDFS[0m - [31mpause stash len :0[0m[0m
[1;32;40mINFO - 2023-01-04 10:31:18,761 - [31mToolChainExplorerAnotherCDFS[0m - [31mfork_stack : 1[0m[0m
[1;32;40mINFO - 2023-01-04 10:31:18,821 - [36mCustomSimProcedure[0m - [36mSyscall found:  GetCPInfo[<BV32 0x0>, <BV32 0x7ffefd18>][0m[0m
[1;32;40mINFO - 2023-01-04 10:31:18,859 - [31mToolChainExplorerAnotherCDFS[0m - [31mA new block of execution have been executed with changes in sim_manager.[0m[0m
[1;32;40mINFO - 2023-01-04 10:31:18,859 - [31mToolChainExplorerAnotherCDFS[0m - [31mCurrently, simulation manager is :[0m[0m
[1;32;40mINFO - 2023-01-04 10:31:18,859 - [31mToolChainExplorerAnotherCDFS[0m - [31m<SimulationManager with 2 active, 19 pause, 1 new_addr>[0m[0m
[1;32;40mINFO - 2023-01-04 10:31:18,859 - [31mToolChainExplorerAnotherCDFS[0m - [31mpause stash len :0[0m[0m
[1;32;40mINFO - 2023-01-04 10:31:18,859 - [31mToolChainExplorerAnotherCDFS[0m - [31mfork_stack : 1[0m[0m
[1;32;40mINFO - 2023-01-04 10:31:20,020 - [33mwerkzeug[0m - [33m172.17.0.1 - - [04/Jan/2023 10:31:20] "GET /progress-scdg HTTP/1.1" 200 -[0m[0m
[1;32;40mINFO - 2023-01-04 10:31:20,026 - [33mwerkzeug[0m - [33m172.17.0.1 - - [04/Jan/2023 10:31:20] "GET /iteration-scdg HTTP/1.1" 200 -[0m[0m
[1;32;40mINFO - 2023-01-04 10:31:22,007 - [33mwerkzeug[0m - [33m172.17.0.1 - - [04/Jan/2023 10:31:22] "GET /iteration-scdg HTTP/1.1" 200 -[0m[0m
[1;32;40mINFO - 2023-01-04 10:31:22,020 - [33mwerkzeug[0m - [33m172.17.0.1 - - [04/Jan/2023 10:31:22] "GET /progress-scdg HTTP/1.1" 200 -[0m[0m
[1;32;40mINFO - 2023-01-04 10:31:23,182 - [33mwerkzeug[0m - [33m172.17.0.1 - - [04/Jan/2023 10:31:23] "GET /iteration-scdg HTTP/1.1" 200 -[0m[0m
[1;32;40mINFO - 2023-01-04 10:31:23,183 - [33mwerkzeug[0m - [33m172.17.0.1 - - [04/Jan/2023 10:31:23] "GET /progress-scdg HTTP/1.1" 200 -[0m[0m
[1;32;40mINFO - 2023-01-04 10:31:25,029 - [33mwerkzeug[0m - [33m172.17.0.1 - - [04/Jan/2023 10:31:25] "GET /iteration-scdg HTTP/1.1" 200 -[0m[0m
[1;32;40mINFO - 2023-01-04 10:31:25,039 - [33mwerkzeug[0m - [33m172.17.0.1 - - [04/Jan/2023 10:31:25] "GET /progress-scdg HTTP/1.1" 200 -[0m[0m
[1;32;40mINFO - 2023-01-04 10:31:25,603 - [36mCustomSimProcedure[0m - [36mSyscall found:  LeaveCriticalSection[<BV32 0xe0000f40>][0m[0m
[1;32;40mINFO - 2023-01-04 10:31:25,629 - [36mCustomSimProcedure[0m - [36mSyscall found:  GetModuleFileNameA[<BV32 0x0>, <BV32 0x45f8e0>, <BV32 0x104>][0m[0m
[1;32;40mINFO - 2023-01-04 10:31:27,027 - [33mwerkzeug[0m - [33m172.17.0.1 - - [04/Jan/2023 10:31:27] "GET /progress-scdg HTTP/1.1" 200 -[0m[0m
[1;32;40mINFO - 2023-01-04 10:31:27,033 - [33mwerkzeug[0m - [33m172.17.0.1 - - [04/Jan/2023 10:31:27] "GET /iteration-scdg HTTP/1.1" 200 -[0m[0m
[1;32;40mINFO - 2023-01-04 10:31:27,927 - [36mCustomSimProcedure[0m - [36mSyscall found:  EnterCriticalSection[<BV32 0x45fa20>][0m[0m
[1;32;40mINFO - 2023-01-04 10:31:28,168 - [33mwerkzeug[0m - [33m172.17.0.1 - - [04/Jan/2023 10:31:28] "GET /iteration-scdg HTTP/1.1" 200 -[0m[0m
[1;32;40mINFO - 2023-01-04 10:31:28,175 - [33mwerkzeug[0m - [33m172.17.0.1 - - [04/Jan/2023 10:31:28] "GET /progress-scdg HTTP/1.1" 200 -[0m[0m
[1;32;40mINFO - 2023-01-04 10:31:28,431 - [36mCustomSimProcedure[0m - [36mSyscall found:  LeaveCriticalSection[<BV32 0x45fa20>][0m[0m
[1;32;40mINFO - 2023-01-04 10:31:30,030 - [33mwerkzeug[0m - [33m172.17.0.1 - - [04/Jan/2023 10:31:30] "GET /iteration-scdg HTTP/1.1" 200 -[0m[0m
[1;32;40mINFO - 2023-01-04 10:31:30,044 - [33mwerkzeug[0m - [33m172.17.0.1 - - [04/Jan/2023 10:31:30] "GET /progress-scdg HTTP/1.1" 200 -[0m[0m
[1;32;40mINFO - 2023-01-04 10:31:30,898 - [36mCustomSimProcedure[0m - [36mSyscall found:  EnterCriticalSection[<BV32 0x45fa20>][0m[0m
[1;32;40mINFO - 2023-01-04 10:31:31,449 - [36mCustomSimProcedure[0m - [36mSyscall found:  LeaveCriticalSection[<BV32 0x45fa20>][0m[0m
[1;32;40mINFO - 2023-01-04 10:31:31,577 - [36mCustomSimProcedure[0m - [36mSyscall found:  EnterCriticalSection[<BV32 0x45fa20>][0m[0m
[1;32;40mINFO - 2023-01-04 10:31:31,767 - [36mCustomSimProcedure[0m - [36mSyscall found:  LeaveCriticalSection[<BV32 0x45fa20>][0m[0m
[1;32;40mINFO - 2023-01-04 10:31:31,927 - [36mCustomSimProcedure[0m - [36mSyscall found:  GetStartupInfoA[<BV32 0x7ffefd9c>][0m[0m
[1;32;40mINFO - 2023-01-04 10:31:32,007 - [33mwerkzeug[0m - [33m172.17.0.1 - - [04/Jan/2023 10:31:32] "GET /iteration-scdg HTTP/1.1" 200 -[0m[0m
[1;32;40mINFO - 2023-01-04 10:31:32,009 - [33mwerkzeug[0m - [33m172.17.0.1 - - [04/Jan/2023 10:31:32] "GET /progress-scdg HTTP/1.1" 200 -[0m[0m
[1;32;40mINFO - 2023-01-04 10:31:32,015 - [36mCustomSimProcedure[0m - [36mSyscall found:  GetModuleHandleA[<BV32 0x0>][0m[0m
[1;32;40mINFO - 2023-01-04 10:31:33,186 - [33mwerkzeug[0m - [33m172.17.0.1 - - [04/Jan/2023 10:31:33] "GET /iteration-scdg HTTP/1.1" 200 -[0m[0m
[1;32;40mINFO - 2023-01-04 10:31:33,202 - [33mwerkzeug[0m - [33m172.17.0.1 - - [04/Jan/2023 10:31:33] "GET /progress-scdg HTTP/1.1" 200 -[0m[0m
[1;32;40mINFO - 2023-01-04 10:31:35,026 - [33mwerkzeug[0m - [33m172.17.0.1 - - [04/Jan/2023 10:31:35] "GET /iteration-scdg HTTP/1.1" 200 -[0m[0m
[1;32;40mINFO - 2023-01-04 10:31:35,048 - [33mwerkzeug[0m - [33m172.17.0.1 - - [04/Jan/2023 10:31:35] "GET /progress-scdg HTTP/1.1" 200 -[0m[0m
[1;32;40mINFO - 2023-01-04 10:31:37,023 - [33mwerkzeug[0m - [33m172.17.0.1 - - [04/Jan/2023 10:31:37] "GET /iteration-scdg HTTP/1.1" 200 -[0m[0m
[1;32;40mINFO - 2023-01-04 10:31:37,031 - [33mwerkzeug[0m - [33m172.17.0.1 - - [04/Jan/2023 10:31:37] "GET /progress-scdg HTTP/1.1" 200 -[0m[0m
[1;32;40mINFO - 2023-01-04 10:31:38,182 - [33mwerkzeug[0m - [33m172.17.0.1 - - [04/Jan/2023 10:31:38] "GET /iteration-scdg HTTP/1.1" 200 -[0m[0m
[1;32;40mINFO - 2023-01-04 10:31:38,183 - [33mwerkzeug[0m - [33m172.17.0.1 - - [04/Jan/2023 10:31:38] "GET /progress-scdg HTTP/1.1" 200 -[0m[0m
[1;32;40mINFO - 2023-01-04 10:31:40,027 - [33mwerkzeug[0m - [33m172.17.0.1 - - [04/Jan/2023 10:31:40] "GET /iteration-scdg HTTP/1.1" 200 -[0m[0m
[1;32;40mINFO - 2023-01-04 10:31:40,039 - [33mwerkzeug[0m - [33m172.17.0.1 - - [04/Jan/2023 10:31:40] "GET /progress-scdg HTTP/1.1" 200 -[0m[0m
[1;32;40mINFO - 2023-01-04 10:31:42,013 - [33mwerkzeug[0m - [33m172.17.0.1 - - [04/Jan/2023 10:31:42] "GET /iteration-scdg HTTP/1.1" 200 -[0m[0m
[1;32;40mINFO - 2023-01-04 10:31:42,025 - [33mwerkzeug[0m - [33m172.17.0.1 - - [04/Jan/2023 10:31:42] "GET /progress-scdg HTTP/1.1" 200 -[0m[0m
[1;32;40mINFO - 2023-01-04 10:31:43,178 - [33mwerkzeug[0m - [33m172.17.0.1 - - [04/Jan/2023 10:31:43] "GET /iteration-scdg HTTP/1.1" 200 -[0m[0m
[1;32;40mINFO - 2023-01-04 10:31:43,194 - [33mwerkzeug[0m - [33m172.17.0.1 - - [04/Jan/2023 10:31:43] "GET /progress-scdg HTTP/1.1" 200 -[0m[0m
[1;32;40mINFO - 2023-01-04 10:31:45,025 - [33mwerkzeug[0m - [33m172.17.0.1 - - [04/Jan/2023 10:31:45] "GET /iteration-scdg HTTP/1.1" 200 -[0m[0m
[1;32;40mINFO - 2023-01-04 10:31:45,026 - [33mwerkzeug[0m - [33m172.17.0.1 - - [04/Jan/2023 10:31:45] "GET /progress-scdg HTTP/1.1" 200 -[0m[0m
[1;32;40mINFO - 2023-01-04 10:31:47,020 - [33mwerkzeug[0m - [33m172.17.0.1 - - [04/Jan/2023 10:31:47] "GET /iteration-scdg HTTP/1.1" 200 -[0m[0m
[1;32;40mINFO - 2023-01-04 10:31:47,038 - [33mwerkzeug[0m - [33m172.17.0.1 - - [04/Jan/2023 10:31:47] "GET /progress-scdg HTTP/1.1" 200 -[0m[0m
[1;32;40mINFO - 2023-01-04 10:31:48,173 - [33mwerkzeug[0m - [33m172.17.0.1 - - [04/Jan/2023 10:31:48] "GET /iteration-scdg HTTP/1.1" 200 -[0m[0m
[1;32;40mINFO - 2023-01-04 10:31:48,186 - [33mwerkzeug[0m - [33m172.17.0.1 - - [04/Jan/2023 10:31:48] "GET /progress-scdg HTTP/1.1" 200 -[0m[0m
[1;32;40mINFO - 2023-01-04 10:31:50,033 - [33mwerkzeug[0m - [33m172.17.0.1 - - [04/Jan/2023 10:31:50] "GET /iteration-scdg HTTP/1.1" 200 -[0m[0m
[1;32;40mINFO - 2023-01-04 10:31:50,050 - [33mwerkzeug[0m - [33m172.17.0.1 - - [04/Jan/2023 10:31:50] "GET /progress-scdg HTTP/1.1" 200 -[0m[0m
[1;32;40mINFO - 2023-01-04 10:31:52,037 - [33mwerkzeug[0m - [33m172.17.0.1 - - [04/Jan/2023 10:31:52] "GET /iteration-scdg HTTP/1.1" 200 -[0m[0m
[1;32;40mINFO - 2023-01-04 10:31:52,067 - [33mwerkzeug[0m - [33m172.17.0.1 - - [04/Jan/2023 10:31:52] "GET /progress-scdg HTTP/1.1" 200 -[0m[0m
[1;32;40mINFO - 2023-01-04 10:31:53,173 - [33mwerkzeug[0m - [33m172.17.0.1 - - [04/Jan/2023 10:31:53] "GET /iteration-scdg HTTP/1.1" 200 -[0m[0m
[1;32;40mINFO - 2023-01-04 10:31:53,174 - [33mwerkzeug[0m - [33m172.17.0.1 - - [04/Jan/2023 10:31:53] "GET /progress-scdg HTTP/1.1" 200 -[0m[0m
[1;32;40mINFO - 2023-01-04 10:31:55,027 - [33mwerkzeug[0m - [33m172.17.0.1 - - [04/Jan/2023 10:31:55] "GET /iteration-scdg HTTP/1.1" 200 -[0m[0m
[1;32;40mINFO - 2023-01-04 10:31:55,038 - [33mwerkzeug[0m - [33m172.17.0.1 - - [04/Jan/2023 10:31:55] "GET /progress-scdg HTTP/1.1" 200 -[0m[0m
[1;32;40mINFO - 2023-01-04 10:31:57,038 - [33mwerkzeug[0m - [33m172.17.0.1 - - [04/Jan/2023 10:31:57] "GET /iteration-scdg HTTP/1.1" 200 -[0m[0m
[1;32;40mINFO - 2023-01-04 10:31:57,054 - [33mwerkzeug[0m - [33m172.17.0.1 - - [04/Jan/2023 10:31:57] "GET /progress-scdg HTTP/1.1" 200 -[0m[0m
[1;32;40mINFO - 2023-01-04 10:31:58,167 - [33mwerkzeug[0m - [33m172.17.0.1 - - [04/Jan/2023 10:31:58] "GET /iteration-scdg HTTP/1.1" 200 -[0m[0m
[1;32;40mINFO - 2023-01-04 10:31:58,173 - [33mwerkzeug[0m - [33m172.17.0.1 - - [04/Jan/2023 10:31:58] "GET /progress-scdg HTTP/1.1" 200 -[0m[0m
[1;32;40mINFO - 2023-01-04 10:31:58,480 - [31mToolChainExplorerAnotherCDFS[0m - [31mA state has been discarded because of simple loop[0m[0m
[1;32;40mINFO - 2023-01-04 10:32:00,028 - [33mwerkzeug[0m - [33m172.17.0.1 - - [04/Jan/2023 10:32:00] "GET /iteration-scdg HTTP/1.1" 200 -[0m[0m
[1;32;40mINFO - 2023-01-04 10:32:00,036 - [33mwerkzeug[0m - [33m172.17.0.1 - - [04/Jan/2023 10:32:00] "GET /progress-scdg HTTP/1.1" 200 -[0m[0m
[1;32;40mINFO - 2023-01-04 10:32:02,050 - [33mwerkzeug[0m - [33m172.17.0.1 - - [04/Jan/2023 10:32:02] "GET /iteration-scdg HTTP/1.1" 200 -[0m[0m
[1;32;40mINFO - 2023-01-04 10:32:02,076 - [33mwerkzeug[0m - [33m172.17.0.1 - - [04/Jan/2023 10:32:02] "GET /progress-scdg HTTP/1.1" 200 -[0m[0m
[1;32;40mINFO - 2023-01-04 10:32:03,163 - [33mwerkzeug[0m - [33m172.17.0.1 - - [04/Jan/2023 10:32:03] "GET /iteration-scdg HTTP/1.1" 200 -[0m[0m
[1;32;40mINFO - 2023-01-04 10:32:03,184 - [33mwerkzeug[0m - [33m172.17.0.1 - - [04/Jan/2023 10:32:03] "GET /progress-scdg HTTP/1.1" 200 -[0m[0m
[1;32;40mINFO - 2023-01-04 10:32:05,062 - [33mwerkzeug[0m - [33m172.17.0.1 - - [04/Jan/2023 10:32:05] "GET /iteration-scdg HTTP/1.1" 200 -[0m[0m
[1;32;40mINFO - 2023-01-04 10:32:05,075 - [33mwerkzeug[0m - [33m172.17.0.1 - - [04/Jan/2023 10:32:05] "GET /progress-scdg HTTP/1.1" 200 -[0m[0m
[1;32;40mINFO - 2023-01-04 10:32:07,043 - [33mwerkzeug[0m - [33m172.17.0.1 - - [04/Jan/2023 10:32:07] "GET /iteration-scdg HTTP/1.1" 200 -[0m[0m
[1;32;40mINFO - 2023-01-04 10:32:07,068 - [33mwerkzeug[0m - [33m172.17.0.1 - - [04/Jan/2023 10:32:07] "GET /progress-scdg HTTP/1.1" 200 -[0m[0m
[1;32;40mINFO - 2023-01-04 10:32:08,175 - [33mwerkzeug[0m - [33m172.17.0.1 - - [04/Jan/2023 10:32:08] "GET /iteration-scdg HTTP/1.1" 200 -[0m[0m
[1;32;40mINFO - 2023-01-04 10:32:08,182 - [33mwerkzeug[0m - [33m172.17.0.1 - - [04/Jan/2023 10:32:08] "GET /progress-scdg HTTP/1.1" 200 -[0m[0m
[1;32;40mINFO - 2023-01-04 10:32:10,027 - [33mwerkzeug[0m - [33m172.17.0.1 - - [04/Jan/2023 10:32:10] "GET /iteration-scdg HTTP/1.1" 200 -[0m[0m
[1;32;40mINFO - 2023-01-04 10:32:10,033 - [33mwerkzeug[0m - [33m172.17.0.1 - - [04/Jan/2023 10:32:10] "GET /progress-scdg HTTP/1.1" 200 -[0m[0m
[1;32;40mINFO - 2023-01-04 10:32:12,045 - [33mwerkzeug[0m - [33m172.17.0.1 - - [04/Jan/2023 10:32:12] "GET /iteration-scdg HTTP/1.1" 200 -[0m[0m
[1;32;40mINFO - 2023-01-04 10:32:12,052 - [33mwerkzeug[0m - [33m172.17.0.1 - - [04/Jan/2023 10:32:12] "GET /progress-scdg HTTP/1.1" 200 -[0m[0m
[1;32;40mINFO - 2023-01-04 10:32:13,178 - [33mwerkzeug[0m - [33m172.17.0.1 - - [04/Jan/2023 10:32:13] "GET /iteration-scdg HTTP/1.1" 200 -[0m[0m
[1;32;40mINFO - 2023-01-04 10:32:13,194 - [33mwerkzeug[0m - [33m172.17.0.1 - - [04/Jan/2023 10:32:13] "GET /progress-scdg HTTP/1.1" 200 -[0m[0m
[1;32;40mINFO - 2023-01-04 10:32:15,052 - [33mwerkzeug[0m - [33m172.17.0.1 - - [04/Jan/2023 10:32:15] "GET /iteration-scdg HTTP/1.1" 200 -[0m[0m
[1;32;40mINFO - 2023-01-04 10:32:15,058 - [33mwerkzeug[0m - [33m172.17.0.1 - - [04/Jan/2023 10:32:15] "GET /progress-scdg HTTP/1.1" 200 -[0m[0m
[1;32;40mINFO - 2023-01-04 10:32:17,041 - [33mwerkzeug[0m - [33m172.17.0.1 - - [04/Jan/2023 10:32:17] "GET /iteration-scdg HTTP/1.1" 200 -[0m[0m
[1;32;40mINFO - 2023-01-04 10:32:17,047 - [33mwerkzeug[0m - [33m172.17.0.1 - - [04/Jan/2023 10:32:17] "GET /progress-scdg HTTP/1.1" 200 -[0m[0m
[1;32;40mINFO - 2023-01-04 10:32:18,177 - [33mwerkzeug[0m - [33m172.17.0.1 - - [04/Jan/2023 10:32:18] "GET /iteration-scdg HTTP/1.1" 200 -[0m[0m
[1;32;40mINFO - 2023-01-04 10:32:18,186 - [33mwerkzeug[0m - [33m172.17.0.1 - - [04/Jan/2023 10:32:18] "GET /progress-scdg HTTP/1.1" 200 -[0m[0m
[1;32;40mINFO - 2023-01-04 10:32:20,039 - [33mwerkzeug[0m - [33m172.17.0.1 - - [04/Jan/2023 10:32:20] "GET /iteration-scdg HTTP/1.1" 200 -[0m[0m
[1;32;40mINFO - 2023-01-04 10:32:20,072 - [33mwerkzeug[0m - [33m172.17.0.1 - - [04/Jan/2023 10:32:20] "GET /progress-scdg HTTP/1.1" 200 -[0m[0m
[1;32;40mINFO - 2023-01-04 10:32:22,036 - [33mwerkzeug[0m - [33m172.17.0.1 - - [04/Jan/2023 10:32:22] "GET /iteration-scdg HTTP/1.1" 200 -[0m[0m
[1;32;40mINFO - 2023-01-04 10:32:22,052 - [33mwerkzeug[0m - [33m172.17.0.1 - - [04/Jan/2023 10:32:22] "GET /progress-scdg HTTP/1.1" 200 -[0m[0m
[1;32;40mINFO - 2023-01-04 10:32:23,172 - [33mwerkzeug[0m - [33m172.17.0.1 - - [04/Jan/2023 10:32:23] "GET /iteration-scdg HTTP/1.1" 200 -[0m[0m
[1;32;40mINFO - 2023-01-04 10:32:23,179 - [33mwerkzeug[0m - [33m172.17.0.1 - - [04/Jan/2023 10:32:23] "GET /progress-scdg HTTP/1.1" 200 -[0m[0m
[1;32;40mINFO - 2023-01-04 10:32:24,183 - [31mToolChainExplorerAnotherCDFS[0m - [31mA state has been discarded because of simple loop[0m[0m
[1;32;40mINFO - 2023-01-04 10:32:25,035 - [33mwerkzeug[0m - [33m172.17.0.1 - - [04/Jan/2023 10:32:25] "GET /iteration-scdg HTTP/1.1" 200 -[0m[0m
[1;32;40mINFO - 2023-01-04 10:32:25,041 - [33mwerkzeug[0m - [33m172.17.0.1 - - [04/Jan/2023 10:32:25] "GET /progress-scdg HTTP/1.1" 200 -[0m[0m
[1;32;40mINFO - 2023-01-04 10:32:27,086 - [33mwerkzeug[0m - [33m172.17.0.1 - - [04/Jan/2023 10:32:27] "GET /iteration-scdg HTTP/1.1" 200 -[0m[0m
[1;32;40mINFO - 2023-01-04 10:32:27,102 - [33mwerkzeug[0m - [33m172.17.0.1 - - [04/Jan/2023 10:32:27] "GET /progress-scdg HTTP/1.1" 200 -[0m[0m
[1;32;40mINFO - 2023-01-04 10:32:28,179 - [33mwerkzeug[0m - [33m172.17.0.1 - - [04/Jan/2023 10:32:28] "GET /iteration-scdg HTTP/1.1" 200 -[0m[0m
[1;32;40mINFO - 2023-01-04 10:32:28,206 - [33mwerkzeug[0m - [33m172.17.0.1 - - [04/Jan/2023 10:32:28] "GET /progress-scdg HTTP/1.1" 200 -[0m[0m
[1;32;40mINFO - 2023-01-04 10:32:30,038 - [33mwerkzeug[0m - [33m172.17.0.1 - - [04/Jan/2023 10:32:30] "GET /iteration-scdg HTTP/1.1" 200 -[0m[0m
[1;32;40mINFO - 2023-01-04 10:32:30,060 - [33mwerkzeug[0m - [33m172.17.0.1 - - [04/Jan/2023 10:32:30] "GET /progress-scdg HTTP/1.1" 200 -[0m[0m
[1;32;40mINFO - 2023-01-04 10:32:32,045 - [33mwerkzeug[0m - [33m172.17.0.1 - - [04/Jan/2023 10:32:32] "GET /iteration-scdg HTTP/1.1" 200 -[0m[0m
[1;32;40mINFO - 2023-01-04 10:32:32,046 - [33mwerkzeug[0m - [33m172.17.0.1 - - [04/Jan/2023 10:32:32] "GET /progress-scdg HTTP/1.1" 200 -[0m[0m
[1;32;40mINFO - 2023-01-04 10:32:33,167 - [33mwerkzeug[0m - [33m172.17.0.1 - - [04/Jan/2023 10:32:33] "GET /iteration-scdg HTTP/1.1" 200 -[0m[0m
[1;32;40mINFO - 2023-01-04 10:32:33,173 - [33mwerkzeug[0m - [33m172.17.0.1 - - [04/Jan/2023 10:32:33] "GET /progress-scdg HTTP/1.1" 200 -[0m[0m
[1;32;40mINFO - 2023-01-04 10:32:35,050 - [33mwerkzeug[0m - [33m172.17.0.1 - - [04/Jan/2023 10:32:35] "GET /iteration-scdg HTTP/1.1" 200 -[0m[0m
[1;32;40mINFO - 2023-01-04 10:32:35,061 - [33mwerkzeug[0m - [33m172.17.0.1 - - [04/Jan/2023 10:32:35] "GET /progress-scdg HTTP/1.1" 200 -[0m[0m
[1;32;40mINFO - 2023-01-04 10:32:37,042 - [33mwerkzeug[0m - [33m172.17.0.1 - - [04/Jan/2023 10:32:37] "GET /iteration-scdg HTTP/1.1" 200 -[0m[0m
[1;32;40mINFO - 2023-01-04 10:32:37,060 - [33mwerkzeug[0m - [33m172.17.0.1 - - [04/Jan/2023 10:32:37] "GET /progress-scdg HTTP/1.1" 200 -[0m[0m
[1;32;40mINFO - 2023-01-04 10:32:38,185 - [33mwerkzeug[0m - [33m172.17.0.1 - - [04/Jan/2023 10:32:38] "GET /iteration-scdg HTTP/1.1" 200 -[0m[0m
[1;32;40mINFO - 2023-01-04 10:32:38,191 - [33mwerkzeug[0m - [33m172.17.0.1 - - [04/Jan/2023 10:32:38] "GET /progress-scdg HTTP/1.1" 200 -[0m[0m
[1;32;40mINFO - 2023-01-04 10:32:40,051 - [33mwerkzeug[0m - [33m172.17.0.1 - - [04/Jan/2023 10:32:40] "GET /iteration-scdg HTTP/1.1" 200 -[0m[0m
[1;32;40mINFO - 2023-01-04 10:32:40,064 - [33mwerkzeug[0m - [33m172.17.0.1 - - [04/Jan/2023 10:32:40] "GET /progress-scdg HTTP/1.1" 200 -[0m[0m
[1;32;40mINFO - 2023-01-04 10:32:41,955 - [31mToolChainExplorerAnotherCDFS[0m - [31mTimeout expired for simulation ![0m[0m
[1;32;40mINFO - 2023-01-04 10:32:41,959 - [37mGraphBuilder[0m - [37mOutput dir :src/output/runs/69//Gh0stRAT[0m[0m
