[1;32;40mINFO - 2023-01-02 10:53:29,866 - SemaSCDG - 
----------------------------------------------------------------
--- Building SCDG of autoit/00c635478393aafb5c2d97b4a00c6930 ---
----------------------------------------------------------------[0m
[1;32;40mINFO - 2023-01-02 10:53:32,156 - SemaSCDG - Libraries used are :
{'wsock32.dll', 'gdi32.dll', 'shell32.dll', 'comdlg32.dll', 'user32.dll', 'version.dll', 'winmm.dll', 'advapi32.dll', 'ole32.dll', 'iphlpapi.dll', 'uxtheme.dll', 'psapi.dll', 'kernel32.dll', 'oleaut32.dll', 'userenv.dll', 'comctl32.dll', 'mpr.dll', 'wininet.dll'}[0m
[1;32;40mINFO - 2023-01-02 10:53:32,156 - SemaSCDG - OS recognized as : windows[0m
[1;32;40mINFO - 2023-01-02 10:53:32,156 - SemaSCDG - CPU architecture recognized as : <Arch X86 (LE)>[0m
[1;32;40mINFO - 2023-01-02 10:53:32,156 - SemaSCDG - Entry point of the binary recognized as : 4349812[0m
[1;32;40mINFO - 2023-01-02 10:53:32,156 - SemaSCDG - Min/Max addresses of the binary recognized as : <Loaded 00c635478393aafb5c2d97b4a00c6930, maps [0x400000:0x8013ff]>[0m
[1;32;40mINFO - 2023-01-02 10:53:32,156 - SemaSCDG - Stack executable ?  False[0m
[1;32;40mINFO - 2023-01-02 10:53:32,156 - SemaSCDG - Binary position-independent ?  True[0m
[1;32;40mINFO - 2023-01-02 10:53:32,156 - SemaSCDG - Exploration method:  CBFS[0m
[1;32;40mINFO - 2023-01-02 10:53:32,486 - SemaSCDG - Entry_state address = None[0m
[1;32;40mINFO - 2023-01-02 10:53:35,044 - SemaSCDG - .text[0m
[1;32;40mINFO - 2023-01-02 10:53:35,044 - SemaSCDG - {'vaddr': 4198400, 'memsize': 570703, 'is_readable': True, 'is_writable': False, 'is_executable': True}[0m
[1;32;40mINFO - 2023-01-02 10:53:35,044 - SemaSCDG - .rdata[0m
[1;32;40mINFO - 2023-01-02 10:53:35,044 - SemaSCDG - {'vaddr': 4771840, 'memsize': 183362, 'is_readable': True, 'is_writable': False, 'is_executable': False}[0m
[1;32;40mINFO - 2023-01-02 10:53:35,044 - SemaSCDG - .data[0m
[1;32;40mINFO - 2023-01-02 10:53:35,044 - SemaSCDG - {'vaddr': 4956160, 'memsize': 40276, 'is_readable': True, 'is_writable': True, 'is_executable': False}[0m
[1;32;40mINFO - 2023-01-02 10:53:35,044 - SemaSCDG - .rsrc[0m
[1;32;40mINFO - 2023-01-02 10:53:35,044 - SemaSCDG - {'vaddr': 4997120, 'memsize': 343932, 'is_readable': True, 'is_writable': False, 'is_executable': False}[0m
[1;32;40mINFO - 2023-01-02 10:53:35,044 - SemaSCDG - .reloc[0m
[1;32;40mINFO - 2023-01-02 10:53:35,044 - SemaSCDG - {'vaddr': 5341184, 'memsize': 42100, 'is_readable': True, 'is_writable': False, 'is_executable': False}[0m
[1;32;40mINFO - 2023-01-02 10:53:35,046 - SemaSCDG - 
------------------------------
Start -State of simulation manager :
 <SimulationManager with 1 active>
------------------------------[0m
[1;32;40mINFO - 2023-01-02 10:53:36,749 - SemaSCDG - 
------------------------------
End - State of simulation manager :
 <SimulationManager with all stashes empty (1 errored)>
------------------------------[0m
[1;32;40mINFO - 2023-01-02 10:53:36,749 - SemaSCDG - Syscall Found:{'GetStartupInfoW': 1, 'GetProcessHeap': 1, 'GetModuleHandleW': 1, 'GetProcAddress': 29, 'InitializeCriticalSectionAndSpinCount': 14}[0m
[1;32;40mINFO - 2023-01-02 10:53:36,749 - SemaSCDG - Total execution time to build scdg: 23.596395015716553[0m
[1;32;40mINFO - 2023-01-02 10:53:36,749 - SemaSCDG - .text[0m
[1;32;40mINFO - 2023-01-02 10:53:36,749 - SemaSCDG - {'vaddr': 4198400, 'memsize': 570703, 'is_readable': True, 'is_writable': False, 'is_executable': True}[0m
[1;32;40mINFO - 2023-01-02 10:53:36,749 - SemaSCDG - .rdata[0m
[1;32;40mINFO - 2023-01-02 10:53:36,749 - SemaSCDG - {'vaddr': 4771840, 'memsize': 183362, 'is_readable': True, 'is_writable': False, 'is_executable': False}[0m
[1;32;40mINFO - 2023-01-02 10:53:36,749 - SemaSCDG - .data[0m
[1;32;40mINFO - 2023-01-02 10:53:36,749 - SemaSCDG - {'vaddr': 4956160, 'memsize': 40276, 'is_readable': True, 'is_writable': True, 'is_executable': False}[0m
[1;32;40mINFO - 2023-01-02 10:53:36,749 - SemaSCDG - .rsrc[0m
[1;32;40mINFO - 2023-01-02 10:53:36,749 - SemaSCDG - {'vaddr': 4997120, 'memsize': 343932, 'is_readable': True, 'is_writable': False, 'is_executable': False}[0m
[1;32;40mINFO - 2023-01-02 10:53:36,749 - SemaSCDG - .reloc[0m
[1;32;40mINFO - 2023-01-02 10:53:36,749 - SemaSCDG - {'vaddr': 5341184, 'memsize': 42100, 'is_readable': True, 'is_writable': False, 'is_executable': False}[0m
[1;32;40mINFO - 2023-01-02 11:01:32,188 - SemaSCDG - 
----------------------------------------------------------------
--- Building SCDG of autoit/00c635478393aafb5c2d97b4a00c6930 ---
----------------------------------------------------------------[0m
[1;32;40mINFO - 2023-01-02 11:01:34,534 - SemaSCDG - Libraries used are :
{'oleaut32.dll', 'shell32.dll', 'comctl32.dll', 'mpr.dll', 'wininet.dll', 'psapi.dll', 'uxtheme.dll', 'winmm.dll', 'kernel32.dll', 'gdi32.dll', 'ole32.dll', 'user32.dll', 'iphlpapi.dll', 'wsock32.dll', 'version.dll', 'userenv.dll', 'comdlg32.dll', 'advapi32.dll'}[0m
[1;32;40mINFO - 2023-01-02 11:01:34,534 - SemaSCDG - OS recognized as : windows[0m
[1;32;40mINFO - 2023-01-02 11:01:34,535 - SemaSCDG - CPU architecture recognized as : <Arch X86 (LE)>[0m
[1;32;40mINFO - 2023-01-02 11:01:34,535 - SemaSCDG - Entry point of the binary recognized as : 4349812[0m
[1;32;40mINFO - 2023-01-02 11:01:34,535 - SemaSCDG - Min/Max addresses of the binary recognized as : <Loaded 00c635478393aafb5c2d97b4a00c6930, maps [0x400000:0x8013ff]>[0m
[1;32;40mINFO - 2023-01-02 11:01:34,535 - SemaSCDG - Stack executable ?  False[0m
[1;32;40mINFO - 2023-01-02 11:01:34,535 - SemaSCDG - Binary position-independent ?  True[0m
[1;32;40mINFO - 2023-01-02 11:01:34,535 - SemaSCDG - Exploration method:  DFS[0m
[1;32;40mINFO - 2023-01-02 11:01:34,760 - SemaSCDG - Entry_state address = None[0m
[1;32;40mINFO - 2023-01-02 11:01:37,622 - SemaSCDG - .text[0m
[1;32;40mINFO - 2023-01-02 11:01:37,622 - SemaSCDG - {'vaddr': 4198400, 'memsize': 570703, 'is_readable': True, 'is_writable': False, 'is_executable': True}[0m
[1;32;40mINFO - 2023-01-02 11:01:37,622 - SemaSCDG - .rdata[0m
[1;32;40mINFO - 2023-01-02 11:01:37,622 - SemaSCDG - {'vaddr': 4771840, 'memsize': 183362, 'is_readable': True, 'is_writable': False, 'is_executable': False}[0m
[1;32;40mINFO - 2023-01-02 11:01:37,622 - SemaSCDG - .data[0m
[1;32;40mINFO - 2023-01-02 11:01:37,622 - SemaSCDG - {'vaddr': 4956160, 'memsize': 40276, 'is_readable': True, 'is_writable': True, 'is_executable': False}[0m
[1;32;40mINFO - 2023-01-02 11:01:37,622 - SemaSCDG - .rsrc[0m
[1;32;40mINFO - 2023-01-02 11:01:37,622 - SemaSCDG - {'vaddr': 4997120, 'memsize': 343932, 'is_readable': True, 'is_writable': False, 'is_executable': False}[0m
[1;32;40mINFO - 2023-01-02 11:01:37,622 - SemaSCDG - .reloc[0m
[1;32;40mINFO - 2023-01-02 11:01:37,622 - SemaSCDG - {'vaddr': 5341184, 'memsize': 42100, 'is_readable': True, 'is_writable': False, 'is_executable': False}[0m
[1;32;40mINFO - 2023-01-02 11:01:37,624 - SemaSCDG - 
------------------------------
Start -State of simulation manager :
 <SimulationManager with 1 active>
------------------------------[0m
[1;32;40mINFO - 2023-01-02 11:01:39,355 - SemaSCDG - 
------------------------------
End - State of simulation manager :
 <SimulationManager with all stashes empty (1 errored)>
------------------------------[0m
[1;32;40mINFO - 2023-01-02 11:01:39,355 - SemaSCDG - Syscall Found:{'GetStartupInfoW': 1, 'GetProcessHeap': 1, 'GetModuleHandleW': 1, 'GetProcAddress': 29, 'InitializeCriticalSectionAndSpinCount': 14}[0m
[1;32;40mINFO - 2023-01-02 11:01:39,355 - SemaSCDG - Total execution time to build scdg: 7.286162853240967[0m
[1;32;40mINFO - 2023-01-02 11:01:39,356 - SemaSCDG - .text[0m
[1;32;40mINFO - 2023-01-02 11:01:39,356 - SemaSCDG - {'vaddr': 4198400, 'memsize': 570703, 'is_readable': True, 'is_writable': False, 'is_executable': True}[0m
[1;32;40mINFO - 2023-01-02 11:01:39,356 - SemaSCDG - .rdata[0m
[1;32;40mINFO - 2023-01-02 11:01:39,356 - SemaSCDG - {'vaddr': 4771840, 'memsize': 183362, 'is_readable': True, 'is_writable': False, 'is_executable': False}[0m
[1;32;40mINFO - 2023-01-02 11:01:39,356 - SemaSCDG - .data[0m
[1;32;40mINFO - 2023-01-02 11:01:39,356 - SemaSCDG - {'vaddr': 4956160, 'memsize': 40276, 'is_readable': True, 'is_writable': True, 'is_executable': False}[0m
[1;32;40mINFO - 2023-01-02 11:01:39,356 - SemaSCDG - .rsrc[0m
[1;32;40mINFO - 2023-01-02 11:01:39,356 - SemaSCDG - {'vaddr': 4997120, 'memsize': 343932, 'is_readable': True, 'is_writable': False, 'is_executable': False}[0m
[1;32;40mINFO - 2023-01-02 11:01:39,356 - SemaSCDG - .reloc[0m
[1;32;40mINFO - 2023-01-02 11:01:39,356 - SemaSCDG - {'vaddr': 5341184, 'memsize': 42100, 'is_readable': True, 'is_writable': False, 'is_executable': False}[0m
[1;32;40mINFO - 2023-01-02 14:26:10,225 - SemaSCDG - 
----------------------------------------------------------------
--- Building SCDG of autoit/00c635478393aafb5c2d97b4a00c6930 ---
----------------------------------------------------------------[0m
[1;32;40mINFO - 2023-01-02 14:26:12,414 - SemaSCDG - Libraries used are :
{'comctl32.dll', 'mpr.dll', 'wininet.dll', 'uxtheme.dll', 'shell32.dll', 'kernel32.dll', 'ole32.dll', 'user32.dll', 'version.dll', 'gdi32.dll', 'oleaut32.dll', 'userenv.dll', 'comdlg32.dll', 'winmm.dll', 'iphlpapi.dll', 'wsock32.dll', 'advapi32.dll', 'psapi.dll'}[0m
[1;32;40mINFO - 2023-01-02 14:26:12,414 - SemaSCDG - OS recognized as : windows[0m
[1;32;40mINFO - 2023-01-02 14:26:12,414 - SemaSCDG - CPU architecture recognized as : <Arch X86 (LE)>[0m
[1;32;40mINFO - 2023-01-02 14:26:12,414 - SemaSCDG - Entry point of the binary recognized as : 4349812[0m
[1;32;40mINFO - 2023-01-02 14:26:12,414 - SemaSCDG - Min/Max addresses of the binary recognized as : <Loaded 00c635478393aafb5c2d97b4a00c6930, maps [0x400000:0x8013ff]>[0m
[1;32;40mINFO - 2023-01-02 14:26:12,414 - SemaSCDG - Stack executable ?  False[0m
[1;32;40mINFO - 2023-01-02 14:26:12,414 - SemaSCDG - Binary position-independent ?  True[0m
[1;32;40mINFO - 2023-01-02 14:26:12,414 - SemaSCDG - Exploration method:  DFS[0m
[1;32;40mINFO - 2023-01-02 14:26:12,656 - SemaSCDG - Entry_state address = None[0m
[1;32;40mINFO - 2023-01-02 14:26:15,300 - SemaSCDG - .text[0m
[1;32;40mINFO - 2023-01-02 14:26:15,300 - SemaSCDG - {'vaddr': 4198400, 'memsize': 570703, 'is_readable': True, 'is_writable': False, 'is_executable': True}[0m
[1;32;40mINFO - 2023-01-02 14:26:15,300 - SemaSCDG - .rdata[0m
[1;32;40mINFO - 2023-01-02 14:26:15,300 - SemaSCDG - {'vaddr': 4771840, 'memsize': 183362, 'is_readable': True, 'is_writable': False, 'is_executable': False}[0m
[1;32;40mINFO - 2023-01-02 14:26:15,300 - SemaSCDG - .data[0m
[1;32;40mINFO - 2023-01-02 14:26:15,301 - SemaSCDG - {'vaddr': 4956160, 'memsize': 40276, 'is_readable': True, 'is_writable': True, 'is_executable': False}[0m
[1;32;40mINFO - 2023-01-02 14:26:15,301 - SemaSCDG - .rsrc[0m
[1;32;40mINFO - 2023-01-02 14:26:15,301 - SemaSCDG - {'vaddr': 4997120, 'memsize': 343932, 'is_readable': True, 'is_writable': False, 'is_executable': False}[0m
[1;32;40mINFO - 2023-01-02 14:26:15,301 - SemaSCDG - .reloc[0m
[1;32;40mINFO - 2023-01-02 14:26:15,301 - SemaSCDG - {'vaddr': 5341184, 'memsize': 42100, 'is_readable': True, 'is_writable': False, 'is_executable': False}[0m
[1;32;40mINFO - 2023-01-02 14:26:15,302 - SemaSCDG - 
------------------------------
Start -State of simulation manager :
 <SimulationManager with 1 active>
------------------------------[0m
[1;32;40mINFO - 2023-01-02 14:26:16,873 - SemaSCDG - 
------------------------------
End - State of simulation manager :
 <SimulationManager with all stashes empty (1 errored)>
------------------------------[0m
[1;32;40mINFO - 2023-01-02 14:26:16,873 - SemaSCDG - Syscall Found:{'GetStartupInfoW': 1, 'GetProcessHeap': 1, 'GetModuleHandleW': 1, 'GetProcAddress': 29, 'InitializeCriticalSectionAndSpinCount': 14}[0m
[1;32;40mINFO - 2023-01-02 14:26:16,873 - SemaSCDG - Total execution time to build scdg: 22.45273780822754[0m
[1;32;40mINFO - 2023-01-02 14:26:16,873 - SemaSCDG - .text[0m
[1;32;40mINFO - 2023-01-02 14:26:16,873 - SemaSCDG - {'vaddr': 4198400, 'memsize': 570703, 'is_readable': True, 'is_writable': False, 'is_executable': True}[0m
[1;32;40mINFO - 2023-01-02 14:26:16,873 - SemaSCDG - .rdata[0m
[1;32;40mINFO - 2023-01-02 14:26:16,874 - SemaSCDG - {'vaddr': 4771840, 'memsize': 183362, 'is_readable': True, 'is_writable': False, 'is_executable': False}[0m
[1;32;40mINFO - 2023-01-02 14:26:16,874 - SemaSCDG - .data[0m
[1;32;40mINFO - 2023-01-02 14:26:16,874 - SemaSCDG - {'vaddr': 4956160, 'memsize': 40276, 'is_readable': True, 'is_writable': True, 'is_executable': False}[0m
[1;32;40mINFO - 2023-01-02 14:26:16,874 - SemaSCDG - .rsrc[0m
[1;32;40mINFO - 2023-01-02 14:26:16,874 - SemaSCDG - {'vaddr': 4997120, 'memsize': 343932, 'is_readable': True, 'is_writable': False, 'is_executable': False}[0m
[1;32;40mINFO - 2023-01-02 14:26:16,874 - SemaSCDG - .reloc[0m
[1;32;40mINFO - 2023-01-02 14:26:16,874 - SemaSCDG - {'vaddr': 5341184, 'memsize': 42100, 'is_readable': True, 'is_writable': False, 'is_executable': False}[0m
