[1;33;40mWARNING - 2023-01-04 09:59:02,043 - [34mangr.project[0m - [34mDisabling IRSB translation cache because support for self-modifying code is enabled.[0m[0m
[1;32;40mINFO - 2023-01-04 09:59:02,993 - [33mwerkzeug[0m - [33m172.17.0.1 - - [04/Jan/2023 09:59:02] "GET /iteration-scdg HTTP/1.1" 200 -[0m[0m
[1;32;40mINFO - 2023-01-04 09:59:03,005 - [33mwerkzeug[0m - [33m172.17.0.1 - - [04/Jan/2023 09:59:03] "GET /progress-scdg HTTP/1.1" 200 -[0m[0m
[1;32;40mINFO - 2023-01-04 09:59:04,991 - [33mwerkzeug[0m - [33m172.17.0.1 - - [04/Jan/2023 09:59:04] "GET /iteration-scdg HTTP/1.1" 200 -[0m[0m
[1;32;40mINFO - 2023-01-04 09:59:04,992 - [33mwerkzeug[0m - [33m172.17.0.1 - - [04/Jan/2023 09:59:04] "GET /progress-scdg HTTP/1.1" 200 -[0m[0m
[1;32;40mINFO - 2023-01-04 09:59:06,033 - [36mCustomSimProcedure[0m - {'WaitForSingleObject': 5242880, 'SetEvent': 5242884, 'ResumeThread': 5242888, 'CreateThread': 5242892, 'InitializeCriticalSection': 5242896, 'DeleteCriticalSection': 5242900, 'VirtualFree': 5242904, 'LeaveCriticalSection': 5242908, 'EnterCriticalSection': 5242912, 'VirtualAlloc': 5242916, 'ResetEvent': 5242920, 'lstrcpyA': 5242924, 'InterlockedExchange': 5242928, 'CancelIo': 5242932, 'Sleep': 5242936, 'lstrlenA': 5242940, 'GetPrivateProfileSectionNamesA': 5242944, 'lstrcatA': 5242948, 'GetWindowsDirectoryA': 5242952, 'FreeLibrary': 5242956, 'GetProcAddress': 5242960, 'LoadLibraryA': 5242964, 'MultiByteToWideChar': 5242968, 'WideCharToMultiByte': 5242972, 'lstrcmpA': 5242976, 'GetPrivateProfileStringA': 5242980, 'GetVersionExA': 5242984, 'DeleteFileA': 5242988, 'GetLastError': 5242992, 'CreateDirectoryA': 5242996, 'GetFileAttributesA': 5243000, 'CreateProcessA': 5243004, 'WinExec': 5243008, 'GetDriveTypeA': 5243012, 'GetDiskFreeSpaceExA': 5243016, 'GetVolumeInformationA': 5243020, 'GetLogicalDriveStringsA': 5243024, 'FindClose': 5243028, 'LocalFree': 5243032, 'FindNextFileA': 5243036, 'LocalReAlloc': 5243040, 'FindFirstFileA': 5243044, 'LocalAlloc': 5243048, 'RemoveDirectoryA': 5243052, 'GetFileSize': 5243056, 'CreateFileA': 5243060, 'ReadFile': 5243064, 'SetFilePointer': 5243068, 'WriteFile': 5243072, 'MoveFileA': 5243076, 'LockResource': 5243080, 'LoadResource': 5243084, 'FindResourceA': 5243088, 'GetModuleFileNameA': 5243092, 'SetLastError': 5243096, 'GetSystemDirectoryA': 5243100, 'GetLocalTime': 5243104, 'OutputDebugStringA': 5243108, 'EndUpdateResourceA': 5243112, 'UpdateResourceA': 5243116, 'BeginUpdateResourceA': 5243120, 'CopyFileA': 5243124, 'TerminateThread': 5243128, 'GetComputerNameA': 5243132, 'GetTickCount': 5243136, 'GetCurrentProcess': 5243140, 'OpenProcess': 5243144, 'Process32Next': 5243148, 'Process32First': 5243152, 'CreateToolhelp32Snapshot': 5243156, 'ExitProcess': 5243160, 'DuplicateHandle': 5243164, 'HeapFree': 5243168, 'HeapAlloc': 5243172, 'LocalSize': 5243176, 'GlobalFree': 5243180, 'GlobalUnlock': 5243184, 'GlobalLock': 5243188, 'GlobalAlloc': 5243192, 'GlobalSize': 5243196, 'GetStartupInfoA': 5243200, 'CreatePipe': 5243204, 'DisconnectNamedPipe': 5243208, 'TerminateProcess': 5243212, 'GlobalMemoryStatus': 5243216, 'GetSystemInfo': 5243220, 'lstrlenW': 5243224, 'GetModuleHandleA': 5243228, 'GetCurrentProcessId': 5243232, 'GetSystemDefaultLCID': 5243236, 'GetCurrentDirectoryA': 5243240, 'ReleaseMutex': 5243244, 'OpenEventA': 5243248, 'SetErrorMode': 5243252, 'MoveFileExA': 5243256, 'SetPriorityClass': 5243260, 'CreateMutexA': 5243264, 'GetTempPathA': 5243268, 'GetCurrentThreadId': 5243272, 'lstrcmpiA': 5243276, 'LCMapStringW': 5243280, 'LCMapStringA': 5243284, 'FlushFileBuffers': 5243288, 'SetStdHandle': 5243292, 'GetStringTypeW': 5243296, 'GetStringTypeA': 5243300, 'IsBadCodePtr': 5243304, 'CloseHandle': 5243308, 'GlobalMemoryStatusEx': 5243312, 'CreateEventA': 5243316, 'RtlUnwind': 5243320, 'RaiseException': 5243324, 'HeapReAlloc': 5243328, 'InterlockedDecrement': 5243332, 'InterlockedIncrement': 5243336, 'TlsSetValue': 5243340, 'TlsGetValue': 5243344, 'ExitThread': 5243348, 'GetCommandLineA': 5243352, 'GetVersion': 5243356, 'TlsAlloc': 5243360, 'SetUnhandledExceptionFilter': 5243364, 'GetEnvironmentVariableA': 5243368, 'HeapDestroy': 5243372, 'HeapCreate': 5243376, 'IsBadWritePtr': 5243380, 'HeapSize': 5243384, 'GetCPInfo': 5243388, 'GetACP': 5243392, 'GetOEMCP': 5243396, 'UnhandledExceptionFilter': 5243400, 'FreeEnvironmentStringsA': 5243404, 'FreeEnvironmentStringsW': 5243408, 'GetEnvironmentStrings': 5243412, 'GetEnvironmentStringsW': 5243416, 'SetHandleCount': 5243420, 'GetStdHandle': 5243424, 'GetFileType': 5243428, 'IsBadReadPtr': 5243432, 'CoUninitialize': 5243436, 'CoInitialize': 5243440, 'CoCreateInstance': 5243444, 'SysFreeString': 5243448, 'VariantClear': 5243452, 'NetUserAdd': 5243456, 'NetLocalGroupAddMembers': 5243460, '??0exception@@QAE@ABQBD@Z': 5243464, '??1exception@@UAE@XZ': 5243468, '??0exception@@QAE@ABV0@@Z': 5243472, '_mkdir': 5243476, '_strupr': 5243480, '_strrev': 5243484, 'capGetDriverDescriptionA': 5243488, 'capCreateCaptureWindowA': 5243492, 'KiUserExceptionDispatcher': 6295572, '_fmode': 6295576, '_commode': 6295580, '_acmdln': 6295584, '_wcmdln': 6295588}[0m
[1;33;40mWARNING - 2023-01-04 09:59:06,064 - [34mangr.project[0m - [34mAddress is already hooked, during hook(0x50023c, <SimProcedure VariantClear>). Not re-hooking.[0m[0m
[1;33;40mWARNING - 2023-01-04 09:59:06,120 - [34mangr.project[0m - [34mAddress is already hooked, during hook(0x50022c, <SimProcedure CoUninitialize>). Not re-hooking.[0m[0m
[1;33;40mWARNING - 2023-01-04 09:59:06,126 - [34mangr.project[0m - [34mAddress is already hooked, during hook(0x500230, <SimProcedure CoInitialize>). Not re-hooking.[0m[0m
[1;32;40mINFO - 2023-01-04 09:59:06,147 - [36mCustomSimProcedure[0m - [36mWas in angr :msvcrt.dll[0m[0m
[1;32;40mINFO - 2023-01-04 09:59:06,208 - [36mCustomSimProcedure[0m - [36mWas in angr :kernel32.dll[0m[0m
[1;33;40mWARNING - 2023-01-04 09:59:06,331 - [34mangr.project[0m - [34mAddress is already hooked, during hook(0x500030, <SimProcedure InterlockedExchange>). Not re-hooking.[0m[0m
[1;33;40mWARNING - 2023-01-04 09:59:06,331 - [34mangr.project[0m - [34mAddress is already hooked, during hook(0x5001c4, <SimProcedure InterlockedDecrement>). Not re-hooking.[0m[0m
[1;33;40mWARNING - 2023-01-04 09:59:06,331 - [34mangr.project[0m - [34mAddress is already hooked, during hook(0x5001c8, <SimProcedure InterlockedIncrement>). Not re-hooking.[0m[0m
[1;33;40mWARNING - 2023-01-04 09:59:06,332 - [34mangr.project[0m - [34mAddress is already hooked, during hook(0x601014, <SimProcedure KiUserExceptionDispatcher>). Not re-hooking.[0m[0m
[1;32;40mINFO - 2023-01-04 09:59:06,332 - [36mCustomSimProcedure[0m - [36mNo hooks for: {'NetUserAdd': 5243456, 'NetLocalGroupAddMembers': 5243460, '??0exception@@QAE@ABQBD@Z': 5243464, '??1exception@@UAE@XZ': 5243468, '??0exception@@QAE@ABV0@@Z': 5243472, '_mkdir': 5243476, 'capGetDriverDescriptionA': 5243488, 'capCreateCaptureWindowA': 5243492, '_fmode': 6295576, '_commode': 6295580, '_acmdln': 6295584, '_wcmdln': 6295588}[0m[0m
[1;32;40mINFO - 2023-01-04 09:59:06,332 - [36mCustomSimProcedure[0m - [36mcustom_hook_static[0m[0m
[1;33;40mWARNING - 2023-01-04 09:59:06,333 - [34mangr.project[0m - [34mAddress is already hooked, during hook(0x400000, <SimProcedure InterlockedExchange>). Not re-hooking.[0m[0m
[1;33;40mWARNING - 2023-01-04 09:59:06,333 - [34mangr.project[0m - [34mAddress is already hooked, during hook(0x400000, <SimProcedure GetWindowsDirectoryA>). Not re-hooking.[0m[0m
[1;33;40mWARNING - 2023-01-04 09:59:06,333 - [34mangr.project[0m - [34mAddress is already hooked, during hook(0x400000, <SimProcedure ReadFile>). Not re-hooking.[0m[0m
[1;33;40mWARNING - 2023-01-04 09:59:06,334 - [34mangr.project[0m - [34mAddress is already hooked, during hook(0x400000, <SimProcedure WriteFile>). Not re-hooking.[0m[0m
[1;33;40mWARNING - 2023-01-04 09:59:06,334 - [34mangr.project[0m - [34mAddress is already hooked, during hook(0x400000, <SimProcedure GetLocalTime>). Not re-hooking.[0m[0m
[1;33;40mWARNING - 2023-01-04 09:59:06,335 - [34mangr.project[0m - [34mAddress is already hooked, during hook(0x400000, <SimProcedure GetTickCount>). Not re-hooking.[0m[0m
[1;33;40mWARNING - 2023-01-04 09:59:06,335 - [34mangr.project[0m - [34mAddress is already hooked, during hook(0x400000, <SimProcedure ExitProcess>). Not re-hooking.[0m[0m
[1;33;40mWARNING - 2023-01-04 09:59:06,335 - [34mangr.project[0m - [34mAddress is already hooked, during hook(0x400000, <SimProcedure HeapFree>). Not re-hooking.[0m[0m
[1;33;40mWARNING - 2023-01-04 09:59:06,336 - [34mangr.project[0m - [34mAddress is already hooked, during hook(0x400000, <SimProcedure HeapAlloc>). Not re-hooking.[0m[0m
[1;33;40mWARNING - 2023-01-04 09:59:06,336 - [34mangr.project[0m - [34mAddress is already hooked, during hook(0x400000, <SimProcedure GlobalAlloc>). Not re-hooking.[0m[0m
[1;33;40mWARNING - 2023-01-04 09:59:06,336 - [34mangr.project[0m - [34mAddress is already hooked, during hook(0x400000, <SimProcedure GetCurrentProcessId>). Not re-hooking.[0m[0m
[1;33;40mWARNING - 2023-01-04 09:59:06,336 - [34mangr.project[0m - [34mAddress is already hooked, during hook(0x400000, <SimProcedure CreateMutexA>). Not re-hooking.[0m[0m
[1;33;40mWARNING - 2023-01-04 09:59:06,337 - [34mangr.project[0m - [34mAddress is already hooked, during hook(0x400000, <SimProcedure GetTempPathA>). Not re-hooking.[0m[0m
[1;33;40mWARNING - 2023-01-04 09:59:06,337 - [34mangr.project[0m - [34mAddress is already hooked, during hook(0x400000, <SimProcedure GetCurrentThreadId>). Not re-hooking.[0m[0m
[1;33;40mWARNING - 2023-01-04 09:59:06,337 - [34mangr.project[0m - [34mAddress is already hooked, during hook(0x400000, <SimProcedure IsBadCodePtr>). Not re-hooking.[0m[0m
[1;33;40mWARNING - 2023-01-04 09:59:06,337 - [34mangr.project[0m - [34mAddress is already hooked, during hook(0x400000, <SimProcedure HeapReAlloc>). Not re-hooking.[0m[0m
[1;33;40mWARNING - 2023-01-04 09:59:06,338 - [34mangr.project[0m - [34mAddress is already hooked, during hook(0x400000, <SimProcedure TlsSetValue>). Not re-hooking.[0m[0m
[1;33;40mWARNING - 2023-01-04 09:59:06,338 - [34mangr.project[0m - [34mAddress is already hooked, during hook(0x400000, <SimProcedure TlsGetValue>). Not re-hooking.[0m[0m
[1;33;40mWARNING - 2023-01-04 09:59:06,338 - [34mangr.project[0m - [34mAddress is already hooked, during hook(0x400000, <SimProcedure GetCommandLineA>). Not re-hooking.[0m[0m
[1;33;40mWARNING - 2023-01-04 09:59:06,338 - [34mangr.project[0m - [34mAddress is already hooked, during hook(0x400000, <SimProcedure TlsAlloc>). Not re-hooking.[0m[0m
[1;33;40mWARNING - 2023-01-04 09:59:06,339 - [34mangr.project[0m - [34mAddress is already hooked, during hook(0x400000, <SimProcedure HeapCreate>). Not re-hooking.[0m[0m
[1;33;40mWARNING - 2023-01-04 09:59:06,339 - [34mangr.project[0m - [34mAddress is already hooked, during hook(0x400000, <SimProcedure IsBadWritePtr>). Not re-hooking.[0m[0m
[1;33;40mWARNING - 2023-01-04 09:59:06,339 - [34mangr.project[0m - [34mAddress is already hooked, during hook(0x400000, <SimProcedure GetStdHandle>). Not re-hooking.[0m[0m
[1;33;40mWARNING - 2023-01-04 09:59:06,340 - [34mangr.project[0m - [34mAddress is already hooked, during hook(0x400000, <SimProcedure IsBadReadPtr>). Not re-hooking.[0m[0m
[1;33;40mWARNING - 2023-01-04 09:59:06,340 - [34mangr.project[0m - [34mAddress is already hooked, during hook(0x500024, <SimProcedure VirtualAlloc>). Not re-hooking.[0m[0m
[1;33;40mWARNING - 2023-01-04 09:59:06,340 - [34mangr.project[0m - [34mAddress is already hooked, during hook(0x500030, <SimProcedure InterlockedExchange>). Not re-hooking.[0m[0m
[1;33;40mWARNING - 2023-01-04 09:59:06,341 - [34mangr.project[0m - [34mAddress is already hooked, during hook(0x500048, <SimProcedure GetWindowsDirectoryA>). Not re-hooking.[0m[0m
[1;33;40mWARNING - 2023-01-04 09:59:06,341 - [34mangr.project[0m - [34mAddress is already hooked, during hook(0x5000b8, <SimProcedure ReadFile>). Not re-hooking.[0m[0m
[1;33;40mWARNING - 2023-01-04 09:59:06,341 - [34mangr.project[0m - [34mAddress is already hooked, during hook(0x5000c0, <SimProcedure WriteFile>). Not re-hooking.[0m[0m
[1;33;40mWARNING - 2023-01-04 09:59:06,342 - [34mangr.project[0m - [34mAddress is already hooked, during hook(0x5000e0, <SimProcedure GetLocalTime>). Not re-hooking.[0m[0m
[1;33;40mWARNING - 2023-01-04 09:59:06,342 - [34mangr.project[0m - [34mAddress is already hooked, during hook(0x500100, <SimProcedure GetTickCount>). Not re-hooking.[0m[0m
[1;33;40mWARNING - 2023-01-04 09:59:06,342 - [34mangr.project[0m - [34mAddress is already hooked, during hook(0x500118, <SimProcedure ExitProcess>). Not re-hooking.[0m[0m
[1;33;40mWARNING - 2023-01-04 09:59:06,343 - [34mangr.project[0m - [34mAddress is already hooked, during hook(0x500120, <SimProcedure HeapFree>). Not re-hooking.[0m[0m
[1;33;40mWARNING - 2023-01-04 09:59:06,343 - [34mangr.project[0m - [34mAddress is already hooked, during hook(0x500124, <SimProcedure HeapAlloc>). Not re-hooking.[0m[0m
[1;33;40mWARNING - 2023-01-04 09:59:06,343 - [34mangr.project[0m - [34mAddress is already hooked, during hook(0x500138, <SimProcedure GlobalAlloc>). Not re-hooking.[0m[0m
[1;33;40mWARNING - 2023-01-04 09:59:06,343 - [34mangr.project[0m - [34mAddress is already hooked, during hook(0x500160, <SimProcedure GetCurrentProcessId>). Not re-hooking.[0m[0m
[1;33;40mWARNING - 2023-01-04 09:59:06,344 - [34mangr.project[0m - [34mAddress is already hooked, during hook(0x500180, <SimProcedure CreateMutexA>). Not re-hooking.[0m[0m
[1;33;40mWARNING - 2023-01-04 09:59:06,344 - [34mangr.project[0m - [34mAddress is already hooked, during hook(0x500184, <SimProcedure GetTempPathA>). Not re-hooking.[0m[0m
[1;33;40mWARNING - 2023-01-04 09:59:06,344 - [34mangr.project[0m - [34mAddress is already hooked, during hook(0x500188, <SimProcedure GetCurrentThreadId>). Not re-hooking.[0m[0m
[1;33;40mWARNING - 2023-01-04 09:59:06,345 - [34mangr.project[0m - [34mAddress is already hooked, during hook(0x5001a8, <SimProcedure IsBadCodePtr>). Not re-hooking.[0m[0m
[1;33;40mWARNING - 2023-01-04 09:59:06,345 - [34mangr.project[0m - [34mAddress is already hooked, during hook(0x5001c0, <SimProcedure HeapReAlloc>). Not re-hooking.[0m[0m
[1;33;40mWARNING - 2023-01-04 09:59:06,346 - [34mangr.project[0m - [34mAddress is already hooked, during hook(0x5001cc, <SimProcedure TlsSetValue>). Not re-hooking.[0m[0m
[1;33;40mWARNING - 2023-01-04 09:59:06,346 - [34mangr.project[0m - [34mAddress is already hooked, during hook(0x5001d0, <SimProcedure TlsGetValue>). Not re-hooking.[0m[0m
[1;33;40mWARNING - 2023-01-04 09:59:06,346 - [34mangr.project[0m - [34mAddress is already hooked, during hook(0x5001d8, <SimProcedure GetCommandLineA>). Not re-hooking.[0m[0m
[1;33;40mWARNING - 2023-01-04 09:59:06,346 - [34mangr.project[0m - [34mAddress is already hooked, during hook(0x5001e0, <SimProcedure TlsAlloc>). Not re-hooking.[0m[0m
[1;33;40mWARNING - 2023-01-04 09:59:06,346 - [34mangr.project[0m - [34mAddress is already hooked, during hook(0x5001f0, <SimProcedure HeapCreate>). Not re-hooking.[0m[0m
[1;33;40mWARNING - 2023-01-04 09:59:06,347 - [34mangr.project[0m - [34mAddress is already hooked, during hook(0x5001f4, <SimProcedure IsBadWritePtr>). Not re-hooking.[0m[0m
[1;33;40mWARNING - 2023-01-04 09:59:06,347 - [34mangr.project[0m - [34mAddress is already hooked, during hook(0x500220, <SimProcedure GetStdHandle>). Not re-hooking.[0m[0m
[1;33;40mWARNING - 2023-01-04 09:59:06,347 - [34mangr.project[0m - [34mAddress is already hooked, during hook(0x500228, <SimProcedure IsBadReadPtr>). Not re-hooking.[0m[0m
[1;33;40mWARNING - 2023-01-04 09:59:06,348 - [34mangr.project[0m - [34mAddress is already hooked, during hook(0x601014, <SimProcedure KiUserExceptionDispatcher>). Not re-hooking.[0m[0m
[1;32;40mINFO - 2023-01-04 09:59:06,348 - [36mCustomSimProcedure[0m - [36mcustom_hook_windows_symbols[0m[0m
[1;33;40mWARNING - 2023-01-04 09:59:06,555 - [34mangr.project[0m - [34mAddress is already hooked, during hook(0x50022c, <SimProcedure CoUninitialize>). Re-hooking.[0m[0m
[1;33;40mWARNING - 2023-01-04 09:59:06,557 - [34mangr.project[0m - [34mAddress is already hooked, during hook(0x50022c, <SimProcedure CoUninitialize>). Re-hooking.[0m[0m
[1;32;40mINFO - 2023-01-04 09:59:06,975 - [33mwerkzeug[0m - [33m172.17.0.1 - - [04/Jan/2023 09:59:06] "GET /progress-scdg HTTP/1.1" 200 -[0m[0m
[1;32;40mINFO - 2023-01-04 09:59:06,981 - [33mwerkzeug[0m - [33m172.17.0.1 - - [04/Jan/2023 09:59:06] "GET /iteration-scdg HTTP/1.1" 200 -[0m[0m
[1;33;40mWARNING - 2023-01-04 09:59:07,397 - [34mangr.project[0m - [34mAddress is already hooked, during hook(0x500230, <SimProcedure CoInitialize>). Re-hooking.[0m[0m
[1;33;40mWARNING - 2023-01-04 09:59:07,400 - [34mangr.project[0m - [34mAddress is already hooked, during hook(0x500230, <SimProcedure CoInitialize>). Re-hooking.[0m[0m
[1;33;40mWARNING - 2023-01-04 09:59:07,434 - [34mangr.project[0m - [34mAddress is already hooked, during hook(0x50022c, <SimProcedure CoUninitialize>). Re-hooking.[0m[0m
[1;33;40mWARNING - 2023-01-04 09:59:07,437 - [34mangr.project[0m - [34mAddress is already hooked, during hook(0x50022c, <SimProcedure CoUninitialize>). Re-hooking.[0m[0m
[1;32;40mINFO - 2023-01-04 09:59:07,999 - [33mwerkzeug[0m - [33m172.17.0.1 - - [04/Jan/2023 09:59:07] "GET /iteration-scdg HTTP/1.1" 200 -[0m[0m
[1;32;40mINFO - 2023-01-04 09:59:08,026 - [33mwerkzeug[0m - [33m172.17.0.1 - - [04/Jan/2023 09:59:08] "GET /progress-scdg HTTP/1.1" 200 -[0m[0m
[1;33;40mWARNING - 2023-01-04 09:59:08,552 - [34mangr.project[0m - [34mAddress is already hooked, during hook(0x500230, <SimProcedure CoInitialize>). Re-hooking.[0m[0m
[1;33;40mWARNING - 2023-01-04 09:59:08,556 - [34mangr.project[0m - [34mAddress is already hooked, during hook(0x500230, <SimProcedure CoInitialize>). Re-hooking.[0m[0m
[1;33;40mWARNING - 2023-01-04 09:59:09,116 - [34mangr.project[0m - [34mAddress is already hooked, during hook(0x50016c, <SimProcedure ReleaseMutex>). Re-hooking.[0m[0m
[1;33;40mWARNING - 2023-01-04 09:59:09,119 - [34mangr.project[0m - [34mAddress is already hooked, during hook(0x50016c, <SimProcedure ReleaseMutex>). Re-hooking.[0m[0m
[1;33;40mWARNING - 2023-01-04 09:59:09,167 - [34mangr.project[0m - [34mAddress is already hooked, during hook(0x500000, <SimProcedure WaitForSingleObject>). Re-hooking.[0m[0m
[1;33;40mWARNING - 2023-01-04 09:59:09,170 - [34mangr.project[0m - [34mAddress is already hooked, during hook(0x500000, <SimProcedure WaitForSingleObject>). Re-hooking.[0m[0m
[1;33;40mWARNING - 2023-01-04 09:59:09,200 - [34mangr.project[0m - [34mAddress is already hooked, during hook(0x5000f0, <SimProcedure BeginUpdateResourceA>). Re-hooking.[0m[0m
[1;33;40mWARNING - 2023-01-04 09:59:09,204 - [34mangr.project[0m - [34mAddress is already hooked, during hook(0x5000f0, <SimProcedure BeginUpdateResourceA>). Re-hooking.[0m[0m
[1;33;40mWARNING - 2023-01-04 09:59:09,254 - [34mangr.project[0m - [34mAddress is already hooked, during hook(0x500034, <SimProcedure CancelIo>). Re-hooking.[0m[0m
[1;33;40mWARNING - 2023-01-04 09:59:09,258 - [34mangr.project[0m - [34mAddress is already hooked, during hook(0x500034, <SimProcedure CancelIo>). Re-hooking.[0m[0m
[1;33;40mWARNING - 2023-01-04 09:59:09,343 - [34mangr.project[0m - [34mAddress is already hooked, during hook(0x5001ac, <SimProcedure CloseHandle>). Re-hooking.[0m[0m
[1;33;40mWARNING - 2023-01-04 09:59:09,346 - [34mangr.project[0m - [34mAddress is already hooked, during hook(0x5001ac, <SimProcedure CloseHandle>). Re-hooking.[0m[0m
[1;33;40mWARNING - 2023-01-04 09:59:09,490 - [34mangr.project[0m - [34mAddress is already hooked, during hook(0x5000f4, <SimProcedure CopyFileA>). Re-hooking.[0m[0m
[1;33;40mWARNING - 2023-01-04 09:59:09,493 - [34mangr.project[0m - [34mAddress is already hooked, during hook(0x5000f4, <SimProcedure CopyFileA>). Re-hooking.[0m[0m
[1;33;40mWARNING - 2023-01-04 09:59:09,555 - [34mangr.project[0m - [34mAddress is already hooked, during hook(0x500074, <SimProcedure CreateDirectoryA>). Re-hooking.[0m[0m
[1;33;40mWARNING - 2023-01-04 09:59:09,559 - [34mangr.project[0m - [34mAddress is already hooked, during hook(0x500074, <SimProcedure CreateDirectoryA>). Re-hooking.[0m[0m
[1;33;40mWARNING - 2023-01-04 09:59:09,780 - [34mangr.project[0m - [34mAddress is already hooked, during hook(0x500144, <SimProcedure CreatePipe>). Re-hooking.[0m[0m
[1;33;40mWARNING - 2023-01-04 09:59:09,783 - [34mangr.project[0m - [34mAddress is already hooked, during hook(0x500144, <SimProcedure CreatePipe>). Re-hooking.[0m[0m
[1;33;40mWARNING - 2023-01-04 09:59:09,796 - [34mangr.project[0m - [34mAddress is already hooked, during hook(0x50007c, <SimProcedure CreateProcessA>). Re-hooking.[0m[0m
[1;33;40mWARNING - 2023-01-04 09:59:09,800 - [34mangr.project[0m - [34mAddress is already hooked, during hook(0x50007c, <SimProcedure CreateProcessA>). Re-hooking.[0m[0m
[1;33;40mWARNING - 2023-01-04 09:59:09,816 - [34mangr.project[0m - [34mAddress is already hooked, during hook(0x500150, <SimProcedure GlobalMemoryStatus>). Re-hooking.[0m[0m
[1;33;40mWARNING - 2023-01-04 09:59:09,819 - [34mangr.project[0m - [34mAddress is already hooked, during hook(0x500150, <SimProcedure GlobalMemoryStatus>). Re-hooking.[0m[0m
[1;33;40mWARNING - 2023-01-04 09:59:09,942 - [34mangr.project[0m - [34mAddress is already hooked, during hook(0x500114, <SimProcedure CreateToolhelp32Snapshot>). Re-hooking.[0m[0m
[1;33;40mWARNING - 2023-01-04 09:59:09,945 - [34mangr.project[0m - [34mAddress is already hooked, during hook(0x500114, <SimProcedure CreateToolhelp32Snapshot>). Re-hooking.[0m[0m
[1;32;40mINFO - 2023-01-04 09:59:09,997 - [33mwerkzeug[0m - [33m172.17.0.1 - - [04/Jan/2023 09:59:09] "GET /iteration-scdg HTTP/1.1" 200 -[0m[0m
[1;32;40mINFO - 2023-01-04 09:59:10,004 - [33mwerkzeug[0m - [33m172.17.0.1 - - [04/Jan/2023 09:59:10] "GET /progress-scdg HTTP/1.1" 200 -[0m[0m
[1;33;40mWARNING - 2023-01-04 09:59:10,052 - [34mangr.project[0m - [34mAddress is already hooked, during hook(0x500014, <SimProcedure DeleteCriticalSection>). Re-hooking.[0m[0m
[1;33;40mWARNING - 2023-01-04 09:59:10,056 - [34mangr.project[0m - [34mAddress is already hooked, during hook(0x500014, <SimProcedure DeleteCriticalSection>). Re-hooking.[0m[0m
[1;33;40mWARNING - 2023-01-04 09:59:10,065 - [34mangr.project[0m - [34mAddress is already hooked, during hook(0x50006c, <SimProcedure DeleteFileA>). Re-hooking.[0m[0m
[1;33;40mWARNING - 2023-01-04 09:59:10,069 - [34mangr.project[0m - [34mAddress is already hooked, during hook(0x50006c, <SimProcedure DeleteFileA>). Re-hooking.[0m[0m
[1;33;40mWARNING - 2023-01-04 09:59:10,161 - [34mangr.project[0m - [34mAddress is already hooked, during hook(0x500148, <SimProcedure DisconnectNamedPipe>). Re-hooking.[0m[0m
[1;33;40mWARNING - 2023-01-04 09:59:10,166 - [34mangr.project[0m - [34mAddress is already hooked, during hook(0x500148, <SimProcedure DisconnectNamedPipe>). Re-hooking.[0m[0m
[1;33;40mWARNING - 2023-01-04 09:59:10,218 - [34mangr.project[0m - [34mAddress is already hooked, during hook(0x5000e8, <SimProcedure EndUpdateResourceA>). Re-hooking.[0m[0m
[1;33;40mWARNING - 2023-01-04 09:59:10,222 - [34mangr.project[0m - [34mAddress is already hooked, during hook(0x5000e8, <SimProcedure EndUpdateResourceA>). Re-hooking.[0m[0m
[1;33;40mWARNING - 2023-01-04 09:59:10,231 - [34mangr.project[0m - [34mAddress is already hooked, during hook(0x500020, <SimProcedure EnterCriticalSection>). Re-hooking.[0m[0m
[1;33;40mWARNING - 2023-01-04 09:59:10,235 - [34mangr.project[0m - [34mAddress is already hooked, during hook(0x500020, <SimProcedure EnterCriticalSection>). Re-hooking.[0m[0m
[1;33;40mWARNING - 2023-01-04 09:59:10,468 - [34mangr.project[0m - [34mAddress is already hooked, during hook(0x5001d4, <SimProcedure ExitThread>). Re-hooking.[0m[0m
[1;33;40mWARNING - 2023-01-04 09:59:10,471 - [34mangr.project[0m - [34mAddress is already hooked, during hook(0x5001d4, <SimProcedure ExitThread>). Re-hooking.[0m[0m
[1;33;40mWARNING - 2023-01-04 09:59:10,568 - [34mangr.project[0m - [34mAddress is already hooked, during hook(0x500094, <SimProcedure FindClose>). Re-hooking.[0m[0m
[1;33;40mWARNING - 2023-01-04 09:59:10,575 - [34mangr.project[0m - [34mAddress is already hooked, during hook(0x500094, <SimProcedure FindClose>). Re-hooking.[0m[0m
[1;33;40mWARNING - 2023-01-04 09:59:10,598 - [34mangr.project[0m - [34mAddress is already hooked, during hook(0x5000a4, <SimProcedure FindFirstFileA>). Re-hooking.[0m[0m
[1;33;40mWARNING - 2023-01-04 09:59:10,602 - [34mangr.project[0m - [34mAddress is already hooked, during hook(0x5000a4, <SimProcedure FindFirstFileA>). Re-hooking.[0m[0m
[1;33;40mWARNING - 2023-01-04 09:59:10,753 - [34mangr.project[0m - [34mAddress is already hooked, during hook(0x5000d0, <SimProcedure FindResourceA>). Re-hooking.[0m[0m
[1;33;40mWARNING - 2023-01-04 09:59:10,757 - [34mangr.project[0m - [34mAddress is already hooked, during hook(0x5000d0, <SimProcedure FindResourceA>). Re-hooking.[0m[0m
[1;33;40mWARNING - 2023-01-04 09:59:10,802 - [34mangr.project[0m - [34mAddress is already hooked, during hook(0x500198, <SimProcedure FlushFileBuffers>). Re-hooking.[0m[0m
[1;33;40mWARNING - 2023-01-04 09:59:10,805 - [34mangr.project[0m - [34mAddress is already hooked, during hook(0x500198, <SimProcedure FlushFileBuffers>). Re-hooking.[0m[0m
[1;33;40mWARNING - 2023-01-04 09:59:10,856 - [34mangr.project[0m - [34mAddress is already hooked, during hook(0x50020c, <SimProcedure FreeEnvironmentStringsA>). Re-hooking.[0m[0m
[1;33;40mWARNING - 2023-01-04 09:59:10,859 - [34mangr.project[0m - [34mAddress is already hooked, during hook(0x50020c, <SimProcedure FreeEnvironmentStringsA>). Re-hooking.[0m[0m
[1;33;40mWARNING - 2023-01-04 09:59:10,862 - [34mangr.project[0m - [34mAddress is already hooked, during hook(0x500210, <SimProcedure FreeEnvironmentStringsW>). Re-hooking.[0m[0m
[1;33;40mWARNING - 2023-01-04 09:59:10,866 - [34mangr.project[0m - [34mAddress is already hooked, during hook(0x500210, <SimProcedure FreeEnvironmentStringsW>). Re-hooking.[0m[0m
[1;33;40mWARNING - 2023-01-04 09:59:10,867 - [34mangr.project[0m - [34mAddress is already hooked, during hook(0x50004c, <SimProcedure FreeLibrary>). Re-hooking.[0m[0m
[1;33;40mWARNING - 2023-01-04 09:59:10,870 - [34mangr.project[0m - [34mAddress is already hooked, during hook(0x50004c, <SimProcedure FreeLibrary>). Re-hooking.[0m[0m
[1;33;40mWARNING - 2023-01-04 09:59:10,960 - [34mangr.project[0m - [34mAddress is already hooked, during hook(0x5001fc, <SimProcedure GetCPInfo>). Re-hooking.[0m[0m
[1;33;40mWARNING - 2023-01-04 09:59:10,963 - [34mangr.project[0m - [34mAddress is already hooked, during hook(0x5001fc, <SimProcedure GetCPInfo>). Re-hooking.[0m[0m
[1;33;40mWARNING - 2023-01-04 09:59:11,241 - [34mangr.project[0m - [34mAddress is already hooked, during hook(0x500168, <SimProcedure GetCurrentDirectoryA>). Re-hooking.[0m[0m
[1;33;40mWARNING - 2023-01-04 09:59:11,244 - [34mangr.project[0m - [34mAddress is already hooked, during hook(0x500168, <SimProcedure GetCurrentDirectoryA>). Re-hooking.[0m[0m
[1;33;40mWARNING - 2023-01-04 09:59:11,338 - [34mangr.project[0m - [34mAddress is already hooked, during hook(0x500088, <SimProcedure GetDiskFreeSpaceExA>). Re-hooking.[0m[0m
[1;33;40mWARNING - 2023-01-04 09:59:11,341 - [34mangr.project[0m - [34mAddress is already hooked, during hook(0x500088, <SimProcedure GetDiskFreeSpaceExA>). Re-hooking.[0m[0m
[1;33;40mWARNING - 2023-01-04 09:59:11,441 - [34mangr.project[0m - [34mAddress is already hooked, during hook(0x500078, <SimProcedure GetFileAttributesA>). Re-hooking.[0m[0m
[1;33;40mWARNING - 2023-01-04 09:59:11,445 - [34mangr.project[0m - [34mAddress is already hooked, during hook(0x500078, <SimProcedure GetFileAttributesA>). Re-hooking.[0m[0m
[1;33;40mWARNING - 2023-01-04 09:59:11,508 - [34mangr.project[0m - [34mAddress is already hooked, during hook(0x500224, <SimProcedure GetFileType>). Re-hooking.[0m[0m
[1;33;40mWARNING - 2023-01-04 09:59:11,511 - [34mangr.project[0m - [34mAddress is already hooked, during hook(0x500224, <SimProcedure GetFileType>). Re-hooking.[0m[0m
[1;33;40mWARNING - 2023-01-04 09:59:11,596 - [34mangr.project[0m - [34mAddress is already hooked, during hook(0x500090, <SimProcedure GetLogicalDriveStringsA>). Re-hooking.[0m[0m
[1;33;40mWARNING - 2023-01-04 09:59:11,599 - [34mangr.project[0m - [34mAddress is already hooked, during hook(0x500090, <SimProcedure GetLogicalDriveStringsA>). Re-hooking.[0m[0m
[1;33;40mWARNING - 2023-01-04 09:59:11,625 - [34mangr.project[0m - [34mAddress is already hooked, during hook(0x500090, <SimProcedure GetLogicalDriveStringsA>). Re-hooking.[0m[0m
[1;33;40mWARNING - 2023-01-04 09:59:11,628 - [34mangr.project[0m - [34mAddress is already hooked, during hook(0x500090, <SimProcedure GetLogicalDriveStringsA>). Re-hooking.[0m[0m
[1;33;40mWARNING - 2023-01-04 09:59:11,836 - [34mangr.project[0m - [34mAddress is already hooked, during hook(0x500204, <SimProcedure GetOEMCP>). Re-hooking.[0m[0m
[1;33;40mWARNING - 2023-01-04 09:59:11,839 - [34mangr.project[0m - [34mAddress is already hooked, during hook(0x500204, <SimProcedure GetOEMCP>). Re-hooking.[0m[0m
[1;33;40mWARNING - 2023-01-04 09:59:11,859 - [34mangr.project[0m - [34mAddress is already hooked, during hook(0x500198, <SimProcedure FlushFileBuffers>). Re-hooking.[0m[0m
[1;33;40mWARNING - 2023-01-04 09:59:11,864 - [34mangr.project[0m - [34mAddress is already hooked, during hook(0x500198, <SimProcedure FlushFileBuffers>). Re-hooking.[0m[0m
[1;33;40mWARNING - 2023-01-04 09:59:11,919 - [34mangr.project[0m - [34mAddress is already hooked, during hook(0x500040, <SimProcedure GetPrivateProfileSectionNamesA>). Re-hooking.[0m[0m
[1;33;40mWARNING - 2023-01-04 09:59:11,923 - [34mangr.project[0m - [34mAddress is already hooked, during hook(0x500040, <SimProcedure GetPrivateProfileSectionNamesA>). Re-hooking.[0m[0m
[1;33;40mWARNING - 2023-01-04 09:59:11,935 - [34mangr.project[0m - [34mAddress is already hooked, during hook(0x500064, <SimProcedure GetPrivateProfileStringA>). Re-hooking.[0m[0m
[1;33;40mWARNING - 2023-01-04 09:59:11,939 - [34mangr.project[0m - [34mAddress is already hooked, during hook(0x500064, <SimProcedure GetPrivateProfileStringA>). Re-hooking.[0m[0m
[1;32;40mINFO - 2023-01-04 09:59:11,964 - [33mwerkzeug[0m - [33m172.17.0.1 - - [04/Jan/2023 09:59:11] "GET /iteration-scdg HTTP/1.1" 200 -[0m[0m
[1;32;40mINFO - 2023-01-04 09:59:11,970 - [33mwerkzeug[0m - [33m172.17.0.1 - - [04/Jan/2023 09:59:11] "GET /progress-scdg HTTP/1.1" 200 -[0m[0m
[1;33;40mWARNING - 2023-01-04 09:59:12,110 - [34mangr.project[0m - [34mAddress is already hooked, during hook(0x500140, <SimProcedure GetStartupInfoA>). Re-hooking.[0m[0m
[1;33;40mWARNING - 2023-01-04 09:59:12,113 - [34mangr.project[0m - [34mAddress is already hooked, during hook(0x500140, <SimProcedure GetStartupInfoA>). Re-hooking.[0m[0m
[1;33;40mWARNING - 2023-01-04 09:59:12,125 - [34mangr.project[0m - [34mAddress is already hooked, during hook(0x5001a4, <SimProcedure GetStringTypeA>). Re-hooking.[0m[0m
[1;33;40mWARNING - 2023-01-04 09:59:12,128 - [34mangr.project[0m - [34mAddress is already hooked, during hook(0x5001a4, <SimProcedure GetStringTypeA>). Re-hooking.[0m[0m
[1;33;40mWARNING - 2023-01-04 09:59:12,140 - [34mangr.project[0m - [34mAddress is already hooked, during hook(0x5001a0, <SimProcedure GetStringTypeW>). Re-hooking.[0m[0m
[1;33;40mWARNING - 2023-01-04 09:59:12,143 - [34mangr.project[0m - [34mAddress is already hooked, during hook(0x5001a0, <SimProcedure GetStringTypeW>). Re-hooking.[0m[0m
[1;33;40mWARNING - 2023-01-04 09:59:12,157 - [34mangr.project[0m - [34mAddress is already hooked, during hook(0x500164, <SimProcedure GetSystemDefaultLCID>). Re-hooking.[0m[0m
[1;33;40mWARNING - 2023-01-04 09:59:12,160 - [34mangr.project[0m - [34mAddress is already hooked, during hook(0x500164, <SimProcedure GetSystemDefaultLCID>). Re-hooking.[0m[0m
[1;33;40mWARNING - 2023-01-04 09:59:12,334 - [34mangr.project[0m - [34mAddress is already hooked, during hook(0x50011c, <SimProcedure DuplicateHandle>). Re-hooking.[0m[0m
[1;33;40mWARNING - 2023-01-04 09:59:12,337 - [34mangr.project[0m - [34mAddress is already hooked, during hook(0x50011c, <SimProcedure DuplicateHandle>). Re-hooking.[0m[0m
[1;33;40mWARNING - 2023-01-04 09:59:12,423 - [34mangr.project[0m - [34mAddress is already hooked, during hook(0x500204, <SimProcedure GetOEMCP>). Re-hooking.[0m[0m
[1;33;40mWARNING - 2023-01-04 09:59:12,426 - [34mangr.project[0m - [34mAddress is already hooked, during hook(0x500204, <SimProcedure GetOEMCP>). Re-hooking.[0m[0m
[1;33;40mWARNING - 2023-01-04 09:59:12,433 - [34mangr.project[0m - [34mAddress is already hooked, during hook(0x5001dc, <SimProcedure GetVersion>). Re-hooking.[0m[0m
[1;33;40mWARNING - 2023-01-04 09:59:12,437 - [34mangr.project[0m - [34mAddress is already hooked, during hook(0x5001dc, <SimProcedure GetVersion>). Re-hooking.[0m[0m
[1;33;40mWARNING - 2023-01-04 09:59:12,439 - [34mangr.project[0m - [34mAddress is already hooked, during hook(0x500068, <SimProcedure GetVersionExA>). Re-hooking.[0m[0m
[1;33;40mWARNING - 2023-01-04 09:59:12,442 - [34mangr.project[0m - [34mAddress is already hooked, during hook(0x500068, <SimProcedure GetVersionExA>). Re-hooking.[0m[0m
[1;33;40mWARNING - 2023-01-04 09:59:12,450 - [34mangr.project[0m - [34mAddress is already hooked, during hook(0x50008c, <SimProcedure GetVolumeInformationA>). Re-hooking.[0m[0m
[1;33;40mWARNING - 2023-01-04 09:59:12,453 - [34mangr.project[0m - [34mAddress is already hooked, during hook(0x50008c, <SimProcedure GetVolumeInformationA>). Re-hooking.[0m[0m
[1;33;40mWARNING - 2023-01-04 09:59:12,556 - [34mangr.project[0m - [34mAddress is already hooked, during hook(0x50012c, <SimProcedure GlobalFree>). Re-hooking.[0m[0m
[1;33;40mWARNING - 2023-01-04 09:59:12,559 - [34mangr.project[0m - [34mAddress is already hooked, during hook(0x50012c, <SimProcedure GlobalFree>). Re-hooking.[0m[0m
[1;33;40mWARNING - 2023-01-04 09:59:12,577 - [34mangr.project[0m - [34mAddress is already hooked, during hook(0x500150, <SimProcedure GlobalMemoryStatus>). Re-hooking.[0m[0m
[1;33;40mWARNING - 2023-01-04 09:59:12,580 - [34mangr.project[0m - [34mAddress is already hooked, during hook(0x500150, <SimProcedure GlobalMemoryStatus>). Re-hooking.[0m[0m
[1;33;40mWARNING - 2023-01-04 09:59:12,583 - [34mangr.project[0m - [34mAddress is already hooked, during hook(0x5001b0, <SimProcedure GlobalMemoryStatusEx>). Re-hooking.[0m[0m
[1;33;40mWARNING - 2023-01-04 09:59:12,586 - [34mangr.project[0m - [34mAddress is already hooked, during hook(0x5001b0, <SimProcedure GlobalMemoryStatusEx>). Re-hooking.[0m[0m
[1;33;40mWARNING - 2023-01-04 09:59:12,594 - [34mangr.project[0m - [34mAddress is already hooked, during hook(0x50013c, <SimProcedure GlobalSize>). Re-hooking.[0m[0m
[1;33;40mWARNING - 2023-01-04 09:59:12,596 - [34mangr.project[0m - [34mAddress is already hooked, during hook(0x50013c, <SimProcedure GlobalSize>). Re-hooking.[0m[0m
[1;33;40mWARNING - 2023-01-04 09:59:12,677 - [34mangr.project[0m - [34mAddress is already hooked, during hook(0x5001f8, <SimProcedure HeapSize>). Re-hooking.[0m[0m
[1;33;40mWARNING - 2023-01-04 09:59:12,680 - [34mangr.project[0m - [34mAddress is already hooked, during hook(0x5001f8, <SimProcedure HeapSize>). Re-hooking.[0m[0m
[1;32;40mINFO - 2023-01-04 09:59:12,994 - [33mwerkzeug[0m - [33m172.17.0.1 - - [04/Jan/2023 09:59:12] "GET /iteration-scdg HTTP/1.1" 200 -[0m[0m
[1;32;40mINFO - 2023-01-04 09:59:13,017 - [33mwerkzeug[0m - [33m172.17.0.1 - - [04/Jan/2023 09:59:13] "GET /progress-scdg HTTP/1.1" 200 -[0m[0m
[1;33;40mWARNING - 2023-01-04 09:59:13,099 - [34mangr.project[0m - [34mAddress is already hooked, during hook(0x500194, <SimProcedure LCMapStringA>). Re-hooking.[0m[0m
[1;33;40mWARNING - 2023-01-04 09:59:13,103 - [34mangr.project[0m - [34mAddress is already hooked, during hook(0x500194, <SimProcedure LCMapStringA>). Re-hooking.[0m[0m
[1;33;40mWARNING - 2023-01-04 09:59:13,112 - [34mangr.project[0m - [34mAddress is already hooked, during hook(0x500190, <SimProcedure LCMapStringW>). Re-hooking.[0m[0m
[1;33;40mWARNING - 2023-01-04 09:59:13,115 - [34mangr.project[0m - [34mAddress is already hooked, during hook(0x500190, <SimProcedure LCMapStringW>). Re-hooking.[0m[0m
[1;33;40mWARNING - 2023-01-04 09:59:13,170 - [34mangr.project[0m - [34mAddress is already hooked, during hook(0x50001c, <SimProcedure LeaveCriticalSection>). Re-hooking.[0m[0m
