[1;32;40mINFO - 2023-12-07 14:02:36,455 - SemaSCDG - None[0m
[1;32;40mINFO - 2023-12-07 14:02:36,455 - SemaSCDG - /app/src/output/runs/417/unknown//normal/[0m
[1;32;40mINFO - 2023-12-07 14:02:36,455 - SemaSCDG - 
---------------------------------------
--- Building SCDG of unknown/normal ---
---------------------------------------[0m
[1;32;40mINFO - 2023-12-07 14:02:36,455 - angr.project - Loading binary /app/src/SemaSCDG/tests/compiled_binaries/linux/normal[0m
[1;32;40mINFO - 2023-12-07 14:02:36,455 - angr.project - Loading binary /app/src/SemaSCDG/tests/compiled_binaries/linux/normal[0m
[1;33;40mWARNING - 2023-12-07 14:02:40,494 - angr.project - Disabling IRSB translation cache because support for self-modifying code is enabled.[0m
[1;33;40mWARNING - 2023-12-07 14:02:40,494 - angr.project - Disabling IRSB translation cache because support for self-modifying code is enabled.[0m
[1;32;40mINFO - 2023-12-07 14:02:40,514 - angr.sim_manager - Stepping active of <SimulationManager with 1 active>[0m
[1;32;40mINFO - 2023-12-07 14:02:40,514 - angr.sim_manager - Stepping active of <SimulationManager with 1 active>[0m
[1;32;40mINFO - 2023-12-07 14:02:40,521 - angr.engines.engine - Ticked state: <IRSB from 0x806d930: 1 sat>[0m
[1;32;40mINFO - 2023-12-07 14:02:40,521 - angr.engines.engine - Ticked state: <IRSB from 0x806d930: 1 sat>[0m
[1;32;40mINFO - 2023-12-07 14:02:40,521 - angr.engines.engine - Ticked state: <IRSB from 0x806d930: 1 sat>[0m
[1;32;40mINFO - 2023-12-07 14:02:40,523 - angr.sim_manager - Stepping active of <SimulationManager with 1 active>[0m
[1;32;40mINFO - 2023-12-07 14:02:40,523 - angr.sim_manager - Stepping active of <SimulationManager with 1 active>[0m
[1;32;40mINFO - 2023-12-07 14:02:40,529 - angr.engines.engine - Ticked state: <IRSB from 0x805ee8a: 1 sat>[0m
[1;32;40mINFO - 2023-12-07 14:02:40,529 - angr.engines.engine - Ticked state: <IRSB from 0x805ee8a: 1 sat>[0m
[1;32;40mINFO - 2023-12-07 14:02:40,529 - angr.engines.engine - Ticked state: <IRSB from 0x805ee8a: 1 sat>[0m
[1;32;40mINFO - 2023-12-07 14:02:40,530 - angr.sim_manager - Stepping active of <SimulationManager with 1 active>[0m
[1;32;40mINFO - 2023-12-07 14:02:40,530 - angr.sim_manager - Stepping active of <SimulationManager with 1 active>[0m
[1;32;40mINFO - 2023-12-07 14:02:40,545 - angr.engines.engine - Ticked state: <IRSB from 0x806d939: 1 sat 1 unsat>[0m
[1;32;40mINFO - 2023-12-07 14:02:40,545 - angr.engines.engine - Ticked state: <IRSB from 0x806d939: 1 sat 1 unsat>[0m
[1;32;40mINFO - 2023-12-07 14:02:40,545 - angr.engines.engine - Ticked state: <IRSB from 0x806d939: 1 sat 1 unsat>[0m
[1;32;40mINFO - 2023-12-07 14:02:40,547 - angr.sim_manager - Stepping active of <SimulationManager with 1 active>[0m
[1;32;40mINFO - 2023-12-07 14:02:40,547 - angr.sim_manager - Stepping active of <SimulationManager with 1 active>[0m
[1;32;40mINFO - 2023-12-07 14:02:40,552 - angr.engines.engine - Ticked state: <IRSB from 0x806d964: 1 sat>[0m
[1;32;40mINFO - 2023-12-07 14:02:40,552 - angr.engines.engine - Ticked state: <IRSB from 0x806d964: 1 sat>[0m
[1;32;40mINFO - 2023-12-07 14:02:40,552 - angr.engines.engine - Ticked state: <IRSB from 0x806d964: 1 sat>[0m
[1;32;40mINFO - 2023-12-07 14:02:40,553 - angr.sim_manager - Stepping active of <SimulationManager with 1 active>[0m
[1;32;40mINFO - 2023-12-07 14:02:40,553 - angr.sim_manager - Stepping active of <SimulationManager with 1 active>[0m
[1;32;40mINFO - 2023-12-07 14:02:40,557 - angr.procedures.stubs.CallReturn - A factory.call_state-created path returned![0m
[1;32;40mINFO - 2023-12-07 14:02:40,557 - angr.procedures.stubs.CallReturn - A factory.call_state-created path returned![0m
[1;32;40mINFO - 2023-12-07 14:02:40,557 - angr.procedures.stubs.CallReturn - A factory.call_state-created path returned![0m
[1;32;40mINFO - 2023-12-07 14:02:40,557 - angr.procedures.stubs.CallReturn - A factory.call_state-created path returned![0m
[1;32;40mINFO - 2023-12-07 14:02:40,558 - angr.engines.engine - Ticked state: <SimProcedure CallReturn from 0x8200038: empty>[0m
[1;32;40mINFO - 2023-12-07 14:02:40,558 - angr.engines.engine - Ticked state: <SimProcedure CallReturn from 0x8200038: empty>[0m
[1;32;40mINFO - 2023-12-07 14:02:40,558 - angr.engines.engine - Ticked state: <SimProcedure CallReturn from 0x8200038: empty>[0m
[1;32;40mINFO - 2023-12-07 14:02:40,576 - angr.sim_manager - Stepping active of <SimulationManager with 1 active>[0m
[1;32;40mINFO - 2023-12-07 14:02:40,576 - angr.sim_manager - Stepping active of <SimulationManager with 1 active>[0m
[1;32;40mINFO - 2023-12-07 14:02:40,583 - angr.engines.engine - Ticked state: <IRSB from 0x80bfb60: 1 sat>[0m
[1;32;40mINFO - 2023-12-07 14:02:40,583 - angr.engines.engine - Ticked state: <IRSB from 0x80bfb60: 1 sat>[0m
[1;32;40mINFO - 2023-12-07 14:02:40,583 - angr.engines.engine - Ticked state: <IRSB from 0x80bfb60: 1 sat>[0m
[1;32;40mINFO - 2023-12-07 14:02:40,584 - angr.sim_manager - Stepping active of <SimulationManager with 1 active>[0m
[1;32;40mINFO - 2023-12-07 14:02:40,584 - angr.sim_manager - Stepping active of <SimulationManager with 1 active>[0m
[1;32;40mINFO - 2023-12-07 14:02:40,590 - angr.engines.engine - Ticked state: <IRSB from 0x805ee8a: 1 sat>[0m
[1;32;40mINFO - 2023-12-07 14:02:40,590 - angr.engines.engine - Ticked state: <IRSB from 0x805ee8a: 1 sat>[0m
[1;32;40mINFO - 2023-12-07 14:02:40,590 - angr.engines.engine - Ticked state: <IRSB from 0x805ee8a: 1 sat>[0m
[1;32;40mINFO - 2023-12-07 14:02:40,592 - angr.sim_manager - Stepping active of <SimulationManager with 1 active>[0m
[1;32;40mINFO - 2023-12-07 14:02:40,592 - angr.sim_manager - Stepping active of <SimulationManager with 1 active>[0m
[1;32;40mINFO - 2023-12-07 14:02:40,607 - angr.engines.engine - Ticked state: <IRSB from 0x80bfb69: 1 sat>[0m
[1;32;40mINFO - 2023-12-07 14:02:40,607 - angr.engines.engine - Ticked state: <IRSB from 0x80bfb69: 1 sat>[0m
[1;32;40mINFO - 2023-12-07 14:02:40,607 - angr.engines.engine - Ticked state: <IRSB from 0x80bfb69: 1 sat>[0m
[1;32;40mINFO - 2023-12-07 14:02:40,609 - angr.sim_manager - Stepping active of <SimulationManager with 1 active>[0m
[1;32;40mINFO - 2023-12-07 14:02:40,609 - angr.sim_manager - Stepping active of <SimulationManager with 1 active>[0m
[1;32;40mINFO - 2023-12-07 14:02:40,612 - angr.procedures.stubs.CallReturn - A factory.call_state-created path returned![0m
[1;32;40mINFO - 2023-12-07 14:02:40,612 - angr.procedures.stubs.CallReturn - A factory.call_state-created path returned![0m
[1;32;40mINFO - 2023-12-07 14:02:40,612 - angr.procedures.stubs.CallReturn - A factory.call_state-created path returned![0m
[1;32;40mINFO - 2023-12-07 14:02:40,612 - angr.procedures.stubs.CallReturn - A factory.call_state-created path returned![0m
[1;32;40mINFO - 2023-12-07 14:02:40,613 - angr.engines.engine - Ticked state: <SimProcedure CallReturn from 0x8200038: empty>[0m
[1;32;40mINFO - 2023-12-07 14:02:40,613 - angr.engines.engine - Ticked state: <SimProcedure CallReturn from 0x8200038: empty>[0m
[1;32;40mINFO - 2023-12-07 14:02:40,613 - angr.engines.engine - Ticked state: <SimProcedure CallReturn from 0x8200038: empty>[0m
[1;32;40mINFO - 2023-12-07 14:02:40,629 - angr.sim_manager - Stepping active of <SimulationManager with 1 active>[0m
[1;32;40mINFO - 2023-12-07 14:02:40,629 - angr.sim_manager - Stepping active of <SimulationManager with 1 active>[0m
[1;32;40mINFO - 2023-12-07 14:02:40,635 - angr.engines.engine - Ticked state: <IRSB from 0x80ac780: 1 sat>[0m
[1;32;40mINFO - 2023-12-07 14:02:40,635 - angr.engines.engine - Ticked state: <IRSB from 0x80ac780: 1 sat>[0m
[1;32;40mINFO - 2023-12-07 14:02:40,635 - angr.engines.engine - Ticked state: <IRSB from 0x80ac780: 1 sat>[0m
[1;32;40mINFO - 2023-12-07 14:02:40,636 - angr.sim_manager - Stepping active of <SimulationManager with 1 active>[0m
[1;32;40mINFO - 2023-12-07 14:02:40,636 - angr.sim_manager - Stepping active of <SimulationManager with 1 active>[0m
[1;32;40mINFO - 2023-12-07 14:02:40,644 - angr.engines.engine - Ticked state: <IRSB from 0x805ee8a: 1 sat>[0m
[1;32;40mINFO - 2023-12-07 14:02:40,644 - angr.engines.engine - Ticked state: <IRSB from 0x805ee8a: 1 sat>[0m
[1;32;40mINFO - 2023-12-07 14:02:40,644 - angr.engines.engine - Ticked state: <IRSB from 0x805ee8a: 1 sat>[0m
[1;32;40mINFO - 2023-12-07 14:02:40,645 - angr.sim_manager - Stepping active of <SimulationManager with 1 active>[0m
[1;32;40mINFO - 2023-12-07 14:02:40,645 - angr.sim_manager - Stepping active of <SimulationManager with 1 active>[0m
[1;32;40mINFO - 2023-12-07 14:02:40,656 - angr.engines.engine - Ticked state: <IRSB from 0x80ac789: 1 sat 1 unsat>[0m
[1;32;40mINFO - 2023-12-07 14:02:40,656 - angr.engines.engine - Ticked state: <IRSB from 0x80ac789: 1 sat 1 unsat>[0m
[1;32;40mINFO - 2023-12-07 14:02:40,656 - angr.engines.engine - Ticked state: <IRSB from 0x80ac789: 1 sat 1 unsat>[0m
[1;32;40mINFO - 2023-12-07 14:02:40,658 - angr.sim_manager - Stepping active of <SimulationManager with 1 active>[0m
[1;32;40mINFO - 2023-12-07 14:02:40,658 - angr.sim_manager - Stepping active of <SimulationManager with 1 active>[0m
[1;32;40mINFO - 2023-12-07 14:02:40,669 - angr.engines.engine - Ticked state: <IRSB from 0x80ac7a6: 1 sat>[0m
[1;32;40mINFO - 2023-12-07 14:02:40,669 - angr.engines.engine - Ticked state: <IRSB from 0x80ac7a6: 1 sat>[0m
[1;32;40mINFO - 2023-12-07 14:02:40,669 - angr.engines.engine - Ticked state: <IRSB from 0x80ac7a6: 1 sat>[0m
[1;32;40mINFO - 2023-12-07 14:02:40,670 - angr.sim_manager - Stepping active of <SimulationManager with 1 active>[0m
[1;32;40mINFO - 2023-12-07 14:02:40,670 - angr.sim_manager - Stepping active of <SimulationManager with 1 active>[0m
[1;32;40mINFO - 2023-12-07 14:02:40,673 - angr.procedures.stubs.CallReturn - A factory.call_state-created path returned![0m
[1;32;40mINFO - 2023-12-07 14:02:40,673 - angr.procedures.stubs.CallReturn - A factory.call_state-created path returned![0m
[1;32;40mINFO - 2023-12-07 14:02:40,673 - angr.procedures.stubs.CallReturn - A factory.call_state-created path returned![0m
[1;32;40mINFO - 2023-12-07 14:02:40,673 - angr.procedures.stubs.CallReturn - A factory.call_state-created path returned![0m
[1;32;40mINFO - 2023-12-07 14:02:40,675 - angr.engines.engine - Ticked state: <SimProcedure CallReturn from 0x8200038: empty>[0m
[1;32;40mINFO - 2023-12-07 14:02:40,675 - angr.engines.engine - Ticked state: <SimProcedure CallReturn from 0x8200038: empty>[0m
[1;32;40mINFO - 2023-12-07 14:02:40,675 - angr.engines.engine - Ticked state: <SimProcedure CallReturn from 0x8200038: empty>[0m
[1;32;40mINFO - 2023-12-07 14:02:40,691 - angr.sim_manager - Stepping active of <SimulationManager with 1 active>[0m
[1;32;40mINFO - 2023-12-07 14:02:40,691 - angr.sim_manager - Stepping active of <SimulationManager with 1 active>[0m
[1;32;40mINFO - 2023-12-07 14:02:40,697 - angr.engines.engine - Ticked state: <IRSB from 0x806d9f0: 1 sat>[0m
[1;32;40mINFO - 2023-12-07 14:02:40,697 - angr.engines.engine - Ticked state: <IRSB from 0x806d9f0: 1 sat>[0m
[1;32;40mINFO - 2023-12-07 14:02:40,697 - angr.engines.engine - Ticked state: <IRSB from 0x806d9f0: 1 sat>[0m
[1;32;40mINFO - 2023-12-07 14:02:40,698 - angr.sim_manager - Stepping active of <SimulationManager with 1 active>[0m
[1;32;40mINFO - 2023-12-07 14:02:40,698 - angr.sim_manager - Stepping active of <SimulationManager with 1 active>[0m
[1;32;40mINFO - 2023-12-07 14:02:40,705 - angr.engines.engine - Ticked state: <IRSB from 0x805ee8a: 1 sat>[0m
[1;32;40mINFO - 2023-12-07 14:02:40,705 - angr.engines.engine - Ticked state: <IRSB from 0x805ee8a: 1 sat>[0m
[1;32;40mINFO - 2023-12-07 14:02:40,705 - angr.engines.engine - Ticked state: <IRSB from 0x805ee8a: 1 sat>[0m
[1;32;40mINFO - 2023-12-07 14:02:40,707 - angr.sim_manager - Stepping active of <SimulationManager with 1 active>[0m
[1;32;40mINFO - 2023-12-07 14:02:40,707 - angr.sim_manager - Stepping active of <SimulationManager with 1 active>[0m
[1;32;40mINFO - 2023-12-07 14:02:40,723 - angr.engines.engine - Ticked state: <IRSB from 0x806d9f9: 1 sat>[0m
[1;32;40mINFO - 2023-12-07 14:02:40,723 - angr.engines.engine - Ticked state: <IRSB from 0x806d9f9: 1 sat>[0m
[1;32;40mINFO - 2023-12-07 14:02:40,723 - angr.engines.engine - Ticked state: <IRSB from 0x806d9f9: 1 sat>[0m
[1;32;40mINFO - 2023-12-07 14:02:40,725 - angr.sim_manager - Stepping active of <SimulationManager with 1 active>[0m
[1;32;40mINFO - 2023-12-07 14:02:40,725 - angr.sim_manager - Stepping active of <SimulationManager with 1 active>[0m
[1;32;40mINFO - 2023-12-07 14:02:40,728 - angr.procedures.stubs.CallReturn - A factory.call_state-created path returned![0m
[1;32;40mINFO - 2023-12-07 14:02:40,728 - angr.procedures.stubs.CallReturn - A factory.call_state-created path returned![0m
[1;32;40mINFO - 2023-12-07 14:02:40,728 - angr.procedures.stubs.CallReturn - A factory.call_state-created path returned![0m
[1;32;40mINFO - 2023-12-07 14:02:40,728 - angr.procedures.stubs.CallReturn - A factory.call_state-created path returned![0m
[1;32;40mINFO - 2023-12-07 14:02:40,729 - angr.engines.engine - Ticked state: <SimProcedure CallReturn from 0x8200038: empty>[0m
[1;32;40mINFO - 2023-12-07 14:02:40,729 - angr.engines.engine - Ticked state: <SimProcedure CallReturn from 0x8200038: empty>[0m
[1;32;40mINFO - 2023-12-07 14:02:40,729 - angr.engines.engine - Ticked state: <SimProcedure CallReturn from 0x8200038: empty>[0m
[1;32;40mINFO - 2023-12-07 14:02:40,745 - angr.sim_manager - Stepping active of <SimulationManager with 1 active>[0m
[1;32;40mINFO - 2023-12-07 14:02:40,745 - angr.sim_manager - Stepping active of <SimulationManager with 1 active>[0m
[1;32;40mINFO - 2023-12-07 14:02:40,751 - angr.engines.engine - Ticked state: <IRSB from 0x806d970: 1 sat>[0m
[1;32;40mINFO - 2023-12-07 14:02:40,751 - angr.engines.engine - Ticked state: <IRSB from 0x806d970: 1 sat>[0m
[1;32;40mINFO - 2023-12-07 14:02:40,751 - angr.engines.engine - Ticked state: <IRSB from 0x806d970: 1 sat>[0m
[1;32;40mINFO - 2023-12-07 14:02:40,752 - angr.sim_manager - Stepping active of <SimulationManager with 1 active>[0m
[1;32;40mINFO - 2023-12-07 14:02:40,752 - angr.sim_manager - Stepping active of <SimulationManager with 1 active>[0m
[1;32;40mINFO - 2023-12-07 14:02:40,759 - angr.engines.engine - Ticked state: <IRSB from 0x805ee8a: 1 sat>[0m
[1;32;40mINFO - 2023-12-07 14:02:40,759 - angr.engines.engine - Ticked state: <IRSB from 0x805ee8a: 1 sat>[0m
[1;32;40mINFO - 2023-12-07 14:02:40,759 - angr.engines.engine - Ticked state: <IRSB from 0x805ee8a: 1 sat>[0m
[1;32;40mINFO - 2023-12-07 14:02:40,761 - angr.sim_manager - Stepping active of <SimulationManager with 1 active>[0m
[1;32;40mINFO - 2023-12-07 14:02:40,761 - angr.sim_manager - Stepping active of <SimulationManager with 1 active>[0m
[1;32;40mINFO - 2023-12-07 14:02:40,773 - angr.engines.engine - Ticked state: <IRSB from 0x806d979: 1 sat 1 unsat>[0m
[1;32;40mINFO - 2023-12-07 14:02:40,773 - angr.engines.engine - Ticked state: <IRSB from 0x806d979: 1 sat 1 unsat>[0m
[1;32;40mINFO - 2023-12-07 14:02:40,773 - angr.engines.engine - Ticked state: <IRSB from 0x806d979: 1 sat 1 unsat>[0m
[1;32;40mINFO - 2023-12-07 14:02:40,775 - angr.sim_manager - Stepping active of <SimulationManager with 1 active>[0m
[1;32;40mINFO - 2023-12-07 14:02:40,775 - angr.sim_manager - Stepping active of <SimulationManager with 1 active>[0m
[1;32;40mINFO - 2023-12-07 14:02:40,786 - angr.engines.engine - Ticked state: <IRSB from 0x806d996: 1 sat>[0m
[1;32;40mINFO - 2023-12-07 14:02:40,786 - angr.engines.engine - Ticked state: <IRSB from 0x806d996: 1 sat>[0m
[1;32;40mINFO - 2023-12-07 14:02:40,786 - angr.engines.engine - Ticked state: <IRSB from 0x806d996: 1 sat>[0m
[1;32;40mINFO - 2023-12-07 14:02:40,788 - angr.sim_manager - Stepping active of <SimulationManager with 1 active>[0m
[1;32;40mINFO - 2023-12-07 14:02:40,788 - angr.sim_manager - Stepping active of <SimulationManager with 1 active>[0m
[1;32;40mINFO - 2023-12-07 14:02:40,792 - angr.procedures.stubs.CallReturn - A factory.call_state-created path returned![0m
[1;32;40mINFO - 2023-12-07 14:02:40,792 - angr.procedures.stubs.CallReturn - A factory.call_state-created path returned![0m
[1;32;40mINFO - 2023-12-07 14:02:40,792 - angr.procedures.stubs.CallReturn - A factory.call_state-created path returned![0m
[1;32;40mINFO - 2023-12-07 14:02:40,792 - angr.procedures.stubs.CallReturn - A factory.call_state-created path returned![0m
[1;32;40mINFO - 2023-12-07 14:02:40,794 - angr.engines.engine - Ticked state: <SimProcedure CallReturn from 0x8200038: empty>[0m
[1;32;40mINFO - 2023-12-07 14:02:40,794 - angr.engines.engine - Ticked state: <SimProcedure CallReturn from 0x8200038: empty>[0m
[1;32;40mINFO - 2023-12-07 14:02:40,794 - angr.engines.engine - Ticked state: <SimProcedure CallReturn from 0x8200038: empty>[0m
[1;32;40mINFO - 2023-12-07 14:02:40,810 - angr.sim_manager - Stepping active of <SimulationManager with 1 active>[0m
[1;32;40mINFO - 2023-12-07 14:02:40,810 - angr.sim_manager - Stepping active of <SimulationManager with 1 active>[0m
[1;32;40mINFO - 2023-12-07 14:02:40,815 - angr.engines.engine - Ticked state: <IRSB from 0x806e460: 1 sat>[0m
[1;32;40mINFO - 2023-12-07 14:02:40,815 - angr.engines.engine - Ticked state: <IRSB from 0x806e460: 1 sat>[0m
[1;32;40mINFO - 2023-12-07 14:02:40,815 - angr.engines.engine - Ticked state: <IRSB from 0x806e460: 1 sat>[0m
[1;32;40mINFO - 2023-12-07 14:02:40,816 - angr.sim_manager - Stepping active of <SimulationManager with 1 active>[0m
[1;32;40mINFO - 2023-12-07 14:02:40,816 - angr.sim_manager - Stepping active of <SimulationManager with 1 active>[0m
[1;32;40mINFO - 2023-12-07 14:02:40,821 - angr.engines.engine - Ticked state: <IRSB from 0x805ee8a: 1 sat>[0m
[1;32;40mINFO - 2023-12-07 14:02:40,821 - angr.engines.engine - Ticked state: <IRSB from 0x805ee8a: 1 sat>[0m
[1;32;40mINFO - 2023-12-07 14:02:40,821 - angr.engines.engine - Ticked state: <IRSB from 0x805ee8a: 1 sat>[0m
[1;32;40mINFO - 2023-12-07 14:02:40,823 - angr.sim_manager - Stepping active of <SimulationManager with 1 active>[0m
[1;32;40mINFO - 2023-12-07 14:02:40,823 - angr.sim_manager - Stepping active of <SimulationManager with 1 active>[0m
[1;32;40mINFO - 2023-12-07 14:02:40,837 - angr.engines.engine - Ticked state: <IRSB from 0x806e469: 1 sat 1 unsat>[0m
[1;32;40mINFO - 2023-12-07 14:02:40,837 - angr.engines.engine - Ticked state: <IRSB from 0x806e469: 1 sat 1 unsat>[0m
[1;32;40mINFO - 2023-12-07 14:02:40,837 - angr.engines.engine - Ticked state: <IRSB from 0x806e469: 1 sat 1 unsat>[0m
[1;32;40mINFO - 2023-12-07 14:02:40,839 - angr.sim_manager - Stepping active of <SimulationManager with 1 active>[0m
[1;32;40mINFO - 2023-12-07 14:02:40,839 - angr.sim_manager - Stepping active of <SimulationManager with 1 active>[0m
[1;32;40mINFO - 2023-12-07 14:02:40,845 - angr.engines.engine - Ticked state: <IRSB from 0x806e494: 1 sat>[0m
[1;32;40mINFO - 2023-12-07 14:02:40,845 - angr.engines.engine - Ticked state: <IRSB from 0x806e494: 1 sat>[0m
[1;32;40mINFO - 2023-12-07 14:02:40,845 - angr.engines.engine - Ticked state: <IRSB from 0x806e494: 1 sat>[0m
[1;32;40mINFO - 2023-12-07 14:02:40,847 - angr.sim_manager - Stepping active of <SimulationManager with 1 active>[0m
[1;32;40mINFO - 2023-12-07 14:02:40,847 - angr.sim_manager - Stepping active of <SimulationManager with 1 active>[0m
[1;32;40mINFO - 2023-12-07 14:02:40,850 - angr.procedures.stubs.CallReturn - A factory.call_state-created path returned![0m
[1;32;40mINFO - 2023-12-07 14:02:40,850 - angr.procedures.stubs.CallReturn - A factory.call_state-created path returned![0m
[1;32;40mINFO - 2023-12-07 14:02:40,850 - angr.procedures.stubs.CallReturn - A factory.call_state-created path returned![0m
[1;32;40mINFO - 2023-12-07 14:02:40,850 - angr.procedures.stubs.CallReturn - A factory.call_state-created path returned![0m
[1;32;40mINFO - 2023-12-07 14:02:40,852 - angr.engines.engine - Ticked state: <SimProcedure CallReturn from 0x8200038: empty>[0m
[1;32;40mINFO - 2023-12-07 14:02:40,852 - angr.engines.engine - Ticked state: <SimProcedure CallReturn from 0x8200038: empty>[0m
[1;32;40mINFO - 2023-12-07 14:02:40,852 - angr.engines.engine - Ticked state: <SimProcedure CallReturn from 0x8200038: empty>[0m
[1;32;40mINFO - 2023-12-07 14:02:40,874 - angr.sim_manager - Stepping active of <SimulationManager with 1 active>[0m
[1;32;40mINFO - 2023-12-07 14:02:40,874 - angr.sim_manager - Stepping active of <SimulationManager with 1 active>[0m
[1;32;40mINFO - 2023-12-07 14:02:40,881 - angr.engines.engine - Ticked state: <IRSB from 0x806e4e0: 1 sat>[0m
[1;32;40mINFO - 2023-12-07 14:02:40,881 - angr.engines.engine - Ticked state: <IRSB from 0x806e4e0: 1 sat>[0m
[1;32;40mINFO - 2023-12-07 14:02:40,881 - angr.engines.engine - Ticked state: <IRSB from 0x806e4e0: 1 sat>[0m
[1;32;40mINFO - 2023-12-07 14:02:40,882 - angr.sim_manager - Stepping active of <SimulationManager with 1 active>[0m
[1;32;40mINFO - 2023-12-07 14:02:40,882 - angr.sim_manager - Stepping active of <SimulationManager with 1 active>[0m
[1;32;40mINFO - 2023-12-07 14:02:40,889 - angr.engines.engine - Ticked state: <IRSB from 0x805ee8a: 1 sat>[0m
[1;32;40mINFO - 2023-12-07 14:02:40,889 - angr.engines.engine - Ticked state: <IRSB from 0x805ee8a: 1 sat>[0m
[1;32;40mINFO - 2023-12-07 14:02:40,889 - angr.engines.engine - Ticked state: <IRSB from 0x805ee8a: 1 sat>[0m
[1;32;40mINFO - 2023-12-07 14:02:40,891 - angr.sim_manager - Stepping active of <SimulationManager with 1 active>[0m
[1;32;40mINFO - 2023-12-07 14:02:40,891 - angr.sim_manager - Stepping active of <SimulationManager with 1 active>[0m
[1;32;40mINFO - 2023-12-07 14:02:40,904 - angr.engines.engine - Ticked state: <IRSB from 0x806e4e9: 1 sat 1 unsat>[0m
[1;32;40mINFO - 2023-12-07 14:02:40,904 - angr.engines.engine - Ticked state: <IRSB from 0x806e4e9: 1 sat 1 unsat>[0m
[1;32;40mINFO - 2023-12-07 14:02:40,904 - angr.engines.engine - Ticked state: <IRSB from 0x806e4e9: 1 sat 1 unsat>[0m
[1;32;40mINFO - 2023-12-07 14:02:40,906 - angr.sim_manager - Stepping active of <SimulationManager with 1 active>[0m
[1;32;40mINFO - 2023-12-07 14:02:40,906 - angr.sim_manager - Stepping active of <SimulationManager with 1 active>[0m
[1;32;40mINFO - 2023-12-07 14:02:40,917 - angr.engines.engine - Ticked state: <IRSB from 0x806e506: 1 sat>[0m
[1;32;40mINFO - 2023-12-07 14:02:40,917 - angr.engines.engine - Ticked state: <IRSB from 0x806e506: 1 sat>[0m
[1;32;40mINFO - 2023-12-07 14:02:40,917 - angr.engines.engine - Ticked state: <IRSB from 0x806e506: 1 sat>[0m
[1;32;40mINFO - 2023-12-07 14:02:40,919 - angr.sim_manager - Stepping active of <SimulationManager with 1 active>[0m
[1;32;40mINFO - 2023-12-07 14:02:40,919 - angr.sim_manager - Stepping active of <SimulationManager with 1 active>[0m
[1;32;40mINFO - 2023-12-07 14:02:40,922 - angr.procedures.stubs.CallReturn - A factory.call_state-created path returned![0m
[1;32;40mINFO - 2023-12-07 14:02:40,922 - angr.procedures.stubs.CallReturn - A factory.call_state-created path returned![0m
[1;32;40mINFO - 2023-12-07 14:02:40,922 - angr.procedures.stubs.CallReturn - A factory.call_state-created path returned![0m
[1;32;40mINFO - 2023-12-07 14:02:40,922 - angr.procedures.stubs.CallReturn - A factory.call_state-created path returned![0m
[1;32;40mINFO - 2023-12-07 14:02:40,923 - angr.engines.engine - Ticked state: <SimProcedure CallReturn from 0x8200038: empty>[0m
[1;32;40mINFO - 2023-12-07 14:02:40,923 - angr.engines.engine - Ticked state: <SimProcedure CallReturn from 0x8200038: empty>[0m
[1;32;40mINFO - 2023-12-07 14:02:40,923 - angr.engines.engine - Ticked state: <SimProcedure CallReturn from 0x8200038: empty>[0m
[1;32;40mINFO - 2023-12-07 14:02:40,941 - angr.sim_manager - Stepping active of <SimulationManager with 1 active>[0m
[1;32;40mINFO - 2023-12-07 14:02:40,941 - angr.sim_manager - Stepping active of <SimulationManager with 1 active>[0m
[1;32;40mINFO - 2023-12-07 14:02:40,948 - angr.engines.engine - Ticked state: <IRSB from 0x806e420: 1 sat>[0m
[1;32;40mINFO - 2023-12-07 14:02:40,948 - angr.engines.engine - Ticked state: <IRSB from 0x806e420: 1 sat>[0m
[1;32;40mINFO - 2023-12-07 14:02:40,948 - angr.engines.engine - Ticked state: <IRSB from 0x806e420: 1 sat>[0m
[1;32;40mINFO - 2023-12-07 14:02:40,949 - angr.sim_manager - Stepping active of <SimulationManager with 1 active>[0m
[1;32;40mINFO - 2023-12-07 14:02:40,949 - angr.sim_manager - Stepping active of <SimulationManager with 1 active>[0m
[1;32;40mINFO - 2023-12-07 14:02:40,955 - angr.engines.engine - Ticked state: <IRSB from 0x805ee8a: 1 sat>[0m
[1;32;40mINFO - 2023-12-07 14:02:40,955 - angr.engines.engine - Ticked state: <IRSB from 0x805ee8a: 1 sat>[0m
[1;32;40mINFO - 2023-12-07 14:02:40,955 - angr.engines.engine - Ticked state: <IRSB from 0x805ee8a: 1 sat>[0m
[1;32;40mINFO - 2023-12-07 14:02:40,957 - angr.sim_manager - Stepping active of <SimulationManager with 1 active>[0m
[1;32;40mINFO - 2023-12-07 14:02:40,957 - angr.sim_manager - Stepping active of <SimulationManager with 1 active>[0m
[1;32;40mINFO - 2023-12-07 14:02:40,970 - angr.engines.engine - Ticked state: <IRSB from 0x806e429: 1 sat 1 unsat>[0m
[1;32;40mINFO - 2023-12-07 14:02:40,970 - angr.engines.engine - Ticked state: <IRSB from 0x806e429: 1 sat 1 unsat>[0m
[1;32;40mINFO - 2023-12-07 14:02:40,970 - angr.engines.engine - Ticked state: <IRSB from 0x806e429: 1 sat 1 unsat>[0m
[1;32;40mINFO - 2023-12-07 14:02:40,972 - angr.sim_manager - Stepping active of <SimulationManager with 1 active>[0m
[1;32;40mINFO - 2023-12-07 14:02:40,972 - angr.sim_manager - Stepping active of <SimulationManager with 1 active>[0m
[1;32;40mINFO - 2023-12-07 14:02:40,986 - angr.engines.engine - Ticked state: <IRSB from 0x806e446: 1 sat>[0m
[1;32;40mINFO - 2023-12-07 14:02:40,986 - angr.engines.engine - Ticked state: <IRSB from 0x806e446: 1 sat>[0m
[1;32;40mINFO - 2023-12-07 14:02:40,986 - angr.engines.engine - Ticked state: <IRSB from 0x806e446: 1 sat>[0m
[1;32;40mINFO - 2023-12-07 14:02:40,988 - angr.sim_manager - Stepping active of <SimulationManager with 1 active>[0m
[1;32;40mINFO - 2023-12-07 14:02:40,988 - angr.sim_manager - Stepping active of <SimulationManager with 1 active>[0m
[1;32;40mINFO - 2023-12-07 14:02:40,992 - angr.procedures.stubs.CallReturn - A factory.call_state-created path returned![0m
[1;32;40mINFO - 2023-12-07 14:02:40,992 - angr.procedures.stubs.CallReturn - A factory.call_state-created path returned![0m
[1;32;40mINFO - 2023-12-07 14:02:40,992 - angr.procedures.stubs.CallReturn - A factory.call_state-created path returned![0m
[1;32;40mINFO - 2023-12-07 14:02:40,992 - angr.procedures.stubs.CallReturn - A factory.call_state-created path returned![0m
[1;32;40mINFO - 2023-12-07 14:02:40,994 - angr.engines.engine - Ticked state: <SimProcedure CallReturn from 0x8200038: empty>[0m
[1;32;40mINFO - 2023-12-07 14:02:40,994 - angr.engines.engine - Ticked state: <SimProcedure CallReturn from 0x8200038: empty>[0m
[1;32;40mINFO - 2023-12-07 14:02:40,994 - angr.engines.engine - Ticked state: <SimProcedure CallReturn from 0x8200038: empty>[0m
[1;32;40mINFO - 2023-12-07 14:02:41,013 - angr.sim_manager - Stepping active of <SimulationManager with 1 active>[0m
[1;32;40mINFO - 2023-12-07 14:02:41,013 - angr.sim_manager - Stepping active of <SimulationManager with 1 active>[0m
[1;32;40mINFO - 2023-12-07 14:02:41,020 - angr.engines.engine - Ticked state: <IRSB from 0x80ac740: 1 sat>[0m
[1;32;40mINFO - 2023-12-07 14:02:41,020 - angr.engines.engine - Ticked state: <IRSB from 0x80ac740: 1 sat>[0m
[1;32;40mINFO - 2023-12-07 14:02:41,020 - angr.engines.engine - Ticked state: <IRSB from 0x80ac740: 1 sat>[0m
[1;32;40mINFO - 2023-12-07 14:02:41,021 - angr.sim_manager - Stepping active of <SimulationManager with 1 active>[0m
[1;32;40mINFO - 2023-12-07 14:02:41,021 - angr.sim_manager - Stepping active of <SimulationManager with 1 active>[0m
[1;32;40mINFO - 2023-12-07 14:02:41,028 - angr.engines.engine - Ticked state: <IRSB from 0x805ee8a: 1 sat>[0m
[1;32;40mINFO - 2023-12-07 14:02:41,028 - angr.engines.engine - Ticked state: <IRSB from 0x805ee8a: 1 sat>[0m
[1;32;40mINFO - 2023-12-07 14:02:41,028 - angr.engines.engine - Ticked state: <IRSB from 0x805ee8a: 1 sat>[0m
[1;32;40mINFO - 2023-12-07 14:02:41,029 - angr.sim_manager - Stepping active of <SimulationManager with 1 active>[0m
[1;32;40mINFO - 2023-12-07 14:02:41,029 - angr.sim_manager - Stepping active of <SimulationManager with 1 active>[0m
[1;32;40mINFO - 2023-12-07 14:02:41,044 - angr.engines.engine - Ticked state: <IRSB from 0x80ac749: 1 sat 1 unsat>[0m
[1;32;40mINFO - 2023-12-07 14:02:41,044 - angr.engines.engine - Ticked state: <IRSB from 0x80ac749: 1 sat 1 unsat>[0m
[1;32;40mINFO - 2023-12-07 14:02:41,044 - angr.engines.engine - Ticked state: <IRSB from 0x80ac749: 1 sat 1 unsat>[0m
[1;32;40mINFO - 2023-12-07 14:02:41,046 - angr.sim_manager - Stepping active of <SimulationManager with 1 active>[0m
[1;32;40mINFO - 2023-12-07 14:02:41,046 - angr.sim_manager - Stepping active of <SimulationManager with 1 active>[0m
[1;32;40mINFO - 2023-12-07 14:02:41,051 - angr.engines.engine - Ticked state: <IRSB from 0x80ac774: 1 sat>[0m
[1;32;40mINFO - 2023-12-07 14:02:41,051 - angr.engines.engine - Ticked state: <IRSB from 0x80ac774: 1 sat>[0m
[1;32;40mINFO - 2023-12-07 14:02:41,051 - angr.engines.engine - Ticked state: <IRSB from 0x80ac774: 1 sat>[0m
[1;32;40mINFO - 2023-12-07 14:02:41,053 - angr.sim_manager - Stepping active of <SimulationManager with 1 active>[0m
[1;32;40mINFO - 2023-12-07 14:02:41,053 - angr.sim_manager - Stepping active of <SimulationManager with 1 active>[0m
[1;32;40mINFO - 2023-12-07 14:02:41,057 - angr.procedures.stubs.CallReturn - A factory.call_state-created path returned![0m
[1;32;40mINFO - 2023-12-07 14:02:41,057 - angr.procedures.stubs.CallReturn - A factory.call_state-created path returned![0m
[1;32;40mINFO - 2023-12-07 14:02:41,057 - angr.procedures.stubs.CallReturn - A factory.call_state-created path returned![0m
[1;32;40mINFO - 2023-12-07 14:02:41,057 - angr.procedures.stubs.CallReturn - A factory.call_state-created path returned![0m
[1;32;40mINFO - 2023-12-07 14:02:41,059 - angr.engines.engine - Ticked state: <SimProcedure CallReturn from 0x8200038: empty>[0m
[1;32;40mINFO - 2023-12-07 14:02:41,059 - angr.engines.engine - Ticked state: <SimProcedure CallReturn from 0x8200038: empty>[0m
[1;32;40mINFO - 2023-12-07 14:02:41,059 - angr.engines.engine - Ticked state: <SimProcedure CallReturn from 0x8200038: empty>[0m
[1;32;40mINFO - 2023-12-07 14:02:41,082 - angr.sim_manager - Stepping active of <SimulationManager with 1 active>[0m
[1;32;40mINFO - 2023-12-07 14:02:41,082 - angr.sim_manager - Stepping active of <SimulationManager with 1 active>[0m
[1;32;40mINFO - 2023-12-07 14:02:41,089 - angr.engines.engine - Ticked state: <IRSB from 0x806e4a0: 1 sat>[0m
[1;32;40mINFO - 2023-12-07 14:02:41,089 - angr.engines.engine - Ticked state: <IRSB from 0x806e4a0: 1 sat>[0m
[1;32;40mINFO - 2023-12-07 14:02:41,089 - angr.engines.engine - Ticked state: <IRSB from 0x806e4a0: 1 sat>[0m
[1;32;40mINFO - 2023-12-07 14:02:41,091 - angr.sim_manager - Stepping active of <SimulationManager with 1 active>[0m
[1;32;40mINFO - 2023-12-07 14:02:41,091 - angr.sim_manager - Stepping active of <SimulationManager with 1 active>[0m
[1;32;40mINFO - 2023-12-07 14:02:41,098 - angr.engines.engine - Ticked state: <IRSB from 0x805ee8a: 1 sat>[0m
[1;32;40mINFO - 2023-12-07 14:02:41,098 - angr.engines.engine - Ticked state: <IRSB from 0x805ee8a: 1 sat>[0m
[1;32;40mINFO - 2023-12-07 14:02:41,098 - angr.engines.engine - Ticked state: <IRSB from 0x805ee8a: 1 sat>[0m
[1;32;40mINFO - 2023-12-07 14:02:41,099 - angr.sim_manager - Stepping active of <SimulationManager with 1 active>[0m
[1;32;40mINFO - 2023-12-07 14:02:41,099 - angr.sim_manager - Stepping active of <SimulationManager with 1 active>[0m
[1;32;40mINFO - 2023-12-07 14:02:41,112 - angr.engines.engine - Ticked state: <IRSB from 0x806e4a9: 1 sat 1 unsat>[0m
[1;32;40mINFO - 2023-12-07 14:02:41,112 - angr.engines.engine - Ticked state: <IRSB from 0x806e4a9: 1 sat 1 unsat>[0m
[1;32;40mINFO - 2023-12-07 14:02:41,112 - angr.engines.engine - Ticked state: <IRSB from 0x806e4a9: 1 sat 1 unsat>[0m
[1;32;40mINFO - 2023-12-07 14:02:41,114 - angr.sim_manager - Stepping active of <SimulationManager with 1 active>[0m
[1;32;40mINFO - 2023-12-07 14:02:41,114 - angr.sim_manager - Stepping active of <SimulationManager with 1 active>[0m
[1;32;40mINFO - 2023-12-07 14:02:41,125 - angr.engines.engine - Ticked state: <IRSB from 0x806e4c7: 1 sat>[0m
[1;32;40mINFO - 2023-12-07 14:02:41,125 - angr.engines.engine - Ticked state: <IRSB from 0x806e4c7: 1 sat>[0m
[1;32;40mINFO - 2023-12-07 14:02:41,125 - angr.engines.engine - Ticked state: <IRSB from 0x806e4c7: 1 sat>[0m
[1;32;40mINFO - 2023-12-07 14:02:41,127 - angr.sim_manager - Stepping active of <SimulationManager with 1 active>[0m
[1;32;40mINFO - 2023-12-07 14:02:41,127 - angr.sim_manager - Stepping active of <SimulationManager with 1 active>[0m
[1;32;40mINFO - 2023-12-07 14:02:41,130 - angr.procedures.stubs.CallReturn - A factory.call_state-created path returned![0m
[1;32;40mINFO - 2023-12-07 14:02:41,130 - angr.procedures.stubs.CallReturn - A factory.call_state-created path returned![0m
[1;32;40mINFO - 2023-12-07 14:02:41,130 - angr.procedures.stubs.CallReturn - A factory.call_state-created path returned![0m
[1;32;40mINFO - 2023-12-07 14:02:41,130 - angr.procedures.stubs.CallReturn - A factory.call_state-created path returned![0m
[1;32;40mINFO - 2023-12-07 14:02:41,131 - angr.engines.engine - Ticked state: <SimProcedure CallReturn from 0x8200038: empty>[0m
[1;32;40mINFO - 2023-12-07 14:02:41,131 - angr.engines.engine - Ticked state: <SimProcedure CallReturn from 0x8200038: empty>[0m
[1;32;40mINFO - 2023-12-07 14:02:41,131 - angr.engines.engine - Ticked state: <SimProcedure CallReturn from 0x8200038: empty>[0m
[1;32;40mINFO - 2023-12-07 14:02:41,152 - angr.sim_manager - Stepping active of <SimulationManager with 1 active>[0m
[1;32;40mINFO - 2023-12-07 14:02:41,152 - angr.sim_manager - Stepping active of <SimulationManager with 1 active>[0m
[1;32;40mINFO - 2023-12-07 14:02:41,159 - angr.engines.engine - Ticked state: <IRSB from 0x80ac670: 1 sat>[0m
[1;32;40mINFO - 2023-12-07 14:02:41,159 - angr.engines.engine - Ticked state: <IRSB from 0x80ac670: 1 sat>[0m
[1;32;40mINFO - 2023-12-07 14:02:41,159 - angr.engines.engine - Ticked state: <IRSB from 0x80ac670: 1 sat>[0m
[1;32;40mINFO - 2023-12-07 14:02:41,161 - angr.sim_manager - Stepping active of <SimulationManager with 1 active>[0m
[1;32;40mINFO - 2023-12-07 14:02:41,161 - angr.sim_manager - Stepping active of <SimulationManager with 1 active>[0m
[1;32;40mINFO - 2023-12-07 14:02:41,169 - angr.engines.engine - Ticked state: <IRSB from 0x805ee8a: 1 sat>[0m
[1;32;40mINFO - 2023-12-07 14:02:41,169 - angr.engines.engine - Ticked state: <IRSB from 0x805ee8a: 1 sat>[0m
[1;32;40mINFO - 2023-12-07 14:02:41,169 - angr.engines.engine - Ticked state: <IRSB from 0x805ee8a: 1 sat>[0m
[1;32;40mINFO - 2023-12-07 14:02:41,170 - angr.sim_manager - Stepping active of <SimulationManager with 1 active>[0m
[1;32;40mINFO - 2023-12-07 14:02:41,170 - angr.sim_manager - Stepping active of <SimulationManager with 1 active>[0m
[1;32;40mINFO - 2023-12-07 14:02:41,183 - angr.engines.engine - Ticked state: <IRSB from 0x80ac679: 1 sat 1 unsat>[0m
[1;32;40mINFO - 2023-12-07 14:02:41,183 - angr.engines.engine - Ticked state: <IRSB from 0x80ac679: 1 sat 1 unsat>[0m
[1;32;40mINFO - 2023-12-07 14:02:41,183 - angr.engines.engine - Ticked state: <IRSB from 0x80ac679: 1 sat 1 unsat>[0m
[1;32;40mINFO - 2023-12-07 14:02:41,185 - angr.sim_manager - Stepping active of <SimulationManager with 1 active>[0m
[1;32;40mINFO - 2023-12-07 14:02:41,185 - angr.sim_manager - Stepping active of <SimulationManager with 1 active>[0m
[1;32;40mINFO - 2023-12-07 14:02:41,189 - angr.engines.engine - Ticked state: <IRSB from 0x80ac6a4: 1 sat>[0m
[1;32;40mINFO - 2023-12-07 14:02:41,189 - angr.engines.engine - Ticked state: <IRSB from 0x80ac6a4: 1 sat>[0m
[1;32;40mINFO - 2023-12-07 14:02:41,189 - angr.engines.engine - Ticked state: <IRSB from 0x80ac6a4: 1 sat>[0m
[1;32;40mINFO - 2023-12-07 14:02:41,191 - angr.sim_manager - Stepping active of <SimulationManager with 1 active>[0m
[1;32;40mINFO - 2023-12-07 14:02:41,191 - angr.sim_manager - Stepping active of <SimulationManager with 1 active>[0m
[1;32;40mINFO - 2023-12-07 14:02:41,193 - angr.procedures.stubs.CallReturn - A factory.call_state-created path returned![0m
[1;32;40mINFO - 2023-12-07 14:02:41,193 - angr.procedures.stubs.CallReturn - A factory.call_state-created path returned![0m
[1;32;40mINFO - 2023-12-07 14:02:41,193 - angr.procedures.stubs.CallReturn - A factory.call_state-created path returned![0m
[1;32;40mINFO - 2023-12-07 14:02:41,193 - angr.procedures.stubs.CallReturn - A factory.call_state-created path returned![0m
[1;32;40mINFO - 2023-12-07 14:02:41,195 - angr.engines.engine - Ticked state: <SimProcedure CallReturn from 0x8200038: empty>[0m
[1;32;40mINFO - 2023-12-07 14:02:41,195 - angr.engines.engine - Ticked state: <SimProcedure CallReturn from 0x8200038: empty>[0m
[1;32;40mINFO - 2023-12-07 14:02:41,195 - angr.engines.engine - Ticked state: <SimProcedure CallReturn from 0x8200038: empty>[0m
[1;32;40mINFO - 2023-12-07 14:02:41,212 - angr.sim_manager - Stepping active of <SimulationManager with 1 active>[0m
[1;32;40mINFO - 2023-12-07 14:02:41,212 - angr.sim_manager - Stepping active of <SimulationManager with 1 active>[0m
[1;32;40mINFO - 2023-12-07 14:02:41,218 - angr.engines.engine - Ticked state: <IRSB from 0x80b1670: 1 sat>[0m
[1;32;40mINFO - 2023-12-07 14:02:41,218 - angr.engines.engine - Ticked state: <IRSB from 0x80b1670: 1 sat>[0m
[1;32;40mINFO - 2023-12-07 14:02:41,218 - angr.engines.engine - Ticked state: <IRSB from 0x80b1670: 1 sat>[0m
[1;32;40mINFO - 2023-12-07 14:02:41,219 - angr.sim_manager - Stepping active of <SimulationManager with 1 active>[0m
[1;32;40mINFO - 2023-12-07 14:02:41,219 - angr.sim_manager - Stepping active of <SimulationManager with 1 active>[0m
[1;32;40mINFO - 2023-12-07 14:02:41,226 - angr.engines.engine - Ticked state: <IRSB from 0x805ee8a: 1 sat>[0m
[1;32;40mINFO - 2023-12-07 14:02:41,226 - angr.engines.engine - Ticked state: <IRSB from 0x805ee8a: 1 sat>[0m
[1;32;40mINFO - 2023-12-07 14:02:41,226 - angr.engines.engine - Ticked state: <IRSB from 0x805ee8a: 1 sat>[0m
[1;32;40mINFO - 2023-12-07 14:02:41,228 - angr.sim_manager - Stepping active of <SimulationManager with 1 active>[0m
[1;32;40mINFO - 2023-12-07 14:02:41,228 - angr.sim_manager - Stepping active of <SimulationManager with 1 active>[0m
[1;32;40mINFO - 2023-12-07 14:02:41,242 - angr.engines.engine - Ticked state: <IRSB from 0x80b1679: 1 sat>[0m
[1;32;40mINFO - 2023-12-07 14:02:41,242 - angr.engines.engine - Ticked state: <IRSB from 0x80b1679: 1 sat>[0m
[1;32;40mINFO - 2023-12-07 14:02:41,242 - angr.engines.engine - Ticked state: <IRSB from 0x80b1679: 1 sat>[0m
[1;32;40mINFO - 2023-12-07 14:02:41,243 - angr.sim_manager - Stepping active of <SimulationManager with 1 active>[0m
[1;32;40mINFO - 2023-12-07 14:02:41,243 - angr.sim_manager - Stepping active of <SimulationManager with 1 active>[0m
[1;32;40mINFO - 2023-12-07 14:02:41,246 - angr.procedures.stubs.CallReturn - A factory.call_state-created path returned![0m
[1;32;40mINFO - 2023-12-07 14:02:41,246 - angr.procedures.stubs.CallReturn - A factory.call_state-created path returned![0m
[1;32;40mINFO - 2023-12-07 14:02:41,246 - angr.procedures.stubs.CallReturn - A factory.call_state-created path returned![0m
[1;32;40mINFO - 2023-12-07 14:02:41,246 - angr.procedures.stubs.CallReturn - A factory.call_state-created path returned![0m
[1;32;40mINFO - 2023-12-07 14:02:41,247 - angr.engines.engine - Ticked state: <SimProcedure CallReturn from 0x8200038: empty>[0m
[1;32;40mINFO - 2023-12-07 14:02:41,247 - angr.engines.engine - Ticked state: <SimProcedure CallReturn from 0x8200038: empty>[0m
[1;32;40mINFO - 2023-12-07 14:02:41,247 - angr.engines.engine - Ticked state: <SimProcedure CallReturn from 0x8200038: empty>[0m
[1;32;40mINFO - 2023-12-07 14:02:41,266 - angr.sim_manager - Stepping active of <SimulationManager with 1 active>[0m
[1;32;40mINFO - 2023-12-07 14:02:41,266 - angr.sim_manager - Stepping active of <SimulationManager with 1 active>[0m
[1;32;40mINFO - 2023-12-07 14:02:41,273 - angr.engines.engine - Ticked state: <IRSB from 0x806e520: 1 sat>[0m
[1;32;40mINFO - 2023-12-07 14:02:41,273 - angr.engines.engine - Ticked state: <IRSB from 0x806e520: 1 sat>[0m
[1;32;40mINFO - 2023-12-07 14:02:41,273 - angr.engines.engine - Ticked state: <IRSB from 0x806e520: 1 sat>[0m
[1;32;40mINFO - 2023-12-07 14:02:41,274 - angr.sim_manager - Stepping active of <SimulationManager with 1 active>[0m
[1;32;40mINFO - 2023-12-07 14:02:41,274 - angr.sim_manager - Stepping active of <SimulationManager with 1 active>[0m
[1;32;40mINFO - 2023-12-07 14:02:41,280 - angr.engines.engine - Ticked state: <IRSB from 0x805ee8a: 1 sat>[0m
[1;32;40mINFO - 2023-12-07 14:02:41,280 - angr.engines.engine - Ticked state: <IRSB from 0x805ee8a: 1 sat>[0m
[1;32;40mINFO - 2023-12-07 14:02:41,280 - angr.engines.engine - Ticked state: <IRSB from 0x805ee8a: 1 sat>[0m
[1;32;40mINFO - 2023-12-07 14:02:41,281 - angr.sim_manager - Stepping active of <SimulationManager with 1 active>[0m
[1;32;40mINFO - 2023-12-07 14:02:41,281 - angr.sim_manager - Stepping active of <SimulationManager with 1 active>[0m
[1;32;40mINFO - 2023-12-07 14:02:41,297 - angr.engines.engine - Ticked state: <IRSB from 0x806e529: 1 sat 1 unsat>[0m
[1;32;40mINFO - 2023-12-07 14:02:41,297 - angr.engines.engine - Ticked state: <IRSB from 0x806e529: 1 sat 1 unsat>[0m
[1;32;40mINFO - 2023-12-07 14:02:41,297 - angr.engines.engine - Ticked state: <IRSB from 0x806e529: 1 sat 1 unsat>[0m
[1;32;40mINFO - 2023-12-07 14:02:41,299 - angr.sim_manager - Stepping active of <SimulationManager with 1 active>[0m
[1;32;40mINFO - 2023-12-07 14:02:41,299 - angr.sim_manager - Stepping active of <SimulationManager with 1 active>[0m
[1;32;40mINFO - 2023-12-07 14:02:41,305 - angr.engines.engine - Ticked state: <IRSB from 0x806e554: 1 sat>[0m
[1;32;40mINFO - 2023-12-07 14:02:41,305 - angr.engines.engine - Ticked state: <IRSB from 0x806e554: 1 sat>[0m
[1;32;40mINFO - 2023-12-07 14:02:41,305 - angr.engines.engine - Ticked state: <IRSB from 0x806e554: 1 sat>[0m
[1;32;40mINFO - 2023-12-07 14:02:41,306 - angr.sim_manager - Stepping active of <SimulationManager with 1 active>[0m
[1;32;40mINFO - 2023-12-07 14:02:41,306 - angr.sim_manager - Stepping active of <SimulationManager with 1 active>[0m
[1;32;40mINFO - 2023-12-07 14:02:41,310 - angr.procedures.stubs.CallReturn - A factory.call_state-created path returned![0m
[1;32;40mINFO - 2023-12-07 14:02:41,310 - angr.procedures.stubs.CallReturn - A factory.call_state-created path returned![0m
[1;32;40mINFO - 2023-12-07 14:02:41,310 - angr.procedures.stubs.CallReturn - A factory.call_state-created path returned![0m
[1;32;40mINFO - 2023-12-07 14:02:41,310 - angr.procedures.stubs.CallReturn - A factory.call_state-created path returned![0m
[1;32;40mINFO - 2023-12-07 14:02:41,311 - angr.engines.engine - Ticked state: <SimProcedure CallReturn from 0x8200038: empty>[0m
[1;32;40mINFO - 2023-12-07 14:02:41,311 - angr.engines.engine - Ticked state: <SimProcedure CallReturn from 0x8200038: empty>[0m
[1;32;40mINFO - 2023-12-07 14:02:41,311 - angr.engines.engine - Ticked state: <SimProcedure CallReturn from 0x8200038: empty>[0m
[1;32;40mINFO - 2023-12-07 14:02:41,331 - angr.sim_manager - Stepping active of <SimulationManager with 1 active>[0m
[1;32;40mINFO - 2023-12-07 14:02:41,331 - angr.sim_manager - Stepping active of <SimulationManager with 1 active>[0m
[1;32;40mINFO - 2023-12-07 14:02:41,340 - angr.engines.engine - Ticked state: <IRSB from 0x806dc20: 1 sat>[0m
[1;32;40mINFO - 2023-12-07 14:02:41,340 - angr.engines.engine - Ticked state: <IRSB from 0x806dc20: 1 sat>[0m
[1;32;40mINFO - 2023-12-07 14:02:41,340 - angr.engines.engine - Ticked state: <IRSB from 0x806dc20: 1 sat>[0m
[1;32;40mINFO - 2023-12-07 14:02:41,341 - angr.sim_manager - Stepping active of <SimulationManager with 1 active>[0m
[1;32;40mINFO - 2023-12-07 14:02:41,341 - angr.sim_manager - Stepping active of <SimulationManager with 1 active>[0m
[1;32;40mINFO - 2023-12-07 14:02:41,351 - angr.engines.engine - Ticked state: <IRSB from 0x805ee8a: 1 sat>[0m
[1;32;40mINFO - 2023-12-07 14:02:41,351 - angr.engines.engine - Ticked state: <IRSB from 0x805ee8a: 1 sat>[0m
[1;32;40mINFO - 2023-12-07 14:02:41,351 - angr.engines.engine - Ticked state: <IRSB from 0x805ee8a: 1 sat>[0m
[1;32;40mINFO - 2023-12-07 14:02:41,353 - angr.sim_manager - Stepping active of <SimulationManager with 1 active>[0m
[1;32;40mINFO - 2023-12-07 14:02:41,353 - angr.sim_manager - Stepping active of <SimulationManager with 1 active>[0m
[1;32;40mINFO - 2023-12-07 14:02:41,372 - angr.engines.engine - Ticked state: <IRSB from 0x806dc29: 1 sat>[0m
[1;32;40mINFO - 2023-12-07 14:02:41,372 - angr.engines.engine - Ticked state: <IRSB from 0x806dc29: 1 sat>[0m
[1;32;40mINFO - 2023-12-07 14:02:41,372 - angr.engines.engine - Ticked state: <IRSB from 0x806dc29: 1 sat>[0m
[1;32;40mINFO - 2023-12-07 14:02:41,373 - angr.sim_manager - Stepping active of <SimulationManager with 1 active>[0m
[1;32;40mINFO - 2023-12-07 14:02:41,373 - angr.sim_manager - Stepping active of <SimulationManager with 1 active>[0m
[1;32;40mINFO - 2023-12-07 14:02:41,377 - angr.procedures.stubs.CallReturn - A factory.call_state-created path returned![0m
[1;32;40mINFO - 2023-12-07 14:02:41,377 - angr.procedures.stubs.CallReturn - A factory.call_state-created path returned![0m
[1;32;40mINFO - 2023-12-07 14:02:41,377 - angr.procedures.stubs.CallReturn - A factory.call_state-created path returned![0m
[1;32;40mINFO - 2023-12-07 14:02:41,377 - angr.procedures.stubs.CallReturn - A factory.call_state-created path returned![0m
[1;32;40mINFO - 2023-12-07 14:02:41,379 - angr.engines.engine - Ticked state: <SimProcedure CallReturn from 0x8200038: empty>[0m
[1;32;40mINFO - 2023-12-07 14:02:41,379 - angr.engines.engine - Ticked state: <SimProcedure CallReturn from 0x8200038: empty>[0m
[1;32;40mINFO - 2023-12-07 14:02:41,379 - angr.engines.engine - Ticked state: <SimProcedure CallReturn from 0x8200038: empty>[0m
[1;32;40mINFO - 2023-12-07 14:02:41,399 - angr.sim_manager - Stepping active of <SimulationManager with 1 active>[0m
[1;32;40mINFO - 2023-12-07 14:02:41,399 - angr.sim_manager - Stepping active of <SimulationManager with 1 active>[0m
[1;32;40mINFO - 2023-12-07 14:02:41,407 - angr.engines.engine - Ticked state: <IRSB from 0x806d9b0: 1 sat>[0m
[1;32;40mINFO - 2023-12-07 14:02:41,407 - angr.engines.engine - Ticked state: <IRSB from 0x806d9b0: 1 sat>[0m
[1;32;40mINFO - 2023-12-07 14:02:41,407 - angr.engines.engine - Ticked state: <IRSB from 0x806d9b0: 1 sat>[0m
[1;32;40mINFO - 2023-12-07 14:02:41,408 - angr.sim_manager - Stepping active of <SimulationManager with 1 active>[0m
[1;32;40mINFO - 2023-12-07 14:02:41,408 - angr.sim_manager - Stepping active of <SimulationManager with 1 active>[0m
[1;32;40mINFO - 2023-12-07 14:02:41,413 - angr.engines.engine - Ticked state: <IRSB from 0x805ee8a: 1 sat>[0m
[1;32;40mINFO - 2023-12-07 14:02:41,413 - angr.engines.engine - Ticked state: <IRSB from 0x805ee8a: 1 sat>[0m
[1;32;40mINFO - 2023-12-07 14:02:41,413 - angr.engines.engine - Ticked state: <IRSB from 0x805ee8a: 1 sat>[0m
[1;32;40mINFO - 2023-12-07 14:02:41,414 - angr.sim_manager - Stepping active of <SimulationManager with 1 active>[0m
[1;32;40mINFO - 2023-12-07 14:02:41,414 - angr.sim_manager - Stepping active of <SimulationManager with 1 active>[0m
[1;32;40mINFO - 2023-12-07 14:02:41,426 - angr.engines.engine - Ticked state: <IRSB from 0x806d9b9: 1 sat 1 unsat>[0m
[1;32;40mINFO - 2023-12-07 14:02:41,426 - angr.engines.engine - Ticked state: <IRSB from 0x806d9b9: 1 sat 1 unsat>[0m
[1;32;40mINFO - 2023-12-07 14:02:41,426 - angr.engines.engine - Ticked state: <IRSB from 0x806d9b9: 1 sat 1 unsat>[0m
[1;32;40mINFO - 2023-12-07 14:02:41,428 - angr.sim_manager - Stepping active of <SimulationManager with 1 active>[0m
[1;32;40mINFO - 2023-12-07 14:02:41,428 - angr.sim_manager - Stepping active of <SimulationManager with 1 active>[0m
[1;32;40mINFO - 2023-12-07 14:02:41,440 - angr.engines.engine - Ticked state: <IRSB from 0x806d9d7: 1 sat>[0m
[1;32;40mINFO - 2023-12-07 14:02:41,440 - angr.engines.engine - Ticked state: <IRSB from 0x806d9d7: 1 sat>[0m
[1;32;40mINFO - 2023-12-07 14:02:41,440 - angr.engines.engine - Ticked state: <IRSB from 0x806d9d7: 1 sat>[0m
[1;32;40mINFO - 2023-12-07 14:02:41,441 - angr.sim_manager - Stepping active of <SimulationManager with 1 active>[0m
[1;32;40mINFO - 2023-12-07 14:02:41,441 - angr.sim_manager - Stepping active of <SimulationManager with 1 active>[0m
[1;32;40mINFO - 2023-12-07 14:02:41,443 - angr.procedures.stubs.CallReturn - A factory.call_state-created path returned![0m
[1;32;40mINFO - 2023-12-07 14:02:41,443 - angr.procedures.stubs.CallReturn - A factory.call_state-created path returned![0m
[1;32;40mINFO - 2023-12-07 14:02:41,443 - angr.procedures.stubs.CallReturn - A factory.call_state-created path returned![0m
[1;32;40mINFO - 2023-12-07 14:02:41,443 - angr.procedures.stubs.CallReturn - A factory.call_state-created path returned![0m
[1;32;40mINFO - 2023-12-07 14:02:41,444 - angr.engines.engine - Ticked state: <SimProcedure CallReturn from 0x8200038: empty>[0m
[1;32;40mINFO - 2023-12-07 14:02:41,444 - angr.engines.engine - Ticked state: <SimProcedure CallReturn from 0x8200038: empty>[0m
[1;32;40mINFO - 2023-12-07 14:02:41,444 - angr.engines.engine - Ticked state: <SimProcedure CallReturn from 0x8200038: empty>[0m
[1;32;40mINFO - 2023-12-07 14:02:46,258 - pyvex.lifting.libvex - unhandled opc_aux = 0x 1
first_opcode == 0xD9
[0m
[1;32;40mINFO - 2023-12-07 14:02:46,258 - pyvex.lifting.libvex - unhandled opc_aux = 0x 1
first_opcode == 0xD9
[0m
[1;32;40mINFO - 2023-12-07 14:02:46,258 - pyvex.lifting.libvex - unhandled opc_aux = 0x 1
first_opcode == 0xD9
[0m
[1;32;40mINFO - 2023-12-07 14:02:46,260 - pyvex.lifting.libvex - unhandled opc_aux = 0x 1
first_opcode == 0xD9
[0m
[1;32;40mINFO - 2023-12-07 14:02:46,260 - pyvex.lifting.libvex - unhandled opc_aux = 0x 1
first_opcode == 0xD9
[0m
[1;32;40mINFO - 2023-12-07 14:02:46,260 - pyvex.lifting.libvex - unhandled opc_aux = 0x 1
first_opcode == 0xD9
[0m
[1;32;40mINFO - 2023-12-07 14:02:46,262 - pyvex.lifting.libvex - unhandled opc_aux = 0x 1
first_opcode == 0xD9
[0m
[1;32;40mINFO - 2023-12-07 14:02:46,262 - pyvex.lifting.libvex - unhandled opc_aux = 0x 1
first_opcode == 0xD9
[0m
[1;32;40mINFO - 2023-12-07 14:02:46,262 - pyvex.lifting.libvex - unhandled opc_aux = 0x 1
first_opcode == 0xD9
[0m
[1;32;40mINFO - 2023-12-07 14:02:46,272 - pyvex.lifting.libvex - unhandled opc_aux = 0x 1
first_opcode == 0xD9
[0m
[1;32;40mINFO - 2023-12-07 14:02:46,272 - pyvex.lifting.libvex - unhandled opc_aux = 0x 1
first_opcode == 0xD9
[0m
[1;32;40mINFO - 2023-12-07 14:02:46,272 - pyvex.lifting.libvex - unhandled opc_aux = 0x 1
first_opcode == 0xD9
[0m
[1;32;40mINFO - 2023-12-07 14:02:46,274 - pyvex.lifting.libvex - unhandled opc_aux = 0x 1
first_opcode == 0xD9
[0m
[1;32;40mINFO - 2023-12-07 14:02:46,274 - pyvex.lifting.libvex - unhandled opc_aux = 0x 1
first_opcode == 0xD9
[0m
[1;32;40mINFO - 2023-12-07 14:02:46,274 - pyvex.lifting.libvex - unhandled opc_aux = 0x 1
first_opcode == 0xD9
[0m
[1;32;40mINFO - 2023-12-07 14:02:46,275 - pyvex.lifting.libvex - unhandled opc_aux = 0x 1
first_opcode == 0xD9
[0m
[1;32;40mINFO - 2023-12-07 14:02:46,275 - pyvex.lifting.libvex - unhandled opc_aux = 0x 1
first_opcode == 0xD9
[0m
[1;32;40mINFO - 2023-12-07 14:02:46,275 - pyvex.lifting.libvex - unhandled opc_aux = 0x 1
first_opcode == 0xD9
[0m
