[1;32;40mINFO - 2023-01-02 15:18:34,137 - SemaSCDG - 
----------------------------------------------------------------
--- Building SCDG of autoit/00c635478393aafb5c2d97b4a00c6930 ---
----------------------------------------------------------------[0m
[1;32;40mINFO - 2023-01-02 15:18:36,318 - SemaSCDG - Libraries used are :
{'comctl32.dll', 'mpr.dll', 'wsock32.dll', 'userenv.dll', 'gdi32.dll', 'shell32.dll', 'comdlg32.dll', 'ole32.dll', 'user32.dll', 'wininet.dll', 'uxtheme.dll', 'kernel32.dll', 'advapi32.dll', 'version.dll', 'psapi.dll', 'oleaut32.dll', 'iphlpapi.dll', 'winmm.dll'}[0m
[1;32;40mINFO - 2023-01-02 15:18:36,318 - SemaSCDG - OS recognized as : windows[0m
[1;32;40mINFO - 2023-01-02 15:18:36,318 - SemaSCDG - CPU architecture recognized as : <Arch X86 (LE)>[0m
[1;32;40mINFO - 2023-01-02 15:18:36,318 - SemaSCDG - Entry point of the binary recognized as : 4349812[0m
[1;32;40mINFO - 2023-01-02 15:18:36,318 - SemaSCDG - Min/Max addresses of the binary recognized as : <Loaded 00c635478393aafb5c2d97b4a00c6930, maps [0x400000:0x8013ff]>[0m
[1;32;40mINFO - 2023-01-02 15:18:36,318 - SemaSCDG - Stack executable ?  False[0m
[1;32;40mINFO - 2023-01-02 15:18:36,318 - SemaSCDG - Binary position-independent ?  True[0m
[1;32;40mINFO - 2023-01-02 15:18:36,318 - SemaSCDG - Exploration method:  DFS[0m
[1;32;40mINFO - 2023-01-02 15:18:36,585 - SemaSCDG - Entry_state address = None[0m
[1;32;40mINFO - 2023-01-02 15:19:33,548 - SemaSCDG - .text[0m
[1;32;40mINFO - 2023-01-02 15:19:33,548 - SemaSCDG - {'vaddr': 4198400, 'memsize': 570703, 'is_readable': True, 'is_writable': False, 'is_executable': True}[0m
[1;32;40mINFO - 2023-01-02 15:19:33,548 - SemaSCDG - .rdata[0m
[1;32;40mINFO - 2023-01-02 15:19:33,548 - SemaSCDG - {'vaddr': 4771840, 'memsize': 183362, 'is_readable': True, 'is_writable': False, 'is_executable': False}[0m
[1;32;40mINFO - 2023-01-02 15:19:33,548 - SemaSCDG - .data[0m
[1;32;40mINFO - 2023-01-02 15:19:33,548 - SemaSCDG - {'vaddr': 4956160, 'memsize': 40276, 'is_readable': True, 'is_writable': True, 'is_executable': False}[0m
[1;32;40mINFO - 2023-01-02 15:19:33,548 - SemaSCDG - .rsrc[0m
[1;32;40mINFO - 2023-01-02 15:19:33,548 - SemaSCDG - {'vaddr': 4997120, 'memsize': 343932, 'is_readable': True, 'is_writable': False, 'is_executable': False}[0m
[1;32;40mINFO - 2023-01-02 15:19:33,549 - SemaSCDG - .reloc[0m
[1;32;40mINFO - 2023-01-02 15:19:33,549 - SemaSCDG - {'vaddr': 5341184, 'memsize': 42100, 'is_readable': True, 'is_writable': False, 'is_executable': False}[0m
[1;32;40mINFO - 2023-01-02 15:19:33,550 - SemaSCDG - 
------------------------------
Start -State of simulation manager :
 <SimulationManager with 1 active>
------------------------------[0m
