2021-12-02 18:56:06,396 [cuckoo.core.scheduler] INFO: Task #16: acquired machine cuckoo1 (label=cuckoo1)
2021-12-02 18:56:06,397 [cuckoo.core.resultserver] DEBUG: Now tracking machine 192.168.122.254 for task #16
2021-12-02 18:56:06,397 [cuckoo.core.plugins] DEBUG: Started auxiliary module: Replay
2021-12-02 18:56:06,403 [cuckoo.auxiliary.sniffer] INFO: Started sniffer with PID 23646 (interface=qemubr, host=192.168.122.254)
2021-12-02 18:56:06,403 [cuckoo.core.plugins] DEBUG: Started auxiliary module: Sniffer
2021-12-02 18:56:06,427 [cuckoo.machinery.qemu] DEBUG: Starting vm cuckoo1
2021-12-02 18:56:06,439 [cuckoo.core.scheduler] ERROR: Error starting Virtual Machine! VM: cuckoo1, error: QEMU failed starting the machine: qemu-img: /var/lib/libvirt/images/snapshot_cuckoo1.qcow2: Could not open '/var/lib/libvirt/images/win7.qcow2': No such file or directory
Could not open backing image to determine size.

2021-12-02 18:56:06,439 [cuckoo.core.plugins] DEBUG: Stopped auxiliary module: Replay
2021-12-02 18:56:06,442 [cuckoo.core.plugins] DEBUG: Stopped auxiliary module: Sniffer
2021-12-02 18:56:06,443 [cuckoo.machinery.qemu] DEBUG: Stopping vm cuckoo1
2021-12-02 18:56:06,447 [cuckoo.core.scheduler] WARNING: Unable to stop machine cuckoo1: Trying to stop an already stopped vm cuckoo1
2021-12-02 18:56:06,454 [cuckoo.core.resultserver] DEBUG: Stopped tracking machine 192.168.122.254 for task #16
2021-12-02 18:56:06,463 [cuckoo.core.scheduler] DEBUG: Released database task #16
2021-12-02 18:56:06,478 [cuckoo.core.plugins] DEBUG: Executed processing module "AnalysisInfo" for task #16
2021-12-02 18:56:06,479 [cuckoo.processing.behavior] WARNING: Analysis results folder does not contain any behavior log files.
2021-12-02 18:56:06,479 [cuckoo.core.plugins] DEBUG: Executed processing module "BehaviorAnalysis" for task #16
2021-12-02 18:56:06,479 [cuckoo.core.plugins] DEBUG: Executed processing module "Dropped" for task #16
2021-12-02 18:56:06,480 [cuckoo.core.plugins] DEBUG: Executed processing module "DroppedBuffer" for task #16
2021-12-02 18:56:06,480 [cuckoo.core.plugins] DEBUG: Executed processing module "MetaInfo" for task #16
2021-12-02 18:56:06,480 [cuckoo.core.plugins] DEBUG: Executed processing module "ProcessMemory" for task #16
2021-12-02 18:56:06,480 [cuckoo.core.plugins] DEBUG: Executed processing module "Procmon" for task #16
2021-12-02 18:56:06,481 [cuckoo.core.plugins] DEBUG: Executed processing module "Screenshots" for task #16
2021-12-02 18:56:06,651 [cuckoo.core.plugins] DEBUG: Executed processing module "Static" for task #16
2021-12-02 18:56:06,671 [cuckoo.core.plugins] DEBUG: Executed processing module "Strings" for task #16
2021-12-02 18:56:06,683 [cuckoo.core.plugins] DEBUG: Executed processing module "TargetInfo" for task #16
2021-12-02 18:56:06,683 [cuckoo.processing.network] WARNING: The PCAP file does not exist at path "/home/crochetch/Documents/toolchain_malware_analysis/src/sandboxes/.cuckoo/storage/analyses/16/dump.pcap".
2021-12-02 18:56:06,684 [cuckoo.core.plugins] DEBUG: Executed processing module "NetworkAnalysis" for task #16
2021-12-02 18:56:06,684 [cuckoo.core.plugins] DEBUG: Executed processing module "Extracted" for task #16
2021-12-02 18:56:06,684 [cuckoo.core.plugins] DEBUG: Executed processing module "TLSMasterSecrets" for task #16
2021-12-02 18:56:06,685 [cuckoo.processing.debug] ERROR: Error processing task #16: it appears that the Virtual Machine hasn't been able to contact back to the Cuckoo Host. There could be a few reasons for this, please refer to our documentation on the matter: https://cuckoo.sh/docs/faq/index.html#troubleshooting-vm-network-configuration
2021-12-02 18:56:06,692 [cuckoo.core.plugins] DEBUG: Executed processing module "Debug" for task #16
2021-12-02 18:56:06,693 [cuckoo.core.plugins] DEBUG: Running 0 signatures
2021-12-02 18:56:06,697 [cuckoo.core.plugins] DEBUG: Executed reporting module "JsonDump"
2021-12-02 18:56:06,740 [cuckoo.core.plugins] DEBUG: Executed reporting module "SingleFile"
2021-12-02 18:56:06,745 [cuckoo.core.plugins] DEBUG: Executed reporting module "MongoDB"
2021-12-02 18:56:06,746 [cuckoo.core.scheduler] INFO: Task #16: reports generation completed
2021-12-02 18:56:06,751 [cuckoo.core.scheduler] INFO: Task #16: analysis procedure completed
