[1;32;40mINFO - 2023-12-05 14:21:15,960 - SemaSCDG - None[0m
[1;32;40mINFO - 2023-12-05 14:21:15,960 - SemaSCDG - /app/src/output/runs/299/unknown//normal/[0m
[1;32;40mINFO - 2023-12-05 14:21:15,960 - SemaSCDG - 
---------------------------------------
--- Building SCDG of unknown/normal ---
---------------------------------------[0m
[1;32;40mINFO - 2023-12-05 14:21:15,960 - angr.project - Loading binary /app/src/SemaSCDG/tests/compiled_binaries/linux/normal[0m
[1;32;40mINFO - 2023-12-05 14:21:15,960 - angr.project - Loading binary /app/src/SemaSCDG/tests/compiled_binaries/linux/normal[0m
[1;33;40mWARNING - 2023-12-05 14:21:18,617 - angr.project - Disabling IRSB translation cache because support for self-modifying code is enabled.[0m
[1;33;40mWARNING - 2023-12-05 14:21:18,617 - angr.project - Disabling IRSB translation cache because support for self-modifying code is enabled.[0m
[1;32;40mINFO - 2023-12-05 14:21:18,632 - angr.sim_manager - Stepping active of <SimulationManager with 1 active>[0m
[1;32;40mINFO - 2023-12-05 14:21:18,632 - angr.sim_manager - Stepping active of <SimulationManager with 1 active>[0m
[1;32;40mINFO - 2023-12-05 14:21:18,638 - angr.engines.engine - Ticked state: <IRSB from 0x806d930: 1 sat>[0m
[1;32;40mINFO - 2023-12-05 14:21:18,638 - angr.engines.engine - Ticked state: <IRSB from 0x806d930: 1 sat>[0m
[1;32;40mINFO - 2023-12-05 14:21:18,638 - angr.engines.engine - Ticked state: <IRSB from 0x806d930: 1 sat>[0m
[1;32;40mINFO - 2023-12-05 14:21:18,638 - angr.sim_manager - Stepping active of <SimulationManager with 1 active>[0m
[1;32;40mINFO - 2023-12-05 14:21:18,638 - angr.sim_manager - Stepping active of <SimulationManager with 1 active>[0m
[1;32;40mINFO - 2023-12-05 14:21:18,643 - angr.engines.engine - Ticked state: <IRSB from 0x805ee8a: 1 sat>[0m
[1;32;40mINFO - 2023-12-05 14:21:18,643 - angr.engines.engine - Ticked state: <IRSB from 0x805ee8a: 1 sat>[0m
[1;32;40mINFO - 2023-12-05 14:21:18,643 - angr.engines.engine - Ticked state: <IRSB from 0x805ee8a: 1 sat>[0m
[1;32;40mINFO - 2023-12-05 14:21:18,644 - angr.sim_manager - Stepping active of <SimulationManager with 1 active>[0m
[1;32;40mINFO - 2023-12-05 14:21:18,644 - angr.sim_manager - Stepping active of <SimulationManager with 1 active>[0m
[1;32;40mINFO - 2023-12-05 14:21:18,655 - angr.engines.engine - Ticked state: <IRSB from 0x806d939: 1 sat 1 unsat>[0m
[1;32;40mINFO - 2023-12-05 14:21:18,655 - angr.engines.engine - Ticked state: <IRSB from 0x806d939: 1 sat 1 unsat>[0m
[1;32;40mINFO - 2023-12-05 14:21:18,655 - angr.engines.engine - Ticked state: <IRSB from 0x806d939: 1 sat 1 unsat>[0m
[1;32;40mINFO - 2023-12-05 14:21:18,655 - angr.sim_manager - Stepping active of <SimulationManager with 1 active>[0m
[1;32;40mINFO - 2023-12-05 14:21:18,655 - angr.sim_manager - Stepping active of <SimulationManager with 1 active>[0m
[1;32;40mINFO - 2023-12-05 14:21:18,659 - angr.engines.engine - Ticked state: <IRSB from 0x806d964: 1 sat>[0m
[1;32;40mINFO - 2023-12-05 14:21:18,659 - angr.engines.engine - Ticked state: <IRSB from 0x806d964: 1 sat>[0m
[1;32;40mINFO - 2023-12-05 14:21:18,659 - angr.engines.engine - Ticked state: <IRSB from 0x806d964: 1 sat>[0m
[1;32;40mINFO - 2023-12-05 14:21:18,659 - angr.sim_manager - Stepping active of <SimulationManager with 1 active>[0m
[1;32;40mINFO - 2023-12-05 14:21:18,659 - angr.sim_manager - Stepping active of <SimulationManager with 1 active>[0m
[1;32;40mINFO - 2023-12-05 14:21:18,661 - angr.procedures.stubs.CallReturn - A factory.call_state-created path returned![0m
[1;32;40mINFO - 2023-12-05 14:21:18,661 - angr.procedures.stubs.CallReturn - A factory.call_state-created path returned![0m
[1;32;40mINFO - 2023-12-05 14:21:18,661 - angr.procedures.stubs.CallReturn - A factory.call_state-created path returned![0m
[1;32;40mINFO - 2023-12-05 14:21:18,661 - angr.procedures.stubs.CallReturn - A factory.call_state-created path returned![0m
[1;32;40mINFO - 2023-12-05 14:21:18,662 - angr.engines.engine - Ticked state: <SimProcedure CallReturn from 0x8200038: empty>[0m
[1;32;40mINFO - 2023-12-05 14:21:18,662 - angr.engines.engine - Ticked state: <SimProcedure CallReturn from 0x8200038: empty>[0m
[1;32;40mINFO - 2023-12-05 14:21:18,662 - angr.engines.engine - Ticked state: <SimProcedure CallReturn from 0x8200038: empty>[0m
[1;32;40mINFO - 2023-12-05 14:21:18,675 - angr.sim_manager - Stepping active of <SimulationManager with 1 active>[0m
[1;32;40mINFO - 2023-12-05 14:21:18,675 - angr.sim_manager - Stepping active of <SimulationManager with 1 active>[0m
[1;32;40mINFO - 2023-12-05 14:21:18,681 - angr.engines.engine - Ticked state: <IRSB from 0x80bfb60: 1 sat>[0m
[1;32;40mINFO - 2023-12-05 14:21:18,681 - angr.engines.engine - Ticked state: <IRSB from 0x80bfb60: 1 sat>[0m
[1;32;40mINFO - 2023-12-05 14:21:18,681 - angr.engines.engine - Ticked state: <IRSB from 0x80bfb60: 1 sat>[0m
[1;32;40mINFO - 2023-12-05 14:21:18,681 - angr.sim_manager - Stepping active of <SimulationManager with 1 active>[0m
[1;32;40mINFO - 2023-12-05 14:21:18,681 - angr.sim_manager - Stepping active of <SimulationManager with 1 active>[0m
[1;32;40mINFO - 2023-12-05 14:21:18,687 - angr.engines.engine - Ticked state: <IRSB from 0x805ee8a: 1 sat>[0m
[1;32;40mINFO - 2023-12-05 14:21:18,687 - angr.engines.engine - Ticked state: <IRSB from 0x805ee8a: 1 sat>[0m
[1;32;40mINFO - 2023-12-05 14:21:18,687 - angr.engines.engine - Ticked state: <IRSB from 0x805ee8a: 1 sat>[0m
[1;32;40mINFO - 2023-12-05 14:21:18,687 - angr.sim_manager - Stepping active of <SimulationManager with 1 active>[0m
[1;32;40mINFO - 2023-12-05 14:21:18,687 - angr.sim_manager - Stepping active of <SimulationManager with 1 active>[0m
[1;32;40mINFO - 2023-12-05 14:21:18,702 - angr.engines.engine - Ticked state: <IRSB from 0x80bfb69: 1 sat>[0m
[1;32;40mINFO - 2023-12-05 14:21:18,702 - angr.engines.engine - Ticked state: <IRSB from 0x80bfb69: 1 sat>[0m
[1;32;40mINFO - 2023-12-05 14:21:18,702 - angr.engines.engine - Ticked state: <IRSB from 0x80bfb69: 1 sat>[0m
[1;32;40mINFO - 2023-12-05 14:21:18,702 - angr.sim_manager - Stepping active of <SimulationManager with 1 active>[0m
[1;32;40mINFO - 2023-12-05 14:21:18,702 - angr.sim_manager - Stepping active of <SimulationManager with 1 active>[0m
[1;32;40mINFO - 2023-12-05 14:21:18,704 - angr.procedures.stubs.CallReturn - A factory.call_state-created path returned![0m
[1;32;40mINFO - 2023-12-05 14:21:18,704 - angr.procedures.stubs.CallReturn - A factory.call_state-created path returned![0m
[1;32;40mINFO - 2023-12-05 14:21:18,704 - angr.procedures.stubs.CallReturn - A factory.call_state-created path returned![0m
[1;32;40mINFO - 2023-12-05 14:21:18,704 - angr.procedures.stubs.CallReturn - A factory.call_state-created path returned![0m
[1;32;40mINFO - 2023-12-05 14:21:18,704 - angr.engines.engine - Ticked state: <SimProcedure CallReturn from 0x8200038: empty>[0m
[1;32;40mINFO - 2023-12-05 14:21:18,704 - angr.engines.engine - Ticked state: <SimProcedure CallReturn from 0x8200038: empty>[0m
[1;32;40mINFO - 2023-12-05 14:21:18,704 - angr.engines.engine - Ticked state: <SimProcedure CallReturn from 0x8200038: empty>[0m
[1;32;40mINFO - 2023-12-05 14:21:18,720 - angr.sim_manager - Stepping active of <SimulationManager with 1 active>[0m
[1;32;40mINFO - 2023-12-05 14:21:18,720 - angr.sim_manager - Stepping active of <SimulationManager with 1 active>[0m
[1;32;40mINFO - 2023-12-05 14:21:18,725 - angr.engines.engine - Ticked state: <IRSB from 0x80ac780: 1 sat>[0m
[1;32;40mINFO - 2023-12-05 14:21:18,725 - angr.engines.engine - Ticked state: <IRSB from 0x80ac780: 1 sat>[0m
[1;32;40mINFO - 2023-12-05 14:21:18,725 - angr.engines.engine - Ticked state: <IRSB from 0x80ac780: 1 sat>[0m
[1;32;40mINFO - 2023-12-05 14:21:18,726 - angr.sim_manager - Stepping active of <SimulationManager with 1 active>[0m
[1;32;40mINFO - 2023-12-05 14:21:18,726 - angr.sim_manager - Stepping active of <SimulationManager with 1 active>[0m
[1;32;40mINFO - 2023-12-05 14:21:18,731 - angr.engines.engine - Ticked state: <IRSB from 0x805ee8a: 1 sat>[0m
[1;32;40mINFO - 2023-12-05 14:21:18,731 - angr.engines.engine - Ticked state: <IRSB from 0x805ee8a: 1 sat>[0m
[1;32;40mINFO - 2023-12-05 14:21:18,731 - angr.engines.engine - Ticked state: <IRSB from 0x805ee8a: 1 sat>[0m
[1;32;40mINFO - 2023-12-05 14:21:18,732 - angr.sim_manager - Stepping active of <SimulationManager with 1 active>[0m
[1;32;40mINFO - 2023-12-05 14:21:18,732 - angr.sim_manager - Stepping active of <SimulationManager with 1 active>[0m
[1;32;40mINFO - 2023-12-05 14:21:18,742 - angr.engines.engine - Ticked state: <IRSB from 0x80ac789: 1 sat 1 unsat>[0m
[1;32;40mINFO - 2023-12-05 14:21:18,742 - angr.engines.engine - Ticked state: <IRSB from 0x80ac789: 1 sat 1 unsat>[0m
[1;32;40mINFO - 2023-12-05 14:21:18,742 - angr.engines.engine - Ticked state: <IRSB from 0x80ac789: 1 sat 1 unsat>[0m
[1;32;40mINFO - 2023-12-05 14:21:18,743 - angr.sim_manager - Stepping active of <SimulationManager with 1 active>[0m
[1;32;40mINFO - 2023-12-05 14:21:18,743 - angr.sim_manager - Stepping active of <SimulationManager with 1 active>[0m
[1;32;40mINFO - 2023-12-05 14:21:18,752 - angr.engines.engine - Ticked state: <IRSB from 0x80ac7a6: 1 sat>[0m
[1;32;40mINFO - 2023-12-05 14:21:18,752 - angr.engines.engine - Ticked state: <IRSB from 0x80ac7a6: 1 sat>[0m
[1;32;40mINFO - 2023-12-05 14:21:18,752 - angr.engines.engine - Ticked state: <IRSB from 0x80ac7a6: 1 sat>[0m
[1;32;40mINFO - 2023-12-05 14:21:18,753 - angr.sim_manager - Stepping active of <SimulationManager with 1 active>[0m
[1;32;40mINFO - 2023-12-05 14:21:18,753 - angr.sim_manager - Stepping active of <SimulationManager with 1 active>[0m
[1;32;40mINFO - 2023-12-05 14:21:18,755 - angr.procedures.stubs.CallReturn - A factory.call_state-created path returned![0m
[1;32;40mINFO - 2023-12-05 14:21:18,755 - angr.procedures.stubs.CallReturn - A factory.call_state-created path returned![0m
[1;32;40mINFO - 2023-12-05 14:21:18,755 - angr.procedures.stubs.CallReturn - A factory.call_state-created path returned![0m
[1;32;40mINFO - 2023-12-05 14:21:18,755 - angr.procedures.stubs.CallReturn - A factory.call_state-created path returned![0m
[1;32;40mINFO - 2023-12-05 14:21:18,755 - angr.engines.engine - Ticked state: <SimProcedure CallReturn from 0x8200038: empty>[0m
[1;32;40mINFO - 2023-12-05 14:21:18,755 - angr.engines.engine - Ticked state: <SimProcedure CallReturn from 0x8200038: empty>[0m
[1;32;40mINFO - 2023-12-05 14:21:18,755 - angr.engines.engine - Ticked state: <SimProcedure CallReturn from 0x8200038: empty>[0m
[1;32;40mINFO - 2023-12-05 14:21:18,772 - angr.sim_manager - Stepping active of <SimulationManager with 1 active>[0m
[1;32;40mINFO - 2023-12-05 14:21:18,772 - angr.sim_manager - Stepping active of <SimulationManager with 1 active>[0m
[1;32;40mINFO - 2023-12-05 14:21:18,777 - angr.engines.engine - Ticked state: <IRSB from 0x806d9f0: 1 sat>[0m
[1;32;40mINFO - 2023-12-05 14:21:18,777 - angr.engines.engine - Ticked state: <IRSB from 0x806d9f0: 1 sat>[0m
[1;32;40mINFO - 2023-12-05 14:21:18,777 - angr.engines.engine - Ticked state: <IRSB from 0x806d9f0: 1 sat>[0m
[1;32;40mINFO - 2023-12-05 14:21:18,777 - angr.sim_manager - Stepping active of <SimulationManager with 1 active>[0m
[1;32;40mINFO - 2023-12-05 14:21:18,777 - angr.sim_manager - Stepping active of <SimulationManager with 1 active>[0m
[1;32;40mINFO - 2023-12-05 14:21:18,783 - angr.engines.engine - Ticked state: <IRSB from 0x805ee8a: 1 sat>[0m
[1;32;40mINFO - 2023-12-05 14:21:18,783 - angr.engines.engine - Ticked state: <IRSB from 0x805ee8a: 1 sat>[0m
[1;32;40mINFO - 2023-12-05 14:21:18,783 - angr.engines.engine - Ticked state: <IRSB from 0x805ee8a: 1 sat>[0m
[1;32;40mINFO - 2023-12-05 14:21:18,783 - angr.sim_manager - Stepping active of <SimulationManager with 1 active>[0m
[1;32;40mINFO - 2023-12-05 14:21:18,783 - angr.sim_manager - Stepping active of <SimulationManager with 1 active>[0m
[1;32;40mINFO - 2023-12-05 14:21:18,796 - angr.engines.engine - Ticked state: <IRSB from 0x806d9f9: 1 sat>[0m
[1;32;40mINFO - 2023-12-05 14:21:18,796 - angr.engines.engine - Ticked state: <IRSB from 0x806d9f9: 1 sat>[0m
[1;32;40mINFO - 2023-12-05 14:21:18,796 - angr.engines.engine - Ticked state: <IRSB from 0x806d9f9: 1 sat>[0m
[1;32;40mINFO - 2023-12-05 14:21:18,796 - angr.sim_manager - Stepping active of <SimulationManager with 1 active>[0m
[1;32;40mINFO - 2023-12-05 14:21:18,796 - angr.sim_manager - Stepping active of <SimulationManager with 1 active>[0m
[1;32;40mINFO - 2023-12-05 14:21:18,798 - angr.procedures.stubs.CallReturn - A factory.call_state-created path returned![0m
[1;32;40mINFO - 2023-12-05 14:21:18,798 - angr.procedures.stubs.CallReturn - A factory.call_state-created path returned![0m
[1;32;40mINFO - 2023-12-05 14:21:18,798 - angr.procedures.stubs.CallReturn - A factory.call_state-created path returned![0m
[1;32;40mINFO - 2023-12-05 14:21:18,798 - angr.procedures.stubs.CallReturn - A factory.call_state-created path returned![0m
[1;32;40mINFO - 2023-12-05 14:21:18,798 - angr.engines.engine - Ticked state: <SimProcedure CallReturn from 0x8200038: empty>[0m
[1;32;40mINFO - 2023-12-05 14:21:18,798 - angr.engines.engine - Ticked state: <SimProcedure CallReturn from 0x8200038: empty>[0m
[1;32;40mINFO - 2023-12-05 14:21:18,798 - angr.engines.engine - Ticked state: <SimProcedure CallReturn from 0x8200038: empty>[0m
[1;32;40mINFO - 2023-12-05 14:21:18,814 - angr.sim_manager - Stepping active of <SimulationManager with 1 active>[0m
[1;32;40mINFO - 2023-12-05 14:21:18,814 - angr.sim_manager - Stepping active of <SimulationManager with 1 active>[0m
[1;32;40mINFO - 2023-12-05 14:21:18,819 - angr.engines.engine - Ticked state: <IRSB from 0x806d970: 1 sat>[0m
[1;32;40mINFO - 2023-12-05 14:21:18,819 - angr.engines.engine - Ticked state: <IRSB from 0x806d970: 1 sat>[0m
[1;32;40mINFO - 2023-12-05 14:21:18,819 - angr.engines.engine - Ticked state: <IRSB from 0x806d970: 1 sat>[0m
[1;32;40mINFO - 2023-12-05 14:21:18,819 - angr.sim_manager - Stepping active of <SimulationManager with 1 active>[0m
[1;32;40mINFO - 2023-12-05 14:21:18,819 - angr.sim_manager - Stepping active of <SimulationManager with 1 active>[0m
[1;32;40mINFO - 2023-12-05 14:21:18,823 - angr.engines.engine - Ticked state: <IRSB from 0x805ee8a: 1 sat>[0m
[1;32;40mINFO - 2023-12-05 14:21:18,823 - angr.engines.engine - Ticked state: <IRSB from 0x805ee8a: 1 sat>[0m
[1;32;40mINFO - 2023-12-05 14:21:18,823 - angr.engines.engine - Ticked state: <IRSB from 0x805ee8a: 1 sat>[0m
[1;32;40mINFO - 2023-12-05 14:21:18,824 - angr.sim_manager - Stepping active of <SimulationManager with 1 active>[0m
[1;32;40mINFO - 2023-12-05 14:21:18,824 - angr.sim_manager - Stepping active of <SimulationManager with 1 active>[0m
[1;32;40mINFO - 2023-12-05 14:21:18,833 - angr.engines.engine - Ticked state: <IRSB from 0x806d979: 1 sat 1 unsat>[0m
[1;32;40mINFO - 2023-12-05 14:21:18,833 - angr.engines.engine - Ticked state: <IRSB from 0x806d979: 1 sat 1 unsat>[0m
[1;32;40mINFO - 2023-12-05 14:21:18,833 - angr.engines.engine - Ticked state: <IRSB from 0x806d979: 1 sat 1 unsat>[0m
[1;32;40mINFO - 2023-12-05 14:21:18,834 - angr.sim_manager - Stepping active of <SimulationManager with 1 active>[0m
[1;32;40mINFO - 2023-12-05 14:21:18,834 - angr.sim_manager - Stepping active of <SimulationManager with 1 active>[0m
[1;32;40mINFO - 2023-12-05 14:21:18,841 - angr.engines.engine - Ticked state: <IRSB from 0x806d996: 1 sat>[0m
[1;32;40mINFO - 2023-12-05 14:21:18,841 - angr.engines.engine - Ticked state: <IRSB from 0x806d996: 1 sat>[0m
[1;32;40mINFO - 2023-12-05 14:21:18,841 - angr.engines.engine - Ticked state: <IRSB from 0x806d996: 1 sat>[0m
[1;32;40mINFO - 2023-12-05 14:21:18,841 - angr.sim_manager - Stepping active of <SimulationManager with 1 active>[0m
[1;32;40mINFO - 2023-12-05 14:21:18,841 - angr.sim_manager - Stepping active of <SimulationManager with 1 active>[0m
[1;32;40mINFO - 2023-12-05 14:21:18,843 - angr.procedures.stubs.CallReturn - A factory.call_state-created path returned![0m
[1;32;40mINFO - 2023-12-05 14:21:18,843 - angr.procedures.stubs.CallReturn - A factory.call_state-created path returned![0m
[1;32;40mINFO - 2023-12-05 14:21:18,843 - angr.procedures.stubs.CallReturn - A factory.call_state-created path returned![0m
[1;32;40mINFO - 2023-12-05 14:21:18,843 - angr.procedures.stubs.CallReturn - A factory.call_state-created path returned![0m
[1;32;40mINFO - 2023-12-05 14:21:18,844 - angr.engines.engine - Ticked state: <SimProcedure CallReturn from 0x8200038: empty>[0m
[1;32;40mINFO - 2023-12-05 14:21:18,844 - angr.engines.engine - Ticked state: <SimProcedure CallReturn from 0x8200038: empty>[0m
[1;32;40mINFO - 2023-12-05 14:21:18,844 - angr.engines.engine - Ticked state: <SimProcedure CallReturn from 0x8200038: empty>[0m
[1;32;40mINFO - 2023-12-05 14:21:18,858 - angr.sim_manager - Stepping active of <SimulationManager with 1 active>[0m
[1;32;40mINFO - 2023-12-05 14:21:18,858 - angr.sim_manager - Stepping active of <SimulationManager with 1 active>[0m
[1;32;40mINFO - 2023-12-05 14:21:18,863 - angr.engines.engine - Ticked state: <IRSB from 0x806e460: 1 sat>[0m
[1;32;40mINFO - 2023-12-05 14:21:18,863 - angr.engines.engine - Ticked state: <IRSB from 0x806e460: 1 sat>[0m
[1;32;40mINFO - 2023-12-05 14:21:18,863 - angr.engines.engine - Ticked state: <IRSB from 0x806e460: 1 sat>[0m
[1;32;40mINFO - 2023-12-05 14:21:18,864 - angr.sim_manager - Stepping active of <SimulationManager with 1 active>[0m
[1;32;40mINFO - 2023-12-05 14:21:18,864 - angr.sim_manager - Stepping active of <SimulationManager with 1 active>[0m
[1;32;40mINFO - 2023-12-05 14:21:18,870 - angr.engines.engine - Ticked state: <IRSB from 0x805ee8a: 1 sat>[0m
[1;32;40mINFO - 2023-12-05 14:21:18,870 - angr.engines.engine - Ticked state: <IRSB from 0x805ee8a: 1 sat>[0m
[1;32;40mINFO - 2023-12-05 14:21:18,870 - angr.engines.engine - Ticked state: <IRSB from 0x805ee8a: 1 sat>[0m
[1;32;40mINFO - 2023-12-05 14:21:18,870 - angr.sim_manager - Stepping active of <SimulationManager with 1 active>[0m
[1;32;40mINFO - 2023-12-05 14:21:18,870 - angr.sim_manager - Stepping active of <SimulationManager with 1 active>[0m
[1;32;40mINFO - 2023-12-05 14:21:18,880 - angr.engines.engine - Ticked state: <IRSB from 0x806e469: 1 sat 1 unsat>[0m
[1;32;40mINFO - 2023-12-05 14:21:18,880 - angr.engines.engine - Ticked state: <IRSB from 0x806e469: 1 sat 1 unsat>[0m
[1;32;40mINFO - 2023-12-05 14:21:18,880 - angr.engines.engine - Ticked state: <IRSB from 0x806e469: 1 sat 1 unsat>[0m
[1;32;40mINFO - 2023-12-05 14:21:18,881 - angr.sim_manager - Stepping active of <SimulationManager with 1 active>[0m
[1;32;40mINFO - 2023-12-05 14:21:18,881 - angr.sim_manager - Stepping active of <SimulationManager with 1 active>[0m
[1;32;40mINFO - 2023-12-05 14:21:18,886 - angr.engines.engine - Ticked state: <IRSB from 0x806e494: 1 sat>[0m
[1;32;40mINFO - 2023-12-05 14:21:18,886 - angr.engines.engine - Ticked state: <IRSB from 0x806e494: 1 sat>[0m
[1;32;40mINFO - 2023-12-05 14:21:18,886 - angr.engines.engine - Ticked state: <IRSB from 0x806e494: 1 sat>[0m
[1;32;40mINFO - 2023-12-05 14:21:18,887 - angr.sim_manager - Stepping active of <SimulationManager with 1 active>[0m
[1;32;40mINFO - 2023-12-05 14:21:18,887 - angr.sim_manager - Stepping active of <SimulationManager with 1 active>[0m
[1;32;40mINFO - 2023-12-05 14:21:18,888 - angr.procedures.stubs.CallReturn - A factory.call_state-created path returned![0m
[1;32;40mINFO - 2023-12-05 14:21:18,888 - angr.procedures.stubs.CallReturn - A factory.call_state-created path returned![0m
[1;32;40mINFO - 2023-12-05 14:21:18,888 - angr.procedures.stubs.CallReturn - A factory.call_state-created path returned![0m
[1;32;40mINFO - 2023-12-05 14:21:18,888 - angr.procedures.stubs.CallReturn - A factory.call_state-created path returned![0m
[1;32;40mINFO - 2023-12-05 14:21:18,888 - angr.engines.engine - Ticked state: <SimProcedure CallReturn from 0x8200038: empty>[0m
[1;32;40mINFO - 2023-12-05 14:21:18,888 - angr.engines.engine - Ticked state: <SimProcedure CallReturn from 0x8200038: empty>[0m
[1;32;40mINFO - 2023-12-05 14:21:18,888 - angr.engines.engine - Ticked state: <SimProcedure CallReturn from 0x8200038: empty>[0m
[1;32;40mINFO - 2023-12-05 14:21:18,907 - angr.sim_manager - Stepping active of <SimulationManager with 1 active>[0m
[1;32;40mINFO - 2023-12-05 14:21:18,907 - angr.sim_manager - Stepping active of <SimulationManager with 1 active>[0m
[1;32;40mINFO - 2023-12-05 14:21:18,914 - angr.engines.engine - Ticked state: <IRSB from 0x806e4e0: 1 sat>[0m
[1;32;40mINFO - 2023-12-05 14:21:18,914 - angr.engines.engine - Ticked state: <IRSB from 0x806e4e0: 1 sat>[0m
[1;32;40mINFO - 2023-12-05 14:21:18,914 - angr.engines.engine - Ticked state: <IRSB from 0x806e4e0: 1 sat>[0m
[1;32;40mINFO - 2023-12-05 14:21:18,915 - angr.sim_manager - Stepping active of <SimulationManager with 1 active>[0m
[1;32;40mINFO - 2023-12-05 14:21:18,915 - angr.sim_manager - Stepping active of <SimulationManager with 1 active>[0m
[1;32;40mINFO - 2023-12-05 14:21:18,921 - angr.engines.engine - Ticked state: <IRSB from 0x805ee8a: 1 sat>[0m
[1;32;40mINFO - 2023-12-05 14:21:18,921 - angr.engines.engine - Ticked state: <IRSB from 0x805ee8a: 1 sat>[0m
[1;32;40mINFO - 2023-12-05 14:21:18,921 - angr.engines.engine - Ticked state: <IRSB from 0x805ee8a: 1 sat>[0m
[1;32;40mINFO - 2023-12-05 14:21:18,921 - angr.sim_manager - Stepping active of <SimulationManager with 1 active>[0m
[1;32;40mINFO - 2023-12-05 14:21:18,921 - angr.sim_manager - Stepping active of <SimulationManager with 1 active>[0m
[1;32;40mINFO - 2023-12-05 14:21:18,934 - angr.engines.engine - Ticked state: <IRSB from 0x806e4e9: 1 sat 1 unsat>[0m
[1;32;40mINFO - 2023-12-05 14:21:18,934 - angr.engines.engine - Ticked state: <IRSB from 0x806e4e9: 1 sat 1 unsat>[0m
[1;32;40mINFO - 2023-12-05 14:21:18,934 - angr.engines.engine - Ticked state: <IRSB from 0x806e4e9: 1 sat 1 unsat>[0m
[1;32;40mINFO - 2023-12-05 14:21:18,935 - angr.sim_manager - Stepping active of <SimulationManager with 1 active>[0m
[1;32;40mINFO - 2023-12-05 14:21:18,935 - angr.sim_manager - Stepping active of <SimulationManager with 1 active>[0m
[1;32;40mINFO - 2023-12-05 14:21:18,943 - angr.engines.engine - Ticked state: <IRSB from 0x806e506: 1 sat>[0m
[1;32;40mINFO - 2023-12-05 14:21:18,943 - angr.engines.engine - Ticked state: <IRSB from 0x806e506: 1 sat>[0m
[1;32;40mINFO - 2023-12-05 14:21:18,943 - angr.engines.engine - Ticked state: <IRSB from 0x806e506: 1 sat>[0m
[1;32;40mINFO - 2023-12-05 14:21:18,944 - angr.sim_manager - Stepping active of <SimulationManager with 1 active>[0m
[1;32;40mINFO - 2023-12-05 14:21:18,944 - angr.sim_manager - Stepping active of <SimulationManager with 1 active>[0m
[1;32;40mINFO - 2023-12-05 14:21:18,946 - angr.procedures.stubs.CallReturn - A factory.call_state-created path returned![0m
[1;32;40mINFO - 2023-12-05 14:21:18,946 - angr.procedures.stubs.CallReturn - A factory.call_state-created path returned![0m
[1;32;40mINFO - 2023-12-05 14:21:18,946 - angr.procedures.stubs.CallReturn - A factory.call_state-created path returned![0m
[1;32;40mINFO - 2023-12-05 14:21:18,946 - angr.procedures.stubs.CallReturn - A factory.call_state-created path returned![0m
[1;32;40mINFO - 2023-12-05 14:21:18,946 - angr.engines.engine - Ticked state: <SimProcedure CallReturn from 0x8200038: empty>[0m
[1;32;40mINFO - 2023-12-05 14:21:18,946 - angr.engines.engine - Ticked state: <SimProcedure CallReturn from 0x8200038: empty>[0m
[1;32;40mINFO - 2023-12-05 14:21:18,946 - angr.engines.engine - Ticked state: <SimProcedure CallReturn from 0x8200038: empty>[0m
[1;32;40mINFO - 2023-12-05 14:21:18,962 - angr.sim_manager - Stepping active of <SimulationManager with 1 active>[0m
[1;32;40mINFO - 2023-12-05 14:21:18,962 - angr.sim_manager - Stepping active of <SimulationManager with 1 active>[0m
[1;32;40mINFO - 2023-12-05 14:21:18,968 - angr.engines.engine - Ticked state: <IRSB from 0x806e420: 1 sat>[0m
[1;32;40mINFO - 2023-12-05 14:21:18,968 - angr.engines.engine - Ticked state: <IRSB from 0x806e420: 1 sat>[0m
[1;32;40mINFO - 2023-12-05 14:21:18,968 - angr.engines.engine - Ticked state: <IRSB from 0x806e420: 1 sat>[0m
[1;32;40mINFO - 2023-12-05 14:21:18,968 - angr.sim_manager - Stepping active of <SimulationManager with 1 active>[0m
[1;32;40mINFO - 2023-12-05 14:21:18,968 - angr.sim_manager - Stepping active of <SimulationManager with 1 active>[0m
[1;32;40mINFO - 2023-12-05 14:21:18,973 - angr.engines.engine - Ticked state: <IRSB from 0x805ee8a: 1 sat>[0m
[1;32;40mINFO - 2023-12-05 14:21:18,973 - angr.engines.engine - Ticked state: <IRSB from 0x805ee8a: 1 sat>[0m
[1;32;40mINFO - 2023-12-05 14:21:18,973 - angr.engines.engine - Ticked state: <IRSB from 0x805ee8a: 1 sat>[0m
[1;32;40mINFO - 2023-12-05 14:21:18,974 - angr.sim_manager - Stepping active of <SimulationManager with 1 active>[0m
[1;32;40mINFO - 2023-12-05 14:21:18,974 - angr.sim_manager - Stepping active of <SimulationManager with 1 active>[0m
[1;32;40mINFO - 2023-12-05 14:21:18,986 - angr.engines.engine - Ticked state: <IRSB from 0x806e429: 1 sat 1 unsat>[0m
[1;32;40mINFO - 2023-12-05 14:21:18,986 - angr.engines.engine - Ticked state: <IRSB from 0x806e429: 1 sat 1 unsat>[0m
[1;32;40mINFO - 2023-12-05 14:21:18,986 - angr.engines.engine - Ticked state: <IRSB from 0x806e429: 1 sat 1 unsat>[0m
[1;32;40mINFO - 2023-12-05 14:21:18,986 - angr.sim_manager - Stepping active of <SimulationManager with 1 active>[0m
[1;32;40mINFO - 2023-12-05 14:21:18,986 - angr.sim_manager - Stepping active of <SimulationManager with 1 active>[0m
[1;32;40mINFO - 2023-12-05 14:21:18,995 - angr.engines.engine - Ticked state: <IRSB from 0x806e446: 1 sat>[0m
[1;32;40mINFO - 2023-12-05 14:21:18,995 - angr.engines.engine - Ticked state: <IRSB from 0x806e446: 1 sat>[0m
[1;32;40mINFO - 2023-12-05 14:21:18,995 - angr.engines.engine - Ticked state: <IRSB from 0x806e446: 1 sat>[0m
[1;32;40mINFO - 2023-12-05 14:21:18,996 - angr.sim_manager - Stepping active of <SimulationManager with 1 active>[0m
[1;32;40mINFO - 2023-12-05 14:21:18,996 - angr.sim_manager - Stepping active of <SimulationManager with 1 active>[0m
[1;32;40mINFO - 2023-12-05 14:21:18,999 - angr.procedures.stubs.CallReturn - A factory.call_state-created path returned![0m
[1;32;40mINFO - 2023-12-05 14:21:18,999 - angr.procedures.stubs.CallReturn - A factory.call_state-created path returned![0m
[1;32;40mINFO - 2023-12-05 14:21:18,999 - angr.procedures.stubs.CallReturn - A factory.call_state-created path returned![0m
[1;32;40mINFO - 2023-12-05 14:21:18,999 - angr.procedures.stubs.CallReturn - A factory.call_state-created path returned![0m
[1;32;40mINFO - 2023-12-05 14:21:18,999 - angr.engines.engine - Ticked state: <SimProcedure CallReturn from 0x8200038: empty>[0m
[1;32;40mINFO - 2023-12-05 14:21:18,999 - angr.engines.engine - Ticked state: <SimProcedure CallReturn from 0x8200038: empty>[0m
[1;32;40mINFO - 2023-12-05 14:21:18,999 - angr.engines.engine - Ticked state: <SimProcedure CallReturn from 0x8200038: empty>[0m
[1;32;40mINFO - 2023-12-05 14:21:19,015 - angr.sim_manager - Stepping active of <SimulationManager with 1 active>[0m
[1;32;40mINFO - 2023-12-05 14:21:19,015 - angr.sim_manager - Stepping active of <SimulationManager with 1 active>[0m
[1;32;40mINFO - 2023-12-05 14:21:19,020 - angr.engines.engine - Ticked state: <IRSB from 0x80ac740: 1 sat>[0m
[1;32;40mINFO - 2023-12-05 14:21:19,020 - angr.engines.engine - Ticked state: <IRSB from 0x80ac740: 1 sat>[0m
[1;32;40mINFO - 2023-12-05 14:21:19,020 - angr.engines.engine - Ticked state: <IRSB from 0x80ac740: 1 sat>[0m
[1;32;40mINFO - 2023-12-05 14:21:19,020 - angr.sim_manager - Stepping active of <SimulationManager with 1 active>[0m
[1;32;40mINFO - 2023-12-05 14:21:19,020 - angr.sim_manager - Stepping active of <SimulationManager with 1 active>[0m
[1;32;40mINFO - 2023-12-05 14:21:19,024 - angr.engines.engine - Ticked state: <IRSB from 0x805ee8a: 1 sat>[0m
[1;32;40mINFO - 2023-12-05 14:21:19,024 - angr.engines.engine - Ticked state: <IRSB from 0x805ee8a: 1 sat>[0m
[1;32;40mINFO - 2023-12-05 14:21:19,024 - angr.engines.engine - Ticked state: <IRSB from 0x805ee8a: 1 sat>[0m
[1;32;40mINFO - 2023-12-05 14:21:19,024 - angr.sim_manager - Stepping active of <SimulationManager with 1 active>[0m
[1;32;40mINFO - 2023-12-05 14:21:19,024 - angr.sim_manager - Stepping active of <SimulationManager with 1 active>[0m
[1;32;40mINFO - 2023-12-05 14:21:19,035 - angr.engines.engine - Ticked state: <IRSB from 0x80ac749: 1 sat 1 unsat>[0m
[1;32;40mINFO - 2023-12-05 14:21:19,035 - angr.engines.engine - Ticked state: <IRSB from 0x80ac749: 1 sat 1 unsat>[0m
[1;32;40mINFO - 2023-12-05 14:21:19,035 - angr.engines.engine - Ticked state: <IRSB from 0x80ac749: 1 sat 1 unsat>[0m
[1;32;40mINFO - 2023-12-05 14:21:19,035 - angr.sim_manager - Stepping active of <SimulationManager with 1 active>[0m
[1;32;40mINFO - 2023-12-05 14:21:19,035 - angr.sim_manager - Stepping active of <SimulationManager with 1 active>[0m
[1;32;40mINFO - 2023-12-05 14:21:19,038 - angr.engines.engine - Ticked state: <IRSB from 0x80ac774: 1 sat>[0m
[1;32;40mINFO - 2023-12-05 14:21:19,038 - angr.engines.engine - Ticked state: <IRSB from 0x80ac774: 1 sat>[0m
[1;32;40mINFO - 2023-12-05 14:21:19,038 - angr.engines.engine - Ticked state: <IRSB from 0x80ac774: 1 sat>[0m
[1;32;40mINFO - 2023-12-05 14:21:19,038 - angr.sim_manager - Stepping active of <SimulationManager with 1 active>[0m
[1;32;40mINFO - 2023-12-05 14:21:19,038 - angr.sim_manager - Stepping active of <SimulationManager with 1 active>[0m
[1;32;40mINFO - 2023-12-05 14:21:19,039 - angr.procedures.stubs.CallReturn - A factory.call_state-created path returned![0m
[1;32;40mINFO - 2023-12-05 14:21:19,039 - angr.procedures.stubs.CallReturn - A factory.call_state-created path returned![0m
[1;32;40mINFO - 2023-12-05 14:21:19,039 - angr.procedures.stubs.CallReturn - A factory.call_state-created path returned![0m
[1;32;40mINFO - 2023-12-05 14:21:19,039 - angr.procedures.stubs.CallReturn - A factory.call_state-created path returned![0m
[1;32;40mINFO - 2023-12-05 14:21:19,039 - angr.engines.engine - Ticked state: <SimProcedure CallReturn from 0x8200038: empty>[0m
[1;32;40mINFO - 2023-12-05 14:21:19,039 - angr.engines.engine - Ticked state: <SimProcedure CallReturn from 0x8200038: empty>[0m
[1;32;40mINFO - 2023-12-05 14:21:19,039 - angr.engines.engine - Ticked state: <SimProcedure CallReturn from 0x8200038: empty>[0m
[1;32;40mINFO - 2023-12-05 14:21:19,053 - angr.sim_manager - Stepping active of <SimulationManager with 1 active>[0m
[1;32;40mINFO - 2023-12-05 14:21:19,053 - angr.sim_manager - Stepping active of <SimulationManager with 1 active>[0m
[1;32;40mINFO - 2023-12-05 14:21:19,057 - angr.engines.engine - Ticked state: <IRSB from 0x806e4a0: 1 sat>[0m
[1;32;40mINFO - 2023-12-05 14:21:19,057 - angr.engines.engine - Ticked state: <IRSB from 0x806e4a0: 1 sat>[0m
[1;32;40mINFO - 2023-12-05 14:21:19,057 - angr.engines.engine - Ticked state: <IRSB from 0x806e4a0: 1 sat>[0m
[1;32;40mINFO - 2023-12-05 14:21:19,057 - angr.sim_manager - Stepping active of <SimulationManager with 1 active>[0m
[1;32;40mINFO - 2023-12-05 14:21:19,057 - angr.sim_manager - Stepping active of <SimulationManager with 1 active>[0m
[1;32;40mINFO - 2023-12-05 14:21:19,061 - angr.engines.engine - Ticked state: <IRSB from 0x805ee8a: 1 sat>[0m
[1;32;40mINFO - 2023-12-05 14:21:19,061 - angr.engines.engine - Ticked state: <IRSB from 0x805ee8a: 1 sat>[0m
[1;32;40mINFO - 2023-12-05 14:21:19,061 - angr.engines.engine - Ticked state: <IRSB from 0x805ee8a: 1 sat>[0m
[1;32;40mINFO - 2023-12-05 14:21:19,063 - angr.sim_manager - Stepping active of <SimulationManager with 1 active>[0m
[1;32;40mINFO - 2023-12-05 14:21:19,063 - angr.sim_manager - Stepping active of <SimulationManager with 1 active>[0m
[1;32;40mINFO - 2023-12-05 14:21:19,071 - angr.engines.engine - Ticked state: <IRSB from 0x806e4a9: 1 sat 1 unsat>[0m
[1;32;40mINFO - 2023-12-05 14:21:19,071 - angr.engines.engine - Ticked state: <IRSB from 0x806e4a9: 1 sat 1 unsat>[0m
[1;32;40mINFO - 2023-12-05 14:21:19,071 - angr.engines.engine - Ticked state: <IRSB from 0x806e4a9: 1 sat 1 unsat>[0m
[1;32;40mINFO - 2023-12-05 14:21:19,071 - angr.sim_manager - Stepping active of <SimulationManager with 1 active>[0m
[1;32;40mINFO - 2023-12-05 14:21:19,071 - angr.sim_manager - Stepping active of <SimulationManager with 1 active>[0m
[1;32;40mINFO - 2023-12-05 14:21:19,079 - angr.engines.engine - Ticked state: <IRSB from 0x806e4c7: 1 sat>[0m
[1;32;40mINFO - 2023-12-05 14:21:19,079 - angr.engines.engine - Ticked state: <IRSB from 0x806e4c7: 1 sat>[0m
[1;32;40mINFO - 2023-12-05 14:21:19,079 - angr.engines.engine - Ticked state: <IRSB from 0x806e4c7: 1 sat>[0m
[1;32;40mINFO - 2023-12-05 14:21:19,080 - angr.sim_manager - Stepping active of <SimulationManager with 1 active>[0m
[1;32;40mINFO - 2023-12-05 14:21:19,080 - angr.sim_manager - Stepping active of <SimulationManager with 1 active>[0m
[1;32;40mINFO - 2023-12-05 14:21:19,082 - angr.procedures.stubs.CallReturn - A factory.call_state-created path returned![0m
[1;32;40mINFO - 2023-12-05 14:21:19,082 - angr.procedures.stubs.CallReturn - A factory.call_state-created path returned![0m
[1;32;40mINFO - 2023-12-05 14:21:19,082 - angr.procedures.stubs.CallReturn - A factory.call_state-created path returned![0m
[1;32;40mINFO - 2023-12-05 14:21:19,082 - angr.procedures.stubs.CallReturn - A factory.call_state-created path returned![0m
[1;32;40mINFO - 2023-12-05 14:21:19,082 - angr.engines.engine - Ticked state: <SimProcedure CallReturn from 0x8200038: empty>[0m
[1;32;40mINFO - 2023-12-05 14:21:19,082 - angr.engines.engine - Ticked state: <SimProcedure CallReturn from 0x8200038: empty>[0m
[1;32;40mINFO - 2023-12-05 14:21:19,082 - angr.engines.engine - Ticked state: <SimProcedure CallReturn from 0x8200038: empty>[0m
[1;32;40mINFO - 2023-12-05 14:21:19,093 - angr.sim_manager - Stepping active of <SimulationManager with 1 active>[0m
[1;32;40mINFO - 2023-12-05 14:21:19,093 - angr.sim_manager - Stepping active of <SimulationManager with 1 active>[0m
[1;32;40mINFO - 2023-12-05 14:21:19,099 - angr.engines.engine - Ticked state: <IRSB from 0x80ac670: 1 sat>[0m
[1;32;40mINFO - 2023-12-05 14:21:19,099 - angr.engines.engine - Ticked state: <IRSB from 0x80ac670: 1 sat>[0m
[1;32;40mINFO - 2023-12-05 14:21:19,099 - angr.engines.engine - Ticked state: <IRSB from 0x80ac670: 1 sat>[0m
[1;32;40mINFO - 2023-12-05 14:21:19,100 - angr.sim_manager - Stepping active of <SimulationManager with 1 active>[0m
[1;32;40mINFO - 2023-12-05 14:21:19,100 - angr.sim_manager - Stepping active of <SimulationManager with 1 active>[0m
[1;32;40mINFO - 2023-12-05 14:21:19,104 - angr.engines.engine - Ticked state: <IRSB from 0x805ee8a: 1 sat>[0m
[1;32;40mINFO - 2023-12-05 14:21:19,104 - angr.engines.engine - Ticked state: <IRSB from 0x805ee8a: 1 sat>[0m
[1;32;40mINFO - 2023-12-05 14:21:19,104 - angr.engines.engine - Ticked state: <IRSB from 0x805ee8a: 1 sat>[0m
[1;32;40mINFO - 2023-12-05 14:21:19,105 - angr.sim_manager - Stepping active of <SimulationManager with 1 active>[0m
[1;32;40mINFO - 2023-12-05 14:21:19,105 - angr.sim_manager - Stepping active of <SimulationManager with 1 active>[0m
[1;32;40mINFO - 2023-12-05 14:21:19,115 - angr.engines.engine - Ticked state: <IRSB from 0x80ac679: 1 sat 1 unsat>[0m
[1;32;40mINFO - 2023-12-05 14:21:19,115 - angr.engines.engine - Ticked state: <IRSB from 0x80ac679: 1 sat 1 unsat>[0m
[1;32;40mINFO - 2023-12-05 14:21:19,115 - angr.engines.engine - Ticked state: <IRSB from 0x80ac679: 1 sat 1 unsat>[0m
[1;32;40mINFO - 2023-12-05 14:21:19,115 - angr.sim_manager - Stepping active of <SimulationManager with 1 active>[0m
[1;32;40mINFO - 2023-12-05 14:21:19,115 - angr.sim_manager - Stepping active of <SimulationManager with 1 active>[0m
[1;32;40mINFO - 2023-12-05 14:21:19,119 - angr.engines.engine - Ticked state: <IRSB from 0x80ac6a4: 1 sat>[0m
[1;32;40mINFO - 2023-12-05 14:21:19,119 - angr.engines.engine - Ticked state: <IRSB from 0x80ac6a4: 1 sat>[0m
[1;32;40mINFO - 2023-12-05 14:21:19,119 - angr.engines.engine - Ticked state: <IRSB from 0x80ac6a4: 1 sat>[0m
[1;32;40mINFO - 2023-12-05 14:21:19,120 - angr.sim_manager - Stepping active of <SimulationManager with 1 active>[0m
[1;32;40mINFO - 2023-12-05 14:21:19,120 - angr.sim_manager - Stepping active of <SimulationManager with 1 active>[0m
[1;32;40mINFO - 2023-12-05 14:21:19,121 - angr.procedures.stubs.CallReturn - A factory.call_state-created path returned![0m
[1;32;40mINFO - 2023-12-05 14:21:19,121 - angr.procedures.stubs.CallReturn - A factory.call_state-created path returned![0m
[1;32;40mINFO - 2023-12-05 14:21:19,121 - angr.procedures.stubs.CallReturn - A factory.call_state-created path returned![0m
[1;32;40mINFO - 2023-12-05 14:21:19,121 - angr.procedures.stubs.CallReturn - A factory.call_state-created path returned![0m
[1;32;40mINFO - 2023-12-05 14:21:19,122 - angr.engines.engine - Ticked state: <SimProcedure CallReturn from 0x8200038: empty>[0m
[1;32;40mINFO - 2023-12-05 14:21:19,122 - angr.engines.engine - Ticked state: <SimProcedure CallReturn from 0x8200038: empty>[0m
[1;32;40mINFO - 2023-12-05 14:21:19,122 - angr.engines.engine - Ticked state: <SimProcedure CallReturn from 0x8200038: empty>[0m
[1;32;40mINFO - 2023-12-05 14:21:19,135 - angr.sim_manager - Stepping active of <SimulationManager with 1 active>[0m
[1;32;40mINFO - 2023-12-05 14:21:19,135 - angr.sim_manager - Stepping active of <SimulationManager with 1 active>[0m
[1;32;40mINFO - 2023-12-05 14:21:19,138 - angr.engines.engine - Ticked state: <IRSB from 0x80b1670: 1 sat>[0m
[1;32;40mINFO - 2023-12-05 14:21:19,138 - angr.engines.engine - Ticked state: <IRSB from 0x80b1670: 1 sat>[0m
[1;32;40mINFO - 2023-12-05 14:21:19,138 - angr.engines.engine - Ticked state: <IRSB from 0x80b1670: 1 sat>[0m
[1;32;40mINFO - 2023-12-05 14:21:19,138 - angr.sim_manager - Stepping active of <SimulationManager with 1 active>[0m
[1;32;40mINFO - 2023-12-05 14:21:19,138 - angr.sim_manager - Stepping active of <SimulationManager with 1 active>[0m
[1;32;40mINFO - 2023-12-05 14:21:19,142 - angr.engines.engine - Ticked state: <IRSB from 0x805ee8a: 1 sat>[0m
[1;32;40mINFO - 2023-12-05 14:21:19,142 - angr.engines.engine - Ticked state: <IRSB from 0x805ee8a: 1 sat>[0m
[1;32;40mINFO - 2023-12-05 14:21:19,142 - angr.engines.engine - Ticked state: <IRSB from 0x805ee8a: 1 sat>[0m
[1;32;40mINFO - 2023-12-05 14:21:19,143 - angr.sim_manager - Stepping active of <SimulationManager with 1 active>[0m
[1;32;40mINFO - 2023-12-05 14:21:19,143 - angr.sim_manager - Stepping active of <SimulationManager with 1 active>[0m
[1;32;40mINFO - 2023-12-05 14:21:19,155 - angr.engines.engine - Ticked state: <IRSB from 0x80b1679: 1 sat>[0m
[1;32;40mINFO - 2023-12-05 14:21:19,155 - angr.engines.engine - Ticked state: <IRSB from 0x80b1679: 1 sat>[0m
[1;32;40mINFO - 2023-12-05 14:21:19,155 - angr.engines.engine - Ticked state: <IRSB from 0x80b1679: 1 sat>[0m
[1;32;40mINFO - 2023-12-05 14:21:19,156 - angr.sim_manager - Stepping active of <SimulationManager with 1 active>[0m
[1;32;40mINFO - 2023-12-05 14:21:19,156 - angr.sim_manager - Stepping active of <SimulationManager with 1 active>[0m
[1;32;40mINFO - 2023-12-05 14:21:19,157 - angr.procedures.stubs.CallReturn - A factory.call_state-created path returned![0m
[1;32;40mINFO - 2023-12-05 14:21:19,157 - angr.procedures.stubs.CallReturn - A factory.call_state-created path returned![0m
[1;32;40mINFO - 2023-12-05 14:21:19,157 - angr.procedures.stubs.CallReturn - A factory.call_state-created path returned![0m
[1;32;40mINFO - 2023-12-05 14:21:19,157 - angr.procedures.stubs.CallReturn - A factory.call_state-created path returned![0m
[1;32;40mINFO - 2023-12-05 14:21:19,157 - angr.engines.engine - Ticked state: <SimProcedure CallReturn from 0x8200038: empty>[0m
[1;32;40mINFO - 2023-12-05 14:21:19,157 - angr.engines.engine - Ticked state: <SimProcedure CallReturn from 0x8200038: empty>[0m
[1;32;40mINFO - 2023-12-05 14:21:19,157 - angr.engines.engine - Ticked state: <SimProcedure CallReturn from 0x8200038: empty>[0m
[1;32;40mINFO - 2023-12-05 14:21:19,171 - angr.sim_manager - Stepping active of <SimulationManager with 1 active>[0m
[1;32;40mINFO - 2023-12-05 14:21:19,171 - angr.sim_manager - Stepping active of <SimulationManager with 1 active>[0m
[1;32;40mINFO - 2023-12-05 14:21:19,174 - angr.engines.engine - Ticked state: <IRSB from 0x806e520: 1 sat>[0m
[1;32;40mINFO - 2023-12-05 14:21:19,174 - angr.engines.engine - Ticked state: <IRSB from 0x806e520: 1 sat>[0m
[1;32;40mINFO - 2023-12-05 14:21:19,174 - angr.engines.engine - Ticked state: <IRSB from 0x806e520: 1 sat>[0m
[1;32;40mINFO - 2023-12-05 14:21:19,174 - angr.sim_manager - Stepping active of <SimulationManager with 1 active>[0m
[1;32;40mINFO - 2023-12-05 14:21:19,174 - angr.sim_manager - Stepping active of <SimulationManager with 1 active>[0m
[1;32;40mINFO - 2023-12-05 14:21:19,179 - angr.engines.engine - Ticked state: <IRSB from 0x805ee8a: 1 sat>[0m
[1;32;40mINFO - 2023-12-05 14:21:19,179 - angr.engines.engine - Ticked state: <IRSB from 0x805ee8a: 1 sat>[0m
[1;32;40mINFO - 2023-12-05 14:21:19,179 - angr.engines.engine - Ticked state: <IRSB from 0x805ee8a: 1 sat>[0m
[1;32;40mINFO - 2023-12-05 14:21:19,180 - angr.sim_manager - Stepping active of <SimulationManager with 1 active>[0m
[1;32;40mINFO - 2023-12-05 14:21:19,180 - angr.sim_manager - Stepping active of <SimulationManager with 1 active>[0m
[1;32;40mINFO - 2023-12-05 14:21:19,187 - angr.engines.engine - Ticked state: <IRSB from 0x806e529: 1 sat 1 unsat>[0m
[1;32;40mINFO - 2023-12-05 14:21:19,187 - angr.engines.engine - Ticked state: <IRSB from 0x806e529: 1 sat 1 unsat>[0m
[1;32;40mINFO - 2023-12-05 14:21:19,187 - angr.engines.engine - Ticked state: <IRSB from 0x806e529: 1 sat 1 unsat>[0m
[1;32;40mINFO - 2023-12-05 14:21:19,188 - angr.sim_manager - Stepping active of <SimulationManager with 1 active>[0m
[1;32;40mINFO - 2023-12-05 14:21:19,188 - angr.sim_manager - Stepping active of <SimulationManager with 1 active>[0m
[1;32;40mINFO - 2023-12-05 14:21:19,190 - angr.engines.engine - Ticked state: <IRSB from 0x806e554: 1 sat>[0m
[1;32;40mINFO - 2023-12-05 14:21:19,190 - angr.engines.engine - Ticked state: <IRSB from 0x806e554: 1 sat>[0m
[1;32;40mINFO - 2023-12-05 14:21:19,190 - angr.engines.engine - Ticked state: <IRSB from 0x806e554: 1 sat>[0m
[1;32;40mINFO - 2023-12-05 14:21:19,190 - angr.sim_manager - Stepping active of <SimulationManager with 1 active>[0m
[1;32;40mINFO - 2023-12-05 14:21:19,190 - angr.sim_manager - Stepping active of <SimulationManager with 1 active>[0m
[1;32;40mINFO - 2023-12-05 14:21:19,192 - angr.procedures.stubs.CallReturn - A factory.call_state-created path returned![0m
[1;32;40mINFO - 2023-12-05 14:21:19,192 - angr.procedures.stubs.CallReturn - A factory.call_state-created path returned![0m
[1;32;40mINFO - 2023-12-05 14:21:19,192 - angr.procedures.stubs.CallReturn - A factory.call_state-created path returned![0m
[1;32;40mINFO - 2023-12-05 14:21:19,192 - angr.procedures.stubs.CallReturn - A factory.call_state-created path returned![0m
[1;32;40mINFO - 2023-12-05 14:21:19,192 - angr.engines.engine - Ticked state: <SimProcedure CallReturn from 0x8200038: empty>[0m
[1;32;40mINFO - 2023-12-05 14:21:19,192 - angr.engines.engine - Ticked state: <SimProcedure CallReturn from 0x8200038: empty>[0m
[1;32;40mINFO - 2023-12-05 14:21:19,192 - angr.engines.engine - Ticked state: <SimProcedure CallReturn from 0x8200038: empty>[0m
[1;32;40mINFO - 2023-12-05 14:21:19,203 - angr.sim_manager - Stepping active of <SimulationManager with 1 active>[0m
[1;32;40mINFO - 2023-12-05 14:21:19,203 - angr.sim_manager - Stepping active of <SimulationManager with 1 active>[0m
[1;32;40mINFO - 2023-12-05 14:21:19,206 - angr.engines.engine - Ticked state: <IRSB from 0x806dc20: 1 sat>[0m
[1;32;40mINFO - 2023-12-05 14:21:19,206 - angr.engines.engine - Ticked state: <IRSB from 0x806dc20: 1 sat>[0m
[1;32;40mINFO - 2023-12-05 14:21:19,206 - angr.engines.engine - Ticked state: <IRSB from 0x806dc20: 1 sat>[0m
[1;32;40mINFO - 2023-12-05 14:21:19,206 - angr.sim_manager - Stepping active of <SimulationManager with 1 active>[0m
[1;32;40mINFO - 2023-12-05 14:21:19,206 - angr.sim_manager - Stepping active of <SimulationManager with 1 active>[0m
[1;32;40mINFO - 2023-12-05 14:21:19,210 - angr.engines.engine - Ticked state: <IRSB from 0x805ee8a: 1 sat>[0m
[1;32;40mINFO - 2023-12-05 14:21:19,210 - angr.engines.engine - Ticked state: <IRSB from 0x805ee8a: 1 sat>[0m
[1;32;40mINFO - 2023-12-05 14:21:19,210 - angr.engines.engine - Ticked state: <IRSB from 0x805ee8a: 1 sat>[0m
[1;32;40mINFO - 2023-12-05 14:21:19,211 - angr.sim_manager - Stepping active of <SimulationManager with 1 active>[0m
[1;32;40mINFO - 2023-12-05 14:21:19,211 - angr.sim_manager - Stepping active of <SimulationManager with 1 active>[0m
[1;32;40mINFO - 2023-12-05 14:21:19,221 - angr.engines.engine - Ticked state: <IRSB from 0x806dc29: 1 sat>[0m
[1;32;40mINFO - 2023-12-05 14:21:19,221 - angr.engines.engine - Ticked state: <IRSB from 0x806dc29: 1 sat>[0m
[1;32;40mINFO - 2023-12-05 14:21:19,221 - angr.engines.engine - Ticked state: <IRSB from 0x806dc29: 1 sat>[0m
[1;32;40mINFO - 2023-12-05 14:21:19,222 - angr.sim_manager - Stepping active of <SimulationManager with 1 active>[0m
[1;32;40mINFO - 2023-12-05 14:21:19,222 - angr.sim_manager - Stepping active of <SimulationManager with 1 active>[0m
[1;32;40mINFO - 2023-12-05 14:21:19,223 - angr.procedures.stubs.CallReturn - A factory.call_state-created path returned![0m
[1;32;40mINFO - 2023-12-05 14:21:19,223 - angr.procedures.stubs.CallReturn - A factory.call_state-created path returned![0m
[1;32;40mINFO - 2023-12-05 14:21:19,223 - angr.procedures.stubs.CallReturn - A factory.call_state-created path returned![0m
[1;32;40mINFO - 2023-12-05 14:21:19,223 - angr.procedures.stubs.CallReturn - A factory.call_state-created path returned![0m
[1;32;40mINFO - 2023-12-05 14:21:19,223 - angr.engines.engine - Ticked state: <SimProcedure CallReturn from 0x8200038: empty>[0m
[1;32;40mINFO - 2023-12-05 14:21:19,223 - angr.engines.engine - Ticked state: <SimProcedure CallReturn from 0x8200038: empty>[0m
[1;32;40mINFO - 2023-12-05 14:21:19,223 - angr.engines.engine - Ticked state: <SimProcedure CallReturn from 0x8200038: empty>[0m
[1;32;40mINFO - 2023-12-05 14:21:19,235 - angr.sim_manager - Stepping active of <SimulationManager with 1 active>[0m
[1;32;40mINFO - 2023-12-05 14:21:19,235 - angr.sim_manager - Stepping active of <SimulationManager with 1 active>[0m
[1;32;40mINFO - 2023-12-05 14:21:19,238 - angr.engines.engine - Ticked state: <IRSB from 0x806d9b0: 1 sat>[0m
[1;32;40mINFO - 2023-12-05 14:21:19,238 - angr.engines.engine - Ticked state: <IRSB from 0x806d9b0: 1 sat>[0m
[1;32;40mINFO - 2023-12-05 14:21:19,238 - angr.engines.engine - Ticked state: <IRSB from 0x806d9b0: 1 sat>[0m
[1;32;40mINFO - 2023-12-05 14:21:19,239 - angr.sim_manager - Stepping active of <SimulationManager with 1 active>[0m
[1;32;40mINFO - 2023-12-05 14:21:19,239 - angr.sim_manager - Stepping active of <SimulationManager with 1 active>[0m
[1;32;40mINFO - 2023-12-05 14:21:19,242 - angr.engines.engine - Ticked state: <IRSB from 0x805ee8a: 1 sat>[0m
[1;32;40mINFO - 2023-12-05 14:21:19,242 - angr.engines.engine - Ticked state: <IRSB from 0x805ee8a: 1 sat>[0m
[1;32;40mINFO - 2023-12-05 14:21:19,242 - angr.engines.engine - Ticked state: <IRSB from 0x805ee8a: 1 sat>[0m
[1;32;40mINFO - 2023-12-05 14:21:19,243 - angr.sim_manager - Stepping active of <SimulationManager with 1 active>[0m
[1;32;40mINFO - 2023-12-05 14:21:19,243 - angr.sim_manager - Stepping active of <SimulationManager with 1 active>[0m
[1;32;40mINFO - 2023-12-05 14:21:19,251 - angr.engines.engine - Ticked state: <IRSB from 0x806d9b9: 1 sat 1 unsat>[0m
[1;32;40mINFO - 2023-12-05 14:21:19,251 - angr.engines.engine - Ticked state: <IRSB from 0x806d9b9: 1 sat 1 unsat>[0m
[1;32;40mINFO - 2023-12-05 14:21:19,251 - angr.engines.engine - Ticked state: <IRSB from 0x806d9b9: 1 sat 1 unsat>[0m
[1;32;40mINFO - 2023-12-05 14:21:19,252 - angr.sim_manager - Stepping active of <SimulationManager with 1 active>[0m
[1;32;40mINFO - 2023-12-05 14:21:19,252 - angr.sim_manager - Stepping active of <SimulationManager with 1 active>[0m
[1;32;40mINFO - 2023-12-05 14:21:19,258 - angr.engines.engine - Ticked state: <IRSB from 0x806d9d7: 1 sat>[0m
[1;32;40mINFO - 2023-12-05 14:21:19,258 - angr.engines.engine - Ticked state: <IRSB from 0x806d9d7: 1 sat>[0m
[1;32;40mINFO - 2023-12-05 14:21:19,258 - angr.engines.engine - Ticked state: <IRSB from 0x806d9d7: 1 sat>[0m
[1;32;40mINFO - 2023-12-05 14:21:19,259 - angr.sim_manager - Stepping active of <SimulationManager with 1 active>[0m
[1;32;40mINFO - 2023-12-05 14:21:19,259 - angr.sim_manager - Stepping active of <SimulationManager with 1 active>[0m
[1;32;40mINFO - 2023-12-05 14:21:19,261 - angr.procedures.stubs.CallReturn - A factory.call_state-created path returned![0m
[1;32;40mINFO - 2023-12-05 14:21:19,261 - angr.procedures.stubs.CallReturn - A factory.call_state-created path returned![0m
[1;32;40mINFO - 2023-12-05 14:21:19,261 - angr.procedures.stubs.CallReturn - A factory.call_state-created path returned![0m
[1;32;40mINFO - 2023-12-05 14:21:19,261 - angr.procedures.stubs.CallReturn - A factory.call_state-created path returned![0m
[1;32;40mINFO - 2023-12-05 14:21:19,261 - angr.engines.engine - Ticked state: <SimProcedure CallReturn from 0x8200038: empty>[0m
[1;32;40mINFO - 2023-12-05 14:21:19,261 - angr.engines.engine - Ticked state: <SimProcedure CallReturn from 0x8200038: empty>[0m
[1;32;40mINFO - 2023-12-05 14:21:19,261 - angr.engines.engine - Ticked state: <SimProcedure CallReturn from 0x8200038: empty>[0m
