[1;33;40mWARNING - 2023-01-04 10:29:14,909 - [34mangr.project[0m - [34mDisabling IRSB translation cache because support for self-modifying code is enabled.[0m[0m
[1;32;40mINFO - 2023-01-04 10:29:14,961 - [33mwerkzeug[0m - [33m172.17.0.1 - - [04/Jan/2023 10:29:14] "GET /iteration-scdg HTTP/1.1" 200 -[0m[0m
[1;32;40mINFO - 2023-01-04 10:29:14,963 - [33mwerkzeug[0m - [33m172.17.0.1 - - [04/Jan/2023 10:29:14] "GET /progress-scdg HTTP/1.1" 200 -[0m[0m
[1;33;40mWARNING - 2023-01-04 10:29:15,191 - [31mpyvex.lifting.gym.x86_spotter[0m - [31mThe generalized AAM instruction is not supported by VEX, and is handled specially by pyvex. It has no flag handling at present.  See pyvex/lifting/gym/x86_spotter.py for details[0m[0m
[1;32;40mINFO - 2023-01-04 10:29:17,565 - [33mwerkzeug[0m - [33m172.17.0.1 - - [04/Jan/2023 10:29:17] "GET /iteration-scdg HTTP/1.1" 200 -[0m[0m
[1;32;40mINFO - 2023-01-04 10:29:17,566 - [33mwerkzeug[0m - [33m172.17.0.1 - - [04/Jan/2023 10:29:17] "GET /progress-scdg HTTP/1.1" 200 -[0m[0m
[1;32;40mINFO - 2023-01-04 10:29:18,179 - [33mwerkzeug[0m - [33m172.17.0.1 - - [04/Jan/2023 10:29:18] "GET /iteration-scdg HTTP/1.1" 200 -[0m[0m
[1;32;40mINFO - 2023-01-04 10:29:18,200 - [33mwerkzeug[0m - [33m172.17.0.1 - - [04/Jan/2023 10:29:18] "GET /progress-scdg HTTP/1.1" 200 -[0m[0m
[1;32;40mINFO - 2023-01-04 10:29:19,691 - [36mCustomSimProcedure[0m - {'SuspendThread': 269484032, 'ResumeThread': 269484036, 'lstrlenA': 269484040, 'lstrcpyA': 269484044, 'lstrcmpiA': 269484048, 'InitializeCriticalSection': 269484052, 'VirtualFree': 269484056, 'LeaveCriticalSection': 269484060, 'VirtualAlloc': 269484064, 'GetTickCount': 269484068, 'GetLastError': 269484072, 'InterlockedExchange': 269484076, 'GetProcAddress': 269484080, 'GetModuleHandleA': 269484084, 'MultiByteToWideChar': 269484088, 'FreeLibrary': 269484092, 'WideCharToMultiByte': 269484096, 'lstrcmpA': 269484100, 'GetPrivateProfileStringA': 269484104, 'GetPrivateProfileSectionNamesA': 269484108, 'GetVersionExA': 269484112, 'ExpandEnvironmentStringsA': 269484116, 'lstrcatA': 269484120, 'Thread32Next': 269484124, 'VirtualQuery': 269484128, 'OpenThread': 269484132, 'Thread32First': 269484136, 'GetCurrentProcessId': 269484140, 'GetCurrentThreadId': 269484144, 'GetSystemDirectoryA': 269484148, 'SetEnvironmentVariableA': 269484152, 'GetTempPathA': 269484156, 'GetLongPathNameA': 269484160, 'GetModuleFileNameA': 269484164, 'Sleep': 269484168, 'LocalFree': 269484172, 'LocalReAlloc': 269484176, 'LocalAlloc': 269484180, 'GetTempFileNameA': 269484184, 'GetLocalTime': 269484188, 'GlobalUnlock': 269484192, 'GlobalLock': 269484196, 'GlobalSize': 269484200, 'HeapFree': 269484204, 'GetProcessHeap': 269484208, 'MapViewOfFile': 269484212, 'CreateFileMappingA': 269484216, 'HeapAlloc': 269484220, 'SetUnhandledExceptionFilter': 269484224, 'FormatMessageA': 269484228, 'IsBadWritePtr': 269484232, 'LocalSize': 269484236, 'GlobalFree': 269484240, 'GlobalAlloc': 269484244, 'InterlockedDecrement': 269484248, 'InterlockedIncrement': 269484252, 'ExitProcess': 269484256, 'GetExitCodeProcess': 269484260, 'GetSystemInfo': 269484264, 'GetProcessTimes': 269484268, 'GlobalMemoryStatusEx': 269484272, 'DeleteFileA': 269484276, 'RemoveDirectoryA': 269484280, 'ExitThread': 269484284, 'FreeLibraryAndExitThread': 269484288, 'IsBadReadPtr': 269484292, 'IsBadStringPtrW': 269484296, 'RaiseException': 269484300, 'GetCurrentProcess': 269484304, 'CloseHandle': 269484308, 'LoadLibraryA': 269484312, 'wsprintfA': 269484316, 'wvsprintfA': 269484320, 'BlockInput': 269484324, 'LoadCursorA': 269484328, 'DestroyCursor': 269484332, 'ShowWindow': 269484336, 'FindWindowA': 269484340, 'DestroyWindow': 269484344, 'CreateWindowExA': 269484348, 'CloseWindowStation': 269484352, 'GetCursorInfo': 269484356, 'MessageBoxA': 269484360, 'RegOpenKeyExW': 269484364, 'CoCreateInstance': 269484368, 'CoTaskMemFree': 269484372, 'CoUninitialize': 269484376, 'CoInitialize': 269484380, 'SysFreeString': 269484384, 'ICGetInfo': 269484388, '_adjust_fdiv': 269484392, '_initterm': 269484396, '_onexit': 269484400, '__dllonexit': 269484404, '??1type_info@@UAE@XZ': 269484408, '_wcsicmp': 269484412, '_memicmp': 269484416, '_strupr': 269484420, '_itoa': 269484424, '_strlwr': 269484428, 'wcsrchr': 269484432, 'wcslen': 269484436, '_beginthreadex': 269484440, 'wcstombs': 269484444, 'atoi': 269484448, 'strncat': 269484452, 'strchr': 269484456, '??2@YAPAXI@Z': 269484460, '??3@YAXPAX@Z': 269484464, '__CxxFrameHandler': 269484468, 'memmove': 269484472, 'ceil': 269484476, '_ftol': 269484480, 'strstr': 269484484, 'strncpy': 269484488, '_CxxThrowException': 269484492, '_except_handler3': 269484496, 'toupper': 269484500, 'tolower': 269484504, 'rand': 269484508, 'srand': 269484512, 'free': 269484516, 'malloc': 269484520, 'strrchr': 269484524, 'FreeTest': 268496064, 'KiUserExceptionDispatcher': 270536724, '_fmode': 270536728, '_commode': 270536732, '_acmdln': 270536736, '_wcmdln': 270536740}[0m
[1;33;40mWARNING - 2023-01-04 10:29:19,705 - [34mangr.project[0m - [34mAddress is already hooked, during hook(0x10100158, <SimProcedure CoUninitialize>). Not re-hooking.[0m[0m
[1;33;40mWARNING - 2023-01-04 10:29:19,705 - [34mangr.project[0m - [34mAddress is already hooked, during hook(0x1010015c, <SimProcedure CoInitialize>). Not re-hooking.[0m[0m
[1;33;40mWARNING - 2023-01-04 10:29:19,706 - [34mangr.project[0m - [34mAddress is already hooked, during hook(0x10100154, <SimProcedure CoTaskMemFree>). Not re-hooking.[0m[0m
[1;32;40mINFO - 2023-01-04 10:29:19,721 - [36mCustomSimProcedure[0m - [36mWas in angr :user32.dll[0m[0m
[1;33;40mWARNING - 2023-01-04 10:29:19,723 - [36mCustomSimProcedure[0m - [36mProcedure wsprintfA in DLL user32.dll has 3 arguments in json and 2 arguments in angr prototype. Taking number of arguments from json.[0m[0m
[1;33;40mWARNING - 2023-01-04 10:29:19,724 - [36mCustomSimProcedure[0m - [36mProcedure wsprintfW in DLL user32.dll has 3 arguments in json and 2 arguments in angr prototype. Taking number of arguments from json.[0m[0m
[1;32;40mINFO - 2023-01-04 10:29:19,767 - [36mCustomSimProcedure[0m - [36mWas in angr :kernel32.dll[0m[0m
[1;32;40mINFO - 2023-01-04 10:29:19,889 - [36mCustomSimProcedure[0m - [36mWas in angr :advapi32.dll[0m[0m
[1;32;40mINFO - 2023-01-04 10:29:19,916 - [36mCustomSimProcedure[0m - [36mWas in angr :msvcrt.dll[0m[0m
[1;33;40mWARNING - 2023-01-04 10:29:19,954 - [34mangr.project[0m - [34mAddress is already hooked, during hook(0x1010002c, <SimProcedure InterlockedExchange>). Not re-hooking.[0m[0m
[1;33;40mWARNING - 2023-01-04 10:29:19,954 - [34mangr.project[0m - [34mAddress is already hooked, during hook(0x101000d8, <SimProcedure InterlockedDecrement>). Not re-hooking.[0m[0m
[1;33;40mWARNING - 2023-01-04 10:29:19,954 - [34mangr.project[0m - [34mAddress is already hooked, during hook(0x101000dc, <SimProcedure InterlockedIncrement>). Not re-hooking.[0m[0m
[1;33;40mWARNING - 2023-01-04 10:29:19,954 - [34mangr.project[0m - [34mAddress is already hooked, during hook(0x10201014, <SimProcedure KiUserExceptionDispatcher>). Not re-hooking.[0m[0m
[1;32;40mINFO - 2023-01-04 10:29:19,954 - [36mCustomSimProcedure[0m - [36mNo hooks for: {'ICGetInfo': 269484388, '_adjust_fdiv': 269484392, '_initterm': 269484396, '__dllonexit': 269484404, '??1type_info@@UAE@XZ': 269484408, '_beginthreadex': 269484440, '??2@YAPAXI@Z': 269484460, '??3@YAXPAX@Z': 269484464, '__CxxFrameHandler': 269484468, 'ceil': 269484476, '_ftol': 269484480, '_CxxThrowException': 269484492, '_except_handler3': 269484496, 'FreeTest': 268496064, '_fmode': 270536728, '_commode': 270536732, '_acmdln': 270536736, '_wcmdln': 270536740}[0m[0m
[1;32;40mINFO - 2023-01-04 10:29:19,955 - [36mCustomSimProcedure[0m - [36mcustom_hook_static[0m[0m
[1;33;40mWARNING - 2023-01-04 10:29:19,955 - [34mangr.project[0m - [34mAddress is already hooked, during hook(0x10000000, <SimProcedure GetTickCount>). Not re-hooking.[0m[0m
[1;33;40mWARNING - 2023-01-04 10:29:19,955 - [34mangr.project[0m - [34mAddress is already hooked, during hook(0x10000000, <SimProcedure InterlockedExchange>). Not re-hooking.[0m[0m
[1;33;40mWARNING - 2023-01-04 10:29:19,955 - [34mangr.project[0m - [34mAddress is already hooked, during hook(0x10000000, <SimProcedure GetCurrentProcessId>). Not re-hooking.[0m[0m
[1;33;40mWARNING - 2023-01-04 10:29:19,955 - [34mangr.project[0m - [34mAddress is already hooked, during hook(0x10000000, <SimProcedure GetCurrentThreadId>). Not re-hooking.[0m[0m
[1;33;40mWARNING - 2023-01-04 10:29:19,955 - [34mangr.project[0m - [34mAddress is already hooked, during hook(0x10000000, <SimProcedure GetTempPathA>). Not re-hooking.[0m[0m
[1;33;40mWARNING - 2023-01-04 10:29:19,956 - [34mangr.project[0m - [34mAddress is already hooked, during hook(0x10000000, <SimProcedure GetLocalTime>). Not re-hooking.[0m[0m
[1;33;40mWARNING - 2023-01-04 10:29:19,956 - [34mangr.project[0m - [34mAddress is already hooked, during hook(0x10000000, <SimProcedure HeapFree>). Not re-hooking.[0m[0m
[1;33;40mWARNING - 2023-01-04 10:29:19,956 - [34mangr.project[0m - [34mAddress is already hooked, during hook(0x10000000, <SimProcedure GetProcessHeap>). Not re-hooking.[0m[0m
[1;33;40mWARNING - 2023-01-04 10:29:19,956 - [34mangr.project[0m - [34mAddress is already hooked, during hook(0x10000000, <SimProcedure HeapAlloc>). Not re-hooking.[0m[0m
[1;33;40mWARNING - 2023-01-04 10:29:19,956 - [34mangr.project[0m - [34mAddress is already hooked, during hook(0x10000000, <SimProcedure IsBadWritePtr>). Not re-hooking.[0m[0m
[1;33;40mWARNING - 2023-01-04 10:29:19,956 - [34mangr.project[0m - [34mAddress is already hooked, during hook(0x10000000, <SimProcedure GlobalAlloc>). Not re-hooking.[0m[0m
[1;33;40mWARNING - 2023-01-04 10:29:19,956 - [34mangr.project[0m - [34mAddress is already hooked, during hook(0x10000000, <SimProcedure ExitProcess>). Not re-hooking.[0m[0m
[1;33;40mWARNING - 2023-01-04 10:29:19,956 - [34mangr.project[0m - [34mAddress is already hooked, during hook(0x10000000, <SimProcedure IsBadReadPtr>). Not re-hooking.[0m[0m
[1;33;40mWARNING - 2023-01-04 10:29:19,957 - [34mangr.project[0m - [34mAddress is already hooked, during hook(0x10000000, <SimProcedure MessageBoxA>). Not re-hooking.[0m[0m
[1;33;40mWARNING - 2023-01-04 10:29:19,957 - [34mangr.project[0m - [34mAddress is already hooked, during hook(0x10000000, <SimProcedure _initterm>). Not re-hooking.[0m[0m
[1;33;40mWARNING - 2023-01-04 10:29:19,957 - [34mangr.project[0m - [34mAddress is already hooked, during hook(0x10000000, <SimProcedure atoi>). Not re-hooking.[0m[0m
[1;33;40mWARNING - 2023-01-04 10:29:19,957 - [34mangr.project[0m - [34mAddress is already hooked, during hook(0x10000000, <SimProcedure strncat>). Not re-hooking.[0m[0m
[1;33;40mWARNING - 2023-01-04 10:29:19,957 - [34mangr.project[0m - [34mAddress is already hooked, during hook(0x10000000, <SimProcedure strchr>). Not re-hooking.[0m[0m
[1;33;40mWARNING - 2023-01-04 10:29:19,957 - [34mangr.project[0m - [34mAddress is already hooked, during hook(0x10000000, <SimProcedure strstr>). Not re-hooking.[0m[0m
[1;33;40mWARNING - 2023-01-04 10:29:19,957 - [34mangr.project[0m - [34mAddress is already hooked, during hook(0x10000000, <SimProcedure strncpy>). Not re-hooking.[0m[0m
[1;33;40mWARNING - 2023-01-04 10:29:19,957 - [34mangr.project[0m - [34mAddress is already hooked, during hook(0x10000000, <SimProcedure toupper>). Not re-hooking.[0m[0m
[1;33;40mWARNING - 2023-01-04 10:29:19,958 - [34mangr.project[0m - [34mAddress is already hooked, during hook(0x10000000, <SimProcedure tolower>). Not re-hooking.[0m[0m
[1;33;40mWARNING - 2023-01-04 10:29:19,958 - [34mangr.project[0m - [34mAddress is already hooked, during hook(0x10000000, <SimProcedure rand>). Not re-hooking.[0m[0m
[1;33;40mWARNING - 2023-01-04 10:29:19,958 - [34mangr.project[0m - [34mAddress is already hooked, during hook(0x10000000, <SimProcedure srand>). Not re-hooking.[0m[0m
[1;33;40mWARNING - 2023-01-04 10:29:19,958 - [34mangr.project[0m - [34mAddress is already hooked, during hook(0x10000000, <SimProcedure free>). Not re-hooking.[0m[0m
[1;33;40mWARNING - 2023-01-04 10:29:19,958 - [34mangr.project[0m - [34mAddress is already hooked, during hook(0x10000000, <SimProcedure malloc>). Not re-hooking.[0m[0m
[1;33;40mWARNING - 2023-01-04 10:29:19,958 - [34mangr.project[0m - [34mAddress is already hooked, during hook(0x10100020, <SimProcedure VirtualAlloc>). Not re-hooking.[0m[0m
[1;33;40mWARNING - 2023-01-04 10:29:19,958 - [34mangr.project[0m - [34mAddress is already hooked, during hook(0x10100024, <SimProcedure GetTickCount>). Not re-hooking.[0m[0m
[1;33;40mWARNING - 2023-01-04 10:29:19,958 - [34mangr.project[0m - [34mAddress is already hooked, during hook(0x1010002c, <SimProcedure InterlockedExchange>). Not re-hooking.[0m[0m
[1;33;40mWARNING - 2023-01-04 10:29:19,959 - [34mangr.project[0m - [34mAddress is already hooked, during hook(0x1010006c, <SimProcedure GetCurrentProcessId>). Not re-hooking.[0m[0m
[1;33;40mWARNING - 2023-01-04 10:29:19,959 - [34mangr.project[0m - [34mAddress is already hooked, during hook(0x10100070, <SimProcedure GetCurrentThreadId>). Not re-hooking.[0m[0m
[1;33;40mWARNING - 2023-01-04 10:29:19,959 - [34mangr.project[0m - [34mAddress is already hooked, during hook(0x1010007c, <SimProcedure GetTempPathA>). Not re-hooking.[0m[0m
[1;33;40mWARNING - 2023-01-04 10:29:19,959 - [34mangr.project[0m - [34mAddress is already hooked, during hook(0x1010009c, <SimProcedure GetLocalTime>). Not re-hooking.[0m[0m
[1;33;40mWARNING - 2023-01-04 10:29:19,959 - [34mangr.project[0m - [34mAddress is already hooked, during hook(0x101000ac, <SimProcedure HeapFree>). Not re-hooking.[0m[0m
[1;33;40mWARNING - 2023-01-04 10:29:19,959 - [34mangr.project[0m - [34mAddress is already hooked, during hook(0x101000b0, <SimProcedure GetProcessHeap>). Not re-hooking.[0m[0m
[1;33;40mWARNING - 2023-01-04 10:29:19,959 - [34mangr.project[0m - [34mAddress is already hooked, during hook(0x101000bc, <SimProcedure HeapAlloc>). Not re-hooking.[0m[0m
[1;33;40mWARNING - 2023-01-04 10:29:19,960 - [34mangr.project[0m - [34mAddress is already hooked, during hook(0x101000c8, <SimProcedure IsBadWritePtr>). Not re-hooking.[0m[0m
[1;33;40mWARNING - 2023-01-04 10:29:19,960 - [34mangr.project[0m - [34mAddress is already hooked, during hook(0x101000d4, <SimProcedure GlobalAlloc>). Not re-hooking.[0m[0m
[1;33;40mWARNING - 2023-01-04 10:29:19,960 - [34mangr.project[0m - [34mAddress is already hooked, during hook(0x101000e0, <SimProcedure ExitProcess>). Not re-hooking.[0m[0m
[1;33;40mWARNING - 2023-01-04 10:29:19,960 - [34mangr.project[0m - [34mAddress is already hooked, during hook(0x10100104, <SimProcedure IsBadReadPtr>). Not re-hooking.[0m[0m
[1;33;40mWARNING - 2023-01-04 10:29:19,960 - [34mangr.project[0m - [34mAddress is already hooked, during hook(0x10100148, <SimProcedure MessageBoxA>). Not re-hooking.[0m[0m
[1;33;40mWARNING - 2023-01-04 10:29:19,960 - [34mangr.project[0m - [34mAddress is already hooked, during hook(0x1010016c, <SimProcedure _initterm>). Not re-hooking.[0m[0m
[1;33;40mWARNING - 2023-01-04 10:29:19,960 - [34mangr.project[0m - [34mAddress is already hooked, during hook(0x101001a0, <SimProcedure atoi>). Not re-hooking.[0m[0m
[1;33;40mWARNING - 2023-01-04 10:29:19,960 - [34mangr.project[0m - [34mAddress is already hooked, during hook(0x101001a4, <SimProcedure strncat>). Not re-hooking.[0m[0m
[1;33;40mWARNING - 2023-01-04 10:29:19,960 - [34mangr.project[0m - [34mAddress is already hooked, during hook(0x101001a8, <SimProcedure strchr>). Not re-hooking.[0m[0m
[1;33;40mWARNING - 2023-01-04 10:29:19,961 - [34mangr.project[0m - [34mAddress is already hooked, during hook(0x101001c4, <SimProcedure strstr>). Not re-hooking.[0m[0m
[1;33;40mWARNING - 2023-01-04 10:29:19,961 - [34mangr.project[0m - [34mAddress is already hooked, during hook(0x101001c8, <SimProcedure strncpy>). Not re-hooking.[0m[0m
[1;33;40mWARNING - 2023-01-04 10:29:19,961 - [34mangr.project[0m - [34mAddress is already hooked, during hook(0x101001d4, <SimProcedure toupper>). Not re-hooking.[0m[0m
[1;33;40mWARNING - 2023-01-04 10:29:19,961 - [34mangr.project[0m - [34mAddress is already hooked, during hook(0x101001d8, <SimProcedure tolower>). Not re-hooking.[0m[0m
[1;33;40mWARNING - 2023-01-04 10:29:19,961 - [34mangr.project[0m - [34mAddress is already hooked, during hook(0x101001dc, <SimProcedure rand>). Not re-hooking.[0m[0m
[1;33;40mWARNING - 2023-01-04 10:29:19,961 - [34mangr.project[0m - [34mAddress is already hooked, during hook(0x101001e0, <SimProcedure srand>). Not re-hooking.[0m[0m
[1;33;40mWARNING - 2023-01-04 10:29:19,962 - [34mangr.project[0m - [34mAddress is already hooked, during hook(0x101001e4, <SimProcedure free>). Not re-hooking.[0m[0m
[1;32;40mINFO - 2023-01-04 10:29:19,962 - [33mwerkzeug[0m - [33m172.17.0.1 - - [04/Jan/2023 10:29:19] "GET /iteration-scdg HTTP/1.1" 200 -[0m[0m
[1;33;40mWARNING - 2023-01-04 10:29:19,963 - [34mangr.project[0m - [34mAddress is already hooked, during hook(0x101001e8, <SimProcedure malloc>). Not re-hooking.[0m[0m
[1;32;40mINFO - 2023-01-04 10:29:19,963 - [33mwerkzeug[0m - [33m172.17.0.1 - - [04/Jan/2023 10:29:19] "GET /progress-scdg HTTP/1.1" 200 -[0m[0m
[1;33;40mWARNING - 2023-01-04 10:29:19,964 - [34mangr.project[0m - [34mAddress is already hooked, during hook(0x10201014, <SimProcedure KiUserExceptionDispatcher>). Not re-hooking.[0m[0m
[1;32;40mINFO - 2023-01-04 10:29:19,964 - [36mCustomSimProcedure[0m - [36mcustom_hook_windows_symbols[0m[0m
[1;33;40mWARNING - 2023-01-04 10:29:20,043 - [34mangr.project[0m - [34mAddress is already hooked, during hook(0x10100158, <SimProcedure CoUninitialize>). Re-hooking.[0m[0m
[1;33;40mWARNING - 2023-01-04 10:29:20,045 - [34mangr.project[0m - [34mAddress is already hooked, during hook(0x10100158, <SimProcedure CoUninitialize>). Re-hooking.[0m[0m
[1;33;40mWARNING - 2023-01-04 10:29:20,416 - [34mangr.project[0m - [34mAddress is already hooked, during hook(0x1010015c, <SimProcedure CoInitialize>). Re-hooking.[0m[0m
[1;33;40mWARNING - 2023-01-04 10:29:20,417 - [34mangr.project[0m - [34mAddress is already hooked, during hook(0x1010015c, <SimProcedure CoInitialize>). Re-hooking.[0m[0m
[1;33;40mWARNING - 2023-01-04 10:29:20,424 - [34mangr.project[0m - [34mAddress is already hooked, during hook(0x10100154, <SimProcedure CoTaskMemFree>). Re-hooking.[0m[0m
[1;33;40mWARNING - 2023-01-04 10:29:20,426 - [34mangr.project[0m - [34mAddress is already hooked, during hook(0x10100154, <SimProcedure CoTaskMemFree>). Re-hooking.[0m[0m
[1;33;40mWARNING - 2023-01-04 10:29:20,434 - [34mangr.project[0m - [34mAddress is already hooked, during hook(0x10100158, <SimProcedure CoUninitialize>). Re-hooking.[0m[0m
[1;33;40mWARNING - 2023-01-04 10:29:20,436 - [34mangr.project[0m - [34mAddress is already hooked, during hook(0x10100158, <SimProcedure CoUninitialize>). Re-hooking.[0m[0m
[1;33;40mWARNING - 2023-01-04 10:29:20,891 - [34mangr.project[0m - [34mAddress is already hooked, during hook(0x10100154, <SimProcedure CoTaskMemFree>). Re-hooking.[0m[0m
[1;33;40mWARNING - 2023-01-04 10:29:20,892 - [34mangr.project[0m - [34mAddress is already hooked, during hook(0x10100154, <SimProcedure CoTaskMemFree>). Re-hooking.[0m[0m
[1;33;40mWARNING - 2023-01-04 10:29:20,906 - [34mangr.project[0m - [34mAddress is already hooked, during hook(0x1010015c, <SimProcedure CoInitialize>). Re-hooking.[0m[0m
[1;33;40mWARNING - 2023-01-04 10:29:20,907 - [34mangr.project[0m - [34mAddress is already hooked, during hook(0x1010015c, <SimProcedure CoInitialize>). Re-hooking.[0m[0m
[1;33;40mWARNING - 2023-01-04 10:29:21,285 - [34mangr.project[0m - [34mAddress is already hooked, during hook(0x10100138, <SimProcedure DestroyWindow>). Re-hooking.[0m[0m
[1;33;40mWARNING - 2023-01-04 10:29:21,286 - [34mangr.project[0m - [34mAddress is already hooked, during hook(0x10100138, <SimProcedure DestroyWindow>). Re-hooking.[0m[0m
[1;33;40mWARNING - 2023-01-04 10:29:21,521 - [34mangr.project[0m - [34mAddress is already hooked, during hook(0x10100140, <SimProcedure CloseWindowStation>). Re-hooking.[0m[0m
[1;33;40mWARNING - 2023-01-04 10:29:21,523 - [34mangr.project[0m - [34mAddress is already hooked, during hook(0x10100140, <SimProcedure CloseWindowStation>). Re-hooking.[0m[0m
[1;33;40mWARNING - 2023-01-04 10:29:21,581 - [34mangr.project[0m - [34mAddress is already hooked, during hook(0x1010013c, <SimProcedure CreateWindowExA>). Re-hooking.[0m[0m
[1;33;40mWARNING - 2023-01-04 10:29:21,583 - [34mangr.project[0m - [34mAddress is already hooked, during hook(0x1010013c, <SimProcedure CreateWindowExA>). Re-hooking.[0m[0m
[1;33;40mWARNING - 2023-01-04 10:29:21,704 - [34mangr.project[0m - [34mAddress is already hooked, during hook(0x1010012c, <SimProcedure DestroyCursor>). Re-hooking.[0m[0m
[1;33;40mWARNING - 2023-01-04 10:29:21,705 - [34mangr.project[0m - [34mAddress is already hooked, during hook(0x1010012c, <SimProcedure DestroyCursor>). Re-hooking.[0m[0m
[1;33;40mWARNING - 2023-01-04 10:29:21,712 - [34mangr.project[0m - [34mAddress is already hooked, during hook(0x10100138, <SimProcedure DestroyWindow>). Re-hooking.[0m[0m
[1;33;40mWARNING - 2023-01-04 10:29:21,713 - [34mangr.project[0m - [34mAddress is already hooked, during hook(0x10100138, <SimProcedure DestroyWindow>). Re-hooking.[0m[0m
[1;33;40mWARNING - 2023-01-04 10:29:21,870 - [34mangr.project[0m - [34mAddress is already hooked, during hook(0x10100134, <SimProcedure FindWindowA>). Re-hooking.[0m[0m
[1;33;40mWARNING - 2023-01-04 10:29:21,871 - [34mangr.project[0m - [34mAddress is already hooked, during hook(0x10100134, <SimProcedure FindWindowA>). Re-hooking.[0m[0m
[1;33;40mWARNING - 2023-01-04 10:29:21,964 - [34mangr.project[0m - [34mAddress is already hooked, during hook(0x10100144, <SimProcedure GetCursorInfo>). Re-hooking.[0m[0m
[1;33;40mWARNING - 2023-01-04 10:29:21,966 - [34mangr.project[0m - [34mAddress is already hooked, during hook(0x10100144, <SimProcedure GetCursorInfo>). Re-hooking.[0m[0m
[1;32;40mINFO - 2023-01-04 10:29:21,972 - [33mwerkzeug[0m - [33m172.17.0.1 - - [04/Jan/2023 10:29:21] "GET /iteration-scdg HTTP/1.1" 200 -[0m[0m
[1;32;40mINFO - 2023-01-04 10:29:21,983 - [33mwerkzeug[0m - [33m172.17.0.1 - - [04/Jan/2023 10:29:21] "GET /progress-scdg HTTP/1.1" 200 -[0m[0m
[1;33;40mWARNING - 2023-01-04 10:29:22,380 - [34mangr.project[0m - [34mAddress is already hooked, during hook(0x10100128, <SimProcedure LoadCursorA>). Re-hooking.[0m[0m
[1;33;40mWARNING - 2023-01-04 10:29:22,382 - [34mangr.project[0m - [34mAddress is already hooked, during hook(0x10100128, <SimProcedure LoadCursorA>). Re-hooking.[0m[0m
[1;33;40mWARNING - 2023-01-04 10:29:22,790 - [34mangr.project[0m - [34mAddress is already hooked, during hook(0x10100130, <SimProcedure ShowWindow>). Re-hooking.[0m[0m
[1;33;40mWARNING - 2023-01-04 10:29:22,791 - [34mangr.project[0m - [34mAddress is already hooked, during hook(0x10100130, <SimProcedure ShowWindow>). Re-hooking.[0m[0m
[1;33;40mWARNING - 2023-01-04 10:29:22,934 - [34mangr.project[0m - [34mAddress is already hooked, during hook(0x10100120, <SimProcedure wvsprintfA>). Re-hooking.[0m[0m
[1;33;40mWARNING - 2023-01-04 10:29:22,935 - [34mangr.project[0m - [34mAddress is already hooked, during hook(0x10100120, <SimProcedure wvsprintfA>). Re-hooking.[0m[0m
[1;33;40mWARNING - 2023-01-04 10:29:23,002 - [34mangr.project[0m - [34mAddress is already hooked, during hook(0x10100130, <SimProcedure ShowWindow>). Re-hooking.[0m[0m
[1;33;40mWARNING - 2023-01-04 10:29:23,003 - [34mangr.project[0m - [34mAddress is already hooked, during hook(0x10100130, <SimProcedure ShowWindow>). Re-hooking.[0m[0m
[1;32;40mINFO - 2023-01-04 10:29:23,176 - [33mwerkzeug[0m - [33m172.17.0.1 - - [04/Jan/2023 10:29:23] "GET /iteration-scdg HTTP/1.1" 200 -[0m[0m
[1;32;40mINFO - 2023-01-04 10:29:23,202 - [33mwerkzeug[0m - [33m172.17.0.1 - - [04/Jan/2023 10:29:23] "GET /progress-scdg HTTP/1.1" 200 -[0m[0m
[1;33;40mWARNING - 2023-01-04 10:29:23,275 - [34mangr.project[0m - [34mAddress is already hooked, during hook(0x1010012c, <SimProcedure DestroyCursor>). Re-hooking.[0m[0m
[1;33;40mWARNING - 2023-01-04 10:29:23,277 - [34mangr.project[0m - [34mAddress is already hooked, during hook(0x1010012c, <SimProcedure DestroyCursor>). Re-hooking.[0m[0m
[1;33;40mWARNING - 2023-01-04 10:29:23,461 - [34mangr.project[0m - [34mAddress is already hooked, during hook(0x10100140, <SimProcedure CloseWindowStation>). Re-hooking.[0m[0m
[1;33;40mWARNING - 2023-01-04 10:29:23,462 - [34mangr.project[0m - [34mAddress is already hooked, during hook(0x10100140, <SimProcedure CloseWindowStation>). Re-hooking.[0m[0m
[1;33;40mWARNING - 2023-01-04 10:29:23,554 - [34mangr.project[0m - [34mAddress is already hooked, during hook(0x1010013c, <SimProcedure CreateWindowExA>). Re-hooking.[0m[0m
[1;33;40mWARNING - 2023-01-04 10:29:23,555 - [34mangr.project[0m - [34mAddress is already hooked, during hook(0x1010013c, <SimProcedure CreateWindowExA>). Re-hooking.[0m[0m
[1;33;40mWARNING - 2023-01-04 10:29:23,592 - [34mangr.project[0m - [34mAddress is already hooked, during hook(0x10100128, <SimProcedure LoadCursorA>). Re-hooking.[0m[0m
[1;33;40mWARNING - 2023-01-04 10:29:23,593 - [34mangr.project[0m - [34mAddress is already hooked, during hook(0x10100128, <SimProcedure LoadCursorA>). Re-hooking.[0m[0m
[1;33;40mWARNING - 2023-01-04 10:29:23,615 - [34mangr.project[0m - [34mAddress is already hooked, during hook(0x10100134, <SimProcedure FindWindowA>). Re-hooking.[0m[0m
[1;33;40mWARNING - 2023-01-04 10:29:23,616 - [34mangr.project[0m - [34mAddress is already hooked, during hook(0x10100134, <SimProcedure FindWindowA>). Re-hooking.[0m[0m
[1;33;40mWARNING - 2023-01-04 10:29:23,714 - [34mangr.project[0m - [34mAddress is already hooked, during hook(0x10100120, <SimProcedure wvsprintfA>). Re-hooking.[0m[0m
[1;33;40mWARNING - 2023-01-04 10:29:23,716 - [34mangr.project[0m - [34mAddress is already hooked, during hook(0x10100120, <SimProcedure wvsprintfA>). Re-hooking.[0m[0m
[1;33;40mWARNING - 2023-01-04 10:29:23,868 - [34mangr.project[0m - [34mAddress is already hooked, during hook(0x10100144, <SimProcedure GetCursorInfo>). Re-hooking.[0m[0m
[1;33;40mWARNING - 2023-01-04 10:29:23,869 - [34mangr.project[0m - [34mAddress is already hooked, during hook(0x10100144, <SimProcedure GetCursorInfo>). Re-hooking.[0m[0m
[1;32;40mINFO - 2023-01-04 10:29:24,989 - [33mwerkzeug[0m - [33m172.17.0.1 - - [04/Jan/2023 10:29:24] "GET /iteration-scdg HTTP/1.1" 200 -[0m[0m
[1;32;40mINFO - 2023-01-04 10:29:24,995 - [33mwerkzeug[0m - [33m172.17.0.1 - - [04/Jan/2023 10:29:24] "GET /progress-scdg HTTP/1.1" 200 -[0m[0m
[1;33;40mWARNING - 2023-01-04 10:29:25,801 - [34mangr.project[0m - [34mAddress is already hooked, during hook(0x10100114, <SimProcedure CloseHandle>). Re-hooking.[0m[0m
[1;33;40mWARNING - 2023-01-04 10:29:25,803 - [34mangr.project[0m - [34mAddress is already hooked, during hook(0x10100114, <SimProcedure CloseHandle>). Re-hooking.[0m[0m
[1;33;40mWARNING - 2023-01-04 10:29:25,929 - [34mangr.project[0m - [34mAddress is already hooked, during hook(0x101000b8, <SimProcedure CreateFileMappingA>). Re-hooking.[0m[0m
[1;33;40mWARNING - 2023-01-04 10:29:25,931 - [34mangr.project[0m - [34mAddress is already hooked, during hook(0x101000b8, <SimProcedure CreateFileMappingA>). Re-hooking.[0m[0m
[1;33;40mWARNING - 2023-01-04 10:29:26,088 - [34mangr.project[0m - [34mAddress is already hooked, during hook(0x101000f4, <SimProcedure DeleteFileA>). Re-hooking.[0m[0m
[1;33;40mWARNING - 2023-01-04 10:29:26,090 - [34mangr.project[0m - [34mAddress is already hooked, during hook(0x101000f4, <SimProcedure DeleteFileA>). Re-hooking.[0m[0m
[1;33;40mWARNING - 2023-01-04 10:29:26,252 - [34mangr.project[0m - [34mAddress is already hooked, during hook(0x101000fc, <SimProcedure ExitThread>). Re-hooking.[0m[0m
[1;33;40mWARNING - 2023-01-04 10:29:26,253 - [34mangr.project[0m - [34mAddress is already hooked, during hook(0x101000fc, <SimProcedure ExitThread>). Re-hooking.[0m[0m
[1;33;40mWARNING - 2023-01-04 10:29:26,254 - [34mangr.project[0m - [34mAddress is already hooked, during hook(0x10100054, <SimProcedure ExpandEnvironmentStringsA>). Re-hooking.[0m[0m
[1;33;40mWARNING - 2023-01-04 10:29:26,255 - [34mangr.project[0m - [34mAddress is already hooked, during hook(0x10100054, <SimProcedure ExpandEnvironmentStringsA>). Re-hooking.[0m[0m
[1;33;40mWARNING - 2023-01-04 10:29:26,423 - [34mangr.project[0m - [34mAddress is already hooked, during hook(0x1010003c, <SimProcedure FreeLibrary>). Re-hooking.[0m[0m
[1;33;40mWARNING - 2023-01-04 10:29:26,425 - [34mangr.project[0m - [34mAddress is already hooked, during hook(0x1010003c, <SimProcedure FreeLibrary>). Re-hooking.[0m[0m
[1;33;40mWARNING - 2023-01-04 10:29:26,712 - [34mangr.project[0m - [34mAddress is already hooked, during hook(0x101000e4, <SimProcedure GetExitCodeProcess>). Re-hooking.[0m[0m
[1;33;40mWARNING - 2023-01-04 10:29:26,714 - [34mangr.project[0m - [34mAddress is already hooked, during hook(0x101000e4, <SimProcedure GetExitCodeProcess>). Re-hooking.[0m[0m
[1;33;40mWARNING - 2023-01-04 10:29:26,836 - [34mangr.project[0m - [34mAddress is already hooked, during hook(0x10100080, <SimProcedure GetLongPathNameA>). Re-hooking.[0m[0m
[1;33;40mWARNING - 2023-01-04 10:29:26,838 - [34mangr.project[0m - [34mAddress is already hooked, during hook(0x10100080, <SimProcedure GetLongPathNameA>). Re-hooking.[0m[0m
[1;32;40mINFO - 2023-01-04 10:29:26,986 - [33mwerkzeug[0m - [33m172.17.0.1 - - [04/Jan/2023 10:29:26] "GET /iteration-scdg HTTP/1.1" 200 -[0m[0m
[1;33;40mWARNING - 2023-01-04 10:29:26,991 - [34mangr.project[0m - [34mAddress is already hooked, during hook(0x1010004c, <SimProcedure GetPrivateProfileSectionNamesA>). Re-hooking.[0m[0m
[1;32;40mINFO - 2023-01-04 10:29:26,992 - [33mwerkzeug[0m - [33m172.17.0.1 - - [04/Jan/2023 10:29:26] "GET /progress-scdg HTTP/1.1" 200 -[0m[0m
[1;33;40mWARNING - 2023-01-04 10:29:26,994 - [34mangr.project[0m - [34mAddress is already hooked, during hook(0x1010004c, <SimProcedure GetPrivateProfileSectionNamesA>). Re-hooking.[0m[0m
[1;33;40mWARNING - 2023-01-04 10:29:27,002 - [34mangr.project[0m - [34mAddress is already hooked, during hook(0x10100048, <SimProcedure GetPrivateProfileStringA>). Re-hooking.[0m[0m
[1;33;40mWARNING - 2023-01-04 10:29:27,003 - [34mangr.project[0m - [34mAddress is already hooked, during hook(0x10100048, <SimProcedure GetPrivateProfileStringA>). Re-hooking.[0m[0m
[1;33;40mWARNING - 2023-01-04 10:29:27,042 - [34mangr.project[0m - [34mAddress is already hooked, during hook(0x101000ec, <SimProcedure GetProcessTimes>). Re-hooking.[0m[0m
[1;33;40mWARNING - 2023-01-04 10:29:27,044 - [34mangr.project[0m - [34mAddress is already hooked, during hook(0x101000ec, <SimProcedure GetProcessTimes>). Re-hooking.[0m[0m
[1;33;40mWARNING - 2023-01-04 10:29:27,232 - [34mangr.project[0m - [34mAddress is already hooked, during hook(0x10100050, <SimProcedure GetVersionExA>). Re-hooking.[0m[0m
[1;33;40mWARNING - 2023-01-04 10:29:27,233 - [34mangr.project[0m - [34mAddress is already hooked, during hook(0x10100050, <SimProcedure GetVersionExA>). Re-hooking.[0m[0m
[1;33;40mWARNING - 2023-01-04 10:29:27,290 - [34mangr.project[0m - [34mAddress is already hooked, during hook(0x101000d0, <SimProcedure GlobalFree>). Re-hooking.[0m[0m
[1;33;40mWARNING - 2023-01-04 10:29:27,292 - [34mangr.project[0m - [34mAddress is already hooked, during hook(0x101000d0, <SimProcedure GlobalFree>). Re-hooking.[0m[0m
[1;33;40mWARNING - 2023-01-04 10:29:27,303 - [34mangr.project[0m - [34mAddress is already hooked, during hook(0x101000f0, <SimProcedure GlobalMemoryStatusEx>). Re-hooking.[0m[0m
[1;33;40mWARNING - 2023-01-04 10:29:27,305 - [34mangr.project[0m - [34mAddress is already hooked, during hook(0x101000f0, <SimProcedure GlobalMemoryStatusEx>). Re-hooking.[0m[0m
[1;33;40mWARNING - 2023-01-04 10:29:27,309 - [34mangr.project[0m - [34mAddress is already hooked, during hook(0x101000a8, <SimProcedure GlobalSize>). Re-hooking.[0m[0m
[1;33;40mWARNING - 2023-01-04 10:29:27,310 - [34mangr.project[0m - [34mAddress is already hooked, during hook(0x101000a8, <SimProcedure GlobalSize>). Re-hooking.[0m[0m
[1;33;40mWARNING - 2023-01-04 10:29:27,419 - [34mangr.project[0m - [34mAddress is already hooked, during hook(0x10100108, <SimProcedure IsBadStringPtrW>). Re-hooking.[0m[0m
[1;33;40mWARNING - 2023-01-04 10:29:27,420 - [34mangr.project[0m - [34mAddress is already hooked, during hook(0x10100108, <SimProcedure IsBadStringPtrW>). Re-hooking.[0m[0m
[1;33;40mWARNING - 2023-01-04 10:29:27,567 - [34mangr.project[0m - [34mAddress is already hooked, during hook(0x1010001c, <SimProcedure LeaveCriticalSection>). Re-hooking.[0m[0m
[1;33;40mWARNING - 2023-01-04 10:29:27,569 - [34mangr.project[0m - [34mAddress is already hooked, during hook(0x1010001c, <SimProcedure LeaveCriticalSection>). Re-hooking.[0m[0m
[1;33;40mWARNING - 2023-01-04 10:29:27,588 - [34mangr.project[0m - [34mAddress is already hooked, during hook(0x10100094, <SimProcedure LocalAlloc>). Re-hooking.[0m[0m
[1;33;40mWARNING - 2023-01-04 10:29:27,590 - [34mangr.project[0m - [34mAddress is already hooked, during hook(0x10100094, <SimProcedure LocalAlloc>). Re-hooking.[0m[0m
[1;33;40mWARNING - 2023-01-04 10:29:27,599 - [34mangr.project[0m - [34mAddress is already hooked, during hook(0x1010008c, <SimProcedure LocalFree>). Re-hooking.[0m[0m
[1;33;40mWARNING - 2023-01-04 10:29:27,601 - [34mangr.project[0m - [34mAddress is already hooked, during hook(0x1010008c, <SimProcedure LocalFree>). Re-hooking.[0m[0m
[1;33;40mWARNING - 2023-01-04 10:29:27,608 - [34mangr.project[0m - [34mAddress is already hooked, during hook(0x10100090, <SimProcedure LocalReAlloc>). Re-hooking.[0m[0m
[1;33;40mWARNING - 2023-01-04 10:29:27,609 - [34mangr.project[0m - [34mAddress is already hooked, during hook(0x10100090, <SimProcedure LocalReAlloc>). Re-hooking.[0m[0m
[1;33;40mWARNING - 2023-01-04 10:29:27,614 - [34mangr.project[0m - [34mAddress is already hooked, during hook(0x101000cc, <SimProcedure LocalSize>). Re-hooking.[0m[0m
[1;33;40mWARNING - 2023-01-04 10:29:27,615 - [34mangr.project[0m - [34mAddress is already hooked, during hook(0x101000cc, <SimProcedure LocalSize>). Re-hooking.[0m[0m
[1;33;40mWARNING - 2023-01-04 10:29:27,634 - [34mangr.project[0m - [34mAddress is already hooked, during hook(0x101000b4, <SimProcedure MapViewOfFile>). Re-hooking.[0m[0m
[1;33;40mWARNING - 2023-01-04 10:29:27,636 - [34mangr.project[0m - [34mAddress is already hooked, during hook(0x101000b4, <SimProcedure MapViewOfFile>). Re-hooking.[0m[0m
[1;33;40mWARNING - 2023-01-04 10:29:27,726 - [34mangr.project[0m - [34mAddress is already hooked, during hook(0x10100064, <SimProcedure OpenThread>). Re-hooking.[0m[0m
[1;33;40mWARNING - 2023-01-04 10:29:27,728 - [34mangr.project[0m - [34mAddress is already hooked, during hook(0x10100064, <SimProcedure OpenThread>). Re-hooking.[0m[0m
[1;33;40mWARNING - 2023-01-04 10:29:27,879 - [34mangr.project[0m - [34mAddress is already hooked, during hook(0x1010010c, <SimProcedure RaiseException>). Re-hooking.[0m[0m
[1;33;40mWARNING - 2023-01-04 10:29:27,881 - [34mangr.project[0m - [34mAddress is already hooked, during hook(0x1010010c, <SimProcedure RaiseException>). Re-hooking.[0m[0m
[1;33;40mWARNING - 2023-01-04 10:29:28,056 - [34mangr.project[0m - [34mAddress is already hooked, during hook(0x101000f8, <SimProcedure RemoveDirectoryA>). Re-hooking.[0m[0m
[1;33;40mWARNING - 2023-01-04 10:29:28,057 - [34mangr.project[0m - [34mAddress is already hooked, during hook(0x101000f8, <SimProcedure RemoveDirectoryA>). Re-hooking.[0m[0m
[1;33;40mWARNING - 2023-01-04 10:29:28,092 - [34mangr.project[0m - [34mAddress is already hooked, during hook(0x10100004, <SimProcedure ResumeThread>). Re-hooking.[0m[0m
[1;33;40mWARNING - 2023-01-04 10:29:28,094 - [34mangr.project[0m - [34mAddress is already hooked, during hook(0x10100004, <SimProcedure ResumeThread>). Re-hooking.[0m[0m
[1;32;40mINFO - 2023-01-04 10:29:28,184 - [33mwerkzeug[0m - [33m172.17.0.1 - - [04/Jan/2023 10:29:28] "GET /iteration-scdg HTTP/1.1" 200 -[0m[0m
[1;32;40mINFO - 2023-01-04 10:29:28,185 - [33mwerkzeug[0m - [33m172.17.0.1 - - [04/Jan/2023 10:29:28] "GET /progress-scdg HTTP/1.1" 200 -[0m[0m
[1;33;40mWARNING - 2023-01-04 10:29:28,243 - [34mangr.project[0m - [34mAddress is already hooked, during hook(0x10100078, <SimProcedure SetEnvironmentVariableA>). Re-hooking.[0m[0m
[1;33;40mWARNING - 2023-01-04 10:29:28,245 - [34mangr.project[0m - [34mAddress is already hooked, during hook(0x10100078, <SimProcedure SetEnvironmentVariableA>). Re-hooking.[0m[0m
[1;33;40mWARNING - 2023-01-04 10:29:28,465 - [34mangr.project[0m - [34mAddress is already hooked, during hook(0x10100088, <SimProcedure Sleep>). Re-hooking.[0m[0m
[1;33;40mWARNING - 2023-01-04 10:29:28,467 - [34mangr.project[0m - [34mAddress is already hooked, during hook(0x10100088, <SimProcedure Sleep>). Re-hooking.[0m[0m
[1;33;40mWARNING - 2023-01-04 10:29:28,479 - [34mangr.project[0m - [34mAddress is already hooked, during hook(0x10100000, <SimProcedure SuspendThread>). Re-hooking.[0m[0m
[1;33;40mWARNING - 2023-01-04 10:29:28,480 - [34mangr.project[0m - [34mAddress is already hooked, during hook(0x10100000, <SimProcedure SuspendThread>). Re-hooking.[0m[0m
[1;33;40mWARNING - 2023-01-04 10:29:28,500 - [34mangr.project[0m - [34mAddress is already hooked, during hook(0x10100068, <SimProcedure Thread32First>). Re-hooking.[0m[0m
[1;33;40mWARNING - 2023-01-04 10:29:28,501 - [34mangr.project[0m - [34mAddress is already hooked, during hook(0x10100068, <SimProcedure Thread32First>). Re-hooking.[0m[0m
[1;33;40mWARNING - 2023-01-04 10:29:28,502 - [34mangr.project[0m - [34mAddress is already hooked, during hook(0x1010005c, <SimProcedure Thread32Next>). Re-hooking.[0m[0m
[1;33;40mWARNING - 2023-01-04 10:29:28,504 - [34mangr.project[0m - [34mAddress is already hooked, during hook(0x1010005c, <SimProcedure Thread32Next>). Re-hooking.[0m[0m
[1;33;40mWARNING - 2023-01-04 10:29:28,609 - [34mangr.project[0m - [34mAddress is already hooked, during hook(0x101000b4, <SimProcedure MapViewOfFile>). Re-hooking.[0m[0m
[1;33;40mWARNING - 2023-01-04 10:29:28,611 - [34mangr.project[0m - [34mAddress is already hooked, during hook(0x101000b4, <SimProcedure MapViewOfFile>). Re-hooking.[0m[0m
[1;33;40mWARNING - 2023-01-04 10:29:28,750 - [34mangr.project[0m - [34mAddress is already hooked, during hook(0x10100044, <SimProcedure lstrcmpA>). Re-hooking.[0m[0m
[1;33;40mWARNING - 2023-01-04 10:29:28,752 - [34mangr.project[0m - [34mAddress is already hooked, during hook(0x10100044, <SimProcedure lstrcmpA>). Re-hooking.[0m[0m
[1;33;40mWARNING - 2023-01-04 10:29:28,757 - [34mangr.project[0m - [34mAddress is already hooked, during hook(0x10100010, <SimProcedure lstrcmpiA>). Re-hooking.[0m[0m
[1;33;40mWARNING - 2023-01-04 10:29:28,759 - [34mangr.project[0m - [34mAddress is already hooked, during hook(0x10100010, <SimProcedure lstrcmpiA>). Re-hooking.[0m[0m
[1;33;40mWARNING - 2023-01-04 10:29:28,772 - [34mangr.project[0m - [34mAddress is already hooked, during hook(0x10100008, <SimProcedure lstrlenA>). Re-hooking.[0m[0m
[1;33;40mWARNING - 2023-01-04 10:29:28,774 - [34mangr.project[0m - [34mAddress is already hooked, during hook(0x10100008, <SimProcedure lstrlenA>). Re-hooking.[0m[0m
[1;33;40mWARNING - 2023-01-04 10:29:28,873 - [34mangr.project[0m - [34mAddress is already hooked, during hook(0x101000fc, <SimProcedure ExitThread>). Re-hooking.[0m[0m
[1;33;40mWARNING - 2023-01-04 10:29:28,875 - [34mangr.project[0m - [34mAddress is already hooked, during hook(0x101000fc, <SimProcedure ExitThread>). Re-hooking.[0m[0m
[1;33;40mWARNING - 2023-01-04 10:29:28,907 - [34mangr.project[0m - [34mAddress is already hooked, during hook(0x101000e4, <SimProcedure GetExitCodeProcess>). Re-hooking.[0m[0m
[1;33;40mWARNING - 2023-01-04 10:29:28,908 - [34mangr.project[0m - [34mAddress is already hooked, during hook(0x101000e4, <SimProcedure GetExitCodeProcess>). Re-hooking.[0m[0m
[1;33;40mWARNING - 2023-01-04 10:29:28,934 - [34mangr.project[0m - [34mAddress is already hooked, during hook(0x101000a4, <SimProcedure GlobalLock>). Re-hooking.[0m[0m
[1;33;40mWARNING - 2023-01-04 10:29:28,936 - [34mangr.project[0m - [34mAddress is already hooked, during hook(0x101000a4, <SimProcedure GlobalLock>). Re-hooking.[0m[0m
[1;33;40mWARNING - 2023-01-04 10:29:29,127 - [34mangr.project[0m - [34mAddress is already hooked, during hook(0x101000a8, <SimProcedure GlobalSize>). Re-hooking.[0m[0m
[1;33;40mWARNING - 2023-01-04 10:29:29,128 - [34mangr.project[0m - [34mAddress is already hooked, during hook(0x101000a8, <SimProcedure GlobalSize>). Re-hooking.[0m[0m
[1;33;40mWARNING - 2023-01-04 10:29:29,136 - [34mangr.project[0m - [34mAddress is already hooked, during hook(0x101000f4, <SimProcedure DeleteFileA>). Re-hooking.[0m[0m
[1;33;40mWARNING - 2023-01-04 10:29:29,138 - [34mangr.project[0m - [34mAddress is already hooked, during hook(0x101000f4, <SimProcedure DeleteFileA>). Re-hooking.[0m[0m
[1;33;40mWARNING - 2023-01-04 10:29:29,161 - [34mangr.project[0m - [34mAddress is already hooked, during hook(0x10100054, <SimProcedure ExpandEnvironmentStringsA>). Re-hooking.[0m[0m
[1;33;40mWARNING - 2023-01-04 10:29:29,163 - [34mangr.project[0m - [34mAddress is already hooked, during hook(0x10100054, <SimProcedure ExpandEnvironmentStringsA>). Re-hooking.[0m[0m
[1;33;40mWARNING - 2023-01-04 10:29:29,164 - [34mangr.project[0m - [34mAddress is already hooked, during hook(0x101000cc, <SimProcedure LocalSize>). Re-hooking.[0m[0m
[1;33;40mWARNING - 2023-01-04 10:29:29,166 - [34mangr.project[0m - [34mAddress is already hooked, during hook(0x101000cc, <SimProcedure LocalSize>). Re-hooking.[0m[0m
[1;33;40mWARNING - 2023-01-04 10:29:29,183 - [34mangr.project[0m - [34mAddress is already hooked, during hook(0x101000a0, <SimProcedure GlobalUnlock>). Re-hooking.[0m[0m
[1;33;40mWARNING - 2023-01-04 10:29:29,185 - [34mangr.project[0m - [34mAddress is already hooked, during hook(0x101000a0, <SimProcedure GlobalUnlock>). Re-hooking.[0m[0m
[1;33;40mWARNING - 2023-01-04 10:29:29,205 - [34mangr.project[0m - [34mAddress is already hooked, during hook(0x10100004, <SimProcedure ResumeThread>). Re-hooking.[0m[0m
[1;33;40mWARNING - 2023-01-04 10:29:29,206 - [34mangr.project[0m - [34mAddress is already hooked, during hook(0x10100004, <SimProcedure ResumeThread>). Re-hooking.[0m[0m
[1;33;40mWARNING - 2023-01-04 10:29:29,242 - [34mangr.project[0m - [34mAddress is already hooked, during hook(0x10100100, <SimProcedure FreeLibraryAndExitThread>). Re-hooking.[0m[0m
[1;33;40mWARNING - 2023-01-04 10:29:29,243 - [34mangr.project[0m - [34mAddress is already hooked, during hook(0x10100100, <SimProcedure FreeLibraryAndExitThread>). Re-hooking.[0m[0m
[1;33;40mWARNING - 2023-01-04 10:29:29,288 - [34mangr.project[0m - [34mAddress is already hooked, during hook(0x1010003c, <SimProcedure FreeLibrary>). Re-hooking.[0m[0m
[1;33;40mWARNING - 2023-01-04 10:29:29,290 - [34mangr.project[0m - [34mAddress is already hooked, during hook(0x1010003c, <SimProcedure FreeLibrary>). Re-hooking.[0m[0m
[1;33;40mWARNING - 2023-01-04 10:29:29,291 - [34mangr.project[0m - [34mAddress is already hooked, during hook(0x1010008c, <SimProcedure LocalFree>). Re-hooking.[0m[0m
[1;33;40mWARNING - 2023-01-04 10:29:29,292 - [34mangr.project[0m - [34mAddress is already hooked, during hook(0x1010008c, <SimProcedure LocalFree>). Re-hooking.[0m[0m
[1;33;40mWARNING - 2023-01-04 10:29:29,302 - [34mangr.project[0m - [34mAddress is already hooked, during hook(0x10100064, <SimProcedure OpenThread>). Re-hooking.[0m[0m
[1;33;40mWARNING - 2023-01-04 10:29:29,303 - [34mangr.project[0m - [34mAddress is already hooked, during hook(0x10100064, <SimProcedure OpenThread>). Re-hooking.[0m[0m
[1;33;40mWARNING - 2023-01-04 10:29:29,388 - [34mangr.project[0m - [34mAddress is already hooked, during hook(0x10100090, <SimProcedure LocalReAlloc>). Re-hooking.[0m[0m
[1;33;40mWARNING - 2023-01-04 10:29:29,389 - [34mangr.project[0m - [34mAddress is already hooked, during hook(0x10100090, <SimProcedure LocalReAlloc>). Re-hooking.[0m[0m
[1;33;40mWARNING - 2023-01-04 10:29:29,408 - [34mangr.project[0m - [34mAddress is already hooked, during hook(0x10100018, <SimProcedure VirtualFree>). Re-hooking.[0m[0m
[1;33;40mWARNING - 2023-01-04 10:29:29,410 - [34mangr.project[0m - [34mAddress is already hooked, during hook(0x10100018, <SimProcedure VirtualFree>). Re-hooking.[0m[0m
[1;33;40mWARNING - 2023-01-04 10:29:29,425 - [34mangr.project[0m - [34mAddress is already hooked, during hook(0x10100108, <SimProcedure IsBadStringPtrW>). Re-hooking.[0m[0m
[1;33;40mWARNING - 2023-01-04 10:29:29,426 - [34mangr.project[0m - [34mAddress is already hooked, during hook(0x10100108, <SimProcedure IsBadStringPtrW>). Re-hooking.[0m[0m
[1;33;40mWARNING - 2023-01-04 10:29:29,463 - [34mangr.project[0m - [34mAddress is already hooked, during hook(0x10100018, <SimProcedure VirtualFree>). Re-hooking.[0m[0m
[1;33;40mWARNING - 2023-01-04 10:29:29,464 - [34mangr.project[0m - [34mAddress is already hooked, during hook(0x10100018, <SimProcedure VirtualFree>). Re-hooking.[0m[0m
[1;33;40mWARNING - 2023-01-04 10:29:29,476 - [34mangr.project[0m - [34mAddress is already hooked, during hook(0x10100110, <SimProcedure GetCurrentProcess>). Re-hooking.[0m[0m
[1;33;40mWARNING - 2023-01-04 10:29:29,478 - [34mangr.project[0m - [34mAddress is already hooked, during hook(0x10100110, <SimProcedure GetCurrentProcess>). Re-hooking.[0m[0m
[1;33;40mWARNING - 2023-01-04 10:29:29,501 - [34mangr.project[0m - [34mAddress is already hooked, during hook(0x1010001c, <SimProcedure LeaveCriticalSection>). Re-hooking.[0m[0m
[1;33;40mWARNING - 2023-01-04 10:29:29,502 - [34mangr.project[0m - [34mAddress is already hooked, during hook(0x1010001c, <SimProcedure LeaveCriticalSection>). Re-hooking.[0m[0m
[1;33;40mWARNING - 2023-01-04 10:29:29,527 - [34mangr.project[0m - [34mAddress is already hooked, during hook(0x10100044, <SimProcedure lstrcmpA>). Re-hooking.[0m[0m
[1;33;40mWARNING - 2023-01-04 10:29:29,528 - [34mangr.project[0m - [34mAddress is already hooked, during hook(0x10100044, <SimProcedure lstrcmpA>). Re-hooking.[0m[0m
[1;33;40mWARNING - 2023-01-04 10:29:29,640 - [34mangr.project[0m - [34mAddress is already hooked, during hook(0x10100068, <SimProcedure Thread32First>). Re-hooking.[0m[0m
[1;33;40mWARNING - 2023-01-04 10:29:29,641 - [34mangr.project[0m - [34mAddress is already hooked, during hook(0x10100068, <SimProcedure Thread32First>). Re-hooking.[0m[0m
[1;33;40mWARNING - 2023-01-04 10:29:29,950 - [34mangr.project[0m - [34mAddress is already hooked, during hook(0x1010010c, <SimProcedure RaiseException>). Re-hooking.[0m[0m
[1;33;40mWARNING - 2023-01-04 10:29:29,951 - [34mangr.project[0m - [34mAddress is already hooked, during hook(0x1010010c, <SimProcedure RaiseException>). Re-hooking.[0m[0m
[1;33;40mWARNING - 2023-01-04 10:29:29,984 - [34mangr.project[0m - [34mAddress is already hooked, during hook(0x10100110, <SimProcedure GetCurrentProcess>). Re-hooking.[0m[0m
[1;32;40mINFO - 2023-01-04 10:29:29,985 - [33mwerkzeug[0m - [33m172.17.0.1 - - [04/Jan/2023 10:29:29] "GET /iteration-scdg HTTP/1.1" 200 -[0m[0m
[1;33;40mWARNING - 2023-01-04 10:29:29,987 - [34mangr.project[0m - [34mAddress is already hooked, during hook(0x10100110, <SimProcedure GetCurrentProcess>). Re-hooking.[0m[0m
[1;32;40mINFO - 2023-01-04 10:29:29,988 - [33mwerkzeug[0m - [33m172.17.0.1 - - [04/Jan/2023 10:29:29] "GET /progress-scdg HTTP/1.1" 200 -[0m[0m
[1;33;40mWARNING - 2023-01-04 10:29:30,093 - [34mangr.project[0m - [34mAddress is already hooked, during hook(0x101000a4, <SimProcedure GlobalLock>). Re-hooking.[0m[0m
[1;33;40mWARNING - 2023-01-04 10:29:30,095 - [34mangr.project[0m - [34mAddress is already hooked, during hook(0x101000a4, <SimProcedure GlobalLock>). Re-hooking.[0m[0m
[1;33;40mWARNING - 2023-01-04 10:29:30,113 - [34mangr.project[0m - [34mAddress is already hooked, during hook(0x101000a0, <SimProcedure GlobalUnlock>). Re-hooking.[0m[0m
[1;33;40mWARNING - 2023-01-04 10:29:30,114 - [34mangr.project[0m - [34mAddress is already hooked, during hook(0x101000a0, <SimProcedure GlobalUnlock>). Re-hooking.[0m[0m
[1;33;40mWARNING - 2023-01-04 10:29:30,120 - [34mangr.project[0m - [34mAddress is already hooked, during hook(0x1010005c, <SimProcedure Thread32Next>). Re-hooking.[0m[0m
[1;33;40mWARNING - 2023-01-04 10:29:30,122 - [34mangr.project[0m - [34mAddress is already hooked, during hook(0x1010005c, <SimProcedure Thread32Next>). Re-hooking.[0m[0m
[1;33;40mWARNING - 2023-01-04 10:29:30,141 - [34mangr.project[0m - [34mAddress is already hooked, during hook(0x10100008, <SimProcedure lstrlenA>). Re-hooking.[0m[0m
[1;33;40mWARNING - 2023-01-04 10:29:30,143 - [34mangr.project[0m - [34mAddress is already hooked, during hook(0x10100008, <SimProcedure lstrlenA>). Re-hooking.[0m[0m
[1;33;40mWARNING - 2023-01-04 10:29:30,145 - [34mangr.project[0m - [34mAddress is already hooked, during hook(0x101000ec, <SimProcedure GetProcessTimes>). Re-hooking.[0m[0m
[1;33;40mWARNING - 2023-01-04 10:29:30,147 - [34mangr.project[0m - [34mAddress is already hooked, during hook(0x101000ec, <SimProcedure GetProcessTimes>). Re-hooking.[0m[0m
[1;33;40mWARNING - 2023-01-04 10:29:30,193 - [34mangr.project[0m - [34mAddress is already hooked, during hook(0x10100014, <SimProcedure InitializeCriticalSection>). Re-hooking.[0m[0m
[1;33;40mWARNING - 2023-01-04 10:29:30,195 - [34mangr.project[0m - [34mAddress is already hooked, during hook(0x10100014, <SimProcedure InitializeCriticalSection>). Re-hooking.[0m[0m
[1;33;40mWARNING - 2023-01-04 10:29:30,224 - [34mangr.project[0m - [34mAddress is already hooked, during hook(0x10100094, <SimProcedure LocalAlloc>). Re-hooking.[0m[0m
[1;33;40mWARNING - 2023-01-04 10:29:30,226 - [34mangr.project[0m - [34mAddress is already hooked, during hook(0x10100094, <SimProcedure LocalAlloc>). Re-hooking.[0m[0m
[1;33;40mWARNING - 2023-01-04 10:29:30,322 - [34mangr.project[0m - [34mAddress is already hooked, during hook(0x10100050, <SimProcedure GetVersionExA>). Re-hooking.[0m[0m
[1;33;40mWARNING - 2023-01-04 10:29:30,324 - [34mangr.project[0m - [34mAddress is already hooked, during hook(0x10100050, <SimProcedure GetVersionExA>). Re-hooking.[0m[0m
[1;33;40mWARNING - 2023-01-04 10:29:30,469 - [34mangr.project[0m - [34mAddress is already hooked, during hook(0x10100100, <SimProcedure FreeLibraryAndExitThread>). Re-hooking.[0m[0m
[1;33;40mWARNING - 2023-01-04 10:29:30,470 - [34mangr.project[0m - [34mAddress is already hooked, during hook(0x10100100, <SimProcedure FreeLibraryAndExitThread>). Re-hooking.[0m[0m
[1;33;40mWARNING - 2023-01-04 10:29:30,570 - [34mangr.project[0m - [34mAddress is already hooked, during hook(0x101000b8, <SimProcedure CreateFileMappingA>). Re-hooking.[0m[0m
[1;33;40mWARNING - 2023-01-04 10:29:30,572 - [34mangr.project[0m - [34mAddress is already hooked, during hook(0x101000b8, <SimProcedure CreateFileMappingA>). Re-hooking.[0m[0m
[1;33;40mWARNING - 2023-01-04 10:29:30,611 - [34mangr.project[0m - [34mAddress is already hooked, during hook(0x10100000, <SimProcedure SuspendThread>). Re-hooking.[0m[0m
[1;33;40mWARNING - 2023-01-04 10:29:30,612 - [34mangr.project[0m - [34mAddress is already hooked, during hook(0x10100000, <SimProcedure SuspendThread>). Re-hooking.[0m[0m
[1;33;40mWARNING - 2023-01-04 10:29:30,625 - [34mangr.project[0m - [34mAddress is already hooked, during hook(0x10100114, <SimProcedure CloseHandle>). Re-hooking.[0m[0m
[1;33;40mWARNING - 2023-01-04 10:29:30,626 - [34mangr.project[0m - [34mAddress is already hooked, during hook(0x10100114, <SimProcedure CloseHandle>). Re-hooking.[0m[0m
[1;33;40mWARNING - 2023-01-04 10:29:30,646 - [34mangr.project[0m - [34mAddress is already hooked, during hook(0x1010004c, <SimProcedure GetPrivateProfileSectionNamesA>). Re-hooking.[0m[0m
[1;33;40mWARNING - 2023-01-04 10:29:30,647 - [34mangr.project[0m - [34mAddress is already hooked, during hook(0x1010004c, <SimProcedure GetPrivateProfileSectionNamesA>). Re-hooking.[0m[0m
[1;33;40mWARNING - 2023-01-04 10:29:30,747 - [34mangr.project[0m - [34mAddress is already hooked, during hook(0x10100078, <SimProcedure SetEnvironmentVariableA>). Re-hooking.[0m[0m
[1;33;40mWARNING - 2023-01-04 10:29:30,749 - [34mangr.project[0m - [34mAddress is already hooked, during hook(0x10100078, <SimProcedure SetEnvironmentVariableA>). Re-hooking.[0m[0m
[1;33;40mWARNING - 2023-01-04 10:29:30,962 - [34mangr.project[0m - [34mAddress is already hooked, during hook(0x10100010, <SimProcedure lstrcmpiA>). Re-hooking.[0m[0m
[1;33;40mWARNING - 2023-01-04 10:29:30,965 - [34mangr.project[0m - [34mAddress is already hooked, during hook(0x10100010, <SimProcedure lstrcmpiA>). Re-hooking.[0m[0m
[1;33;40mWARNING - 2023-01-04 10:29:31,048 - [34mangr.project[0m - [34mAddress is already hooked, during hook(0x101000d0, <SimProcedure GlobalFree>). Re-hooking.[0m[0m
[1;33;40mWARNING - 2023-01-04 10:29:31,049 - [34mangr.project[0m - [34mAddress is already hooked, during hook(0x101000d0, <SimProcedure GlobalFree>). Re-hooking.[0m[0m
[1;33;40mWARNING - 2023-01-04 10:29:31,150 - [34mangr.project[0m - [34mAddress is already hooked, during hook(0x101000f0, <SimProcedure GlobalMemoryStatusEx>). Re-hooking.[0m[0m
[1;33;40mWARNING - 2023-01-04 10:29:31,151 - [34mangr.project[0m - [34mAddress is already hooked, during hook(0x101000f0, <SimProcedure GlobalMemoryStatusEx>). Re-hooking.[0m[0m
[1;33;40mWARNING - 2023-01-04 10:29:31,390 - [34mangr.project[0m - [34mAddress is already hooked, during hook(0x10100014, <SimProcedure InitializeCriticalSection>). Re-hooking.[0m[0m
[1;33;40mWARNING - 2023-01-04 10:29:31,391 - [34mangr.project[0m - [34mAddress is already hooked, during hook(0x10100014, <SimProcedure InitializeCriticalSection>). Re-hooking.[0m[0m
[1;33;40mWARNING - 2023-01-04 10:29:31,421 - [34mangr.project[0m - [34mAddress is already hooked, during hook(0x10100048, <SimProcedure GetPrivateProfileStringA>). Re-hooking.[0m[0m
[1;33;40mWARNING - 2023-01-04 10:29:31,423 - [34mangr.project[0m - [34mAddress is already hooked, during hook(0x10100048, <SimProcedure GetPrivateProfileStringA>). Re-hooking.[0m[0m
[1;33;40mWARNING - 2023-01-04 10:29:31,529 - [34mangr.project[0m - [34mAddress is already hooked, during hook(0x101000f8, <SimProcedure RemoveDirectoryA>). Re-hooking.[0m[0m
[1;33;40mWARNING - 2023-01-04 10:29:31,531 - [34mangr.project[0m - [34mAddress is already hooked, during hook(0x101000f8, <SimProcedure RemoveDirectoryA>). Re-hooking.[0m[0m
[1;33;40mWARNING - 2023-01-04 10:29:31,562 - [34mangr.project[0m - [34mAddress is already hooked, during hook(0x10100080, <SimProcedure GetLongPathNameA>). Re-hooking.[0m[0m
[1;33;40mWARNING - 2023-01-04 10:29:31,564 - [34mangr.project[0m - [34mAddress is already hooked, during hook(0x10100080, <SimProcedure GetLongPathNameA>). Re-hooking.[0m[0m
[1;33;40mWARNING - 2023-01-04 10:29:31,566 - [34mangr.project[0m - [34mAddress is already hooked, during hook(0x10100088, <SimProcedure Sleep>). Re-hooking.[0m[0m
[1;33;40mWARNING - 2023-01-04 10:29:31,567 - [34mangr.project[0m - [34mAddress is already hooked, during hook(0x10100088, <SimProcedure Sleep>). Re-hooking.[0m[0m
[1;33;40mWARNING - 2023-01-04 10:29:31,674 - [34mangr.project[0m - [34mAddress is already hooked, during hook(0x1010017c, <SimProcedure _wcsicmp>). Re-hooking.[0m[0m
[1;33;40mWARNING - 2023-01-04 10:29:31,675 - [34mangr.project[0m - [34mAddress is already hooked, during hook(0x1010017c, <SimProcedure _wcsicmp>). Re-hooking.[0m[0m
[1;33;40mWARNING - 2023-01-04 10:29:31,985 - [34mangr.project[0m - [34mAddress is already hooked, during hook(0x10100170, <SimProcedure _onexit>). Re-hooking.[0m[0m
[1;33;40mWARNING - 2023-01-04 10:29:31,986 - [34mangr.project[0m - [34mAddress is already hooked, during hook(0x10100170, <SimProcedure _onexit>). Re-hooking.[0m[0m
[1;32;40mINFO - 2023-01-04 10:29:31,987 - [33mwerkzeug[0m - [33m172.17.0.1 - - [04/Jan/2023 10:29:31] "GET /iteration-scdg HTTP/1.1" 200 -[0m[0m
[1;32;40mINFO - 2023-01-04 10:29:32,004 - [33mwerkzeug[0m - [33m172.17.0.1 - - [04/Jan/2023 10:29:32] "GET /progress-scdg HTTP/1.1" 200 -[0m[0m
[1;33;40mWARNING - 2023-01-04 10:29:32,173 - [34mangr.project[0m - [34mAddress is already hooked, during hook(0x10100190, <SimProcedure wcsrchr>). Re-hooking.[0m[0m
[1;33;40mWARNING - 2023-01-04 10:29:32,175 - [34mangr.project[0m - [34mAddress is already hooked, during hook(0x10100190, <SimProcedure wcsrchr>). Re-hooking.[0m[0m
[1;33;40mWARNING - 2023-01-04 10:29:32,184 - [34mangr.project[0m - [34mAddress is already hooked, during hook(0x1010017c, <SimProcedure _wcsicmp>). Re-hooking.[0m[0m
[1;33;40mWARNING - 2023-01-04 10:29:32,186 - [34mangr.project[0m - [34mAddress is already hooked, during hook(0x1010017c, <SimProcedure _wcsicmp>). Re-hooking.[0m[0m
[1;33;40mWARNING - 2023-01-04 10:29:32,331 - [34mangr.project[0m - [34mAddress is already hooked, during hook(0x10100188, <SimProcedure _itoa>). Re-hooking.[0m[0m
[1;33;40mWARNING - 2023-01-04 10:29:32,332 - [34mangr.project[0m - [34mAddress is already hooked, during hook(0x10100188, <SimProcedure _itoa>). Re-hooking.[0m[0m
[1;33;40mWARNING - 2023-01-04 10:29:32,447 - [34mangr.project[0m - [34mAddress is already hooked, during hook(0x101001ec, <SimProcedure strrchr>). Re-hooking.[0m[0m
[1;33;40mWARNING - 2023-01-04 10:29:32,449 - [34mangr.project[0m - [34mAddress is already hooked, during hook(0x101001ec, <SimProcedure strrchr>). Re-hooking.[0m[0m
[1;33;40mWARNING - 2023-01-04 10:29:32,517 - [34mangr.project[0m - [34mAddress is already hooked, during hook(0x10100180, <SimProcedure _memicmp>). Re-hooking.[0m[0m
[1;33;40mWARNING - 2023-01-04 10:29:32,518 - [34mangr.project[0m - [34mAddress is already hooked, during hook(0x10100180, <SimProcedure _memicmp>). Re-hooking.[0m[0m
[1;33;40mWARNING - 2023-01-04 10:29:32,536 - [34mangr.project[0m - [34mAddress is already hooked, during hook(0x10100170, <SimProcedure _onexit>). Re-hooking.[0m[0m
[1;33;40mWARNING - 2023-01-04 10:29:32,538 - [34mangr.project[0m - [34mAddress is already hooked, during hook(0x10100170, <SimProcedure _onexit>). Re-hooking.[0m[0m
[1;33;40mWARNING - 2023-01-04 10:29:32,582 - [34mangr.project[0m - [34mAddress is already hooked, during hook(0x10100190, <SimProcedure wcsrchr>). Re-hooking.[0m[0m
[1;33;40mWARNING - 2023-01-04 10:29:32,584 - [34mangr.project[0m - [34mAddress is already hooked, during hook(0x10100190, <SimProcedure wcsrchr>). Re-hooking.[0m[0m
[1;33;40mWARNING - 2023-01-04 10:29:32,810 - [34mangr.project[0m - [34mAddress is already hooked, during hook(0x10100184, <SimProcedure _strupr>). Re-hooking.[0m[0m
[1;33;40mWARNING - 2023-01-04 10:29:32,812 - [34mangr.project[0m - [34mAddress is already hooked, during hook(0x10100184, <SimProcedure _strupr>). Re-hooking.[0m[0m
[1;32;40mINFO - 2023-01-04 10:29:33,173 - [33mwerkzeug[0m - [33m172.17.0.1 - - [04/Jan/2023 10:29:33] "GET /iteration-scdg HTTP/1.1" 200 -[0m[0m
[1;32;40mINFO - 2023-01-04 10:29:33,190 - [33mwerkzeug[0m - [33m172.17.0.1 - - [04/Jan/2023 10:29:33] "GET /progress-scdg HTTP/1.1" 200 -[0m[0m
[1;33;40mWARNING - 2023-01-04 10:29:33,265 - [34mangr.project[0m - [34mAddress is already hooked, during hook(0x1010018c, <SimProcedure _strlwr>). Re-hooking.[0m[0m
[1;33;40mWARNING - 2023-01-04 10:29:33,267 - [34mangr.project[0m - [34mAddress is already hooked, during hook(0x1010018c, <SimProcedure _strlwr>). Re-hooking.[0m[0m
[1;33;40mWARNING - 2023-01-04 10:29:33,449 - [34mangr.project[0m - [34mAddress is already hooked, during hook(0x101001b8, <SimProcedure memmove>). Re-hooking.[0m[0m
[1;33;40mWARNING - 2023-01-04 10:29:33,451 - [34mangr.project[0m - [34mAddress is already hooked, during hook(0x101001b8, <SimProcedure memmove>). Re-hooking.[0m[0m
[1;33;40mWARNING - 2023-01-04 10:29:33,478 - [34mangr.project[0m - [34mAddress is already hooked, during hook(0x10100180, <SimProcedure _memicmp>). Re-hooking.[0m[0m
[1;33;40mWARNING - 2023-01-04 10:29:33,480 - [34mangr.project[0m - [34mAddress is already hooked, during hook(0x10100180, <SimProcedure _memicmp>). Re-hooking.[0m[0m
[1;33;40mWARNING - 2023-01-04 10:29:33,484 - [34mangr.project[0m - [34mAddress is already hooked, during hook(0x10100188, <SimProcedure _itoa>). Re-hooking.[0m[0m
[1;33;40mWARNING - 2023-01-04 10:29:33,485 - [34mangr.project[0m - [34mAddress is already hooked, during hook(0x10100188, <SimProcedure _itoa>). Re-hooking.[0m[0m
[1;33;40mWARNING - 2023-01-04 10:29:33,502 - [34mangr.project[0m - [34mAddress is already hooked, during hook(0x1010019c, <SimProcedure wcstombs>). Re-hooking.[0m[0m
[1;33;40mWARNING - 2023-01-04 10:29:33,503 - [34mangr.project[0m - [34mAddress is already hooked, during hook(0x1010019c, <SimProcedure wcstombs>). Re-hooking.[0m[0m
[1;33;40mWARNING - 2023-01-04 10:29:33,662 - [34mangr.project[0m - [34mAddress is already hooked, during hook(0x10100194, <SimProcedure wcslen>). Re-hooking.[0m[0m
[1;33;40mWARNING - 2023-01-04 10:29:33,663 - [34mangr.project[0m - [34mAddress is already hooked, during hook(0x10100194, <SimProcedure wcslen>). Re-hooking.[0m[0m
[1;33;40mWARNING - 2023-01-04 10:29:33,791 - [34mangr.project[0m - [34mAddress is already hooked, during hook(0x10100184, <SimProcedure _strupr>). Re-hooking.[0m[0m
[1;33;40mWARNING - 2023-01-04 10:29:33,792 - [34mangr.project[0m - [34mAddress is already hooked, during hook(0x10100184, <SimProcedure _strupr>). Re-hooking.[0m[0m
[1;33;40mWARNING - 2023-01-04 10:29:33,799 - [34mangr.project[0m - [34mAddress is already hooked, during hook(0x1010019c, <SimProcedure wcstombs>). Re-hooking.[0m[0m
[1;33;40mWARNING - 2023-01-04 10:29:33,801 - [34mangr.project[0m - [34mAddress is already hooked, during hook(0x1010019c, <SimProcedure wcstombs>). Re-hooking.[0m[0m
[1;33;40mWARNING - 2023-01-04 10:29:33,894 - [34mangr.project[0m - [34mAddress is already hooked, during hook(0x101001b8, <SimProcedure memmove>). Re-hooking.[0m[0m
[1;33;40mWARNING - 2023-01-04 10:29:33,896 - [34mangr.project[0m - [34mAddress is already hooked, during hook(0x101001b8, <SimProcedure memmove>). Re-hooking.[0m[0m
[1;33;40mWARNING - 2023-01-04 10:29:34,077 - [34mangr.project[0m - [34mAddress is already hooked, during hook(0x10100194, <SimProcedure wcslen>). Re-hooking.[0m[0m
[1;33;40mWARNING - 2023-01-04 10:29:34,079 - [34mangr.project[0m - [34mAddress is already hooked, during hook(0x10100194, <SimProcedure wcslen>). Re-hooking.[0m[0m
[1;33;40mWARNING - 2023-01-04 10:29:34,144 - [34mangr.project[0m - [34mAddress is already hooked, during hook(0x1010018c, <SimProcedure _strlwr>). Re-hooking.[0m[0m
[1;33;40mWARNING - 2023-01-04 10:29:34,145 - [34mangr.project[0m - [34mAddress is already hooked, during hook(0x1010018c, <SimProcedure _strlwr>). Re-hooking.[0m[0m
[1;33;40mWARNING - 2023-01-04 10:29:34,188 - [34mangr.project[0m - [34mAddress is already hooked, during hook(0x101001ec, <SimProcedure strrchr>). Re-hooking.[0m[0m
[1;33;40mWARNING - 2023-01-04 10:29:34,189 - [34mangr.project[0m - [34mAddress is already hooked, during hook(0x101001ec, <SimProcedure strrchr>). Re-hooking.[0m[0m
[1;32;40mINFO - 2023-01-04 10:29:34,986 - [33mwerkzeug[0m - [33m172.17.0.1 - - [04/Jan/2023 10:29:34] "GET /iteration-scdg HTTP/1.1" 200 -[0m[0m
[1;32;40mINFO - 2023-01-04 10:29:34,998 - [33mwerkzeug[0m - [33m172.17.0.1 - - [04/Jan/2023 10:29:34] "GET /progress-scdg HTTP/1.1" 200 -[0m[0m
[1;32;40mINFO - 2023-01-04 10:29:36,402 - [31mToolChainExplorerAnotherCDFS[0m - [31mEnd of the trace number 0 with errors[0m[0m
[1;32;40mINFO - 2023-01-04 10:29:36,403 - [31mToolChainExplorerAnotherCDFS[0m - <SimState @ 0x100184c4>[0m
[1;32;40mINFO - 2023-01-04 10:29:36,403 - [31mToolChainExplorerAnotherCDFS[0m - IR decoding error at 0x100184c4. You can hook this instruction with a python replacement using project.hook(0x100184c4, your_function, length=length_of_instruction).[0m
[1;32;40mINFO - 2023-01-04 10:29:36,403 - [31mToolChainExplorerAnotherCDFS[0m - [31mlen(simgr.active) <= 0 or deadended >= self.max_end_state)[0m[0m
[1;32;40mINFO - 2023-01-04 10:29:36,405 - [37mGraphBuilder[0m - [37mOutput dir :src/output/runs/69//Gh0stRAT[0m[0m
