[1;33;40mWARNING - 2023-01-04 10:00:37,075 - [34mangr.project[0m - [34mDisabling IRSB translation cache because support for self-modifying code is enabled.[0m[0m
[1;32;40mINFO - 2023-01-04 10:00:37,381 - [33mwerkzeug[0m - [33m172.17.0.1 - - [04/Jan/2023 10:00:37] "GET /iteration-scdg HTTP/1.1" 200 -[0m[0m
[1;32;40mINFO - 2023-01-04 10:00:37,383 - [33mwerkzeug[0m - [33m172.17.0.1 - - [04/Jan/2023 10:00:37] "GET /progress-scdg HTTP/1.1" 200 -[0m[0m
[1;32;40mINFO - 2023-01-04 10:00:38,023 - [33mwerkzeug[0m - [33m172.17.0.1 - - [04/Jan/2023 10:00:38] "GET /iteration-scdg HTTP/1.1" 200 -[0m[0m
[1;32;40mINFO - 2023-01-04 10:00:38,035 - [33mwerkzeug[0m - [33m172.17.0.1 - - [04/Jan/2023 10:00:38] "GET /progress-scdg HTTP/1.1" 200 -[0m[0m
[1;32;40mINFO - 2023-01-04 10:00:40,032 - [33mwerkzeug[0m - [33m172.17.0.1 - - [04/Jan/2023 10:00:40] "GET /iteration-scdg HTTP/1.1" 200 -[0m[0m
[1;32;40mINFO - 2023-01-04 10:00:40,054 - [33mwerkzeug[0m - [33m172.17.0.1 - - [04/Jan/2023 10:00:40] "GET /progress-scdg HTTP/1.1" 200 -[0m[0m
[1;32;40mINFO - 2023-01-04 10:00:41,251 - [36mCustomSimProcedure[0m - {"ordinal.823.b'mfc42.dll'": 5242880, "ordinal.825.b'mfc42.dll'": 5242884, '_controlfp': 5242888, '__set_app_type': 5242892, '__p__fmode': 5242896, '__p__commode': 5242900, '_adjust_fdiv': 5242904, '__setusermatherr': 5242908, '_initterm': 5242912, '__getmainargs': 5242916, '_acmdln': 5242920, 'exit': 5242924, '_XcptFilter': 5242928, '_exit': 5242932, '_except_handler3': 5242936, 'strstr': 5242940, 'strcspn': 5242944, 'strncpy': 5242948, 'atoi': 5242952, 'time': 5242956, 'srand': 5242960, 'rand': 5242964, 'realloc': 5242968, 'free': 5242972, 'malloc': 5242976, 'sprintf': 5242980, 'ReleaseMutex': 5242984, 'Sleep': 5242988, 'lstrcpyA': 5242992, 'CreateProcessA': 5242996, 'TerminateProcess': 5243000, 'ExitThread': 5243004, 'GetStartupInfoA': 5243008, 'GetModuleHandleA': 5243012, 'WaitForSingleObject': 5243016, 'GetModuleFileNameA': 5243020, 'CreateFileA': 5243024, 'SetFilePointer': 5243028, 'WriteFile': 5243032, 'lstrcpynA': 5243036, 'lstrlenA': 5243040, 'OpenMutexA': 5243044, 'GetComputerNameA': 5243048, 'ExitProcess': 5243052, 'GetCurrentProcess': 5243056, 'GetCurrentThread': 5243060, 'CloseHandle': 5243064, 'CreateThread': 5243068, 'LoadLibraryA': 5243072, 'GetProcAddress': 5243076, 'GetSystemDefaultUILanguage': 5243080, 'GetTickCount': 5243084, 'wsprintfA': 5243088, 'ShellExecuteA': 5243092, 'ShellExecuteExA': 5243096, 'SHChangeNotify': 5243100, 'SHDeleteKeyA': 5243104, 'setsockopt': 5243108, 'recv': 5243112, '__WSAFDIsSet': 5243116, 'select': 5243120, 'send': 5243124, 'WSAIoctl': 5243128, 'WSAStartup': 5243132, 'htons': 5243136, 'inet_ntoa': 5243140, 'htonl': 5243144, 'socket': 5243148, 'connect': 5243152, 'closesocket': 5243156, 'inet_addr': 5243160, 'sendto': 5243164, 'WSACleanup': 5243168, 'GetAdaptersInfo': 5243172, 'GetIfTable': 5243176, 'KiUserExceptionDispatcher': 6295572, '_fmode': 6295576, '_commode': 6295580, '_wcmdln': 6295584}[0m
[1;33;40mWARNING - 2023-01-04 10:00:41,259 - [34mangr.project[0m - [34mAddress is already hooked, during hook(0x5000d8, <SimProcedure ShellExecuteExA>). Not re-hooking.[0m[0m
[1;33;40mWARNING - 2023-01-04 10:00:41,259 - [34mangr.project[0m - [34mAddress is already hooked, during hook(0x5000d4, <SimProcedure ShellExecuteA>). Not re-hooking.[0m[0m
[1;33;40mWARNING - 2023-01-04 10:00:41,260 - [34mangr.project[0m - [34mAddress is already hooked, during hook(0x5000dc, <SimProcedure SHChangeNotify>). Not re-hooking.[0m[0m
[1;33;40mWARNING - 2023-01-04 10:00:41,297 - [34mangr.project[0m - [34mAddress is already hooked, during hook(0x5000e0, <SimProcedure SHDeleteKeyA>). Not re-hooking.[0m[0m
[1;32;40mINFO - 2023-01-04 10:00:41,324 - [36mCustomSimProcedure[0m - [36mWas in angr :msvcrt.dll[0m[0m
[1;32;40mINFO - 2023-01-04 10:00:41,383 - [36mCustomSimProcedure[0m - [36mWas in angr :kernel32.dll[0m[0m
[1;32;40mINFO - 2023-01-04 10:00:41,487 - [36mCustomSimProcedure[0m - [36mWas in angr :user32.dll[0m[0m
[1;33;40mWARNING - 2023-01-04 10:00:41,491 - [36mCustomSimProcedure[0m - [36mProcedure wsprintfA in DLL user32.dll has 3 arguments in json and 2 arguments in angr prototype. Taking number of arguments from json.[0m[0m
[1;33;40mWARNING - 2023-01-04 10:00:41,492 - [36mCustomSimProcedure[0m - [36mProcedure wsprintfW in DLL user32.dll has 3 arguments in json and 2 arguments in angr prototype. Taking number of arguments from json.[0m[0m
[1;33;40mWARNING - 2023-01-04 10:00:41,551 - [34mangr.project[0m - [34mAddress is already hooked, during hook(0x5000f4, <SimProcedure send>). Not re-hooking.[0m[0m
[1;33;40mWARNING - 2023-01-04 10:00:41,552 - [34mangr.project[0m - [34mAddress is already hooked, during hook(0x500118, <SimProcedure inet_addr>). Not re-hooking.[0m[0m
[1;33;40mWARNING - 2023-01-04 10:00:41,552 - [34mangr.project[0m - [34mAddress is already hooked, during hook(0x5000ec, <SimProcedure __WSAFDIsSet>). Not re-hooking.[0m[0m
[1;33;40mWARNING - 2023-01-04 10:00:41,552 - [34mangr.project[0m - [34mAddress is already hooked, during hook(0x5000e4, <SimProcedure setsockopt>). Not re-hooking.[0m[0m
[1;33;40mWARNING - 2023-01-04 10:00:41,552 - [34mangr.project[0m - [34mAddress is already hooked, during hook(0x5000fc, <SimProcedure WSAStartup>). Not re-hooking.[0m[0m
[1;33;40mWARNING - 2023-01-04 10:00:41,553 - [34mangr.project[0m - [34mAddress is already hooked, during hook(0x500114, <SimProcedure closesocket>). Not re-hooking.[0m[0m
[1;33;40mWARNING - 2023-01-04 10:00:41,553 - [34mangr.project[0m - [34mAddress is already hooked, during hook(0x500108, <SimProcedure htonl>). Not re-hooking.[0m[0m
[1;33;40mWARNING - 2023-01-04 10:00:41,553 - [34mangr.project[0m - [34mAddress is already hooked, during hook(0x500100, <SimProcedure htons>). Not re-hooking.[0m[0m
[1;33;40mWARNING - 2023-01-04 10:00:41,553 - [34mangr.project[0m - [34mAddress is already hooked, during hook(0x500120, <SimProcedure WSACleanup>). Not re-hooking.[0m[0m
[1;33;40mWARNING - 2023-01-04 10:00:41,558 - [34mangr.project[0m - [34mAddress is already hooked, during hook(0x50004c, <SimProcedure time>). Not re-hooking.[0m[0m
[1;33;40mWARNING - 2023-01-04 10:00:41,558 - [34mangr.project[0m - [34mAddress is already hooked, during hook(0x601014, <SimProcedure KiUserExceptionDispatcher>). Not re-hooking.[0m[0m
[1;32;40mINFO - 2023-01-04 10:00:41,559 - [36mCustomSimProcedure[0m - [36mNo hooks for: {"ordinal.823.b'mfc42.dll'": 5242880, "ordinal.825.b'mfc42.dll'": 5242884, '_controlfp': 5242888, '__set_app_type': 5242892, '_adjust_fdiv': 5242904, '__setusermatherr': 5242908, '_initterm': 5242912, '__getmainargs': 5242916, '_acmdln': 5242920, '_XcptFilter': 5242928, '_except_handler3': 5242936, 'WSAIoctl': 5243128, 'GetIfTable': 5243176, '_fmode': 6295576, '_commode': 6295580, '_wcmdln': 6295584}[0m[0m
[1;32;40mINFO - 2023-01-04 10:00:41,559 - [36mCustomSimProcedure[0m - [36mcustom_hook_static[0m[0m
[1;32;40mINFO - 2023-01-04 10:00:41,559 - [36mCustomSimProcedure[0m - [36mmfc42.dll[0m[0m
[1;32;40mINFO - 2023-01-04 10:00:41,559 - [36mCustomSimProcedure[0m - [36m823[0m[0m
[1;32;40mINFO - 2023-01-04 10:00:41,559 - [36mCustomSimProcedure[0m - [36mmfc42.dll[0m[0m
[1;32;40mINFO - 2023-01-04 10:00:41,560 - [36mCustomSimProcedure[0m - [36m825[0m[0m
[1;33;40mWARNING - 2023-01-04 10:00:41,560 - [34mangr.project[0m - [34mAddress is already hooked, during hook(0x400000, <SimProcedure __p__commode>). Not re-hooking.[0m[0m
[1;33;40mWARNING - 2023-01-04 10:00:41,560 - [34mangr.project[0m - [34mAddress is already hooked, during hook(0x400000, <SimProcedure _initterm>). Not re-hooking.[0m[0m
[1;33;40mWARNING - 2023-01-04 10:00:41,560 - [34mangr.project[0m - [34mAddress is already hooked, during hook(0x400000, <SimProcedure __getmainargs>). Not re-hooking.[0m[0m
[1;33;40mWARNING - 2023-01-04 10:00:41,561 - [34mangr.project[0m - [34mAddress is already hooked, during hook(0x400000, <SimProcedure exit>). Not re-hooking.[0m[0m
[1;33;40mWARNING - 2023-01-04 10:00:41,561 - [34mangr.project[0m - [34mAddress is already hooked, during hook(0x400000, <SimProcedure strstr>). Not re-hooking.[0m[0m
[1;33;40mWARNING - 2023-01-04 10:00:41,561 - [34mangr.project[0m - [34mAddress is already hooked, during hook(0x400000, <SimProcedure strncpy>). Not re-hooking.[0m[0m
[1;33;40mWARNING - 2023-01-04 10:00:41,561 - [34mangr.project[0m - [34mAddress is already hooked, during hook(0x400000, <SimProcedure atoi>). Not re-hooking.[0m[0m
[1;33;40mWARNING - 2023-01-04 10:00:41,561 - [34mangr.project[0m - [34mAddress is already hooked, during hook(0x400000, <SimProcedure time>). Not re-hooking.[0m[0m
[1;33;40mWARNING - 2023-01-04 10:00:41,562 - [34mangr.project[0m - [34mAddress is already hooked, during hook(0x400000, <SimProcedure srand>). Not re-hooking.[0m[0m
[1;33;40mWARNING - 2023-01-04 10:00:41,562 - [34mangr.project[0m - [34mAddress is already hooked, during hook(0x400000, <SimProcedure rand>). Not re-hooking.[0m[0m
[1;33;40mWARNING - 2023-01-04 10:00:41,562 - [34mangr.project[0m - [34mAddress is already hooked, during hook(0x400000, <SimProcedure realloc>). Not re-hooking.[0m[0m
[1;33;40mWARNING - 2023-01-04 10:00:41,562 - [34mangr.project[0m - [34mAddress is already hooked, during hook(0x400000, <SimProcedure free>). Not re-hooking.[0m[0m
[1;33;40mWARNING - 2023-01-04 10:00:41,563 - [34mangr.project[0m - [34mAddress is already hooked, during hook(0x400000, <SimProcedure malloc>). Not re-hooking.[0m[0m
[1;33;40mWARNING - 2023-01-04 10:00:41,563 - [34mangr.project[0m - [34mAddress is already hooked, during hook(0x400000, <SimProcedure sprintf>). Not re-hooking.[0m[0m
[1;33;40mWARNING - 2023-01-04 10:00:41,563 - [34mangr.project[0m - [34mAddress is already hooked, during hook(0x400000, <SimProcedure WriteFile>). Not re-hooking.[0m[0m
[1;33;40mWARNING - 2023-01-04 10:00:41,564 - [34mangr.project[0m - [34mAddress is already hooked, during hook(0x400000, <SimProcedure ExitProcess>). Not re-hooking.[0m[0m
[1;33;40mWARNING - 2023-01-04 10:00:41,564 - [34mangr.project[0m - [34mAddress is already hooked, during hook(0x400000, <SimProcedure GetTickCount>). Not re-hooking.[0m[0m
[1;33;40mWARNING - 2023-01-04 10:00:41,564 - [34mangr.project[0m - [34mAddress is already hooked, during hook(0x400000, <SimProcedure setsockopt>). Not re-hooking.[0m[0m
[1;33;40mWARNING - 2023-01-04 10:00:41,565 - [34mangr.project[0m - [34mAddress is already hooked, during hook(0x400000, <SimProcedure recv>). Not re-hooking.[0m[0m
[1;33;40mWARNING - 2023-01-04 10:00:41,565 - [34mangr.project[0m - [34mAddress is already hooked, during hook(0x400000, <SimProcedure select>). Not re-hooking.[0m[0m
[1;33;40mWARNING - 2023-01-04 10:00:41,565 - [34mangr.project[0m - [34mAddress is already hooked, during hook(0x400000, <SimProcedure send>). Not re-hooking.[0m[0m
[1;33;40mWARNING - 2023-01-04 10:00:41,565 - [34mangr.project[0m - [34mAddress is already hooked, during hook(0x400000, <SimProcedure htons>). Not re-hooking.[0m[0m
[1;33;40mWARNING - 2023-01-04 10:00:41,565 - [34mangr.project[0m - [34mAddress is already hooked, during hook(0x400000, <SimProcedure inet_ntoa>). Not re-hooking.[0m[0m
[1;33;40mWARNING - 2023-01-04 10:00:41,566 - [34mangr.project[0m - [34mAddress is already hooked, during hook(0x400000, <SimProcedure htonl>). Not re-hooking.[0m[0m
[1;33;40mWARNING - 2023-01-04 10:00:41,566 - [34mangr.project[0m - [34mAddress is already hooked, during hook(0x400000, <SimProcedure socket>). Not re-hooking.[0m[0m
[1;32;40mINFO - 2023-01-04 10:00:41,566 - [36mCustomSimProcedure[0m - [36mmfc42.dll[0m[0m
[1;32;40mINFO - 2023-01-04 10:00:41,566 - [36mCustomSimProcedure[0m - [36m823[0m[0m
[1;32;40mINFO - 2023-01-04 10:00:41,566 - [36mCustomSimProcedure[0m - [36mmfc42.dll[0m[0m
[1;32;40mINFO - 2023-01-04 10:00:41,566 - [36mCustomSimProcedure[0m - [36m825[0m[0m
[1;33;40mWARNING - 2023-01-04 10:00:41,567 - [34mangr.project[0m - [34mAddress is already hooked, during hook(0x500010, <SimProcedure __p__fmode>). Not re-hooking.[0m[0m
[1;33;40mWARNING - 2023-01-04 10:00:41,567 - [34mangr.project[0m - [34mAddress is already hooked, during hook(0x500014, <SimProcedure __p__commode>). Not re-hooking.[0m[0m
[1;33;40mWARNING - 2023-01-04 10:00:41,567 - [34mangr.project[0m - [34mAddress is already hooked, during hook(0x500020, <SimProcedure _initterm>). Not re-hooking.[0m[0m
[1;33;40mWARNING - 2023-01-04 10:00:41,567 - [34mangr.project[0m - [34mAddress is already hooked, during hook(0x500024, <SimProcedure __getmainargs>). Not re-hooking.[0m[0m
[1;33;40mWARNING - 2023-01-04 10:00:41,567 - [34mangr.project[0m - [34mAddress is already hooked, during hook(0x50002c, <SimProcedure exit>). Not re-hooking.[0m[0m
[1;33;40mWARNING - 2023-01-04 10:00:41,568 - [34mangr.project[0m - [34mAddress is already hooked, during hook(0x50003c, <SimProcedure strstr>). Not re-hooking.[0m[0m
[1;33;40mWARNING - 2023-01-04 10:00:41,568 - [34mangr.project[0m - [34mAddress is already hooked, during hook(0x500044, <SimProcedure strncpy>). Not re-hooking.[0m[0m
[1;33;40mWARNING - 2023-01-04 10:00:41,568 - [34mangr.project[0m - [34mAddress is already hooked, during hook(0x500048, <SimProcedure atoi>). Not re-hooking.[0m[0m
[1;33;40mWARNING - 2023-01-04 10:00:41,568 - [34mangr.project[0m - [34mAddress is already hooked, during hook(0x50004c, <SimProcedure time>). Not re-hooking.[0m[0m
[1;33;40mWARNING - 2023-01-04 10:00:41,568 - [34mangr.project[0m - [34mAddress is already hooked, during hook(0x500050, <SimProcedure srand>). Not re-hooking.[0m[0m
[1;33;40mWARNING - 2023-01-04 10:00:41,568 - [34mangr.project[0m - [34mAddress is already hooked, during hook(0x500054, <SimProcedure rand>). Not re-hooking.[0m[0m
[1;33;40mWARNING - 2023-01-04 10:00:41,569 - [34mangr.project[0m - [34mAddress is already hooked, during hook(0x500058, <SimProcedure realloc>). Not re-hooking.[0m[0m
[1;33;40mWARNING - 2023-01-04 10:00:41,569 - [34mangr.project[0m - [34mAddress is already hooked, during hook(0x50005c, <SimProcedure free>). Not re-hooking.[0m[0m
[1;33;40mWARNING - 2023-01-04 10:00:41,569 - [34mangr.project[0m - [34mAddress is already hooked, during hook(0x500060, <SimProcedure malloc>). Not re-hooking.[0m[0m
[1;33;40mWARNING - 2023-01-04 10:00:41,569 - [34mangr.project[0m - [34mAddress is already hooked, during hook(0x500064, <SimProcedure sprintf>). Not re-hooking.[0m[0m
[1;33;40mWARNING - 2023-01-04 10:00:41,569 - [34mangr.project[0m - [34mAddress is already hooked, during hook(0x500098, <SimProcedure WriteFile>). Not re-hooking.[0m[0m
[1;33;40mWARNING - 2023-01-04 10:00:41,570 - [34mangr.project[0m - [34mAddress is already hooked, during hook(0x5000ac, <SimProcedure ExitProcess>). Not re-hooking.[0m[0m
[1;33;40mWARNING - 2023-01-04 10:00:41,570 - [34mangr.project[0m - [34mAddress is already hooked, during hook(0x5000cc, <SimProcedure GetTickCount>). Not re-hooking.[0m[0m
[1;33;40mWARNING - 2023-01-04 10:00:41,570 - [34mangr.project[0m - [34mAddress is already hooked, during hook(0x5000e4, <SimProcedure setsockopt>). Not re-hooking.[0m[0m
[1;33;40mWARNING - 2023-01-04 10:00:41,570 - [34mangr.project[0m - [34mAddress is already hooked, during hook(0x5000e8, <SimProcedure recv>). Not re-hooking.[0m[0m
[1;33;40mWARNING - 2023-01-04 10:00:41,571 - [34mangr.project[0m - [34mAddress is already hooked, during hook(0x5000f0, <SimProcedure select>). Not re-hooking.[0m[0m
[1;33;40mWARNING - 2023-01-04 10:00:41,571 - [34mangr.project[0m - [34mAddress is already hooked, during hook(0x5000f4, <SimProcedure send>). Not re-hooking.[0m[0m
[1;33;40mWARNING - 2023-01-04 10:00:41,571 - [34mangr.project[0m - [34mAddress is already hooked, during hook(0x500100, <SimProcedure htons>). Not re-hooking.[0m[0m
[1;33;40mWARNING - 2023-01-04 10:00:41,571 - [34mangr.project[0m - [34mAddress is already hooked, during hook(0x500104, <SimProcedure inet_ntoa>). Not re-hooking.[0m[0m
[1;33;40mWARNING - 2023-01-04 10:00:41,571 - [34mangr.project[0m - [34mAddress is already hooked, during hook(0x500108, <SimProcedure htonl>). Not re-hooking.[0m[0m
[1;33;40mWARNING - 2023-01-04 10:00:41,572 - [34mangr.project[0m - [34mAddress is already hooked, during hook(0x50010c, <SimProcedure socket>). Not re-hooking.[0m[0m
[1;33;40mWARNING - 2023-01-04 10:00:41,572 - [34mangr.project[0m - [34mAddress is already hooked, during hook(0x601014, <SimProcedure KiUserExceptionDispatcher>). Not re-hooking.[0m[0m
[1;32;40mINFO - 2023-01-04 10:00:41,572 - [36mCustomSimProcedure[0m - [36mcustom_hook_windows_symbols[0m[0m
[1;32;40mINFO - 2023-01-04 10:00:42,405 - [33mwerkzeug[0m - [33m172.17.0.1 - - [04/Jan/2023 10:00:42] "GET /iteration-scdg HTTP/1.1" 200 -[0m[0m
[1;32;40mINFO - 2023-01-04 10:00:42,416 - [33mwerkzeug[0m - [33m172.17.0.1 - - [04/Jan/2023 10:00:42] "GET /progress-scdg HTTP/1.1" 200 -[0m[0m
[1;32;40mINFO - 2023-01-04 10:00:43,031 - [33mwerkzeug[0m - [33m172.17.0.1 - - [04/Jan/2023 10:00:43] "GET /iteration-scdg HTTP/1.1" 200 -[0m[0m
[1;32;40mINFO - 2023-01-04 10:00:43,038 - [33mwerkzeug[0m - [33m172.17.0.1 - - [04/Jan/2023 10:00:43] "GET /progress-scdg HTTP/1.1" 200 -[0m[0m
[1;33;40mWARNING - 2023-01-04 10:00:44,604 - [34mangr.project[0m - [34mAddress is already hooked, during hook(0x500068, <SimProcedure ReleaseMutex>). Re-hooking.[0m[0m
[1;33;40mWARNING - 2023-01-04 10:00:44,606 - [34mangr.project[0m - [34mAddress is already hooked, during hook(0x500068, <SimProcedure ReleaseMutex>). Re-hooking.[0m[0m
[1;33;40mWARNING - 2023-01-04 10:00:44,627 - [34mangr.project[0m - [34mAddress is already hooked, during hook(0x500088, <SimProcedure WaitForSingleObject>). Re-hooking.[0m[0m
[1;33;40mWARNING - 2023-01-04 10:00:44,629 - [34mangr.project[0m - [34mAddress is already hooked, during hook(0x500088, <SimProcedure WaitForSingleObject>). Re-hooking.[0m[0m
[1;33;40mWARNING - 2023-01-04 10:00:44,695 - [34mangr.project[0m - [34mAddress is already hooked, during hook(0x5000b8, <SimProcedure CloseHandle>). Re-hooking.[0m[0m
[1;33;40mWARNING - 2023-01-04 10:00:44,697 - [34mangr.project[0m - [34mAddress is already hooked, during hook(0x5000b8, <SimProcedure CloseHandle>). Re-hooking.[0m[0m
[1;33;40mWARNING - 2023-01-04 10:00:44,871 - [34mangr.project[0m - [34mAddress is already hooked, during hook(0x500074, <SimProcedure CreateProcessA>). Re-hooking.[0m[0m
[1;33;40mWARNING - 2023-01-04 10:00:44,873 - [34mangr.project[0m - [34mAddress is already hooked, during hook(0x500074, <SimProcedure CreateProcessA>). Re-hooking.[0m[0m
[1;32;40mINFO - 2023-01-04 10:00:45,043 - [33mwerkzeug[0m - [33m172.17.0.1 - - [04/Jan/2023 10:00:45] "GET /iteration-scdg HTTP/1.1" 200 -[0m[0m
[1;32;40mINFO - 2023-01-04 10:00:45,060 - [33mwerkzeug[0m - [33m172.17.0.1 - - [04/Jan/2023 10:00:45] "GET /progress-scdg HTTP/1.1" 200 -[0m[0m
[1;33;40mWARNING - 2023-01-04 10:00:45,142 - [34mangr.project[0m - [34mAddress is already hooked, during hook(0x50007c, <SimProcedure ExitThread>). Re-hooking.[0m[0m
[1;33;40mWARNING - 2023-01-04 10:00:45,143 - [34mangr.project[0m - [34mAddress is already hooked, during hook(0x50007c, <SimProcedure ExitThread>). Re-hooking.[0m[0m
[1;33;40mWARNING - 2023-01-04 10:00:45,498 - [34mangr.project[0m - [34mAddress is already hooked, during hook(0x5000b4, <SimProcedure GetCurrentThread>). Re-hooking.[0m[0m
[1;33;40mWARNING - 2023-01-04 10:00:45,499 - [34mangr.project[0m - [34mAddress is already hooked, during hook(0x5000b4, <SimProcedure GetCurrentThread>). Re-hooking.[0m[0m
[1;33;40mWARNING - 2023-01-04 10:00:45,793 - [34mangr.project[0m - [34mAddress is already hooked, during hook(0x500080, <SimProcedure GetStartupInfoA>). Re-hooking.[0m[0m
[1;33;40mWARNING - 2023-01-04 10:00:45,795 - [34mangr.project[0m - [34mAddress is already hooked, during hook(0x500080, <SimProcedure GetStartupInfoA>). Re-hooking.[0m[0m
[1;33;40mWARNING - 2023-01-04 10:00:46,244 - [34mangr.project[0m - [34mAddress is already hooked, during hook(0x5000a4, <SimProcedure OpenMutexA>). Re-hooking.[0m[0m
[1;33;40mWARNING - 2023-01-04 10:00:46,245 - [34mangr.project[0m - [34mAddress is already hooked, during hook(0x5000a4, <SimProcedure OpenMutexA>). Re-hooking.[0m[0m
[1;33;40mWARNING - 2023-01-04 10:00:46,650 - [34mangr.project[0m - [34mAddress is already hooked, during hook(0x500094, <SimProcedure SetFilePointer>). Re-hooking.[0m[0m
[1;33;40mWARNING - 2023-01-04 10:00:46,651 - [34mangr.project[0m - [34mAddress is already hooked, during hook(0x500094, <SimProcedure SetFilePointer>). Re-hooking.[0m[0m
[1;33;40mWARNING - 2023-01-04 10:00:46,824 - [34mangr.project[0m - [34mAddress is already hooked, during hook(0x50006c, <SimProcedure Sleep>). Re-hooking.[0m[0m
[1;33;40mWARNING - 2023-01-04 10:00:46,826 - [34mangr.project[0m - [34mAddress is already hooked, during hook(0x50006c, <SimProcedure Sleep>). Re-hooking.[0m[0m
[1;33;40mWARNING - 2023-01-04 10:00:46,963 - [34mangr.project[0m - [34mAddress is already hooked, during hook(0x500088, <SimProcedure WaitForSingleObject>). Re-hooking.[0m[0m
[1;33;40mWARNING - 2023-01-04 10:00:46,965 - [34mangr.project[0m - [34mAddress is already hooked, during hook(0x500088, <SimProcedure WaitForSingleObject>). Re-hooking.[0m[0m
[1;33;40mWARNING - 2023-01-04 10:00:47,123 - [34mangr.project[0m - [34mAddress is already hooked, during hook(0x5000a0, <SimProcedure lstrlenA>). Re-hooking.[0m[0m
[1;33;40mWARNING - 2023-01-04 10:00:47,125 - [34mangr.project[0m - [34mAddress is already hooked, during hook(0x5000a0, <SimProcedure lstrlenA>). Re-hooking.[0m[0m
[1;33;40mWARNING - 2023-01-04 10:00:47,238 - [34mangr.project[0m - [34mAddress is already hooked, during hook(0x50007c, <SimProcedure ExitThread>). Re-hooking.[0m[0m
[1;33;40mWARNING - 2023-01-04 10:00:47,240 - [34mangr.project[0m - [34mAddress is already hooked, during hook(0x50007c, <SimProcedure ExitThread>). Re-hooking.[0m[0m
[1;32;40mINFO - 2023-01-04 10:00:47,398 - [33mwerkzeug[0m - [33m172.17.0.1 - - [04/Jan/2023 10:00:47] "GET /iteration-scdg HTTP/1.1" 200 -[0m[0m
[1;32;40mINFO - 2023-01-04 10:00:47,410 - [33mwerkzeug[0m - [33m172.17.0.1 - - [04/Jan/2023 10:00:47] "GET /progress-scdg HTTP/1.1" 200 -[0m[0m
[1;33;40mWARNING - 2023-01-04 10:00:47,533 - [34mangr.project[0m - [34mAddress is already hooked, during hook(0x500074, <SimProcedure CreateProcessA>). Re-hooking.[0m[0m
[1;33;40mWARNING - 2023-01-04 10:00:47,534 - [34mangr.project[0m - [34mAddress is already hooked, during hook(0x500074, <SimProcedure CreateProcessA>). Re-hooking.[0m[0m
[1;33;40mWARNING - 2023-01-04 10:00:47,706 - [34mangr.project[0m - [34mAddress is already hooked, during hook(0x500094, <SimProcedure SetFilePointer>). Re-hooking.[0m[0m
[1;33;40mWARNING - 2023-01-04 10:00:47,707 - [34mangr.project[0m - [34mAddress is already hooked, during hook(0x500094, <SimProcedure SetFilePointer>). Re-hooking.[0m[0m
[1;33;40mWARNING - 2023-01-04 10:00:47,770 - [34mangr.project[0m - [34mAddress is already hooked, during hook(0x5000b0, <SimProcedure GetCurrentProcess>). Re-hooking.[0m[0m
[1;33;40mWARNING - 2023-01-04 10:00:47,772 - [34mangr.project[0m - [34mAddress is already hooked, during hook(0x5000b0, <SimProcedure GetCurrentProcess>). Re-hooking.[0m[0m
[1;32;40mINFO - 2023-01-04 10:00:48,033 - [33mwerkzeug[0m - [33m172.17.0.1 - - [04/Jan/2023 10:00:48] "GET /iteration-scdg HTTP/1.1" 200 -[0m[0m
[1;32;40mINFO - 2023-01-04 10:00:48,040 - [33mwerkzeug[0m - [33m172.17.0.1 - - [04/Jan/2023 10:00:48] "GET /progress-scdg HTTP/1.1" 200 -[0m[0m
[1;33;40mWARNING - 2023-01-04 10:00:48,167 - [34mangr.project[0m - [34mAddress is already hooked, during hook(0x5000c8, <SimProcedure GetSystemDefaultUILanguage>). Re-hooking.[0m[0m
[1;33;40mWARNING - 2023-01-04 10:00:48,169 - [34mangr.project[0m - [34mAddress is already hooked, during hook(0x5000c8, <SimProcedure GetSystemDefaultUILanguage>). Re-hooking.[0m[0m
[1;33;40mWARNING - 2023-01-04 10:00:48,237 - [34mangr.project[0m - [34mAddress is already hooked, during hook(0x5000b4, <SimProcedure GetCurrentThread>). Re-hooking.[0m[0m
[1;33;40mWARNING - 2023-01-04 10:00:48,239 - [34mangr.project[0m - [34mAddress is already hooked, during hook(0x5000b4, <SimProcedure GetCurrentThread>). Re-hooking.[0m[0m
[1;33;40mWARNING - 2023-01-04 10:00:48,275 - [34mangr.project[0m - [34mAddress is already hooked, during hook(0x5000b0, <SimProcedure GetCurrentProcess>). Re-hooking.[0m[0m
[1;33;40mWARNING - 2023-01-04 10:00:48,277 - [34mangr.project[0m - [34mAddress is already hooked, during hook(0x5000b0, <SimProcedure GetCurrentProcess>). Re-hooking.[0m[0m
[1;33;40mWARNING - 2023-01-04 10:00:48,404 - [34mangr.project[0m - [34mAddress is already hooked, during hook(0x5000a0, <SimProcedure lstrlenA>). Re-hooking.[0m[0m
[1;33;40mWARNING - 2023-01-04 10:00:48,405 - [34mangr.project[0m - [34mAddress is already hooked, during hook(0x5000a0, <SimProcedure lstrlenA>). Re-hooking.[0m[0m
[1;33;40mWARNING - 2023-01-04 10:00:48,631 - [34mangr.project[0m - [34mAddress is already hooked, during hook(0x5000a4, <SimProcedure OpenMutexA>). Re-hooking.[0m[0m
[1;33;40mWARNING - 2023-01-04 10:00:48,635 - [34mangr.project[0m - [34mAddress is already hooked, during hook(0x5000a4, <SimProcedure OpenMutexA>). Re-hooking.[0m[0m
[1;33;40mWARNING - 2023-01-04 10:00:48,737 - [34mangr.project[0m - [34mAddress is already hooked, during hook(0x5000c8, <SimProcedure GetSystemDefaultUILanguage>). Re-hooking.[0m[0m
[1;33;40mWARNING - 2023-01-04 10:00:48,739 - [34mangr.project[0m - [34mAddress is already hooked, during hook(0x5000c8, <SimProcedure GetSystemDefaultUILanguage>). Re-hooking.[0m[0m
[1;33;40mWARNING - 2023-01-04 10:00:48,834 - [34mangr.project[0m - [34mAddress is already hooked, during hook(0x5000b8, <SimProcedure CloseHandle>). Re-hooking.[0m[0m
[1;33;40mWARNING - 2023-01-04 10:00:48,836 - [34mangr.project[0m - [34mAddress is already hooked, during hook(0x5000b8, <SimProcedure CloseHandle>). Re-hooking.[0m[0m
[1;33;40mWARNING - 2023-01-04 10:00:49,180 - [34mangr.project[0m - [34mAddress is already hooked, during hook(0x500068, <SimProcedure ReleaseMutex>). Re-hooking.[0m[0m
[1;33;40mWARNING - 2023-01-04 10:00:49,181 - [34mangr.project[0m - [34mAddress is already hooked, during hook(0x500068, <SimProcedure ReleaseMutex>). Re-hooking.[0m[0m
[1;33;40mWARNING - 2023-01-04 10:00:49,325 - [34mangr.project[0m - [34mAddress is already hooked, during hook(0x500080, <SimProcedure GetStartupInfoA>). Re-hooking.[0m[0m
[1;33;40mWARNING - 2023-01-04 10:00:49,326 - [34mangr.project[0m - [34mAddress is already hooked, during hook(0x500080, <SimProcedure GetStartupInfoA>). Re-hooking.[0m[0m
[1;33;40mWARNING - 2023-01-04 10:00:49,577 - [34mangr.project[0m - [34mAddress is already hooked, during hook(0x50006c, <SimProcedure Sleep>). Re-hooking.[0m[0m
[1;33;40mWARNING - 2023-01-04 10:00:49,578 - [34mangr.project[0m - [34mAddress is already hooked, during hook(0x50006c, <SimProcedure Sleep>). Re-hooking.[0m[0m
[1;32;40mINFO - 2023-01-04 10:00:50,028 - [33mwerkzeug[0m - [33m172.17.0.1 - - [04/Jan/2023 10:00:50] "GET /iteration-scdg HTTP/1.1" 200 -[0m[0m
[1;32;40mINFO - 2023-01-04 10:00:50,055 - [33mwerkzeug[0m - [33m172.17.0.1 - - [04/Jan/2023 10:00:50] "GET /progress-scdg HTTP/1.1" 200 -[0m[0m
[1;33;40mWARNING - 2023-01-04 10:00:50,730 - [34mangr.project[0m - [34mAddress is already hooked, during hook(0x500034, <SimProcedure _exit>). Re-hooking.[0m[0m
[1;33;40mWARNING - 2023-01-04 10:00:50,731 - [34mangr.project[0m - [34mAddress is already hooked, during hook(0x500034, <SimProcedure _exit>). Re-hooking.[0m[0m
[1;33;40mWARNING - 2023-01-04 10:00:51,312 - [34mangr.project[0m - [34mAddress is already hooked, during hook(0x500040, <SimProcedure strcspn>). Re-hooking.[0m[0m
[1;33;40mWARNING - 2023-01-04 10:00:51,313 - [34mangr.project[0m - [34mAddress is already hooked, during hook(0x500040, <SimProcedure strcspn>). Re-hooking.[0m[0m
[1;33;40mWARNING - 2023-01-04 10:00:51,656 - [34mangr.project[0m - [34mAddress is already hooked, during hook(0x500040, <SimProcedure strcspn>). Re-hooking.[0m[0m
[1;33;40mWARNING - 2023-01-04 10:00:51,658 - [34mangr.project[0m - [34mAddress is already hooked, during hook(0x500040, <SimProcedure strcspn>). Re-hooking.[0m[0m
[1;33;40mWARNING - 2023-01-04 10:00:51,828 - [34mangr.project[0m - [34mAddress is already hooked, during hook(0x500034, <SimProcedure _exit>). Re-hooking.[0m[0m
[1;33;40mWARNING - 2023-01-04 10:00:51,830 - [34mangr.project[0m - [34mAddress is already hooked, during hook(0x500034, <SimProcedure _exit>). Re-hooking.[0m[0m
[1;33;40mWARNING - 2023-01-04 10:00:52,217 - [34mangr.project[0m - [34mAddress is already hooked, during hook(0x5000e0, <SimProcedure SHDeleteKeyA>). Re-hooking.[0m[0m
[1;33;40mWARNING - 2023-01-04 10:00:52,218 - [34mangr.project[0m - [34mAddress is already hooked, during hook(0x5000e0, <SimProcedure SHDeleteKeyA>). Re-hooking.[0m[0m
[1;32;40mINFO - 2023-01-04 10:00:52,391 - [33mwerkzeug[0m - [33m172.17.0.1 - - [04/Jan/2023 10:00:52] "GET /iteration-scdg HTTP/1.1" 200 -[0m[0m
[1;32;40mINFO - 2023-01-04 10:00:52,403 - [33mwerkzeug[0m - [33m172.17.0.1 - - [04/Jan/2023 10:00:52] "GET /progress-scdg HTTP/1.1" 200 -[0m[0m
[1;33;40mWARNING - 2023-01-04 10:00:52,724 - [34mangr.project[0m - [34mAddress is already hooked, during hook(0x5000e0, <SimProcedure SHDeleteKeyA>). Re-hooking.[0m[0m
[1;33;40mWARNING - 2023-01-04 10:00:52,726 - [34mangr.project[0m - [34mAddress is already hooked, during hook(0x5000e0, <SimProcedure SHDeleteKeyA>). Re-hooking.[0m[0m
[1;32;40mINFO - 2023-01-04 10:00:53,050 - [33mwerkzeug[0m - [33m172.17.0.1 - - [04/Jan/2023 10:00:53] "GET /iteration-scdg HTTP/1.1" 200 -[0m[0m
[1;32;40mINFO - 2023-01-04 10:00:53,067 - [33mwerkzeug[0m - [33m172.17.0.1 - - [04/Jan/2023 10:00:53] "GET /progress-scdg HTTP/1.1" 200 -[0m[0m
[1;33;40mWARNING - 2023-01-04 10:00:53,627 - [34mangr.project[0m - [34mAddress is already hooked, during hook(0x500114, <SimProcedure closesocket>). Re-hooking.[0m[0m
[1;33;40mWARNING - 2023-01-04 10:00:53,629 - [34mangr.project[0m - [34mAddress is already hooked, during hook(0x500114, <SimProcedure closesocket>). Re-hooking.[0m[0m
[1;33;40mWARNING - 2023-01-04 10:00:53,630 - [34mangr.project[0m - [34mAddress is already hooked, during hook(0x500110, <SimProcedure connect>). Re-hooking.[0m[0m
[1;33;40mWARNING - 2023-01-04 10:00:53,632 - [34mangr.project[0m - [34mAddress is already hooked, during hook(0x500110, <SimProcedure connect>). Re-hooking.[0m[0m
[1;33;40mWARNING - 2023-01-04 10:00:53,651 - [34mangr.project[0m - [34mAddress is already hooked, during hook(0x500118, <SimProcedure inet_addr>). Re-hooking.[0m[0m
[1;33;40mWARNING - 2023-01-04 10:00:53,652 - [34mangr.project[0m - [34mAddress is already hooked, during hook(0x500118, <SimProcedure inet_addr>). Re-hooking.[0m[0m
[1;33;40mWARNING - 2023-01-04 10:00:53,678 - [34mangr.project[0m - [34mAddress is already hooked, during hook(0x50011c, <SimProcedure sendto>). Re-hooking.[0m[0m
[1;33;40mWARNING - 2023-01-04 10:00:53,680 - [34mangr.project[0m - [34mAddress is already hooked, during hook(0x50011c, <SimProcedure sendto>). Re-hooking.[0m[0m
[1;33;40mWARNING - 2023-01-04 10:00:53,737 - [34mangr.project[0m - [34mAddress is already hooked, during hook(0x5000fc, <SimProcedure WSAStartup>). Re-hooking.[0m[0m
[1;33;40mWARNING - 2023-01-04 10:00:53,738 - [34mangr.project[0m - [34mAddress is already hooked, during hook(0x5000fc, <SimProcedure WSAStartup>). Re-hooking.[0m[0m
[1;33;40mWARNING - 2023-01-04 10:00:53,740 - [34mangr.project[0m - [34mAddress is already hooked, during hook(0x500120, <SimProcedure WSACleanup>). Re-hooking.[0m[0m
[1;33;40mWARNING - 2023-01-04 10:00:53,741 - [34mangr.project[0m - [34mAddress is already hooked, during hook(0x500120, <SimProcedure WSACleanup>). Re-hooking.[0m[0m
[1;33;40mWARNING - 2023-01-04 10:00:53,742 - [34mangr.project[0m - [34mAddress is already hooked, during hook(0x50011c, <SimProcedure sendto>). Re-hooking.[0m[0m
[1;33;40mWARNING - 2023-01-04 10:00:53,744 - [34mangr.project[0m - [34mAddress is already hooked, during hook(0x50011c, <SimProcedure sendto>). Re-hooking.[0m[0m
[1;33;40mWARNING - 2023-01-04 10:00:53,745 - [34mangr.project[0m - [34mAddress is already hooked, during hook(0x500110, <SimProcedure connect>). Re-hooking.[0m[0m
[1;33;40mWARNING - 2023-01-04 10:00:53,747 - [34mangr.project[0m - [34mAddress is already hooked, during hook(0x500110, <SimProcedure connect>). Re-hooking.[0m[0m
[1;33;40mWARNING - 2023-01-04 10:00:53,751 - [34mangr.project[0m - [34mAddress is already hooked, during hook(0x5000ec, <SimProcedure __WSAFDIsSet>). Re-hooking.[0m[0m
[1;33;40mWARNING - 2023-01-04 10:00:53,754 - [34mangr.project[0m - [34mAddress is already hooked, during hook(0x5000ec, <SimProcedure __WSAFDIsSet>). Re-hooking.[0m[0m
[1;33;40mWARNING - 2023-01-04 10:00:53,760 - [34mangr.project[0m - [34mAddress is already hooked, during hook(0x500118, <SimProcedure inet_addr>). Re-hooking.[0m[0m
[1;33;40mWARNING - 2023-01-04 10:00:53,762 - [34mangr.project[0m - [34mAddress is already hooked, during hook(0x500118, <SimProcedure inet_addr>). Re-hooking.[0m[0m
[1;33;40mWARNING - 2023-01-04 10:00:53,770 - [34mangr.project[0m - [34mAddress is already hooked, during hook(0x5000ec, <SimProcedure __WSAFDIsSet>). Re-hooking.[0m[0m
[1;33;40mWARNING - 2023-01-04 10:00:53,772 - [34mangr.project[0m - [34mAddress is already hooked, during hook(0x5000ec, <SimProcedure __WSAFDIsSet>). Re-hooking.[0m[0m
[1;33;40mWARNING - 2023-01-04 10:00:53,798 - [34mangr.project[0m - [34mAddress is already hooked, during hook(0x5000fc, <SimProcedure WSAStartup>). Re-hooking.[0m[0m
[1;33;40mWARNING - 2023-01-04 10:00:53,799 - [34mangr.project[0m - [34mAddress is already hooked, during hook(0x5000fc, <SimProcedure WSAStartup>). Re-hooking.[0m[0m
[1;33;40mWARNING - 2023-01-04 10:00:53,822 - [34mangr.project[0m - [34mAddress is already hooked, during hook(0x500114, <SimProcedure closesocket>). Re-hooking.[0m[0m
[1;33;40mWARNING - 2023-01-04 10:00:53,823 - [34mangr.project[0m - [34mAddress is already hooked, during hook(0x500114, <SimProcedure closesocket>). Re-hooking.[0m[0m
[1;33;40mWARNING - 2023-01-04 10:00:53,844 - [34mangr.project[0m - [34mAddress is already hooked, during hook(0x500120, <SimProcedure WSACleanup>). Re-hooking.[0m[0m
[1;33;40mWARNING - 2023-01-04 10:00:53,846 - [34mangr.project[0m - [34mAddress is already hooked, during hook(0x500120, <SimProcedure WSACleanup>). Re-hooking.[0m[0m
[1;33;40mWARNING - 2023-01-04 10:00:53,873 - [34mangr.project[0m - [34mAddress is already hooked, during hook(0x5000d8, <SimProcedure ShellExecuteExA>). Re-hooking.[0m[0m
[1;33;40mWARNING - 2023-01-04 10:00:53,874 - [34mangr.project[0m - [34mAddress is already hooked, during hook(0x5000d8, <SimProcedure ShellExecuteExA>). Re-hooking.[0m[0m
[1;33;40mWARNING - 2023-01-04 10:00:53,914 - [34mangr.project[0m - [34mAddress is already hooked, during hook(0x5000d4, <SimProcedure ShellExecuteA>). Re-hooking.[0m[0m
[1;33;40mWARNING - 2023-01-04 10:00:53,915 - [34mangr.project[0m - [34mAddress is already hooked, during hook(0x5000d4, <SimProcedure ShellExecuteA>). Re-hooking.[0m[0m
[1;33;40mWARNING - 2023-01-04 10:00:53,917 - [34mangr.project[0m - [34mAddress is already hooked, during hook(0x5000d8, <SimProcedure ShellExecuteExA>). Re-hooking.[0m[0m
[1;33;40mWARNING - 2023-01-04 10:00:53,918 - [34mangr.project[0m - [34mAddress is already hooked, during hook(0x5000d8, <SimProcedure ShellExecuteExA>). Re-hooking.[0m[0m
[1;33;40mWARNING - 2023-01-04 10:00:54,027 - [34mangr.project[0m - [34mAddress is already hooked, during hook(0x5000d4, <SimProcedure ShellExecuteA>). Re-hooking.[0m[0m
[1;33;40mWARNING - 2023-01-04 10:00:54,028 - [34mangr.project[0m - [34mAddress is already hooked, during hook(0x5000d4, <SimProcedure ShellExecuteA>). Re-hooking.[0m[0m
[1;33;40mWARNING - 2023-01-04 10:00:54,253 - [34mangr.project[0m - [34mAddress is already hooked, during hook(0x5000dc, <SimProcedure SHChangeNotify>). Re-hooking.[0m[0m
[1;33;40mWARNING - 2023-01-04 10:00:54,255 - [34mangr.project[0m - [34mAddress is already hooked, during hook(0x5000dc, <SimProcedure SHChangeNotify>). Re-hooking.[0m[0m
[1;32;40mINFO - 2023-01-04 10:00:54,312 - [36mCustomSimProcedure[0m - [36mSyscall found:  __p__fmode[][0m[0m
[1;32;40mINFO - 2023-01-04 10:00:54,319 - [36mCustomSimProcedure[0m - [36mSyscall found:  __p__commode[][0m[0m
[1;32;40mINFO - 2023-01-04 10:00:54,353 - [36mCustomSimProcedure[0m - [36mSyscall found:  _controlfp[][0m[0m
[1;32;40mINFO - 2023-01-04 10:00:54,389 - [36mCustomSimProcedure[0m - [36mSyscall found:  __getmainargs[<BV32 0x7ffefe48>, <BV32 0x7ffefe38>, <BV32 0x7ffefe44>, <BV32 0x0>, <BV32 0x7ffefe3c>][0m[0m
[1;32;40mINFO - 2023-01-04 10:00:55,036 - [33mwerkzeug[0m - [33m172.17.0.1 - - [04/Jan/2023 10:00:55] "GET /iteration-scdg HTTP/1.1" 200 -[0m[0m
[1;32;40mINFO - 2023-01-04 10:00:55,043 - [33mwerkzeug[0m - [33m172.17.0.1 - - [04/Jan/2023 10:00:55] "GET /progress-scdg HTTP/1.1" 200 -[0m[0m
[1;32;40mINFO - 2023-01-04 10:00:55,073 - [36mCustomSimProcedure[0m - [36mSyscall found:  GetStartupInfoA[<BV32 0x7ffefe4c>][0m[0m
[1;32;40mINFO - 2023-01-04 10:00:55,103 - [36mCustomSimProcedure[0m - [36mSyscall found:  GetModuleHandleA[<BV32 0x0>][0m[0m
[1;32;40mINFO - 2023-01-04 10:00:55,140 - [37mCustomSimProcedureWindows[0m - [37mLoadLibraryA: Symbol not found[0m[0m
[1;32;40mINFO - 2023-01-04 10:00:55,171 - [36mCustomSimProcedure[0m - {"ordinal.823.b'mfc42.dll'": 5242880, "ordinal.825.b'mfc42.dll'": 5242884, '_controlfp': 5242888, '__set_app_type': 5242892, '__p__fmode': 5242896, '__p__commode': 5242900, '_adjust_fdiv': 5242904, '__setusermatherr': 5242908, '_initterm': 5242912, '__getmainargs': 5242916, '_acmdln': 5242920, 'exit': 5242924, '_XcptFilter': 5242928, '_exit': 5242932, '_except_handler3': 5242936, 'strstr': 5242940, 'strcspn': 5242944, 'strncpy': 5242948, 'atoi': 5242952, 'time': 5242956, 'srand': 5242960, 'rand': 5242964, 'realloc': 5242968, 'free': 5242972, 'malloc': 5242976, 'sprintf': 5242980, 'ReleaseMutex': 5242984, 'Sleep': 5242988, 'lstrcpyA': 5242992, 'CreateProcessA': 5242996, 'TerminateProcess': 5243000, 'ExitThread': 5243004, 'GetStartupInfoA': 5243008, 'GetModuleHandleA': 5243012, 'WaitForSingleObject': 5243016, 'GetModuleFileNameA': 5243020, 'CreateFileA': 5243024, 'SetFilePointer': 5243028, 'WriteFile': 5243032, 'lstrcpynA': 5243036, 'lstrlenA': 5243040, 'OpenMutexA': 5243044, 'GetComputerNameA': 5243048, 'ExitProcess': 5243052, 'GetCurrentProcess': 5243056, 'GetCurrentThread': 5243060, 'CloseHandle': 5243064, 'CreateThread': 5243068, 'LoadLibraryA': 5243072, 'GetProcAddress': 5243076, 'GetSystemDefaultUILanguage': 5243080, 'GetTickCount': 5243084, 'wsprintfA': 5243088, 'ShellExecuteA': 5243092, 'ShellExecuteExA': 5243096, 'SHChangeNotify': 5243100, 'SHDeleteKeyA': 5243104, 'setsockopt': 5243108, 'recv': 5243112, '__WSAFDIsSet': 5243116, 'select': 5243120, 'send': 5243124, 'WSAIoctl': 5243128, 'WSAStartup': 5243132, 'htons': 5243136, 'inet_ntoa': 5243140, 'htonl': 5243144, 'socket': 5243148, 'connect': 5243152, 'closesocket': 5243156, 'inet_addr': 5243160, 'sendto': 5243164, 'WSACleanup': 5243168, 'GetAdaptersInfo': 5243172, 'GetIfTable': 5243176, 'KiUserExceptionDispatcher': 6295572, '_fmode': 6295576, '_commode': 6295580, '_wcmdln': 6295584, 'advapi32.dll': 6295588}[0m
[1;33;40mWARNING - 2023-01-04 10:00:55,181 - [34mangr.project[0m - [34mAddress is already hooked, during hook(0x5000d8, <SimProcedure ShellExecuteExA>). Not re-hooking.[0m[0m
[1;33;40mWARNING - 2023-01-04 10:00:55,182 - [34mangr.project[0m - [34mAddress is already hooked, during hook(0x5000d4, <SimProcedure ShellExecuteA>). Not re-hooking.[0m[0m
[1;33;40mWARNING - 2023-01-04 10:00:55,182 - [34mangr.project[0m - [34mAddress is already hooked, during hook(0x5000dc, <SimProcedure SHChangeNotify>). Not re-hooking.[0m[0m
[1;33;40mWARNING - 2023-01-04 10:00:55,222 - [34mangr.project[0m - [34mAddress is already hooked, during hook(0x5000e0, <SimProcedure SHDeleteKeyA>). Not re-hooking.[0m[0m
[1;32;40mINFO - 2023-01-04 10:00:55,244 - [36mCustomSimProcedure[0m - [36mWas in angr :msvcrt.dll[0m[0m
[1;32;40mINFO - 2023-01-04 10:00:55,307 - [36mCustomSimProcedure[0m - [36mWas in angr :advapi32.dll[0m[0m
[1;32;40mINFO - 2023-01-04 10:00:55,345 - [36mCustomSimProcedure[0m - [36mWas in angr :kernel32.dll[0m[0m
[1;32;40mINFO - 2023-01-04 10:00:55,485 - [36mCustomSimProcedure[0m - [36mWas in angr :user32.dll[0m[0m
[1;33;40mWARNING - 2023-01-04 10:00:55,489 - [36mCustomSimProcedure[0m - [36mProcedure wsprintfA in DLL user32.dll has 3 arguments in json and 2 arguments in angr prototype. Taking number of arguments from json.[0m[0m
[1;33;40mWARNING - 2023-01-04 10:00:55,489 - [36mCustomSimProcedure[0m - [36mProcedure wsprintfW in DLL user32.dll has 3 arguments in json and 2 arguments in angr prototype. Taking number of arguments from json.[0m[0m
[1;33;40mWARNING - 2023-01-04 10:00:55,575 - [34mangr.project[0m - [34mAddress is already hooked, during hook(0x5000f4, <SimProcedure send>). Not re-hooking.[0m[0m
[1;33;40mWARNING - 2023-01-04 10:00:55,575 - [34mangr.project[0m - [34mAddress is already hooked, during hook(0x500118, <SimProcedure inet_addr>). Not re-hooking.[0m[0m
[1;33;40mWARNING - 2023-01-04 10:00:55,575 - [34mangr.project[0m - [34mAddress is already hooked, during hook(0x5000ec, <SimProcedure __WSAFDIsSet>). Not re-hooking.[0m[0m
[1;33;40mWARNING - 2023-01-04 10:00:55,576 - [34mangr.project[0m - [34mAddress is already hooked, during hook(0x5000e4, <SimProcedure setsockopt>). Not re-hooking.[0m[0m
[1;33;40mWARNING - 2023-01-04 10:00:55,576 - [34mangr.project[0m - [34mAddress is already hooked, during hook(0x5000fc, <SimProcedure WSAStartup>). Not re-hooking.[0m[0m
[1;33;40mWARNING - 2023-01-04 10:00:55,576 - [34mangr.project[0m - [34mAddress is already hooked, during hook(0x500114, <SimProcedure closesocket>). Not re-hooking.[0m[0m
[1;33;40mWARNING - 2023-01-04 10:00:55,576 - [34mangr.project[0m - [34mAddress is already hooked, during hook(0x500108, <SimProcedure htonl>). Not re-hooking.[0m[0m
[1;33;40mWARNING - 2023-01-04 10:00:55,576 - [34mangr.project[0m - [34mAddress is already hooked, during hook(0x500100, <SimProcedure htons>). Not re-hooking.[0m[0m
[1;33;40mWARNING - 2023-01-04 10:00:55,577 - [34mangr.project[0m - [34mAddress is already hooked, during hook(0x500120, <SimProcedure WSACleanup>). Not re-hooking.[0m[0m
[1;33;40mWARNING - 2023-01-04 10:00:55,583 - [34mangr.project[0m - [34mAddress is already hooked, during hook(0x50004c, <SimProcedure time>). Not re-hooking.[0m[0m
[1;33;40mWARNING - 2023-01-04 10:00:55,583 - [34mangr.project[0m - [34mAddress is already hooked, during hook(0x601014, <SimProcedure KiUserExceptionDispatcher>). Not re-hooking.[0m[0m
[1;32;40mINFO - 2023-01-04 10:00:55,584 - [36mCustomSimProcedure[0m - [36mNo hooks for: {"ordinal.823.b'mfc42.dll'": 5242880, "ordinal.825.b'mfc42.dll'": 5242884, '_controlfp': 5242888, '__set_app_type': 5242892, '_adjust_fdiv': 5242904, '__setusermatherr': 5242908, '_initterm': 5242912, '__getmainargs': 5242916, '_acmdln': 5242920, '_XcptFilter': 5242928, '_except_handler3': 5242936, 'WSAIoctl': 5243128, 'GetIfTable': 5243176, '_fmode': 6295576, '_commode': 6295580, '_wcmdln': 6295584, 'advapi32.dll': 6295588}[0m[0m
[1;32;40mINFO - 2023-01-04 10:00:55,587 - [36mCustomSimProcedure[0m - [36mSyscall found:  LoadLibraryA[<BV32 0x407154>][0m[0m
[1;32;40mINFO - 2023-01-04 10:00:55,617 - [37mCustomSimProcedureWindows[0m - [37mGetProcAddress: StartServiceCtrlDispatcherA[0m[0m
[1;32;40mINFO - 2023-01-04 10:00:55,617 - [37mCustomSimProcedureWindows[0m - [37mGetProcAddress - Query to lib : advapi32.dll[0m[0m
[1;32;40mINFO - 2023-01-04 10:00:55,617 - [37mCustomSimProcedureWindows[0m - [37mGetProcAddress: Symbol not found[0m[0m
[1;32;40mINFO - 2023-01-04 10:00:55,617 - [36mCustomSimProcedure[0m - [36mSyscall found:  GetProcAddress[<BV32 0x601024>, <BV32 0x4073d8>][0m[0m
[1;32;40mINFO - 2023-01-04 10:00:55,663 - [36mCustomSimProcedure[0m - [36mSyscall found:  LoadLibraryA[<BV32 0x407154>][0m[0m
[1;32;40mINFO - 2023-01-04 10:00:55,688 - [37mCustomSimProcedureWindows[0m - [37mGetProcAddress: RegCloseKey[0m[0m
[1;32;40mINFO - 2023-01-04 10:00:55,688 - [37mCustomSimProcedureWindows[0m - [37mGetProcAddress - Query to lib : advapi32.dll[0m[0m
[1;32;40mINFO - 2023-01-04 10:00:55,689 - [37mCustomSimProcedureWindows[0m - [37mGetProcAddress: Symbol not found[0m[0m
[1;32;40mINFO - 2023-01-04 10:00:55,689 - [36mCustomSimProcedure[0m - [36mSyscall found:  GetProcAddress[<BV32 0x601024>, <BV32 0x4071a4>][0m[0m
[1;32;40mINFO - 2023-01-04 10:00:55,719 - [36mCustomSimProcedure[0m - [36mSyscall found:  LoadLibraryA[<BV32 0x407154>][0m[0m
[1;32;40mINFO - 2023-01-04 10:00:55,747 - [37mCustomSimProcedureWindows[0m - [37mGetProcAddress: RegOpenKeyExA[0m[0m
[1;32;40mINFO - 2023-01-04 10:00:55,747 - [37mCustomSimProcedureWindows[0m - [37mGetProcAddress - Query to lib : advapi32.dll[0m[0m
[1;32;40mINFO - 2023-01-04 10:00:55,747 - [37mCustomSimProcedureWindows[0m - [37mGetProcAddress: Symbol not found[0m[0m
[1;32;40mINFO - 2023-01-04 10:00:55,748 - [36mCustomSimProcedure[0m - [36mSyscall found:  GetProcAddress[<BV32 0x601024>, <BV32 0x407374>][0m[0m
[1;32;40mINFO - 2023-01-04 10:00:57,338 - [36mCustomSimProcedure[0m - [36mSyscall found:  RegOpenKeyExA[<BV32 0x80000002>, <BV32 0x7ffefbb0>, <BV32 0x0>, <BV32 0xf003f>, <BV32 0x7ffefcb8>][0m[0m
[1;32;40mINFO - 2023-01-04 10:00:57,372 - [36mCustomSimProcedure[0m - [36mSyscall found:  RegCloseKey[<BV32 key_handle_RegOpenKeyExA_98313_32[7:0] .. key_handle_RegOpenKeyExA_98313_32[15:8] .. key_handle_RegOpenKeyExA_98313_32[23:16] .. key_handle_RegOpenKeyExA_98313_32[31:24]>][0m[0m
[1;32;40mINFO - 2023-01-04 10:00:57,378 - [33mwerkzeug[0m - [33m172.17.0.1 - - [04/Jan/2023 10:00:57] "GET /iteration-scdg HTTP/1.1" 200 -[0m[0m
[1;32;40mINFO - 2023-01-04 10:00:57,382 - [33mwerkzeug[0m - [33m172.17.0.1 - - [04/Jan/2023 10:00:57] "GET /progress-scdg HTTP/1.1" 200 -[0m[0m
[1;32;40mINFO - 2023-01-04 10:00:57,431 - [36mCustomSimProcedure[0m - [36mSyscall found:  StartServiceCtrlDispatcherA[<BV32 0x7ffefdfc>][0m[0m
[1;32;40mINFO - 2023-01-04 10:00:57,473 - [31mToolChainExplorerAnotherCDFS[0m - [31mA new block of execution have been executed with changes in sim_manager.[0m[0m
[1;32;40mINFO - 2023-01-04 10:00:57,473 - [31mToolChainExplorerAnotherCDFS[0m - [31mCurrently, simulation manager is :[0m[0m
[1;32;40mINFO - 2023-01-04 10:00:57,474 - [31mToolChainExplorerAnotherCDFS[0m - [31m<SimulationManager with 1 deadended>[0m[0m
[1;32;40mINFO - 2023-01-04 10:00:57,474 - [31mToolChainExplorerAnotherCDFS[0m - [31mpause stash len :0[0m[0m
[1;32;40mINFO - 2023-01-04 10:00:57,474 - [31mToolChainExplorerAnotherCDFS[0m - [31mlen(simgr.active) <= 0 or deadended >= self.max_end_state)[0m[0m
[1;32;40mINFO - 2023-01-04 10:00:57,478 - [37mGraphBuilder[0m - [37mOutput dir :src/output/runs/67//nitol[0m[0m
[1;33;40mWARNING - 2023-01-04 10:00:57,533 - [34mangr.project[0m - [34mDisabling IRSB translation cache because support for self-modifying code is enabled.[0m[0m
[1;32;40mINFO - 2023-01-04 10:00:58,023 - [33mwerkzeug[0m - [33m172.17.0.1 - - [04/Jan/2023 10:00:58] "GET /iteration-scdg HTTP/1.1" 200 -[0m[0m
[1;32;40mINFO - 2023-01-04 10:00:58,026 - [33mwerkzeug[0m - [33m172.17.0.1 - - [04/Jan/2023 10:00:58] "GET /progress-scdg HTTP/1.1" 200 -[0m[0m
[1;32;40mINFO - 2023-01-04 10:01:00,042 - [33mwerkzeug[0m - [33m172.17.0.1 - - [04/Jan/2023 10:01:00] "GET /iteration-scdg HTTP/1.1" 200 -[0m[0m
[1;32;40mINFO - 2023-01-04 10:01:00,054 - [33mwerkzeug[0m - [33m172.17.0.1 - - [04/Jan/2023 10:01:00] "GET /progress-scdg HTTP/1.1" 200 -[0m[0m
[1;32;40mINFO - 2023-01-04 10:01:01,739 - [36mCustomSimProcedure[0m - {"ordinal.823.b'mfc42.dll'": 5242880, "ordinal.825.b'mfc42.dll'": 5242884, '_controlfp': 5242888, '__set_app_type': 5242892, '__p__fmode': 5242896, '__p__commode': 5242900, '_adjust_fdiv': 5242904, '__setusermatherr': 5242908, '_initterm': 5242912, '__getmainargs': 5242916, '_acmdln': 5242920, 'exit': 5242924, '_XcptFilter': 5242928, '_exit': 5242932, '_except_handler3': 5242936, 'strstr': 5242940, 'strcspn': 5242944, 'strncpy': 5242948, 'atoi': 5242952, 'time': 5242956, 'srand': 5242960, 'rand': 5242964, 'realloc': 5242968, 'free': 5242972, 'malloc': 5242976, 'sprintf': 5242980, 'ReleaseMutex': 5242984, 'Sleep': 5242988, 'lstrcpyA': 5242992, 'CreateProcessA': 5242996, 'TerminateProcess': 5243000, 'ExitThread': 5243004, 'GetStartupInfoA': 5243008, 'GetModuleHandleA': 5243012, 'WaitForSingleObject': 5243016, 'GetModuleFileNameA': 5243020, 'CreateFileA': 5243024, 'SetFilePointer': 5243028, 'WriteFile': 5243032, 'lstrcpynA': 5243036, 'lstrlenA': 5243040, 'OpenMutexA': 5243044, 'GetComputerNameA': 5243048, 'ExitProcess': 5243052, 'GetCurrentProcess': 5243056, 'GetCurrentThread': 5243060, 'CloseHandle': 5243064, 'CreateThread': 5243068, 'LoadLibraryA': 5243072, 'GetProcAddress': 5243076, 'GetSystemDefaultUILanguage': 5243080, 'GetTickCount': 5243084, 'wsprintfA': 5243088, 'ShellExecuteA': 5243092, 'ShellExecuteExA': 5243096, 'SHChangeNotify': 5243100, 'SHDeleteKeyA': 5243104, 'setsockopt': 5243108, 'recv': 5243112, '__WSAFDIsSet': 5243116, 'select': 5243120, 'send': 5243124, 'WSAIoctl': 5243128, 'WSAStartup': 5243132, 'htons': 5243136, 'inet_ntoa': 5243140, 'htonl': 5243144, 'socket': 5243148, 'connect': 5243152, 'closesocket': 5243156, 'inet_addr': 5243160, 'sendto': 5243164, 'WSACleanup': 5243168, 'GetAdaptersInfo': 5243172, 'GetIfTable': 5243176, 'KiUserExceptionDispatcher': 6295572, '_fmode': 6295576, '_commode': 6295580, '_wcmdln': 6295584}[0m
[1;33;40mWARNING - 2023-01-04 10:01:01,748 - [34mangr.project[0m - [34mAddress is already hooked, during hook(0x5000d8, <SimProcedure ShellExecuteExA>). Not re-hooking.[0m[0m
[1;33;40mWARNING - 2023-01-04 10:01:01,749 - [34mangr.project[0m - [34mAddress is already hooked, during hook(0x5000d4, <SimProcedure ShellExecuteA>). Not re-hooking.[0m[0m
[1;33;40mWARNING - 2023-01-04 10:01:01,749 - [34mangr.project[0m - [34mAddress is already hooked, during hook(0x5000dc, <SimProcedure SHChangeNotify>). Not re-hooking.[0m[0m
[1;33;40mWARNING - 2023-01-04 10:01:01,788 - [34mangr.project[0m - [34mAddress is already hooked, during hook(0x5000e0, <SimProcedure SHDeleteKeyA>). Not re-hooking.[0m[0m
[1;32;40mINFO - 2023-01-04 10:01:01,818 - [36mCustomSimProcedure[0m - [36mWas in angr :msvcrt.dll[0m[0m
[1;32;40mINFO - 2023-01-04 10:01:01,880 - [36mCustomSimProcedure[0m - [36mWas in angr :kernel32.dll[0m[0m
[1;32;40mINFO - 2023-01-04 10:01:01,995 - [36mCustomSimProcedure[0m - [36mWas in angr :user32.dll[0m[0m
[1;33;40mWARNING - 2023-01-04 10:01:01,998 - [36mCustomSimProcedure[0m - [36mProcedure wsprintfA in DLL user32.dll has 3 arguments in json and 2 arguments in angr prototype. Taking number of arguments from json.[0m[0m
[1;33;40mWARNING - 2023-01-04 10:01:01,998 - [36mCustomSimProcedure[0m - [36mProcedure wsprintfW in DLL user32.dll has 3 arguments in json and 2 arguments in angr prototype. Taking number of arguments from json.[0m[0m
[1;33;40mWARNING - 2023-01-04 10:01:02,072 - [34mangr.project[0m - [34mAddress is already hooked, during hook(0x5000f4, <SimProcedure send>). Not re-hooking.[0m[0m
[1;33;40mWARNING - 2023-01-04 10:01:02,072 - [34mangr.project[0m - [34mAddress is already hooked, during hook(0x500118, <SimProcedure inet_addr>). Not re-hooking.[0m[0m
[1;33;40mWARNING - 2023-01-04 10:01:02,072 - [34mangr.project[0m - [34mAddress is already hooked, during hook(0x5000ec, <SimProcedure __WSAFDIsSet>). Not re-hooking.[0m[0m
[1;33;40mWARNING - 2023-01-04 10:01:02,073 - [34mangr.project[0m - [34mAddress is already hooked, during hook(0x5000e4, <SimProcedure setsockopt>). Not re-hooking.[0m[0m
[1;33;40mWARNING - 2023-01-04 10:01:02,073 - [34mangr.project[0m - [34mAddress is already hooked, during hook(0x5000fc, <SimProcedure WSAStartup>). Not re-hooking.[0m[0m
[1;33;40mWARNING - 2023-01-04 10:01:02,073 - [34mangr.project[0m - [34mAddress is already hooked, during hook(0x500114, <SimProcedure closesocket>). Not re-hooking.[0m[0m
[1;33;40mWARNING - 2023-01-04 10:01:02,074 - [34mangr.project[0m - [34mAddress is already hooked, during hook(0x500108, <SimProcedure htonl>). Not re-hooking.[0m[0m
[1;33;40mWARNING - 2023-01-04 10:01:02,074 - [34mangr.project[0m - [34mAddress is already hooked, during hook(0x500100, <SimProcedure htons>). Not re-hooking.[0m[0m
[1;33;40mWARNING - 2023-01-04 10:01:02,074 - [34mangr.project[0m - [34mAddress is already hooked, during hook(0x500120, <SimProcedure WSACleanup>). Not re-hooking.[0m[0m
[1;33;40mWARNING - 2023-01-04 10:01:02,078 - [34mangr.project[0m - [34mAddress is already hooked, during hook(0x50004c, <SimProcedure time>). Not re-hooking.[0m[0m
[1;33;40mWARNING - 2023-01-04 10:01:02,079 - [34mangr.project[0m - [34mAddress is already hooked, during hook(0x601014, <SimProcedure KiUserExceptionDispatcher>). Not re-hooking.[0m[0m
[1;32;40mINFO - 2023-01-04 10:01:02,079 - [36mCustomSimProcedure[0m - [36mNo hooks for: {"ordinal.823.b'mfc42.dll'": 5242880, "ordinal.825.b'mfc42.dll'": 5242884, '_controlfp': 5242888, '__set_app_type': 5242892, '_adjust_fdiv': 5242904, '__setusermatherr': 5242908, '_initterm': 5242912, '__getmainargs': 5242916, '_acmdln': 5242920, '_XcptFilter': 5242928, '_except_handler3': 5242936, 'WSAIoctl': 5243128, 'GetIfTable': 5243176, '_fmode': 6295576, '_commode': 6295580, '_wcmdln': 6295584}[0m[0m
[1;32;40mINFO - 2023-01-04 10:01:02,080 - [36mCustomSimProcedure[0m - [36mcustom_hook_static[0m[0m
[1;32;40mINFO - 2023-01-04 10:01:02,080 - [36mCustomSimProcedure[0m - [36mmfc42.dll[0m[0m
[1;32;40mINFO - 2023-01-04 10:01:02,080 - [36mCustomSimProcedure[0m - [36m823[0m[0m
[1;32;40mINFO - 2023-01-04 10:01:02,080 - [36mCustomSimProcedure[0m - [36mmfc42.dll[0m[0m
[1;32;40mINFO - 2023-01-04 10:01:02,080 - [36mCustomSimProcedure[0m - [36m825[0m[0m
[1;33;40mWARNING - 2023-01-04 10:01:02,080 - [34mangr.project[0m - [34mAddress is already hooked, during hook(0x400000, <SimProcedure __p__commode>). Not re-hooking.[0m[0m
[1;33;40mWARNING - 2023-01-04 10:01:02,081 - [34mangr.project[0m - [34mAddress is already hooked, during hook(0x400000, <SimProcedure _initterm>). Not re-hooking.[0m[0m
[1;33;40mWARNING - 2023-01-04 10:01:02,081 - [34mangr.project[0m - [34mAddress is already hooked, during hook(0x400000, <SimProcedure __getmainargs>). Not re-hooking.[0m[0m
[1;33;40mWARNING - 2023-01-04 10:01:02,081 - [34mangr.project[0m - [34mAddress is already hooked, during hook(0x400000, <SimProcedure exit>). Not re-hooking.[0m[0m
[1;33;40mWARNING - 2023-01-04 10:01:02,081 - [34mangr.project[0m - [34mAddress is already hooked, during hook(0x400000, <SimProcedure strstr>). Not re-hooking.[0m[0m
[1;33;40mWARNING - 2023-01-04 10:01:02,081 - [34mangr.project[0m - [34mAddress is already hooked, during hook(0x400000, <SimProcedure strncpy>). Not re-hooking.[0m[0m
[1;33;40mWARNING - 2023-01-04 10:01:02,082 - [34mangr.project[0m - [34mAddress is already hooked, during hook(0x400000, <SimProcedure atoi>). Not re-hooking.[0m[0m
[1;33;40mWARNING - 2023-01-04 10:01:02,082 - [34mangr.project[0m - [34mAddress is already hooked, during hook(0x400000, <SimProcedure time>). Not re-hooking.[0m[0m
[1;33;40mWARNING - 2023-01-04 10:01:02,082 - [34mangr.project[0m - [34mAddress is already hooked, during hook(0x400000, <SimProcedure srand>). Not re-hooking.[0m[0m
[1;33;40mWARNING - 2023-01-04 10:01:02,082 - [34mangr.project[0m - [34mAddress is already hooked, during hook(0x400000, <SimProcedure rand>). Not re-hooking.[0m[0m
[1;33;40mWARNING - 2023-01-04 10:01:02,083 - [34mangr.project[0m - [34mAddress is already hooked, during hook(0x400000, <SimProcedure realloc>). Not re-hooking.[0m[0m
[1;33;40mWARNING - 2023-01-04 10:01:02,083 - [34mangr.project[0m - [34mAddress is already hooked, during hook(0x400000, <SimProcedure free>). Not re-hooking.[0m[0m
[1;33;40mWARNING - 2023-01-04 10:01:02,083 - [34mangr.project[0m - [34mAddress is already hooked, during hook(0x400000, <SimProcedure malloc>). Not re-hooking.[0m[0m
[1;33;40mWARNING - 2023-01-04 10:01:02,083 - [34mangr.project[0m - [34mAddress is already hooked, during hook(0x400000, <SimProcedure sprintf>). Not re-hooking.[0m[0m
[1;33;40mWARNING - 2023-01-04 10:01:02,084 - [34mangr.project[0m - [34mAddress is already hooked, during hook(0x400000, <SimProcedure WriteFile>). Not re-hooking.[0m[0m
[1;33;40mWARNING - 2023-01-04 10:01:02,084 - [34mangr.project[0m - [34mAddress is already hooked, during hook(0x400000, <SimProcedure ExitProcess>). Not re-hooking.[0m[0m
[1;33;40mWARNING - 2023-01-04 10:01:02,084 - [34mangr.project[0m - [34mAddress is already hooked, during hook(0x400000, <SimProcedure GetTickCount>). Not re-hooking.[0m[0m
[1;33;40mWARNING - 2023-01-04 10:01:02,084 - [34mangr.project[0m - [34mAddress is already hooked, during hook(0x400000, <SimProcedure setsockopt>). Not re-hooking.[0m[0m
[1;33;40mWARNING - 2023-01-04 10:01:02,084 - [34mangr.project[0m - [34mAddress is already hooked, during hook(0x400000, <SimProcedure recv>). Not re-hooking.[0m[0m
[1;33;40mWARNING - 2023-01-04 10:01:02,085 - [34mangr.project[0m - [34mAddress is already hooked, during hook(0x400000, <SimProcedure select>). Not re-hooking.[0m[0m
[1;33;40mWARNING - 2023-01-04 10:01:02,085 - [34mangr.project[0m - [34mAddress is already hooked, during hook(0x400000, <SimProcedure send>). Not re-hooking.[0m[0m
[1;33;40mWARNING - 2023-01-04 10:01:02,085 - [34mangr.project[0m - [34mAddress is already hooked, during hook(0x400000, <SimProcedure htons>). Not re-hooking.[0m[0m
[1;33;40mWARNING - 2023-01-04 10:01:02,085 - [34mangr.project[0m - [34mAddress is already hooked, during hook(0x400000, <SimProcedure inet_ntoa>). Not re-hooking.[0m[0m
[1;33;40mWARNING - 2023-01-04 10:01:02,086 - [34mangr.project[0m - [34mAddress is already hooked, during hook(0x400000, <SimProcedure htonl>). Not re-hooking.[0m[0m
[1;33;40mWARNING - 2023-01-04 10:01:02,086 - [34mangr.project[0m - [34mAddress is already hooked, during hook(0x400000, <SimProcedure socket>). Not re-hooking.[0m[0m
[1;32;40mINFO - 2023-01-04 10:01:02,086 - [36mCustomSimProcedure[0m - [36mmfc42.dll[0m[0m
[1;32;40mINFO - 2023-01-04 10:01:02,086 - [36mCustomSimProcedure[0m - [36m823[0m[0m
[1;32;40mINFO - 2023-01-04 10:01:02,086 - [36mCustomSimProcedure[0m - [36mmfc42.dll[0m[0m
[1;32;40mINFO - 2023-01-04 10:01:02,086 - [36mCustomSimProcedure[0m - [36m825[0m[0m
[1;33;40mWARNING - 2023-01-04 10:01:02,086 - [34mangr.project[0m - [34mAddress is already hooked, during hook(0x500010, <SimProcedure __p__fmode>). Not re-hooking.[0m[0m
[1;33;40mWARNING - 2023-01-04 10:01:02,087 - [34mangr.project[0m - [34mAddress is already hooked, during hook(0x500014, <SimProcedure __p__commode>). Not re-hooking.[0m[0m
[1;33;40mWARNING - 2023-01-04 10:01:02,087 - [34mangr.project[0m - [34mAddress is already hooked, during hook(0x500020, <SimProcedure _initterm>). Not re-hooking.[0m[0m
[1;33;40mWARNING - 2023-01-04 10:01:02,087 - [34mangr.project[0m - [34mAddress is already hooked, during hook(0x500024, <SimProcedure __getmainargs>). Not re-hooking.[0m[0m
[1;33;40mWARNING - 2023-01-04 10:01:02,087 - [34mangr.project[0m - [34mAddress is already hooked, during hook(0x50002c, <SimProcedure exit>). Not re-hooking.[0m[0m
[1;33;40mWARNING - 2023-01-04 10:01:02,087 - [34mangr.project[0m - [34mAddress is already hooked, during hook(0x50003c, <SimProcedure strstr>). Not re-hooking.[0m[0m
[1;33;40mWARNING - 2023-01-04 10:01:02,088 - [34mangr.project[0m - [34mAddress is already hooked, during hook(0x500044, <SimProcedure strncpy>). Not re-hooking.[0m[0m
[1;33;40mWARNING - 2023-01-04 10:01:02,088 - [34mangr.project[0m - [34mAddress is already hooked, during hook(0x500048, <SimProcedure atoi>). Not re-hooking.[0m[0m
[1;33;40mWARNING - 2023-01-04 10:01:02,088 - [34mangr.project[0m - [34mAddress is already hooked, during hook(0x50004c, <SimProcedure time>). Not re-hooking.[0m[0m
[1;33;40mWARNING - 2023-01-04 10:01:02,088 - [34mangr.project[0m - [34mAddress is already hooked, during hook(0x500050, <SimProcedure srand>). Not re-hooking.[0m[0m
[1;33;40mWARNING - 2023-01-04 10:01:02,088 - [34mangr.project[0m - [34mAddress is already hooked, during hook(0x500054, <SimProcedure rand>). Not re-hooking.[0m[0m
[1;33;40mWARNING - 2023-01-04 10:01:02,089 - [34mangr.project[0m - [34mAddress is already hooked, during hook(0x500058, <SimProcedure realloc>). Not re-hooking.[0m[0m
[1;33;40mWARNING - 2023-01-04 10:01:02,089 - [34mangr.project[0m - [34mAddress is already hooked, during hook(0x50005c, <SimProcedure free>). Not re-hooking.[0m[0m
[1;33;40mWARNING - 2023-01-04 10:01:02,089 - [34mangr.project[0m - [34mAddress is already hooked, during hook(0x500060, <SimProcedure malloc>). Not re-hooking.[0m[0m
[1;33;40mWARNING - 2023-01-04 10:01:02,089 - [34mangr.project[0m - [34mAddress is already hooked, during hook(0x500064, <SimProcedure sprintf>). Not re-hooking.[0m[0m
[1;33;40mWARNING - 2023-01-04 10:01:02,090 - [34mangr.project[0m - [34mAddress is already hooked, during hook(0x500098, <SimProcedure WriteFile>). Not re-hooking.[0m[0m
[1;33;40mWARNING - 2023-01-04 10:01:02,090 - [34mangr.project[0m - [34mAddress is already hooked, during hook(0x5000ac, <SimProcedure ExitProcess>). Not re-hooking.[0m[0m
[1;33;40mWARNING - 2023-01-04 10:01:02,090 - [34mangr.project[0m - [34mAddress is already hooked, during hook(0x5000cc, <SimProcedure GetTickCount>). Not re-hooking.[0m[0m
[1;33;40mWARNING - 2023-01-04 10:01:02,091 - [34mangr.project[0m - [34mAddress is already hooked, during hook(0x5000e4, <SimProcedure setsockopt>). Not re-hooking.[0m[0m
[1;33;40mWARNING - 2023-01-04 10:01:02,091 - [34mangr.project[0m - [34mAddress is already hooked, during hook(0x5000e8, <SimProcedure recv>). Not re-hooking.[0m[0m
[1;33;40mWARNING - 2023-01-04 10:01:02,091 - [34mangr.project[0m - [34mAddress is already hooked, during hook(0x5000f0, <SimProcedure select>). Not re-hooking.[0m[0m
[1;33;40mWARNING - 2023-01-04 10:01:02,091 - [34mangr.project[0m - [34mAddress is already hooked, during hook(0x5000f4, <SimProcedure send>). Not re-hooking.[0m[0m
[1;33;40mWARNING - 2023-01-04 10:01:02,092 - [34mangr.project[0m - [34mAddress is already hooked, during hook(0x500100, <SimProcedure htons>). Not re-hooking.[0m[0m
[1;33;40mWARNING - 2023-01-04 10:01:02,092 - [34mangr.project[0m - [34mAddress is already hooked, during hook(0x500104, <SimProcedure inet_ntoa>). Not re-hooking.[0m[0m
[1;33;40mWARNING - 2023-01-04 10:01:02,092 - [34mangr.project[0m - [34mAddress is already hooked, during hook(0x500108, <SimProcedure htonl>). Not re-hooking.[0m[0m
[1;33;40mWARNING - 2023-01-04 10:01:02,092 - [34mangr.project[0m - [34mAddress is already hooked, during hook(0x50010c, <SimProcedure socket>). Not re-hooking.[0m[0m
[1;33;40mWARNING - 2023-01-04 10:01:02,093 - [34mangr.project[0m - [34mAddress is already hooked, during hook(0x601014, <SimProcedure KiUserExceptionDispatcher>). Not re-hooking.[0m[0m
[1;32;40mINFO - 2023-01-04 10:01:02,093 - [36mCustomSimProcedure[0m - [36mcustom_hook_windows_symbols[0m[0m
[1;32;40mINFO - 2023-01-04 10:01:02,407 - [33mwerkzeug[0m - [33m172.17.0.1 - - [04/Jan/2023 10:01:02] "GET /iteration-scdg HTTP/1.1" 200 -[0m[0m
[1;32;40mINFO - 2023-01-04 10:01:02,424 - [33mwerkzeug[0m - [33m172.17.0.1 - - [04/Jan/2023 10:01:02] "GET /progress-scdg HTTP/1.1" 200 -[0m[0m
[1;32;40mINFO - 2023-01-04 10:01:03,049 - [33mwerkzeug[0m - [33m172.17.0.1 - - [04/Jan/2023 10:01:03] "GET /iteration-scdg HTTP/1.1" 200 -[0m[0m
[1;32;40mINFO - 2023-01-04 10:01:03,061 - [33mwerkzeug[0m - [33m172.17.0.1 - - [04/Jan/2023 10:01:03] "GET /progress-scdg HTTP/1.1" 200 -[0m[0m
[1;32;40mINFO - 2023-01-04 10:01:05,065 - [33mwerkzeug[0m - [33m172.17.0.1 - - [04/Jan/2023 10:01:05] "GET /iteration-scdg HTTP/1.1" 200 -[0m[0m
[1;32;40mINFO - 2023-01-04 10:01:05,076 - [33mwerkzeug[0m - [33m172.17.0.1 - - [04/Jan/2023 10:01:05] "GET /progress-scdg HTTP/1.1" 200 -[0m[0m
[1;33;40mWARNING - 2023-01-04 10:01:05,531 - [34mangr.project[0m - [34mAddress is already hooked, during hook(0x500068, <SimProcedure ReleaseMutex>). Re-hooking.[0m[0m
[1;33;40mWARNING - 2023-01-04 10:01:05,533 - [34mangr.project[0m - [34mAddress is already hooked, during hook(0x500068, <SimProcedure ReleaseMutex>). Re-hooking.[0m[0m
[1;33;40mWARNING - 2023-01-04 10:01:05,551 - [34mangr.project[0m - [34mAddress is already hooked, during hook(0x500088, <SimProcedure WaitForSingleObject>). Re-hooking.[0m[0m
[1;33;40mWARNING - 2023-01-04 10:01:05,553 - [34mangr.project[0m - [34mAddress is already hooked, during hook(0x500088, <SimProcedure WaitForSingleObject>). Re-hooking.[0m[0m
[1;33;40mWARNING - 2023-01-04 10:01:05,625 - [34mangr.project[0m - [34mAddress is already hooked, during hook(0x5000b8, <SimProcedure CloseHandle>). Re-hooking.[0m[0m
[1;33;40mWARNING - 2023-01-04 10:01:05,626 - [34mangr.project[0m - [34mAddress is already hooked, during hook(0x5000b8, <SimProcedure CloseHandle>). Re-hooking.[0m[0m
[1;33;40mWARNING - 2023-01-04 10:01:05,799 - [34mangr.project[0m - [34mAddress is already hooked, during hook(0x500074, <SimProcedure CreateProcessA>). Re-hooking.[0m[0m
[1;33;40mWARNING - 2023-01-04 10:01:05,800 - [34mangr.project[0m - [34mAddress is already hooked, during hook(0x500074, <SimProcedure CreateProcessA>). Re-hooking.[0m[0m
[1;33;40mWARNING - 2023-01-04 10:01:06,028 - [34mangr.project[0m - [34mAddress is already hooked, during hook(0x50007c, <SimProcedure ExitThread>). Re-hooking.[0m[0m
[1;33;40mWARNING - 2023-01-04 10:01:06,029 - [34mangr.project[0m - [34mAddress is already hooked, during hook(0x50007c, <SimProcedure ExitThread>). Re-hooking.[0m[0m
[1;33;40mWARNING - 2023-01-04 10:01:06,310 - [34mangr.project[0m - [34mAddress is already hooked, during hook(0x5000b4, <SimProcedure GetCurrentThread>). Re-hooking.[0m[0m
[1;33;40mWARNING - 2023-01-04 10:01:06,311 - [34mangr.project[0m - [34mAddress is already hooked, during hook(0x5000b4, <SimProcedure GetCurrentThread>). Re-hooking.[0m[0m
[1;33;40mWARNING - 2023-01-04 10:01:06,614 - [34mangr.project[0m - [34mAddress is already hooked, during hook(0x500080, <SimProcedure GetStartupInfoA>). Re-hooking.[0m[0m
[1;33;40mWARNING - 2023-01-04 10:01:06,615 - [34mangr.project[0m - [34mAddress is already hooked, during hook(0x500080, <SimProcedure GetStartupInfoA>). Re-hooking.[0m[0m
[1;33;40mWARNING - 2023-01-04 10:01:07,073 - [34mangr.project[0m - [34mAddress is already hooked, during hook(0x5000a4, <SimProcedure OpenMutexA>). Re-hooking.[0m[0m
[1;33;40mWARNING - 2023-01-04 10:01:07,075 - [34mangr.project[0m - [34mAddress is already hooked, during hook(0x5000a4, <SimProcedure OpenMutexA>). Re-hooking.[0m[0m
[1;32;40mINFO - 2023-01-04 10:01:07,405 - [33mwerkzeug[0m - [33m172.17.0.1 - - [04/Jan/2023 10:01:07] "GET /iteration-scdg HTTP/1.1" 200 -[0m[0m
[1;32;40mINFO - 2023-01-04 10:01:07,416 - [33mwerkzeug[0m - [33m172.17.0.1 - - [04/Jan/2023 10:01:07] "GET /progress-scdg HTTP/1.1" 200 -[0m[0m
[1;33;40mWARNING - 2023-01-04 10:01:07,585 - [34mangr.project[0m - [34mAddress is already hooked, during hook(0x500094, <SimProcedure SetFilePointer>). Re-hooking.[0m[0m
[1;33;40mWARNING - 2023-01-04 10:01:07,586 - [34mangr.project[0m - [34mAddress is already hooked, during hook(0x500094, <SimProcedure SetFilePointer>). Re-hooking.[0m[0m
[1;33;40mWARNING - 2023-01-04 10:01:07,768 - [34mangr.project[0m - [34mAddress is already hooked, during hook(0x50006c, <SimProcedure Sleep>). Re-hooking.[0m[0m
[1;33;40mWARNING - 2023-01-04 10:01:07,770 - [34mangr.project[0m - [34mAddress is already hooked, during hook(0x50006c, <SimProcedure Sleep>). Re-hooking.[0m[0m
[1;33;40mWARNING - 2023-01-04 10:01:07,922 - [34mangr.project[0m - [34mAddress is already hooked, during hook(0x500088, <SimProcedure WaitForSingleObject>). Re-hooking.[0m[0m
[1;33;40mWARNING - 2023-01-04 10:01:07,924 - [34mangr.project[0m - [34mAddress is already hooked, during hook(0x500088, <SimProcedure WaitForSingleObject>). Re-hooking.[0m[0m
[1;32;40mINFO - 2023-01-04 10:01:08,053 - [33mwerkzeug[0m - [33m172.17.0.1 - - [04/Jan/2023 10:01:08] "GET /iteration-scdg HTTP/1.1" 200 -[0m[0m
[1;32;40mINFO - 2023-01-04 10:01:08,065 - [33mwerkzeug[0m - [33m172.17.0.1 - - [04/Jan/2023 10:01:08] "GET /progress-scdg HTTP/1.1" 200 -[0m[0m
[1;33;40mWARNING - 2023-01-04 10:01:08,094 - [34mangr.project[0m - [34mAddress is already hooked, during hook(0x5000a0, <SimProcedure lstrlenA>). Re-hooking.[0m[0m
[1;33;40mWARNING - 2023-01-04 10:01:08,096 - [34mangr.project[0m - [34mAddress is already hooked, during hook(0x5000a0, <SimProcedure lstrlenA>). Re-hooking.[0m[0m
[1;33;40mWARNING - 2023-01-04 10:01:08,202 - [34mangr.project[0m - [34mAddress is already hooked, during hook(0x50007c, <SimProcedure ExitThread>). Re-hooking.[0m[0m
[1;33;40mWARNING - 2023-01-04 10:01:08,204 - [34mangr.project[0m - [34mAddress is already hooked, during hook(0x50007c, <SimProcedure ExitThread>). Re-hooking.[0m[0m
[1;33;40mWARNING - 2023-01-04 10:01:08,541 - [34mangr.project[0m - [34mAddress is already hooked, during hook(0x500074, <SimProcedure CreateProcessA>). Re-hooking.[0m[0m
[1;33;40mWARNING - 2023-01-04 10:01:08,543 - [34mangr.project[0m - [34mAddress is already hooked, during hook(0x500074, <SimProcedure CreateProcessA>). Re-hooking.[0m[0m
[1;33;40mWARNING - 2023-01-04 10:01:08,728 - [34mangr.project[0m - [34mAddress is already hooked, during hook(0x500094, <SimProcedure SetFilePointer>). Re-hooking.[0m[0m
[1;33;40mWARNING - 2023-01-04 10:01:08,731 - [34mangr.project[0m - [34mAddress is already hooked, during hook(0x500094, <SimProcedure SetFilePointer>). Re-hooking.[0m[0m
