2021-12-02 19:05:35,417 [cuckoo.core.scheduler] INFO: Task #20: acquired machine cuckoo1 (label=cuckoo1)
2021-12-02 19:05:35,417 [cuckoo.core.resultserver] DEBUG: Now tracking machine 192.168.122.227 for task #20
2021-12-02 19:05:35,417 [cuckoo.core.plugins] DEBUG: Started auxiliary module: Replay
2021-12-02 19:05:35,422 [cuckoo.auxiliary.sniffer] INFO: Started sniffer with PID 27732 (interface=qemubr, host=192.168.122.227)
2021-12-02 19:05:35,423 [cuckoo.core.plugins] DEBUG: Started auxiliary module: Sniffer
2021-12-02 19:05:35,444 [cuckoo.machinery.qemu] DEBUG: Starting vm cuckoo1
2021-12-02 19:05:35,453 [cuckoo.core.scheduler] ERROR: Error starting Virtual Machine! VM: cuckoo1, error: QEMU failed starting the machine: qemu-img: /home/crochetch/Documents/PhD/VMImages/images/snapshot_cuckoo1.qcow2: Could not open '/home/crochetch/Documents/PhD/VMImages/images/cuckoo_ubuntu18.04.qcow2': No such file or directory
Could not open backing image to determine size.

2021-12-02 19:05:35,454 [cuckoo.core.plugins] DEBUG: Stopped auxiliary module: Replay
2021-12-02 19:05:35,478 [cuckoo.core.plugins] DEBUG: Stopped auxiliary module: Sniffer
2021-12-02 19:05:35,479 [cuckoo.machinery.qemu] DEBUG: Stopping vm cuckoo1
2021-12-02 19:05:35,484 [cuckoo.core.scheduler] WARNING: Unable to stop machine cuckoo1: Trying to stop an already stopped vm cuckoo1
2021-12-02 19:05:35,491 [cuckoo.core.resultserver] DEBUG: Stopped tracking machine 192.168.122.227 for task #20
2021-12-02 19:05:35,500 [cuckoo.core.scheduler] DEBUG: Released database task #20
2021-12-02 19:05:35,512 [cuckoo.core.plugins] DEBUG: Executed processing module "AnalysisInfo" for task #20
2021-12-02 19:05:35,513 [cuckoo.processing.behavior] WARNING: Analysis results folder does not contain any behavior log files.
2021-12-02 19:05:35,513 [cuckoo.core.plugins] DEBUG: Executed processing module "BehaviorAnalysis" for task #20
2021-12-02 19:05:35,513 [cuckoo.core.plugins] DEBUG: Executed processing module "Dropped" for task #20
2021-12-02 19:05:35,514 [cuckoo.core.plugins] DEBUG: Executed processing module "DroppedBuffer" for task #20
2021-12-02 19:05:35,514 [cuckoo.core.plugins] DEBUG: Executed processing module "MetaInfo" for task #20
2021-12-02 19:05:35,514 [cuckoo.core.plugins] DEBUG: Executed processing module "ProcessMemory" for task #20
2021-12-02 19:05:35,514 [cuckoo.core.plugins] DEBUG: Executed processing module "Procmon" for task #20
2021-12-02 19:05:35,515 [cuckoo.core.plugins] DEBUG: Executed processing module "Screenshots" for task #20
2021-12-02 19:05:35,693 [cuckoo.core.plugins] DEBUG: Executed processing module "Static" for task #20
2021-12-02 19:05:35,714 [cuckoo.core.plugins] DEBUG: Executed processing module "Strings" for task #20
2021-12-02 19:05:35,727 [cuckoo.core.plugins] DEBUG: Executed processing module "TargetInfo" for task #20
2021-12-02 19:05:35,727 [cuckoo.processing.network] WARNING: The PCAP file does not exist at path "/home/crochetch/Documents/toolchain_malware_analysis/src/sandboxes/.cuckoo/storage/analyses/20/dump.pcap".
2021-12-02 19:05:35,728 [cuckoo.core.plugins] DEBUG: Executed processing module "NetworkAnalysis" for task #20
2021-12-02 19:05:35,728 [cuckoo.core.plugins] DEBUG: Executed processing module "Extracted" for task #20
2021-12-02 19:05:35,729 [cuckoo.core.plugins] DEBUG: Executed processing module "TLSMasterSecrets" for task #20
2021-12-02 19:05:35,729 [cuckoo.processing.debug] ERROR: Error processing task #20: it appears that the Virtual Machine hasn't been able to contact back to the Cuckoo Host. There could be a few reasons for this, please refer to our documentation on the matter: https://cuckoo.sh/docs/faq/index.html#troubleshooting-vm-network-configuration
2021-12-02 19:05:35,737 [cuckoo.core.plugins] DEBUG: Executed processing module "Debug" for task #20
2021-12-02 19:05:35,737 [cuckoo.core.plugins] DEBUG: Running 0 signatures
2021-12-02 19:05:35,741 [cuckoo.core.plugins] DEBUG: Executed reporting module "JsonDump"
2021-12-02 19:05:35,776 [cuckoo.core.plugins] DEBUG: Executed reporting module "SingleFile"
2021-12-02 19:05:35,784 [cuckoo.core.plugins] DEBUG: Executed reporting module "MongoDB"
2021-12-02 19:05:35,784 [cuckoo.core.scheduler] INFO: Task #20: reports generation completed
2021-12-02 19:05:35,789 [cuckoo.core.scheduler] INFO: Task #20: analysis procedure completed
