[1;33;40mWARNING - 2023-10-16 17:09:52,923 - [34mangr.project[0m - [34mDisabling IRSB translation cache because support for self-modifying code is enabled.[0m[0m
[1;32;40mINFO - 2023-10-16 17:09:59,283 - [36mCustomSimProcedure[0m - {"ordinal.823.b'mfc42.dll'": 5242880, "ordinal.825.b'mfc42.dll'": 5242884, '_controlfp': 5242888, '__set_app_type': 5242892, '__p__fmode': 5242896, '__p__commode': 5242900, '_adjust_fdiv': 5242904, '__setusermatherr': 5242908, '_initterm': 5242912, '__getmainargs': 5242916, '_acmdln': 5242920, 'exit': 5242924, '_XcptFilter': 5242928, '_exit': 5242932, '_except_handler3': 5242936, 'strstr': 5242940, 'strcspn': 5242944, 'strncpy': 5242948, 'atoi': 5242952, 'time': 5242956, 'srand': 5242960, 'rand': 5242964, 'realloc': 5242968, 'free': 5242972, 'malloc': 5242976, 'sprintf': 5242980, 'ReleaseMutex': 5242984, 'Sleep': 5242988, 'lstrcpyA': 5242992, 'CreateProcessA': 5242996, 'TerminateProcess': 5243000, 'ExitThread': 5243004, 'GetStartupInfoA': 5243008, 'GetModuleHandleA': 5243012, 'WaitForSingleObject': 5243016, 'GetModuleFileNameA': 5243020, 'CreateFileA': 5243024, 'SetFilePointer': 5243028, 'WriteFile': 5243032, 'lstrcpynA': 5243036, 'lstrlenA': 5243040, 'OpenMutexA': 5243044, 'GetComputerNameA': 5243048, 'ExitProcess': 5243052, 'GetCurrentProcess': 5243056, 'GetCurrentThread': 5243060, 'CloseHandle': 5243064, 'CreateThread': 5243068, 'LoadLibraryA': 5243072, 'GetProcAddress': 5243076, 'GetSystemDefaultUILanguage': 5243080, 'GetTickCount': 5243084, 'wsprintfA': 5243088, 'ShellExecuteA': 5243092, 'ShellExecuteExA': 5243096, 'SHChangeNotify': 5243100, 'SHDeleteKeyA': 5243104, 'setsockopt': 5243108, 'recv': 5243112, '__WSAFDIsSet': 5243116, 'select': 5243120, 'send': 5243124, 'WSAIoctl': 5243128, 'WSAStartup': 5243132, 'htons': 5243136, 'inet_ntoa': 5243140, 'htonl': 5243144, 'socket': 5243148, 'connect': 5243152, 'closesocket': 5243156, 'inet_addr': 5243160, 'sendto': 5243164, 'WSACleanup': 5243168, 'GetAdaptersInfo': 5243172, 'GetIfTable': 5243176, 'KiUserExceptionDispatcher': 6295572, '_fmode': 6295576, '_commode': 6295580, '_wcmdln': 6295584}[0m
[1;33;40mWARNING - 2023-10-16 17:09:59,285 - [34mangr.project[0m - [34mAddress is already hooked, during hook(0x5000ec, <SimProcedure __WSAFDIsSet>). Not re-hooking.[0m[0m
[1;33;40mWARNING - 2023-10-16 17:09:59,285 - [34mangr.project[0m - [34mAddress is already hooked, during hook(0x5000fc, <SimProcedure WSAStartup>). Not re-hooking.[0m[0m
[1;33;40mWARNING - 2023-10-16 17:09:59,285 - [34mangr.project[0m - [34mAddress is already hooked, during hook(0x500114, <SimProcedure closesocket>). Not re-hooking.[0m[0m
[1;33;40mWARNING - 2023-10-16 17:09:59,285 - [34mangr.project[0m - [34mAddress is already hooked, during hook(0x500120, <SimProcedure WSACleanup>). Not re-hooking.[0m[0m
[1;32;40mINFO - 2023-10-16 17:09:59,287 - [36mCustomSimProcedure[0m - [36mWas in angr :user32.dll[0m[0m
[1;33;40mWARNING - 2023-10-16 17:09:59,288 - [36mCustomSimProcedure[0m - [36mProcedure wsprintfA in DLL user32.dll has 3 arguments in json and 2 arguments in angr prototype. Taking number of arguments from json.[0m[0m
[1;33;40mWARNING - 2023-10-16 17:09:59,288 - [36mCustomSimProcedure[0m - [36mProcedure wsprintfW in DLL user32.dll has 3 arguments in json and 2 arguments in angr prototype. Taking number of arguments from json.[0m[0m
[1;33;40mWARNING - 2023-10-16 17:09:59,337 - [34mangr.project[0m - [34mAddress is already hooked, during hook(0x5000d8, <SimProcedure ShellExecuteExA>). Not re-hooking.[0m[0m
[1;33;40mWARNING - 2023-10-16 17:09:59,337 - [34mangr.project[0m - [34mAddress is already hooked, during hook(0x5000d4, <SimProcedure ShellExecuteA>). Not re-hooking.[0m[0m
[1;33;40mWARNING - 2023-10-16 17:09:59,337 - [34mangr.project[0m - [34mAddress is already hooked, during hook(0x5000dc, <SimProcedure SHChangeNotify>). Not re-hooking.[0m[0m
[1;32;40mINFO - 2023-10-16 17:09:59,341 - [36mCustomSimProcedure[0m - [36mWas in angr :kernel32.dll[0m[0m
[1;33;40mWARNING - 2023-10-16 17:09:59,387 - [34mangr.project[0m - [34mAddress is already hooked, during hook(0x500068, <SimProcedure ReleaseMutex>). Not re-hooking.[0m[0m
[1;33;40mWARNING - 2023-10-16 17:09:59,388 - [34mangr.project[0m - [34mAddress is already hooked, during hook(0x50007c, <SimProcedure ExitThread>). Not re-hooking.[0m[0m
[1;33;40mWARNING - 2023-10-16 17:09:59,388 - [34mangr.project[0m - [34mAddress is already hooked, during hook(0x5000b4, <SimProcedure GetCurrentThread>). Not re-hooking.[0m[0m
[1;33;40mWARNING - 2023-10-16 17:09:59,388 - [34mangr.project[0m - [34mAddress is already hooked, during hook(0x5000b0, <SimProcedure GetCurrentProcess>). Not re-hooking.[0m[0m
[1;33;40mWARNING - 2023-10-16 17:09:59,388 - [34mangr.project[0m - [34mAddress is already hooked, during hook(0x5000a4, <SimProcedure OpenMutexA>). Not re-hooking.[0m[0m
[1;33;40mWARNING - 2023-10-16 17:09:59,388 - [34mangr.project[0m - [34mAddress is already hooked, during hook(0x5000c8, <SimProcedure GetSystemDefaultUILanguage>). Not re-hooking.[0m[0m
[1;33;40mWARNING - 2023-10-16 17:09:59,388 - [34mangr.project[0m - [34mAddress is already hooked, during hook(0x50006c, <SimProcedure Sleep>). Not re-hooking.[0m[0m
[1;32;40mINFO - 2023-10-16 17:09:59,420 - [36mCustomSimProcedure[0m - [36mWas in angr :msvcrt.dll[0m[0m
[1;33;40mWARNING - 2023-10-16 17:09:59,443 - [34mangr.project[0m - [34mAddress is already hooked, during hook(0x500040, <SimProcedure strcspn>). Not re-hooking.[0m[0m
[1;33;40mWARNING - 2023-10-16 17:09:59,443 - [34mangr.project[0m - [34mAddress is already hooked, during hook(0x500034, <SimProcedure _exit>). Not re-hooking.[0m[0m
[1;33;40mWARNING - 2023-10-16 17:09:59,468 - [34mangr.project[0m - [34mAddress is already hooked, during hook(0x5000e0, <SimProcedure SHDeleteKeyA>). Not re-hooking.[0m[0m
[1;33;40mWARNING - 2023-10-16 17:09:59,481 - [34mangr.project[0m - [34mAddress is already hooked, during hook(0x500020, <SimProcedure _initterm>). Not re-hooking.[0m[0m
[1;33;40mWARNING - 2023-10-16 17:09:59,481 - [34mangr.project[0m - [34mAddress is already hooked, during hook(0x500024, <SimProcedure __getmainargs>). Not re-hooking.[0m[0m
[1;33;40mWARNING - 2023-10-16 17:09:59,481 - [34mangr.project[0m - [34mAddress is already hooked, during hook(0x50004c, <SimProcedure time>). Not re-hooking.[0m[0m
[1;33;40mWARNING - 2023-10-16 17:09:59,481 - [34mangr.project[0m - [34mAddress is already hooked, during hook(0x601014, <SimProcedure KiUserExceptionDispatcher>). Not re-hooking.[0m[0m
[1;32;40mINFO - 2023-10-16 17:09:59,481 - [36mCustomSimProcedure[0m - [36mNo hooks for: {"ordinal.823.b'mfc42.dll'": 5242880, "ordinal.825.b'mfc42.dll'": 5242884, '_controlfp': 5242888, '__set_app_type': 5242892, '_adjust_fdiv': 5242904, '__setusermatherr': 5242908, '_acmdln': 5242920, '_XcptFilter': 5242928, '_except_handler3': 5242936, 'WSAIoctl': 5243128, '_fmode': 6295576, '_commode': 6295580, '_wcmdln': 6295584}[0m[0m
[1;32;40mINFO - 2023-10-16 17:09:59,481 - [36mCustomSimProcedure[0m - [36mcustom_hook_static[0m[0m
[1;32;40mINFO - 2023-10-16 17:09:59,481 - [36mCustomSimProcedure[0m - [36mmfc42.dll[0m[0m
[1;32;40mINFO - 2023-10-16 17:09:59,481 - [36mCustomSimProcedure[0m - [36m823[0m[0m
[1;32;40mINFO - 2023-10-16 17:09:59,481 - [36mCustomSimProcedure[0m - [36mmfc42.dll[0m[0m
[1;32;40mINFO - 2023-10-16 17:09:59,481 - [36mCustomSimProcedure[0m - [36m825[0m[0m
[1;33;40mWARNING - 2023-10-16 17:09:59,481 - [34mangr.project[0m - [34mAddress is already hooked, during hook(0x400000, <SimProcedure __p__commode>). Not re-hooking.[0m[0m
[1;33;40mWARNING - 2023-10-16 17:09:59,482 - [34mangr.project[0m - [34mAddress is already hooked, during hook(0x400000, <SimProcedure _initterm>). Not re-hooking.[0m[0m
[1;33;40mWARNING - 2023-10-16 17:09:59,482 - [34mangr.project[0m - [34mAddress is already hooked, during hook(0x400000, <SimProcedure __getmainargs>). Not re-hooking.[0m[0m
[1;33;40mWARNING - 2023-10-16 17:09:59,482 - [34mangr.project[0m - [34mAddress is already hooked, during hook(0x400000, <SimProcedure exit>). Not re-hooking.[0m[0m
[1;33;40mWARNING - 2023-10-16 17:09:59,482 - [34mangr.project[0m - [34mAddress is already hooked, during hook(0x400000, <SimProcedure strstr>). Not re-hooking.[0m[0m
[1;33;40mWARNING - 2023-10-16 17:09:59,482 - [34mangr.project[0m - [34mAddress is already hooked, during hook(0x400000, <SimProcedure strncpy>). Not re-hooking.[0m[0m
[1;33;40mWARNING - 2023-10-16 17:09:59,482 - [34mangr.project[0m - [34mAddress is already hooked, during hook(0x400000, <SimProcedure atoi>). Not re-hooking.[0m[0m
[1;33;40mWARNING - 2023-10-16 17:09:59,482 - [34mangr.project[0m - [34mAddress is already hooked, during hook(0x400000, <SimProcedure time>). Not re-hooking.[0m[0m
[1;33;40mWARNING - 2023-10-16 17:09:59,482 - [34mangr.project[0m - [34mAddress is already hooked, during hook(0x400000, <SimProcedure srand>). Not re-hooking.[0m[0m
[1;33;40mWARNING - 2023-10-16 17:09:59,482 - [34mangr.project[0m - [34mAddress is already hooked, during hook(0x400000, <SimProcedure rand>). Not re-hooking.[0m[0m
[1;33;40mWARNING - 2023-10-16 17:09:59,482 - [34mangr.project[0m - [34mAddress is already hooked, during hook(0x400000, <SimProcedure realloc>). Not re-hooking.[0m[0m
[1;33;40mWARNING - 2023-10-16 17:09:59,482 - [34mangr.project[0m - [34mAddress is already hooked, during hook(0x400000, <SimProcedure free>). Not re-hooking.[0m[0m
[1;33;40mWARNING - 2023-10-16 17:09:59,482 - [34mangr.project[0m - [34mAddress is already hooked, during hook(0x400000, <SimProcedure malloc>). Not re-hooking.[0m[0m
[1;33;40mWARNING - 2023-10-16 17:09:59,482 - [34mangr.project[0m - [34mAddress is already hooked, during hook(0x400000, <SimProcedure sprintf>). Not re-hooking.[0m[0m
[1;33;40mWARNING - 2023-10-16 17:09:59,482 - [34mangr.project[0m - [34mAddress is already hooked, during hook(0x400000, <SimProcedure WriteFile>). Not re-hooking.[0m[0m
[1;33;40mWARNING - 2023-10-16 17:09:59,482 - [34mangr.project[0m - [34mAddress is already hooked, during hook(0x400000, <SimProcedure ExitProcess>). Not re-hooking.[0m[0m
[1;33;40mWARNING - 2023-10-16 17:09:59,482 - [34mangr.project[0m - [34mAddress is already hooked, during hook(0x400000, <SimProcedure GetTickCount>). Not re-hooking.[0m[0m
[1;33;40mWARNING - 2023-10-16 17:09:59,482 - [34mangr.project[0m - [34mAddress is already hooked, during hook(0x400000, <SimProcedure setsockopt>). Not re-hooking.[0m[0m
[1;33;40mWARNING - 2023-10-16 17:09:59,482 - [34mangr.project[0m - [34mAddress is already hooked, during hook(0x400000, <SimProcedure recv>). Not re-hooking.[0m[0m
[1;33;40mWARNING - 2023-10-16 17:09:59,482 - [34mangr.project[0m - [34mAddress is already hooked, during hook(0x400000, <SimProcedure select>). Not re-hooking.[0m[0m
[1;33;40mWARNING - 2023-10-16 17:09:59,483 - [34mangr.project[0m - [34mAddress is already hooked, during hook(0x400000, <SimProcedure send>). Not re-hooking.[0m[0m
[1;33;40mWARNING - 2023-10-16 17:09:59,483 - [34mangr.project[0m - [34mAddress is already hooked, during hook(0x400000, <SimProcedure htons>). Not re-hooking.[0m[0m
[1;33;40mWARNING - 2023-10-16 17:09:59,483 - [34mangr.project[0m - [34mAddress is already hooked, during hook(0x400000, <SimProcedure inet_ntoa>). Not re-hooking.[0m[0m
[1;33;40mWARNING - 2023-10-16 17:09:59,483 - [34mangr.project[0m - [34mAddress is already hooked, during hook(0x400000, <SimProcedure htonl>). Not re-hooking.[0m[0m
[1;33;40mWARNING - 2023-10-16 17:09:59,483 - [34mangr.project[0m - [34mAddress is already hooked, during hook(0x400000, <SimProcedure socket>). Not re-hooking.[0m[0m
[1;32;40mINFO - 2023-10-16 17:09:59,483 - [36mCustomSimProcedure[0m - [36mmfc42.dll[0m[0m
[1;32;40mINFO - 2023-10-16 17:09:59,483 - [36mCustomSimProcedure[0m - [36m823[0m[0m
[1;32;40mINFO - 2023-10-16 17:09:59,483 - [36mCustomSimProcedure[0m - [36mmfc42.dll[0m[0m
[1;32;40mINFO - 2023-10-16 17:09:59,483 - [36mCustomSimProcedure[0m - [36m825[0m[0m
[1;33;40mWARNING - 2023-10-16 17:09:59,483 - [34mangr.project[0m - [34mAddress is already hooked, during hook(0x500010, <SimProcedure __p__fmode>). Not re-hooking.[0m[0m
[1;33;40mWARNING - 2023-10-16 17:09:59,483 - [34mangr.project[0m - [34mAddress is already hooked, during hook(0x500014, <SimProcedure __p__commode>). Not re-hooking.[0m[0m
[1;33;40mWARNING - 2023-10-16 17:09:59,483 - [34mangr.project[0m - [34mAddress is already hooked, during hook(0x500020, <SimProcedure _initterm>). Not re-hooking.[0m[0m
[1;33;40mWARNING - 2023-10-16 17:09:59,483 - [34mangr.project[0m - [34mAddress is already hooked, during hook(0x500024, <SimProcedure __getmainargs>). Not re-hooking.[0m[0m
[1;33;40mWARNING - 2023-10-16 17:09:59,483 - [34mangr.project[0m - [34mAddress is already hooked, during hook(0x50002c, <SimProcedure exit>). Not re-hooking.[0m[0m
[1;33;40mWARNING - 2023-10-16 17:09:59,483 - [34mangr.project[0m - [34mAddress is already hooked, during hook(0x50003c, <SimProcedure strstr>). Not re-hooking.[0m[0m
[1;33;40mWARNING - 2023-10-16 17:09:59,483 - [34mangr.project[0m - [34mAddress is already hooked, during hook(0x500044, <SimProcedure strncpy>). Not re-hooking.[0m[0m
[1;33;40mWARNING - 2023-10-16 17:09:59,483 - [34mangr.project[0m - [34mAddress is already hooked, during hook(0x500048, <SimProcedure atoi>). Not re-hooking.[0m[0m
[1;33;40mWARNING - 2023-10-16 17:09:59,483 - [34mangr.project[0m - [34mAddress is already hooked, during hook(0x50004c, <SimProcedure time>). Not re-hooking.[0m[0m
[1;33;40mWARNING - 2023-10-16 17:09:59,483 - [34mangr.project[0m - [34mAddress is already hooked, during hook(0x500050, <SimProcedure srand>). Not re-hooking.[0m[0m
[1;33;40mWARNING - 2023-10-16 17:09:59,483 - [34mangr.project[0m - [34mAddress is already hooked, during hook(0x500054, <SimProcedure rand>). Not re-hooking.[0m[0m
[1;33;40mWARNING - 2023-10-16 17:09:59,483 - [34mangr.project[0m - [34mAddress is already hooked, during hook(0x500058, <SimProcedure realloc>). Not re-hooking.[0m[0m
[1;33;40mWARNING - 2023-10-16 17:09:59,483 - [34mangr.project[0m - [34mAddress is already hooked, during hook(0x50005c, <SimProcedure free>). Not re-hooking.[0m[0m
[1;33;40mWARNING - 2023-10-16 17:09:59,483 - [34mangr.project[0m - [34mAddress is already hooked, during hook(0x500060, <SimProcedure malloc>). Not re-hooking.[0m[0m
[1;33;40mWARNING - 2023-10-16 17:09:59,483 - [34mangr.project[0m - [34mAddress is already hooked, during hook(0x500064, <SimProcedure sprintf>). Not re-hooking.[0m[0m
[1;33;40mWARNING - 2023-10-16 17:09:59,484 - [34mangr.project[0m - [34mAddress is already hooked, during hook(0x500098, <SimProcedure WriteFile>). Not re-hooking.[0m[0m
[1;33;40mWARNING - 2023-10-16 17:09:59,484 - [34mangr.project[0m - [34mAddress is already hooked, during hook(0x5000ac, <SimProcedure ExitProcess>). Not re-hooking.[0m[0m
[1;33;40mWARNING - 2023-10-16 17:09:59,484 - [34mangr.project[0m - [34mAddress is already hooked, during hook(0x5000cc, <SimProcedure GetTickCount>). Not re-hooking.[0m[0m
[1;33;40mWARNING - 2023-10-16 17:09:59,484 - [34mangr.project[0m - [34mAddress is already hooked, during hook(0x5000e4, <SimProcedure setsockopt>). Not re-hooking.[0m[0m
[1;33;40mWARNING - 2023-10-16 17:09:59,484 - [34mangr.project[0m - [34mAddress is already hooked, during hook(0x5000e8, <SimProcedure recv>). Not re-hooking.[0m[0m
[1;33;40mWARNING - 2023-10-16 17:09:59,484 - [34mangr.project[0m - [34mAddress is already hooked, during hook(0x5000f0, <SimProcedure select>). Not re-hooking.[0m[0m
[1;33;40mWARNING - 2023-10-16 17:09:59,484 - [34mangr.project[0m - [34mAddress is already hooked, during hook(0x5000f4, <SimProcedure send>). Not re-hooking.[0m[0m
[1;33;40mWARNING - 2023-10-16 17:09:59,484 - [34mangr.project[0m - [34mAddress is already hooked, during hook(0x500100, <SimProcedure htons>). Not re-hooking.[0m[0m
[1;33;40mWARNING - 2023-10-16 17:09:59,484 - [34mangr.project[0m - [34mAddress is already hooked, during hook(0x500104, <SimProcedure inet_ntoa>). Not re-hooking.[0m[0m
[1;33;40mWARNING - 2023-10-16 17:09:59,484 - [34mangr.project[0m - [34mAddress is already hooked, during hook(0x500108, <SimProcedure htonl>). Not re-hooking.[0m[0m
[1;33;40mWARNING - 2023-10-16 17:09:59,484 - [34mangr.project[0m - [34mAddress is already hooked, during hook(0x50010c, <SimProcedure socket>). Not re-hooking.[0m[0m
[1;33;40mWARNING - 2023-10-16 17:09:59,484 - [34mangr.project[0m - [34mAddress is already hooked, during hook(0x601014, <SimProcedure KiUserExceptionDispatcher>). Not re-hooking.[0m[0m
[1;32;40mINFO - 2023-10-16 17:09:59,484 - [36mCustomSimProcedure[0m - [36mcustom_hook_windows_symbols[0m[0m
[1;33;40mWARNING - 2023-10-16 17:10:00,399 - [34mangr.project[0m - [34mAddress is already hooked, during hook(0x500034, <SimProcedure _exit>). Re-hooking.[0m[0m
[1;33;40mWARNING - 2023-10-16 17:10:00,400 - [34mangr.project[0m - [34mAddress is already hooked, during hook(0x500034, <SimProcedure _exit>). Re-hooking.[0m[0m
[1;33;40mWARNING - 2023-10-16 17:10:00,796 - [34mangr.project[0m - [34mAddress is already hooked, during hook(0x500040, <SimProcedure strcspn>). Re-hooking.[0m[0m
[1;33;40mWARNING - 2023-10-16 17:10:00,797 - [34mangr.project[0m - [34mAddress is already hooked, during hook(0x500040, <SimProcedure strcspn>). Re-hooking.[0m[0m
[1;33;40mWARNING - 2023-10-16 17:10:01,009 - [34mangr.project[0m - [34mAddress is already hooked, during hook(0x500040, <SimProcedure strcspn>). Re-hooking.[0m[0m
[1;33;40mWARNING - 2023-10-16 17:10:01,010 - [34mangr.project[0m - [34mAddress is already hooked, during hook(0x500040, <SimProcedure strcspn>). Re-hooking.[0m[0m
[1;33;40mWARNING - 2023-10-16 17:10:01,123 - [34mangr.project[0m - [34mAddress is already hooked, during hook(0x500034, <SimProcedure _exit>). Re-hooking.[0m[0m
[1;33;40mWARNING - 2023-10-16 17:10:01,124 - [34mangr.project[0m - [34mAddress is already hooked, during hook(0x500034, <SimProcedure _exit>). Re-hooking.[0m[0m
[1;33;40mWARNING - 2023-10-16 17:10:03,379 - [34mangr.project[0m - [34mAddress is already hooked, during hook(0x500068, <SimProcedure ReleaseMutex>). Re-hooking.[0m[0m
[1;33;40mWARNING - 2023-10-16 17:10:03,380 - [34mangr.project[0m - [34mAddress is already hooked, during hook(0x500068, <SimProcedure ReleaseMutex>). Re-hooking.[0m[0m
[1;33;40mWARNING - 2023-10-16 17:10:03,722 - [34mangr.project[0m - [34mAddress is already hooked, during hook(0x50007c, <SimProcedure ExitThread>). Re-hooking.[0m[0m
[1;33;40mWARNING - 2023-10-16 17:10:03,723 - [34mangr.project[0m - [34mAddress is already hooked, during hook(0x50007c, <SimProcedure ExitThread>). Re-hooking.[0m[0m
[1;33;40mWARNING - 2023-10-16 17:10:03,946 - [34mangr.project[0m - [34mAddress is already hooked, during hook(0x5000b4, <SimProcedure GetCurrentThread>). Re-hooking.[0m[0m
[1;33;40mWARNING - 2023-10-16 17:10:03,947 - [34mangr.project[0m - [34mAddress is already hooked, during hook(0x5000b4, <SimProcedure GetCurrentThread>). Re-hooking.[0m[0m
[1;33;40mWARNING - 2023-10-16 17:10:04,554 - [34mangr.project[0m - [34mAddress is already hooked, during hook(0x5000a4, <SimProcedure OpenMutexA>). Re-hooking.[0m[0m
[1;33;40mWARNING - 2023-10-16 17:10:04,555 - [34mangr.project[0m - [34mAddress is already hooked, during hook(0x5000a4, <SimProcedure OpenMutexA>). Re-hooking.[0m[0m
[1;33;40mWARNING - 2023-10-16 17:10:05,010 - [34mangr.project[0m - [34mAddress is already hooked, during hook(0x50006c, <SimProcedure Sleep>). Re-hooking.[0m[0m
[1;33;40mWARNING - 2023-10-16 17:10:05,011 - [34mangr.project[0m - [34mAddress is already hooked, during hook(0x50006c, <SimProcedure Sleep>). Re-hooking.[0m[0m
[1;33;40mWARNING - 2023-10-16 17:10:05,280 - [34mangr.project[0m - [34mAddress is already hooked, during hook(0x50007c, <SimProcedure ExitThread>). Re-hooking.[0m[0m
[1;33;40mWARNING - 2023-10-16 17:10:05,281 - [34mangr.project[0m - [34mAddress is already hooked, during hook(0x50007c, <SimProcedure ExitThread>). Re-hooking.[0m[0m
[1;33;40mWARNING - 2023-10-16 17:10:05,645 - [34mangr.project[0m - [34mAddress is already hooked, during hook(0x5000b0, <SimProcedure GetCurrentProcess>). Re-hooking.[0m[0m
[1;33;40mWARNING - 2023-10-16 17:10:05,646 - [34mangr.project[0m - [34mAddress is already hooked, during hook(0x5000b0, <SimProcedure GetCurrentProcess>). Re-hooking.[0m[0m
[1;33;40mWARNING - 2023-10-16 17:10:05,927 - [34mangr.project[0m - [34mAddress is already hooked, during hook(0x5000c8, <SimProcedure GetSystemDefaultUILanguage>). Re-hooking.[0m[0m
[1;33;40mWARNING - 2023-10-16 17:10:05,928 - [34mangr.project[0m - [34mAddress is already hooked, during hook(0x5000c8, <SimProcedure GetSystemDefaultUILanguage>). Re-hooking.[0m[0m
[1;33;40mWARNING - 2023-10-16 17:10:05,977 - [34mangr.project[0m - [34mAddress is already hooked, during hook(0x5000b4, <SimProcedure GetCurrentThread>). Re-hooking.[0m[0m
[1;33;40mWARNING - 2023-10-16 17:10:05,979 - [34mangr.project[0m - [34mAddress is already hooked, during hook(0x5000b4, <SimProcedure GetCurrentThread>). Re-hooking.[0m[0m
[1;33;40mWARNING - 2023-10-16 17:10:06,004 - [34mangr.project[0m - [34mAddress is already hooked, during hook(0x5000b0, <SimProcedure GetCurrentProcess>). Re-hooking.[0m[0m
[1;33;40mWARNING - 2023-10-16 17:10:06,005 - [34mangr.project[0m - [34mAddress is already hooked, during hook(0x5000b0, <SimProcedure GetCurrentProcess>). Re-hooking.[0m[0m
[1;33;40mWARNING - 2023-10-16 17:10:06,254 - [34mangr.project[0m - [34mAddress is already hooked, during hook(0x5000a4, <SimProcedure OpenMutexA>). Re-hooking.[0m[0m
[1;33;40mWARNING - 2023-10-16 17:10:06,255 - [34mangr.project[0m - [34mAddress is already hooked, during hook(0x5000a4, <SimProcedure OpenMutexA>). Re-hooking.[0m[0m
[1;33;40mWARNING - 2023-10-16 17:10:06,329 - [34mangr.project[0m - [34mAddress is already hooked, during hook(0x5000c8, <SimProcedure GetSystemDefaultUILanguage>). Re-hooking.[0m[0m
[1;33;40mWARNING - 2023-10-16 17:10:06,329 - [34mangr.project[0m - [34mAddress is already hooked, during hook(0x5000c8, <SimProcedure GetSystemDefaultUILanguage>). Re-hooking.[0m[0m
[1;33;40mWARNING - 2023-10-16 17:10:07,082 - [34mangr.project[0m - [34mAddress is already hooked, during hook(0x500068, <SimProcedure ReleaseMutex>). Re-hooking.[0m[0m
[1;33;40mWARNING - 2023-10-16 17:10:07,083 - [34mangr.project[0m - [34mAddress is already hooked, during hook(0x500068, <SimProcedure ReleaseMutex>). Re-hooking.[0m[0m
[1;33;40mWARNING - 2023-10-16 17:10:07,387 - [34mangr.project[0m - [34mAddress is already hooked, during hook(0x50006c, <SimProcedure Sleep>). Re-hooking.[0m[0m
[1;33;40mWARNING - 2023-10-16 17:10:07,388 - [34mangr.project[0m - [34mAddress is already hooked, during hook(0x50006c, <SimProcedure Sleep>). Re-hooking.[0m[0m
[1;33;40mWARNING - 2023-10-16 17:10:07,513 - [34mangr.project[0m - [34mAddress is already hooked, during hook(0x5000e0, <SimProcedure SHDeleteKeyA>). Re-hooking.[0m[0m
[1;33;40mWARNING - 2023-10-16 17:10:07,514 - [34mangr.project[0m - [34mAddress is already hooked, during hook(0x5000e0, <SimProcedure SHDeleteKeyA>). Re-hooking.[0m[0m
[1;33;40mWARNING - 2023-10-16 17:10:07,854 - [34mangr.project[0m - [34mAddress is already hooked, during hook(0x5000e0, <SimProcedure SHDeleteKeyA>). Re-hooking.[0m[0m
[1;33;40mWARNING - 2023-10-16 17:10:07,855 - [34mangr.project[0m - [34mAddress is already hooked, during hook(0x5000e0, <SimProcedure SHDeleteKeyA>). Re-hooking.[0m[0m
[1;33;40mWARNING - 2023-10-16 17:10:08,447 - [34mangr.project[0m - [34mAddress is already hooked, during hook(0x5000d8, <SimProcedure ShellExecuteExA>). Re-hooking.[0m[0m
[1;33;40mWARNING - 2023-10-16 17:10:08,448 - [34mangr.project[0m - [34mAddress is already hooked, during hook(0x5000d8, <SimProcedure ShellExecuteExA>). Re-hooking.[0m[0m
[1;33;40mWARNING - 2023-10-16 17:10:08,474 - [34mangr.project[0m - [34mAddress is already hooked, during hook(0x5000d4, <SimProcedure ShellExecuteA>). Re-hooking.[0m[0m
[1;33;40mWARNING - 2023-10-16 17:10:08,475 - [34mangr.project[0m - [34mAddress is already hooked, during hook(0x5000d4, <SimProcedure ShellExecuteA>). Re-hooking.[0m[0m
[1;33;40mWARNING - 2023-10-16 17:10:08,476 - [34mangr.project[0m - [34mAddress is already hooked, during hook(0x5000d8, <SimProcedure ShellExecuteExA>). Re-hooking.[0m[0m
[1;33;40mWARNING - 2023-10-16 17:10:08,478 - [34mangr.project[0m - [34mAddress is already hooked, during hook(0x5000d8, <SimProcedure ShellExecuteExA>). Re-hooking.[0m[0m
[1;33;40mWARNING - 2023-10-16 17:10:08,563 - [34mangr.project[0m - [34mAddress is already hooked, during hook(0x5000d4, <SimProcedure ShellExecuteA>). Re-hooking.[0m[0m
[1;33;40mWARNING - 2023-10-16 17:10:08,564 - [34mangr.project[0m - [34mAddress is already hooked, during hook(0x5000d4, <SimProcedure ShellExecuteA>). Re-hooking.[0m[0m
[1;33;40mWARNING - 2023-10-16 17:10:08,712 - [34mangr.project[0m - [34mAddress is already hooked, during hook(0x5000dc, <SimProcedure SHChangeNotify>). Re-hooking.[0m[0m
[1;33;40mWARNING - 2023-10-16 17:10:08,713 - [34mangr.project[0m - [34mAddress is already hooked, during hook(0x5000dc, <SimProcedure SHChangeNotify>). Re-hooking.[0m[0m
[1;33;40mWARNING - 2023-10-16 17:10:08,723 - [34mangr.project[0m - [34mAddress is already hooked, during hook(0x500114, <SimProcedure closesocket>). Re-hooking.[0m[0m
[1;33;40mWARNING - 2023-10-16 17:10:08,724 - [34mangr.project[0m - [34mAddress is already hooked, during hook(0x500114, <SimProcedure closesocket>). Re-hooking.[0m[0m
[1;33;40mWARNING - 2023-10-16 17:10:08,725 - [34mangr.project[0m - [34mAddress is already hooked, during hook(0x500110, <SimProcedure connect>). Re-hooking.[0m[0m
[1;33;40mWARNING - 2023-10-16 17:10:08,726 - [34mangr.project[0m - [34mAddress is already hooked, during hook(0x500110, <SimProcedure connect>). Re-hooking.[0m[0m
[1;33;40mWARNING - 2023-10-16 17:10:08,749 - [34mangr.project[0m - [34mAddress is already hooked, during hook(0x50011c, <SimProcedure sendto>). Re-hooking.[0m[0m
[1;33;40mWARNING - 2023-10-16 17:10:08,750 - [34mangr.project[0m - [34mAddress is already hooked, during hook(0x50011c, <SimProcedure sendto>). Re-hooking.[0m[0m
[1;33;40mWARNING - 2023-10-16 17:10:08,792 - [34mangr.project[0m - [34mAddress is already hooked, during hook(0x5000fc, <SimProcedure WSAStartup>). Re-hooking.[0m[0m
[1;33;40mWARNING - 2023-10-16 17:10:08,793 - [34mangr.project[0m - [34mAddress is already hooked, during hook(0x5000fc, <SimProcedure WSAStartup>). Re-hooking.[0m[0m
[1;33;40mWARNING - 2023-10-16 17:10:08,795 - [34mangr.project[0m - [34mAddress is already hooked, during hook(0x500120, <SimProcedure WSACleanup>). Re-hooking.[0m[0m
[1;33;40mWARNING - 2023-10-16 17:10:08,796 - [34mangr.project[0m - [34mAddress is already hooked, during hook(0x500120, <SimProcedure WSACleanup>). Re-hooking.[0m[0m
[1;33;40mWARNING - 2023-10-16 17:10:08,797 - [34mangr.project[0m - [34mAddress is already hooked, during hook(0x50011c, <SimProcedure sendto>). Re-hooking.[0m[0m
[1;33;40mWARNING - 2023-10-16 17:10:08,797 - [34mangr.project[0m - [34mAddress is already hooked, during hook(0x50011c, <SimProcedure sendto>). Re-hooking.[0m[0m
[1;33;40mWARNING - 2023-10-16 17:10:08,798 - [34mangr.project[0m - [34mAddress is already hooked, during hook(0x500110, <SimProcedure connect>). Re-hooking.[0m[0m
[1;33;40mWARNING - 2023-10-16 17:10:08,799 - [34mangr.project[0m - [34mAddress is already hooked, during hook(0x500110, <SimProcedure connect>). Re-hooking.[0m[0m
[1;33;40mWARNING - 2023-10-16 17:10:08,802 - [34mangr.project[0m - [34mAddress is already hooked, during hook(0x5000ec, <SimProcedure __WSAFDIsSet>). Re-hooking.[0m[0m
[1;33;40mWARNING - 2023-10-16 17:10:08,803 - [34mangr.project[0m - [34mAddress is already hooked, during hook(0x5000ec, <SimProcedure __WSAFDIsSet>). Re-hooking.[0m[0m
[1;33;40mWARNING - 2023-10-16 17:10:08,813 - [34mangr.project[0m - [34mAddress is already hooked, during hook(0x5000ec, <SimProcedure __WSAFDIsSet>). Re-hooking.[0m[0m
[1;33;40mWARNING - 2023-10-16 17:10:08,814 - [34mangr.project[0m - [34mAddress is already hooked, during hook(0x5000ec, <SimProcedure __WSAFDIsSet>). Re-hooking.[0m[0m
[1;33;40mWARNING - 2023-10-16 17:10:08,830 - [34mangr.project[0m - [34mAddress is already hooked, during hook(0x5000fc, <SimProcedure WSAStartup>). Re-hooking.[0m[0m
[1;33;40mWARNING - 2023-10-16 17:10:08,831 - [34mangr.project[0m - [34mAddress is already hooked, during hook(0x5000fc, <SimProcedure WSAStartup>). Re-hooking.[0m[0m
[1;33;40mWARNING - 2023-10-16 17:10:08,848 - [34mangr.project[0m - [34mAddress is already hooked, during hook(0x500114, <SimProcedure closesocket>). Re-hooking.[0m[0m
[1;33;40mWARNING - 2023-10-16 17:10:08,849 - [34mangr.project[0m - [34mAddress is already hooked, during hook(0x500114, <SimProcedure closesocket>). Re-hooking.[0m[0m
[1;33;40mWARNING - 2023-10-16 17:10:08,863 - [34mangr.project[0m - [34mAddress is already hooked, during hook(0x500120, <SimProcedure WSACleanup>). Re-hooking.[0m[0m
[1;33;40mWARNING - 2023-10-16 17:10:08,864 - [34mangr.project[0m - [34mAddress is already hooked, during hook(0x500120, <SimProcedure WSACleanup>). Re-hooking.[0m[0m
[1;33;40mWARNING - 2023-10-16 17:10:08,875 - [33mangr.engines.vex.lifter[0m - [33mSelf-modifying code is not always correctly optimized by PyVEX. To guarantee correctness, VEX optimizations have been disabled.[0m[0m
[1;32;40mINFO - 2023-10-16 17:10:08,888 - [32mSemaExplorerCDFS[0m - [32mHey new addr ![0m[0m
[1;32;40mINFO - 2023-10-16 17:10:08,890 - [36mCustomSimProcedure[0m - [36mSyscall found:  __set_app_type[][0m[0m
[1;32;40mINFO - 2023-10-16 17:10:08,890 - [32mSemaExplorerCDFS[0m - [32mHey new addr ![0m[0m
[1;32;40mINFO - 2023-10-16 17:10:08,894 - [32mSemaExplorerCDFS[0m - [32mHey new addr ![0m[0m
[1;32;40mINFO - 2023-10-16 17:10:08,895 - [36mCustomSimProcedure[0m - [36mSyscall found:  __p__fmode[][0m[0m
[1;32;40mINFO - 2023-10-16 17:10:08,896 - [32mSemaExplorerCDFS[0m - [32mHey new addr ![0m[0m
[1;32;40mINFO - 2023-10-16 17:10:08,899 - [32mSemaExplorerCDFS[0m - [32mHey new addr ![0m[0m
[1;32;40mINFO - 2023-10-16 17:10:08,900 - [36mCustomSimProcedure[0m - [36mSyscall found:  __p__commode[][0m[0m
[1;32;40mINFO - 2023-10-16 17:10:08,900 - [32mSemaExplorerCDFS[0m - [32mHey new addr ![0m[0m
[1;32;40mINFO - 2023-10-16 17:10:08,904 - [32mSemaExplorerCDFS[0m - [32mHey new addr ![0m[0m
[1;32;40mINFO - 2023-10-16 17:10:08,905 - [32mSemaExplorerCDFS[0m - [32mHey new addr ![0m[0m
[1;32;40mINFO - 2023-10-16 17:10:08,908 - [32mSemaExplorerCDFS[0m - [32mHey new addr ![0m[0m
[1;32;40mINFO - 2023-10-16 17:10:08,911 - [32mSemaExplorerCDFS[0m - [32mHey new addr ![0m[0m
[1;32;40mINFO - 2023-10-16 17:10:08,914 - [32mSemaExplorerCDFS[0m - [32mHey new addr ![0m[0m
[1;32;40mINFO - 2023-10-16 17:10:08,915 - [32mSemaExplorerCDFS[0m - [32mHey new addr ![0m[0m
[1;32;40mINFO - 2023-10-16 17:10:08,916 - [36mCustomSimProcedure[0m - [36mSyscall found:  _controlfp[][0m[0m
[1;32;40mINFO - 2023-10-16 17:10:08,917 - [32mSemaExplorerCDFS[0m - [32mHey new addr ![0m[0m
[1;32;40mINFO - 2023-10-16 17:10:08,919 - [32mSemaExplorerCDFS[0m - [32mHey new addr ![0m[0m
[1;32;40mINFO - 2023-10-16 17:10:08,923 - [32mSemaExplorerCDFS[0m - [32mHey new addr ![0m[0m
[1;32;40mINFO - 2023-10-16 17:10:08,925 - [32mSemaExplorerCDFS[0m - [32mHey new addr ![0m[0m
[1;32;40mINFO - 2023-10-16 17:10:08,927 - [36mCustomSimProcedure[0m - [36mSyscall found:  _initterm[<BV32 0x407008>, <BV32 0x40700c>][0m[0m
[1;32;40mINFO - 2023-10-16 17:10:08,927 - [32mSemaExplorerCDFS[0m - [32mHey new addr ![0m[0m
[1;32;40mINFO - 2023-10-16 17:10:08,934 - [32mSemaExplorerCDFS[0m - [32mHey new addr ![0m[0m
[1;32;40mINFO - 2023-10-16 17:10:08,935 - [37mCustomSimProcedureWindows[0m - [37margc_p: <BV32 0x7ffefe48>[0m[0m
[1;32;40mINFO - 2023-10-16 17:10:08,935 - [37mCustomSimProcedureWindows[0m - [37margv_ppp: <BV32 0x7ffefe38>[0m[0m
[1;32;40mINFO - 2023-10-16 17:10:08,935 - [37mCustomSimProcedureWindows[0m - [37menv_ppp: <BV32 0x7ffefe44>[0m[0m
[1;32;40mINFO - 2023-10-16 17:10:08,935 - [37mCustomSimProcedureWindows[0m - [37mself.state.posix.argc: <BV32 0x1>[0m[0m
[1;32;40mINFO - 2023-10-16 17:10:08,935 - [37mCustomSimProcedureWindows[0m - [37mself.state.posix.argv: <BV32 0x7ffeff30>[0m[0m
[1;32;40mINFO - 2023-10-16 17:10:08,935 - [37mCustomSimProcedureWindows[0m - [37mself.state.posix.environ: <BV32 0x7ffeff38>[0m[0m
[1;32;40mINFO - 2023-10-16 17:10:08,936 - [36mCustomSimProcedure[0m - [36mSyscall found:  __getmainargs[<BV32 0x7ffefe48>, <BV32 0x7ffefe38>, <BV32 0x7ffefe44>, <BV32 0x0>, <BV32 0x7ffefe3c>][0m[0m
[1;32;40mINFO - 2023-10-16 17:10:08,936 - [32mSemaExplorerCDFS[0m - [32mHey new addr ![0m[0m
[1;32;40mINFO - 2023-10-16 17:10:08,942 - [36mCustomSimProcedure[0m - [36mSyscall found:  _initterm[<BV32 0x407000>, <BV32 0x407004>][0m[0m
[1;32;40mINFO - 2023-10-16 17:10:08,943 - [32mSemaExplorerCDFS[0m - [32mHey new addr ![0m[0m
[1;32;40mINFO - 2023-10-16 17:10:08,948 - [32mSemaExplorerCDFS[0m - [32mHey new addr ![0m[0m
[1;32;40mINFO - 2023-10-16 17:10:08,954 - [32mSemaExplorerCDFS[0m - [32mHey new addr ![0m[0m
[1;32;40mINFO - 2023-10-16 17:10:09,219 - [32mSemaExplorerCDFS[0m - [32mHey new addr ![0m[0m
[1;32;40mINFO - 2023-10-16 17:10:09,222 - [32mSemaExplorerCDFS[0m - [32mHey new addr ![0m[0m
[1;32;40mINFO - 2023-10-16 17:10:09,227 - [32mSemaExplorerCDFS[0m - [32mHey new addr ![0m[0m
[1;32;40mINFO - 2023-10-16 17:10:09,230 - [32mSemaExplorerCDFS[0m - [32mHey new addr ![0m[0m
[1;32;40mINFO - 2023-10-16 17:10:09,231 - [37mCustomSimProcedureWindows[0m - 4[0m
[1;32;40mINFO - 2023-10-16 17:10:09,231 - [37mCustomSimProcedureWindows[0m - [68, 'dword'][0m
[1;32;40mINFO - 2023-10-16 17:10:09,231 - [37mCustomSimProcedureWindows[0m - 0[0m
[1;32;40mINFO - 2023-10-16 17:10:09,231 - [37mCustomSimProcedureWindows[0m - ['', 'LPSTR'][0m
[1;33;40mWARNING - 2023-10-16 17:10:09,231 - [35mangr.storage.memory_mixins.bvv_conversion_mixin[0m - [35mEncoding unicode string for memory as utf-8. Did you mean to use a bytestring?[0m[0m
[1;32;40mINFO - 2023-10-16 17:10:09,231 - [37mCustomSimProcedureWindows[0m - 15[0m
[1;32;40mINFO - 2023-10-16 17:10:09,231 - [37mCustomSimProcedureWindows[0m - ['winsta0\\default', 'LPSTR'][0m
[1;33;40mWARNING - 2023-10-16 17:10:09,231 - [35mangr.storage.memory_mixins.bvv_conversion_mixin[0m - [35mEncoding unicode string for memory as utf-8. Did you mean to use a bytestring?[0m[0m
[1;32;40mINFO - 2023-10-16 17:10:09,231 - [37mCustomSimProcedureWindows[0m - 0[0m
[1;32;40mINFO - 2023-10-16 17:10:09,231 - [37mCustomSimProcedureWindows[0m - ['', 'LPSTR'][0m
[1;33;40mWARNING - 2023-10-16 17:10:09,231 - [35mangr.storage.memory_mixins.bvv_conversion_mixin[0m - [35mEncoding unicode string for memory as utf-8. Did you mean to use a bytestring?[0m[0m
[1;32;40mINFO - 2023-10-16 17:10:09,231 - [37mCustomSimProcedureWindows[0m - 4[0m
[1;32;40mINFO - 2023-10-16 17:10:09,231 - [37mCustomSimProcedureWindows[0m - [<BV32 dwXGetStartupInfoA_131071_32>, 'dword'][0m
[1;32;40mINFO - 2023-10-16 17:10:09,232 - [37mCustomSimProcedureWindows[0m - 4[0m
[1;32;40mINFO - 2023-10-16 17:10:09,232 - [37mCustomSimProcedureWindows[0m - [<BV32 dwYGetStartupInfoA_131072_32>, 'dword'][0m
[1;32;40mINFO - 2023-10-16 17:10:09,232 - [37mCustomSimProcedureWindows[0m - 4[0m
[1;32;40mINFO - 2023-10-16 17:10:09,232 - [37mCustomSimProcedureWindows[0m - [<BV32 dwXSizeGetStartupInfoA_131073_32>, 'dword'][0m
[1;32;40mINFO - 2023-10-16 17:10:09,232 - [37mCustomSimProcedureWindows[0m - 4[0m
[1;32;40mINFO - 2023-10-16 17:10:09,232 - [37mCustomSimProcedureWindows[0m - [<BV32 dwYSizeGetStartupInfoA_131074_32>, 'dword'][0m
[1;32;40mINFO - 2023-10-16 17:10:09,232 - [37mCustomSimProcedureWindows[0m - 4[0m
[1;32;40mINFO - 2023-10-16 17:10:09,232 - [37mCustomSimProcedureWindows[0m - [<BV32 dwXCountCharsGetStartupInfoA_131075_32>, 'dword'][0m
[1;32;40mINFO - 2023-10-16 17:10:09,232 - [37mCustomSimProcedureWindows[0m - 4[0m
[1;32;40mINFO - 2023-10-16 17:10:09,232 - [37mCustomSimProcedureWindows[0m - [<BV32 dwYCountCharsGetStartupInfoA_131076_32>, 'dword'][0m
[1;32;40mINFO - 2023-10-16 17:10:09,232 - [37mCustomSimProcedureWindows[0m - 4[0m
[1;32;40mINFO - 2023-10-16 17:10:09,232 - [37mCustomSimProcedureWindows[0m - [<BV32 dwFillAttributeGetStartupInfoA_131077_32>, 'dword'][0m
[1;32;40mINFO - 2023-10-16 17:10:09,232 - [37mCustomSimProcedureWindows[0m - 4[0m
[1;32;40mINFO - 2023-10-16 17:10:09,232 - [37mCustomSimProcedureWindows[0m - [<BV32 dwFlagsGetStartupInfoA_131078_32>, 'dword'][0m
[1;32;40mINFO - 2023-10-16 17:10:09,233 - [37mCustomSimProcedureWindows[0m - 2[0m
[1;32;40mINFO - 2023-10-16 17:10:09,233 - [37mCustomSimProcedureWindows[0m - [<BV16 wShowWindowGetStartupInfoA_131079_16>, 'word'][0m
[1;32;40mINFO - 2023-10-16 17:10:09,233 - [37mCustomSimProcedureWindows[0m - 2[0m
[1;32;40mINFO - 2023-10-16 17:10:09,233 - [37mCustomSimProcedureWindows[0m - [<BV16 cbReserved2GetStartupInfoA_131080_16>, 'word'][0m
[1;32;40mINFO - 2023-10-16 17:10:09,233 - [37mCustomSimProcedureWindows[0m - 4[0m
[1;32;40mINFO - 2023-10-16 17:10:09,233 - [37mCustomSimProcedureWindows[0m - [<BV32 lpReserved2GetStartupInfoA_131081_32>, 'LPBYTE'][0m
[1;32;40mINFO - 2023-10-16 17:10:09,233 - [37mCustomSimProcedureWindows[0m - 4[0m
[1;32;40mINFO - 2023-10-16 17:10:09,233 - [37mCustomSimProcedureWindows[0m - [<BV32 hStdInputGetStartupInfoA_131082_32>, 'HANDLE'][0m
[1;32;40mINFO - 2023-10-16 17:10:09,233 - [37mCustomSimProcedureWindows[0m - 4[0m
[1;32;40mINFO - 2023-10-16 17:10:09,233 - [37mCustomSimProcedureWindows[0m - [<BV32 hStdOutputGetStartupInfoA_131083_32>, 'HANDLE'][0m
[1;32;40mINFO - 2023-10-16 17:10:09,233 - [37mCustomSimProcedureWindows[0m - 4[0m
[1;32;40mINFO - 2023-10-16 17:10:09,233 - [37mCustomSimProcedureWindows[0m - [<BV32 hStdErrorGetStartupInfoA_131084_32>, 'HANDLE'][0m
[1;32;40mINFO - 2023-10-16 17:10:09,234 - [36mCustomSimProcedure[0m - [36mSyscall found:  GetStartupInfoA[<BV32 0x7ffefe4c>][0m[0m
[1;32;40mINFO - 2023-10-16 17:10:09,234 - [32mSemaExplorerCDFS[0m - [32mHey new addr ![0m[0m
[1;32;40mINFO - 2023-10-16 17:10:09,265 - [32mSemaExplorerCDFS[0m - [32mA new block of execution have been executed with changes in sim_manager.[0m[0m
[1;32;40mINFO - 2023-10-16 17:10:09,265 - [32mSemaExplorerCDFS[0m - [32mCurrently, simulation manager is :
<SimulationManager with 2 active>[0m[0m
[1;32;40mINFO - 2023-10-16 17:10:09,265 - [32mSemaExplorerCDFS[0m - [32mpause stash len :0[0m[0m
[1;32;40mINFO - 2023-10-16 17:10:09,266 - [32mSemaExplorerCDFS[0m - [32mfork_stack : 1 0x403a67 || 0x403a56[0m[0m
[1;32;40mINFO - 2023-10-16 17:10:09,266 - [32mSemaExplorerCDFS[0m - [32mHey new addr ![0m[0m
[1;32;40mINFO - 2023-10-16 17:10:09,273 - [32mSemaExplorerCDFS[0m - [32mHey new addr ![0m[0m
[1;32;40mINFO - 2023-10-16 17:10:09,282 - [37mCustomSimProcedureWindows[0m - [37mGetModuleHandleW: NULL[0m[0m
[1;32;40mINFO - 2023-10-16 17:10:09,282 - [36mCustomSimProcedure[0m - [36mSyscall found:  GetModuleHandleA[<BV32 0x0>][0m[0m
[1;32;40mINFO - 2023-10-16 17:10:09,286 - [32mSemaExplorerCDFS[0m - [32mHey new addr ![0m[0m
[1;32;40mINFO - 2023-10-16 17:10:09,297 - [37mCustomSimProcedureWindows[0m - [37mGetModuleHandleW: NULL[0m[0m
[1;32;40mINFO - 2023-10-16 17:10:09,297 - [36mCustomSimProcedure[0m - [36mSyscall found:  GetModuleHandleA[<BV32 0x0>][0m[0m
[1;32;40mINFO - 2023-10-16 17:10:09,299 - [32mSemaExplorerCDFS[0m - [32mHey new addr ![0m[0m
[1;32;40mINFO - 2023-10-16 17:10:09,306 - [32mSemaExplorerCDFS[0m - [32mHey new addr ![0m[0m
[1;32;40mINFO - 2023-10-16 17:10:09,317 - [37mCustomSimProcedureWindows[0m - [37mLoadLibraryA: advapi32.dll[0m[0m
[1;32;40mINFO - 2023-10-16 17:10:09,317 - [37mCustomSimProcedureWindows[0m - [37mLoadLibraryA: Symbol not found[0m[0m
[1;32;40mINFO - 2023-10-16 17:10:09,332 - [36mCustomSimProcedure[0m - {"ordinal.823.b'mfc42.dll'": 5242880, "ordinal.825.b'mfc42.dll'": 5242884, '_controlfp': 5242888, '__set_app_type': 5242892, '__p__fmode': 5242896, '__p__commode': 5242900, '_adjust_fdiv': 5242904, '__setusermatherr': 5242908, '_initterm': 5242912, '__getmainargs': 5242916, '_acmdln': 5242920, 'exit': 5242924, '_XcptFilter': 5242928, '_exit': 5242932, '_except_handler3': 5242936, 'strstr': 5242940, 'strcspn': 5242944, 'strncpy': 5242948, 'atoi': 5242952, 'time': 5242956, 'srand': 5242960, 'rand': 5242964, 'realloc': 5242968, 'free': 5242972, 'malloc': 5242976, 'sprintf': 5242980, 'ReleaseMutex': 5242984, 'Sleep': 5242988, 'lstrcpyA': 5242992, 'CreateProcessA': 5242996, 'TerminateProcess': 5243000, 'ExitThread': 5243004, 'GetStartupInfoA': 5243008, 'GetModuleHandleA': 5243012, 'WaitForSingleObject': 5243016, 'GetModuleFileNameA': 5243020, 'CreateFileA': 5243024, 'SetFilePointer': 5243028, 'WriteFile': 5243032, 'lstrcpynA': 5243036, 'lstrlenA': 5243040, 'OpenMutexA': 5243044, 'GetComputerNameA': 5243048, 'ExitProcess': 5243052, 'GetCurrentProcess': 5243056, 'GetCurrentThread': 5243060, 'CloseHandle': 5243064, 'CreateThread': 5243068, 'LoadLibraryA': 5243072, 'GetProcAddress': 5243076, 'GetSystemDefaultUILanguage': 5243080, 'GetTickCount': 5243084, 'wsprintfA': 5243088, 'ShellExecuteA': 5243092, 'ShellExecuteExA': 5243096, 'SHChangeNotify': 5243100, 'SHDeleteKeyA': 5243104, 'setsockopt': 5243108, 'recv': 5243112, '__WSAFDIsSet': 5243116, 'select': 5243120, 'send': 5243124, 'WSAIoctl': 5243128, 'WSAStartup': 5243132, 'htons': 5243136, 'inet_ntoa': 5243140, 'htonl': 5243144, 'socket': 5243148, 'connect': 5243152, 'closesocket': 5243156, 'inet_addr': 5243160, 'sendto': 5243164, 'WSACleanup': 5243168, 'GetAdaptersInfo': 5243172, 'GetIfTable': 5243176, 'KiUserExceptionDispatcher': 6295572, '_fmode': 6295576, '_commode': 6295580, '_wcmdln': 6295584, 'advapi32.dll': 6295588}[0m
[1;32;40mINFO - 2023-10-16 17:10:09,333 - [36mCustomSimProcedure[0m - [36mWas in angr :advapi32.dll[0m[0m
[1;33;40mWARNING - 2023-10-16 17:10:09,359 - [34mangr.project[0m - [34mAddress is already hooked, during hook(0x5000ec, <SimProcedure __WSAFDIsSet>). Not re-hooking.[0m[0m
[1;33;40mWARNING - 2023-10-16 17:10:09,360 - [34mangr.project[0m - [34mAddress is already hooked, during hook(0x5000fc, <SimProcedure WSAStartup>). Not re-hooking.[0m[0m
[1;33;40mWARNING - 2023-10-16 17:10:09,360 - [34mangr.project[0m - [34mAddress is already hooked, during hook(0x500114, <SimProcedure closesocket>). Not re-hooking.[0m[0m
[1;33;40mWARNING - 2023-10-16 17:10:09,360 - [34mangr.project[0m - [34mAddress is already hooked, during hook(0x500120, <SimProcedure WSACleanup>). Not re-hooking.[0m[0m
[1;32;40mINFO - 2023-10-16 17:10:09,361 - [36mCustomSimProcedure[0m - [36mWas in angr :user32.dll[0m[0m
[1;33;40mWARNING - 2023-10-16 17:10:09,362 - [36mCustomSimProcedure[0m - [36mProcedure wsprintfA in DLL user32.dll has 3 arguments in json and 2 arguments in angr prototype. Taking number of arguments from json.[0m[0m
[1;33;40mWARNING - 2023-10-16 17:10:09,363 - [36mCustomSimProcedure[0m - [36mProcedure wsprintfW in DLL user32.dll has 3 arguments in json and 2 arguments in angr prototype. Taking number of arguments from json.[0m[0m
[1;33;40mWARNING - 2023-10-16 17:10:09,392 - [34mangr.project[0m - [34mAddress is already hooked, during hook(0x5000d8, <SimProcedure ShellExecuteExA>). Not re-hooking.[0m[0m
[1;33;40mWARNING - 2023-10-16 17:10:09,392 - [34mangr.project[0m - [34mAddress is already hooked, during hook(0x5000d4, <SimProcedure ShellExecuteA>). Not re-hooking.[0m[0m
[1;33;40mWARNING - 2023-10-16 17:10:09,393 - [34mangr.project[0m - [34mAddress is already hooked, during hook(0x5000dc, <SimProcedure SHChangeNotify>). Not re-hooking.[0m[0m
[1;32;40mINFO - 2023-10-16 17:10:09,395 - [36mCustomSimProcedure[0m - [36mWas in angr :kernel32.dll[0m[0m
[1;32;40mINFO - 2023-10-16 17:10:09,445 - [36mCustomSimProcedure[0m - [36mWas in angr :msvcrt.dll[0m[0m
[1;33;40mWARNING - 2023-10-16 17:10:09,479 - [34mangr.project[0m - [34mAddress is already hooked, during hook(0x5000e0, <SimProcedure SHDeleteKeyA>). Not re-hooking.[0m[0m
[1;33;40mWARNING - 2023-10-16 17:10:09,490 - [34mangr.project[0m - [34mAddress is already hooked, during hook(0x500020, <SimProcedure _initterm>). Not re-hooking.[0m[0m
[1;33;40mWARNING - 2023-10-16 17:10:09,491 - [34mangr.project[0m - [34mAddress is already hooked, during hook(0x500024, <SimProcedure __getmainargs>). Not re-hooking.[0m[0m
[1;33;40mWARNING - 2023-10-16 17:10:09,491 - [34mangr.project[0m - [34mAddress is already hooked, during hook(0x50004c, <SimProcedure time>). Not re-hooking.[0m[0m
[1;33;40mWARNING - 2023-10-16 17:10:09,491 - [34mangr.project[0m - [34mAddress is already hooked, during hook(0x601014, <SimProcedure KiUserExceptionDispatcher>). Not re-hooking.[0m[0m
[1;32;40mINFO - 2023-10-16 17:10:09,491 - [36mCustomSimProcedure[0m - [36mNo hooks for: {"ordinal.823.b'mfc42.dll'": 5242880, "ordinal.825.b'mfc42.dll'": 5242884, '_controlfp': 5242888, '__set_app_type': 5242892, '_adjust_fdiv': 5242904, '__setusermatherr': 5242908, '_acmdln': 5242920, '_XcptFilter': 5242928, '_except_handler3': 5242936, 'WSAIoctl': 5243128, '_fmode': 6295576, '_commode': 6295580, '_wcmdln': 6295584, 'advapi32.dll': 6295588}[0m[0m
[1;32;40mINFO - 2023-10-16 17:10:09,493 - [36mCustomSimProcedure[0m - [36mSyscall found:  LoadLibraryA[<BV32 0x407154>][0m[0m
[1;32;40mINFO - 2023-10-16 17:10:09,500 - [32mSemaExplorerCDFS[0m - [32mHey new addr ![0m[0m
[1;32;40mINFO - 2023-10-16 17:10:09,514 - [37mCustomSimProcedureWindows[0m - [37mLoadLibraryA: advapi32.dll[0m[0m
[1;32;40mINFO - 2023-10-16 17:10:09,515 - [36mCustomSimProcedure[0m - [36mSyscall found:  LoadLibraryA[<BV32 0x407154>][0m[0m
[1;32;40mINFO - 2023-10-16 17:10:09,517 - [32mSemaExplorerCDFS[0m - [32mHey new addr ![0m[0m
[1;32;40mINFO - 2023-10-16 17:10:09,529 - [37mCustomSimProcedureWindows[0m - [37mGetProcAddress: StartServiceCtrlDispatcherA[0m[0m
[1;32;40mINFO - 2023-10-16 17:10:09,530 - [37mCustomSimProcedureWindows[0m - [37mGetProcAddress - Query to lib : advapi32.dll[0m[0m
[1;32;40mINFO - 2023-10-16 17:10:09,530 - [37mCustomSimProcedureWindows[0m - [37mGetProcAddress: Symbol not found[0m[0m
[1;32;40mINFO - 2023-10-16 17:10:09,530 - [36mCustomSimProcedure[0m - [36mSyscall found:  GetProcAddress[<BV32 0x601024>, <BV32 0x4073d8>][0m[0m
[1;32;40mINFO - 2023-10-16 17:10:09,536 - [32mSemaExplorerCDFS[0m - [32mHey new addr ![0m[0m
[1;32;40mINFO - 2023-10-16 17:10:09,550 - [37mCustomSimProcedureWindows[0m - [37mGetProcAddress: StartServiceCtrlDispatcherA[0m[0m
[1;32;40mINFO - 2023-10-16 17:10:09,550 - [36mCustomSimProcedure[0m - [36mSyscall found:  GetProcAddress[<BV32 0x601024>, <BV32 0x4073d8>][0m[0m
[1;32;40mINFO - 2023-10-16 17:10:09,554 - [32mSemaExplorerCDFS[0m - [32mHey new addr ![0m[0m
[1;32;40mINFO - 2023-10-16 17:10:09,572 - [37mCustomSimProcedureWindows[0m - [37mLoadLibraryA: advapi32.dll[0m[0m
[1;32;40mINFO - 2023-10-16 17:10:09,572 - [36mCustomSimProcedure[0m - [36mSyscall found:  LoadLibraryA[<BV32 0x407154>][0m[0m
[1;32;40mINFO - 2023-10-16 17:10:09,580 - [32mSemaExplorerCDFS[0m - [32mHey new addr ![0m[0m
[1;32;40mINFO - 2023-10-16 17:10:09,593 - [37mCustomSimProcedureWindows[0m - [37mLoadLibraryA: advapi32.dll[0m[0m
[1;32;40mINFO - 2023-10-16 17:10:09,594 - [36mCustomSimProcedure[0m - [36mSyscall found:  LoadLibraryA[<BV32 0x407154>][0m[0m
[1;32;40mINFO - 2023-10-16 17:10:09,607 - [37mCustomSimProcedureWindows[0m - [37mGetProcAddress: RegCloseKey[0m[0m
[1;32;40mINFO - 2023-10-16 17:10:09,607 - [37mCustomSimProcedureWindows[0m - [37mGetProcAddress - Query to lib : advapi32.dll[0m[0m
[1;32;40mINFO - 2023-10-16 17:10:09,607 - [37mCustomSimProcedureWindows[0m - [37mGetProcAddress: Symbol not found[0m[0m
[1;32;40mINFO - 2023-10-16 17:10:09,607 - [36mCustomSimProcedure[0m - [36mSyscall found:  GetProcAddress[<BV32 0x601024>, <BV32 0x4071a4>][0m[0m
[1;32;40mINFO - 2023-10-16 17:10:09,612 - [32mSemaExplorerCDFS[0m - [32mHey new addr ![0m[0m
[1;32;40mINFO - 2023-10-16 17:10:09,625 - [37mCustomSimProcedureWindows[0m - [37mGetProcAddress: RegCloseKey[0m[0m
[1;32;40mINFO - 2023-10-16 17:10:09,625 - [36mCustomSimProcedure[0m - [36mSyscall found:  GetProcAddress[<BV32 0x601024>, <BV32 0x4071a4>][0m[0m
[1;32;40mINFO - 2023-10-16 17:10:09,636 - [37mCustomSimProcedureWindows[0m - [37mLoadLibraryA: advapi32.dll[0m[0m
[1;32;40mINFO - 2023-10-16 17:10:09,636 - [36mCustomSimProcedure[0m - [36mSyscall found:  LoadLibraryA[<BV32 0x407154>][0m[0m
[1;32;40mINFO - 2023-10-16 17:10:09,641 - [32mSemaExplorerCDFS[0m - [32mHey new addr ![0m[0m
[1;32;40mINFO - 2023-10-16 17:10:09,654 - [37mCustomSimProcedureWindows[0m - [37mLoadLibraryA: advapi32.dll[0m[0m
[1;32;40mINFO - 2023-10-16 17:10:09,654 - [36mCustomSimProcedure[0m - [36mSyscall found:  LoadLibraryA[<BV32 0x407154>][0m[0m
[1;32;40mINFO - 2023-10-16 17:10:09,668 - [37mCustomSimProcedureWindows[0m - [37mGetProcAddress: RegOpenKeyExA[0m[0m
[1;32;40mINFO - 2023-10-16 17:10:09,668 - [37mCustomSimProcedureWindows[0m - [37mGetProcAddress - Query to lib : advapi32.dll[0m[0m
[1;32;40mINFO - 2023-10-16 17:10:09,668 - [37mCustomSimProcedureWindows[0m - [37mGetProcAddress: Symbol not found[0m[0m
[1;32;40mINFO - 2023-10-16 17:10:09,668 - [36mCustomSimProcedure[0m - [36mSyscall found:  GetProcAddress[<BV32 0x601024>, <BV32 0x407374>][0m[0m
[1;32;40mINFO - 2023-10-16 17:10:09,673 - [32mSemaExplorerCDFS[0m - [32mHey new addr ![0m[0m
[1;32;40mINFO - 2023-10-16 17:10:09,690 - [37mCustomSimProcedureWindows[0m - [37mGetProcAddress: RegOpenKeyExA[0m[0m
[1;32;40mINFO - 2023-10-16 17:10:09,690 - [36mCustomSimProcedure[0m - [36mSyscall found:  GetProcAddress[<BV32 0x601024>, <BV32 0x407374>][0m[0m
[1;32;40mINFO - 2023-10-16 17:10:09,693 - [32mSemaExplorerCDFS[0m - [32mHey new addr ![0m[0m
[1;32;40mINFO - 2023-10-16 17:10:10,018 - [32mSemaExplorerCDFS[0m - [32mHey new addr ![0m[0m
[1;32;40mINFO - 2023-10-16 17:10:10,039 - [32mSemaExplorerCDFS[0m - [32mHey new addr ![0m[0m
[1;32;40mINFO - 2023-10-16 17:10:10,317 - [32mSemaExplorerCDFS[0m - [32mHey new addr ![0m[0m
[1;32;40mINFO - 2023-10-16 17:10:10,328 - [32mSemaExplorerCDFS[0m - [32mHey new addr ![0m[0m
[1;32;40mINFO - 2023-10-16 17:10:10,376 - [32mSemaExplorerCDFS[0m - [32mHey new addr ![0m[0m
[1;32;40mINFO - 2023-10-16 17:10:10,382 - [32mSemaExplorerCDFS[0m - [32mHey new addr ![0m[0m
[1;32;40mINFO - 2023-10-16 17:10:10,399 - [32mSemaExplorerCDFS[0m - [32mHey new addr ![0m[0m
[1;32;40mINFO - 2023-10-16 17:10:10,408 - [32mSemaExplorerCDFS[0m - [32mHey new addr ![0m[0m
[1;32;40mINFO - 2023-10-16 17:10:10,470 - [32mSemaExplorerCDFS[0m - [32mHey new addr ![0m[0m
[1;32;40mINFO - 2023-10-16 17:10:10,480 - [32mSemaExplorerCDFS[0m - [32mHey new addr ![0m[0m
[1;32;40mINFO - 2023-10-16 17:10:10,741 - [32mSemaExplorerCDFS[0m - [32mHey new addr ![0m[0m
[1;32;40mINFO - 2023-10-16 17:10:10,750 - [32mSemaExplorerCDFS[0m - [32mHey new addr ![0m[0m
[1;32;40mINFO - 2023-10-16 17:10:10,762 - [32mSemaExplorerCDFS[0m - [32mHey new addr ![0m[0m
[1;32;40mINFO - 2023-10-16 17:10:10,771 - [32mSemaExplorerCDFS[0m - [32mHey new addr ![0m[0m
[1;32;40mINFO - 2023-10-16 17:10:10,780 - [32mSemaExplorerCDFS[0m - [32mHey new addr ![0m[0m
[1;32;40mINFO - 2023-10-16 17:10:10,781 - [36mCustomSimProcedure[0m - [36mSyscall found:  RegOpenKeyExA[<BV32 0x80000002>, <BV32 0x7ffefbd4>, <BV32 0x0>, <BV32 0xf003f>, <BV32 0x7ffefcdc>][0m[0m
[1;32;40mINFO - 2023-10-16 17:10:10,789 - [32mSemaExplorerCDFS[0m - [32mHey new addr ![0m[0m
[1;32;40mINFO - 2023-10-16 17:10:10,794 - [36mCustomSimProcedure[0m - [36mSyscall found:  RegOpenKeyExA[<BV32 0x80000002>, <BV32 0x7ffefbd4>, <BV32 0x0>, <BV32 0xf003f>, <BV32 0x7ffefcdc>][0m[0m
[1;32;40mINFO - 2023-10-16 17:10:10,799 - [32mSemaExplorerCDFS[0m - [32mHey new addr ![0m[0m
[1;32;40mINFO - 2023-10-16 17:10:10,807 - [32mSemaExplorerCDFS[0m - [32mHey new addr ![0m[0m
[1;32;40mINFO - 2023-10-16 17:10:10,808 - [36mCustomSimProcedure[0m - [36mSyscall found:  RegCloseKey[<BV32 key_handle_RegOpenKeyExA_131085_32[7:0] .. key_handle_RegOpenKeyExA_131085_32[15:8] .. key_handle_RegOpenKeyExA_131085_32[23:16] .. key_handle_RegOpenKeyExA_131085_32[31:24]>][0m[0m
[1;32;40mINFO - 2023-10-16 17:10:10,812 - [32mSemaExplorerCDFS[0m - [32mHey new addr ![0m[0m
[1;32;40mINFO - 2023-10-16 17:10:10,816 - [36mCustomSimProcedure[0m - [36mSyscall found:  RegCloseKey[<BV32 key_handle_RegOpenKeyExA_131086_32[7:0] .. key_handle_RegOpenKeyExA_131086_32[15:8] .. key_handle_RegOpenKeyExA_131086_32[23:16] .. key_handle_RegOpenKeyExA_131086_32[31:24]>][0m[0m
[1;32;40mINFO - 2023-10-16 17:10:10,817 - [32mSemaExplorerCDFS[0m - [32mHey new addr ![0m[0m
[1;32;40mINFO - 2023-10-16 17:10:10,824 - [32mSemaExplorerCDFS[0m - [32mHey new addr ![0m[0m
[1;32;40mINFO - 2023-10-16 17:10:10,832 - [32mSemaExplorerCDFS[0m - [32mHey new addr ![0m[0m
[1;32;40mINFO - 2023-10-16 17:10:10,835 - [36mCustomSimProcedure[0m - [36mSyscall found:  StartServiceCtrlDispatcherA[<BV32 0x7ffefe20>][0m[0m
[1;32;40mINFO - 2023-10-16 17:10:10,855 - [32mSemaExplorerCDFS[0m - [32mHey new addr ![0m[0m
[1;32;40mINFO - 2023-10-16 17:10:10,861 - [36mCustomSimProcedure[0m - [36mSyscall found:  StartServiceCtrlDispatcherA[<BV32 0x7ffefe20>][0m[0m
[1;32;40mINFO - 2023-10-16 17:10:10,876 - [32mSemaExplorerCDFS[0m - [32mHey new addr ![0m[0m
[1;32;40mINFO - 2023-10-16 17:10:10,884 - [32mSemaExplorerCDFS[0m - [32mHey new addr ![0m[0m
[1;32;40mINFO - 2023-10-16 17:10:10,885 - [36mCustomSimProcedure[0m - [36mSyscall found:  exit[<BV32 0x0>][0m[0m
[1;32;40mINFO - 2023-10-16 17:10:10,890 - [36mCustomSimProcedure[0m - [36mSyscall found:  exit[<BV32 0x0>][0m[0m
[1;32;40mINFO - 2023-10-16 17:10:10,890 - [32mSemaExplorerCDFS[0m - [32mA new block of execution have been executed with changes in sim_manager.[0m[0m
[1;32;40mINFO - 2023-10-16 17:10:10,890 - [32mSemaExplorerCDFS[0m - [32mCurrently, simulation manager is :
<SimulationManager with 1 active, 1 deadended>[0m[0m
[1;32;40mINFO - 2023-10-16 17:10:10,890 - [32mSemaExplorerCDFS[0m - [32mpause stash len :0[0m[0m
[1;32;40mINFO - 2023-10-16 17:10:10,891 - [32mSemaExplorerCDFS[0m - [32mA new block of execution have been executed with changes in sim_manager.[0m[0m
[1;32;40mINFO - 2023-10-16 17:10:10,891 - [32mSemaExplorerCDFS[0m - [32mCurrently, simulation manager is :
<SimulationManager with 2 deadended>[0m[0m
[1;32;40mINFO - 2023-10-16 17:10:10,891 - [32mSemaExplorerCDFS[0m - [32mpause stash len :0[0m[0m
[1;32;40mINFO - 2023-10-16 17:10:10,891 - [32mSemaExplorerCDFS[0m - [32mlen(simgr.active) <= 0 or deadended >= self.max_end_state)[0m[0m
[1;32;40mINFO - 2023-10-16 17:10:10,892 - [37mGraphBuilder[0m - [37mOutput dir :output/runs//unknown[0m[0m
