2021-12-03 09:23:01,117 [cuckoo.core.scheduler] INFO: Task #22: acquired machine cuckoo1 (label=cuckoo1)
2021-12-03 09:23:01,117 [cuckoo.core.resultserver] DEBUG: Now tracking machine 192.168.122.227 for task #22
2021-12-03 09:23:01,118 [cuckoo.core.plugins] DEBUG: Started auxiliary module: Replay
2021-12-03 09:23:01,123 [cuckoo.auxiliary.sniffer] INFO: Started sniffer with PID 35049 (interface=qemubr, host=192.168.122.227)
2021-12-03 09:23:01,124 [cuckoo.core.plugins] DEBUG: Started auxiliary module: Sniffer
2021-12-03 09:23:01,146 [cuckoo.machinery.qemu] DEBUG: Starting vm cuckoo1
2021-12-03 09:23:01,158 [cuckoo.core.scheduler] ERROR: Error starting Virtual Machine! VM: cuckoo1, error: QEMU failed starting the machine: qemu-img: /var/lib/libvirt/images/snapshot_cuckoo1.qcow2: Could not open '/var/lib/libvirt/images/cuckoo_ubuntu18.04.qcow2': Permission denied
Could not open backing image to determine size.

2021-12-03 09:23:01,159 [cuckoo.core.plugins] DEBUG: Stopped auxiliary module: Replay
2021-12-03 09:23:01,191 [cuckoo.core.plugins] DEBUG: Stopped auxiliary module: Sniffer
2021-12-03 09:23:01,192 [cuckoo.machinery.qemu] DEBUG: Stopping vm cuckoo1
2021-12-03 09:23:01,200 [cuckoo.core.scheduler] WARNING: Unable to stop machine cuckoo1: Trying to stop an already stopped vm cuckoo1
2021-12-03 09:23:01,207 [cuckoo.core.resultserver] DEBUG: Stopped tracking machine 192.168.122.227 for task #22
2021-12-03 09:23:01,217 [cuckoo.core.scheduler] DEBUG: Released database task #22
2021-12-03 09:23:01,234 [cuckoo.core.plugins] DEBUG: Executed processing module "AnalysisInfo" for task #22
2021-12-03 09:23:01,234 [cuckoo.processing.behavior] WARNING: Analysis results folder does not contain any behavior log files.
2021-12-03 09:23:01,235 [cuckoo.core.plugins] DEBUG: Executed processing module "BehaviorAnalysis" for task #22
2021-12-03 09:23:01,235 [cuckoo.core.plugins] DEBUG: Executed processing module "Dropped" for task #22
2021-12-03 09:23:01,235 [cuckoo.core.plugins] DEBUG: Executed processing module "DroppedBuffer" for task #22
2021-12-03 09:23:01,236 [cuckoo.core.plugins] DEBUG: Executed processing module "MetaInfo" for task #22
2021-12-03 09:23:01,236 [cuckoo.core.plugins] DEBUG: Executed processing module "ProcessMemory" for task #22
2021-12-03 09:23:01,237 [cuckoo.core.plugins] DEBUG: Executed processing module "Procmon" for task #22
2021-12-03 09:23:01,237 [cuckoo.core.plugins] DEBUG: Executed processing module "Screenshots" for task #22
2021-12-03 09:23:01,415 [cuckoo.core.plugins] DEBUG: Executed processing module "Static" for task #22
2021-12-03 09:23:01,440 [cuckoo.core.plugins] DEBUG: Executed processing module "Strings" for task #22
2021-12-03 09:23:01,454 [cuckoo.core.plugins] DEBUG: Executed processing module "TargetInfo" for task #22
2021-12-03 09:23:01,454 [cuckoo.processing.network] WARNING: The PCAP file does not exist at path "/home/crochetch/Documents/toolchain_malware_analysis/src/sandboxes/.cuckoo/storage/analyses/22/dump.pcap".
2021-12-03 09:23:01,455 [cuckoo.core.plugins] DEBUG: Executed processing module "NetworkAnalysis" for task #22
2021-12-03 09:23:01,455 [cuckoo.core.plugins] DEBUG: Executed processing module "Extracted" for task #22
2021-12-03 09:23:01,456 [cuckoo.core.plugins] DEBUG: Executed processing module "TLSMasterSecrets" for task #22
2021-12-03 09:23:01,456 [cuckoo.processing.debug] ERROR: Error processing task #22: it appears that the Virtual Machine hasn't been able to contact back to the Cuckoo Host. There could be a few reasons for this, please refer to our documentation on the matter: https://cuckoo.sh/docs/faq/index.html#troubleshooting-vm-network-configuration
2021-12-03 09:23:01,463 [cuckoo.core.plugins] DEBUG: Executed processing module "Debug" for task #22
2021-12-03 09:23:01,463 [cuckoo.core.plugins] DEBUG: Running 0 signatures
2021-12-03 09:23:01,466 [cuckoo.core.plugins] DEBUG: Executed reporting module "JsonDump"
2021-12-03 09:23:01,502 [cuckoo.core.plugins] DEBUG: Executed reporting module "SingleFile"
2021-12-03 09:23:01,509 [cuckoo.core.plugins] DEBUG: Executed reporting module "MongoDB"
2021-12-03 09:23:01,509 [cuckoo.core.scheduler] INFO: Task #22: reports generation completed
2021-12-03 09:23:01,515 [cuckoo.core.scheduler] INFO: Task #22: analysis procedure completed
