[1;33;40mWARNING - 2023-10-16 17:04:32,450 - [34mangr.project[0m - [34mDisabling IRSB translation cache because support for self-modifying code is enabled.[0m[0m
[1;32;40mINFO - 2023-10-16 17:04:38,891 - [36mCustomSimProcedure[0m - {'GetLastError': 5242880, 'SetLastError': 5242884, 'FormatMessageW': 5242888, 'GetCurrentProcess': 5242892, 'DeviceIoControl': 5242896, 'SetFileTime': 5242900, 'CloseHandle': 5242904, 'CreateDirectoryW': 5242908, 'RemoveDirectoryW': 5242912, 'CreateFileW': 5242916, 'DeleteFileW': 5242920, 'CreateHardLinkW': 5242924, 'GetShortPathNameW': 5242928, 'GetLongPathNameW': 5242932, 'MoveFileW': 5242936, 'GetFileType': 5242940, 'GetStdHandle': 5242944, 'WriteFile': 5242948, 'ReadFile': 5242952, 'FlushFileBuffers': 5242956, 'SetEndOfFile': 5242960, 'SetFilePointer': 5242964, 'SetFileAttributesW': 5242968, 'GetFileAttributesW': 5242972, 'FindClose': 5242976, 'FindFirstFileW': 5242980, 'FindNextFileW': 5242984, 'GetVersionExW': 5242988, 'GetCurrentDirectoryW': 5242992, 'GetFullPathNameW': 5242996, 'FoldStringW': 5243000, 'GetModuleFileNameW': 5243004, 'GetModuleHandleW': 5243008, 'FindResourceW': 5243012, 'FreeLibrary': 5243016, 'GetProcAddress': 5243020, 'GetCurrentProcessId': 5243024, 'ExitProcess': 5243028, 'SetThreadExecutionState': 5243032, 'Sleep': 5243036, 'LoadLibraryW': 5243040, 'GetSystemDirectoryW': 5243044, 'CompareStringW': 5243048, 'AllocConsole': 5243052, 'FreeConsole': 5243056, 'AttachConsole': 5243060, 'WriteConsoleW': 5243064, 'GetProcessAffinityMask': 5243068, 'CreateThread': 5243072, 'SetThreadPriority': 5243076, 'InitializeCriticalSection': 5243080, 'EnterCriticalSection': 5243084, 'LeaveCriticalSection': 5243088, 'DeleteCriticalSection': 5243092, 'SetEvent': 5243096, 'ResetEvent': 5243100, 'ReleaseSemaphore': 5243104, 'WaitForSingleObject': 5243108, 'CreateEventW': 5243112, 'CreateSemaphoreW': 5243116, 'GetSystemTime': 5243120, 'SystemTimeToTzSpecificLocalTime': 5243124, 'TzSpecificLocalTimeToSystemTime': 5243128, 'SystemTimeToFileTime': 5243132, 'FileTimeToLocalFileTime': 5243136, 'LocalFileTimeToFileTime': 5243140, 'FileTimeToSystemTime': 5243144, 'GetCPInfo': 5243148, 'IsDBCSLeadByte': 5243152, 'MultiByteToWideChar': 5243156, 'WideCharToMultiByte': 5243160, 'GlobalAlloc': 5243164, 'LockResource': 5243168, 'GlobalLock': 5243172, 'GlobalUnlock': 5243176, 'GlobalFree': 5243180, 'LoadResource': 5243184, 'SizeofResource': 5243188, 'SetCurrentDirectoryW': 5243192, 'GetExitCodeProcess': 5243196, 'GetLocalTime': 5243200, 'GetTickCount': 5243204, 'MapViewOfFile': 5243208, 'UnmapViewOfFile': 5243212, 'CreateFileMappingW': 5243216, 'OpenFileMappingW': 5243220, 'GetCommandLineW': 5243224, 'SetEnvironmentVariableW': 5243228, 'ExpandEnvironmentStringsW': 5243232, 'GetTempPathW': 5243236, 'MoveFileExW': 5243240, 'GetLocaleInfoW': 5243244, 'GetTimeFormatW': 5243248, 'GetDateFormatW': 5243252, 'GetNumberFormatW': 5243256, 'SetFilePointerEx': 5243260, 'GetConsoleMode': 5243264, 'GetConsoleCP': 5243268, 'HeapSize': 5243272, 'SetStdHandle': 5243276, 'GetProcessHeap': 5243280, 'RaiseException': 5243284, 'GetSystemInfo': 5243288, 'VirtualProtect': 5243292, 'VirtualQuery': 5243296, 'LoadLibraryExA': 5243300, 'IsProcessorFeaturePresent': 5243304, 'IsDebuggerPresent': 5243308, 'UnhandledExceptionFilter': 5243312, 'SetUnhandledExceptionFilter': 5243316, 'GetStartupInfoW': 5243320, 'QueryPerformanceCounter': 5243324, 'GetCurrentThreadId': 5243328, 'GetSystemTimeAsFileTime': 5243332, 'InitializeSListHead': 5243336, 'TerminateProcess': 5243340, 'RtlUnwind': 5243344, 'EncodePointer': 5243348, 'InitializeCriticalSectionAndSpinCount': 5243352, 'TlsAlloc': 5243356, 'TlsGetValue': 5243360, 'TlsSetValue': 5243364, 'TlsFree': 5243368, 'LoadLibraryExW': 5243372, 'QueryPerformanceFrequency': 5243376, 'GetModuleHandleExW': 5243380, 'GetModuleFileNameA': 5243384, 'GetACP': 5243388, 'HeapFree': 5243392, 'HeapAlloc': 5243396, 'HeapReAlloc': 5243400, 'GetStringTypeW': 5243404, 'LCMapStringW': 5243408, 'FindFirstFileExA': 5243412, 'FindNextFileA': 5243416, 'IsValidCodePage': 5243420, 'GetOEMCP': 5243424, 'GetCommandLineA': 5243428, 'GetEnvironmentStringsW': 5243432, 'FreeEnvironmentStringsW': 5243436, 'DecodePointer': 5243440, 'GdiplusShutdown': 5243444, 'GdiplusStartup': 5243448, 'GdipCreateHBITMAPFromBitmap': 5243452, 'GdipCreateBitmapFromStreamICM': 5243456, 'GdipCreateBitmapFromStream': 5243460, 'GdipDisposeImage': 5243464, 'GdipCloneImage': 5243468, 'GdipFree': 5243472, 'GdipAlloc': 5243476, 'KiUserExceptionDispatcher': 6295572, '_fmode': 6295576, '_commode': 6295580, '_acmdln': 6295584, '_wcmdln': 6295588}[0m
[1;32;40mINFO - 2023-10-16 17:04:38,891 - [36mCustomSimProcedure[0m - [36mWas in angr :kernel32.dll[0m[0m
[1;33;40mWARNING - 2023-10-16 17:04:38,940 - [34mangr.project[0m - [34mAddress is already hooked, during hook(0x5000f0, <SimProcedure GetSystemTime>). Not re-hooking.[0m[0m
[1;33;40mWARNING - 2023-10-16 17:04:38,940 - [34mangr.project[0m - [34mAddress is already hooked, during hook(0x500220, <SimProcedure GetOEMCP>). Not re-hooking.[0m[0m
[1;33;40mWARNING - 2023-10-16 17:04:38,940 - [34mangr.project[0m - [34mAddress is already hooked, during hook(0x500178, <SimProcedure GetNumberFormatW>). Not re-hooking.[0m[0m
[1;33;40mWARNING - 2023-10-16 17:04:38,940 - [34mangr.project[0m - [34mAddress is already hooked, during hook(0x50013c, <SimProcedure GetExitCodeProcess>). Not re-hooking.[0m[0m
[1;33;40mWARNING - 2023-10-16 17:04:38,940 - [34mangr.project[0m - [34mAddress is already hooked, during hook(0x500124, <SimProcedure GlobalLock>). Not re-hooking.[0m[0m
[1;33;40mWARNING - 2023-10-16 17:04:38,940 - [34mangr.project[0m - [34mAddress is already hooked, during hook(0x500184, <SimProcedure GetConsoleCP>). Not re-hooking.[0m[0m
[1;33;40mWARNING - 2023-10-16 17:04:38,940 - [34mangr.project[0m - [34mAddress is already hooked, during hook(0x500154, <SimProcedure OpenFileMappingW>). Not re-hooking.[0m[0m
[1;33;40mWARNING - 2023-10-16 17:04:38,940 - [34mangr.project[0m - [34mAddress is already hooked, during hook(0x500038, <SimProcedure MoveFileW>). Not re-hooking.[0m[0m
[1;33;40mWARNING - 2023-10-16 17:04:38,940 - [34mangr.project[0m - [34mAddress is already hooked, during hook(0x500104, <SimProcedure LocalFileTimeToFileTime>). Not re-hooking.[0m[0m
[1;33;40mWARNING - 2023-10-16 17:04:38,941 - [34mangr.project[0m - [34mAddress is already hooked, during hook(0x500128, <SimProcedure GlobalUnlock>). Not re-hooking.[0m[0m
[1;33;40mWARNING - 2023-10-16 17:04:38,941 - [34mangr.project[0m - [34mAddress is already hooked, during hook(0x5000dc, <SimProcedure ResetEvent>). Not re-hooking.[0m[0m
[1;33;40mWARNING - 2023-10-16 17:04:38,941 - [34mangr.project[0m - [34mAddress is already hooked, during hook(0x50005c, <SimProcedure GetFileAttributesW>). Not re-hooking.[0m[0m
[1;33;40mWARNING - 2023-10-16 17:04:38,941 - [34mangr.project[0m - [34mAddress is already hooked, during hook(0x5001b0, <SimProcedure UnhandledExceptionFilter>). Not re-hooking.[0m[0m
[1;33;40mWARNING - 2023-10-16 17:04:38,941 - [34mangr.project[0m - [34mAddress is already hooked, during hook(0x500138, <SimProcedure SetCurrentDirectoryW>). Not re-hooking.[0m[0m
[1;33;40mWARNING - 2023-10-16 17:04:38,941 - [34mangr.project[0m - [34mAddress is already hooked, during hook(0x500180, <SimProcedure GetConsoleMode>). Not re-hooking.[0m[0m
[1;33;40mWARNING - 2023-10-16 17:04:38,941 - [34mangr.project[0m - [34mAddress is already hooked, during hook(0x5000d0, <SimProcedure LeaveCriticalSection>). Not re-hooking.[0m[0m
[1;33;40mWARNING - 2023-10-16 17:04:38,941 - [34mangr.project[0m - [34mAddress is already hooked, during hook(0x5000f4, <SimProcedure SystemTimeToTzSpecificLocalTime>). Not re-hooking.[0m[0m
[1;33;40mWARNING - 2023-10-16 17:04:38,941 - [34mangr.project[0m - [34mAddress is already hooked, during hook(0x5000d4, <SimProcedure DeleteCriticalSection>). Not re-hooking.[0m[0m
[1;33;40mWARNING - 2023-10-16 17:04:38,941 - [34mangr.project[0m - [34mAddress is already hooked, during hook(0x5000b0, <SimProcedure FreeConsole>). Not re-hooking.[0m[0m
[1;33;40mWARNING - 2023-10-16 17:04:38,941 - [34mangr.project[0m - [34mAddress is already hooked, during hook(0x5000ac, <SimProcedure AllocConsole>). Not re-hooking.[0m[0m
[1;33;40mWARNING - 2023-10-16 17:04:38,941 - [34mangr.project[0m - [34mAddress is already hooked, during hook(0x500058, <SimProcedure SetFileAttributesW>). Not re-hooking.[0m[0m
[1;33;40mWARNING - 2023-10-16 17:04:38,941 - [34mangr.project[0m - [34mAddress is already hooked, during hook(0x500014, <SimProcedure SetFileTime>). Not re-hooking.[0m[0m
[1;33;40mWARNING - 2023-10-16 17:04:38,941 - [34mangr.project[0m - [34mAddress is already hooked, during hook(0x50000c, <SimProcedure GetCurrentProcess>). Not re-hooking.[0m[0m
[1;33;40mWARNING - 2023-10-16 17:04:38,941 - [34mangr.project[0m - [34mAddress is already hooked, during hook(0x5001d0, <SimProcedure RtlUnwind>). Not re-hooking.[0m[0m
[1;33;40mWARNING - 2023-10-16 17:04:38,942 - [34mangr.project[0m - [34mAddress is already hooked, during hook(0x500110, <SimProcedure IsDBCSLeadByte>). Not re-hooking.[0m[0m
[1;33;40mWARNING - 2023-10-16 17:04:38,942 - [34mangr.project[0m - [34mAddress is already hooked, during hook(0x50021c, <SimProcedure IsValidCodePage>). Not re-hooking.[0m[0m
[1;33;40mWARNING - 2023-10-16 17:04:38,942 - [34mangr.project[0m - [34mAddress is already hooked, during hook(0x50014c, <SimProcedure UnmapViewOfFile>). Not re-hooking.[0m[0m
[1;33;40mWARNING - 2023-10-16 17:04:38,942 - [34mangr.project[0m - [34mAddress is already hooked, during hook(0x500010, <SimProcedure DeviceIoControl>). Not re-hooking.[0m[0m
[1;33;40mWARNING - 2023-10-16 17:04:38,942 - [34mangr.project[0m - [34mAddress is already hooked, during hook(0x500078, <SimProcedure FoldStringW>). Not re-hooking.[0m[0m
[1;33;40mWARNING - 2023-10-16 17:04:38,942 - [34mangr.project[0m - [34mAddress is already hooked, during hook(0x50006c, <SimProcedure GetVersionExW>). Not re-hooking.[0m[0m
[1;33;40mWARNING - 2023-10-16 17:04:38,942 - [34mangr.project[0m - [34mAddress is already hooked, during hook(0x5000e8, <SimProcedure CreateEventW>). Not re-hooking.[0m[0m
[1;33;40mWARNING - 2023-10-16 17:04:38,942 - [34mangr.project[0m - [34mAddress is already hooked, during hook(0x50022c, <SimProcedure FreeEnvironmentStringsW>). Not re-hooking.[0m[0m
[1;33;40mWARNING - 2023-10-16 17:04:38,942 - [34mangr.project[0m - [34mAddress is already hooked, during hook(0x50018c, <SimProcedure SetStdHandle>). Not re-hooking.[0m[0m
[1;33;40mWARNING - 2023-10-16 17:04:38,942 - [34mangr.project[0m - [34mAddress is already hooked, during hook(0x500030, <SimProcedure GetShortPathNameW>). Not re-hooking.[0m[0m
[1;33;40mWARNING - 2023-10-16 17:04:38,942 - [34mangr.project[0m - [34mAddress is already hooked, during hook(0x5001c8, <SimProcedure InitializeSListHead>). Not re-hooking.[0m[0m
[1;33;40mWARNING - 2023-10-16 17:04:38,942 - [34mangr.project[0m - [34mAddress is already hooked, during hook(0x500164, <SimProcedure GetTempPathW>). Not re-hooking.[0m[0m
[1;33;40mWARNING - 2023-10-16 17:04:38,942 - [34mangr.project[0m - [34mAddress is already hooked, during hook(0x50015c, <SimProcedure SetEnvironmentVariableW>). Not re-hooking.[0m[0m
[1;33;40mWARNING - 2023-10-16 17:04:38,942 - [34mangr.project[0m - [34mAddress is already hooked, during hook(0x5000a8, <SimProcedure CompareStringW>). Not re-hooking.[0m[0m
[1;33;40mWARNING - 2023-10-16 17:04:38,942 - [34mangr.project[0m - [34mAddress is already hooked, during hook(0x5000fc, <SimProcedure SystemTimeToFileTime>). Not re-hooking.[0m[0m
[1;33;40mWARNING - 2023-10-16 17:04:38,942 - [34mangr.project[0m - [34mAddress is already hooked, during hook(0x500098, <SimProcedure SetThreadExecutionState>). Not re-hooking.[0m[0m
[1;33;40mWARNING - 2023-10-16 17:04:38,942 - [34mangr.project[0m - [34mAddress is already hooked, during hook(0x5000f8, <SimProcedure TzSpecificLocalTimeToSystemTime>). Not re-hooking.[0m[0m
[1;33;40mWARNING - 2023-10-16 17:04:38,942 - [34mangr.project[0m - [34mAddress is already hooked, during hook(0x5000cc, <SimProcedure EnterCriticalSection>). Not re-hooking.[0m[0m
[1;33;40mWARNING - 2023-10-16 17:04:38,942 - [34mangr.project[0m - [34mAddress is already hooked, during hook(0x500174, <SimProcedure GetDateFormatW>). Not re-hooking.[0m[0m
[1;33;40mWARNING - 2023-10-16 17:04:38,943 - [34mangr.project[0m - [34mAddress is already hooked, during hook(0x50001c, <SimProcedure CreateDirectoryW>). Not re-hooking.[0m[0m
[1;33;40mWARNING - 2023-10-16 17:04:38,943 - [34mangr.project[0m - [34mAddress is already hooked, during hook(0x500170, <SimProcedure GetTimeFormatW>). Not re-hooking.[0m[0m
[1;33;40mWARNING - 2023-10-16 17:04:38,943 - [34mangr.project[0m - [34mAddress is already hooked, during hook(0x50012c, <SimProcedure GlobalFree>). Not re-hooking.[0m[0m
[1;33;40mWARNING - 2023-10-16 17:04:38,943 - [34mangr.project[0m - [34mAddress is already hooked, during hook(0x5000b8, <SimProcedure WriteConsoleW>). Not re-hooking.[0m[0m
[1;33;40mWARNING - 2023-10-16 17:04:38,943 - [34mangr.project[0m - [34mAddress is already hooked, during hook(0x5001b8, <SimProcedure GetStartupInfoW>). Not re-hooking.[0m[0m
[1;33;40mWARNING - 2023-10-16 17:04:38,943 - [34mangr.project[0m - [34mAddress is already hooked, during hook(0x50002c, <SimProcedure CreateHardLinkW>). Not re-hooking.[0m[0m
[1;33;40mWARNING - 2023-10-16 17:04:38,943 - [34mangr.project[0m - [34mAddress is already hooked, during hook(0x5000b4, <SimProcedure AttachConsole>). Not re-hooking.[0m[0m
[1;33;40mWARNING - 2023-10-16 17:04:38,943 - [34mangr.project[0m - [34mAddress is already hooked, during hook(0x500100, <SimProcedure FileTimeToLocalFileTime>). Not re-hooking.[0m[0m
[1;33;40mWARNING - 2023-10-16 17:04:38,943 - [34mangr.project[0m - [34mAddress is already hooked, during hook(0x5000c8, <SimProcedure InitializeCriticalSection>). Not re-hooking.[0m[0m
[1;33;40mWARNING - 2023-10-16 17:04:38,943 - [34mangr.project[0m - [34mAddress is already hooked, during hook(0x500020, <SimProcedure RemoveDirectoryW>). Not re-hooking.[0m[0m
[1;33;40mWARNING - 2023-10-16 17:04:38,943 - [34mangr.project[0m - [34mAddress is already hooked, during hook(0x500214, <SimProcedure FindFirstFileExA>). Not re-hooking.[0m[0m
[1;33;40mWARNING - 2023-10-16 17:04:38,943 - [34mangr.project[0m - [34mAddress is already hooked, during hook(0x50009c, <SimProcedure Sleep>). Not re-hooking.[0m[0m
[1;33;40mWARNING - 2023-10-16 17:04:38,999 - [34mangr.project[0m - [34mAddress is already hooked, during hook(0x500248, <SimProcedure GdipDisposeImage>). Not re-hooking.[0m[0m
[1;33;40mWARNING - 2023-10-16 17:04:38,999 - [34mangr.project[0m - [34mAddress is already hooked, during hook(0x50023c, <SimProcedure GdipCreateHBITMAPFromBitmap>). Not re-hooking.[0m[0m
[1;33;40mWARNING - 2023-10-16 17:04:39,000 - [34mangr.project[0m - [34mAddress is already hooked, during hook(0x50024c, <SimProcedure GdipCloneImage>). Not re-hooking.[0m[0m
[1;33;40mWARNING - 2023-10-16 17:04:39,000 - [34mangr.project[0m - [34mAddress is already hooked, during hook(0x500244, <SimProcedure GdipCreateBitmapFromStream>). Not re-hooking.[0m[0m
[1;33;40mWARNING - 2023-10-16 17:04:39,000 - [34mangr.project[0m - [34mAddress is already hooked, during hook(0x500240, <SimProcedure GdipCreateBitmapFromStreamICM>). Not re-hooking.[0m[0m
[1;33;40mWARNING - 2023-10-16 17:04:39,015 - [34mangr.project[0m - [34mAddress is already hooked, during hook(0x601014, <SimProcedure KiUserExceptionDispatcher>). Not re-hooking.[0m[0m
[1;32;40mINFO - 2023-10-16 17:04:39,015 - [36mCustomSimProcedure[0m - [36mNo hooks for: {'GdiplusShutdown': 5243444, 'GdiplusStartup': 5243448, 'GdipFree': 5243472, 'GdipAlloc': 5243476, '_fmode': 6295576, '_commode': 6295580, '_acmdln': 6295584, '_wcmdln': 6295588}[0m[0m
[1;32;40mINFO - 2023-10-16 17:04:39,015 - [36mCustomSimProcedure[0m - [36mcustom_hook_static[0m[0m
[1;33;40mWARNING - 2023-10-16 17:04:39,015 - [34mangr.project[0m - [34mAddress is already hooked, during hook(0x400000, <SimProcedure WriteFile>). Not re-hooking.[0m[0m
[1;33;40mWARNING - 2023-10-16 17:04:39,016 - [34mangr.project[0m - [34mAddress is already hooked, during hook(0x400000, <SimProcedure ReadFile>). Not re-hooking.[0m[0m
[1;33;40mWARNING - 2023-10-16 17:04:39,016 - [34mangr.project[0m - [34mAddress is already hooked, during hook(0x400000, <SimProcedure GetCurrentProcessId>). Not re-hooking.[0m[0m
[1;33;40mWARNING - 2023-10-16 17:04:39,016 - [34mangr.project[0m - [34mAddress is already hooked, during hook(0x400000, <SimProcedure ExitProcess>). Not re-hooking.[0m[0m
[1;33;40mWARNING - 2023-10-16 17:04:39,016 - [34mangr.project[0m - [34mAddress is already hooked, during hook(0x400000, <SimProcedure GetProcessAffinityMask>). Not re-hooking.[0m[0m
[1;33;40mWARNING - 2023-10-16 17:04:39,016 - [34mangr.project[0m - [34mAddress is already hooked, during hook(0x400000, <SimProcedure GlobalAlloc>). Not re-hooking.[0m[0m
[1;33;40mWARNING - 2023-10-16 17:04:39,016 - [34mangr.project[0m - [34mAddress is already hooked, during hook(0x400000, <SimProcedure GetLocalTime>). Not re-hooking.[0m[0m
[1;33;40mWARNING - 2023-10-16 17:04:39,017 - [34mangr.project[0m - [34mAddress is already hooked, during hook(0x400000, <SimProcedure GetTickCount>). Not re-hooking.[0m[0m
[1;33;40mWARNING - 2023-10-16 17:04:39,017 - [34mangr.project[0m - [34mAddress is already hooked, during hook(0x400000, <SimProcedure GetCommandLineW>). Not re-hooking.[0m[0m
[1;33;40mWARNING - 2023-10-16 17:04:39,017 - [34mangr.project[0m - [34mAddress is already hooked, during hook(0x400000, <SimProcedure GetProcessHeap>). Not re-hooking.[0m[0m
[1;33;40mWARNING - 2023-10-16 17:04:39,017 - [34mangr.project[0m - [34mAddress is already hooked, during hook(0x400000, <SimProcedure VirtualProtect>). Not re-hooking.[0m[0m
[1;33;40mWARNING - 2023-10-16 17:04:39,017 - [34mangr.project[0m - [34mAddress is already hooked, during hook(0x400000, <SimProcedure IsProcessorFeaturePresent>). Not re-hooking.[0m[0m
[1;33;40mWARNING - 2023-10-16 17:04:39,017 - [34mangr.project[0m - [34mAddress is already hooked, during hook(0x400000, <SimProcedure QueryPerformanceCounter>). Not re-hooking.[0m[0m
[1;33;40mWARNING - 2023-10-16 17:04:39,017 - [34mangr.project[0m - [34mAddress is already hooked, during hook(0x400000, <SimProcedure GetCurrentThreadId>). Not re-hooking.[0m[0m
[1;33;40mWARNING - 2023-10-16 17:04:39,017 - [34mangr.project[0m - [34mAddress is already hooked, during hook(0x400000, <SimProcedure GetSystemTimeAsFileTime>). Not re-hooking.[0m[0m
[1;33;40mWARNING - 2023-10-16 17:04:39,017 - [34mangr.project[0m - [34mAddress is already hooked, during hook(0x400000, <SimProcedure EncodePointer>). Not re-hooking.[0m[0m
[1;33;40mWARNING - 2023-10-16 17:04:39,017 - [34mangr.project[0m - [34mAddress is already hooked, during hook(0x400000, <SimProcedure InitializeCriticalSectionAndSpinCount>). Not re-hooking.[0m[0m
[1;33;40mWARNING - 2023-10-16 17:04:39,017 - [34mangr.project[0m - [34mAddress is already hooked, during hook(0x400000, <SimProcedure TlsAlloc>). Not re-hooking.[0m[0m
[1;33;40mWARNING - 2023-10-16 17:04:39,017 - [34mangr.project[0m - [34mAddress is already hooked, during hook(0x400000, <SimProcedure TlsGetValue>). Not re-hooking.[0m[0m
[1;33;40mWARNING - 2023-10-16 17:04:39,017 - [34mangr.project[0m - [34mAddress is already hooked, during hook(0x400000, <SimProcedure TlsSetValue>). Not re-hooking.[0m[0m
[1;33;40mWARNING - 2023-10-16 17:04:39,017 - [34mangr.project[0m - [34mAddress is already hooked, during hook(0x400000, <SimProcedure TlsFree>). Not re-hooking.[0m[0m
[1;33;40mWARNING - 2023-10-16 17:04:39,017 - [34mangr.project[0m - [34mAddress is already hooked, during hook(0x400000, <SimProcedure HeapFree>). Not re-hooking.[0m[0m
[1;33;40mWARNING - 2023-10-16 17:04:39,017 - [34mangr.project[0m - [34mAddress is already hooked, during hook(0x400000, <SimProcedure HeapAlloc>). Not re-hooking.[0m[0m
[1;33;40mWARNING - 2023-10-16 17:04:39,018 - [34mangr.project[0m - [34mAddress is already hooked, during hook(0x400000, <SimProcedure HeapReAlloc>). Not re-hooking.[0m[0m
[1;33;40mWARNING - 2023-10-16 17:04:39,018 - [34mangr.project[0m - [34mAddress is already hooked, during hook(0x400000, <SimProcedure GetCommandLineA>). Not re-hooking.[0m[0m
[1;33;40mWARNING - 2023-10-16 17:04:39,018 - [34mangr.project[0m - [34mAddress is already hooked, during hook(0x500040, <SimProcedure GetStdHandle>). Not re-hooking.[0m[0m
[1;33;40mWARNING - 2023-10-16 17:04:39,018 - [34mangr.project[0m - [34mAddress is already hooked, during hook(0x500044, <SimProcedure WriteFile>). Not re-hooking.[0m[0m
[1;33;40mWARNING - 2023-10-16 17:04:39,018 - [34mangr.project[0m - [34mAddress is already hooked, during hook(0x500048, <SimProcedure ReadFile>). Not re-hooking.[0m[0m
[1;33;40mWARNING - 2023-10-16 17:04:39,018 - [34mangr.project[0m - [34mAddress is already hooked, during hook(0x500090, <SimProcedure GetCurrentProcessId>). Not re-hooking.[0m[0m
[1;33;40mWARNING - 2023-10-16 17:04:39,018 - [34mangr.project[0m - [34mAddress is already hooked, during hook(0x500094, <SimProcedure ExitProcess>). Not re-hooking.[0m[0m
[1;33;40mWARNING - 2023-10-16 17:04:39,018 - [34mangr.project[0m - [34mAddress is already hooked, during hook(0x5000bc, <SimProcedure GetProcessAffinityMask>). Not re-hooking.[0m[0m
[1;33;40mWARNING - 2023-10-16 17:04:39,018 - [34mangr.project[0m - [34mAddress is already hooked, during hook(0x50011c, <SimProcedure GlobalAlloc>). Not re-hooking.[0m[0m
[1;33;40mWARNING - 2023-10-16 17:04:39,018 - [34mangr.project[0m - [34mAddress is already hooked, during hook(0x500140, <SimProcedure GetLocalTime>). Not re-hooking.[0m[0m
[1;33;40mWARNING - 2023-10-16 17:04:39,018 - [34mangr.project[0m - [34mAddress is already hooked, during hook(0x500144, <SimProcedure GetTickCount>). Not re-hooking.[0m[0m
[1;33;40mWARNING - 2023-10-16 17:04:39,018 - [34mangr.project[0m - [34mAddress is already hooked, during hook(0x500158, <SimProcedure GetCommandLineW>). Not re-hooking.[0m[0m
[1;33;40mWARNING - 2023-10-16 17:04:39,018 - [34mangr.project[0m - [34mAddress is already hooked, during hook(0x500190, <SimProcedure GetProcessHeap>). Not re-hooking.[0m[0m
[1;33;40mWARNING - 2023-10-16 17:04:39,018 - [34mangr.project[0m - [34mAddress is already hooked, during hook(0x50019c, <SimProcedure VirtualProtect>). Not re-hooking.[0m[0m
[1;33;40mWARNING - 2023-10-16 17:04:39,018 - [34mangr.project[0m - [34mAddress is already hooked, during hook(0x5001a8, <SimProcedure IsProcessorFeaturePresent>). Not re-hooking.[0m[0m
[1;33;40mWARNING - 2023-10-16 17:04:39,018 - [34mangr.project[0m - [34mAddress is already hooked, during hook(0x5001bc, <SimProcedure QueryPerformanceCounter>). Not re-hooking.[0m[0m
[1;33;40mWARNING - 2023-10-16 17:04:39,018 - [34mangr.project[0m - [34mAddress is already hooked, during hook(0x5001c0, <SimProcedure GetCurrentThreadId>). Not re-hooking.[0m[0m
[1;33;40mWARNING - 2023-10-16 17:04:39,018 - [34mangr.project[0m - [34mAddress is already hooked, during hook(0x5001c4, <SimProcedure GetSystemTimeAsFileTime>). Not re-hooking.[0m[0m
[1;33;40mWARNING - 2023-10-16 17:04:39,019 - [34mangr.project[0m - [34mAddress is already hooked, during hook(0x5001d4, <SimProcedure EncodePointer>). Not re-hooking.[0m[0m
[1;33;40mWARNING - 2023-10-16 17:04:39,019 - [34mangr.project[0m - [34mAddress is already hooked, during hook(0x5001d8, <SimProcedure InitializeCriticalSectionAndSpinCount>). Not re-hooking.[0m[0m
[1;33;40mWARNING - 2023-10-16 17:04:39,019 - [34mangr.project[0m - [34mAddress is already hooked, during hook(0x5001dc, <SimProcedure TlsAlloc>). Not re-hooking.[0m[0m
[1;33;40mWARNING - 2023-10-16 17:04:39,019 - [34mangr.project[0m - [34mAddress is already hooked, during hook(0x5001e0, <SimProcedure TlsGetValue>). Not re-hooking.[0m[0m
[1;33;40mWARNING - 2023-10-16 17:04:39,019 - [34mangr.project[0m - [34mAddress is already hooked, during hook(0x5001e4, <SimProcedure TlsSetValue>). Not re-hooking.[0m[0m
[1;33;40mWARNING - 2023-10-16 17:04:39,019 - [34mangr.project[0m - [34mAddress is already hooked, during hook(0x5001e8, <SimProcedure TlsFree>). Not re-hooking.[0m[0m
[1;33;40mWARNING - 2023-10-16 17:04:39,019 - [34mangr.project[0m - [34mAddress is already hooked, during hook(0x500200, <SimProcedure HeapFree>). Not re-hooking.[0m[0m
[1;33;40mWARNING - 2023-10-16 17:04:39,019 - [34mangr.project[0m - [34mAddress is already hooked, during hook(0x500204, <SimProcedure HeapAlloc>). Not re-hooking.[0m[0m
[1;33;40mWARNING - 2023-10-16 17:04:39,019 - [34mangr.project[0m - [34mAddress is already hooked, during hook(0x500208, <SimProcedure HeapReAlloc>). Not re-hooking.[0m[0m
[1;33;40mWARNING - 2023-10-16 17:04:39,019 - [34mangr.project[0m - [34mAddress is already hooked, during hook(0x500224, <SimProcedure GetCommandLineA>). Not re-hooking.[0m[0m
[1;33;40mWARNING - 2023-10-16 17:04:39,019 - [34mangr.project[0m - [34mAddress is already hooked, during hook(0x601014, <SimProcedure KiUserExceptionDispatcher>). Not re-hooking.[0m[0m
[1;32;40mINFO - 2023-10-16 17:04:39,019 - [36mCustomSimProcedure[0m - [36mcustom_hook_windows_symbols[0m[0m
[1;33;40mWARNING - 2023-10-16 17:04:39,125 - [34mangr.project[0m - [34mAddress is already hooked, during hook(0x500248, <SimProcedure GdipDisposeImage>). Re-hooking.[0m[0m
[1;33;40mWARNING - 2023-10-16 17:04:39,126 - [34mangr.project[0m - [34mAddress is already hooked, during hook(0x500248, <SimProcedure GdipDisposeImage>). Re-hooking.[0m[0m
[1;33;40mWARNING - 2023-10-16 17:04:39,152 - [34mangr.project[0m - [34mAddress is already hooked, during hook(0x50024c, <SimProcedure GdipCloneImage>). Re-hooking.[0m[0m
[1;33;40mWARNING - 2023-10-16 17:04:39,155 - [34mangr.project[0m - [34mAddress is already hooked, during hook(0x50024c, <SimProcedure GdipCloneImage>). Re-hooking.[0m[0m
[1;33;40mWARNING - 2023-10-16 17:04:39,220 - [34mangr.project[0m - [34mAddress is already hooked, during hook(0x500244, <SimProcedure GdipCreateBitmapFromStream>). Re-hooking.[0m[0m
[1;33;40mWARNING - 2023-10-16 17:04:39,222 - [34mangr.project[0m - [34mAddress is already hooked, during hook(0x500244, <SimProcedure GdipCreateBitmapFromStream>). Re-hooking.[0m[0m
[1;33;40mWARNING - 2023-10-16 17:04:39,257 - [34mangr.project[0m - [34mAddress is already hooked, during hook(0x50023c, <SimProcedure GdipCreateHBITMAPFromBitmap>). Re-hooking.[0m[0m
[1;33;40mWARNING - 2023-10-16 17:04:39,259 - [34mangr.project[0m - [34mAddress is already hooked, during hook(0x50023c, <SimProcedure GdipCreateHBITMAPFromBitmap>). Re-hooking.[0m[0m
[1;33;40mWARNING - 2023-10-16 17:04:40,163 - [34mangr.project[0m - [34mAddress is already hooked, during hook(0x50023c, <SimProcedure GdipCreateHBITMAPFromBitmap>). Re-hooking.[0m[0m
[1;33;40mWARNING - 2023-10-16 17:04:40,164 - [34mangr.project[0m - [34mAddress is already hooked, during hook(0x50023c, <SimProcedure GdipCreateHBITMAPFromBitmap>). Re-hooking.[0m[0m
[1;33;40mWARNING - 2023-10-16 17:04:40,225 - [34mangr.project[0m - [34mAddress is already hooked, during hook(0x500240, <SimProcedure GdipCreateBitmapFromStreamICM>). Re-hooking.[0m[0m
[1;33;40mWARNING - 2023-10-16 17:04:40,227 - [34mangr.project[0m - [34mAddress is already hooked, during hook(0x500240, <SimProcedure GdipCreateBitmapFromStreamICM>). Re-hooking.[0m[0m
[1;33;40mWARNING - 2023-10-16 17:04:41,273 - [34mangr.project[0m - [34mAddress is already hooked, during hook(0x500248, <SimProcedure GdipDisposeImage>). Re-hooking.[0m[0m
[1;33;40mWARNING - 2023-10-16 17:04:41,275 - [34mangr.project[0m - [34mAddress is already hooked, during hook(0x500248, <SimProcedure GdipDisposeImage>). Re-hooking.[0m[0m
[1;33;40mWARNING - 2023-10-16 17:04:41,446 - [34mangr.project[0m - [34mAddress is already hooked, during hook(0x50024c, <SimProcedure GdipCloneImage>). Re-hooking.[0m[0m
[1;33;40mWARNING - 2023-10-16 17:04:41,447 - [34mangr.project[0m - [34mAddress is already hooked, during hook(0x50024c, <SimProcedure GdipCloneImage>). Re-hooking.[0m[0m
[1;33;40mWARNING - 2023-10-16 17:04:41,676 - [34mangr.project[0m - [34mAddress is already hooked, during hook(0x500244, <SimProcedure GdipCreateBitmapFromStream>). Re-hooking.[0m[0m
[1;33;40mWARNING - 2023-10-16 17:04:41,678 - [34mangr.project[0m - [34mAddress is already hooked, during hook(0x500244, <SimProcedure GdipCreateBitmapFromStream>). Re-hooking.[0m[0m
[1;33;40mWARNING - 2023-10-16 17:04:41,964 - [34mangr.project[0m - [34mAddress is already hooked, during hook(0x500240, <SimProcedure GdipCreateBitmapFromStreamICM>). Re-hooking.[0m[0m
[1;33;40mWARNING - 2023-10-16 17:04:41,965 - [34mangr.project[0m - [34mAddress is already hooked, during hook(0x500240, <SimProcedure GdipCreateBitmapFromStreamICM>). Re-hooking.[0m[0m
[1;33;40mWARNING - 2023-10-16 17:04:42,661 - [34mangr.project[0m - [34mAddress is already hooked, during hook(0x5000ac, <SimProcedure AllocConsole>). Re-hooking.[0m[0m
[1;33;40mWARNING - 2023-10-16 17:04:42,663 - [34mangr.project[0m - [34mAddress is already hooked, during hook(0x5000ac, <SimProcedure AllocConsole>). Re-hooking.[0m[0m
[1;33;40mWARNING - 2023-10-16 17:04:42,704 - [34mangr.project[0m - [34mAddress is already hooked, during hook(0x5000b4, <SimProcedure AttachConsole>). Re-hooking.[0m[0m
[1;33;40mWARNING - 2023-10-16 17:04:42,706 - [34mangr.project[0m - [34mAddress is already hooked, during hook(0x5000b4, <SimProcedure AttachConsole>). Re-hooking.[0m[0m
[1;33;40mWARNING - 2023-10-16 17:04:42,879 - [34mangr.project[0m - [34mAddress is already hooked, during hook(0x5000a8, <SimProcedure CompareStringW>). Re-hooking.[0m[0m
[1;33;40mWARNING - 2023-10-16 17:04:42,880 - [34mangr.project[0m - [34mAddress is already hooked, during hook(0x5000a8, <SimProcedure CompareStringW>). Re-hooking.[0m[0m
[1;33;40mWARNING - 2023-10-16 17:04:42,956 - [34mangr.project[0m - [34mAddress is already hooked, during hook(0x50001c, <SimProcedure CreateDirectoryW>). Re-hooking.[0m[0m
[1;33;40mWARNING - 2023-10-16 17:04:42,958 - [34mangr.project[0m - [34mAddress is already hooked, during hook(0x50001c, <SimProcedure CreateDirectoryW>). Re-hooking.[0m[0m
[1;33;40mWARNING - 2023-10-16 17:04:42,971 - [34mangr.project[0m - [34mAddress is already hooked, during hook(0x5000e8, <SimProcedure CreateEventW>). Re-hooking.[0m[0m
[1;33;40mWARNING - 2023-10-16 17:04:42,973 - [34mangr.project[0m - [34mAddress is already hooked, during hook(0x5000e8, <SimProcedure CreateEventW>). Re-hooking.[0m[0m
[1;33;40mWARNING - 2023-10-16 17:04:43,017 - [34mangr.project[0m - [34mAddress is already hooked, during hook(0x50002c, <SimProcedure CreateHardLinkW>). Re-hooking.[0m[0m
[1;33;40mWARNING - 2023-10-16 17:04:43,018 - [34mangr.project[0m - [34mAddress is already hooked, during hook(0x50002c, <SimProcedure CreateHardLinkW>). Re-hooking.[0m[0m
[1;33;40mWARNING - 2023-10-16 17:04:43,180 - [34mangr.project[0m - [34mAddress is already hooked, during hook(0x5000d4, <SimProcedure DeleteCriticalSection>). Re-hooking.[0m[0m
[1;33;40mWARNING - 2023-10-16 17:04:43,182 - [34mangr.project[0m - [34mAddress is already hooked, during hook(0x5000d4, <SimProcedure DeleteCriticalSection>). Re-hooking.[0m[0m
[1;33;40mWARNING - 2023-10-16 17:04:43,218 - [34mangr.project[0m - [34mAddress is already hooked, during hook(0x500010, <SimProcedure DeviceIoControl>). Re-hooking.[0m[0m
[1;33;40mWARNING - 2023-10-16 17:04:43,220 - [34mangr.project[0m - [34mAddress is already hooked, during hook(0x500010, <SimProcedure DeviceIoControl>). Re-hooking.[0m[0m
[1;33;40mWARNING - 2023-10-16 17:04:43,261 - [34mangr.project[0m - [34mAddress is already hooked, during hook(0x5000cc, <SimProcedure EnterCriticalSection>). Re-hooking.[0m[0m
[1;33;40mWARNING - 2023-10-16 17:04:43,263 - [34mangr.project[0m - [34mAddress is already hooked, during hook(0x5000cc, <SimProcedure EnterCriticalSection>). Re-hooking.[0m[0m
[1;33;40mWARNING - 2023-10-16 17:04:43,401 - [34mangr.project[0m - [34mAddress is already hooked, during hook(0x500100, <SimProcedure FileTimeToLocalFileTime>). Re-hooking.[0m[0m
[1;33;40mWARNING - 2023-10-16 17:04:43,403 - [34mangr.project[0m - [34mAddress is already hooked, during hook(0x500100, <SimProcedure FileTimeToLocalFileTime>). Re-hooking.[0m[0m
[1;33;40mWARNING - 2023-10-16 17:04:43,448 - [34mangr.project[0m - [34mAddress is already hooked, during hook(0x500214, <SimProcedure FindFirstFileExA>). Re-hooking.[0m[0m
[1;33;40mWARNING - 2023-10-16 17:04:43,450 - [34mangr.project[0m - [34mAddress is already hooked, during hook(0x500214, <SimProcedure FindFirstFileExA>). Re-hooking.[0m[0m
[1;33;40mWARNING - 2023-10-16 17:04:43,556 - [34mangr.project[0m - [34mAddress is already hooked, during hook(0x500078, <SimProcedure FoldStringW>). Re-hooking.[0m[0m
[1;33;40mWARNING - 2023-10-16 17:04:43,558 - [34mangr.project[0m - [34mAddress is already hooked, during hook(0x500078, <SimProcedure FoldStringW>). Re-hooking.[0m[0m
[1;33;40mWARNING - 2023-10-16 17:04:43,567 - [34mangr.project[0m - [34mAddress is already hooked, during hook(0x5000b0, <SimProcedure FreeConsole>). Re-hooking.[0m[0m
[1;33;40mWARNING - 2023-10-16 17:04:43,569 - [34mangr.project[0m - [34mAddress is already hooked, during hook(0x5000b0, <SimProcedure FreeConsole>). Re-hooking.[0m[0m
[1;33;40mWARNING - 2023-10-16 17:04:43,575 - [34mangr.project[0m - [34mAddress is already hooked, during hook(0x50022c, <SimProcedure FreeEnvironmentStringsW>). Re-hooking.[0m[0m
[1;33;40mWARNING - 2023-10-16 17:04:43,576 - [34mangr.project[0m - [34mAddress is already hooked, during hook(0x50022c, <SimProcedure FreeEnvironmentStringsW>). Re-hooking.[0m[0m
[1;33;40mWARNING - 2023-10-16 17:04:43,722 - [34mangr.project[0m - [34mAddress is already hooked, during hook(0x500184, <SimProcedure GetConsoleCP>). Re-hooking.[0m[0m
[1;33;40mWARNING - 2023-10-16 17:04:43,724 - [34mangr.project[0m - [34mAddress is already hooked, during hook(0x500184, <SimProcedure GetConsoleCP>). Re-hooking.[0m[0m
[1;33;40mWARNING - 2023-10-16 17:04:43,736 - [34mangr.project[0m - [34mAddress is already hooked, during hook(0x500180, <SimProcedure GetConsoleMode>). Re-hooking.[0m[0m
[1;33;40mWARNING - 2023-10-16 17:04:43,738 - [34mangr.project[0m - [34mAddress is already hooked, during hook(0x500180, <SimProcedure GetConsoleMode>). Re-hooking.[0m[0m
[1;33;40mWARNING - 2023-10-16 17:04:43,828 - [34mangr.project[0m - [34mAddress is already hooked, during hook(0x500174, <SimProcedure GetDateFormatW>). Re-hooking.[0m[0m
[1;33;40mWARNING - 2023-10-16 17:04:43,829 - [34mangr.project[0m - [34mAddress is already hooked, during hook(0x500174, <SimProcedure GetDateFormatW>). Re-hooking.[0m[0m
[1;33;40mWARNING - 2023-10-16 17:04:43,888 - [34mangr.project[0m - [34mAddress is already hooked, during hook(0x50013c, <SimProcedure GetExitCodeProcess>). Re-hooking.[0m[0m
[1;33;40mWARNING - 2023-10-16 17:04:43,890 - [34mangr.project[0m - [34mAddress is already hooked, during hook(0x50013c, <SimProcedure GetExitCodeProcess>). Re-hooking.[0m[0m
[1;33;40mWARNING - 2023-10-16 17:04:43,914 - [34mangr.project[0m - [34mAddress is already hooked, during hook(0x50005c, <SimProcedure GetFileAttributesW>). Re-hooking.[0m[0m
[1;33;40mWARNING - 2023-10-16 17:04:43,915 - [34mangr.project[0m - [34mAddress is already hooked, during hook(0x50005c, <SimProcedure GetFileAttributesW>). Re-hooking.[0m[0m
[1;33;40mWARNING - 2023-10-16 17:04:44,115 - [34mangr.project[0m - [34mAddress is already hooked, during hook(0x500178, <SimProcedure GetNumberFormatW>). Re-hooking.[0m[0m
[1;33;40mWARNING - 2023-10-16 17:04:44,117 - [34mangr.project[0m - [34mAddress is already hooked, during hook(0x500178, <SimProcedure GetNumberFormatW>). Re-hooking.[0m[0m
[1;33;40mWARNING - 2023-10-16 17:04:44,125 - [34mangr.project[0m - [34mAddress is already hooked, during hook(0x500220, <SimProcedure GetOEMCP>). Re-hooking.[0m[0m
[1;33;40mWARNING - 2023-10-16 17:04:44,126 - [34mangr.project[0m - [34mAddress is already hooked, during hook(0x500220, <SimProcedure GetOEMCP>). Re-hooking.[0m[0m
[1;33;40mWARNING - 2023-10-16 17:04:44,263 - [34mangr.project[0m - [34mAddress is already hooked, during hook(0x500030, <SimProcedure GetShortPathNameW>). Re-hooking.[0m[0m
[1;33;40mWARNING - 2023-10-16 17:04:44,265 - [34mangr.project[0m - [34mAddress is already hooked, during hook(0x500030, <SimProcedure GetShortPathNameW>). Re-hooking.[0m[0m
[1;33;40mWARNING - 2023-10-16 17:04:44,272 - [34mangr.project[0m - [34mAddress is already hooked, during hook(0x5001b8, <SimProcedure GetStartupInfoW>). Re-hooking.[0m[0m
[1;33;40mWARNING - 2023-10-16 17:04:44,274 - [34mangr.project[0m - [34mAddress is already hooked, during hook(0x5001b8, <SimProcedure GetStartupInfoW>). Re-hooking.[0m[0m
[1;33;40mWARNING - 2023-10-16 17:04:44,329 - [34mangr.project[0m - [34mAddress is already hooked, during hook(0x5000f0, <SimProcedure GetSystemTime>). Re-hooking.[0m[0m
[1;33;40mWARNING - 2023-10-16 17:04:44,331 - [34mangr.project[0m - [34mAddress is already hooked, during hook(0x5000f0, <SimProcedure GetSystemTime>). Re-hooking.[0m[0m
[1;33;40mWARNING - 2023-10-16 17:04:44,368 - [34mangr.project[0m - [34mAddress is already hooked, during hook(0x500164, <SimProcedure GetTempPathW>). Re-hooking.[0m[0m
[1;33;40mWARNING - 2023-10-16 17:04:44,370 - [34mangr.project[0m - [34mAddress is already hooked, during hook(0x500164, <SimProcedure GetTempPathW>). Re-hooking.[0m[0m
[1;33;40mWARNING - 2023-10-16 17:04:44,421 - [34mangr.project[0m - [34mAddress is already hooked, during hook(0x500170, <SimProcedure GetTimeFormatW>). Re-hooking.[0m[0m
[1;33;40mWARNING - 2023-10-16 17:04:44,422 - [34mangr.project[0m - [34mAddress is already hooked, during hook(0x500170, <SimProcedure GetTimeFormatW>). Re-hooking.[0m[0m
[1;33;40mWARNING - 2023-10-16 17:04:44,423 - [34mangr.project[0m - [34mAddress is already hooked, during hook(0x5000f0, <SimProcedure GetSystemTime>). Re-hooking.[0m[0m
[1;33;40mWARNING - 2023-10-16 17:04:44,425 - [34mangr.project[0m - [34mAddress is already hooked, during hook(0x5000f0, <SimProcedure GetSystemTime>). Re-hooking.[0m[0m
[1;33;40mWARNING - 2023-10-16 17:04:44,450 - [34mangr.project[0m - [34mAddress is already hooked, during hook(0x500220, <SimProcedure GetOEMCP>). Re-hooking.[0m[0m
[1;33;40mWARNING - 2023-10-16 17:04:44,451 - [34mangr.project[0m - [34mAddress is already hooked, during hook(0x500220, <SimProcedure GetOEMCP>). Re-hooking.[0m[0m
[1;33;40mWARNING - 2023-10-16 17:04:44,461 - [34mangr.project[0m - [34mAddress is already hooked, during hook(0x50006c, <SimProcedure GetVersionExW>). Re-hooking.[0m[0m
[1;33;40mWARNING - 2023-10-16 17:04:44,462 - [34mangr.project[0m - [34mAddress is already hooked, during hook(0x50006c, <SimProcedure GetVersionExW>). Re-hooking.[0m[0m
[1;33;40mWARNING - 2023-10-16 17:04:44,529 - [34mangr.project[0m - [34mAddress is already hooked, during hook(0x50012c, <SimProcedure GlobalFree>). Re-hooking.[0m[0m
[1;33;40mWARNING - 2023-10-16 17:04:44,531 - [34mangr.project[0m - [34mAddress is already hooked, during hook(0x50012c, <SimProcedure GlobalFree>). Re-hooking.[0m[0m
[1;33;40mWARNING - 2023-10-16 17:04:44,644 - [34mangr.project[0m - [34mAddress is already hooked, during hook(0x5001c8, <SimProcedure InitializeSListHead>). Re-hooking.[0m[0m
[1;33;40mWARNING - 2023-10-16 17:04:44,646 - [34mangr.project[0m - [34mAddress is already hooked, during hook(0x5001c8, <SimProcedure InitializeSListHead>). Re-hooking.[0m[0m
[1;33;40mWARNING - 2023-10-16 17:04:44,681 - [34mangr.project[0m - [34mAddress is already hooked, during hook(0x500110, <SimProcedure IsDBCSLeadByte>). Re-hooking.[0m[0m
[1;33;40mWARNING - 2023-10-16 17:04:44,683 - [34mangr.project[0m - [34mAddress is already hooked, during hook(0x500110, <SimProcedure IsDBCSLeadByte>). Re-hooking.[0m[0m
[1;33;40mWARNING - 2023-10-16 17:04:44,845 - [34mangr.project[0m - [34mAddress is already hooked, during hook(0x5000d0, <SimProcedure LeaveCriticalSection>). Re-hooking.[0m[0m
[1;33;40mWARNING - 2023-10-16 17:04:44,847 - [34mangr.project[0m - [34mAddress is already hooked, during hook(0x5000d0, <SimProcedure LeaveCriticalSection>). Re-hooking.[0m[0m
[1;33;40mWARNING - 2023-10-16 17:04:44,876 - [34mangr.project[0m - [34mAddress is already hooked, during hook(0x500104, <SimProcedure LocalFileTimeToFileTime>). Re-hooking.[0m[0m
[1;33;40mWARNING - 2023-10-16 17:04:44,878 - [34mangr.project[0m - [34mAddress is already hooked, during hook(0x500104, <SimProcedure LocalFileTimeToFileTime>). Re-hooking.[0m[0m
[1;33;40mWARNING - 2023-10-16 17:04:44,961 - [34mangr.project[0m - [34mAddress is already hooked, during hook(0x500038, <SimProcedure MoveFileW>). Re-hooking.[0m[0m
[1;33;40mWARNING - 2023-10-16 17:04:44,963 - [34mangr.project[0m - [34mAddress is already hooked, during hook(0x500038, <SimProcedure MoveFileW>). Re-hooking.[0m[0m
[1;33;40mWARNING - 2023-10-16 17:04:45,008 - [34mangr.project[0m - [34mAddress is already hooked, during hook(0x500154, <SimProcedure OpenFileMappingW>). Re-hooking.[0m[0m
[1;33;40mWARNING - 2023-10-16 17:04:45,009 - [34mangr.project[0m - [34mAddress is already hooked, during hook(0x500154, <SimProcedure OpenFileMappingW>). Re-hooking.[0m[0m
[1;33;40mWARNING - 2023-10-16 17:04:45,426 - [34mangr.project[0m - [34mAddress is already hooked, during hook(0x500020, <SimProcedure RemoveDirectoryW>). Re-hooking.[0m[0m
[1;33;40mWARNING - 2023-10-16 17:04:45,428 - [34mangr.project[0m - [34mAddress is already hooked, during hook(0x500020, <SimProcedure RemoveDirectoryW>). Re-hooking.[0m[0m
[1;33;40mWARNING - 2023-10-16 17:04:45,458 - [34mangr.project[0m - [34mAddress is already hooked, during hook(0x5000dc, <SimProcedure ResetEvent>). Re-hooking.[0m[0m
[1;33;40mWARNING - 2023-10-16 17:04:45,461 - [34mangr.project[0m - [34mAddress is already hooked, during hook(0x5000dc, <SimProcedure ResetEvent>). Re-hooking.[0m[0m
[1;33;40mWARNING - 2023-10-16 17:04:45,483 - [34mangr.project[0m - [34mAddress is already hooked, during hook(0x5001d0, <SimProcedure RtlUnwind>). Re-hooking.[0m[0m
[1;33;40mWARNING - 2023-10-16 17:04:45,484 - [34mangr.project[0m - [34mAddress is already hooked, during hook(0x5001d0, <SimProcedure RtlUnwind>). Re-hooking.[0m[0m
[1;33;40mWARNING - 2023-10-16 17:04:45,625 - [34mangr.project[0m - [34mAddress is already hooked, during hook(0x50015c, <SimProcedure SetEnvironmentVariableW>). Re-hooking.[0m[0m
[1;33;40mWARNING - 2023-10-16 17:04:45,626 - [34mangr.project[0m - [34mAddress is already hooked, during hook(0x50015c, <SimProcedure SetEnvironmentVariableW>). Re-hooking.[0m[0m
[1;33;40mWARNING - 2023-10-16 17:04:45,650 - [34mangr.project[0m - [34mAddress is already hooked, during hook(0x500058, <SimProcedure SetFileAttributesW>). Re-hooking.[0m[0m
[1;33;40mWARNING - 2023-10-16 17:04:45,651 - [34mangr.project[0m - [34mAddress is already hooked, during hook(0x500058, <SimProcedure SetFileAttributesW>). Re-hooking.[0m[0m
[1;33;40mWARNING - 2023-10-16 17:04:45,677 - [34mangr.project[0m - [34mAddress is already hooked, during hook(0x500014, <SimProcedure SetFileTime>). Re-hooking.[0m[0m
[1;33;40mWARNING - 2023-10-16 17:04:45,678 - [34mangr.project[0m - [34mAddress is already hooked, during hook(0x500014, <SimProcedure SetFileTime>). Re-hooking.[0m[0m
[1;33;40mWARNING - 2023-10-16 17:04:45,763 - [34mangr.project[0m - [34mAddress is already hooked, during hook(0x50018c, <SimProcedure SetStdHandle>). Re-hooking.[0m[0m
[1;33;40mWARNING - 2023-10-16 17:04:45,765 - [34mangr.project[0m - [34mAddress is already hooked, during hook(0x50018c, <SimProcedure SetStdHandle>). Re-hooking.[0m[0m
[1;33;40mWARNING - 2023-10-16 17:04:45,890 - [34mangr.project[0m - [34mAddress is already hooked, during hook(0x50009c, <SimProcedure Sleep>). Re-hooking.[0m[0m
[1;33;40mWARNING - 2023-10-16 17:04:45,892 - [34mangr.project[0m - [34mAddress is already hooked, during hook(0x50009c, <SimProcedure Sleep>). Re-hooking.[0m[0m
[1;33;40mWARNING - 2023-10-16 17:04:45,916 - [34mangr.project[0m - [34mAddress is already hooked, during hook(0x5000fc, <SimProcedure SystemTimeToFileTime>). Re-hooking.[0m[0m
[1;33;40mWARNING - 2023-10-16 17:04:45,917 - [34mangr.project[0m - [34mAddress is already hooked, during hook(0x5000fc, <SimProcedure SystemTimeToFileTime>). Re-hooking.[0m[0m
[1;33;40mWARNING - 2023-10-16 17:04:45,920 - [34mangr.project[0m - [34mAddress is already hooked, during hook(0x5000f4, <SimProcedure SystemTimeToTzSpecificLocalTime>). Re-hooking.[0m[0m
[1;33;40mWARNING - 2023-10-16 17:04:45,922 - [34mangr.project[0m - [34mAddress is already hooked, during hook(0x5000f4, <SimProcedure SystemTimeToTzSpecificLocalTime>). Re-hooking.[0m[0m
[1;33;40mWARNING - 2023-10-16 17:04:45,965 - [34mangr.project[0m - [34mAddress is already hooked, during hook(0x5000f8, <SimProcedure TzSpecificLocalTimeToSystemTime>). Re-hooking.[0m[0m
[1;33;40mWARNING - 2023-10-16 17:04:45,967 - [34mangr.project[0m - [34mAddress is already hooked, during hook(0x5000f8, <SimProcedure TzSpecificLocalTimeToSystemTime>). Re-hooking.[0m[0m
[1;33;40mWARNING - 2023-10-16 17:04:45,975 - [34mangr.project[0m - [34mAddress is already hooked, during hook(0x5001b0, <SimProcedure UnhandledExceptionFilter>). Re-hooking.[0m[0m
[1;33;40mWARNING - 2023-10-16 17:04:45,977 - [34mangr.project[0m - [34mAddress is already hooked, during hook(0x5001b0, <SimProcedure UnhandledExceptionFilter>). Re-hooking.[0m[0m
[1;33;40mWARNING - 2023-10-16 17:04:45,984 - [34mangr.project[0m - [34mAddress is already hooked, during hook(0x50014c, <SimProcedure UnmapViewOfFile>). Re-hooking.[0m[0m
[1;33;40mWARNING - 2023-10-16 17:04:45,986 - [34mangr.project[0m - [34mAddress is already hooked, during hook(0x50014c, <SimProcedure UnmapViewOfFile>). Re-hooking.[0m[0m
[1;33;40mWARNING - 2023-10-16 17:04:46,180 - [34mangr.project[0m - [34mAddress is already hooked, during hook(0x5000b8, <SimProcedure WriteConsoleW>). Re-hooking.[0m[0m
[1;33;40mWARNING - 2023-10-16 17:04:46,182 - [34mangr.project[0m - [34mAddress is already hooked, during hook(0x5000b8, <SimProcedure WriteConsoleW>). Re-hooking.[0m[0m
[1;33;40mWARNING - 2023-10-16 17:04:46,420 - [34mangr.project[0m - [34mAddress is already hooked, during hook(0x500178, <SimProcedure GetNumberFormatW>). Re-hooking.[0m[0m
[1;33;40mWARNING - 2023-10-16 17:04:46,422 - [34mangr.project[0m - [34mAddress is already hooked, during hook(0x500178, <SimProcedure GetNumberFormatW>). Re-hooking.[0m[0m
[1;33;40mWARNING - 2023-10-16 17:04:46,440 - [34mangr.project[0m - [34mAddress is already hooked, during hook(0x50013c, <SimProcedure GetExitCodeProcess>). Re-hooking.[0m[0m
[1;33;40mWARNING - 2023-10-16 17:04:46,441 - [34mangr.project[0m - [34mAddress is already hooked, during hook(0x50013c, <SimProcedure GetExitCodeProcess>). Re-hooking.[0m[0m
[1;33;40mWARNING - 2023-10-16 17:04:46,471 - [34mangr.project[0m - [34mAddress is already hooked, during hook(0x500124, <SimProcedure GlobalLock>). Re-hooking.[0m[0m
[1;33;40mWARNING - 2023-10-16 17:04:46,473 - [34mangr.project[0m - [34mAddress is already hooked, during hook(0x500124, <SimProcedure GlobalLock>). Re-hooking.[0m[0m
[1;33;40mWARNING - 2023-10-16 17:04:46,507 - [34mangr.project[0m - [34mAddress is already hooked, during hook(0x500184, <SimProcedure GetConsoleCP>). Re-hooking.[0m[0m
[1;33;40mWARNING - 2023-10-16 17:04:46,509 - [34mangr.project[0m - [34mAddress is already hooked, during hook(0x500184, <SimProcedure GetConsoleCP>). Re-hooking.[0m[0m
[1;33;40mWARNING - 2023-10-16 17:04:46,566 - [34mangr.project[0m - [34mAddress is already hooked, during hook(0x500154, <SimProcedure OpenFileMappingW>). Re-hooking.[0m[0m
[1;33;40mWARNING - 2023-10-16 17:04:46,568 - [34mangr.project[0m - [34mAddress is already hooked, during hook(0x500154, <SimProcedure OpenFileMappingW>). Re-hooking.[0m[0m
[1;33;40mWARNING - 2023-10-16 17:04:46,610 - [34mangr.project[0m - [34mAddress is already hooked, during hook(0x500038, <SimProcedure MoveFileW>). Re-hooking.[0m[0m
[1;33;40mWARNING - 2023-10-16 17:04:46,612 - [34mangr.project[0m - [34mAddress is already hooked, during hook(0x500038, <SimProcedure MoveFileW>). Re-hooking.[0m[0m
[1;33;40mWARNING - 2023-10-16 17:04:46,674 - [34mangr.project[0m - [34mAddress is already hooked, during hook(0x500104, <SimProcedure LocalFileTimeToFileTime>). Re-hooking.[0m[0m
[1;33;40mWARNING - 2023-10-16 17:04:46,675 - [34mangr.project[0m - [34mAddress is already hooked, during hook(0x500104, <SimProcedure LocalFileTimeToFileTime>). Re-hooking.[0m[0m
[1;33;40mWARNING - 2023-10-16 17:04:46,754 - [34mangr.project[0m - [34mAddress is already hooked, during hook(0x500128, <SimProcedure GlobalUnlock>). Re-hooking.[0m[0m
[1;33;40mWARNING - 2023-10-16 17:04:46,756 - [34mangr.project[0m - [34mAddress is already hooked, during hook(0x500128, <SimProcedure GlobalUnlock>). Re-hooking.[0m[0m
[1;33;40mWARNING - 2023-10-16 17:04:46,984 - [34mangr.project[0m - [34mAddress is already hooked, during hook(0x5000dc, <SimProcedure ResetEvent>). Re-hooking.[0m[0m
[1;33;40mWARNING - 2023-10-16 17:04:46,985 - [34mangr.project[0m - [34mAddress is already hooked, during hook(0x5000dc, <SimProcedure ResetEvent>). Re-hooking.[0m[0m
[1;33;40mWARNING - 2023-10-16 17:04:47,067 - [34mangr.project[0m - [34mAddress is already hooked, during hook(0x50005c, <SimProcedure GetFileAttributesW>). Re-hooking.[0m[0m
[1;33;40mWARNING - 2023-10-16 17:04:47,069 - [34mangr.project[0m - [34mAddress is already hooked, during hook(0x50005c, <SimProcedure GetFileAttributesW>). Re-hooking.[0m[0m
[1;33;40mWARNING - 2023-10-16 17:04:47,073 - [34mangr.project[0m - [34mAddress is already hooked, during hook(0x5001b0, <SimProcedure UnhandledExceptionFilter>). Re-hooking.[0m[0m
[1;33;40mWARNING - 2023-10-16 17:04:47,075 - [34mangr.project[0m - [34mAddress is already hooked, during hook(0x5001b0, <SimProcedure UnhandledExceptionFilter>). Re-hooking.[0m[0m
[1;33;40mWARNING - 2023-10-16 17:04:47,110 - [34mangr.project[0m - [34mAddress is already hooked, during hook(0x50000c, <SimProcedure GetCurrentProcess>). Re-hooking.[0m[0m
[1;33;40mWARNING - 2023-10-16 17:04:47,112 - [34mangr.project[0m - [34mAddress is already hooked, during hook(0x50000c, <SimProcedure GetCurrentProcess>). Re-hooking.[0m[0m
[1;33;40mWARNING - 2023-10-16 17:04:47,137 - [34mangr.project[0m - [34mAddress is already hooked, during hook(0x500138, <SimProcedure SetCurrentDirectoryW>). Re-hooking.[0m[0m
[1;33;40mWARNING - 2023-10-16 17:04:47,139 - [34mangr.project[0m - [34mAddress is already hooked, during hook(0x500138, <SimProcedure SetCurrentDirectoryW>). Re-hooking.[0m[0m
[1;33;40mWARNING - 2023-10-16 17:04:47,140 - [34mangr.project[0m - [34mAddress is already hooked, during hook(0x500180, <SimProcedure GetConsoleMode>). Re-hooking.[0m[0m
[1;33;40mWARNING - 2023-10-16 17:04:47,142 - [34mangr.project[0m - [34mAddress is already hooked, during hook(0x500180, <SimProcedure GetConsoleMode>). Re-hooking.[0m[0m
[1;33;40mWARNING - 2023-10-16 17:04:47,146 - [34mangr.project[0m - [34mAddress is already hooked, during hook(0x5000d0, <SimProcedure LeaveCriticalSection>). Re-hooking.[0m[0m
[1;33;40mWARNING - 2023-10-16 17:04:47,148 - [34mangr.project[0m - [34mAddress is already hooked, during hook(0x5000d0, <SimProcedure LeaveCriticalSection>). Re-hooking.[0m[0m
[1;33;40mWARNING - 2023-10-16 17:04:47,294 - [34mangr.project[0m - [34mAddress is already hooked, during hook(0x5000f4, <SimProcedure SystemTimeToTzSpecificLocalTime>). Re-hooking.[0m[0m
[1;33;40mWARNING - 2023-10-16 17:04:47,296 - [34mangr.project[0m - [34mAddress is already hooked, during hook(0x5000f4, <SimProcedure SystemTimeToTzSpecificLocalTime>). Re-hooking.[0m[0m
[1;33;40mWARNING - 2023-10-16 17:04:47,303 - [34mangr.project[0m - [34mAddress is already hooked, during hook(0x5000d4, <SimProcedure DeleteCriticalSection>). Re-hooking.[0m[0m
[1;33;40mWARNING - 2023-10-16 17:04:47,304 - [34mangr.project[0m - [34mAddress is already hooked, during hook(0x5000d4, <SimProcedure DeleteCriticalSection>). Re-hooking.[0m[0m
[1;33;40mWARNING - 2023-10-16 17:04:47,497 - [34mangr.project[0m - [34mAddress is already hooked, during hook(0x5000b0, <SimProcedure FreeConsole>). Re-hooking.[0m[0m
[1;33;40mWARNING - 2023-10-16 17:04:47,499 - [34mangr.project[0m - [34mAddress is already hooked, during hook(0x5000b0, <SimProcedure FreeConsole>). Re-hooking.[0m[0m
[1;33;40mWARNING - 2023-10-16 17:04:47,568 - [34mangr.project[0m - [34mAddress is already hooked, during hook(0x5000ac, <SimProcedure AllocConsole>). Re-hooking.[0m[0m
[1;33;40mWARNING - 2023-10-16 17:04:47,570 - [34mangr.project[0m - [34mAddress is already hooked, during hook(0x5000ac, <SimProcedure AllocConsole>). Re-hooking.[0m[0m
[1;33;40mWARNING - 2023-10-16 17:04:47,571 - [34mangr.project[0m - [34mAddress is already hooked, during hook(0x500058, <SimProcedure SetFileAttributesW>). Re-hooking.[0m[0m
[1;33;40mWARNING - 2023-10-16 17:04:47,572 - [34mangr.project[0m - [34mAddress is already hooked, during hook(0x500058, <SimProcedure SetFileAttributesW>). Re-hooking.[0m[0m
[1;33;40mWARNING - 2023-10-16 17:04:47,712 - [34mangr.project[0m - [34mAddress is already hooked, during hook(0x500014, <SimProcedure SetFileTime>). Re-hooking.[0m[0m
[1;33;40mWARNING - 2023-10-16 17:04:47,714 - [34mangr.project[0m - [34mAddress is already hooked, during hook(0x500014, <SimProcedure SetFileTime>). Re-hooking.[0m[0m
[1;33;40mWARNING - 2023-10-16 17:04:47,793 - [34mangr.project[0m - [34mAddress is already hooked, during hook(0x50000c, <SimProcedure GetCurrentProcess>). Re-hooking.[0m[0m
[1;33;40mWARNING - 2023-10-16 17:04:47,795 - [34mangr.project[0m - [34mAddress is already hooked, during hook(0x50000c, <SimProcedure GetCurrentProcess>). Re-hooking.[0m[0m
[1;33;40mWARNING - 2023-10-16 17:04:47,847 - [34mangr.project[0m - [34mAddress is already hooked, during hook(0x5001d0, <SimProcedure RtlUnwind>). Re-hooking.[0m[0m
[1;33;40mWARNING - 2023-10-16 17:04:47,849 - [34mangr.project[0m - [34mAddress is already hooked, during hook(0x5001d0, <SimProcedure RtlUnwind>). Re-hooking.[0m[0m
[1;33;40mWARNING - 2023-10-16 17:04:47,919 - [34mangr.project[0m - [34mAddress is already hooked, during hook(0x500124, <SimProcedure GlobalLock>). Re-hooking.[0m[0m
[1;33;40mWARNING - 2023-10-16 17:04:47,920 - [34mangr.project[0m - [34mAddress is already hooked, during hook(0x500124, <SimProcedure GlobalLock>). Re-hooking.[0m[0m
[1;33;40mWARNING - 2023-10-16 17:04:47,944 - [34mangr.project[0m - [34mAddress is already hooked, during hook(0x500128, <SimProcedure GlobalUnlock>). Re-hooking.[0m[0m
[1;33;40mWARNING - 2023-10-16 17:04:47,946 - [34mangr.project[0m - [34mAddress is already hooked, during hook(0x500128, <SimProcedure GlobalUnlock>). Re-hooking.[0m[0m
[1;33;40mWARNING - 2023-10-16 17:04:47,990 - [34mangr.project[0m - [34mAddress is already hooked, during hook(0x500110, <SimProcedure IsDBCSLeadByte>). Re-hooking.[0m[0m
[1;33;40mWARNING - 2023-10-16 17:04:47,991 - [34mangr.project[0m - [34mAddress is already hooked, during hook(0x500110, <SimProcedure IsDBCSLeadByte>). Re-hooking.[0m[0m
[1;33;40mWARNING - 2023-10-16 17:04:48,031 - [34mangr.project[0m - [34mAddress is already hooked, during hook(0x50021c, <SimProcedure IsValidCodePage>). Re-hooking.[0m[0m
[1;33;40mWARNING - 2023-10-16 17:04:48,033 - [34mangr.project[0m - [34mAddress is already hooked, during hook(0x50021c, <SimProcedure IsValidCodePage>). Re-hooking.[0m[0m
[1;33;40mWARNING - 2023-10-16 17:04:48,034 - [34mangr.project[0m - [34mAddress is already hooked, during hook(0x50014c, <SimProcedure UnmapViewOfFile>). Re-hooking.[0m[0m
[1;33;40mWARNING - 2023-10-16 17:04:48,035 - [34mangr.project[0m - [34mAddress is already hooked, during hook(0x50014c, <SimProcedure UnmapViewOfFile>). Re-hooking.[0m[0m
[1;33;40mWARNING - 2023-10-16 17:04:48,039 - [34mangr.project[0m - [34mAddress is already hooked, during hook(0x5000c8, <SimProcedure InitializeCriticalSection>). Re-hooking.[0m[0m
[1;33;40mWARNING - 2023-10-16 17:04:48,041 - [34mangr.project[0m - [34mAddress is already hooked, during hook(0x5000c8, <SimProcedure InitializeCriticalSection>). Re-hooking.[0m[0m
[1;33;40mWARNING - 2023-10-16 17:04:48,120 - [34mangr.project[0m - [34mAddress is already hooked, during hook(0x500010, <SimProcedure DeviceIoControl>). Re-hooking.[0m[0m
[1;33;40mWARNING - 2023-10-16 17:04:48,122 - [34mangr.project[0m - [34mAddress is already hooked, during hook(0x500010, <SimProcedure DeviceIoControl>). Re-hooking.[0m[0m
[1;33;40mWARNING - 2023-10-16 17:04:48,157 - [34mangr.project[0m - [34mAddress is already hooked, during hook(0x500078, <SimProcedure FoldStringW>). Re-hooking.[0m[0m
[1;33;40mWARNING - 2023-10-16 17:04:48,158 - [34mangr.project[0m - [34mAddress is already hooked, during hook(0x500078, <SimProcedure FoldStringW>). Re-hooking.[0m[0m
[1;33;40mWARNING - 2023-10-16 17:04:48,200 - [34mangr.project[0m - [34mAddress is already hooked, during hook(0x50021c, <SimProcedure IsValidCodePage>). Re-hooking.[0m[0m
[1;33;40mWARNING - 2023-10-16 17:04:48,201 - [34mangr.project[0m - [34mAddress is already hooked, during hook(0x50021c, <SimProcedure IsValidCodePage>). Re-hooking.[0m[0m
[1;33;40mWARNING - 2023-10-16 17:04:48,202 - [34mangr.project[0m - [34mAddress is already hooked, during hook(0x50006c, <SimProcedure GetVersionExW>). Re-hooking.[0m[0m
[1;33;40mWARNING - 2023-10-16 17:04:48,203 - [34mangr.project[0m - [34mAddress is already hooked, during hook(0x50006c, <SimProcedure GetVersionExW>). Re-hooking.[0m[0m
[1;33;40mWARNING - 2023-10-16 17:04:48,232 - [34mangr.project[0m - [34mAddress is already hooked, during hook(0x5000e8, <SimProcedure CreateEventW>). Re-hooking.[0m[0m
[1;33;40mWARNING - 2023-10-16 17:04:48,234 - [34mangr.project[0m - [34mAddress is already hooked, during hook(0x5000e8, <SimProcedure CreateEventW>). Re-hooking.[0m[0m
[1;33;40mWARNING - 2023-10-16 17:04:48,343 - [34mangr.project[0m - [34mAddress is already hooked, during hook(0x50022c, <SimProcedure FreeEnvironmentStringsW>). Re-hooking.[0m[0m
[1;33;40mWARNING - 2023-10-16 17:04:48,344 - [34mangr.project[0m - [34mAddress is already hooked, during hook(0x50022c, <SimProcedure FreeEnvironmentStringsW>). Re-hooking.[0m[0m
[1;33;40mWARNING - 2023-10-16 17:04:48,348 - [34mangr.project[0m - [34mAddress is already hooked, during hook(0x50018c, <SimProcedure SetStdHandle>). Re-hooking.[0m[0m
[1;33;40mWARNING - 2023-10-16 17:04:48,349 - [34mangr.project[0m - [34mAddress is already hooked, during hook(0x50018c, <SimProcedure SetStdHandle>). Re-hooking.[0m[0m
[1;33;40mWARNING - 2023-10-16 17:04:48,523 - [34mangr.project[0m - [34mAddress is already hooked, during hook(0x500030, <SimProcedure GetShortPathNameW>). Re-hooking.[0m[0m
[1;33;40mWARNING - 2023-10-16 17:04:48,525 - [34mangr.project[0m - [34mAddress is already hooked, during hook(0x500030, <SimProcedure GetShortPathNameW>). Re-hooking.[0m[0m
[1;33;40mWARNING - 2023-10-16 17:04:48,631 - [34mangr.project[0m - [34mAddress is already hooked, during hook(0x5001c8, <SimProcedure InitializeSListHead>). Re-hooking.[0m[0m
[1;33;40mWARNING - 2023-10-16 17:04:48,633 - [34mangr.project[0m - [34mAddress is already hooked, during hook(0x5001c8, <SimProcedure InitializeSListHead>). Re-hooking.[0m[0m
[1;33;40mWARNING - 2023-10-16 17:04:48,649 - [34mangr.project[0m - [34mAddress is already hooked, during hook(0x500164, <SimProcedure GetTempPathW>). Re-hooking.[0m[0m
[1;33;40mWARNING - 2023-10-16 17:04:48,651 - [34mangr.project[0m - [34mAddress is already hooked, during hook(0x500164, <SimProcedure GetTempPathW>). Re-hooking.[0m[0m
[1;33;40mWARNING - 2023-10-16 17:04:48,714 - [34mangr.project[0m - [34mAddress is already hooked, during hook(0x50015c, <SimProcedure SetEnvironmentVariableW>). Re-hooking.[0m[0m
[1;33;40mWARNING - 2023-10-16 17:04:48,716 - [34mangr.project[0m - [34mAddress is already hooked, during hook(0x50015c, <SimProcedure SetEnvironmentVariableW>). Re-hooking.[0m[0m
[1;33;40mWARNING - 2023-10-16 17:04:48,766 - [34mangr.project[0m - [34mAddress is already hooked, during hook(0x5000a8, <SimProcedure CompareStringW>). Re-hooking.[0m[0m
[1;33;40mWARNING - 2023-10-16 17:04:48,768 - [34mangr.project[0m - [34mAddress is already hooked, during hook(0x5000a8, <SimProcedure CompareStringW>). Re-hooking.[0m[0m
[1;33;40mWARNING - 2023-10-16 17:04:48,805 - [34mangr.project[0m - [34mAddress is already hooked, during hook(0x5000fc, <SimProcedure SystemTimeToFileTime>). Re-hooking.[0m[0m
[1;33;40mWARNING - 2023-10-16 17:04:48,807 - [34mangr.project[0m - [34mAddress is already hooked, during hook(0x5000fc, <SimProcedure SystemTimeToFileTime>). Re-hooking.[0m[0m
[1;33;40mWARNING - 2023-10-16 17:04:48,856 - [34mangr.project[0m - [34mAddress is already hooked, during hook(0x500098, <SimProcedure SetThreadExecutionState>). Re-hooking.[0m[0m
[1;33;40mWARNING - 2023-10-16 17:04:48,858 - [34mangr.project[0m - [34mAddress is already hooked, during hook(0x500098, <SimProcedure SetThreadExecutionState>). Re-hooking.[0m[0m
[1;33;40mWARNING - 2023-10-16 17:04:48,970 - [34mangr.project[0m - [34mAddress is already hooked, during hook(0x5000f8, <SimProcedure TzSpecificLocalTimeToSystemTime>). Re-hooking.[0m[0m
[1;33;40mWARNING - 2023-10-16 17:04:48,971 - [34mangr.project[0m - [34mAddress is already hooked, during hook(0x5000f8, <SimProcedure TzSpecificLocalTimeToSystemTime>). Re-hooking.[0m[0m
[1;33;40mWARNING - 2023-10-16 17:04:49,000 - [34mangr.project[0m - [34mAddress is already hooked, during hook(0x5000cc, <SimProcedure EnterCriticalSection>). Re-hooking.[0m[0m
[1;33;40mWARNING - 2023-10-16 17:04:49,002 - [34mangr.project[0m - [34mAddress is already hooked, during hook(0x5000cc, <SimProcedure EnterCriticalSection>). Re-hooking.[0m[0m
[1;33;40mWARNING - 2023-10-16 17:04:49,038 - [34mangr.project[0m - [34mAddress is already hooked, during hook(0x500174, <SimProcedure GetDateFormatW>). Re-hooking.[0m[0m
[1;33;40mWARNING - 2023-10-16 17:04:49,040 - [34mangr.project[0m - [34mAddress is already hooked, during hook(0x500174, <SimProcedure GetDateFormatW>). Re-hooking.[0m[0m
[1;33;40mWARNING - 2023-10-16 17:04:49,043 - [34mangr.project[0m - [34mAddress is already hooked, during hook(0x50001c, <SimProcedure CreateDirectoryW>). Re-hooking.[0m[0m
[1;33;40mWARNING - 2023-10-16 17:04:49,044 - [34mangr.project[0m - [34mAddress is already hooked, during hook(0x50001c, <SimProcedure CreateDirectoryW>). Re-hooking.[0m[0m
[1;33;40mWARNING - 2023-10-16 17:04:49,059 - [34mangr.project[0m - [34mAddress is already hooked, during hook(0x500170, <SimProcedure GetTimeFormatW>). Re-hooking.[0m[0m
[1;33;40mWARNING - 2023-10-16 17:04:49,060 - [34mangr.project[0m - [34mAddress is already hooked, during hook(0x500170, <SimProcedure GetTimeFormatW>). Re-hooking.[0m[0m
[1;33;40mWARNING - 2023-10-16 17:04:49,118 - [34mangr.project[0m - [34mAddress is already hooked, during hook(0x50012c, <SimProcedure GlobalFree>). Re-hooking.[0m[0m
[1;33;40mWARNING - 2023-10-16 17:04:49,120 - [34mangr.project[0m - [34mAddress is already hooked, during hook(0x50012c, <SimProcedure GlobalFree>). Re-hooking.[0m[0m
[1;33;40mWARNING - 2023-10-16 17:04:49,325 - [34mangr.project[0m - [34mAddress is already hooked, during hook(0x5000b8, <SimProcedure WriteConsoleW>). Re-hooking.[0m[0m
[1;33;40mWARNING - 2023-10-16 17:04:49,327 - [34mangr.project[0m - [34mAddress is already hooked, during hook(0x5000b8, <SimProcedure WriteConsoleW>). Re-hooking.[0m[0m
[1;33;40mWARNING - 2023-10-16 17:04:49,360 - [34mangr.project[0m - [34mAddress is already hooked, during hook(0x5001b8, <SimProcedure GetStartupInfoW>). Re-hooking.[0m[0m
[1;33;40mWARNING - 2023-10-16 17:04:49,362 - [34mangr.project[0m - [34mAddress is already hooked, during hook(0x5001b8, <SimProcedure GetStartupInfoW>). Re-hooking.[0m[0m
[1;33;40mWARNING - 2023-10-16 17:04:49,380 - [34mangr.project[0m - [34mAddress is already hooked, during hook(0x50002c, <SimProcedure CreateHardLinkW>). Re-hooking.[0m[0m
[1;33;40mWARNING - 2023-10-16 17:04:49,381 - [34mangr.project[0m - [34mAddress is already hooked, during hook(0x50002c, <SimProcedure CreateHardLinkW>). Re-hooking.[0m[0m
[1;33;40mWARNING - 2023-10-16 17:04:49,405 - [34mangr.project[0m - [34mAddress is already hooked, during hook(0x5000b4, <SimProcedure AttachConsole>). Re-hooking.[0m[0m
[1;33;40mWARNING - 2023-10-16 17:04:49,406 - [34mangr.project[0m - [34mAddress is already hooked, during hook(0x5000b4, <SimProcedure AttachConsole>). Re-hooking.[0m[0m
[1;33;40mWARNING - 2023-10-16 17:04:49,425 - [34mangr.project[0m - [34mAddress is already hooked, during hook(0x500100, <SimProcedure FileTimeToLocalFileTime>). Re-hooking.[0m[0m
[1;33;40mWARNING - 2023-10-16 17:04:49,427 - [34mangr.project[0m - [34mAddress is already hooked, during hook(0x500100, <SimProcedure FileTimeToLocalFileTime>). Re-hooking.[0m[0m
[1;33;40mWARNING - 2023-10-16 17:04:49,455 - [34mangr.project[0m - [34mAddress is already hooked, during hook(0x500138, <SimProcedure SetCurrentDirectoryW>). Re-hooking.[0m[0m
[1;33;40mWARNING - 2023-10-16 17:04:49,457 - [34mangr.project[0m - [34mAddress is already hooked, during hook(0x500138, <SimProcedure SetCurrentDirectoryW>). Re-hooking.[0m[0m
[1;33;40mWARNING - 2023-10-16 17:04:49,528 - [34mangr.project[0m - [34mAddress is already hooked, during hook(0x5000c8, <SimProcedure InitializeCriticalSection>). Re-hooking.[0m[0m
[1;33;40mWARNING - 2023-10-16 17:04:49,530 - [34mangr.project[0m - [34mAddress is already hooked, during hook(0x5000c8, <SimProcedure InitializeCriticalSection>). Re-hooking.[0m[0m
[1;33;40mWARNING - 2023-10-16 17:04:49,652 - [34mangr.project[0m - [34mAddress is already hooked, during hook(0x500020, <SimProcedure RemoveDirectoryW>). Re-hooking.[0m[0m
[1;33;40mWARNING - 2023-10-16 17:04:49,653 - [34mangr.project[0m - [34mAddress is already hooked, during hook(0x500020, <SimProcedure RemoveDirectoryW>). Re-hooking.[0m[0m
[1;33;40mWARNING - 2023-10-16 17:04:49,659 - [34mangr.project[0m - [34mAddress is already hooked, during hook(0x500214, <SimProcedure FindFirstFileExA>). Re-hooking.[0m[0m
[1;33;40mWARNING - 2023-10-16 17:04:49,660 - [34mangr.project[0m - [34mAddress is already hooked, during hook(0x500214, <SimProcedure FindFirstFileExA>). Re-hooking.[0m[0m
[1;33;40mWARNING - 2023-10-16 17:04:49,705 - [34mangr.project[0m - [34mAddress is already hooked, during hook(0x500098, <SimProcedure SetThreadExecutionState>). Re-hooking.[0m[0m
[1;33;40mWARNING - 2023-10-16 17:04:49,706 - [34mangr.project[0m - [34mAddress is already hooked, during hook(0x500098, <SimProcedure SetThreadExecutionState>). Re-hooking.[0m[0m
[1;33;40mWARNING - 2023-10-16 17:04:49,751 - [34mangr.project[0m - [34mAddress is already hooked, during hook(0x50009c, <SimProcedure Sleep>). Re-hooking.[0m[0m
[1;33;40mWARNING - 2023-10-16 17:04:49,752 - [34mangr.project[0m - [34mAddress is already hooked, during hook(0x50009c, <SimProcedure Sleep>). Re-hooking.[0m[0m
[1;33;40mWARNING - 2023-10-16 17:04:49,784 - [33mangr.engines.vex.lifter[0m - [33mSelf-modifying code is not always correctly optimized by PyVEX. To guarantee correctness, VEX optimizations have been disabled.[0m[0m
[1;32;40mINFO - 2023-10-16 17:04:49,787 - [32mSemaExplorerCDFS[0m - [32mHey new addr ![0m[0m
[1;32;40mINFO - 2023-10-16 17:04:49,794 - [32mSemaExplorerCDFS[0m - [32mHey new addr ![0m[0m
[1;32;40mINFO - 2023-10-16 17:04:49,798 - [32mSemaExplorerCDFS[0m - [32mHey new addr ![0m[0m
[1;32;40mINFO - 2023-10-16 17:04:49,800 - [32mSemaExplorerCDFS[0m - [32mHey new addr ![0m[0m
[1;32;40mINFO - 2023-10-16 17:04:49,803 - [32mSemaExplorerCDFS[0m - [32mHey new addr ![0m[0m
[1;32;40mINFO - 2023-10-16 17:04:49,805 - [32mSemaExplorerCDFS[0m - [32mHey new addr ![0m[0m
[1;32;40mINFO - 2023-10-16 17:04:49,807 - [32mSemaExplorerCDFS[0m - [32mHey new addr ![0m[0m
[1;32;40mINFO - 2023-10-16 17:04:49,822 - [32mSemaExplorerCDFS[0m - [32mHey new addr ![0m[0m
[1;32;40mINFO - 2023-10-16 17:04:49,825 - [32mSemaExplorerCDFS[0m - [32mHey new addr ![0m[0m
[1;32;40mINFO - 2023-10-16 17:04:49,829 - [32mSemaExplorerCDFS[0m - [32mHey new addr ![0m[0m
[1;32;40mINFO - 2023-10-16 17:04:49,832 - [32mSemaExplorerCDFS[0m - [32mHey new addr ![0m[0m
[1;32;40mINFO - 2023-10-16 17:04:49,840 - [32mSemaExplorerCDFS[0m - [32mHey new addr ![0m[0m
[1;32;40mINFO - 2023-10-16 17:04:49,842 - [32mSemaExplorerCDFS[0m - [32mHey new addr ![0m[0m
[1;32;40mINFO - 2023-10-16 17:04:49,843 - [36mCustomSimProcedure[0m - [36mSyscall found:  IsProcessorFeaturePresent[<BV32 0xa>][0m[0m
[1;32;40mINFO - 2023-10-16 17:04:49,843 - [32mSemaExplorerCDFS[0m - [32mHey new addr ![0m[0m
[1;32;40mINFO - 2023-10-16 17:04:49,846 - [32mSemaExplorerCDFS[0m - [32mHey new addr ![0m[0m
[1;32;40mINFO - 2023-10-16 17:04:49,849 - [32mSemaExplorerCDFS[0m - [32mHey new addr ![0m[0m
[1;32;40mINFO - 2023-10-16 17:04:49,851 - [32mSemaExplorerCDFS[0m - [32mHey new addr ![0m[0m
[1;32;40mINFO - 2023-10-16 17:04:49,854 - [32mSemaExplorerCDFS[0m - [32mHey new addr ![0m[0m
[1;32;40mINFO - 2023-10-16 17:04:49,862 - [32mSemaExplorerCDFS[0m - [32mHey new addr ![0m[0m
[1;32;40mINFO - 2023-10-16 17:04:49,865 - [32mSemaExplorerCDFS[0m - [32mHey new addr ![0m[0m
[1;32;40mINFO - 2023-10-16 17:04:49,880 - [32mSemaExplorerCDFS[0m - [32mHey new addr ![0m[0m
[1;32;40mINFO - 2023-10-16 17:04:49,925 - [32mSemaExplorerCDFS[0m - [32mHey new addr ![0m[0m
[1;32;40mINFO - 2023-10-16 17:04:49,927 - [32mSemaExplorerCDFS[0m - [32mHey new addr ![0m[0m
[1;32;40mINFO - 2023-10-16 17:04:49,929 - [32mSemaExplorerCDFS[0m - [32mHey new addr ![0m[0m
[1;32;40mINFO - 2023-10-16 17:04:49,934 - [32mSemaExplorerCDFS[0m - [32mHey new addr ![0m[0m
[1;32;40mINFO - 2023-10-16 17:04:49,939 - [32mSemaExplorerCDFS[0m - [32mHey new addr ![0m[0m
[1;32;40mINFO - 2023-10-16 17:04:49,952 - [32mSemaExplorerCDFS[0m - [32mHey new addr ![0m[0m
[1;32;40mINFO - 2023-10-16 17:04:49,959 - [32mSemaExplorerCDFS[0m - [32mHey new addr ![0m[0m
[1;32;40mINFO - 2023-10-16 17:04:49,964 - [32mSemaExplorerCDFS[0m - [32mHey new addr ![0m[0m
[1;32;40mINFO - 2023-10-16 17:04:49,967 - [32mSemaExplorerCDFS[0m - [32mHey new addr ![0m[0m
[1;32;40mINFO - 2023-10-16 17:04:49,976 - [32mSemaExplorerCDFS[0m - [32mHey new addr ![0m[0m
[1;32;40mINFO - 2023-10-16 17:04:49,980 - [32mSemaExplorerCDFS[0m - [32mHey new addr ![0m[0m
[1;32;40mINFO - 2023-10-16 17:04:49,992 - [37mCustomSimProcedureWindows[0m - [37mLoadLibraryExW: Symbol not found[0m[0m
[1;32;40mINFO - 2023-10-16 17:04:50,002 - [36mCustomSimProcedure[0m - {'GetLastError': 5242880, 'SetLastError': 5242884, 'FormatMessageW': 5242888, 'GetCurrentProcess': 5242892, 'DeviceIoControl': 5242896, 'SetFileTime': 5242900, 'CloseHandle': 5242904, 'CreateDirectoryW': 5242908, 'RemoveDirectoryW': 5242912, 'CreateFileW': 5242916, 'DeleteFileW': 5242920, 'CreateHardLinkW': 5242924, 'GetShortPathNameW': 5242928, 'GetLongPathNameW': 5242932, 'MoveFileW': 5242936, 'GetFileType': 5242940, 'GetStdHandle': 5242944, 'WriteFile': 5242948, 'ReadFile': 5242952, 'FlushFileBuffers': 5242956, 'SetEndOfFile': 5242960, 'SetFilePointer': 5242964, 'SetFileAttributesW': 5242968, 'GetFileAttributesW': 5242972, 'FindClose': 5242976, 'FindFirstFileW': 5242980, 'FindNextFileW': 5242984, 'GetVersionExW': 5242988, 'GetCurrentDirectoryW': 5242992, 'GetFullPathNameW': 5242996, 'FoldStringW': 5243000, 'GetModuleFileNameW': 5243004, 'GetModuleHandleW': 5243008, 'FindResourceW': 5243012, 'FreeLibrary': 5243016, 'GetProcAddress': 5243020, 'GetCurrentProcessId': 5243024, 'ExitProcess': 5243028, 'SetThreadExecutionState': 5243032, 'Sleep': 5243036, 'LoadLibraryW': 5243040, 'GetSystemDirectoryW': 5243044, 'CompareStringW': 5243048, 'AllocConsole': 5243052, 'FreeConsole': 5243056, 'AttachConsole': 5243060, 'WriteConsoleW': 5243064, 'GetProcessAffinityMask': 5243068, 'CreateThread': 5243072, 'SetThreadPriority': 5243076, 'InitializeCriticalSection': 5243080, 'EnterCriticalSection': 5243084, 'LeaveCriticalSection': 5243088, 'DeleteCriticalSection': 5243092, 'SetEvent': 5243096, 'ResetEvent': 5243100, 'ReleaseSemaphore': 5243104, 'WaitForSingleObject': 5243108, 'CreateEventW': 5243112, 'CreateSemaphoreW': 5243116, 'GetSystemTime': 5243120, 'SystemTimeToTzSpecificLocalTime': 5243124, 'TzSpecificLocalTimeToSystemTime': 5243128, 'SystemTimeToFileTime': 5243132, 'FileTimeToLocalFileTime': 5243136, 'LocalFileTimeToFileTime': 5243140, 'FileTimeToSystemTime': 5243144, 'GetCPInfo': 5243148, 'IsDBCSLeadByte': 5243152, 'MultiByteToWideChar': 5243156, 'WideCharToMultiByte': 5243160, 'GlobalAlloc': 5243164, 'LockResource': 5243168, 'GlobalLock': 5243172, 'GlobalUnlock': 5243176, 'GlobalFree': 5243180, 'LoadResource': 5243184, 'SizeofResource': 5243188, 'SetCurrentDirectoryW': 5243192, 'GetExitCodeProcess': 5243196, 'GetLocalTime': 5243200, 'GetTickCount': 5243204, 'MapViewOfFile': 5243208, 'UnmapViewOfFile': 5243212, 'CreateFileMappingW': 5243216, 'OpenFileMappingW': 5243220, 'GetCommandLineW': 5243224, 'SetEnvironmentVariableW': 5243228, 'ExpandEnvironmentStringsW': 5243232, 'GetTempPathW': 5243236, 'MoveFileExW': 5243240, 'GetLocaleInfoW': 5243244, 'GetTimeFormatW': 5243248, 'GetDateFormatW': 5243252, 'GetNumberFormatW': 5243256, 'SetFilePointerEx': 5243260, 'GetConsoleMode': 5243264, 'GetConsoleCP': 5243268, 'HeapSize': 5243272, 'SetStdHandle': 5243276, 'GetProcessHeap': 5243280, 'RaiseException': 5243284, 'GetSystemInfo': 5243288, 'VirtualProtect': 5243292, 'VirtualQuery': 5243296, 'LoadLibraryExA': 5243300, 'IsProcessorFeaturePresent': 5243304, 'IsDebuggerPresent': 5243308, 'UnhandledExceptionFilter': 5243312, 'SetUnhandledExceptionFilter': 5243316, 'GetStartupInfoW': 5243320, 'QueryPerformanceCounter': 5243324, 'GetCurrentThreadId': 5243328, 'GetSystemTimeAsFileTime': 5243332, 'InitializeSListHead': 5243336, 'TerminateProcess': 5243340, 'RtlUnwind': 5243344, 'EncodePointer': 5243348, 'InitializeCriticalSectionAndSpinCount': 5243352, 'TlsAlloc': 5243356, 'TlsGetValue': 5243360, 'TlsSetValue': 5243364, 'TlsFree': 5243368, 'LoadLibraryExW': 5243372, 'QueryPerformanceFrequency': 5243376, 'GetModuleHandleExW': 5243380, 'GetModuleFileNameA': 5243384, 'GetACP': 5243388, 'HeapFree': 5243392, 'HeapAlloc': 5243396, 'HeapReAlloc': 5243400, 'GetStringTypeW': 5243404, 'LCMapStringW': 5243408, 'FindFirstFileExA': 5243412, 'FindNextFileA': 5243416, 'IsValidCodePage': 5243420, 'GetOEMCP': 5243424, 'GetCommandLineA': 5243428, 'GetEnvironmentStringsW': 5243432, 'FreeEnvironmentStringsW': 5243436, 'DecodePointer': 5243440, 'GdiplusShutdown': 5243444, 'GdiplusStartup': 5243448, 'GdipCreateHBITMAPFromBitmap': 5243452, 'GdipCreateBitmapFromStreamICM': 5243456, 'GdipCreateBitmapFromStream': 5243460, 'GdipDisposeImage': 5243464, 'GdipCloneImage': 5243468, 'GdipFree': 5243472, 'GdipAlloc': 5243476, 'KiUserExceptionDispatcher': 6295572, '_fmode': 6295576, '_commode': 6295580, '_acmdln': 6295584, '_wcmdln': 6295588, '<pi-ms-win-core-synch-l1-2-0': 6295592}[0m
[1;32;40mINFO - 2023-10-16 17:04:50,003 - [36mCustomSimProcedure[0m - [36mWas in angr :kernel32.dll[0m[0m
[1;33;40mWARNING - 2023-10-16 17:04:50,073 - [34mangr.project[0m - [34mAddress is already hooked, during hook(0x500248, <SimProcedure GdipDisposeImage>). Not re-hooking.[0m[0m
[1;33;40mWARNING - 2023-10-16 17:04:50,073 - [34mangr.project[0m - [34mAddress is already hooked, during hook(0x50023c, <SimProcedure GdipCreateHBITMAPFromBitmap>). Not re-hooking.[0m[0m
[1;33;40mWARNING - 2023-10-16 17:04:50,074 - [34mangr.project[0m - [34mAddress is already hooked, during hook(0x50024c, <SimProcedure GdipCloneImage>). Not re-hooking.[0m[0m
[1;33;40mWARNING - 2023-10-16 17:04:50,074 - [34mangr.project[0m - [34mAddress is already hooked, during hook(0x500244, <SimProcedure GdipCreateBitmapFromStream>). Not re-hooking.[0m[0m
[1;33;40mWARNING - 2023-10-16 17:04:50,074 - [34mangr.project[0m - [34mAddress is already hooked, during hook(0x500240, <SimProcedure GdipCreateBitmapFromStreamICM>). Not re-hooking.[0m[0m
[1;33;40mWARNING - 2023-10-16 17:04:50,089 - [34mangr.project[0m - [34mAddress is already hooked, during hook(0x601014, <SimProcedure KiUserExceptionDispatcher>). Not re-hooking.[0m[0m
[1;32;40mINFO - 2023-10-16 17:04:50,090 - [36mCustomSimProcedure[0m - [36mNo hooks for: {'GdiplusShutdown': 5243444, 'GdiplusStartup': 5243448, 'GdipFree': 5243472, 'GdipAlloc': 5243476, '_fmode': 6295576, '_commode': 6295580, '_acmdln': 6295584, '_wcmdln': 6295588, '<pi-ms-win-core-synch-l1-2-0': 6295592}[0m[0m
[1;32;40mINFO - 2023-10-16 17:04:50,091 - [36mCustomSimProcedure[0m - [36mSyscall found:  LoadLibraryExW[<BV32 0x434358>, <BV32 0x0>, <BV32 0x800>][0m[0m
[1;32;40mINFO - 2023-10-16 17:04:50,095 - [32mSemaExplorerCDFS[0m - [32mHey new addr ![0m[0m
[1;32;40mINFO - 2023-10-16 17:04:50,099 - [32mSemaExplorerCDFS[0m - [32mHey new addr ![0m[0m
[1;32;40mINFO - 2023-10-16 17:04:50,104 - [32mSemaExplorerCDFS[0m - [32mHey new addr ![0m[0m
[1;32;40mINFO - 2023-10-16 17:04:50,109 - [32mSemaExplorerCDFS[0m - [32mHey new addr ![0m[0m
[1;32;40mINFO - 2023-10-16 17:04:50,113 - [32mSemaExplorerCDFS[0m - [32mHey new addr ![0m[0m
[1;32;40mINFO - 2023-10-16 17:04:50,115 - [32mSemaExplorerCDFS[0m - [32mHey new addr ![0m[0m
[1;32;40mINFO - 2023-10-16 17:04:50,118 - [32mSemaExplorerCDFS[0m - [32mHey new addr ![0m[0m
[1;32;40mINFO - 2023-10-16 17:04:50,122 - [32mSemaExplorerCDFS[0m - [32mHey new addr ![0m[0m
[1;32;40mINFO - 2023-10-16 17:04:50,133 - [37mCustomSimProcedureWindows[0m - [37mGetProcAddress: InitializeCriticalSectionEx[0m[0m
[1;32;40mINFO - 2023-10-16 17:04:50,144 - [36mCustomSimProcedure[0m - {'GetLastError': 5242880, 'SetLastError': 5242884, 'FormatMessageW': 5242888, 'GetCurrentProcess': 5242892, 'DeviceIoControl': 5242896, 'SetFileTime': 5242900, 'CloseHandle': 5242904, 'CreateDirectoryW': 5242908, 'RemoveDirectoryW': 5242912, 'CreateFileW': 5242916, 'DeleteFileW': 5242920, 'CreateHardLinkW': 5242924, 'GetShortPathNameW': 5242928, 'GetLongPathNameW': 5242932, 'MoveFileW': 5242936, 'GetFileType': 5242940, 'GetStdHandle': 5242944, 'WriteFile': 5242948, 'ReadFile': 5242952, 'FlushFileBuffers': 5242956, 'SetEndOfFile': 5242960, 'SetFilePointer': 5242964, 'SetFileAttributesW': 5242968, 'GetFileAttributesW': 5242972, 'FindClose': 5242976, 'FindFirstFileW': 5242980, 'FindNextFileW': 5242984, 'GetVersionExW': 5242988, 'GetCurrentDirectoryW': 5242992, 'GetFullPathNameW': 5242996, 'FoldStringW': 5243000, 'GetModuleFileNameW': 5243004, 'GetModuleHandleW': 5243008, 'FindResourceW': 5243012, 'FreeLibrary': 5243016, 'GetProcAddress': 5243020, 'GetCurrentProcessId': 5243024, 'ExitProcess': 5243028, 'SetThreadExecutionState': 5243032, 'Sleep': 5243036, 'LoadLibraryW': 5243040, 'GetSystemDirectoryW': 5243044, 'CompareStringW': 5243048, 'AllocConsole': 5243052, 'FreeConsole': 5243056, 'AttachConsole': 5243060, 'WriteConsoleW': 5243064, 'GetProcessAffinityMask': 5243068, 'CreateThread': 5243072, 'SetThreadPriority': 5243076, 'InitializeCriticalSection': 5243080, 'EnterCriticalSection': 5243084, 'LeaveCriticalSection': 5243088, 'DeleteCriticalSection': 5243092, 'SetEvent': 5243096, 'ResetEvent': 5243100, 'ReleaseSemaphore': 5243104, 'WaitForSingleObject': 5243108, 'CreateEventW': 5243112, 'CreateSemaphoreW': 5243116, 'GetSystemTime': 5243120, 'SystemTimeToTzSpecificLocalTime': 5243124, 'TzSpecificLocalTimeToSystemTime': 5243128, 'SystemTimeToFileTime': 5243132, 'FileTimeToLocalFileTime': 5243136, 'LocalFileTimeToFileTime': 5243140, 'FileTimeToSystemTime': 5243144, 'GetCPInfo': 5243148, 'IsDBCSLeadByte': 5243152, 'MultiByteToWideChar': 5243156, 'WideCharToMultiByte': 5243160, 'GlobalAlloc': 5243164, 'LockResource': 5243168, 'GlobalLock': 5243172, 'GlobalUnlock': 5243176, 'GlobalFree': 5243180, 'LoadResource': 5243184, 'SizeofResource': 5243188, 'SetCurrentDirectoryW': 5243192, 'GetExitCodeProcess': 5243196, 'GetLocalTime': 5243200, 'GetTickCount': 5243204, 'MapViewOfFile': 5243208, 'UnmapViewOfFile': 5243212, 'CreateFileMappingW': 5243216, 'OpenFileMappingW': 5243220, 'GetCommandLineW': 5243224, 'SetEnvironmentVariableW': 5243228, 'ExpandEnvironmentStringsW': 5243232, 'GetTempPathW': 5243236, 'MoveFileExW': 5243240, 'GetLocaleInfoW': 5243244, 'GetTimeFormatW': 5243248, 'GetDateFormatW': 5243252, 'GetNumberFormatW': 5243256, 'SetFilePointerEx': 5243260, 'GetConsoleMode': 5243264, 'GetConsoleCP': 5243268, 'HeapSize': 5243272, 'SetStdHandle': 5243276, 'GetProcessHeap': 5243280, 'RaiseException': 5243284, 'GetSystemInfo': 5243288, 'VirtualProtect': 5243292, 'VirtualQuery': 5243296, 'LoadLibraryExA': 5243300, 'IsProcessorFeaturePresent': 5243304, 'IsDebuggerPresent': 5243308, 'UnhandledExceptionFilter': 5243312, 'SetUnhandledExceptionFilter': 5243316, 'GetStartupInfoW': 5243320, 'QueryPerformanceCounter': 5243324, 'GetCurrentThreadId': 5243328, 'GetSystemTimeAsFileTime': 5243332, 'InitializeSListHead': 5243336, 'TerminateProcess': 5243340, 'RtlUnwind': 5243344, 'EncodePointer': 5243348, 'InitializeCriticalSectionAndSpinCount': 5243352, 'TlsAlloc': 5243356, 'TlsGetValue': 5243360, 'TlsSetValue': 5243364, 'TlsFree': 5243368, 'LoadLibraryExW': 5243372, 'QueryPerformanceFrequency': 5243376, 'GetModuleHandleExW': 5243380, 'GetModuleFileNameA': 5243384, 'GetACP': 5243388, 'HeapFree': 5243392, 'HeapAlloc': 5243396, 'HeapReAlloc': 5243400, 'GetStringTypeW': 5243404, 'LCMapStringW': 5243408, 'FindFirstFileExA': 5243412, 'FindNextFileA': 5243416, 'IsValidCodePage': 5243420, 'GetOEMCP': 5243424, 'GetCommandLineA': 5243428, 'GetEnvironmentStringsW': 5243432, 'FreeEnvironmentStringsW': 5243436, 'DecodePointer': 5243440, 'GdiplusShutdown': 5243444, 'GdiplusStartup': 5243448, 'GdipCreateHBITMAPFromBitmap': 5243452, 'GdipCreateBitmapFromStreamICM': 5243456, 'GdipCreateBitmapFromStream': 5243460, 'GdipDisposeImage': 5243464, 'GdipCloneImage': 5243468, 'GdipFree': 5243472, 'GdipAlloc': 5243476, 'KiUserExceptionDispatcher': 6295572, '_fmode': 6295576, '_commode': 6295580, '_acmdln': 6295584, '_wcmdln': 6295588, '<pi-ms-win-core-synch-l1-2-0': 6295592}[0m
[1;32;40mINFO - 2023-10-16 17:04:50,144 - [36mCustomSimProcedure[0m - [36mWas in angr :kernel32.dll[0m[0m
[1;33;40mWARNING - 2023-10-16 17:04:50,216 - [34mangr.project[0m - [34mAddress is already hooked, during hook(0x500248, <SimProcedure GdipDisposeImage>). Not re-hooking.[0m[0m
[1;33;40mWARNING - 2023-10-16 17:04:50,216 - [34mangr.project[0m - [34mAddress is already hooked, during hook(0x50023c, <SimProcedure GdipCreateHBITMAPFromBitmap>). Not re-hooking.[0m[0m
[1;33;40mWARNING - 2023-10-16 17:04:50,216 - [34mangr.project[0m - [34mAddress is already hooked, during hook(0x50024c, <SimProcedure GdipCloneImage>). Not re-hooking.[0m[0m
[1;33;40mWARNING - 2023-10-16 17:04:50,216 - [34mangr.project[0m - [34mAddress is already hooked, during hook(0x500244, <SimProcedure GdipCreateBitmapFromStream>). Not re-hooking.[0m[0m
[1;33;40mWARNING - 2023-10-16 17:04:50,216 - [34mangr.project[0m - [34mAddress is already hooked, during hook(0x500240, <SimProcedure GdipCreateBitmapFromStreamICM>). Not re-hooking.[0m[0m
[1;33;40mWARNING - 2023-10-16 17:04:50,232 - [34mangr.project[0m - [34mAddress is already hooked, during hook(0x601014, <SimProcedure KiUserExceptionDispatcher>). Not re-hooking.[0m[0m
[1;32;40mINFO - 2023-10-16 17:04:50,232 - [36mCustomSimProcedure[0m - [36mNo hooks for: {'GdiplusShutdown': 5243444, 'GdiplusStartup': 5243448, 'GdipFree': 5243472, 'GdipAlloc': 5243476, '_fmode': 6295576, '_commode': 6295580, '_acmdln': 6295584, '_wcmdln': 6295588, '<pi-ms-win-core-synch-l1-2-0': 6295592}[0m[0m
[1;32;40mINFO - 2023-10-16 17:04:50,233 - [37mCustomSimProcedureWindows[0m - [37mGetProcAddress - Query to lib : <pi-ms-win-core-synch-l1-2-0.dll[0m[0m
[1;32;40mINFO - 2023-10-16 17:04:50,233 - [37mCustomSimProcedureWindows[0m - [37mGetProcAddress: Symbol not found[0m[0m
[1;32;40mINFO - 2023-10-16 17:04:50,234 - [36mCustomSimProcedure[0m - [36mSyscall found:  GetProcAddress[<BV32 0x601028>, <BV32 0x4343e8>][0m[0m
[1;32;40mINFO - 2023-10-16 17:04:50,238 - [32mSemaExplorerCDFS[0m - [32mHey new addr ![0m[0m
[1;32;40mINFO - 2023-10-16 17:04:50,243 - [32mSemaExplorerCDFS[0m - [32mHey new addr ![0m[0m
[1;32;40mINFO - 2023-10-16 17:04:50,246 - [32mSemaExplorerCDFS[0m - [32mHey new addr ![0m[0m
[1;32;40mINFO - 2023-10-16 17:04:50,770 - [32mSemaExplorerCDFS[0m - [32mHey new addr ![0m[0m
[1;32;40mINFO - 2023-10-16 17:04:50,774 - [32mSemaExplorerCDFS[0m - [32mHey new addr ![0m[0m
[1;32;40mINFO - 2023-10-16 17:04:50,775 - [32mSemaExplorerCDFS[0m - [32mHey new addr ![0m[0m
[1;32;40mINFO - 2023-10-16 17:04:50,778 - [32mSemaExplorerCDFS[0m - [32mHey new addr ![0m[0m
[1;32;40mINFO - 2023-10-16 17:04:50,782 - [32mSemaExplorerCDFS[0m - [32mHey new addr ![0m[0m
[1;32;40mINFO - 2023-10-16 17:04:50,786 - [32mSemaExplorerCDFS[0m - [32mHey new addr ![0m[0m
[1;32;40mINFO - 2023-10-16 17:04:50,787 - [32mSemaExplorerCDFS[0m - [32mHey new addr ![0m[0m
[1;32;40mINFO - 2023-10-16 17:04:50,789 - [32mSemaExplorerCDFS[0m - [32mHey new addr ![0m[0m
[1;32;40mINFO - 2023-10-16 17:04:50,791 - [32mSemaExplorerCDFS[0m - [32mHey new addr ![0m[0m
[1;32;40mINFO - 2023-10-16 17:04:50,792 - [36mCustomSimProcedure[0m - [36mSyscall found:  InitializeCriticalSectionEx[<BV32 0x460208>, <BV32 0xfa0>, <BV32 0x0>][0m[0m
[1;32;40mINFO - 2023-10-16 17:04:50,793 - [32mSemaExplorerCDFS[0m - [32mHey new addr ![0m[0m
[1;32;40mINFO - 2023-10-16 17:04:50,794 - [32mSemaExplorerCDFS[0m - [32mHey new addr ![0m[0m
[1;32;40mINFO - 2023-10-16 17:04:50,797 - [32mSemaExplorerCDFS[0m - [32mlen(simgr.active) <= 0 or deadended >= self.max_end_state)[0m[0m
[1;32;40mINFO - 2023-10-16 17:04:50,798 - [37mGraphBuilder[0m - [37mOutput dir :output/runs//unknown[0m[0m
