[1;32;40mINFO - 2023-08-03 14:13:21,419 - [34mangr.project[0m - [34mLoading binary /app/src/databases/Gonnacry/gonnacry-64bit-c[0m[0m
[1;32;40mINFO - 2023-08-03 14:13:21,476 - [33mwerkzeug[0m - [33m172.17.0.1 - - [03/Aug/2023 14:13:21] "[36mGET /static/css/nyan.css HTTP/1.1[0m" 304 -[0m[0m
[1;32;40mINFO - 2023-08-03 14:13:21,492 - [33mwerkzeug[0m - [33m172.17.0.1 - - [03/Aug/2023 14:13:21] "[36mGET /static/js/nyan.js HTTP/1.1[0m" 304 -[0m[0m
[1;32;40mINFO - 2023-08-03 14:13:21,499 - [33mwerkzeug[0m - [33m172.17.0.1 - - [03/Aug/2023 14:13:21] "[36mGET /static/css/styles.css HTTP/1.1[0m" 304 -[0m[0m
[1;32;40mINFO - 2023-08-03 14:13:21,512 - [33mwerkzeug[0m - [33m172.17.0.1 - - [03/Aug/2023 14:13:21] "[36mGET /static/assets/demo/chart-area-demo.js HTTP/1.1[0m" 304 -[0m[0m
[1;32;40mINFO - 2023-08-03 14:13:21,519 - [33mwerkzeug[0m - [33m172.17.0.1 - - [03/Aug/2023 14:13:21] "[36mGET /static/js/scripts.js HTTP/1.1[0m" 304 -[0m[0m
[1;32;40mINFO - 2023-08-03 14:13:21,542 - [33mwerkzeug[0m - [33m172.17.0.1 - - [03/Aug/2023 14:13:21] "[36mGET /static/assets/demo/chart-bar-demo.js HTTP/1.1[0m" 304 -[0m[0m
[1;32;40mINFO - 2023-08-03 14:13:21,578 - [33mwerkzeug[0m - [33m172.17.0.1 - - [03/Aug/2023 14:13:21] "[36mGET /static/js/datatables-simple-demo.js HTTP/1.1[0m" 304 -[0m[0m
[1;32;40mINFO - 2023-08-03 14:13:21,594 - [33mwerkzeug[0m - [33m172.17.0.1 - - [03/Aug/2023 14:13:21] "GET /static/css/images/rainbow.png HTTP/1.1" 200 -[0m[0m
[1;32;40mINFO - 2023-08-03 14:13:21,599 - [33mwerkzeug[0m - [33m172.17.0.1 - - [03/Aug/2023 14:13:21] "[36mGET /static/css/images/nyanCat.png HTTP/1.1[0m" 304 -[0m[0m
[1;32;40mINFO - 2023-08-03 14:13:21,642 - [33mwerkzeug[0m - [33m172.17.0.1 - - [03/Aug/2023 14:13:21] "GET /iteration-scdg HTTP/1.1" 200 -[0m[0m
[1;32;40mINFO - 2023-08-03 14:13:21,647 - [33mwerkzeug[0m - [33m172.17.0.1 - - [03/Aug/2023 14:13:21] "GET /progress-scdg HTTP/1.1" 200 -[0m[0m
[1;32;40mINFO - 2023-08-03 14:13:51,644 - [33mwerkzeug[0m - [33m172.17.0.1 - - [03/Aug/2023 14:13:51] "GET /iteration-scdg HTTP/1.1" 200 -[0m[0m
[1;32;40mINFO - 2023-08-03 14:13:51,656 - [33mwerkzeug[0m - [33m172.17.0.1 - - [03/Aug/2023 14:13:51] "GET /progress-scdg HTTP/1.1" 200 -[0m[0m
[1;33;40mWARNING - 2023-08-03 14:14:16,569 - [36mcle.loader[0m - [36mThe main binary is a position-independent executable. It is being loaded with a base address of 0x400000.[0m[0m
[1;33;40mWARNING - 2023-08-03 14:14:16,677 - [34mangr.project[0m - [34mDisabling IRSB translation cache because support for self-modifying code is enabled.[0m[0m
[1;32;40mINFO - 2023-08-03 14:14:16,678 - [34mangr.project[0m - [34mThere are no simprocedures for missing library libcrypto.so.3 :([0m[0m
[1;32;40mINFO - 2023-08-03 14:14:16,678 - [34mangr.project[0m - [34mUsing builtin SimProcedure for __libc_start_main from libc.so.0[0m[0m
[1;32;40mINFO - 2023-08-03 14:14:16,678 - [34mangr.project[0m - [34mUsing builtin SimProcedure for printf from libc.so.0[0m[0m
[1;32;40mINFO - 2023-08-03 14:14:16,679 - [34mangr.project[0m - [34mUsing builtin SimProcedure for memset from libc.so.0[0m[0m
[1;32;40mINFO - 2023-08-03 14:14:16,679 - [34mangr.project[0m - [34mUsing builtin SimProcedure for close from libc.so.0[0m[0m
[1;32;40mINFO - 2023-08-03 14:14:16,679 - [34mangr.project[0m - [34mUsing builtin SimProcedure for puts from libc.so.0[0m[0m
[1;32;40mINFO - 2023-08-03 14:14:16,680 - [34mangr.project[0m - [34mUsing builtin SimProcedure for malloc from libc.so.0[0m[0m
[1;32;40mINFO - 2023-08-03 14:14:16,680 - [34mangr.project[0m - [34mUsing builtin SimProcedure for fopen from libc.so.0[0m[0m
[1;32;40mINFO - 2023-08-03 14:14:16,681 - [34mangr.project[0m - [34mUsing builtin SimProcedure for free from libc.so.0[0m[0m
[1;32;40mINFO - 2023-08-03 14:14:16,681 - [34mangr.project[0m - [34mUsing builtin SimProcedure for strlen from libc.so.0[0m[0m
[1;32;40mINFO - 2023-08-03 14:14:16,681 - [34mangr.project[0m - [34mUsing builtin SimProcedure for opendir from libc.so.0[0m[0m
[1;32;40mINFO - 2023-08-03 14:14:16,682 - [34mangr.project[0m - [34mUsing builtin SimProcedure for readdir from libc.so.0[0m[0m
[1;32;40mINFO - 2023-08-03 14:14:16,682 - [34mangr.project[0m - [34mUsing builtin SimProcedure for rewind from libc.so.0[0m[0m
[1;32;40mINFO - 2023-08-03 14:14:16,682 - [34mangr.project[0m - [34mUsing builtin SimProcedure for strcat from libc.so.0[0m[0m
[1;32;40mINFO - 2023-08-03 14:14:16,683 - [34mangr.project[0m - [34mUsing builtin SimProcedure for fread from libc.so.0[0m[0m
[1;32;40mINFO - 2023-08-03 14:14:16,683 - [34mangr.project[0m - [34mUsing builtin SimProcedure for __stack_chk_fail from libc.so.0[0m[0m
[1;32;40mINFO - 2023-08-03 14:14:16,683 - [34mangr.project[0m - [34mUsing builtin SimProcedure for strcmp from libc.so.0[0m[0m
[1;32;40mINFO - 2023-08-03 14:14:16,684 - [34mangr.project[0m - [34mUsing builtin SimProcedure for strcpy from libc.so.0[0m[0m
[1;32;40mINFO - 2023-08-03 14:14:16,685 - [34mangr.project[0m - [34mUsing builtin SimProcedure for getuid from libc.so.0[0m[0m
[1;32;40mINFO - 2023-08-03 14:14:16,685 - [34mangr.project[0m - [34mUsing builtin SimProcedure for fclose from libc.so.0[0m[0m
[1;32;40mINFO - 2023-08-03 14:14:16,685 - [34mangr.project[0m - [34mUsing builtin SimProcedure for closedir from libc.so.0[0m[0m
[1;32;40mINFO - 2023-08-03 14:14:16,685 - [34mangr.project[0m - [34mUsing builtin SimProcedure for fwrite from libc.so.0[0m[0m
[1;32;40mINFO - 2023-08-03 14:14:16,686 - [34mangr.project[0m - [34mUsing builtin SimProcedure for rand from libc.so.0[0m[0m
[1;32;40mINFO - 2023-08-03 14:14:16,686 - [34mangr.project[0m - [34mUsing builtin SimProcedure for write from libc.so.0[0m[0m
[1;32;40mINFO - 2023-08-03 14:14:16,686 - [34mangr.project[0m - [34mUsing builtin SimProcedure for unresolved stat from libc.so.0[0m[0m
[1;32;40mINFO - 2023-08-03 14:14:16,687 - [34mangr.project[0m - [34mUsing builtin SimProcedure for open from libc.so.0[0m[0m
[1;32;40mINFO - 2023-08-03 14:14:16,688 - [34mangr.project[0m - [34mThere are no simprocedures for missing library libcrypto.so.3 :([0m[0m
[1;32;40mINFO - 2023-08-03 14:14:16,691 - [34mangr.project[0m - [34mUsing builtin SimProcedure for strcasecmp from libc.so.0[0m[0m
[1;32;40mINFO - 2023-08-03 14:14:16,691 - [34mangr.project[0m - [34mUsing builtin SimProcedure for fileno from libc.so.0[0m[0m
[1;32;40mINFO - 2023-08-03 14:14:16,692 - [34mangr.project[0m - [34mUsing builtin SimProcedure for ftell from libc.so.0[0m[0m
[1;32;40mINFO - 2023-08-03 14:14:16,692 - [34mangr.project[0m - [34mUsing builtin SimProcedure for abort from libc.so.0[0m[0m
[1;32;40mINFO - 2023-08-03 14:14:16,692 - [34mangr.project[0m - [34mUsing builtin SimProcedure for stpcpy from libc.so.0[0m[0m
[1;32;40mINFO - 2023-08-03 14:14:16,693 - [34mangr.project[0m - [34mUsing builtin SimProcedure for clock_gettime from libc.so.0[0m[0m
[1;32;40mINFO - 2023-08-03 14:14:16,693 - [34mangr.project[0m - [34mUsing builtin SimProcedure for gethostbyname from libc.so.0[0m[0m
[1;32;40mINFO - 2023-08-03 14:14:16,693 - [34mangr.project[0m - [34mUsing builtin SimProcedure for fseek from libc.so.0[0m[0m
[1;32;40mINFO - 2023-08-03 14:14:16,693 - [34mangr.project[0m - [34mUsing builtin SimProcedure for __isoc99_sscanf from libc.so.0[0m[0m
[1;32;40mINFO - 2023-08-03 14:14:16,694 - [34mangr.project[0m - [34mUsing builtin SimProcedure for select from libc.so.0[0m[0m
[1;32;40mINFO - 2023-08-03 14:14:16,694 - [34mangr.project[0m - [34mUsing builtin SimProcedure for openlog from libc.so.0[0m[0m
[1;32;40mINFO - 2023-08-03 14:14:16,694 - [34mangr.project[0m - [34mUsing builtin SimProcedure for gettimeofday from libc.so.0[0m[0m
[1;32;40mINFO - 2023-08-03 14:14:16,695 - [34mangr.project[0m - [34mUsing builtin SimProcedure for read from libc.so.0[0m[0m
[1;32;40mINFO - 2023-08-03 14:14:16,695 - [34mangr.project[0m - [34mUsing builtin SimProcedure for strncmp from libc.so.0[0m[0m
[1;32;40mINFO - 2023-08-03 14:14:16,695 - [34mangr.project[0m - [34mUsing builtin SimProcedure for setsockopt from libc.so.0[0m[0m
[1;32;40mINFO - 2023-08-03 14:14:16,696 - [34mangr.project[0m - [34mUsing builtin SimProcedure for fgets from libc.so.0[0m[0m
[1;32;40mINFO - 2023-08-03 14:14:16,696 - [34mangr.project[0m - [34mUsing builtin SimProcedure for closelog from libc.so.0[0m[0m
[1;32;40mINFO - 2023-08-03 14:14:16,696 - [34mangr.project[0m - [34mUsing builtin SimProcedure for fputc from libc.so.0[0m[0m
[1;32;40mINFO - 2023-08-03 14:14:16,697 - [34mangr.project[0m - [34mUsing builtin SimProcedure for listen from libc.so.0[0m[0m
[1;32;40mINFO - 2023-08-03 14:14:16,697 - [34mangr.project[0m - [34mUsing builtin SimProcedure for __ctype_b_loc from libc.so.0[0m[0m
[1;32;40mINFO - 2023-08-03 14:14:16,697 - [34mangr.project[0m - [34mUsing builtin SimProcedure for fdopen from libc.so.0[0m[0m
[1;32;40mINFO - 2023-08-03 14:14:16,697 - [34mangr.project[0m - [34mUsing builtin SimProcedure for strstr from libc.so.0[0m[0m
[1;32;40mINFO - 2023-08-03 14:14:16,698 - [34mangr.project[0m - [34mUsing builtin SimProcedure for getsockopt from libc.so.0[0m[0m
[1;32;40mINFO - 2023-08-03 14:14:16,698 - [34mangr.project[0m - [34mUsing builtin SimProcedure for fputs from libc.so.0[0m[0m
[1;32;40mINFO - 2023-08-03 14:14:16,698 - [34mangr.project[0m - [34mUsing builtin SimProcedure for strtol from libc.so.0[0m[0m
[1;32;40mINFO - 2023-08-03 14:14:16,699 - [34mangr.project[0m - [34mUsing builtin SimProcedure for setbuf from libc.so.0[0m[0m
[1;32;40mINFO - 2023-08-03 14:14:16,699 - [34mangr.project[0m - [34mUsing builtin SimProcedure for memmove from libc.so.0[0m[0m
[1;32;40mINFO - 2023-08-03 14:14:16,699 - [34mangr.project[0m - [34mUsing builtin SimProcedure for strchr from libc.so.0[0m[0m
[1;32;40mINFO - 2023-08-03 14:14:16,700 - [34mangr.project[0m - [34mUsing builtin SimProcedure for socket from libc.so.0[0m[0m
[1;32;40mINFO - 2023-08-03 14:14:16,700 - [34mangr.project[0m - [34mUsing builtin SimProcedure for getenv from libc.so.0[0m[0m
[1;32;40mINFO - 2023-08-03 14:14:16,700 - [34mangr.project[0m - [34mUsing builtin SimProcedure for strdup from libc.so.0[0m[0m
[1;32;40mINFO - 2023-08-03 14:14:16,700 - [34mangr.project[0m - [34mUsing builtin SimProcedure for memcmp from libc.so.0[0m[0m
[1;32;40mINFO - 2023-08-03 14:14:16,701 - [34mangr.project[0m - [34mUsing builtin SimProcedure for calloc from libc.so.0[0m[0m
[1;32;40mINFO - 2023-08-03 14:14:16,701 - [34mangr.project[0m - [34mUsing builtin SimProcedure for feof from libc.so.0[0m[0m
[1;32;40mINFO - 2023-08-03 14:14:16,701 - [34mangr.project[0m - [34mUsing builtin SimProcedure for strncpy from libc.so.0[0m[0m
[1;32;40mINFO - 2023-08-03 14:14:16,702 - [34mangr.project[0m - [34mUsing builtin SimProcedure for bind from libc.so.0[0m[0m
[1;32;40mINFO - 2023-08-03 14:14:16,702 - [34mangr.project[0m - [34mUsing builtin SimProcedure for realloc from libc.so.0[0m[0m
[1;32;40mINFO - 2023-08-03 14:14:16,702 - [34mangr.project[0m - [34mUsing builtin SimProcedure for perror from libc.so.0[0m[0m
[1;32;40mINFO - 2023-08-03 14:14:16,703 - [34mangr.project[0m - [34mUsing builtin SimProcedure for accept from libc.so.0[0m[0m
[1;32;40mINFO - 2023-08-03 14:14:16,703 - [34mangr.project[0m - [34mUsing builtin SimProcedure for strtoul from libc.so.0[0m[0m
[1;32;40mINFO - 2023-08-03 14:14:16,703 - [34mangr.project[0m - [34mUsing builtin SimProcedure for unresolved memcpy from libc.so.0[0m[0m
[1;32;40mINFO - 2023-08-03 14:14:16,704 - [34mangr.project[0m - [34mUsing builtin SimProcedure for mmap from libc.so.0[0m[0m
[1;32;40mINFO - 2023-08-03 14:14:16,704 - [34mangr.project[0m - [34mUsing builtin SimProcedure for time from libc.so.0[0m[0m
[1;32;40mINFO - 2023-08-03 14:14:16,704 - [34mangr.project[0m - [34mUsing builtin SimProcedure for fflush from libc.so.0[0m[0m
[1;32;40mINFO - 2023-08-03 14:14:16,705 - [34mangr.project[0m - [34mThere are no simprocedures for missing library libcrypto.so.3 :([0m[0m
[1;32;40mINFO - 2023-08-03 14:14:16,705 - [34mangr.project[0m - [34mUsing builtin SimProcedure for __tls_get_addr from ld.so[0m[0m
[1;32;40mINFO - 2023-08-03 14:14:16,705 - [34mangr.project[0m - [34mThere are no simprocedures for missing library libcrypto.so.3 :([0m[0m
[1;32;40mINFO - 2023-08-03 14:14:16,705 - [34mangr.project[0m - [34mThere are no simprocedures for missing library libcrypto.so.3 :([0m[0m
[1;32;40mINFO - 2023-08-03 14:14:16,705 - [34mangr.project[0m - [34mUsing builtin SimProcedure for unlink from libc.so.0[0m[0m
[1;32;40mINFO - 2023-08-03 14:14:16,706 - [34mangr.project[0m - [34mUsing builtin SimProcedure for __assert_fail from libc.so.0[0m[0m
[1;32;40mINFO - 2023-08-03 14:14:16,706 - [34mangr.project[0m - [34mUsing builtin SimProcedure for __getdelim from libc.so.0[0m[0m
[1;32;40mINFO - 2023-08-03 14:14:16,707 - [34mangr.project[0m - [34mUsing builtin SimProcedure for _dl_get_tls_static_info from ld.so[0m[0m
[1;32;40mINFO - 2023-08-03 14:14:16,707 - [34mangr.project[0m - [34mUsing builtin SimProcedure for sprintf from libc.so.0[0m[0m
[1;32;40mINFO - 2023-08-03 14:14:16,707 - [34mangr.project[0m - [34mUsing builtin SimProcedure for exit from libc.so.0[0m[0m
[1;32;40mINFO - 2023-08-03 14:14:16,707 - [34mangr.project[0m - [34mThere are no simprocedures for missing library libcrypto.so.3 :([0m[0m
[1;32;40mINFO - 2023-08-03 14:14:16,708 - [34mangr.project[0m - [34mThere are no simprocedures for missing library libcrypto.so.3 :([0m[0m
[1;32;40mINFO - 2023-08-03 14:14:16,723 - [35mangr.sim_manager[0m - [35mStepping active of <SimulationManager with 1 active>[0m[0m
[1;33;40mWARNING - 2023-08-03 14:14:16,724 - [33mangr.engines.vex.lifter[0m - [33mSelf-modifying code is not always correctly optimized by PyVEX. To guarantee correctness, VEX optimizations have been disabled.[0m[0m
[1;32;40mINFO - 2023-08-03 14:14:16,735 - [37mangr.engines.engine[0m - [37mTicked state: <IRSB from 0x89f7e0: 1 sat>[0m[0m
[1;32;40mINFO - 2023-08-03 14:14:16,735 - [35mangr.sim_manager[0m - [35mStepping active of <SimulationManager with 1 active>[0m[0m
[1;32;40mINFO - 2023-08-03 14:14:16,736 - [31mangr.procedures.stubs.CallReturn[0m - [31mA factory.call_state-created path returned![0m[0m
[1;32;40mINFO - 2023-08-03 14:14:16,736 - [37mangr.engines.engine[0m - [37mTicked state: <SimProcedure CallReturn from 0x1b01038: empty>[0m[0m
[1;32;40mINFO - 2023-08-03 14:14:16,743 - [35mangr.sim_manager[0m - [35mStepping active of <SimulationManager with 1 active>[0m[0m
[1;32;40mINFO - 2023-08-03 14:14:16,760 - [37mangr.engines.engine[0m - [37mTicked state: <IRSB from 0x8a1c50: 1 sat>[0m[0m
[1;32;40mINFO - 2023-08-03 14:14:16,760 - [35mangr.sim_manager[0m - [35mStepping active of <SimulationManager with 1 active>[0m[0m
[1;32;40mINFO - 2023-08-03 14:14:16,762 - [31mangr.procedures.stubs.CallReturn[0m - [31mA factory.call_state-created path returned![0m[0m
[1;32;40mINFO - 2023-08-03 14:14:16,762 - [37mangr.engines.engine[0m - [37mTicked state: <SimProcedure CallReturn from 0x1b01038: empty>[0m[0m
[1;32;40mINFO - 2023-08-03 14:14:16,776 - [35mangr.sim_manager[0m - [35mStepping active of <SimulationManager with 1 active>[0m[0m
[1;32;40mINFO - 2023-08-03 14:14:16,789 - [37mangr.engines.engine[0m - [37mTicked state: <IRSB from 0x8bcce0: 1 sat>[0m[0m
[1;32;40mINFO - 2023-08-03 14:14:16,789 - [35mangr.sim_manager[0m - [35mStepping active of <SimulationManager with 1 active>[0m[0m
[1;32;40mINFO - 2023-08-03 14:14:16,790 - [31mangr.procedures.stubs.CallReturn[0m - [31mA factory.call_state-created path returned![0m[0m
[1;32;40mINFO - 2023-08-03 14:14:16,790 - [37mangr.engines.engine[0m - [37mTicked state: <SimProcedure CallReturn from 0x1b01038: empty>[0m[0m
[1;32;40mINFO - 2023-08-03 14:14:16,802 - [35mangr.sim_manager[0m - [35mStepping active of <SimulationManager with 1 active>[0m[0m
[1;32;40mINFO - 2023-08-03 14:14:16,819 - [37mangr.engines.engine[0m - [37mTicked state: <IRSB from 0x8bc820: 1 sat>[0m[0m
[1;32;40mINFO - 2023-08-03 14:14:16,820 - [35mangr.sim_manager[0m - [35mStepping active of <SimulationManager with 1 active>[0m[0m
[1;32;40mINFO - 2023-08-03 14:14:16,821 - [31mangr.procedures.stubs.CallReturn[0m - [31mA factory.call_state-created path returned![0m[0m
[1;32;40mINFO - 2023-08-03 14:14:16,821 - [37mangr.engines.engine[0m - [37mTicked state: <SimProcedure CallReturn from 0x1b01038: empty>[0m[0m
[1;32;40mINFO - 2023-08-03 14:14:16,833 - [35mangr.sim_manager[0m - [35mStepping active of <SimulationManager with 1 active>[0m[0m
[1;32;40mINFO - 2023-08-03 14:14:16,841 - [37mangr.engines.engine[0m - [37mTicked state: <IRSB from 0x8a05e0: 1 sat 1 unsat>[0m[0m
[1;32;40mINFO - 2023-08-03 14:14:16,841 - [35mangr.sim_manager[0m - [35mStepping active of <SimulationManager with 1 active>[0m[0m
[1;32;40mINFO - 2023-08-03 14:14:16,849 - [37mangr.engines.engine[0m - [37mTicked state: <IRSB from 0x8a05fd: 1 sat 1 unsat>[0m[0m
[1;32;40mINFO - 2023-08-03 14:14:16,849 - [35mangr.sim_manager[0m - [35mStepping active of <SimulationManager with 1 active>[0m[0m
[1;32;40mINFO - 2023-08-03 14:14:16,856 - [37mangr.engines.engine[0m - [37mTicked state: <IRSB from 0x8a0614: 1 sat 1 unsat>[0m[0m
[1;32;40mINFO - 2023-08-03 14:14:16,856 - [35mangr.sim_manager[0m - [35mStepping active of <SimulationManager with 1 active>[0m[0m
[1;32;40mINFO - 2023-08-03 14:14:16,863 - [37mangr.engines.engine[0m - [37mTicked state: <IRSB from 0x8a0630: 1 sat 1 unsat>[0m[0m
[1;32;40mINFO - 2023-08-03 14:14:16,863 - [35mangr.sim_manager[0m - [35mStepping active of <SimulationManager with 1 active>[0m[0m
[1;32;40mINFO - 2023-08-03 14:14:16,872 - [37mangr.engines.engine[0m - [37mTicked state: <IRSB from 0x8a0680: 1 sat>[0m[0m
[1;32;40mINFO - 2023-08-03 14:14:16,872 - [35mangr.sim_manager[0m - [35mStepping active of <SimulationManager with 1 active>[0m[0m
[1;32;40mINFO - 2023-08-03 14:14:16,873 - [31mangr.procedures.stubs.CallReturn[0m - [31mA factory.call_state-created path returned![0m[0m
[1;32;40mINFO - 2023-08-03 14:14:16,874 - [37mangr.engines.engine[0m - [37mTicked state: <SimProcedure CallReturn from 0x1b01038: empty>[0m[0m
[1;32;40mINFO - 2023-08-03 14:14:16,885 - [35mangr.sim_manager[0m - [35mStepping active of <SimulationManager with 1 active>[0m[0m
[1;32;40mINFO - 2023-08-03 14:14:16,895 - [37mangr.engines.engine[0m - [37mTicked state: <IRSB from 0x8bc7e0: 1 sat>[0m[0m
[1;32;40mINFO - 2023-08-03 14:14:16,896 - [35mangr.sim_manager[0m - [35mStepping active of <SimulationManager with 1 active>[0m[0m
[1;32;40mINFO - 2023-08-03 14:14:16,897 - [31mangr.procedures.stubs.CallReturn[0m - [31mA factory.call_state-created path returned![0m[0m
[1;32;40mINFO - 2023-08-03 14:14:16,897 - [37mangr.engines.engine[0m - [37mTicked state: <SimProcedure CallReturn from 0x1b01038: empty>[0m[0m
[1;32;40mINFO - 2023-08-03 14:14:16,909 - [35mangr.sim_manager[0m - [35mStepping active of <SimulationManager with 1 active>[0m[0m
[1;32;40mINFO - 2023-08-03 14:14:16,927 - [37mangr.engines.engine[0m - [37mTicked state: <IRSB from 0x89f670: 1 sat>[0m[0m
[1;32;40mINFO - 2023-08-03 14:14:16,927 - [35mangr.sim_manager[0m - [35mStepping active of <SimulationManager with 1 active>[0m[0m
[1;32;40mINFO - 2023-08-03 14:14:16,928 - [31mangr.procedures.stubs.CallReturn[0m - [31mA factory.call_state-created path returned![0m[0m
[1;32;40mINFO - 2023-08-03 14:14:16,929 - [37mangr.engines.engine[0m - [37mTicked state: <SimProcedure CallReturn from 0x1b01038: empty>[0m[0m
[1;32;40mINFO - 2023-08-03 14:14:16,937 - [35mangr.sim_manager[0m - [35mStepping active of <SimulationManager with 1 active>[0m[0m
[1;32;40mINFO - 2023-08-03 14:14:16,950 - [37mangr.engines.engine[0m - [37mTicked state: <IRSB from 0x89f230: 1 sat>[0m[0m
[1;32;40mINFO - 2023-08-03 14:14:16,950 - [35mangr.sim_manager[0m - [35mStepping active of <SimulationManager with 1 active>[0m[0m
[1;32;40mINFO - 2023-08-03 14:14:16,952 - [31mangr.procedures.stubs.CallReturn[0m - [31mA factory.call_state-created path returned![0m[0m
[1;32;40mINFO - 2023-08-03 14:14:16,952 - [37mangr.engines.engine[0m - [37mTicked state: <SimProcedure CallReturn from 0x1b01038: empty>[0m[0m
[1;32;40mINFO - 2023-08-03 14:14:16,967 - [35mangr.sim_manager[0m - [35mStepping active of <SimulationManager with 1 active>[0m[0m
[1;32;40mINFO - 2023-08-03 14:14:16,980 - [37mangr.engines.engine[0m - [37mTicked state: <IRSB from 0x8a0800: 1 sat 1 unsat>[0m[0m
[1;32;40mINFO - 2023-08-03 14:14:16,981 - [35mangr.sim_manager[0m - [35mStepping active of <SimulationManager with 1 active>[0m[0m
[1;32;40mINFO - 2023-08-03 14:14:16,986 - [37mangr.engines.engine[0m - [37mTicked state: <IRSB from 0x8a081b: 1 sat 1 unsat>[0m[0m
[1;32;40mINFO - 2023-08-03 14:14:16,986 - [35mangr.sim_manager[0m - [35mStepping active of <SimulationManager with 1 active>[0m[0m
[1;32;40mINFO - 2023-08-03 14:14:16,991 - [37mangr.engines.engine[0m - [37mTicked state: <IRSB from 0x8a0836: 1 sat>[0m[0m
[1;32;40mINFO - 2023-08-03 14:14:16,991 - [35mangr.sim_manager[0m - [35mStepping active of <SimulationManager with 1 active>[0m[0m
[1;32;40mINFO - 2023-08-03 14:14:16,993 - [31mangr.procedures.stubs.CallReturn[0m - [31mA factory.call_state-created path returned![0m[0m
[1;32;40mINFO - 2023-08-03 14:14:16,993 - [37mangr.engines.engine[0m - [37mTicked state: <SimProcedure CallReturn from 0x1b01038: empty>[0m[0m
[1;32;40mINFO - 2023-08-03 14:14:17,003 - [35mangr.sim_manager[0m - [35mStepping active of <SimulationManager with 1 active>[0m[0m
[1;32;40mINFO - 2023-08-03 14:14:17,020 - [37mangr.engines.engine[0m - [37mTicked state: <IRSB from 0x8bcce0: 1 sat>[0m[0m
[1;32;40mINFO - 2023-08-03 14:14:17,021 - [35mangr.sim_manager[0m - [35mStepping active of <SimulationManager with 1 active>[0m[0m
[1;32;40mINFO - 2023-08-03 14:14:17,022 - [31mangr.procedures.stubs.CallReturn[0m - [31mA factory.call_state-created path returned![0m[0m
[1;32;40mINFO - 2023-08-03 14:14:17,022 - [37mangr.engines.engine[0m - [37mTicked state: <SimProcedure CallReturn from 0x1b01038: empty>[0m[0m
[1;32;40mINFO - 2023-08-03 14:14:17,034 - [35mangr.sim_manager[0m - [35mStepping active of <SimulationManager with 1 active>[0m[0m
[1;32;40mINFO - 2023-08-03 14:14:17,042 - [37mangr.engines.engine[0m - [37mTicked state: <IRSB from 0x8a0950: 1 sat 1 unsat>[0m[0m
[1;32;40mINFO - 2023-08-03 14:14:17,043 - [35mangr.sim_manager[0m - [35mStepping active of <SimulationManager with 1 active>[0m[0m
[1;32;40mINFO - 2023-08-03 14:14:17,051 - [37mangr.engines.engine[0m - [37mTicked state: <IRSB from 0x8a096d: 1 sat 1 unsat>[0m[0m
[1;32;40mINFO - 2023-08-03 14:14:17,052 - [35mangr.sim_manager[0m - [35mStepping active of <SimulationManager with 1 active>[0m[0m
[1;32;40mINFO - 2023-08-03 14:14:17,058 - [37mangr.engines.engine[0m - [37mTicked state: <IRSB from 0x8a0984: 1 sat 1 unsat>[0m[0m
[1;32;40mINFO - 2023-08-03 14:14:17,058 - [35mangr.sim_manager[0m - [35mStepping active of <SimulationManager with 1 active>[0m[0m
[1;32;40mINFO - 2023-08-03 14:14:17,065 - [37mangr.engines.engine[0m - [37mTicked state: <IRSB from 0x8a09a0: 1 sat 1 unsat>[0m[0m
[1;32;40mINFO - 2023-08-03 14:14:17,066 - [35mangr.sim_manager[0m - [35mStepping active of <SimulationManager with 1 active>[0m[0m
[1;32;40mINFO - 2023-08-03 14:14:17,077 - [37mangr.engines.engine[0m - [37mTicked state: <IRSB from 0x8a09f0: 1 sat>[0m[0m
[1;32;40mINFO - 2023-08-03 14:14:17,077 - [35mangr.sim_manager[0m - [35mStepping active of <SimulationManager with 1 active>[0m[0m
[1;32;40mINFO - 2023-08-03 14:14:17,079 - [31mangr.procedures.stubs.CallReturn[0m - [31mA factory.call_state-created path returned![0m[0m
[1;32;40mINFO - 2023-08-03 14:14:17,079 - [37mangr.engines.engine[0m - [37mTicked state: <SimProcedure CallReturn from 0x1b01038: empty>[0m[0m
[1;32;40mINFO - 2023-08-03 14:14:17,087 - [35mangr.sim_manager[0m - [35mStepping active of <SimulationManager with 1 active>[0m[0m
[1;32;40mINFO - 2023-08-03 14:14:17,098 - [37mangr.engines.engine[0m - [37mTicked state: <IRSB from 0x8bdf50: 1 sat 1 unsat>[0m[0m
[1;32;40mINFO - 2023-08-03 14:14:17,098 - [35mangr.sim_manager[0m - [35mStepping active of <SimulationManager with 1 active>[0m[0m
[1;32;40mINFO - 2023-08-03 14:14:17,107 - [37mangr.engines.engine[0m - [37mTicked state: <IRSB from 0x8bdf82: 1 sat>[0m[0m
[1;32;40mINFO - 2023-08-03 14:14:17,107 - [35mangr.sim_manager[0m - [35mStepping active of <SimulationManager with 1 active>[0m[0m
[1;32;40mINFO - 2023-08-03 14:14:17,109 - [31mangr.procedures.stubs.CallReturn[0m - [31mA factory.call_state-created path returned![0m[0m
[1;32;40mINFO - 2023-08-03 14:14:17,109 - [37mangr.engines.engine[0m - [37mTicked state: <SimProcedure CallReturn from 0x1b01038: empty>[0m[0m
[1;32;40mINFO - 2023-08-03 14:14:17,121 - [35mangr.sim_manager[0m - [35mStepping active of <SimulationManager with 1 active>[0m[0m
[1;32;40mINFO - 2023-08-03 14:14:17,135 - [37mangr.engines.engine[0m - [37mTicked state: <IRSB from 0x8bcdb0: 1 sat 1 unsat>[0m[0m
[1;32;40mINFO - 2023-08-03 14:14:17,136 - [35mangr.sim_manager[0m - [35mStepping active of <SimulationManager with 1 active>[0m[0m
[1;32;40mINFO - 2023-08-03 14:14:17,138 - [37mangr.engines.engine[0m - [37mTicked state: <IRSB from 0x8bce08: 1 sat>[0m[0m
[1;32;40mINFO - 2023-08-03 14:14:17,138 - [35mangr.sim_manager[0m - [35mStepping active of <SimulationManager with 1 active>[0m[0m
[1;32;40mINFO - 2023-08-03 14:14:17,139 - [31mangr.procedures.stubs.CallReturn[0m - [31mA factory.call_state-created path returned![0m[0m
[1;32;40mINFO - 2023-08-03 14:14:17,140 - [37mangr.engines.engine[0m - [37mTicked state: <SimProcedure CallReturn from 0x1b01038: empty>[0m[0m
[1;32;40mINFO - 2023-08-03 14:14:17,150 - [35mangr.sim_manager[0m - [35mStepping active of <SimulationManager with 1 active>[0m[0m
[1;32;40mINFO - 2023-08-03 14:14:17,167 - [37mangr.engines.engine[0m - [37mTicked state: <IRSB from 0x8bcdb0: 1 sat 1 unsat>[0m[0m
[1;32;40mINFO - 2023-08-03 14:14:17,167 - [35mangr.sim_manager[0m - [35mStepping active of <SimulationManager with 1 active>[0m[0m
[1;32;40mINFO - 2023-08-03 14:14:17,174 - [37mangr.engines.engine[0m - [37mTicked state: <IRSB from 0x8bce08: 1 sat>[0m[0m
[1;32;40mINFO - 2023-08-03 14:14:17,174 - [35mangr.sim_manager[0m - [35mStepping active of <SimulationManager with 1 active>[0m[0m
[1;32;40mINFO - 2023-08-03 14:14:17,175 - [31mangr.procedures.stubs.CallReturn[0m - [31mA factory.call_state-created path returned![0m[0m
[1;32;40mINFO - 2023-08-03 14:14:17,175 - [37mangr.engines.engine[0m - [37mTicked state: <SimProcedure CallReturn from 0x1b01038: empty>[0m[0m
[1;32;40mINFO - 2023-08-03 14:14:17,184 - [35mangr.sim_manager[0m - [35mStepping active of <SimulationManager with 1 active>[0m[0m
[1;32;40mINFO - 2023-08-03 14:14:17,194 - [37mangr.engines.engine[0m - [37mTicked state: <IRSB from 0x8bc860: 1 sat>[0m[0m
[1;32;40mINFO - 2023-08-03 14:14:17,194 - [35mangr.sim_manager[0m - [35mStepping active of <SimulationManager with 1 active>[0m[0m
[1;32;40mINFO - 2023-08-03 14:14:17,196 - [31mangr.procedures.stubs.CallReturn[0m - [31mA factory.call_state-created path returned![0m[0m
[1;32;40mINFO - 2023-08-03 14:14:17,196 - [37mangr.engines.engine[0m - [37mTicked state: <SimProcedure CallReturn from 0x1b01038: empty>[0m[0m
[1;32;40mINFO - 2023-08-03 14:14:17,208 - [35mangr.sim_manager[0m - [35mStepping active of <SimulationManager with 1 active>[0m[0m
[1;32;40mINFO - 2023-08-03 14:14:17,220 - [37mangr.engines.engine[0m - [37mTicked state: <IRSB from 0x89f820: 1 sat>[0m[0m
[1;32;40mINFO - 2023-08-03 14:14:17,221 - [35mangr.sim_manager[0m - [35mStepping active of <SimulationManager with 1 active>[0m[0m
[1;32;40mINFO - 2023-08-03 14:14:17,222 - [31mangr.procedures.stubs.CallReturn[0m - [31mA factory.call_state-created path returned![0m[0m
[1;32;40mINFO - 2023-08-03 14:14:17,222 - [37mangr.engines.engine[0m - [37mTicked state: <SimProcedure CallReturn from 0x1b01038: empty>[0m[0m
[1;32;40mINFO - 2023-08-03 14:14:17,232 - [35mangr.sim_manager[0m - [35mStepping active of <SimulationManager with 1 active>[0m[0m
[1;32;40mINFO - 2023-08-03 14:14:17,242 - [37mangr.engines.engine[0m - [37mTicked state: <IRSB from 0x8a8bb0: 1 sat>[0m[0m
[1;32;40mINFO - 2023-08-03 14:14:17,242 - [35mangr.sim_manager[0m - [35mStepping active of <SimulationManager with 1 active>[0m[0m
[1;32;40mINFO - 2023-08-03 14:14:17,243 - [31mangr.procedures.stubs.CallReturn[0m - [31mA factory.call_state-created path returned![0m[0m
[1;32;40mINFO - 2023-08-03 14:14:17,243 - [37mangr.engines.engine[0m - [37mTicked state: <SimProcedure CallReturn from 0x1b01038: empty>[0m[0m
[1;32;40mINFO - 2023-08-03 14:14:17,415 - [35mangr.sim_manager[0m - [35mStepping active of <SimulationManager with 1 active>[0m[0m
[1;32;40mINFO - 2023-08-03 14:14:17,424 - [37mangr.engines.engine[0m - [37mTicked state: <IRSB from 0x8a0850: 1 sat 1 unsat>[0m[0m
[1;32;40mINFO - 2023-08-03 14:14:17,425 - [35mangr.sim_manager[0m - [35mStepping active of <SimulationManager with 1 active>[0m[0m
[1;32;40mINFO - 2023-08-03 14:14:17,432 - [37mangr.engines.engine[0m - [37mTicked state: <IRSB from 0x8a086b: 1 sat 1 unsat>[0m[0m
[1;32;40mINFO - 2023-08-03 14:14:17,432 - [35mangr.sim_manager[0m - [35mStepping active of <SimulationManager with 1 active>[0m[0m
[1;32;40mINFO - 2023-08-03 14:14:17,440 - [37mangr.engines.engine[0m - [37mTicked state: <IRSB from 0x8a0886: 1 sat>[0m[0m
[1;32;40mINFO - 2023-08-03 14:14:17,440 - [35mangr.sim_manager[0m - [35mStepping active of <SimulationManager with 1 active>[0m[0m
[1;32;40mINFO - 2023-08-03 14:14:17,442 - [31mangr.procedures.stubs.CallReturn[0m - [31mA factory.call_state-created path returned![0m[0m
[1;32;40mINFO - 2023-08-03 14:14:17,442 - [37mangr.engines.engine[0m - [37mTicked state: <SimProcedure CallReturn from 0x1b01038: empty>[0m[0m
[1;32;40mINFO - 2023-08-03 14:14:17,454 - [35mangr.sim_manager[0m - [35mStepping active of <SimulationManager with 1 active>[0m[0m
[1;32;40mINFO - 2023-08-03 14:14:17,467 - [37mangr.engines.engine[0m - [37mTicked state: <IRSB from 0x8a03d0: 1 sat>[0m[0m
[1;32;40mINFO - 2023-08-03 14:14:17,467 - [35mangr.sim_manager[0m - [35mStepping active of <SimulationManager with 1 active>[0m[0m
[1;32;40mINFO - 2023-08-03 14:14:17,468 - [31mangr.procedures.stubs.CallReturn[0m - [31mA factory.call_state-created path returned![0m[0m
[1;32;40mINFO - 2023-08-03 14:14:17,468 - [37mangr.engines.engine[0m - [37mTicked state: <SimProcedure CallReturn from 0x1b01038: empty>[0m[0m
[1;32;40mINFO - 2023-08-03 14:14:17,481 - [35mangr.sim_manager[0m - [35mStepping active of <SimulationManager with 1 active>[0m[0m
[1;32;40mINFO - 2023-08-03 14:14:17,498 - [37mangr.engines.engine[0m - [37mTicked state: <IRSB from 0x8bc930: 1 sat>[0m[0m
[1;32;40mINFO - 2023-08-03 14:14:17,499 - [35mangr.sim_manager[0m - [35mStepping active of <SimulationManager with 1 active>[0m[0m
[1;32;40mINFO - 2023-08-03 14:14:17,500 - [31mangr.procedures.stubs.CallReturn[0m - [31mA factory.call_state-created path returned![0m[0m
[1;32;40mINFO - 2023-08-03 14:14:17,500 - [37mangr.engines.engine[0m - [37mTicked state: <SimProcedure CallReturn from 0x1b01038: empty>[0m[0m
[1;32;40mINFO - 2023-08-03 14:14:17,509 - [35mangr.sim_manager[0m - [35mStepping active of <SimulationManager with 1 active>[0m[0m
[1;32;40mINFO - 2023-08-03 14:14:17,524 - [37mangr.engines.engine[0m - [37mTicked state: <IRSB from 0x89fae0: 1 sat>[0m[0m
[1;32;40mINFO - 2023-08-03 14:14:17,524 - [35mangr.sim_manager[0m - [35mStepping active of <SimulationManager with 1 active>[0m[0m
[1;32;40mINFO - 2023-08-03 14:14:17,526 - [31mangr.procedures.stubs.CallReturn[0m - [31mA factory.call_state-created path returned![0m[0m
[1;32;40mINFO - 2023-08-03 14:14:17,526 - [37mangr.engines.engine[0m - [37mTicked state: <SimProcedure CallReturn from 0x1b01038: empty>[0m[0m
[1;32;40mINFO - 2023-08-03 14:14:17,538 - [35mangr.sim_manager[0m - [35mStepping active of <SimulationManager with 1 active>[0m[0m
[1;32;40mINFO - 2023-08-03 14:14:17,550 - [37mangr.engines.engine[0m - [37mTicked state: <IRSB from 0x8a0750: 1 sat 1 unsat>[0m[0m
[1;32;40mINFO - 2023-08-03 14:14:17,550 - [35mangr.sim_manager[0m - [35mStepping active of <SimulationManager with 1 active>[0m[0m
[1;32;40mINFO - 2023-08-03 14:14:17,555 - [37mangr.engines.engine[0m - [37mTicked state: <IRSB from 0x8a0782: 1 sat 1 unsat>[0m[0m
[1;32;40mINFO - 2023-08-03 14:14:17,555 - [35mangr.sim_manager[0m - [35mStepping active of <SimulationManager with 1 active>[0m[0m
[1;32;40mINFO - 2023-08-03 14:14:17,560 - [37mangr.engines.engine[0m - [37mTicked state: <IRSB from 0x8a0792: 1 sat>[0m[0m
[1;32;40mINFO - 2023-08-03 14:14:17,560 - [35mangr.sim_manager[0m - [35mStepping active of <SimulationManager with 1 active>[0m[0m
[1;32;40mINFO - 2023-08-03 14:14:17,561 - [31mangr.procedures.stubs.CallReturn[0m - [31mA factory.call_state-created path returned![0m[0m
[1;32;40mINFO - 2023-08-03 14:14:17,561 - [37mangr.engines.engine[0m - [37mTicked state: <SimProcedure CallReturn from 0x1b01038: empty>[0m[0m
[1;32;40mINFO - 2023-08-03 14:14:17,574 - [35mangr.sim_manager[0m - [35mStepping active of <SimulationManager with 1 active>[0m[0m
[1;32;40mINFO - 2023-08-03 14:14:17,590 - [37mangr.engines.engine[0m - [37mTicked state: <IRSB from 0x8bcd20: 1 sat 1 unsat>[0m[0m
[1;32;40mINFO - 2023-08-03 14:14:17,590 - [35mangr.sim_manager[0m - [35mStepping active of <SimulationManager with 1 active>[0m[0m
[1;32;40mINFO - 2023-08-03 14:14:17,598 - [37mangr.engines.engine[0m - [37mTicked state: <IRSB from 0x8bcd45: 1 sat 1 unsat>[0m[0m
[1;32;40mINFO - 2023-08-03 14:14:17,598 - [35mangr.sim_manager[0m - [35mStepping active of <SimulationManager with 1 active>[0m[0m
[1;32;40mINFO - 2023-08-03 14:14:17,605 - [37mangr.engines.engine[0m - [37mTicked state: <IRSB from 0x8bcd54: 1 sat>[0m[0m
[1;32;40mINFO - 2023-08-03 14:14:17,605 - [35mangr.sim_manager[0m - [35mStepping active of <SimulationManager with 1 active>[0m[0m
[1;32;40mINFO - 2023-08-03 14:14:17,607 - [31mangr.procedures.stubs.CallReturn[0m - [31mA factory.call_state-created path returned![0m[0m
[1;32;40mINFO - 2023-08-03 14:14:17,607 - [37mangr.engines.engine[0m - [37mTicked state: <SimProcedure CallReturn from 0x1b01038: empty>[0m[0m
[1;32;40mINFO - 2023-08-03 14:14:17,620 - [35mangr.sim_manager[0m - [35mStepping active of <SimulationManager with 1 active>[0m[0m
[1;32;40mINFO - 2023-08-03 14:14:17,637 - [37mangr.engines.engine[0m - [37mTicked state: <IRSB from 0x8a1c90: 1 sat>[0m[0m
[1;32;40mINFO - 2023-08-03 14:14:17,637 - [35mangr.sim_manager[0m - [35mStepping active of <SimulationManager with 1 active>[0m[0m
[1;32;40mINFO - 2023-08-03 14:14:17,638 - [31mangr.procedures.stubs.CallReturn[0m - [31mA factory.call_state-created path returned![0m[0m
[1;32;40mINFO - 2023-08-03 14:14:17,639 - [37mangr.engines.engine[0m - [37mTicked state: <SimProcedure CallReturn from 0x1b01038: empty>[0m[0m
[1;32;40mINFO - 2023-08-03 14:14:17,650 - [35mangr.sim_manager[0m - [35mStepping active of <SimulationManager with 1 active>[0m[0m
[1;32;40mINFO - 2023-08-03 14:14:17,660 - [37mangr.engines.engine[0m - [37mTicked state: <IRSB from 0x8a08a0: 1 sat 1 unsat>[0m[0m
[1;32;40mINFO - 2023-08-03 14:14:17,661 - [35mangr.sim_manager[0m - [35mStepping active of <SimulationManager with 1 active>[0m[0m
[1;32;40mINFO - 2023-08-03 14:14:17,668 - [37mangr.engines.engine[0m - [37mTicked state: <IRSB from 0x8a08bb: 1 sat 1 unsat>[0m[0m
[1;32;40mINFO - 2023-08-03 14:14:17,669 - [35mangr.sim_manager[0m - [35mStepping active of <SimulationManager with 1 active>[0m[0m
[1;32;40mINFO - 2023-08-03 14:14:17,677 - [37mangr.engines.engine[0m - [37mTicked state: <IRSB from 0x8a08d6: 1 sat>[0m[0m
[1;32;40mINFO - 2023-08-03 14:14:17,677 - [35mangr.sim_manager[0m - [35mStepping active of <SimulationManager with 1 active>[0m[0m
[1;32;40mINFO - 2023-08-03 14:14:17,679 - [31mangr.procedures.stubs.CallReturn[0m - [31mA factory.call_state-created path returned![0m[0m
[1;32;40mINFO - 2023-08-03 14:14:17,679 - [37mangr.engines.engine[0m - [37mTicked state: <SimProcedure CallReturn from 0x1b01038: empty>[0m[0m
[1;32;40mINFO - 2023-08-03 14:14:17,691 - [35mangr.sim_manager[0m - [35mStepping active of <SimulationManager with 1 active>[0m[0m
[1;32;40mINFO - 2023-08-03 14:14:17,703 - [37mangr.engines.engine[0m - [37mTicked state: <IRSB from 0x8bc7e0: 1 sat>[0m[0m
[1;32;40mINFO - 2023-08-03 14:14:17,703 - [35mangr.sim_manager[0m - [35mStepping active of <SimulationManager with 1 active>[0m[0m
[1;32;40mINFO - 2023-08-03 14:14:17,704 - [31mangr.procedures.stubs.CallReturn[0m - [31mA factory.call_state-created path returned![0m[0m
[1;32;40mINFO - 2023-08-03 14:14:17,705 - [37mangr.engines.engine[0m - [37mTicked state: <SimProcedure CallReturn from 0x1b01038: empty>[0m[0m
[1;32;40mINFO - 2023-08-03 14:14:17,716 - [35mangr.sim_manager[0m - [35mStepping active of <SimulationManager with 1 active>[0m[0m
[1;32;40mINFO - 2023-08-03 14:14:17,733 - [37mangr.engines.engine[0m - [37mTicked state: <IRSB from 0x89f670: 1 sat>[0m[0m
[1;32;40mINFO - 2023-08-03 14:14:17,733 - [35mangr.sim_manager[0m - [35mStepping active of <SimulationManager with 1 active>[0m[0m
[1;32;40mINFO - 2023-08-03 14:14:17,735 - [31mangr.procedures.stubs.CallReturn[0m - [31mA factory.call_state-created path returned![0m[0m
[1;32;40mINFO - 2023-08-03 14:14:17,735 - [37mangr.engines.engine[0m - [37mTicked state: <SimProcedure CallReturn from 0x1b01038: empty>[0m[0m
[1;32;40mINFO - 2023-08-03 14:14:21,639 - [33mwerkzeug[0m - [33m172.17.0.1 - - [03/Aug/2023 14:14:21] "GET /iteration-scdg HTTP/1.1" 200 -[0m[0m
[1;32;40mINFO - 2023-08-03 14:14:21,640 - [33mwerkzeug[0m - [33m172.17.0.1 - - [03/Aug/2023 14:14:21] "GET /progress-scdg HTTP/1.1" 200 -[0m[0m
