[1;33;40mWARNING - 2023-01-04 18:21:19,221 - [34mangr.project[0m - [34mDisabling IRSB translation cache because support for self-modifying code is enabled.[0m[0m
[1;32;40mINFO - 2023-01-04 18:21:19,238 - [33mwerkzeug[0m - [33m172.17.0.1 - - [04/Jan/2023 18:21:19] "GET /iteration-scdg HTTP/1.1" 200 -[0m[0m
[1;32;40mINFO - 2023-01-04 18:21:19,241 - [33mwerkzeug[0m - [33m172.17.0.1 - - [04/Jan/2023 18:21:19] "GET /progress-scdg HTTP/1.1" 200 -[0m[0m
[1;32;40mINFO - 2023-01-04 18:21:19,243 - [33mwerkzeug[0m - [33m172.17.0.1 - - [04/Jan/2023 18:21:19] "GET /iteration-scdg HTTP/1.1" 200 -[0m[0m
[1;32;40mINFO - 2023-01-04 18:21:19,244 - [33mwerkzeug[0m - [33m172.17.0.1 - - [04/Jan/2023 18:21:19] "GET /progress-scdg HTTP/1.1" 200 -[0m[0m
[1;33;40mWARNING - 2023-01-04 18:21:19,524 - [31mpyvex.lifting.gym.x86_spotter[0m - [31mThe generalized AAM instruction is not supported by VEX, and is handled specially by pyvex. It has no flag handling at present.  See pyvex/lifting/gym/x86_spotter.py for details[0m[0m
[1;32;40mINFO - 2023-01-04 18:21:23,253 - [33mwerkzeug[0m - [33m172.17.0.1 - - [04/Jan/2023 18:21:23] "GET /iteration-scdg HTTP/1.1" 200 -[0m[0m
[1;32;40mINFO - 2023-01-04 18:21:23,280 - [33mwerkzeug[0m - [33m172.17.0.1 - - [04/Jan/2023 18:21:23] "GET /progress-scdg HTTP/1.1" 200 -[0m[0m
[1;32;40mINFO - 2023-01-04 18:21:23,387 - [36mCustomSimProcedure[0m - {'SuspendThread': 269484032, 'ResumeThread': 269484036, 'lstrlenA': 269484040, 'lstrcpyA': 269484044, 'lstrcmpiA': 269484048, 'InitializeCriticalSection': 269484052, 'VirtualFree': 269484056, 'LeaveCriticalSection': 269484060, 'VirtualAlloc': 269484064, 'GetTickCount': 269484068, 'GetLastError': 269484072, 'InterlockedExchange': 269484076, 'GetProcAddress': 269484080, 'GetModuleHandleA': 269484084, 'MultiByteToWideChar': 269484088, 'FreeLibrary': 269484092, 'WideCharToMultiByte': 269484096, 'lstrcmpA': 269484100, 'GetPrivateProfileStringA': 269484104, 'GetPrivateProfileSectionNamesA': 269484108, 'GetVersionExA': 269484112, 'ExpandEnvironmentStringsA': 269484116, 'lstrcatA': 269484120, 'Thread32Next': 269484124, 'VirtualQuery': 269484128, 'OpenThread': 269484132, 'Thread32First': 269484136, 'GetCurrentProcessId': 269484140, 'GetCurrentThreadId': 269484144, 'GetSystemDirectoryA': 269484148, 'SetEnvironmentVariableA': 269484152, 'GetTempPathA': 269484156, 'GetLongPathNameA': 269484160, 'GetModuleFileNameA': 269484164, 'Sleep': 269484168, 'LocalFree': 269484172, 'LocalReAlloc': 269484176, 'LocalAlloc': 269484180, 'GetTempFileNameA': 269484184, 'GetLocalTime': 269484188, 'GlobalUnlock': 269484192, 'GlobalLock': 269484196, 'GlobalSize': 269484200, 'HeapFree': 269484204, 'GetProcessHeap': 269484208, 'MapViewOfFile': 269484212, 'CreateFileMappingA': 269484216, 'HeapAlloc': 269484220, 'SetUnhandledExceptionFilter': 269484224, 'FormatMessageA': 269484228, 'IsBadWritePtr': 269484232, 'LocalSize': 269484236, 'GlobalFree': 269484240, 'GlobalAlloc': 269484244, 'InterlockedDecrement': 269484248, 'InterlockedIncrement': 269484252, 'ExitProcess': 269484256, 'GetExitCodeProcess': 269484260, 'GetSystemInfo': 269484264, 'GetProcessTimes': 269484268, 'GlobalMemoryStatusEx': 269484272, 'DeleteFileA': 269484276, 'RemoveDirectoryA': 269484280, 'ExitThread': 269484284, 'FreeLibraryAndExitThread': 269484288, 'IsBadReadPtr': 269484292, 'IsBadStringPtrW': 269484296, 'RaiseException': 269484300, 'GetCurrentProcess': 269484304, 'CloseHandle': 269484308, 'LoadLibraryA': 269484312, 'wsprintfA': 269484316, 'wvsprintfA': 269484320, 'BlockInput': 269484324, 'LoadCursorA': 269484328, 'DestroyCursor': 269484332, 'ShowWindow': 269484336, 'FindWindowA': 269484340, 'DestroyWindow': 269484344, 'CreateWindowExA': 269484348, 'CloseWindowStation': 269484352, 'GetCursorInfo': 269484356, 'MessageBoxA': 269484360, 'RegOpenKeyExW': 269484364, 'CoCreateInstance': 269484368, 'CoTaskMemFree': 269484372, 'CoUninitialize': 269484376, 'CoInitialize': 269484380, 'SysFreeString': 269484384, 'ICGetInfo': 269484388, '_adjust_fdiv': 269484392, '_initterm': 269484396, '_onexit': 269484400, '__dllonexit': 269484404, '??1type_info@@UAE@XZ': 269484408, '_wcsicmp': 269484412, '_memicmp': 269484416, '_strupr': 269484420, '_itoa': 269484424, '_strlwr': 269484428, 'wcsrchr': 269484432, 'wcslen': 269484436, '_beginthreadex': 269484440, 'wcstombs': 269484444, 'atoi': 269484448, 'strncat': 269484452, 'strchr': 269484456, '??2@YAPAXI@Z': 269484460, '??3@YAXPAX@Z': 269484464, '__CxxFrameHandler': 269484468, 'memmove': 269484472, 'ceil': 269484476, '_ftol': 269484480, 'strstr': 269484484, 'strncpy': 269484488, '_CxxThrowException': 269484492, '_except_handler3': 269484496, 'toupper': 269484500, 'tolower': 269484504, 'rand': 269484508, 'srand': 269484512, 'free': 269484516, 'malloc': 269484520, 'strrchr': 269484524, 'FreeTest': 268496064, 'KiUserExceptionDispatcher': 270536724, '_fmode': 270536728, '_commode': 270536732, '_acmdln': 270536736, '_wcmdln': 270536740}[0m
[1;32;40mINFO - 2023-01-04 18:21:23,387 - [36mCustomSimProcedure[0m - [36mWas in angr :kernel32.dll[0m[0m
[1;32;40mINFO - 2023-01-04 18:21:23,474 - [36mCustomSimProcedure[0m - [36mWas in angr :user32.dll[0m[0m
[1;33;40mWARNING - 2023-01-04 18:21:23,476 - [36mCustomSimProcedure[0m - [36mProcedure wsprintfA in DLL user32.dll has 3 arguments in json and 2 arguments in angr prototype. Taking number of arguments from json.[0m[0m
[1;33;40mWARNING - 2023-01-04 18:21:23,476 - [36mCustomSimProcedure[0m - [36mProcedure wsprintfW in DLL user32.dll has 3 arguments in json and 2 arguments in angr prototype. Taking number of arguments from json.[0m[0m
[1;32;40mINFO - 2023-01-04 18:21:23,536 - [36mCustomSimProcedure[0m - [36mWas in angr :advapi32.dll[0m[0m
[1;32;40mINFO - 2023-01-04 18:21:23,599 - [36mCustomSimProcedure[0m - [36mWas in angr :msvcrt.dll[0m[0m
[1;33;40mWARNING - 2023-01-04 18:21:23,655 - [34mangr.project[0m - [34mAddress is already hooked, during hook(0x10100158, <SimProcedure CoUninitialize>). Not re-hooking.[0m[0m
[1;33;40mWARNING - 2023-01-04 18:21:23,656 - [34mangr.project[0m - [34mAddress is already hooked, during hook(0x1010015c, <SimProcedure CoInitialize>). Not re-hooking.[0m[0m
[1;33;40mWARNING - 2023-01-04 18:21:23,656 - [34mangr.project[0m - [34mAddress is already hooked, during hook(0x10100154, <SimProcedure CoTaskMemFree>). Not re-hooking.[0m[0m
[1;33;40mWARNING - 2023-01-04 18:21:23,673 - [34mangr.project[0m - [34mAddress is already hooked, during hook(0x1010002c, <SimProcedure InterlockedExchange>). Not re-hooking.[0m[0m
[1;33;40mWARNING - 2023-01-04 18:21:23,673 - [34mangr.project[0m - [34mAddress is already hooked, during hook(0x101000d8, <SimProcedure InterlockedDecrement>). Not re-hooking.[0m[0m
[1;33;40mWARNING - 2023-01-04 18:21:23,673 - [34mangr.project[0m - [34mAddress is already hooked, during hook(0x101000dc, <SimProcedure InterlockedIncrement>). Not re-hooking.[0m[0m
[1;33;40mWARNING - 2023-01-04 18:21:23,673 - [34mangr.project[0m - [34mAddress is already hooked, during hook(0x10201014, <SimProcedure KiUserExceptionDispatcher>). Not re-hooking.[0m[0m
[1;32;40mINFO - 2023-01-04 18:21:23,674 - [36mCustomSimProcedure[0m - [36mNo hooks for: {'ICGetInfo': 269484388, '_adjust_fdiv': 269484392, '_initterm': 269484396, '__dllonexit': 269484404, '??1type_info@@UAE@XZ': 269484408, '_beginthreadex': 269484440, '??2@YAPAXI@Z': 269484460, '??3@YAXPAX@Z': 269484464, '__CxxFrameHandler': 269484468, 'ceil': 269484476, '_ftol': 269484480, '_CxxThrowException': 269484492, '_except_handler3': 269484496, 'FreeTest': 268496064, '_fmode': 270536728, '_commode': 270536732, '_acmdln': 270536736, '_wcmdln': 270536740}[0m[0m
[1;32;40mINFO - 2023-01-04 18:21:23,674 - [36mCustomSimProcedure[0m - [36mcustom_hook_static[0m[0m
[1;33;40mWARNING - 2023-01-04 18:21:23,674 - [34mangr.project[0m - [34mAddress is already hooked, during hook(0x10000000, <SimProcedure GetTickCount>). Not re-hooking.[0m[0m
[1;33;40mWARNING - 2023-01-04 18:21:23,674 - [34mangr.project[0m - [34mAddress is already hooked, during hook(0x10000000, <SimProcedure InterlockedExchange>). Not re-hooking.[0m[0m
[1;33;40mWARNING - 2023-01-04 18:21:23,674 - [34mangr.project[0m - [34mAddress is already hooked, during hook(0x10000000, <SimProcedure GetCurrentProcessId>). Not re-hooking.[0m[0m
[1;33;40mWARNING - 2023-01-04 18:21:23,675 - [34mangr.project[0m - [34mAddress is already hooked, during hook(0x10000000, <SimProcedure GetCurrentThreadId>). Not re-hooking.[0m[0m
[1;33;40mWARNING - 2023-01-04 18:21:23,675 - [34mangr.project[0m - [34mAddress is already hooked, during hook(0x10000000, <SimProcedure GetTempPathA>). Not re-hooking.[0m[0m
[1;33;40mWARNING - 2023-01-04 18:21:23,675 - [34mangr.project[0m - [34mAddress is already hooked, during hook(0x10000000, <SimProcedure GetLocalTime>). Not re-hooking.[0m[0m
[1;33;40mWARNING - 2023-01-04 18:21:23,675 - [34mangr.project[0m - [34mAddress is already hooked, during hook(0x10000000, <SimProcedure HeapFree>). Not re-hooking.[0m[0m
[1;33;40mWARNING - 2023-01-04 18:21:23,675 - [34mangr.project[0m - [34mAddress is already hooked, during hook(0x10000000, <SimProcedure GetProcessHeap>). Not re-hooking.[0m[0m
[1;33;40mWARNING - 2023-01-04 18:21:23,676 - [34mangr.project[0m - [34mAddress is already hooked, during hook(0x10000000, <SimProcedure HeapAlloc>). Not re-hooking.[0m[0m
[1;33;40mWARNING - 2023-01-04 18:21:23,676 - [34mangr.project[0m - [34mAddress is already hooked, during hook(0x10000000, <SimProcedure IsBadWritePtr>). Not re-hooking.[0m[0m
[1;33;40mWARNING - 2023-01-04 18:21:23,676 - [34mangr.project[0m - [34mAddress is already hooked, during hook(0x10000000, <SimProcedure GlobalAlloc>). Not re-hooking.[0m[0m
[1;33;40mWARNING - 2023-01-04 18:21:23,676 - [34mangr.project[0m - [34mAddress is already hooked, during hook(0x10000000, <SimProcedure ExitProcess>). Not re-hooking.[0m[0m
[1;33;40mWARNING - 2023-01-04 18:21:23,676 - [34mangr.project[0m - [34mAddress is already hooked, during hook(0x10000000, <SimProcedure IsBadReadPtr>). Not re-hooking.[0m[0m
[1;33;40mWARNING - 2023-01-04 18:21:23,676 - [34mangr.project[0m - [34mAddress is already hooked, during hook(0x10000000, <SimProcedure MessageBoxA>). Not re-hooking.[0m[0m
[1;33;40mWARNING - 2023-01-04 18:21:23,677 - [34mangr.project[0m - [34mAddress is already hooked, during hook(0x10000000, <SimProcedure _initterm>). Not re-hooking.[0m[0m
[1;33;40mWARNING - 2023-01-04 18:21:23,677 - [34mangr.project[0m - [34mAddress is already hooked, during hook(0x10000000, <SimProcedure atoi>). Not re-hooking.[0m[0m
[1;33;40mWARNING - 2023-01-04 18:21:23,677 - [34mangr.project[0m - [34mAddress is already hooked, during hook(0x10000000, <SimProcedure strncat>). Not re-hooking.[0m[0m
[1;33;40mWARNING - 2023-01-04 18:21:23,677 - [34mangr.project[0m - [34mAddress is already hooked, during hook(0x10000000, <SimProcedure strchr>). Not re-hooking.[0m[0m
[1;33;40mWARNING - 2023-01-04 18:21:23,677 - [34mangr.project[0m - [34mAddress is already hooked, during hook(0x10000000, <SimProcedure strstr>). Not re-hooking.[0m[0m
[1;33;40mWARNING - 2023-01-04 18:21:23,677 - [34mangr.project[0m - [34mAddress is already hooked, during hook(0x10000000, <SimProcedure strncpy>). Not re-hooking.[0m[0m
[1;33;40mWARNING - 2023-01-04 18:21:23,678 - [34mangr.project[0m - [34mAddress is already hooked, during hook(0x10000000, <SimProcedure toupper>). Not re-hooking.[0m[0m
[1;33;40mWARNING - 2023-01-04 18:21:23,678 - [34mangr.project[0m - [34mAddress is already hooked, during hook(0x10000000, <SimProcedure tolower>). Not re-hooking.[0m[0m
[1;33;40mWARNING - 2023-01-04 18:21:23,678 - [34mangr.project[0m - [34mAddress is already hooked, during hook(0x10000000, <SimProcedure rand>). Not re-hooking.[0m[0m
[1;33;40mWARNING - 2023-01-04 18:21:23,678 - [34mangr.project[0m - [34mAddress is already hooked, during hook(0x10000000, <SimProcedure srand>). Not re-hooking.[0m[0m
[1;33;40mWARNING - 2023-01-04 18:21:23,678 - [34mangr.project[0m - [34mAddress is already hooked, during hook(0x10000000, <SimProcedure free>). Not re-hooking.[0m[0m
[1;33;40mWARNING - 2023-01-04 18:21:23,678 - [34mangr.project[0m - [34mAddress is already hooked, during hook(0x10000000, <SimProcedure malloc>). Not re-hooking.[0m[0m
[1;33;40mWARNING - 2023-01-04 18:21:23,678 - [34mangr.project[0m - [34mAddress is already hooked, during hook(0x10100020, <SimProcedure VirtualAlloc>). Not re-hooking.[0m[0m
[1;33;40mWARNING - 2023-01-04 18:21:23,679 - [34mangr.project[0m - [34mAddress is already hooked, during hook(0x10100024, <SimProcedure GetTickCount>). Not re-hooking.[0m[0m
[1;33;40mWARNING - 2023-01-04 18:21:23,679 - [34mangr.project[0m - [34mAddress is already hooked, during hook(0x1010002c, <SimProcedure InterlockedExchange>). Not re-hooking.[0m[0m
[1;33;40mWARNING - 2023-01-04 18:21:23,679 - [34mangr.project[0m - [34mAddress is already hooked, during hook(0x1010006c, <SimProcedure GetCurrentProcessId>). Not re-hooking.[0m[0m
[1;33;40mWARNING - 2023-01-04 18:21:23,679 - [34mangr.project[0m - [34mAddress is already hooked, during hook(0x10100070, <SimProcedure GetCurrentThreadId>). Not re-hooking.[0m[0m
[1;33;40mWARNING - 2023-01-04 18:21:23,679 - [34mangr.project[0m - [34mAddress is already hooked, during hook(0x1010007c, <SimProcedure GetTempPathA>). Not re-hooking.[0m[0m
[1;33;40mWARNING - 2023-01-04 18:21:23,679 - [34mangr.project[0m - [34mAddress is already hooked, during hook(0x1010009c, <SimProcedure GetLocalTime>). Not re-hooking.[0m[0m
[1;33;40mWARNING - 2023-01-04 18:21:23,680 - [34mangr.project[0m - [34mAddress is already hooked, during hook(0x101000ac, <SimProcedure HeapFree>). Not re-hooking.[0m[0m
[1;33;40mWARNING - 2023-01-04 18:21:23,680 - [34mangr.project[0m - [34mAddress is already hooked, during hook(0x101000b0, <SimProcedure GetProcessHeap>). Not re-hooking.[0m[0m
[1;33;40mWARNING - 2023-01-04 18:21:23,680 - [34mangr.project[0m - [34mAddress is already hooked, during hook(0x101000bc, <SimProcedure HeapAlloc>). Not re-hooking.[0m[0m
[1;33;40mWARNING - 2023-01-04 18:21:23,680 - [34mangr.project[0m - [34mAddress is already hooked, during hook(0x101000c8, <SimProcedure IsBadWritePtr>). Not re-hooking.[0m[0m
[1;33;40mWARNING - 2023-01-04 18:21:23,680 - [34mangr.project[0m - [34mAddress is already hooked, during hook(0x101000d4, <SimProcedure GlobalAlloc>). Not re-hooking.[0m[0m
[1;33;40mWARNING - 2023-01-04 18:21:23,680 - [34mangr.project[0m - [34mAddress is already hooked, during hook(0x101000e0, <SimProcedure ExitProcess>). Not re-hooking.[0m[0m
[1;33;40mWARNING - 2023-01-04 18:21:23,680 - [34mangr.project[0m - [34mAddress is already hooked, during hook(0x10100104, <SimProcedure IsBadReadPtr>). Not re-hooking.[0m[0m
[1;33;40mWARNING - 2023-01-04 18:21:23,681 - [34mangr.project[0m - [34mAddress is already hooked, during hook(0x10100148, <SimProcedure MessageBoxA>). Not re-hooking.[0m[0m
[1;33;40mWARNING - 2023-01-04 18:21:23,681 - [34mangr.project[0m - [34mAddress is already hooked, during hook(0x1010016c, <SimProcedure _initterm>). Not re-hooking.[0m[0m
[1;33;40mWARNING - 2023-01-04 18:21:23,681 - [34mangr.project[0m - [34mAddress is already hooked, during hook(0x101001a0, <SimProcedure atoi>). Not re-hooking.[0m[0m
[1;33;40mWARNING - 2023-01-04 18:21:23,681 - [34mangr.project[0m - [34mAddress is already hooked, during hook(0x101001a4, <SimProcedure strncat>). Not re-hooking.[0m[0m
[1;33;40mWARNING - 2023-01-04 18:21:23,681 - [34mangr.project[0m - [34mAddress is already hooked, during hook(0x101001a8, <SimProcedure strchr>). Not re-hooking.[0m[0m
[1;33;40mWARNING - 2023-01-04 18:21:23,682 - [34mangr.project[0m - [34mAddress is already hooked, during hook(0x101001c4, <SimProcedure strstr>). Not re-hooking.[0m[0m
[1;33;40mWARNING - 2023-01-04 18:21:23,682 - [34mangr.project[0m - [34mAddress is already hooked, during hook(0x101001c8, <SimProcedure strncpy>). Not re-hooking.[0m[0m
[1;33;40mWARNING - 2023-01-04 18:21:23,682 - [34mangr.project[0m - [34mAddress is already hooked, during hook(0x101001d4, <SimProcedure toupper>). Not re-hooking.[0m[0m
[1;33;40mWARNING - 2023-01-04 18:21:23,682 - [34mangr.project[0m - [34mAddress is already hooked, during hook(0x101001d8, <SimProcedure tolower>). Not re-hooking.[0m[0m
[1;33;40mWARNING - 2023-01-04 18:21:23,682 - [34mangr.project[0m - [34mAddress is already hooked, during hook(0x101001dc, <SimProcedure rand>). Not re-hooking.[0m[0m
[1;33;40mWARNING - 2023-01-04 18:21:23,682 - [34mangr.project[0m - [34mAddress is already hooked, during hook(0x101001e0, <SimProcedure srand>). Not re-hooking.[0m[0m
[1;33;40mWARNING - 2023-01-04 18:21:23,683 - [34mangr.project[0m - [34mAddress is already hooked, during hook(0x101001e4, <SimProcedure free>). Not re-hooking.[0m[0m
[1;33;40mWARNING - 2023-01-04 18:21:23,683 - [34mangr.project[0m - [34mAddress is already hooked, during hook(0x101001e8, <SimProcedure malloc>). Not re-hooking.[0m[0m
[1;33;40mWARNING - 2023-01-04 18:21:23,683 - [34mangr.project[0m - [34mAddress is already hooked, during hook(0x10201014, <SimProcedure KiUserExceptionDispatcher>). Not re-hooking.[0m[0m
[1;32;40mINFO - 2023-01-04 18:21:23,683 - [36mCustomSimProcedure[0m - [36mcustom_hook_windows_symbols[0m[0m
[1;33;40mWARNING - 2023-01-04 18:21:23,774 - [34mangr.project[0m - [34mAddress is already hooked, during hook(0x10100158, <SimProcedure CoUninitialize>). Re-hooking.[0m[0m
[1;33;40mWARNING - 2023-01-04 18:21:23,776 - [34mangr.project[0m - [34mAddress is already hooked, during hook(0x10100158, <SimProcedure CoUninitialize>). Re-hooking.[0m[0m
[1;33;40mWARNING - 2023-01-04 18:21:24,164 - [34mangr.project[0m - [34mAddress is already hooked, during hook(0x1010015c, <SimProcedure CoInitialize>). Re-hooking.[0m[0m
[1;33;40mWARNING - 2023-01-04 18:21:24,166 - [34mangr.project[0m - [34mAddress is already hooked, during hook(0x1010015c, <SimProcedure CoInitialize>). Re-hooking.[0m[0m
[1;33;40mWARNING - 2023-01-04 18:21:24,175 - [34mangr.project[0m - [34mAddress is already hooked, during hook(0x10100154, <SimProcedure CoTaskMemFree>). Re-hooking.[0m[0m
[1;33;40mWARNING - 2023-01-04 18:21:24,176 - [34mangr.project[0m - [34mAddress is already hooked, during hook(0x10100154, <SimProcedure CoTaskMemFree>). Re-hooking.[0m[0m
[1;33;40mWARNING - 2023-01-04 18:21:24,185 - [34mangr.project[0m - [34mAddress is already hooked, during hook(0x10100158, <SimProcedure CoUninitialize>). Re-hooking.[0m[0m
[1;33;40mWARNING - 2023-01-04 18:21:24,187 - [34mangr.project[0m - [34mAddress is already hooked, during hook(0x10100158, <SimProcedure CoUninitialize>). Re-hooking.[0m[0m
[1;32;40mINFO - 2023-01-04 18:21:24,259 - [33mwerkzeug[0m - [33m172.17.0.1 - - [04/Jan/2023 18:21:24] "GET /iteration-scdg HTTP/1.1" 200 -[0m[0m
[1;32;40mINFO - 2023-01-04 18:21:24,281 - [33mwerkzeug[0m - [33m172.17.0.1 - - [04/Jan/2023 18:21:24] "GET /progress-scdg HTTP/1.1" 200 -[0m[0m
[1;32;40mINFO - 2023-01-04 18:21:24,298 - [33mwerkzeug[0m - [33m172.17.0.1 - - [04/Jan/2023 18:21:24] "GET /iteration-scdg HTTP/1.1" 200 -[0m[0m
[1;32;40mINFO - 2023-01-04 18:21:24,309 - [33mwerkzeug[0m - [33m172.17.0.1 - - [04/Jan/2023 18:21:24] "GET /progress-scdg HTTP/1.1" 200 -[0m[0m
[1;33;40mWARNING - 2023-01-04 18:21:24,686 - [34mangr.project[0m - [34mAddress is already hooked, during hook(0x10100154, <SimProcedure CoTaskMemFree>). Re-hooking.[0m[0m
[1;33;40mWARNING - 2023-01-04 18:21:24,687 - [34mangr.project[0m - [34mAddress is already hooked, during hook(0x10100154, <SimProcedure CoTaskMemFree>). Re-hooking.[0m[0m
[1;33;40mWARNING - 2023-01-04 18:21:24,701 - [34mangr.project[0m - [34mAddress is already hooked, during hook(0x1010015c, <SimProcedure CoInitialize>). Re-hooking.[0m[0m
[1;33;40mWARNING - 2023-01-04 18:21:24,703 - [34mangr.project[0m - [34mAddress is already hooked, during hook(0x1010015c, <SimProcedure CoInitialize>). Re-hooking.[0m[0m
[1;33;40mWARNING - 2023-01-04 18:21:25,114 - [34mangr.project[0m - [34mAddress is already hooked, during hook(0x10100138, <SimProcedure DestroyWindow>). Re-hooking.[0m[0m
[1;33;40mWARNING - 2023-01-04 18:21:25,115 - [34mangr.project[0m - [34mAddress is already hooked, during hook(0x10100138, <SimProcedure DestroyWindow>). Re-hooking.[0m[0m
[1;33;40mWARNING - 2023-01-04 18:21:25,335 - [34mangr.project[0m - [34mAddress is already hooked, during hook(0x10100140, <SimProcedure CloseWindowStation>). Re-hooking.[0m[0m
[1;33;40mWARNING - 2023-01-04 18:21:25,337 - [34mangr.project[0m - [34mAddress is already hooked, during hook(0x10100140, <SimProcedure CloseWindowStation>). Re-hooking.[0m[0m
[1;33;40mWARNING - 2023-01-04 18:21:25,402 - [34mangr.project[0m - [34mAddress is already hooked, during hook(0x1010013c, <SimProcedure CreateWindowExA>). Re-hooking.[0m[0m
[1;33;40mWARNING - 2023-01-04 18:21:25,404 - [34mangr.project[0m - [34mAddress is already hooked, during hook(0x1010013c, <SimProcedure CreateWindowExA>). Re-hooking.[0m[0m
[1;33;40mWARNING - 2023-01-04 18:21:25,516 - [34mangr.project[0m - [34mAddress is already hooked, during hook(0x1010012c, <SimProcedure DestroyCursor>). Re-hooking.[0m[0m
[1;33;40mWARNING - 2023-01-04 18:21:25,518 - [34mangr.project[0m - [34mAddress is already hooked, during hook(0x1010012c, <SimProcedure DestroyCursor>). Re-hooking.[0m[0m
[1;33;40mWARNING - 2023-01-04 18:21:25,524 - [34mangr.project[0m - [34mAddress is already hooked, during hook(0x10100138, <SimProcedure DestroyWindow>). Re-hooking.[0m[0m
[1;33;40mWARNING - 2023-01-04 18:21:25,526 - [34mangr.project[0m - [34mAddress is already hooked, during hook(0x10100138, <SimProcedure DestroyWindow>). Re-hooking.[0m[0m
[1;33;40mWARNING - 2023-01-04 18:21:25,686 - [34mangr.project[0m - [34mAddress is already hooked, during hook(0x10100134, <SimProcedure FindWindowA>). Re-hooking.[0m[0m
[1;33;40mWARNING - 2023-01-04 18:21:25,687 - [34mangr.project[0m - [34mAddress is already hooked, during hook(0x10100134, <SimProcedure FindWindowA>). Re-hooking.[0m[0m
[1;33;40mWARNING - 2023-01-04 18:21:25,777 - [34mangr.project[0m - [34mAddress is already hooked, during hook(0x10100144, <SimProcedure GetCursorInfo>). Re-hooking.[0m[0m
[1;33;40mWARNING - 2023-01-04 18:21:25,779 - [34mangr.project[0m - [34mAddress is already hooked, during hook(0x10100144, <SimProcedure GetCursorInfo>). Re-hooking.[0m[0m
[1;33;40mWARNING - 2023-01-04 18:21:26,212 - [34mangr.project[0m - [34mAddress is already hooked, during hook(0x10100128, <SimProcedure LoadCursorA>). Re-hooking.[0m[0m
[1;33;40mWARNING - 2023-01-04 18:21:26,214 - [34mangr.project[0m - [34mAddress is already hooked, during hook(0x10100128, <SimProcedure LoadCursorA>). Re-hooking.[0m[0m
[1;33;40mWARNING - 2023-01-04 18:21:26,685 - [34mangr.project[0m - [34mAddress is already hooked, during hook(0x10100130, <SimProcedure ShowWindow>). Re-hooking.[0m[0m
[1;33;40mWARNING - 2023-01-04 18:21:26,686 - [34mangr.project[0m - [34mAddress is already hooked, during hook(0x10100130, <SimProcedure ShowWindow>). Re-hooking.[0m[0m
[1;33;40mWARNING - 2023-01-04 18:21:26,840 - [34mangr.project[0m - [34mAddress is already hooked, during hook(0x10100120, <SimProcedure wvsprintfA>). Re-hooking.[0m[0m
[1;33;40mWARNING - 2023-01-04 18:21:26,841 - [34mangr.project[0m - [34mAddress is already hooked, during hook(0x10100120, <SimProcedure wvsprintfA>). Re-hooking.[0m[0m
[1;33;40mWARNING - 2023-01-04 18:21:26,913 - [34mangr.project[0m - [34mAddress is already hooked, during hook(0x10100130, <SimProcedure ShowWindow>). Re-hooking.[0m[0m
[1;33;40mWARNING - 2023-01-04 18:21:26,915 - [34mangr.project[0m - [34mAddress is already hooked, during hook(0x10100130, <SimProcedure ShowWindow>). Re-hooking.[0m[0m
[1;33;40mWARNING - 2023-01-04 18:21:27,178 - [34mangr.project[0m - [34mAddress is already hooked, during hook(0x1010012c, <SimProcedure DestroyCursor>). Re-hooking.[0m[0m
[1;33;40mWARNING - 2023-01-04 18:21:27,179 - [34mangr.project[0m - [34mAddress is already hooked, during hook(0x1010012c, <SimProcedure DestroyCursor>). Re-hooking.[0m[0m
[1;33;40mWARNING - 2023-01-04 18:21:27,378 - [34mangr.project[0m - [34mAddress is already hooked, during hook(0x10100140, <SimProcedure CloseWindowStation>). Re-hooking.[0m[0m
[1;33;40mWARNING - 2023-01-04 18:21:27,379 - [34mangr.project[0m - [34mAddress is already hooked, during hook(0x10100140, <SimProcedure CloseWindowStation>). Re-hooking.[0m[0m
[1;33;40mWARNING - 2023-01-04 18:21:27,473 - [34mangr.project[0m - [34mAddress is already hooked, during hook(0x1010013c, <SimProcedure CreateWindowExA>). Re-hooking.[0m[0m
[1;33;40mWARNING - 2023-01-04 18:21:27,475 - [34mangr.project[0m - [34mAddress is already hooked, during hook(0x1010013c, <SimProcedure CreateWindowExA>). Re-hooking.[0m[0m
[1;33;40mWARNING - 2023-01-04 18:21:27,514 - [34mangr.project[0m - [34mAddress is already hooked, during hook(0x10100128, <SimProcedure LoadCursorA>). Re-hooking.[0m[0m
[1;33;40mWARNING - 2023-01-04 18:21:27,515 - [34mangr.project[0m - [34mAddress is already hooked, during hook(0x10100128, <SimProcedure LoadCursorA>). Re-hooking.[0m[0m
[1;33;40mWARNING - 2023-01-04 18:21:27,539 - [34mangr.project[0m - [34mAddress is already hooked, during hook(0x10100134, <SimProcedure FindWindowA>). Re-hooking.[0m[0m
[1;33;40mWARNING - 2023-01-04 18:21:27,541 - [34mangr.project[0m - [34mAddress is already hooked, during hook(0x10100134, <SimProcedure FindWindowA>). Re-hooking.[0m[0m
[1;33;40mWARNING - 2023-01-04 18:21:27,660 - [34mangr.project[0m - [34mAddress is already hooked, during hook(0x10100120, <SimProcedure wvsprintfA>). Re-hooking.[0m[0m
[1;33;40mWARNING - 2023-01-04 18:21:27,662 - [34mangr.project[0m - [34mAddress is already hooked, during hook(0x10100120, <SimProcedure wvsprintfA>). Re-hooking.[0m[0m
[1;33;40mWARNING - 2023-01-04 18:21:27,827 - [34mangr.project[0m - [34mAddress is already hooked, during hook(0x10100144, <SimProcedure GetCursorInfo>). Re-hooking.[0m[0m
[1;33;40mWARNING - 2023-01-04 18:21:27,829 - [34mangr.project[0m - [34mAddress is already hooked, during hook(0x10100144, <SimProcedure GetCursorInfo>). Re-hooking.[0m[0m
[1;32;40mINFO - 2023-01-04 18:21:28,260 - [33mwerkzeug[0m - [33m172.17.0.1 - - [04/Jan/2023 18:21:28] "GET /iteration-scdg HTTP/1.1" 200 -[0m[0m
[1;32;40mINFO - 2023-01-04 18:21:28,276 - [33mwerkzeug[0m - [33m172.17.0.1 - - [04/Jan/2023 18:21:28] "GET /progress-scdg HTTP/1.1" 200 -[0m[0m
[1;32;40mINFO - 2023-01-04 18:21:29,256 - [33mwerkzeug[0m - [33m172.17.0.1 - - [04/Jan/2023 18:21:29] "GET /iteration-scdg HTTP/1.1" 200 -[0m[0m
[1;32;40mINFO - 2023-01-04 18:21:29,278 - [33mwerkzeug[0m - [33m172.17.0.1 - - [04/Jan/2023 18:21:29] "GET /progress-scdg HTTP/1.1" 200 -[0m[0m
[1;32;40mINFO - 2023-01-04 18:21:29,310 - [33mwerkzeug[0m - [33m172.17.0.1 - - [04/Jan/2023 18:21:29] "GET /iteration-scdg HTTP/1.1" 200 -[0m[0m
[1;32;40mINFO - 2023-01-04 18:21:29,321 - [33mwerkzeug[0m - [33m172.17.0.1 - - [04/Jan/2023 18:21:29] "GET /progress-scdg HTTP/1.1" 200 -[0m[0m
[1;33;40mWARNING - 2023-01-04 18:21:29,872 - [34mangr.project[0m - [34mAddress is already hooked, during hook(0x10100114, <SimProcedure CloseHandle>). Re-hooking.[0m[0m
[1;33;40mWARNING - 2023-01-04 18:21:29,873 - [34mangr.project[0m - [34mAddress is already hooked, during hook(0x10100114, <SimProcedure CloseHandle>). Re-hooking.[0m[0m
[1;33;40mWARNING - 2023-01-04 18:21:30,003 - [34mangr.project[0m - [34mAddress is already hooked, during hook(0x101000b8, <SimProcedure CreateFileMappingA>). Re-hooking.[0m[0m
[1;33;40mWARNING - 2023-01-04 18:21:30,004 - [34mangr.project[0m - [34mAddress is already hooked, during hook(0x101000b8, <SimProcedure CreateFileMappingA>). Re-hooking.[0m[0m
[1;33;40mWARNING - 2023-01-04 18:21:30,169 - [34mangr.project[0m - [34mAddress is already hooked, during hook(0x101000f4, <SimProcedure DeleteFileA>). Re-hooking.[0m[0m
[1;33;40mWARNING - 2023-01-04 18:21:30,170 - [34mangr.project[0m - [34mAddress is already hooked, during hook(0x101000f4, <SimProcedure DeleteFileA>). Re-hooking.[0m[0m
[1;33;40mWARNING - 2023-01-04 18:21:30,345 - [34mangr.project[0m - [34mAddress is already hooked, during hook(0x101000fc, <SimProcedure ExitThread>). Re-hooking.[0m[0m
[1;33;40mWARNING - 2023-01-04 18:21:30,347 - [34mangr.project[0m - [34mAddress is already hooked, during hook(0x101000fc, <SimProcedure ExitThread>). Re-hooking.[0m[0m
[1;33;40mWARNING - 2023-01-04 18:21:30,348 - [34mangr.project[0m - [34mAddress is already hooked, during hook(0x10100054, <SimProcedure ExpandEnvironmentStringsA>). Re-hooking.[0m[0m
[1;33;40mWARNING - 2023-01-04 18:21:30,349 - [34mangr.project[0m - [34mAddress is already hooked, during hook(0x10100054, <SimProcedure ExpandEnvironmentStringsA>). Re-hooking.[0m[0m
[1;33;40mWARNING - 2023-01-04 18:21:30,519 - [34mangr.project[0m - [34mAddress is already hooked, during hook(0x1010003c, <SimProcedure FreeLibrary>). Re-hooking.[0m[0m
[1;33;40mWARNING - 2023-01-04 18:21:30,521 - [34mangr.project[0m - [34mAddress is already hooked, during hook(0x1010003c, <SimProcedure FreeLibrary>). Re-hooking.[0m[0m
[1;33;40mWARNING - 2023-01-04 18:21:30,778 - [34mangr.project[0m - [34mAddress is already hooked, during hook(0x101000e4, <SimProcedure GetExitCodeProcess>). Re-hooking.[0m[0m
[1;33;40mWARNING - 2023-01-04 18:21:30,780 - [34mangr.project[0m - [34mAddress is already hooked, during hook(0x101000e4, <SimProcedure GetExitCodeProcess>). Re-hooking.[0m[0m
[1;33;40mWARNING - 2023-01-04 18:21:30,907 - [34mangr.project[0m - [34mAddress is already hooked, during hook(0x10100080, <SimProcedure GetLongPathNameA>). Re-hooking.[0m[0m
[1;33;40mWARNING - 2023-01-04 18:21:30,908 - [34mangr.project[0m - [34mAddress is already hooked, during hook(0x10100080, <SimProcedure GetLongPathNameA>). Re-hooking.[0m[0m
[1;33;40mWARNING - 2023-01-04 18:21:31,050 - [34mangr.project[0m - [34mAddress is already hooked, during hook(0x1010004c, <SimProcedure GetPrivateProfileSectionNamesA>). Re-hooking.[0m[0m
[1;33;40mWARNING - 2023-01-04 18:21:31,051 - [34mangr.project[0m - [34mAddress is already hooked, during hook(0x1010004c, <SimProcedure GetPrivateProfileSectionNamesA>). Re-hooking.[0m[0m
[1;33;40mWARNING - 2023-01-04 18:21:31,057 - [34mangr.project[0m - [34mAddress is already hooked, during hook(0x10100048, <SimProcedure GetPrivateProfileStringA>). Re-hooking.[0m[0m
[1;33;40mWARNING - 2023-01-04 18:21:31,058 - [34mangr.project[0m - [34mAddress is already hooked, during hook(0x10100048, <SimProcedure GetPrivateProfileStringA>). Re-hooking.[0m[0m
[1;33;40mWARNING - 2023-01-04 18:21:31,094 - [34mangr.project[0m - [34mAddress is already hooked, during hook(0x101000ec, <SimProcedure GetProcessTimes>). Re-hooking.[0m[0m
[1;33;40mWARNING - 2023-01-04 18:21:31,096 - [34mangr.project[0m - [34mAddress is already hooked, during hook(0x101000ec, <SimProcedure GetProcessTimes>). Re-hooking.[0m[0m
[1;33;40mWARNING - 2023-01-04 18:21:31,266 - [34mangr.project[0m - [34mAddress is already hooked, during hook(0x10100050, <SimProcedure GetVersionExA>). Re-hooking.[0m[0m
[1;33;40mWARNING - 2023-01-04 18:21:31,268 - [34mangr.project[0m - [34mAddress is already hooked, during hook(0x10100050, <SimProcedure GetVersionExA>). Re-hooking.[0m[0m
[1;33;40mWARNING - 2023-01-04 18:21:31,326 - [34mangr.project[0m - [34mAddress is already hooked, during hook(0x101000d0, <SimProcedure GlobalFree>). Re-hooking.[0m[0m
[1;33;40mWARNING - 2023-01-04 18:21:31,327 - [34mangr.project[0m - [34mAddress is already hooked, during hook(0x101000d0, <SimProcedure GlobalFree>). Re-hooking.[0m[0m
[1;33;40mWARNING - 2023-01-04 18:21:31,337 - [34mangr.project[0m - [34mAddress is already hooked, during hook(0x101000f0, <SimProcedure GlobalMemoryStatusEx>). Re-hooking.[0m[0m
[1;33;40mWARNING - 2023-01-04 18:21:31,339 - [34mangr.project[0m - [34mAddress is already hooked, during hook(0x101000f0, <SimProcedure GlobalMemoryStatusEx>). Re-hooking.[0m[0m
[1;33;40mWARNING - 2023-01-04 18:21:31,342 - [34mangr.project[0m - [34mAddress is already hooked, during hook(0x101000a8, <SimProcedure GlobalSize>). Re-hooking.[0m[0m
[1;33;40mWARNING - 2023-01-04 18:21:31,343 - [34mangr.project[0m - [34mAddress is already hooked, during hook(0x101000a8, <SimProcedure GlobalSize>). Re-hooking.[0m[0m
[1;33;40mWARNING - 2023-01-04 18:21:31,439 - [34mangr.project[0m - [34mAddress is already hooked, during hook(0x10100108, <SimProcedure IsBadStringPtrW>). Re-hooking.[0m[0m
[1;33;40mWARNING - 2023-01-04 18:21:31,441 - [34mangr.project[0m - [34mAddress is already hooked, during hook(0x10100108, <SimProcedure IsBadStringPtrW>). Re-hooking.[0m[0m
[1;33;40mWARNING - 2023-01-04 18:21:31,566 - [34mangr.project[0m - [34mAddress is already hooked, during hook(0x1010001c, <SimProcedure LeaveCriticalSection>). Re-hooking.[0m[0m
[1;33;40mWARNING - 2023-01-04 18:21:31,568 - [34mangr.project[0m - [34mAddress is already hooked, during hook(0x1010001c, <SimProcedure LeaveCriticalSection>). Re-hooking.[0m[0m
[1;33;40mWARNING - 2023-01-04 18:21:31,587 - [34mangr.project[0m - [34mAddress is already hooked, during hook(0x10100094, <SimProcedure LocalAlloc>). Re-hooking.[0m[0m
[1;33;40mWARNING - 2023-01-04 18:21:31,588 - [34mangr.project[0m - [34mAddress is already hooked, during hook(0x10100094, <SimProcedure LocalAlloc>). Re-hooking.[0m[0m
[1;33;40mWARNING - 2023-01-04 18:21:31,596 - [34mangr.project[0m - [34mAddress is already hooked, during hook(0x1010008c, <SimProcedure LocalFree>). Re-hooking.[0m[0m
[1;33;40mWARNING - 2023-01-04 18:21:31,597 - [34mangr.project[0m - [34mAddress is already hooked, during hook(0x1010008c, <SimProcedure LocalFree>). Re-hooking.[0m[0m
[1;33;40mWARNING - 2023-01-04 18:21:31,603 - [34mangr.project[0m - [34mAddress is already hooked, during hook(0x10100090, <SimProcedure LocalReAlloc>). Re-hooking.[0m[0m
[1;33;40mWARNING - 2023-01-04 18:21:31,605 - [34mangr.project[0m - [34mAddress is already hooked, during hook(0x10100090, <SimProcedure LocalReAlloc>). Re-hooking.[0m[0m
[1;33;40mWARNING - 2023-01-04 18:21:31,609 - [34mangr.project[0m - [34mAddress is already hooked, during hook(0x101000cc, <SimProcedure LocalSize>). Re-hooking.[0m[0m
[1;33;40mWARNING - 2023-01-04 18:21:31,611 - [34mangr.project[0m - [34mAddress is already hooked, during hook(0x101000cc, <SimProcedure LocalSize>). Re-hooking.[0m[0m
[1;33;40mWARNING - 2023-01-04 18:21:31,628 - [34mangr.project[0m - [34mAddress is already hooked, during hook(0x101000b4, <SimProcedure MapViewOfFile>). Re-hooking.[0m[0m
[1;33;40mWARNING - 2023-01-04 18:21:31,630 - [34mangr.project[0m - [34mAddress is already hooked, during hook(0x101000b4, <SimProcedure MapViewOfFile>). Re-hooking.[0m[0m
[1;33;40mWARNING - 2023-01-04 18:21:31,720 - [34mangr.project[0m - [34mAddress is already hooked, during hook(0x10100064, <SimProcedure OpenThread>). Re-hooking.[0m[0m
[1;33;40mWARNING - 2023-01-04 18:21:31,722 - [34mangr.project[0m - [34mAddress is already hooked, during hook(0x10100064, <SimProcedure OpenThread>). Re-hooking.[0m[0m
[1;33;40mWARNING - 2023-01-04 18:21:31,868 - [34mangr.project[0m - [34mAddress is already hooked, during hook(0x1010010c, <SimProcedure RaiseException>). Re-hooking.[0m[0m
[1;33;40mWARNING - 2023-01-04 18:21:31,869 - [34mangr.project[0m - [34mAddress is already hooked, during hook(0x1010010c, <SimProcedure RaiseException>). Re-hooking.[0m[0m
[1;33;40mWARNING - 2023-01-04 18:21:32,042 - [34mangr.project[0m - [34mAddress is already hooked, during hook(0x101000f8, <SimProcedure RemoveDirectoryA>). Re-hooking.[0m[0m
[1;33;40mWARNING - 2023-01-04 18:21:32,044 - [34mangr.project[0m - [34mAddress is already hooked, during hook(0x101000f8, <SimProcedure RemoveDirectoryA>). Re-hooking.[0m[0m
[1;33;40mWARNING - 2023-01-04 18:21:32,081 - [34mangr.project[0m - [34mAddress is already hooked, during hook(0x10100004, <SimProcedure ResumeThread>). Re-hooking.[0m[0m
[1;33;40mWARNING - 2023-01-04 18:21:32,083 - [34mangr.project[0m - [34mAddress is already hooked, during hook(0x10100004, <SimProcedure ResumeThread>). Re-hooking.[0m[0m
[1;33;40mWARNING - 2023-01-04 18:21:32,210 - [34mangr.project[0m - [34mAddress is already hooked, during hook(0x10100078, <SimProcedure SetEnvironmentVariableA>). Re-hooking.[0m[0m
[1;33;40mWARNING - 2023-01-04 18:21:32,212 - [34mangr.project[0m - [34mAddress is already hooked, during hook(0x10100078, <SimProcedure SetEnvironmentVariableA>). Re-hooking.[0m[0m
[1;33;40mWARNING - 2023-01-04 18:21:32,420 - [34mangr.project[0m - [34mAddress is already hooked, during hook(0x10100088, <SimProcedure Sleep>). Re-hooking.[0m[0m
[1;33;40mWARNING - 2023-01-04 18:21:32,422 - [34mangr.project[0m - [34mAddress is already hooked, during hook(0x10100088, <SimProcedure Sleep>). Re-hooking.[0m[0m
[1;33;40mWARNING - 2023-01-04 18:21:32,436 - [34mangr.project[0m - [34mAddress is already hooked, during hook(0x10100000, <SimProcedure SuspendThread>). Re-hooking.[0m[0m
[1;33;40mWARNING - 2023-01-04 18:21:32,438 - [34mangr.project[0m - [34mAddress is already hooked, during hook(0x10100000, <SimProcedure SuspendThread>). Re-hooking.[0m[0m
[1;33;40mWARNING - 2023-01-04 18:21:32,463 - [34mangr.project[0m - [34mAddress is already hooked, during hook(0x10100068, <SimProcedure Thread32First>). Re-hooking.[0m[0m
[1;33;40mWARNING - 2023-01-04 18:21:32,464 - [34mangr.project[0m - [34mAddress is already hooked, during hook(0x10100068, <SimProcedure Thread32First>). Re-hooking.[0m[0m
[1;33;40mWARNING - 2023-01-04 18:21:32,466 - [34mangr.project[0m - [34mAddress is already hooked, during hook(0x1010005c, <SimProcedure Thread32Next>). Re-hooking.[0m[0m
[1;33;40mWARNING - 2023-01-04 18:21:32,467 - [34mangr.project[0m - [34mAddress is already hooked, during hook(0x1010005c, <SimProcedure Thread32Next>). Re-hooking.[0m[0m
[1;33;40mWARNING - 2023-01-04 18:21:32,582 - [34mangr.project[0m - [34mAddress is already hooked, during hook(0x101000b4, <SimProcedure MapViewOfFile>). Re-hooking.[0m[0m
[1;33;40mWARNING - 2023-01-04 18:21:32,584 - [34mangr.project[0m - [34mAddress is already hooked, during hook(0x101000b4, <SimProcedure MapViewOfFile>). Re-hooking.[0m[0m
[1;33;40mWARNING - 2023-01-04 18:21:32,731 - [34mangr.project[0m - [34mAddress is already hooked, during hook(0x10100044, <SimProcedure lstrcmpA>). Re-hooking.[0m[0m
[1;33;40mWARNING - 2023-01-04 18:21:32,732 - [34mangr.project[0m - [34mAddress is already hooked, during hook(0x10100044, <SimProcedure lstrcmpA>). Re-hooking.[0m[0m
[1;33;40mWARNING - 2023-01-04 18:21:32,738 - [34mangr.project[0m - [34mAddress is already hooked, during hook(0x10100010, <SimProcedure lstrcmpiA>). Re-hooking.[0m[0m
[1;33;40mWARNING - 2023-01-04 18:21:32,740 - [34mangr.project[0m - [34mAddress is already hooked, during hook(0x10100010, <SimProcedure lstrcmpiA>). Re-hooking.[0m[0m
[1;33;40mWARNING - 2023-01-04 18:21:32,754 - [34mangr.project[0m - [34mAddress is already hooked, during hook(0x10100008, <SimProcedure lstrlenA>). Re-hooking.[0m[0m
[1;33;40mWARNING - 2023-01-04 18:21:32,755 - [34mangr.project[0m - [34mAddress is already hooked, during hook(0x10100008, <SimProcedure lstrlenA>). Re-hooking.[0m[0m
[1;33;40mWARNING - 2023-01-04 18:21:32,860 - [34mangr.project[0m - [34mAddress is already hooked, during hook(0x101000fc, <SimProcedure ExitThread>). Re-hooking.[0m[0m
[1;33;40mWARNING - 2023-01-04 18:21:32,862 - [34mangr.project[0m - [34mAddress is already hooked, during hook(0x101000fc, <SimProcedure ExitThread>). Re-hooking.[0m[0m
[1;33;40mWARNING - 2023-01-04 18:21:32,893 - [34mangr.project[0m - [34mAddress is already hooked, during hook(0x101000e4, <SimProcedure GetExitCodeProcess>). Re-hooking.[0m[0m
[1;33;40mWARNING - 2023-01-04 18:21:32,895 - [34mangr.project[0m - [34mAddress is already hooked, during hook(0x101000e4, <SimProcedure GetExitCodeProcess>). Re-hooking.[0m[0m
[1;33;40mWARNING - 2023-01-04 18:21:32,921 - [34mangr.project[0m - [34mAddress is already hooked, during hook(0x101000a4, <SimProcedure GlobalLock>). Re-hooking.[0m[0m
[1;33;40mWARNING - 2023-01-04 18:21:32,923 - [34mangr.project[0m - [34mAddress is already hooked, during hook(0x101000a4, <SimProcedure GlobalLock>). Re-hooking.[0m[0m
[1;33;40mWARNING - 2023-01-04 18:21:33,096 - [34mangr.project[0m - [34mAddress is already hooked, during hook(0x101000a8, <SimProcedure GlobalSize>). Re-hooking.[0m[0m
[1;33;40mWARNING - 2023-01-04 18:21:33,097 - [34mangr.project[0m - [34mAddress is already hooked, during hook(0x101000a8, <SimProcedure GlobalSize>). Re-hooking.[0m[0m
[1;33;40mWARNING - 2023-01-04 18:21:33,105 - [34mangr.project[0m - [34mAddress is already hooked, during hook(0x101000f4, <SimProcedure DeleteFileA>). Re-hooking.[0m[0m
[1;33;40mWARNING - 2023-01-04 18:21:33,107 - [34mangr.project[0m - [34mAddress is already hooked, during hook(0x101000f4, <SimProcedure DeleteFileA>). Re-hooking.[0m[0m
[1;33;40mWARNING - 2023-01-04 18:21:33,132 - [34mangr.project[0m - [34mAddress is already hooked, during hook(0x10100054, <SimProcedure ExpandEnvironmentStringsA>). Re-hooking.[0m[0m
[1;33;40mWARNING - 2023-01-04 18:21:33,134 - [34mangr.project[0m - [34mAddress is already hooked, during hook(0x10100054, <SimProcedure ExpandEnvironmentStringsA>). Re-hooking.[0m[0m
[1;33;40mWARNING - 2023-01-04 18:21:33,136 - [34mangr.project[0m - [34mAddress is already hooked, during hook(0x101000cc, <SimProcedure LocalSize>). Re-hooking.[0m[0m
[1;33;40mWARNING - 2023-01-04 18:21:33,137 - [34mangr.project[0m - [34mAddress is already hooked, during hook(0x101000cc, <SimProcedure LocalSize>). Re-hooking.[0m[0m
[1;33;40mWARNING - 2023-01-04 18:21:33,153 - [34mangr.project[0m - [34mAddress is already hooked, during hook(0x101000a0, <SimProcedure GlobalUnlock>). Re-hooking.[0m[0m
[1;33;40mWARNING - 2023-01-04 18:21:33,155 - [34mangr.project[0m - [34mAddress is already hooked, during hook(0x101000a0, <SimProcedure GlobalUnlock>). Re-hooking.[0m[0m
[1;33;40mWARNING - 2023-01-04 18:21:33,174 - [34mangr.project[0m - [34mAddress is already hooked, during hook(0x10100004, <SimProcedure ResumeThread>). Re-hooking.[0m[0m
[1;33;40mWARNING - 2023-01-04 18:21:33,175 - [34mangr.project[0m - [34mAddress is already hooked, during hook(0x10100004, <SimProcedure ResumeThread>). Re-hooking.[0m[0m
[1;33;40mWARNING - 2023-01-04 18:21:33,203 - [34mangr.project[0m - [34mAddress is already hooked, during hook(0x10100100, <SimProcedure FreeLibraryAndExitThread>). Re-hooking.[0m[0m
[1;33;40mWARNING - 2023-01-04 18:21:33,205 - [34mangr.project[0m - [34mAddress is already hooked, during hook(0x10100100, <SimProcedure FreeLibraryAndExitThread>). Re-hooking.[0m[0m
[1;32;40mINFO - 2023-01-04 18:21:33,256 - [33mwerkzeug[0m - [33m172.17.0.1 - - [04/Jan/2023 18:21:33] "GET /iteration-scdg HTTP/1.1" 200 -[0m[0m
[1;33;40mWARNING - 2023-01-04 18:21:33,258 - [34mangr.project[0m - [34mAddress is already hooked, during hook(0x1010003c, <SimProcedure FreeLibrary>). Re-hooking.[0m[0m
[1;32;40mINFO - 2023-01-04 18:21:33,259 - [33mwerkzeug[0m - [33m172.17.0.1 - - [04/Jan/2023 18:21:33] "GET /progress-scdg HTTP/1.1" 200 -[0m[0m
[1;33;40mWARNING - 2023-01-04 18:21:33,262 - [34mangr.project[0m - [34mAddress is already hooked, during hook(0x1010003c, <SimProcedure FreeLibrary>). Re-hooking.[0m[0m
[1;33;40mWARNING - 2023-01-04 18:21:33,264 - [34mangr.project[0m - [34mAddress is already hooked, during hook(0x1010008c, <SimProcedure LocalFree>). Re-hooking.[0m[0m
[1;33;40mWARNING - 2023-01-04 18:21:33,266 - [34mangr.project[0m - [34mAddress is already hooked, during hook(0x1010008c, <SimProcedure LocalFree>). Re-hooking.[0m[0m
[1;33;40mWARNING - 2023-01-04 18:21:33,278 - [34mangr.project[0m - [34mAddress is already hooked, during hook(0x10100064, <SimProcedure OpenThread>). Re-hooking.[0m[0m
[1;33;40mWARNING - 2023-01-04 18:21:33,280 - [34mangr.project[0m - [34mAddress is already hooked, during hook(0x10100064, <SimProcedure OpenThread>). Re-hooking.[0m[0m
[1;33;40mWARNING - 2023-01-04 18:21:33,363 - [34mangr.project[0m - [34mAddress is already hooked, during hook(0x10100090, <SimProcedure LocalReAlloc>). Re-hooking.[0m[0m
[1;33;40mWARNING - 2023-01-04 18:21:33,364 - [34mangr.project[0m - [34mAddress is already hooked, during hook(0x10100090, <SimProcedure LocalReAlloc>). Re-hooking.[0m[0m
[1;33;40mWARNING - 2023-01-04 18:21:33,382 - [34mangr.project[0m - [34mAddress is already hooked, during hook(0x10100018, <SimProcedure VirtualFree>). Re-hooking.[0m[0m
[1;33;40mWARNING - 2023-01-04 18:21:33,383 - [34mangr.project[0m - [34mAddress is already hooked, during hook(0x10100018, <SimProcedure VirtualFree>). Re-hooking.[0m[0m
[1;33;40mWARNING - 2023-01-04 18:21:33,399 - [34mangr.project[0m - [34mAddress is already hooked, during hook(0x10100108, <SimProcedure IsBadStringPtrW>). Re-hooking.[0m[0m
[1;33;40mWARNING - 2023-01-04 18:21:33,401 - [34mangr.project[0m - [34mAddress is already hooked, during hook(0x10100108, <SimProcedure IsBadStringPtrW>). Re-hooking.[0m[0m
[1;33;40mWARNING - 2023-01-04 18:21:33,448 - [34mangr.project[0m - [34mAddress is already hooked, during hook(0x10100018, <SimProcedure VirtualFree>). Re-hooking.[0m[0m
[1;33;40mWARNING - 2023-01-04 18:21:33,450 - [34mangr.project[0m - [34mAddress is already hooked, during hook(0x10100018, <SimProcedure VirtualFree>). Re-hooking.[0m[0m
[1;33;40mWARNING - 2023-01-04 18:21:33,463 - [34mangr.project[0m - [34mAddress is already hooked, during hook(0x10100110, <SimProcedure GetCurrentProcess>). Re-hooking.[0m[0m
[1;33;40mWARNING - 2023-01-04 18:21:33,464 - [34mangr.project[0m - [34mAddress is already hooked, during hook(0x10100110, <SimProcedure GetCurrentProcess>). Re-hooking.[0m[0m
[1;33;40mWARNING - 2023-01-04 18:21:33,489 - [34mangr.project[0m - [34mAddress is already hooked, during hook(0x1010001c, <SimProcedure LeaveCriticalSection>). Re-hooking.[0m[0m
[1;33;40mWARNING - 2023-01-04 18:21:33,491 - [34mangr.project[0m - [34mAddress is already hooked, during hook(0x1010001c, <SimProcedure LeaveCriticalSection>). Re-hooking.[0m[0m
[1;33;40mWARNING - 2023-01-04 18:21:33,516 - [34mangr.project[0m - [34mAddress is already hooked, during hook(0x10100044, <SimProcedure lstrcmpA>). Re-hooking.[0m[0m
[1;33;40mWARNING - 2023-01-04 18:21:33,517 - [34mangr.project[0m - [34mAddress is already hooked, during hook(0x10100044, <SimProcedure lstrcmpA>). Re-hooking.[0m[0m
[1;33;40mWARNING - 2023-01-04 18:21:33,643 - [34mangr.project[0m - [34mAddress is already hooked, during hook(0x10100068, <SimProcedure Thread32First>). Re-hooking.[0m[0m
[1;33;40mWARNING - 2023-01-04 18:21:33,644 - [34mangr.project[0m - [34mAddress is already hooked, during hook(0x10100068, <SimProcedure Thread32First>). Re-hooking.[0m[0m
[1;33;40mWARNING - 2023-01-04 18:21:33,984 - [34mangr.project[0m - [34mAddress is already hooked, during hook(0x1010010c, <SimProcedure RaiseException>). Re-hooking.[0m[0m
[1;33;40mWARNING - 2023-01-04 18:21:33,985 - [34mangr.project[0m - [34mAddress is already hooked, during hook(0x1010010c, <SimProcedure RaiseException>). Re-hooking.[0m[0m
[1;33;40mWARNING - 2023-01-04 18:21:34,028 - [34mangr.project[0m - [34mAddress is already hooked, during hook(0x10100110, <SimProcedure GetCurrentProcess>). Re-hooking.[0m[0m
[1;33;40mWARNING - 2023-01-04 18:21:34,029 - [34mangr.project[0m - [34mAddress is already hooked, during hook(0x10100110, <SimProcedure GetCurrentProcess>). Re-hooking.[0m[0m
[1;33;40mWARNING - 2023-01-04 18:21:34,136 - [34mangr.project[0m - [34mAddress is already hooked, during hook(0x101000a4, <SimProcedure GlobalLock>). Re-hooking.[0m[0m
[1;33;40mWARNING - 2023-01-04 18:21:34,138 - [34mangr.project[0m - [34mAddress is already hooked, during hook(0x101000a4, <SimProcedure GlobalLock>). Re-hooking.[0m[0m
[1;33;40mWARNING - 2023-01-04 18:21:34,160 - [34mangr.project[0m - [34mAddress is already hooked, during hook(0x101000a0, <SimProcedure GlobalUnlock>). Re-hooking.[0m[0m
[1;33;40mWARNING - 2023-01-04 18:21:34,162 - [34mangr.project[0m - [34mAddress is already hooked, during hook(0x101000a0, <SimProcedure GlobalUnlock>). Re-hooking.[0m[0m
[1;33;40mWARNING - 2023-01-04 18:21:34,169 - [34mangr.project[0m - [34mAddress is already hooked, during hook(0x1010005c, <SimProcedure Thread32Next>). Re-hooking.[0m[0m
[1;33;40mWARNING - 2023-01-04 18:21:34,171 - [34mangr.project[0m - [34mAddress is already hooked, during hook(0x1010005c, <SimProcedure Thread32Next>). Re-hooking.[0m[0m
[1;33;40mWARNING - 2023-01-04 18:21:34,190 - [34mangr.project[0m - [34mAddress is already hooked, during hook(0x10100008, <SimProcedure lstrlenA>). Re-hooking.[0m[0m
[1;33;40mWARNING - 2023-01-04 18:21:34,191 - [34mangr.project[0m - [34mAddress is already hooked, during hook(0x10100008, <SimProcedure lstrlenA>). Re-hooking.[0m[0m
[1;33;40mWARNING - 2023-01-04 18:21:34,194 - [34mangr.project[0m - [34mAddress is already hooked, during hook(0x101000ec, <SimProcedure GetProcessTimes>). Re-hooking.[0m[0m
[1;33;40mWARNING - 2023-01-04 18:21:34,195 - [34mangr.project[0m - [34mAddress is already hooked, during hook(0x101000ec, <SimProcedure GetProcessTimes>). Re-hooking.[0m[0m
[1;33;40mWARNING - 2023-01-04 18:21:34,243 - [34mangr.project[0m - [34mAddress is already hooked, during hook(0x10100014, <SimProcedure InitializeCriticalSection>). Re-hooking.[0m[0m
[1;32;40mINFO - 2023-01-04 18:21:34,244 - [33mwerkzeug[0m - [33m172.17.0.1 - - [04/Jan/2023 18:21:34] "GET /iteration-scdg HTTP/1.1" 200 -[0m[0m
[1;32;40mINFO - 2023-01-04 18:21:34,245 - [33mwerkzeug[0m - [33m172.17.0.1 - - [04/Jan/2023 18:21:34] "GET /progress-scdg HTTP/1.1" 200 -[0m[0m
[1;32;40mINFO - 2023-01-04 18:21:34,245 - [33mwerkzeug[0m - [33m172.17.0.1 - - [04/Jan/2023 18:21:34] "GET /iteration-scdg HTTP/1.1" 200 -[0m[0m
[1;33;40mWARNING - 2023-01-04 18:21:34,248 - [34mangr.project[0m - [34mAddress is already hooked, during hook(0x10100014, <SimProcedure InitializeCriticalSection>). Re-hooking.[0m[0m
[1;32;40mINFO - 2023-01-04 18:21:34,249 - [33mwerkzeug[0m - [33m172.17.0.1 - - [04/Jan/2023 18:21:34] "GET /progress-scdg HTTP/1.1" 200 -[0m[0m
[1;33;40mWARNING - 2023-01-04 18:21:34,278 - [34mangr.project[0m - [34mAddress is already hooked, during hook(0x10100094, <SimProcedure LocalAlloc>). Re-hooking.[0m[0m
[1;33;40mWARNING - 2023-01-04 18:21:34,280 - [34mangr.project[0m - [34mAddress is already hooked, during hook(0x10100094, <SimProcedure LocalAlloc>). Re-hooking.[0m[0m
[1;33;40mWARNING - 2023-01-04 18:21:34,374 - [34mangr.project[0m - [34mAddress is already hooked, during hook(0x10100050, <SimProcedure GetVersionExA>). Re-hooking.[0m[0m
[1;33;40mWARNING - 2023-01-04 18:21:34,376 - [34mangr.project[0m - [34mAddress is already hooked, during hook(0x10100050, <SimProcedure GetVersionExA>). Re-hooking.[0m[0m
[1;33;40mWARNING - 2023-01-04 18:21:34,517 - [34mangr.project[0m - [34mAddress is already hooked, during hook(0x10100100, <SimProcedure FreeLibraryAndExitThread>). Re-hooking.[0m[0m
[1;33;40mWARNING - 2023-01-04 18:21:34,519 - [34mangr.project[0m - [34mAddress is already hooked, during hook(0x10100100, <SimProcedure FreeLibraryAndExitThread>). Re-hooking.[0m[0m
[1;33;40mWARNING - 2023-01-04 18:21:34,640 - [34mangr.project[0m - [34mAddress is already hooked, during hook(0x101000b8, <SimProcedure CreateFileMappingA>). Re-hooking.[0m[0m
[1;33;40mWARNING - 2023-01-04 18:21:34,642 - [34mangr.project[0m - [34mAddress is already hooked, during hook(0x101000b8, <SimProcedure CreateFileMappingA>). Re-hooking.[0m[0m
[1;33;40mWARNING - 2023-01-04 18:21:34,690 - [34mangr.project[0m - [34mAddress is already hooked, during hook(0x10100000, <SimProcedure SuspendThread>). Re-hooking.[0m[0m
[1;33;40mWARNING - 2023-01-04 18:21:34,692 - [34mangr.project[0m - [34mAddress is already hooked, during hook(0x10100000, <SimProcedure SuspendThread>). Re-hooking.[0m[0m
[1;33;40mWARNING - 2023-01-04 18:21:34,709 - [34mangr.project[0m - [34mAddress is already hooked, during hook(0x10100114, <SimProcedure CloseHandle>). Re-hooking.[0m[0m
[1;33;40mWARNING - 2023-01-04 18:21:34,711 - [34mangr.project[0m - [34mAddress is already hooked, during hook(0x10100114, <SimProcedure CloseHandle>). Re-hooking.[0m[0m
[1;33;40mWARNING - 2023-01-04 18:21:34,738 - [34mangr.project[0m - [34mAddress is already hooked, during hook(0x1010004c, <SimProcedure GetPrivateProfileSectionNamesA>). Re-hooking.[0m[0m
[1;33;40mWARNING - 2023-01-04 18:21:34,740 - [34mangr.project[0m - [34mAddress is already hooked, during hook(0x1010004c, <SimProcedure GetPrivateProfileSectionNamesA>). Re-hooking.[0m[0m
[1;33;40mWARNING - 2023-01-04 18:21:34,855 - [34mangr.project[0m - [34mAddress is already hooked, during hook(0x10100078, <SimProcedure SetEnvironmentVariableA>). Re-hooking.[0m[0m
[1;33;40mWARNING - 2023-01-04 18:21:34,857 - [34mangr.project[0m - [34mAddress is already hooked, during hook(0x10100078, <SimProcedure SetEnvironmentVariableA>). Re-hooking.[0m[0m
[1;33;40mWARNING - 2023-01-04 18:21:35,074 - [34mangr.project[0m - [34mAddress is already hooked, during hook(0x10100010, <SimProcedure lstrcmpiA>). Re-hooking.[0m[0m
[1;33;40mWARNING - 2023-01-04 18:21:35,075 - [34mangr.project[0m - [34mAddress is already hooked, during hook(0x10100010, <SimProcedure lstrcmpiA>). Re-hooking.[0m[0m
[1;33;40mWARNING - 2023-01-04 18:21:35,168 - [34mangr.project[0m - [34mAddress is already hooked, during hook(0x101000d0, <SimProcedure GlobalFree>). Re-hooking.[0m[0m
[1;33;40mWARNING - 2023-01-04 18:21:35,170 - [34mangr.project[0m - [34mAddress is already hooked, during hook(0x101000d0, <SimProcedure GlobalFree>). Re-hooking.[0m[0m
[1;33;40mWARNING - 2023-01-04 18:21:35,272 - [34mangr.project[0m - [34mAddress is already hooked, during hook(0x101000f0, <SimProcedure GlobalMemoryStatusEx>). Re-hooking.[0m[0m
[1;33;40mWARNING - 2023-01-04 18:21:35,274 - [34mangr.project[0m - [34mAddress is already hooked, during hook(0x101000f0, <SimProcedure GlobalMemoryStatusEx>). Re-hooking.[0m[0m
[1;33;40mWARNING - 2023-01-04 18:21:35,508 - [34mangr.project[0m - [34mAddress is already hooked, during hook(0x10100014, <SimProcedure InitializeCriticalSection>). Re-hooking.[0m[0m
[1;33;40mWARNING - 2023-01-04 18:21:35,510 - [34mangr.project[0m - [34mAddress is already hooked, during hook(0x10100014, <SimProcedure InitializeCriticalSection>). Re-hooking.[0m[0m
[1;33;40mWARNING - 2023-01-04 18:21:35,545 - [34mangr.project[0m - [34mAddress is already hooked, during hook(0x10100048, <SimProcedure GetPrivateProfileStringA>). Re-hooking.[0m[0m
[1;33;40mWARNING - 2023-01-04 18:21:35,547 - [34mangr.project[0m - [34mAddress is already hooked, during hook(0x10100048, <SimProcedure GetPrivateProfileStringA>). Re-hooking.[0m[0m
[1;33;40mWARNING - 2023-01-04 18:21:35,651 - [34mangr.project[0m - [34mAddress is already hooked, during hook(0x101000f8, <SimProcedure RemoveDirectoryA>). Re-hooking.[0m[0m
[1;33;40mWARNING - 2023-01-04 18:21:35,653 - [34mangr.project[0m - [34mAddress is already hooked, during hook(0x101000f8, <SimProcedure RemoveDirectoryA>). Re-hooking.[0m[0m
[1;33;40mWARNING - 2023-01-04 18:21:35,690 - [34mangr.project[0m - [34mAddress is already hooked, during hook(0x10100080, <SimProcedure GetLongPathNameA>). Re-hooking.[0m[0m
[1;33;40mWARNING - 2023-01-04 18:21:35,692 - [34mangr.project[0m - [34mAddress is already hooked, during hook(0x10100080, <SimProcedure GetLongPathNameA>). Re-hooking.[0m[0m
[1;33;40mWARNING - 2023-01-04 18:21:35,693 - [34mangr.project[0m - [34mAddress is already hooked, during hook(0x10100088, <SimProcedure Sleep>). Re-hooking.[0m[0m
[1;33;40mWARNING - 2023-01-04 18:21:35,694 - [34mangr.project[0m - [34mAddress is already hooked, during hook(0x10100088, <SimProcedure Sleep>). Re-hooking.[0m[0m
[1;33;40mWARNING - 2023-01-04 18:21:35,804 - [34mangr.project[0m - [34mAddress is already hooked, during hook(0x1010017c, <SimProcedure _wcsicmp>). Re-hooking.[0m[0m
[1;33;40mWARNING - 2023-01-04 18:21:35,805 - [34mangr.project[0m - [34mAddress is already hooked, during hook(0x1010017c, <SimProcedure _wcsicmp>). Re-hooking.[0m[0m
[1;33;40mWARNING - 2023-01-04 18:21:36,085 - [34mangr.project[0m - [34mAddress is already hooked, during hook(0x10100170, <SimProcedure _onexit>). Re-hooking.[0m[0m
[1;33;40mWARNING - 2023-01-04 18:21:36,086 - [34mangr.project[0m - [34mAddress is already hooked, during hook(0x10100170, <SimProcedure _onexit>). Re-hooking.[0m[0m
[1;33;40mWARNING - 2023-01-04 18:21:36,275 - [34mangr.project[0m - [34mAddress is already hooked, during hook(0x10100190, <SimProcedure wcsrchr>). Re-hooking.[0m[0m
[1;33;40mWARNING - 2023-01-04 18:21:36,277 - [34mangr.project[0m - [34mAddress is already hooked, during hook(0x10100190, <SimProcedure wcsrchr>). Re-hooking.[0m[0m
[1;33;40mWARNING - 2023-01-04 18:21:36,284 - [34mangr.project[0m - [34mAddress is already hooked, during hook(0x1010017c, <SimProcedure _wcsicmp>). Re-hooking.[0m[0m
[1;33;40mWARNING - 2023-01-04 18:21:36,286 - [34mangr.project[0m - [34mAddress is already hooked, during hook(0x1010017c, <SimProcedure _wcsicmp>). Re-hooking.[0m[0m
[1;33;40mWARNING - 2023-01-04 18:21:36,430 - [34mangr.project[0m - [34mAddress is already hooked, during hook(0x10100188, <SimProcedure _itoa>). Re-hooking.[0m[0m
[1;33;40mWARNING - 2023-01-04 18:21:36,431 - [34mangr.project[0m - [34mAddress is already hooked, during hook(0x10100188, <SimProcedure _itoa>). Re-hooking.[0m[0m
[1;33;40mWARNING - 2023-01-04 18:21:36,550 - [34mangr.project[0m - [34mAddress is already hooked, during hook(0x101001ec, <SimProcedure strrchr>). Re-hooking.[0m[0m
[1;33;40mWARNING - 2023-01-04 18:21:36,552 - [34mangr.project[0m - [34mAddress is already hooked, during hook(0x101001ec, <SimProcedure strrchr>). Re-hooking.[0m[0m
[1;33;40mWARNING - 2023-01-04 18:21:36,632 - [34mangr.project[0m - [34mAddress is already hooked, during hook(0x10100180, <SimProcedure _memicmp>). Re-hooking.[0m[0m
[1;33;40mWARNING - 2023-01-04 18:21:36,635 - [34mangr.project[0m - [34mAddress is already hooked, during hook(0x10100180, <SimProcedure _memicmp>). Re-hooking.[0m[0m
[1;33;40mWARNING - 2023-01-04 18:21:36,654 - [34mangr.project[0m - [34mAddress is already hooked, during hook(0x10100170, <SimProcedure _onexit>). Re-hooking.[0m[0m
[1;33;40mWARNING - 2023-01-04 18:21:36,656 - [34mangr.project[0m - [34mAddress is already hooked, during hook(0x10100170, <SimProcedure _onexit>). Re-hooking.[0m[0m
[1;33;40mWARNING - 2023-01-04 18:21:36,698 - [34mangr.project[0m - [34mAddress is already hooked, during hook(0x10100190, <SimProcedure wcsrchr>). Re-hooking.[0m[0m
[1;33;40mWARNING - 2023-01-04 18:21:36,700 - [34mangr.project[0m - [34mAddress is already hooked, during hook(0x10100190, <SimProcedure wcsrchr>). Re-hooking.[0m[0m
[1;33;40mWARNING - 2023-01-04 18:21:36,900 - [34mangr.project[0m - [34mAddress is already hooked, during hook(0x10100184, <SimProcedure _strupr>). Re-hooking.[0m[0m
[1;33;40mWARNING - 2023-01-04 18:21:36,901 - [34mangr.project[0m - [34mAddress is already hooked, during hook(0x10100184, <SimProcedure _strupr>). Re-hooking.[0m[0m
[1;33;40mWARNING - 2023-01-04 18:21:37,338 - [34mangr.project[0m - [34mAddress is already hooked, during hook(0x1010018c, <SimProcedure _strlwr>). Re-hooking.[0m[0m
[1;33;40mWARNING - 2023-01-04 18:21:37,339 - [34mangr.project[0m - [34mAddress is already hooked, during hook(0x1010018c, <SimProcedure _strlwr>). Re-hooking.[0m[0m
[1;33;40mWARNING - 2023-01-04 18:21:37,515 - [34mangr.project[0m - [34mAddress is already hooked, during hook(0x101001b8, <SimProcedure memmove>). Re-hooking.[0m[0m
[1;33;40mWARNING - 2023-01-04 18:21:37,517 - [34mangr.project[0m - [34mAddress is already hooked, during hook(0x101001b8, <SimProcedure memmove>). Re-hooking.[0m[0m
[1;33;40mWARNING - 2023-01-04 18:21:37,541 - [34mangr.project[0m - [34mAddress is already hooked, during hook(0x10100180, <SimProcedure _memicmp>). Re-hooking.[0m[0m
[1;33;40mWARNING - 2023-01-04 18:21:37,542 - [34mangr.project[0m - [34mAddress is already hooked, during hook(0x10100180, <SimProcedure _memicmp>). Re-hooking.[0m[0m
[1;33;40mWARNING - 2023-01-04 18:21:37,546 - [34mangr.project[0m - [34mAddress is already hooked, during hook(0x10100188, <SimProcedure _itoa>). Re-hooking.[0m[0m
[1;33;40mWARNING - 2023-01-04 18:21:37,548 - [34mangr.project[0m - [34mAddress is already hooked, during hook(0x10100188, <SimProcedure _itoa>). Re-hooking.[0m[0m
[1;33;40mWARNING - 2023-01-04 18:21:37,568 - [34mangr.project[0m - [34mAddress is already hooked, during hook(0x1010019c, <SimProcedure wcstombs>). Re-hooking.[0m[0m
[1;33;40mWARNING - 2023-01-04 18:21:37,569 - [34mangr.project[0m - [34mAddress is already hooked, during hook(0x1010019c, <SimProcedure wcstombs>). Re-hooking.[0m[0m
[1;33;40mWARNING - 2023-01-04 18:21:37,734 - [34mangr.project[0m - [34mAddress is already hooked, during hook(0x10100194, <SimProcedure wcslen>). Re-hooking.[0m[0m
[1;33;40mWARNING - 2023-01-04 18:21:37,736 - [34mangr.project[0m - [34mAddress is already hooked, during hook(0x10100194, <SimProcedure wcslen>). Re-hooking.[0m[0m
[1;33;40mWARNING - 2023-01-04 18:21:37,860 - [34mangr.project[0m - [34mAddress is already hooked, during hook(0x10100184, <SimProcedure _strupr>). Re-hooking.[0m[0m
[1;33;40mWARNING - 2023-01-04 18:21:37,862 - [34mangr.project[0m - [34mAddress is already hooked, during hook(0x10100184, <SimProcedure _strupr>). Re-hooking.[0m[0m
[1;33;40mWARNING - 2023-01-04 18:21:37,870 - [34mangr.project[0m - [34mAddress is already hooked, during hook(0x1010019c, <SimProcedure wcstombs>). Re-hooking.[0m[0m
[1;33;40mWARNING - 2023-01-04 18:21:37,872 - [34mangr.project[0m - [34mAddress is already hooked, during hook(0x1010019c, <SimProcedure wcstombs>). Re-hooking.[0m[0m
[1;33;40mWARNING - 2023-01-04 18:21:37,976 - [34mangr.project[0m - [34mAddress is already hooked, during hook(0x101001b8, <SimProcedure memmove>). Re-hooking.[0m[0m
[1;33;40mWARNING - 2023-01-04 18:21:37,978 - [34mangr.project[0m - [34mAddress is already hooked, during hook(0x101001b8, <SimProcedure memmove>). Re-hooking.[0m[0m
[1;33;40mWARNING - 2023-01-04 18:21:38,167 - [34mangr.project[0m - [34mAddress is already hooked, during hook(0x10100194, <SimProcedure wcslen>). Re-hooking.[0m[0m
[1;33;40mWARNING - 2023-01-04 18:21:38,169 - [34mangr.project[0m - [34mAddress is already hooked, during hook(0x10100194, <SimProcedure wcslen>). Re-hooking.[0m[0m
[1;33;40mWARNING - 2023-01-04 18:21:38,246 - [34mangr.project[0m - [34mAddress is already hooked, during hook(0x1010018c, <SimProcedure _strlwr>). Re-hooking.[0m[0m
[1;33;40mWARNING - 2023-01-04 18:21:38,248 - [34mangr.project[0m - [34mAddress is already hooked, during hook(0x1010018c, <SimProcedure _strlwr>). Re-hooking.[0m[0m
[1;32;40mINFO - 2023-01-04 18:21:38,249 - [33mwerkzeug[0m - [33m172.17.0.1 - - [04/Jan/2023 18:21:38] "GET /iteration-scdg HTTP/1.1" 200 -[0m[0m
[1;32;40mINFO - 2023-01-04 18:21:38,253 - [33mwerkzeug[0m - [33m172.17.0.1 - - [04/Jan/2023 18:21:38] "GET /progress-scdg HTTP/1.1" 200 -[0m[0m
[1;33;40mWARNING - 2023-01-04 18:21:38,302 - [34mangr.project[0m - [34mAddress is already hooked, during hook(0x101001ec, <SimProcedure strrchr>). Re-hooking.[0m[0m
[1;33;40mWARNING - 2023-01-04 18:21:38,304 - [34mangr.project[0m - [34mAddress is already hooked, during hook(0x101001ec, <SimProcedure strrchr>). Re-hooking.[0m[0m
[1;32;40mINFO - 2023-01-04 18:21:39,248 - [33mwerkzeug[0m - [33m172.17.0.1 - - [04/Jan/2023 18:21:39] "GET /iteration-scdg HTTP/1.1" 200 -[0m[0m
[1;32;40mINFO - 2023-01-04 18:21:39,260 - [33mwerkzeug[0m - [33m172.17.0.1 - - [04/Jan/2023 18:21:39] "GET /progress-scdg HTTP/1.1" 200 -[0m[0m
[1;32;40mINFO - 2023-01-04 18:21:39,291 - [33mwerkzeug[0m - [33m172.17.0.1 - - [04/Jan/2023 18:21:39] "GET /iteration-scdg HTTP/1.1" 200 -[0m[0m
[1;32;40mINFO - 2023-01-04 18:21:39,303 - [33mwerkzeug[0m - [33m172.17.0.1 - - [04/Jan/2023 18:21:39] "GET /progress-scdg HTTP/1.1" 200 -[0m[0m
[1;32;40mINFO - 2023-01-04 18:21:40,115 - [31mToolChainExplorerAnotherCDFS[0m - [31mEnd of the trace number 0 with errors[0m[0m
[1;32;40mINFO - 2023-01-04 18:21:40,115 - [31mToolChainExplorerAnotherCDFS[0m - <SimState @ 0x100184c4>[0m
[1;32;40mINFO - 2023-01-04 18:21:40,116 - [31mToolChainExplorerAnotherCDFS[0m - IR decoding error at 0x100184c4. You can hook this instruction with a python replacement using project.hook(0x100184c4, your_function, length=length_of_instruction).[0m
[1;32;40mINFO - 2023-01-04 18:21:40,116 - [31mToolChainExplorerAnotherCDFS[0m - [31mlen(simgr.active) <= 0 or deadended >= self.max_end_state)[0m[0m
[1;32;40mINFO - 2023-01-04 18:21:40,118 - [37mGraphBuilder[0m - [37mOutput dir :src/output/runs/71//Gh0stRAT[0m[0m
