[1;33;40mWARNING - 2023-01-04 10:47:57,027 - [34mangr.project[0m - [34mDisabling IRSB translation cache because support for self-modifying code is enabled.[0m[0m
[1;32;40mINFO - 2023-01-04 10:47:58,044 - [33mwerkzeug[0m - [33m172.17.0.1 - - [04/Jan/2023 10:47:58] "GET /iteration-scdg HTTP/1.1" 200 -[0m[0m
[1;32;40mINFO - 2023-01-04 10:47:58,045 - [33mwerkzeug[0m - [33m172.17.0.1 - - [04/Jan/2023 10:47:58] "GET /progress-scdg HTTP/1.1" 200 -[0m[0m
[1;32;40mINFO - 2023-01-04 10:47:58,194 - [33mwerkzeug[0m - [33m172.17.0.1 - - [04/Jan/2023 10:47:58] "GET /iteration-scdg HTTP/1.1" 200 -[0m[0m
[1;32;40mINFO - 2023-01-04 10:47:58,196 - [33mwerkzeug[0m - [33m172.17.0.1 - - [04/Jan/2023 10:47:58] "GET /progress-scdg HTTP/1.1" 200 -[0m[0m
[1;32;40mINFO - 2023-01-04 10:48:01,065 - [36mCustomSimProcedure[0m - {'WriteFile': 5242880, 'CloseHandle': 5242884, 'VirtualProtect': 5242888, 'DecodePointer': 5242892, 'GetConsoleMode': 5242896, 'GetConsoleOutputCP': 5242900, 'FlushFileBuffers': 5242904, 'HeapReAlloc': 5242908, 'HeapSize': 5242912, 'SetFilePointerEx': 5242916, 'GetProcessHeap': 5242920, 'LCMapStringW': 5242924, 'ReadFile': 5242928, 'GetStringTypeW': 5242932, 'SetStdHandle': 5242936, 'FreeEnvironmentStringsW': 5242940, 'GetEnvironmentStringsW': 5242944, 'WideCharToMultiByte': 5242948, 'MultiByteToWideChar': 5242952, 'GetCommandLineW': 5242956, 'GetCommandLineA': 5242960, 'GetCPInfo': 5242964, 'GetOEMCP': 5242968, 'GetACP': 5242972, 'CreateFileW': 5242976, 'QueryPerformanceCounter': 5242980, 'GetCurrentProcessId': 5242984, 'GetCurrentThreadId': 5242988, 'GetSystemTimeAsFileTime': 5242992, 'InitializeSListHead': 5242996, 'IsDebuggerPresent': 5243000, 'UnhandledExceptionFilter': 5243004, 'SetUnhandledExceptionFilter': 5243008, 'GetStartupInfoW': 5243012, 'IsProcessorFeaturePresent': 5243016, 'GetModuleHandleW': 5243020, 'GetCurrentProcess': 5243024, 'TerminateProcess': 5243028, 'RaiseException': 5243032, 'RtlUnwind': 5243036, 'GetLastError': 5243040, 'SetLastError': 5243044, 'EncodePointer': 5243048, 'EnterCriticalSection': 5243052, 'LeaveCriticalSection': 5243056, 'DeleteCriticalSection': 5243060, 'InitializeCriticalSectionAndSpinCount': 5243064, 'TlsAlloc': 5243068, 'TlsGetValue': 5243072, 'TlsSetValue': 5243076, 'TlsFree': 5243080, 'FreeLibrary': 5243084, 'GetProcAddress': 5243088, 'LoadLibraryExW': 5243092, 'GetStdHandle': 5243096, 'GetModuleFileNameW': 5243100, 'ExitProcess': 5243104, 'GetModuleHandleExW': 5243108, 'HeapFree': 5243112, 'HeapAlloc': 5243116, 'GetFileType': 5243120, 'FindClose': 5243124, 'FindFirstFileExW': 5243128, 'FindNextFileW': 5243132, 'IsValidCodePage': 5243136, 'WriteConsoleW': 5243140, 'LoadCursorW': 5243144, 'GetWindowLongW': 5243148, 'MessageBeep': 5243152, 'MessageBoxW': 5243156, 'GetWindowTextW': 5243160, 'SetWindowTextW': 5243164, 'EndPaint': 5243168, 'BeginPaint': 5243172, 'GetDC': 5243176, 'UpdateWindow': 5243180, 'GrayStringW': 5243184, 'TranslateAcceleratorW': 5243188, 'LoadAcceleratorsW': 5243192, 'LoadIconW': 5243196, 'GetDlgItem': 5243200, 'EndDialog': 5243204, 'DialogBoxParamW': 5243208, 'ShowWindow': 5243212, 'DestroyWindow': 5243216, 'CreateWindowExW': 5243220, 'RegisterClassExW': 5243224, 'PostQuitMessage': 5243228, 'DefWindowProcW': 5243232, 'SendMessageW': 5243236, 'DispatchMessageW': 5243240, 'TranslateMessage': 5243244, 'GetMessageW': 5243248, 'LoadStringW': 5243252, 'SendDlgItemMessageW': 5243256, 'GetOpenFileNameW': 5243260, 'KiUserExceptionDispatcher': 6295572, '_fmode': 6295576, '_commode': 6295580, '_acmdln': 6295584, '_wcmdln': 6295588}[0m
[1;32;40mINFO - 2023-01-04 10:48:01,065 - [36mCustomSimProcedure[0m - [36mWas in angr :user32.dll[0m[0m
[1;33;40mWARNING - 2023-01-04 10:48:01,067 - [36mCustomSimProcedure[0m - [36mProcedure wsprintfA in DLL user32.dll has 3 arguments in json and 2 arguments in angr prototype. Taking number of arguments from json.[0m[0m
[1;33;40mWARNING - 2023-01-04 10:48:01,068 - [36mCustomSimProcedure[0m - [36mProcedure wsprintfW in DLL user32.dll has 3 arguments in json and 2 arguments in angr prototype. Taking number of arguments from json.[0m[0m
[1;33;40mWARNING - 2023-01-04 10:48:01,113 - [34mangr.project[0m - [34mAddress is already hooked, during hook(0x50017c, <SimProcedure GetOpenFileNameW>). Not re-hooking.[0m[0m
[1;32;40mINFO - 2023-01-04 10:48:01,114 - [36mCustomSimProcedure[0m - [36mWas in angr :kernel32.dll[0m[0m
[1;33;40mWARNING - 2023-01-04 10:48:01,198 - [34mangr.project[0m - [34mAddress is already hooked, during hook(0x601014, <SimProcedure KiUserExceptionDispatcher>). Not re-hooking.[0m[0m
[1;32;40mINFO - 2023-01-04 10:48:01,198 - [36mCustomSimProcedure[0m - [36mNo hooks for: {'_fmode': 6295576, '_commode': 6295580, '_acmdln': 6295584, '_wcmdln': 6295588}[0m[0m
[1;32;40mINFO - 2023-01-04 10:48:01,198 - [36mCustomSimProcedure[0m - [36mcustom_hook_static[0m[0m
[1;33;40mWARNING - 2023-01-04 10:48:01,199 - [34mangr.project[0m - [34mAddress is already hooked, during hook(0x400000, <SimProcedure VirtualProtect>). Not re-hooking.[0m[0m
[1;33;40mWARNING - 2023-01-04 10:48:01,199 - [34mangr.project[0m - [34mAddress is already hooked, during hook(0x400000, <SimProcedure HeapReAlloc>). Not re-hooking.[0m[0m
[1;33;40mWARNING - 2023-01-04 10:48:01,199 - [34mangr.project[0m - [34mAddress is already hooked, during hook(0x400000, <SimProcedure GetProcessHeap>). Not re-hooking.[0m[0m
[1;33;40mWARNING - 2023-01-04 10:48:01,199 - [34mangr.project[0m - [34mAddress is already hooked, during hook(0x400000, <SimProcedure ReadFile>). Not re-hooking.[0m[0m
[1;33;40mWARNING - 2023-01-04 10:48:01,199 - [34mangr.project[0m - [34mAddress is already hooked, during hook(0x400000, <SimProcedure GetCommandLineW>). Not re-hooking.[0m[0m
[1;33;40mWARNING - 2023-01-04 10:48:01,199 - [34mangr.project[0m - [34mAddress is already hooked, during hook(0x400000, <SimProcedure GetCommandLineA>). Not re-hooking.[0m[0m
[1;33;40mWARNING - 2023-01-04 10:48:01,200 - [34mangr.project[0m - [34mAddress is already hooked, during hook(0x400000, <SimProcedure QueryPerformanceCounter>). Not re-hooking.[0m[0m
[1;33;40mWARNING - 2023-01-04 10:48:01,200 - [34mangr.project[0m - [34mAddress is already hooked, during hook(0x400000, <SimProcedure GetCurrentProcessId>). Not re-hooking.[0m[0m
[1;33;40mWARNING - 2023-01-04 10:48:01,200 - [34mangr.project[0m - [34mAddress is already hooked, during hook(0x400000, <SimProcedure GetCurrentThreadId>). Not re-hooking.[0m[0m
[1;33;40mWARNING - 2023-01-04 10:48:01,200 - [34mangr.project[0m - [34mAddress is already hooked, during hook(0x400000, <SimProcedure GetSystemTimeAsFileTime>). Not re-hooking.[0m[0m
[1;33;40mWARNING - 2023-01-04 10:48:01,200 - [34mangr.project[0m - [34mAddress is already hooked, during hook(0x400000, <SimProcedure IsProcessorFeaturePresent>). Not re-hooking.[0m[0m
[1;33;40mWARNING - 2023-01-04 10:48:01,200 - [34mangr.project[0m - [34mAddress is already hooked, during hook(0x400000, <SimProcedure EncodePointer>). Not re-hooking.[0m[0m
[1;33;40mWARNING - 2023-01-04 10:48:01,201 - [34mangr.project[0m - [34mAddress is already hooked, during hook(0x400000, <SimProcedure InitializeCriticalSectionAndSpinCount>). Not re-hooking.[0m[0m
[1;33;40mWARNING - 2023-01-04 10:48:01,201 - [34mangr.project[0m - [34mAddress is already hooked, during hook(0x400000, <SimProcedure TlsAlloc>). Not re-hooking.[0m[0m
[1;33;40mWARNING - 2023-01-04 10:48:01,201 - [34mangr.project[0m - [34mAddress is already hooked, during hook(0x400000, <SimProcedure TlsGetValue>). Not re-hooking.[0m[0m
[1;33;40mWARNING - 2023-01-04 10:48:01,201 - [34mangr.project[0m - [34mAddress is already hooked, during hook(0x400000, <SimProcedure TlsSetValue>). Not re-hooking.[0m[0m
[1;33;40mWARNING - 2023-01-04 10:48:01,201 - [34mangr.project[0m - [34mAddress is already hooked, during hook(0x400000, <SimProcedure TlsFree>). Not re-hooking.[0m[0m
[1;33;40mWARNING - 2023-01-04 10:48:01,201 - [34mangr.project[0m - [34mAddress is already hooked, during hook(0x400000, <SimProcedure GetStdHandle>). Not re-hooking.[0m[0m
[1;33;40mWARNING - 2023-01-04 10:48:01,202 - [34mangr.project[0m - [34mAddress is already hooked, during hook(0x400000, <SimProcedure ExitProcess>). Not re-hooking.[0m[0m
[1;33;40mWARNING - 2023-01-04 10:48:01,202 - [34mangr.project[0m - [34mAddress is already hooked, during hook(0x400000, <SimProcedure HeapFree>). Not re-hooking.[0m[0m
[1;33;40mWARNING - 2023-01-04 10:48:01,203 - [34mangr.project[0m - [34mAddress is already hooked, during hook(0x400000, <SimProcedure HeapAlloc>). Not re-hooking.[0m[0m
[1;33;40mWARNING - 2023-01-04 10:48:01,205 - [34mangr.project[0m - [34mAddress is already hooked, during hook(0x400000, <SimProcedure MessageBoxW>). Not re-hooking.[0m[0m
[1;33;40mWARNING - 2023-01-04 10:48:01,205 - [34mangr.project[0m - [34mAddress is already hooked, during hook(0x500000, <SimProcedure WriteFile>). Not re-hooking.[0m[0m
[1;33;40mWARNING - 2023-01-04 10:48:01,205 - [34mangr.project[0m - [34mAddress is already hooked, during hook(0x500008, <SimProcedure VirtualProtect>). Not re-hooking.[0m[0m
[1;33;40mWARNING - 2023-01-04 10:48:01,206 - [34mangr.project[0m - [34mAddress is already hooked, during hook(0x50001c, <SimProcedure HeapReAlloc>). Not re-hooking.[0m[0m
[1;33;40mWARNING - 2023-01-04 10:48:01,206 - [34mangr.project[0m - [34mAddress is already hooked, during hook(0x500028, <SimProcedure GetProcessHeap>). Not re-hooking.[0m[0m
[1;33;40mWARNING - 2023-01-04 10:48:01,206 - [34mangr.project[0m - [34mAddress is already hooked, during hook(0x500030, <SimProcedure ReadFile>). Not re-hooking.[0m[0m
[1;33;40mWARNING - 2023-01-04 10:48:01,206 - [34mangr.project[0m - [34mAddress is already hooked, during hook(0x50004c, <SimProcedure GetCommandLineW>). Not re-hooking.[0m[0m
[1;33;40mWARNING - 2023-01-04 10:48:01,206 - [34mangr.project[0m - [34mAddress is already hooked, during hook(0x500050, <SimProcedure GetCommandLineA>). Not re-hooking.[0m[0m
[1;33;40mWARNING - 2023-01-04 10:48:01,206 - [34mangr.project[0m - [34mAddress is already hooked, during hook(0x500064, <SimProcedure QueryPerformanceCounter>). Not re-hooking.[0m[0m
[1;33;40mWARNING - 2023-01-04 10:48:01,206 - [34mangr.project[0m - [34mAddress is already hooked, during hook(0x500068, <SimProcedure GetCurrentProcessId>). Not re-hooking.[0m[0m
[1;33;40mWARNING - 2023-01-04 10:48:01,206 - [34mangr.project[0m - [34mAddress is already hooked, during hook(0x50006c, <SimProcedure GetCurrentThreadId>). Not re-hooking.[0m[0m
[1;33;40mWARNING - 2023-01-04 10:48:01,207 - [34mangr.project[0m - [34mAddress is already hooked, during hook(0x500070, <SimProcedure GetSystemTimeAsFileTime>). Not re-hooking.[0m[0m
[1;33;40mWARNING - 2023-01-04 10:48:01,207 - [34mangr.project[0m - [34mAddress is already hooked, during hook(0x500088, <SimProcedure IsProcessorFeaturePresent>). Not re-hooking.[0m[0m
[1;33;40mWARNING - 2023-01-04 10:48:01,207 - [34mangr.project[0m - [34mAddress is already hooked, during hook(0x5000a8, <SimProcedure EncodePointer>). Not re-hooking.[0m[0m
[1;33;40mWARNING - 2023-01-04 10:48:01,207 - [34mangr.project[0m - [34mAddress is already hooked, during hook(0x5000b8, <SimProcedure InitializeCriticalSectionAndSpinCount>). Not re-hooking.[0m[0m
[1;33;40mWARNING - 2023-01-04 10:48:01,207 - [34mangr.project[0m - [34mAddress is already hooked, during hook(0x5000bc, <SimProcedure TlsAlloc>). Not re-hooking.[0m[0m
[1;33;40mWARNING - 2023-01-04 10:48:01,207 - [34mangr.project[0m - [34mAddress is already hooked, during hook(0x5000c0, <SimProcedure TlsGetValue>). Not re-hooking.[0m[0m
[1;33;40mWARNING - 2023-01-04 10:48:01,207 - [34mangr.project[0m - [34mAddress is already hooked, during hook(0x5000c4, <SimProcedure TlsSetValue>). Not re-hooking.[0m[0m
[1;33;40mWARNING - 2023-01-04 10:48:01,208 - [34mangr.project[0m - [34mAddress is already hooked, during hook(0x5000c8, <SimProcedure TlsFree>). Not re-hooking.[0m[0m
[1;33;40mWARNING - 2023-01-04 10:48:01,208 - [34mangr.project[0m - [34mAddress is already hooked, during hook(0x5000d8, <SimProcedure GetStdHandle>). Not re-hooking.[0m[0m
[1;33;40mWARNING - 2023-01-04 10:48:01,208 - [34mangr.project[0m - [34mAddress is already hooked, during hook(0x5000e0, <SimProcedure ExitProcess>). Not re-hooking.[0m[0m
[1;33;40mWARNING - 2023-01-04 10:48:01,208 - [34mangr.project[0m - [34mAddress is already hooked, during hook(0x5000e8, <SimProcedure HeapFree>). Not re-hooking.[0m[0m
[1;33;40mWARNING - 2023-01-04 10:48:01,208 - [34mangr.project[0m - [34mAddress is already hooked, during hook(0x5000ec, <SimProcedure HeapAlloc>). Not re-hooking.[0m[0m
[1;33;40mWARNING - 2023-01-04 10:48:01,208 - [34mangr.project[0m - [34mAddress is already hooked, during hook(0x500114, <SimProcedure MessageBoxW>). Not re-hooking.[0m[0m
[1;33;40mWARNING - 2023-01-04 10:48:01,208 - [34mangr.project[0m - [34mAddress is already hooked, during hook(0x601014, <SimProcedure KiUserExceptionDispatcher>). Not re-hooking.[0m[0m
[1;32;40mINFO - 2023-01-04 10:48:01,209 - [36mCustomSimProcedure[0m - [36mcustom_hook_windows_symbols[0m[0m
[1;33;40mWARNING - 2023-01-04 10:48:01,221 - [34mangr.project[0m - [34mAddress is already hooked, during hook(0x500164, <SimProcedure SendMessageW>). Re-hooking.[0m[0m
[1;33;40mWARNING - 2023-01-04 10:48:01,223 - [34mangr.project[0m - [34mAddress is already hooked, during hook(0x500164, <SimProcedure SendMessageW>). Re-hooking.[0m[0m
[1;33;40mWARNING - 2023-01-04 10:48:01,239 - [34mangr.project[0m - [34mAddress is already hooked, during hook(0x50012c, <SimProcedure UpdateWindow>). Re-hooking.[0m[0m
[1;33;40mWARNING - 2023-01-04 10:48:01,240 - [34mangr.project[0m - [34mAddress is already hooked, during hook(0x50012c, <SimProcedure UpdateWindow>). Re-hooking.[0m[0m
[1;33;40mWARNING - 2023-01-04 10:48:01,300 - [34mangr.project[0m - [34mAddress is already hooked, during hook(0x500110, <SimProcedure MessageBeep>). Re-hooking.[0m[0m
[1;33;40mWARNING - 2023-01-04 10:48:01,301 - [34mangr.project[0m - [34mAddress is already hooked, during hook(0x500110, <SimProcedure MessageBeep>). Re-hooking.[0m[0m
[1;33;40mWARNING - 2023-01-04 10:48:01,396 - [34mangr.project[0m - [34mAddress is already hooked, during hook(0x500148, <SimProcedure DialogBoxParamW>). Re-hooking.[0m[0m
[1;33;40mWARNING - 2023-01-04 10:48:01,398 - [34mangr.project[0m - [34mAddress is already hooked, during hook(0x500148, <SimProcedure DialogBoxParamW>). Re-hooking.[0m[0m
[1;33;40mWARNING - 2023-01-04 10:48:01,449 - [34mangr.project[0m - [34mAddress is already hooked, during hook(0x500150, <SimProcedure DestroyWindow>). Re-hooking.[0m[0m
[1;33;40mWARNING - 2023-01-04 10:48:01,450 - [34mangr.project[0m - [34mAddress is already hooked, during hook(0x500150, <SimProcedure DestroyWindow>). Re-hooking.[0m[0m
[1;33;40mWARNING - 2023-01-04 10:48:01,496 - [34mangr.project[0m - [34mAddress is already hooked, during hook(0x50013c, <SimProcedure LoadIconW>). Re-hooking.[0m[0m
[1;33;40mWARNING - 2023-01-04 10:48:01,498 - [34mangr.project[0m - [34mAddress is already hooked, during hook(0x50013c, <SimProcedure LoadIconW>). Re-hooking.[0m[0m
[1;33;40mWARNING - 2023-01-04 10:48:01,517 - [34mangr.project[0m - [34mAddress is already hooked, during hook(0x500158, <SimProcedure RegisterClassExW>). Re-hooking.[0m[0m
[1;33;40mWARNING - 2023-01-04 10:48:01,519 - [34mangr.project[0m - [34mAddress is already hooked, during hook(0x500158, <SimProcedure RegisterClassExW>). Re-hooking.[0m[0m
[1;33;40mWARNING - 2023-01-04 10:48:01,560 - [34mangr.project[0m - [34mAddress is already hooked, during hook(0x500124, <SimProcedure BeginPaint>). Re-hooking.[0m[0m
[1;33;40mWARNING - 2023-01-04 10:48:01,562 - [34mangr.project[0m - [34mAddress is already hooked, during hook(0x500124, <SimProcedure BeginPaint>). Re-hooking.[0m[0m
[1;33;40mWARNING - 2023-01-04 10:48:01,740 - [34mangr.project[0m - [34mAddress is already hooked, during hook(0x500154, <SimProcedure CreateWindowExW>). Re-hooking.[0m[0m
[1;33;40mWARNING - 2023-01-04 10:48:01,741 - [34mangr.project[0m - [34mAddress is already hooked, during hook(0x500154, <SimProcedure CreateWindowExW>). Re-hooking.[0m[0m
[1;33;40mWARNING - 2023-01-04 10:48:01,841 - [34mangr.project[0m - [34mAddress is already hooked, during hook(0x500160, <SimProcedure DefWindowProcW>). Re-hooking.[0m[0m
[1;33;40mWARNING - 2023-01-04 10:48:01,843 - [34mangr.project[0m - [34mAddress is already hooked, during hook(0x500160, <SimProcedure DefWindowProcW>). Re-hooking.[0m[0m
[1;33;40mWARNING - 2023-01-04 10:48:01,863 - [34mangr.project[0m - [34mAddress is already hooked, during hook(0x500150, <SimProcedure DestroyWindow>). Re-hooking.[0m[0m
[1;33;40mWARNING - 2023-01-04 10:48:01,865 - [34mangr.project[0m - [34mAddress is already hooked, during hook(0x500150, <SimProcedure DestroyWindow>). Re-hooking.[0m[0m
[1;32;40mINFO - 2023-01-04 10:48:01,866 - [33mwerkzeug[0m - [33m172.17.0.1 - - [04/Jan/2023 10:48:01] "GET /iteration-scdg HTTP/1.1" 200 -[0m[0m
[1;32;40mINFO - 2023-01-04 10:48:01,866 - [33mwerkzeug[0m - [33m172.17.0.1 - - [04/Jan/2023 10:48:01] "GET /progress-scdg HTTP/1.1" 200 -[0m[0m
[1;33;40mWARNING - 2023-01-04 10:48:01,874 - [34mangr.project[0m - [34mAddress is already hooked, during hook(0x500148, <SimProcedure DialogBoxParamW>). Re-hooking.[0m[0m
[1;33;40mWARNING - 2023-01-04 10:48:01,876 - [34mangr.project[0m - [34mAddress is already hooked, during hook(0x500148, <SimProcedure DialogBoxParamW>). Re-hooking.[0m[0m
[1;33;40mWARNING - 2023-01-04 10:48:01,884 - [34mangr.project[0m - [34mAddress is already hooked, during hook(0x500168, <SimProcedure DispatchMessageW>). Re-hooking.[0m[0m
[1;33;40mWARNING - 2023-01-04 10:48:01,885 - [34mangr.project[0m - [34mAddress is already hooked, during hook(0x500168, <SimProcedure DispatchMessageW>). Re-hooking.[0m[0m
[1;33;40mWARNING - 2023-01-04 10:48:01,963 - [34mangr.project[0m - [34mAddress is already hooked, during hook(0x500144, <SimProcedure EndDialog>). Re-hooking.[0m[0m
[1;33;40mWARNING - 2023-01-04 10:48:01,965 - [34mangr.project[0m - [34mAddress is already hooked, during hook(0x500144, <SimProcedure EndDialog>). Re-hooking.[0m[0m
[1;33;40mWARNING - 2023-01-04 10:48:01,969 - [34mangr.project[0m - [34mAddress is already hooked, during hook(0x500120, <SimProcedure EndPaint>). Re-hooking.[0m[0m
[1;33;40mWARNING - 2023-01-04 10:48:01,970 - [34mangr.project[0m - [34mAddress is already hooked, during hook(0x500120, <SimProcedure EndPaint>). Re-hooking.[0m[0m
[1;33;40mWARNING - 2023-01-04 10:48:02,111 - [34mangr.project[0m - [34mAddress is already hooked, during hook(0x500128, <SimProcedure GetDC>). Re-hooking.[0m[0m
[1;33;40mWARNING - 2023-01-04 10:48:02,112 - [34mangr.project[0m - [34mAddress is already hooked, during hook(0x500128, <SimProcedure GetDC>). Re-hooking.[0m[0m
[1;33;40mWARNING - 2023-01-04 10:48:02,130 - [34mangr.project[0m - [34mAddress is already hooked, during hook(0x500140, <SimProcedure GetDlgItem>). Re-hooking.[0m[0m
[1;33;40mWARNING - 2023-01-04 10:48:02,132 - [34mangr.project[0m - [34mAddress is already hooked, during hook(0x500140, <SimProcedure GetDlgItem>). Re-hooking.[0m[0m
[1;33;40mWARNING - 2023-01-04 10:48:02,247 - [34mangr.project[0m - [34mAddress is already hooked, during hook(0x500170, <SimProcedure GetMessageW>). Re-hooking.[0m[0m
[1;33;40mWARNING - 2023-01-04 10:48:02,249 - [34mangr.project[0m - [34mAddress is already hooked, during hook(0x500170, <SimProcedure GetMessageW>). Re-hooking.[0m[0m
[1;33;40mWARNING - 2023-01-04 10:48:02,420 - [34mangr.project[0m - [34mAddress is already hooked, during hook(0x50010c, <SimProcedure GetWindowLongW>). Re-hooking.[0m[0m
[1;33;40mWARNING - 2023-01-04 10:48:02,421 - [34mangr.project[0m - [34mAddress is already hooked, during hook(0x50010c, <SimProcedure GetWindowLongW>). Re-hooking.[0m[0m
[1;33;40mWARNING - 2023-01-04 10:48:02,445 - [34mangr.project[0m - [34mAddress is already hooked, during hook(0x500118, <SimProcedure GetWindowTextW>). Re-hooking.[0m[0m
[1;33;40mWARNING - 2023-01-04 10:48:02,447 - [34mangr.project[0m - [34mAddress is already hooked, during hook(0x500118, <SimProcedure GetWindowTextW>). Re-hooking.[0m[0m
[1;33;40mWARNING - 2023-01-04 10:48:02,455 - [34mangr.project[0m - [34mAddress is already hooked, during hook(0x500130, <SimProcedure GrayStringW>). Re-hooking.[0m[0m
[1;33;40mWARNING - 2023-01-04 10:48:02,456 - [34mangr.project[0m - [34mAddress is already hooked, during hook(0x500130, <SimProcedure GrayStringW>). Re-hooking.[0m[0m
[1;33;40mWARNING - 2023-01-04 10:48:02,584 - [34mangr.project[0m - [34mAddress is already hooked, during hook(0x500138, <SimProcedure LoadAcceleratorsW>). Re-hooking.[0m[0m
[1;33;40mWARNING - 2023-01-04 10:48:02,585 - [34mangr.project[0m - [34mAddress is already hooked, during hook(0x500138, <SimProcedure LoadAcceleratorsW>). Re-hooking.[0m[0m
[1;33;40mWARNING - 2023-01-04 10:48:02,598 - [34mangr.project[0m - [34mAddress is already hooked, during hook(0x500108, <SimProcedure LoadCursorW>). Re-hooking.[0m[0m
[1;33;40mWARNING - 2023-01-04 10:48:02,599 - [34mangr.project[0m - [34mAddress is already hooked, during hook(0x500108, <SimProcedure LoadCursorW>). Re-hooking.[0m[0m
[1;33;40mWARNING - 2023-01-04 10:48:02,602 - [34mangr.project[0m - [34mAddress is already hooked, during hook(0x50013c, <SimProcedure LoadIconW>). Re-hooking.[0m[0m
[1;33;40mWARNING - 2023-01-04 10:48:02,604 - [34mangr.project[0m - [34mAddress is already hooked, during hook(0x50013c, <SimProcedure LoadIconW>). Re-hooking.[0m[0m
[1;33;40mWARNING - 2023-01-04 10:48:02,628 - [34mangr.project[0m - [34mAddress is already hooked, during hook(0x500174, <SimProcedure LoadStringW>). Re-hooking.[0m[0m
[1;33;40mWARNING - 2023-01-04 10:48:02,630 - [34mangr.project[0m - [34mAddress is already hooked, during hook(0x500174, <SimProcedure LoadStringW>). Re-hooking.[0m[0m
[1;33;40mWARNING - 2023-01-04 10:48:02,673 - [34mangr.project[0m - [34mAddress is already hooked, during hook(0x500110, <SimProcedure MessageBeep>). Re-hooking.[0m[0m
[1;33;40mWARNING - 2023-01-04 10:48:02,675 - [34mangr.project[0m - [34mAddress is already hooked, during hook(0x500110, <SimProcedure MessageBeep>). Re-hooking.[0m[0m
[1;33;40mWARNING - 2023-01-04 10:48:02,740 - [34mangr.project[0m - [34mAddress is already hooked, during hook(0x50015c, <SimProcedure PostQuitMessage>). Re-hooking.[0m[0m
[1;33;40mWARNING - 2023-01-04 10:48:02,741 - [34mangr.project[0m - [34mAddress is already hooked, during hook(0x50015c, <SimProcedure PostQuitMessage>). Re-hooking.[0m[0m
[1;33;40mWARNING - 2023-01-04 10:48:02,778 - [34mangr.project[0m - [34mAddress is already hooked, during hook(0x500158, <SimProcedure RegisterClassExW>). Re-hooking.[0m[0m
[1;33;40mWARNING - 2023-01-04 10:48:02,779 - [34mangr.project[0m - [34mAddress is already hooked, during hook(0x500158, <SimProcedure RegisterClassExW>). Re-hooking.[0m[0m
[1;33;40mWARNING - 2023-01-04 10:48:02,852 - [34mangr.project[0m - [34mAddress is already hooked, during hook(0x500178, <SimProcedure SendDlgItemMessageW>). Re-hooking.[0m[0m
[1;33;40mWARNING - 2023-01-04 10:48:02,854 - [34mangr.project[0m - [34mAddress is already hooked, during hook(0x500178, <SimProcedure SendDlgItemMessageW>). Re-hooking.[0m[0m
[1;33;40mWARNING - 2023-01-04 10:48:02,867 - [34mangr.project[0m - [34mAddress is already hooked, during hook(0x500164, <SimProcedure SendMessageW>). Re-hooking.[0m[0m
[1;33;40mWARNING - 2023-01-04 10:48:02,868 - [34mangr.project[0m - [34mAddress is already hooked, during hook(0x500164, <SimProcedure SendMessageW>). Re-hooking.[0m[0m
[1;33;40mWARNING - 2023-01-04 10:48:03,050 - [34mangr.project[0m - [34mAddress is already hooked, during hook(0x50011c, <SimProcedure SetWindowTextW>). Re-hooking.[0m[0m
[1;32;40mINFO - 2023-01-04 10:48:03,051 - [33mwerkzeug[0m - [33m172.17.0.1 - - [04/Jan/2023 10:48:03] "GET /iteration-scdg HTTP/1.1" 200 -[0m[0m
[1;33;40mWARNING - 2023-01-04 10:48:03,053 - [34mangr.project[0m - [34mAddress is already hooked, during hook(0x50011c, <SimProcedure SetWindowTextW>). Re-hooking.[0m[0m
[1;32;40mINFO - 2023-01-04 10:48:03,054 - [33mwerkzeug[0m - [33m172.17.0.1 - - [04/Jan/2023 10:48:03] "GET /progress-scdg HTTP/1.1" 200 -[0m[0m
[1;33;40mWARNING - 2023-01-04 10:48:03,081 - [34mangr.project[0m - [34mAddress is already hooked, during hook(0x50014c, <SimProcedure ShowWindow>). Re-hooking.[0m[0m
[1;33;40mWARNING - 2023-01-04 10:48:03,083 - [34mangr.project[0m - [34mAddress is already hooked, during hook(0x50014c, <SimProcedure ShowWindow>). Re-hooking.[0m[0m
[1;33;40mWARNING - 2023-01-04 10:48:03,152 - [34mangr.project[0m - [34mAddress is already hooked, during hook(0x500134, <SimProcedure TranslateAcceleratorW>). Re-hooking.[0m[0m
[1;33;40mWARNING - 2023-01-04 10:48:03,153 - [34mangr.project[0m - [34mAddress is already hooked, during hook(0x500134, <SimProcedure TranslateAcceleratorW>). Re-hooking.[0m[0m
[1;33;40mWARNING - 2023-01-04 10:48:03,156 - [34mangr.project[0m - [34mAddress is already hooked, during hook(0x50016c, <SimProcedure TranslateMessage>). Re-hooking.[0m[0m
[1;33;40mWARNING - 2023-01-04 10:48:03,158 - [34mangr.project[0m - [34mAddress is already hooked, during hook(0x50016c, <SimProcedure TranslateMessage>). Re-hooking.[0m[0m
[1;33;40mWARNING - 2023-01-04 10:48:03,193 - [34mangr.project[0m - [34mAddress is already hooked, during hook(0x50012c, <SimProcedure UpdateWindow>). Re-hooking.[0m[0m
[1;33;40mWARNING - 2023-01-04 10:48:03,196 - [34mangr.project[0m - [34mAddress is already hooked, during hook(0x50012c, <SimProcedure UpdateWindow>). Re-hooking.[0m[0m
[1;32;40mINFO - 2023-01-04 10:48:03,197 - [33mwerkzeug[0m - [33m172.17.0.1 - - [04/Jan/2023 10:48:03] "GET /iteration-scdg HTTP/1.1" 200 -[0m[0m
[1;32;40mINFO - 2023-01-04 10:48:03,198 - [33mwerkzeug[0m - [33m172.17.0.1 - - [04/Jan/2023 10:48:03] "GET /progress-scdg HTTP/1.1" 200 -[0m[0m
[1;33;40mWARNING - 2023-01-04 10:48:03,321 - [34mangr.project[0m - [34mAddress is already hooked, during hook(0x50014c, <SimProcedure ShowWindow>). Re-hooking.[0m[0m
[1;33;40mWARNING - 2023-01-04 10:48:03,322 - [34mangr.project[0m - [34mAddress is already hooked, during hook(0x50014c, <SimProcedure ShowWindow>). Re-hooking.[0m[0m
[1;33;40mWARNING - 2023-01-04 10:48:03,430 - [34mangr.project[0m - [34mAddress is already hooked, during hook(0x500174, <SimProcedure LoadStringW>). Re-hooking.[0m[0m
[1;33;40mWARNING - 2023-01-04 10:48:03,432 - [34mangr.project[0m - [34mAddress is already hooked, during hook(0x500174, <SimProcedure LoadStringW>). Re-hooking.[0m[0m
[1;33;40mWARNING - 2023-01-04 10:48:03,450 - [34mangr.project[0m - [34mAddress is already hooked, during hook(0x500124, <SimProcedure BeginPaint>). Re-hooking.[0m[0m
[1;33;40mWARNING - 2023-01-04 10:48:03,452 - [34mangr.project[0m - [34mAddress is already hooked, during hook(0x500124, <SimProcedure BeginPaint>). Re-hooking.[0m[0m
[1;33;40mWARNING - 2023-01-04 10:48:03,481 - [34mangr.project[0m - [34mAddress is already hooked, during hook(0x500168, <SimProcedure DispatchMessageW>). Re-hooking.[0m[0m
[1;33;40mWARNING - 2023-01-04 10:48:03,483 - [34mangr.project[0m - [34mAddress is already hooked, during hook(0x500168, <SimProcedure DispatchMessageW>). Re-hooking.[0m[0m
[1;33;40mWARNING - 2023-01-04 10:48:03,542 - [34mangr.project[0m - [34mAddress is already hooked, during hook(0x500118, <SimProcedure GetWindowTextW>). Re-hooking.[0m[0m
[1;33;40mWARNING - 2023-01-04 10:48:03,543 - [34mangr.project[0m - [34mAddress is already hooked, during hook(0x500118, <SimProcedure GetWindowTextW>). Re-hooking.[0m[0m
[1;33;40mWARNING - 2023-01-04 10:48:03,679 - [34mangr.project[0m - [34mAddress is already hooked, during hook(0x500160, <SimProcedure DefWindowProcW>). Re-hooking.[0m[0m
[1;33;40mWARNING - 2023-01-04 10:48:03,681 - [34mangr.project[0m - [34mAddress is already hooked, during hook(0x500160, <SimProcedure DefWindowProcW>). Re-hooking.[0m[0m
[1;33;40mWARNING - 2023-01-04 10:48:03,754 - [34mangr.project[0m - [34mAddress is already hooked, during hook(0x500128, <SimProcedure GetDC>). Re-hooking.[0m[0m
[1;33;40mWARNING - 2023-01-04 10:48:03,755 - [34mangr.project[0m - [34mAddress is already hooked, during hook(0x500128, <SimProcedure GetDC>). Re-hooking.[0m[0m
[1;33;40mWARNING - 2023-01-04 10:48:03,773 - [34mangr.project[0m - [34mAddress is already hooked, during hook(0x50016c, <SimProcedure TranslateMessage>). Re-hooking.[0m[0m
[1;33;40mWARNING - 2023-01-04 10:48:03,774 - [34mangr.project[0m - [34mAddress is already hooked, during hook(0x50016c, <SimProcedure TranslateMessage>). Re-hooking.[0m[0m
[1;33;40mWARNING - 2023-01-04 10:48:03,800 - [34mangr.project[0m - [34mAddress is already hooked, during hook(0x500140, <SimProcedure GetDlgItem>). Re-hooking.[0m[0m
[1;33;40mWARNING - 2023-01-04 10:48:03,802 - [34mangr.project[0m - [34mAddress is already hooked, during hook(0x500140, <SimProcedure GetDlgItem>). Re-hooking.[0m[0m
[1;33;40mWARNING - 2023-01-04 10:48:03,912 - [34mangr.project[0m - [34mAddress is already hooked, during hook(0x500154, <SimProcedure CreateWindowExW>). Re-hooking.[0m[0m
[1;33;40mWARNING - 2023-01-04 10:48:03,914 - [34mangr.project[0m - [34mAddress is already hooked, during hook(0x500154, <SimProcedure CreateWindowExW>). Re-hooking.[0m[0m
[1;33;40mWARNING - 2023-01-04 10:48:03,954 - [34mangr.project[0m - [34mAddress is already hooked, during hook(0x500108, <SimProcedure LoadCursorW>). Re-hooking.[0m[0m
[1;33;40mWARNING - 2023-01-04 10:48:03,956 - [34mangr.project[0m - [34mAddress is already hooked, during hook(0x500108, <SimProcedure LoadCursorW>). Re-hooking.[0m[0m
[1;33;40mWARNING - 2023-01-04 10:48:03,996 - [34mangr.project[0m - [34mAddress is already hooked, during hook(0x500134, <SimProcedure TranslateAcceleratorW>). Re-hooking.[0m[0m
[1;33;40mWARNING - 2023-01-04 10:48:03,998 - [34mangr.project[0m - [34mAddress is already hooked, during hook(0x500134, <SimProcedure TranslateAcceleratorW>). Re-hooking.[0m[0m
[1;33;40mWARNING - 2023-01-04 10:48:04,007 - [34mangr.project[0m - [34mAddress is already hooked, during hook(0x500120, <SimProcedure EndPaint>). Re-hooking.[0m[0m
[1;33;40mWARNING - 2023-01-04 10:48:04,008 - [34mangr.project[0m - [34mAddress is already hooked, during hook(0x500120, <SimProcedure EndPaint>). Re-hooking.[0m[0m
[1;33;40mWARNING - 2023-01-04 10:48:04,024 - [34mangr.project[0m - [34mAddress is already hooked, during hook(0x500138, <SimProcedure LoadAcceleratorsW>). Re-hooking.[0m[0m
[1;33;40mWARNING - 2023-01-04 10:48:04,026 - [34mangr.project[0m - [34mAddress is already hooked, during hook(0x500138, <SimProcedure LoadAcceleratorsW>). Re-hooking.[0m[0m
[1;33;40mWARNING - 2023-01-04 10:48:04,150 - [34mangr.project[0m - [34mAddress is already hooked, during hook(0x50010c, <SimProcedure GetWindowLongW>). Re-hooking.[0m[0m
[1;33;40mWARNING - 2023-01-04 10:48:04,151 - [34mangr.project[0m - [34mAddress is already hooked, during hook(0x50010c, <SimProcedure GetWindowLongW>). Re-hooking.[0m[0m
[1;33;40mWARNING - 2023-01-04 10:48:04,221 - [34mangr.project[0m - [34mAddress is already hooked, during hook(0x500170, <SimProcedure GetMessageW>). Re-hooking.[0m[0m
[1;33;40mWARNING - 2023-01-04 10:48:04,222 - [34mangr.project[0m - [34mAddress is already hooked, during hook(0x500170, <SimProcedure GetMessageW>). Re-hooking.[0m[0m
[1;33;40mWARNING - 2023-01-04 10:48:04,264 - [34mangr.project[0m - [34mAddress is already hooked, during hook(0x500178, <SimProcedure SendDlgItemMessageW>). Re-hooking.[0m[0m
[1;33;40mWARNING - 2023-01-04 10:48:04,265 - [34mangr.project[0m - [34mAddress is already hooked, during hook(0x500178, <SimProcedure SendDlgItemMessageW>). Re-hooking.[0m[0m
[1;33;40mWARNING - 2023-01-04 10:48:04,277 - [34mangr.project[0m - [34mAddress is already hooked, during hook(0x500144, <SimProcedure EndDialog>). Re-hooking.[0m[0m
[1;33;40mWARNING - 2023-01-04 10:48:04,279 - [34mangr.project[0m - [34mAddress is already hooked, during hook(0x500144, <SimProcedure EndDialog>). Re-hooking.[0m[0m
[1;33;40mWARNING - 2023-01-04 10:48:04,309 - [34mangr.project[0m - [34mAddress is already hooked, during hook(0x50015c, <SimProcedure PostQuitMessage>). Re-hooking.[0m[0m
[1;33;40mWARNING - 2023-01-04 10:48:04,310 - [34mangr.project[0m - [34mAddress is already hooked, during hook(0x50015c, <SimProcedure PostQuitMessage>). Re-hooking.[0m[0m
[1;33;40mWARNING - 2023-01-04 10:48:04,359 - [34mangr.project[0m - [34mAddress is already hooked, during hook(0x50011c, <SimProcedure SetWindowTextW>). Re-hooking.[0m[0m
[1;33;40mWARNING - 2023-01-04 10:48:04,361 - [34mangr.project[0m - [34mAddress is already hooked, during hook(0x50011c, <SimProcedure SetWindowTextW>). Re-hooking.[0m[0m
[1;33;40mWARNING - 2023-01-04 10:48:04,421 - [34mangr.project[0m - [34mAddress is already hooked, during hook(0x500130, <SimProcedure GrayStringW>). Re-hooking.[0m[0m
[1;33;40mWARNING - 2023-01-04 10:48:04,422 - [34mangr.project[0m - [34mAddress is already hooked, during hook(0x500130, <SimProcedure GrayStringW>). Re-hooking.[0m[0m
[1;33;40mWARNING - 2023-01-04 10:48:04,699 - [34mangr.project[0m - [34mAddress is already hooked, during hook(0x500004, <SimProcedure CloseHandle>). Re-hooking.[0m[0m
[1;33;40mWARNING - 2023-01-04 10:48:04,700 - [34mangr.project[0m - [34mAddress is already hooked, during hook(0x500004, <SimProcedure CloseHandle>). Re-hooking.[0m[0m
[1;33;40mWARNING - 2023-01-04 10:48:04,948 - [34mangr.project[0m - [34mAddress is already hooked, during hook(0x5000b4, <SimProcedure DeleteCriticalSection>). Re-hooking.[0m[0m
[1;33;40mWARNING - 2023-01-04 10:48:04,949 - [34mangr.project[0m - [34mAddress is already hooked, during hook(0x5000b4, <SimProcedure DeleteCriticalSection>). Re-hooking.[0m[0m
[1;33;40mWARNING - 2023-01-04 10:48:05,006 - [34mangr.project[0m - [34mAddress is already hooked, during hook(0x5000ac, <SimProcedure EnterCriticalSection>). Re-hooking.[0m[0m
[1;33;40mWARNING - 2023-01-04 10:48:05,007 - [34mangr.project[0m - [34mAddress is already hooked, during hook(0x5000ac, <SimProcedure EnterCriticalSection>). Re-hooking.[0m[0m
[1;33;40mWARNING - 2023-01-04 10:48:05,140 - [34mangr.project[0m - [34mAddress is already hooked, during hook(0x5000f4, <SimProcedure FindClose>). Re-hooking.[0m[0m
[1;33;40mWARNING - 2023-01-04 10:48:05,142 - [34mangr.project[0m - [34mAddress is already hooked, during hook(0x5000f4, <SimProcedure FindClose>). Re-hooking.[0m[0m
[1;33;40mWARNING - 2023-01-04 10:48:05,154 - [34mangr.project[0m - [34mAddress is already hooked, during hook(0x5000f8, <SimProcedure FindFirstFileExW>). Re-hooking.[0m[0m
[1;33;40mWARNING - 2023-01-04 10:48:05,156 - [34mangr.project[0m - [34mAddress is already hooked, during hook(0x5000f8, <SimProcedure FindFirstFileExW>). Re-hooking.[0m[0m
[1;33;40mWARNING - 2023-01-04 10:48:05,194 - [34mangr.project[0m - [34mAddress is already hooked, during hook(0x5000fc, <SimProcedure FindNextFileW>). Re-hooking.[0m[0m
[1;33;40mWARNING - 2023-01-04 10:48:05,195 - [34mangr.project[0m - [34mAddress is already hooked, during hook(0x5000fc, <SimProcedure FindNextFileW>). Re-hooking.[0m[0m
[1;33;40mWARNING - 2023-01-04 10:48:05,228 - [34mangr.project[0m - [34mAddress is already hooked, during hook(0x500018, <SimProcedure FlushFileBuffers>). Re-hooking.[0m[0m
[1;33;40mWARNING - 2023-01-04 10:48:05,229 - [34mangr.project[0m - [34mAddress is already hooked, during hook(0x500018, <SimProcedure FlushFileBuffers>). Re-hooking.[0m[0m
[1;33;40mWARNING - 2023-01-04 10:48:05,251 - [34mangr.project[0m - [34mAddress is already hooked, during hook(0x50003c, <SimProcedure FreeEnvironmentStringsW>). Re-hooking.[0m[0m
[1;33;40mWARNING - 2023-01-04 10:48:05,252 - [34mangr.project[0m - [34mAddress is already hooked, during hook(0x50003c, <SimProcedure FreeEnvironmentStringsW>). Re-hooking.[0m[0m
[1;33;40mWARNING - 2023-01-04 10:48:05,254 - [34mangr.project[0m - [34mAddress is already hooked, during hook(0x5000cc, <SimProcedure FreeLibrary>). Re-hooking.[0m[0m
[1;33;40mWARNING - 2023-01-04 10:48:05,256 - [34mangr.project[0m - [34mAddress is already hooked, during hook(0x5000cc, <SimProcedure FreeLibrary>). Re-hooking.[0m[0m
[1;33;40mWARNING - 2023-01-04 10:48:05,301 - [34mangr.project[0m - [34mAddress is already hooked, during hook(0x500054, <SimProcedure GetCPInfo>). Re-hooking.[0m[0m
[1;33;40mWARNING - 2023-01-04 10:48:05,302 - [34mangr.project[0m - [34mAddress is already hooked, during hook(0x500054, <SimProcedure GetCPInfo>). Re-hooking.[0m[0m
[1;33;40mWARNING - 2023-01-04 10:48:05,386 - [34mangr.project[0m - [34mAddress is already hooked, during hook(0x500010, <SimProcedure GetConsoleMode>). Re-hooking.[0m[0m
[1;33;40mWARNING - 2023-01-04 10:48:05,388 - [34mangr.project[0m - [34mAddress is already hooked, during hook(0x500010, <SimProcedure GetConsoleMode>). Re-hooking.[0m[0m
[1;33;40mWARNING - 2023-01-04 10:48:05,394 - [34mangr.project[0m - [34mAddress is already hooked, during hook(0x500014, <SimProcedure GetConsoleOutputCP>). Re-hooking.[0m[0m
[1;33;40mWARNING - 2023-01-04 10:48:05,396 - [34mangr.project[0m - [34mAddress is already hooked, during hook(0x500014, <SimProcedure GetConsoleOutputCP>). Re-hooking.[0m[0m
[1;33;40mWARNING - 2023-01-04 10:48:05,555 - [34mangr.project[0m - [34mAddress is already hooked, during hook(0x5000f0, <SimProcedure GetFileType>). Re-hooking.[0m[0m
[1;33;40mWARNING - 2023-01-04 10:48:05,558 - [34mangr.project[0m - [34mAddress is already hooked, during hook(0x5000f0, <SimProcedure GetFileType>). Re-hooking.[0m[0m
[1;33;40mWARNING - 2023-01-04 10:48:05,722 - [34mangr.project[0m - [34mAddress is already hooked, during hook(0x500058, <SimProcedure GetOEMCP>). Re-hooking.[0m[0m
[1;33;40mWARNING - 2023-01-04 10:48:05,723 - [34mangr.project[0m - [34mAddress is already hooked, during hook(0x500058, <SimProcedure GetOEMCP>). Re-hooking.[0m[0m
[1;33;40mWARNING - 2023-01-04 10:48:05,736 - [34mangr.project[0m - [34mAddress is already hooked, during hook(0x500018, <SimProcedure FlushFileBuffers>). Re-hooking.[0m[0m
[1;33;40mWARNING - 2023-01-04 10:48:05,738 - [34mangr.project[0m - [34mAddress is already hooked, during hook(0x500018, <SimProcedure FlushFileBuffers>). Re-hooking.[0m[0m
[1;33;40mWARNING - 2023-01-04 10:48:05,862 - [34mangr.project[0m - [34mAddress is already hooked, during hook(0x500084, <SimProcedure GetStartupInfoW>). Re-hooking.[0m[0m
[1;33;40mWARNING - 2023-01-04 10:48:05,864 - [34mangr.project[0m - [34mAddress is already hooked, during hook(0x500084, <SimProcedure GetStartupInfoW>). Re-hooking.[0m[0m
[1;33;40mWARNING - 2023-01-04 10:48:05,877 - [34mangr.project[0m - [34mAddress is already hooked, during hook(0x500034, <SimProcedure GetStringTypeW>). Re-hooking.[0m[0m
[1;33;40mWARNING - 2023-01-04 10:48:05,879 - [34mangr.project[0m - [34mAddress is already hooked, during hook(0x500034, <SimProcedure GetStringTypeW>). Re-hooking.[0m[0m
[1;33;40mWARNING - 2023-01-04 10:48:06,018 - [34mangr.project[0m - [34mAddress is already hooked, during hook(0x500058, <SimProcedure GetOEMCP>). Re-hooking.[0m[0m
[1;33;40mWARNING - 2023-01-04 10:48:06,019 - [34mangr.project[0m - [34mAddress is already hooked, during hook(0x500058, <SimProcedure GetOEMCP>). Re-hooking.[0m[0m
[1;33;40mWARNING - 2023-01-04 10:48:06,136 - [34mangr.project[0m - [34mAddress is already hooked, during hook(0x500020, <SimProcedure HeapSize>). Re-hooking.[0m[0m
[1;33;40mWARNING - 2023-01-04 10:48:06,138 - [34mangr.project[0m - [34mAddress is already hooked, during hook(0x500020, <SimProcedure HeapSize>). Re-hooking.[0m[0m
[1;33;40mWARNING - 2023-01-04 10:48:06,179 - [34mangr.project[0m - [34mAddress is already hooked, during hook(0x500074, <SimProcedure InitializeSListHead>). Re-hooking.[0m[0m
[1;33;40mWARNING - 2023-01-04 10:48:06,181 - [34mangr.project[0m - [34mAddress is already hooked, during hook(0x500074, <SimProcedure InitializeSListHead>). Re-hooking.[0m[0m
[1;33;40mWARNING - 2023-01-04 10:48:06,321 - [34mangr.project[0m - [34mAddress is already hooked, during hook(0x50002c, <SimProcedure LCMapStringW>). Re-hooking.[0m[0m
[1;33;40mWARNING - 2023-01-04 10:48:06,322 - [34mangr.project[0m - [34mAddress is already hooked, during hook(0x50002c, <SimProcedure LCMapStringW>). Re-hooking.[0m[0m
[1;33;40mWARNING - 2023-01-04 10:48:06,343 - [34mangr.project[0m - [34mAddress is already hooked, during hook(0x5000b0, <SimProcedure LeaveCriticalSection>). Re-hooking.[0m[0m
[1;33;40mWARNING - 2023-01-04 10:48:06,345 - [34mangr.project[0m - [34mAddress is already hooked, during hook(0x5000b0, <SimProcedure LeaveCriticalSection>). Re-hooking.[0m[0m
[1;33;40mWARNING - 2023-01-04 10:48:06,645 - [34mangr.project[0m - [34mAddress is already hooked, during hook(0x500098, <SimProcedure RaiseException>). Re-hooking.[0m[0m
[1;33;40mWARNING - 2023-01-04 10:48:06,647 - [34mangr.project[0m - [34mAddress is already hooked, during hook(0x500098, <SimProcedure RaiseException>). Re-hooking.[0m[0m
[1;33;40mWARNING - 2023-01-04 10:48:06,866 - [34mangr.project[0m - [34mAddress is already hooked, during hook(0x50009c, <SimProcedure RtlUnwind>). Re-hooking.[0m[0m
[1;33;40mWARNING - 2023-01-04 10:48:06,867 - [34mangr.project[0m - [34mAddress is already hooked, during hook(0x50009c, <SimProcedure RtlUnwind>). Re-hooking.[0m[0m
[1;32;40mINFO - 2023-01-04 10:48:06,889 - [33mwerkzeug[0m - [33m172.17.0.1 - - [04/Jan/2023 10:48:06] "GET /iteration-scdg HTTP/1.1" 200 -[0m[0m
[1;32;40mINFO - 2023-01-04 10:48:06,905 - [33mwerkzeug[0m - [33m172.17.0.1 - - [04/Jan/2023 10:48:06] "GET /progress-scdg HTTP/1.1" 200 -[0m[0m
[1;33;40mWARNING - 2023-01-04 10:48:07,137 - [34mangr.project[0m - [34mAddress is already hooked, during hook(0x500038, <SimProcedure SetStdHandle>). Re-hooking.[0m[0m
[1;33;40mWARNING - 2023-01-04 10:48:07,140 - [34mangr.project[0m - [34mAddress is already hooked, during hook(0x500038, <SimProcedure SetStdHandle>). Re-hooking.[0m[0m
[1;33;40mWARNING - 2023-01-04 10:48:07,318 - [34mangr.project[0m - [34mAddress is already hooked, during hook(0x50007c, <SimProcedure UnhandledExceptionFilter>). Re-hooking.[0m[0m
[1;33;40mWARNING - 2023-01-04 10:48:07,320 - [34mangr.project[0m - [34mAddress is already hooked, during hook(0x50007c, <SimProcedure UnhandledExceptionFilter>). Re-hooking.[0m[0m
[1;33;40mWARNING - 2023-01-04 10:48:07,504 - [34mangr.project[0m - [34mAddress is already hooked, during hook(0x500104, <SimProcedure WriteConsoleW>). Re-hooking.[0m[0m
[1;33;40mWARNING - 2023-01-04 10:48:07,506 - [34mangr.project[0m - [34mAddress is already hooked, during hook(0x500104, <SimProcedure WriteConsoleW>). Re-hooking.[0m[0m
[1;33;40mWARNING - 2023-01-04 10:48:08,022 - [34mangr.project[0m - [34mAddress is already hooked, during hook(0x5000cc, <SimProcedure FreeLibrary>). Re-hooking.[0m[0m
[1;33;40mWARNING - 2023-01-04 10:48:08,023 - [34mangr.project[0m - [34mAddress is already hooked, during hook(0x5000cc, <SimProcedure FreeLibrary>). Re-hooking.[0m[0m
[1;32;40mINFO - 2023-01-04 10:48:08,065 - [33mwerkzeug[0m - [33m172.17.0.1 - - [04/Jan/2023 10:48:08] "GET /iteration-scdg HTTP/1.1" 200 -[0m[0m
[1;32;40mINFO - 2023-01-04 10:48:08,076 - [33mwerkzeug[0m - [33m172.17.0.1 - - [04/Jan/2023 10:48:08] "GET /progress-scdg HTTP/1.1" 200 -[0m[0m
[1;33;40mWARNING - 2023-01-04 10:48:08,188 - [34mangr.project[0m - [34mAddress is already hooked, during hook(0x50007c, <SimProcedure UnhandledExceptionFilter>). Re-hooking.[0m[0m
[1;33;40mWARNING - 2023-01-04 10:48:08,190 - [34mangr.project[0m - [34mAddress is already hooked, during hook(0x50007c, <SimProcedure UnhandledExceptionFilter>). Re-hooking.[0m[0m
[1;32;40mINFO - 2023-01-04 10:48:08,222 - [33mwerkzeug[0m - [33m172.17.0.1 - - [04/Jan/2023 10:48:08] "GET /iteration-scdg HTTP/1.1" 200 -[0m[0m
[1;33;40mWARNING - 2023-01-04 10:48:08,223 - [34mangr.project[0m - [34mAddress is already hooked, during hook(0x500090, <SimProcedure GetCurrentProcess>). Re-hooking.[0m[0m
[1;32;40mINFO - 2023-01-04 10:48:08,224 - [33mwerkzeug[0m - [33m172.17.0.1 - - [04/Jan/2023 10:48:08] "GET /progress-scdg HTTP/1.1" 200 -[0m[0m
[1;33;40mWARNING - 2023-01-04 10:48:08,226 - [34mangr.project[0m - [34mAddress is already hooked, during hook(0x500090, <SimProcedure GetCurrentProcess>). Re-hooking.[0m[0m
[1;33;40mWARNING - 2023-01-04 10:48:08,250 - [34mangr.project[0m - [34mAddress is already hooked, during hook(0x500010, <SimProcedure GetConsoleMode>). Re-hooking.[0m[0m
[1;33;40mWARNING - 2023-01-04 10:48:08,251 - [34mangr.project[0m - [34mAddress is already hooked, during hook(0x500010, <SimProcedure GetConsoleMode>). Re-hooking.[0m[0m
[1;33;40mWARNING - 2023-01-04 10:48:08,255 - [34mangr.project[0m - [34mAddress is already hooked, during hook(0x5000b0, <SimProcedure LeaveCriticalSection>). Re-hooking.[0m[0m
[1;33;40mWARNING - 2023-01-04 10:48:08,257 - [34mangr.project[0m - [34mAddress is already hooked, during hook(0x5000b0, <SimProcedure LeaveCriticalSection>). Re-hooking.[0m[0m
[1;33;40mWARNING - 2023-01-04 10:48:08,287 - [34mangr.project[0m - [34mAddress is already hooked, during hook(0x5000fc, <SimProcedure FindNextFileW>). Re-hooking.[0m[0m
[1;33;40mWARNING - 2023-01-04 10:48:08,289 - [34mangr.project[0m - [34mAddress is already hooked, during hook(0x5000fc, <SimProcedure FindNextFileW>). Re-hooking.[0m[0m
[1;33;40mWARNING - 2023-01-04 10:48:08,379 - [34mangr.project[0m - [34mAddress is already hooked, during hook(0x5000b4, <SimProcedure DeleteCriticalSection>). Re-hooking.[0m[0m
[1;33;40mWARNING - 2023-01-04 10:48:08,381 - [34mangr.project[0m - [34mAddress is already hooked, during hook(0x5000b4, <SimProcedure DeleteCriticalSection>). Re-hooking.[0m[0m
[1;33;40mWARNING - 2023-01-04 10:48:08,701 - [34mangr.project[0m - [34mAddress is already hooked, during hook(0x500098, <SimProcedure RaiseException>). Re-hooking.[0m[0m
[1;33;40mWARNING - 2023-01-04 10:48:08,702 - [34mangr.project[0m - [34mAddress is already hooked, during hook(0x500098, <SimProcedure RaiseException>). Re-hooking.[0m[0m
[1;33;40mWARNING - 2023-01-04 10:48:08,737 - [34mangr.project[0m - [34mAddress is already hooked, during hook(0x500090, <SimProcedure GetCurrentProcess>). Re-hooking.[0m[0m
[1;33;40mWARNING - 2023-01-04 10:48:08,742 - [34mangr.project[0m - [34mAddress is already hooked, during hook(0x500090, <SimProcedure GetCurrentProcess>). Re-hooking.[0m[0m
[1;33;40mWARNING - 2023-01-04 10:48:08,747 - [34mangr.project[0m - [34mAddress is already hooked, during hook(0x500020, <SimProcedure HeapSize>). Re-hooking.[0m[0m
[1;33;40mWARNING - 2023-01-04 10:48:08,748 - [34mangr.project[0m - [34mAddress is already hooked, during hook(0x500020, <SimProcedure HeapSize>). Re-hooking.[0m[0m
[1;33;40mWARNING - 2023-01-04 10:48:08,780 - [34mangr.project[0m - [34mAddress is already hooked, during hook(0x50009c, <SimProcedure RtlUnwind>). Re-hooking.[0m[0m
[1;33;40mWARNING - 2023-01-04 10:48:08,782 - [34mangr.project[0m - [34mAddress is already hooked, during hook(0x50009c, <SimProcedure RtlUnwind>). Re-hooking.[0m[0m
[1;33;40mWARNING - 2023-01-04 10:48:08,930 - [34mangr.project[0m - [34mAddress is already hooked, during hook(0x500100, <SimProcedure IsValidCodePage>). Re-hooking.[0m[0m
[1;33;40mWARNING - 2023-01-04 10:48:08,932 - [34mangr.project[0m - [34mAddress is already hooked, during hook(0x500100, <SimProcedure IsValidCodePage>). Re-hooking.[0m[0m
[1;33;40mWARNING - 2023-01-04 10:48:08,939 - [34mangr.project[0m - [34mAddress is already hooked, during hook(0x500014, <SimProcedure GetConsoleOutputCP>). Re-hooking.[0m[0m
[1;33;40mWARNING - 2023-01-04 10:48:08,941 - [34mangr.project[0m - [34mAddress is already hooked, during hook(0x500014, <SimProcedure GetConsoleOutputCP>). Re-hooking.[0m[0m
[1;33;40mWARNING - 2023-01-04 10:48:08,992 - [34mangr.project[0m - [34mAddress is already hooked, during hook(0x5000f4, <SimProcedure FindClose>). Re-hooking.[0m[0m
[1;33;40mWARNING - 2023-01-04 10:48:08,993 - [34mangr.project[0m - [34mAddress is already hooked, during hook(0x5000f4, <SimProcedure FindClose>). Re-hooking.[0m[0m
[1;33;40mWARNING - 2023-01-04 10:48:09,059 - [34mangr.project[0m - [34mAddress is already hooked, during hook(0x500100, <SimProcedure IsValidCodePage>). Re-hooking.[0m[0m
[1;33;40mWARNING - 2023-01-04 10:48:09,060 - [34mangr.project[0m - [34mAddress is already hooked, during hook(0x500100, <SimProcedure IsValidCodePage>). Re-hooking.[0m[0m
[1;33;40mWARNING - 2023-01-04 10:48:09,097 - [34mangr.project[0m - [34mAddress is already hooked, during hook(0x50002c, <SimProcedure LCMapStringW>). Re-hooking.[0m[0m
[1;33;40mWARNING - 2023-01-04 10:48:09,099 - [34mangr.project[0m - [34mAddress is already hooked, during hook(0x50002c, <SimProcedure LCMapStringW>). Re-hooking.[0m[0m
[1;33;40mWARNING - 2023-01-04 10:48:09,170 - [34mangr.project[0m - [34mAddress is already hooked, during hook(0x50003c, <SimProcedure FreeEnvironmentStringsW>). Re-hooking.[0m[0m
[1;33;40mWARNING - 2023-01-04 10:48:09,172 - [34mangr.project[0m - [34mAddress is already hooked, during hook(0x50003c, <SimProcedure FreeEnvironmentStringsW>). Re-hooking.[0m[0m
[1;33;40mWARNING - 2023-01-04 10:48:09,175 - [34mangr.project[0m - [34mAddress is already hooked, during hook(0x500038, <SimProcedure SetStdHandle>). Re-hooking.[0m[0m
[1;33;40mWARNING - 2023-01-04 10:48:09,176 - [34mangr.project[0m - [34mAddress is already hooked, during hook(0x500038, <SimProcedure SetStdHandle>). Re-hooking.[0m[0m
[1;33;40mWARNING - 2023-01-04 10:48:09,340 - [34mangr.project[0m - [34mAddress is already hooked, during hook(0x500004, <SimProcedure CloseHandle>). Re-hooking.[0m[0m
[1;33;40mWARNING - 2023-01-04 10:48:09,342 - [34mangr.project[0m - [34mAddress is already hooked, during hook(0x500004, <SimProcedure CloseHandle>). Re-hooking.[0m[0m
[1;33;40mWARNING - 2023-01-04 10:48:09,391 - [34mangr.project[0m - [34mAddress is already hooked, during hook(0x500074, <SimProcedure InitializeSListHead>). Re-hooking.[0m[0m
[1;33;40mWARNING - 2023-01-04 10:48:09,392 - [34mangr.project[0m - [34mAddress is already hooked, during hook(0x500074, <SimProcedure InitializeSListHead>). Re-hooking.[0m[0m
[1;33;40mWARNING - 2023-01-04 10:48:09,399 - [34mangr.project[0m - [34mAddress is already hooked, during hook(0x500054, <SimProcedure GetCPInfo>). Re-hooking.[0m[0m
[1;33;40mWARNING - 2023-01-04 10:48:09,400 - [34mangr.project[0m - [34mAddress is already hooked, during hook(0x500054, <SimProcedure GetCPInfo>). Re-hooking.[0m[0m
[1;33;40mWARNING - 2023-01-04 10:48:09,596 - [34mangr.project[0m - [34mAddress is already hooked, during hook(0x500034, <SimProcedure GetStringTypeW>). Re-hooking.[0m[0m
[1;33;40mWARNING - 2023-01-04 10:48:09,598 - [34mangr.project[0m - [34mAddress is already hooked, during hook(0x500034, <SimProcedure GetStringTypeW>). Re-hooking.[0m[0m
[1;33;40mWARNING - 2023-01-04 10:48:09,691 - [34mangr.project[0m - [34mAddress is already hooked, during hook(0x5000ac, <SimProcedure EnterCriticalSection>). Re-hooking.[0m[0m
[1;33;40mWARNING - 2023-01-04 10:48:09,693 - [34mangr.project[0m - [34mAddress is already hooked, during hook(0x5000ac, <SimProcedure EnterCriticalSection>). Re-hooking.[0m[0m
[1;33;40mWARNING - 2023-01-04 10:48:09,860 - [34mangr.project[0m - [34mAddress is already hooked, during hook(0x5000f8, <SimProcedure FindFirstFileExW>). Re-hooking.[0m[0m
[1;33;40mWARNING - 2023-01-04 10:48:09,862 - [34mangr.project[0m - [34mAddress is already hooked, during hook(0x5000f8, <SimProcedure FindFirstFileExW>). Re-hooking.[0m[0m
[1;33;40mWARNING - 2023-01-04 10:48:09,950 - [34mangr.project[0m - [34mAddress is already hooked, during hook(0x500104, <SimProcedure WriteConsoleW>). Re-hooking.[0m[0m
[1;33;40mWARNING - 2023-01-04 10:48:09,952 - [34mangr.project[0m - [34mAddress is already hooked, during hook(0x500104, <SimProcedure WriteConsoleW>). Re-hooking.[0m[0m
[1;33;40mWARNING - 2023-01-04 10:48:09,977 - [34mangr.project[0m - [34mAddress is already hooked, during hook(0x500084, <SimProcedure GetStartupInfoW>). Re-hooking.[0m[0m
[1;33;40mWARNING - 2023-01-04 10:48:09,979 - [34mangr.project[0m - [34mAddress is already hooked, during hook(0x500084, <SimProcedure GetStartupInfoW>). Re-hooking.[0m[0m
[1;33;40mWARNING - 2023-01-04 10:48:10,007 - [34mangr.project[0m - [34mAddress is already hooked, during hook(0x5000f0, <SimProcedure GetFileType>). Re-hooking.[0m[0m
[1;33;40mWARNING - 2023-01-04 10:48:10,009 - [34mangr.project[0m - [34mAddress is already hooked, during hook(0x5000f0, <SimProcedure GetFileType>). Re-hooking.[0m[0m
[1;33;40mWARNING - 2023-01-04 10:48:10,125 - [34mangr.project[0m - [34mAddress is already hooked, during hook(0x500024, <SimProcedure SetFilePointerEx>). Re-hooking.[0m[0m
[1;33;40mWARNING - 2023-01-04 10:48:10,127 - [34mangr.project[0m - [34mAddress is already hooked, during hook(0x500024, <SimProcedure SetFilePointerEx>). Re-hooking.[0m[0m
[1;33;40mWARNING - 2023-01-04 10:48:10,238 - [34mangr.project[0m - [34mAddress is already hooked, during hook(0x500024, <SimProcedure SetFilePointerEx>). Re-hooking.[0m[0m
[1;33;40mWARNING - 2023-01-04 10:48:10,239 - [34mangr.project[0m - [34mAddress is already hooked, during hook(0x500024, <SimProcedure SetFilePointerEx>). Re-hooking.[0m[0m
[1;33;40mWARNING - 2023-01-04 10:48:10,309 - [34mangr.project[0m - [34mAddress is already hooked, during hook(0x50017c, <SimProcedure GetOpenFileNameW>). Re-hooking.[0m[0m
[1;33;40mWARNING - 2023-01-04 10:48:10,311 - [34mangr.project[0m - [34mAddress is already hooked, during hook(0x50017c, <SimProcedure GetOpenFileNameW>). Re-hooking.[0m[0m
[1;33;40mWARNING - 2023-01-04 10:48:10,380 - [34mangr.project[0m - [34mAddress is already hooked, during hook(0x50017c, <SimProcedure GetOpenFileNameW>). Re-hooking.[0m[0m
[1;33;40mWARNING - 2023-01-04 10:48:10,381 - [34mangr.project[0m - [34mAddress is already hooked, during hook(0x50017c, <SimProcedure GetOpenFileNameW>). Re-hooking.[0m[0m
[1;32;40mINFO - 2023-01-04 10:48:10,482 - [36mCustomSimProcedure[0m - [36mSyscall found:  IsProcessorFeaturePresent[<BV32 0xa>][0m[0m
[1;32;40mINFO - 2023-01-04 10:48:10,586 - [37mCustomSimProcedureWindows[0m - [37mLoadLibraryExW: Symbol not found[0m[0m
[1;32;40mINFO - 2023-01-04 10:48:10,608 - [36mCustomSimProcedure[0m - {'WriteFile': 5242880, 'CloseHandle': 5242884, 'VirtualProtect': 5242888, 'DecodePointer': 5242892, 'GetConsoleMode': 5242896, 'GetConsoleOutputCP': 5242900, 'FlushFileBuffers': 5242904, 'HeapReAlloc': 5242908, 'HeapSize': 5242912, 'SetFilePointerEx': 5242916, 'GetProcessHeap': 5242920, 'LCMapStringW': 5242924, 'ReadFile': 5242928, 'GetStringTypeW': 5242932, 'SetStdHandle': 5242936, 'FreeEnvironmentStringsW': 5242940, 'GetEnvironmentStringsW': 5242944, 'WideCharToMultiByte': 5242948, 'MultiByteToWideChar': 5242952, 'GetCommandLineW': 5242956, 'GetCommandLineA': 5242960, 'GetCPInfo': 5242964, 'GetOEMCP': 5242968, 'GetACP': 5242972, 'CreateFileW': 5242976, 'QueryPerformanceCounter': 5242980, 'GetCurrentProcessId': 5242984, 'GetCurrentThreadId': 5242988, 'GetSystemTimeAsFileTime': 5242992, 'InitializeSListHead': 5242996, 'IsDebuggerPresent': 5243000, 'UnhandledExceptionFilter': 5243004, 'SetUnhandledExceptionFilter': 5243008, 'GetStartupInfoW': 5243012, 'IsProcessorFeaturePresent': 5243016, 'GetModuleHandleW': 5243020, 'GetCurrentProcess': 5243024, 'TerminateProcess': 5243028, 'RaiseException': 5243032, 'RtlUnwind': 5243036, 'GetLastError': 5243040, 'SetLastError': 5243044, 'EncodePointer': 5243048, 'EnterCriticalSection': 5243052, 'LeaveCriticalSection': 5243056, 'DeleteCriticalSection': 5243060, 'InitializeCriticalSectionAndSpinCount': 5243064, 'TlsAlloc': 5243068, 'TlsGetValue': 5243072, 'TlsSetValue': 5243076, 'TlsFree': 5243080, 'FreeLibrary': 5243084, 'GetProcAddress': 5243088, 'LoadLibraryExW': 5243092, 'GetStdHandle': 5243096, 'GetModuleFileNameW': 5243100, 'ExitProcess': 5243104, 'GetModuleHandleExW': 5243108, 'HeapFree': 5243112, 'HeapAlloc': 5243116, 'GetFileType': 5243120, 'FindClose': 5243124, 'FindFirstFileExW': 5243128, 'FindNextFileW': 5243132, 'IsValidCodePage': 5243136, 'WriteConsoleW': 5243140, 'LoadCursorW': 5243144, 'GetWindowLongW': 5243148, 'MessageBeep': 5243152, 'MessageBoxW': 5243156, 'GetWindowTextW': 5243160, 'SetWindowTextW': 5243164, 'EndPaint': 5243168, 'BeginPaint': 5243172, 'GetDC': 5243176, 'UpdateWindow': 5243180, 'GrayStringW': 5243184, 'TranslateAcceleratorW': 5243188, 'LoadAcceleratorsW': 5243192, 'LoadIconW': 5243196, 'GetDlgItem': 5243200, 'EndDialog': 5243204, 'DialogBoxParamW': 5243208, 'ShowWindow': 5243212, 'DestroyWindow': 5243216, 'CreateWindowExW': 5243220, 'RegisterClassExW': 5243224, 'PostQuitMessage': 5243228, 'DefWindowProcW': 5243232, 'SendMessageW': 5243236, 'DispatchMessageW': 5243240, 'TranslateMessage': 5243244, 'GetMessageW': 5243248, 'LoadStringW': 5243252, 'SendDlgItemMessageW': 5243256, 'GetOpenFileNameW': 5243260, 'KiUserExceptionDispatcher': 6295572, '_fmode': 6295576, '_commode': 6295580, '_acmdln': 6295584, '_wcmdln': 6295588, 'api-ms-win-core-synch-l1-2-0': 6295592}[0m
[1;32;40mINFO - 2023-01-04 10:48:10,608 - [36mCustomSimProcedure[0m - [36mWas in angr :user32.dll[0m[0m
[1;33;40mWARNING - 2023-01-04 10:48:10,610 - [36mCustomSimProcedure[0m - [36mProcedure wsprintfA in DLL user32.dll has 3 arguments in json and 2 arguments in angr prototype. Taking number of arguments from json.[0m[0m
[1;33;40mWARNING - 2023-01-04 10:48:10,611 - [36mCustomSimProcedure[0m - [36mProcedure wsprintfW in DLL user32.dll has 3 arguments in json and 2 arguments in angr prototype. Taking number of arguments from json.[0m[0m
[1;33;40mWARNING - 2023-01-04 10:48:10,657 - [34mangr.project[0m - [34mAddress is already hooked, during hook(0x50017c, <SimProcedure GetOpenFileNameW>). Not re-hooking.[0m[0m
[1;32;40mINFO - 2023-01-04 10:48:10,658 - [36mCustomSimProcedure[0m - [36mWas in angr :kernel32.dll[0m[0m
[1;33;40mWARNING - 2023-01-04 10:48:10,733 - [34mangr.project[0m - [34mAddress is already hooked, during hook(0x601014, <SimProcedure KiUserExceptionDispatcher>). Not re-hooking.[0m[0m
[1;32;40mINFO - 2023-01-04 10:48:10,733 - [36mCustomSimProcedure[0m - [36mNo hooks for: {'_fmode': 6295576, '_commode': 6295580, '_acmdln': 6295584, '_wcmdln': 6295588, 'api-ms-win-core-synch-l1-2-0': 6295592}[0m[0m
[1;32;40mINFO - 2023-01-04 10:48:10,735 - [36mCustomSimProcedure[0m - [36mSyscall found:  LoadLibraryExW[<BV32 0x414df0>, <BV32 0x0>, <BV32 0x800>][0m[0m
[1;32;40mINFO - 2023-01-04 10:48:10,795 - [37mCustomSimProcedureWindows[0m - [37mGetProcAddress: InitializeCriticalSectionEx[0m[0m
[1;32;40mINFO - 2023-01-04 10:48:10,795 - [37mCustomSimProcedureWindows[0m - [37mGetProcAddress - Query to lib : api-ms-win-core-synch-l1-2-0.dll[0m[0m
[1;32;40mINFO - 2023-01-04 10:48:10,795 - [37mCustomSimProcedureWindows[0m - [37mGetProcAddress: Symbol not found[0m[0m
[1;32;40mINFO - 2023-01-04 10:48:10,796 - [36mCustomSimProcedure[0m - [36mSyscall found:  GetProcAddress[<BV32 0x601028>, <BV32 0x414ea4>][0m[0m
[1;32;40mINFO - 2023-01-04 10:48:10,841 - [36mCustomSimProcedure[0m - [36mSyscall found:  InitializeCriticalSectionEx[<BV32 0x41d158>, <BV32 0xfa0>, <BV32 0x0>][0m[0m
[1;32;40mINFO - 2023-01-04 10:48:11,879 - [33mwerkzeug[0m - [33m172.17.0.1 - - [04/Jan/2023 10:48:11] "GET /iteration-scdg HTTP/1.1" 200 -[0m[0m
[1;32;40mINFO - 2023-01-04 10:48:11,900 - [33mwerkzeug[0m - [33m172.17.0.1 - - [04/Jan/2023 10:48:11] "GET /progress-scdg HTTP/1.1" 200 -[0m[0m
[1;32;40mINFO - 2023-01-04 10:48:13,101 - [33mwerkzeug[0m - [33m172.17.0.1 - - [04/Jan/2023 10:48:13] "GET /progress-scdg HTTP/1.1" 200 -[0m[0m
[1;32;40mINFO - 2023-01-04 10:48:13,112 - [33mwerkzeug[0m - [33m172.17.0.1 - - [04/Jan/2023 10:48:13] "GET /iteration-scdg HTTP/1.1" 200 -[0m[0m
[1;32;40mINFO - 2023-01-04 10:48:13,208 - [33mwerkzeug[0m - [33m172.17.0.1 - - [04/Jan/2023 10:48:13] "GET /iteration-scdg HTTP/1.1" 200 -[0m[0m
[1;32;40mINFO - 2023-01-04 10:48:13,244 - [33mwerkzeug[0m - [33m172.17.0.1 - - [04/Jan/2023 10:48:13] "GET /progress-scdg HTTP/1.1" 200 -[0m[0m
[1;32;40mINFO - 2023-01-04 10:48:16,881 - [33mwerkzeug[0m - [33m172.17.0.1 - - [04/Jan/2023 10:48:16] "GET /iteration-scdg HTTP/1.1" 200 -[0m[0m
[1;32;40mINFO - 2023-01-04 10:48:16,898 - [33mwerkzeug[0m - [33m172.17.0.1 - - [04/Jan/2023 10:48:16] "GET /progress-scdg HTTP/1.1" 200 -[0m[0m
[1;32;40mINFO - 2023-01-04 10:48:18,074 - [33mwerkzeug[0m - [33m172.17.0.1 - - [04/Jan/2023 10:48:18] "GET /iteration-scdg HTTP/1.1" 200 -[0m[0m
[1;32;40mINFO - 2023-01-04 10:48:18,080 - [33mwerkzeug[0m - [33m172.17.0.1 - - [04/Jan/2023 10:48:18] "GET /progress-scdg HTTP/1.1" 200 -[0m[0m
[1;32;40mINFO - 2023-01-04 10:48:18,218 - [33mwerkzeug[0m - [33m172.17.0.1 - - [04/Jan/2023 10:48:18] "GET /iteration-scdg HTTP/1.1" 200 -[0m[0m
[1;32;40mINFO - 2023-01-04 10:48:18,224 - [33mwerkzeug[0m - [33m172.17.0.1 - - [04/Jan/2023 10:48:18] "GET /progress-scdg HTTP/1.1" 200 -[0m[0m
[1;32;40mINFO - 2023-01-04 10:48:21,882 - [33mwerkzeug[0m - [33m172.17.0.1 - - [04/Jan/2023 10:48:21] "GET /iteration-scdg HTTP/1.1" 200 -[0m[0m
[1;32;40mINFO - 2023-01-04 10:48:21,883 - [33mwerkzeug[0m - [33m172.17.0.1 - - [04/Jan/2023 10:48:21] "GET /progress-scdg HTTP/1.1" 200 -[0m[0m
[1;32;40mINFO - 2023-01-04 10:48:23,065 - [33mwerkzeug[0m - [33m172.17.0.1 - - [04/Jan/2023 10:48:23] "GET /iteration-scdg HTTP/1.1" 200 -[0m[0m
[1;32;40mINFO - 2023-01-04 10:48:23,076 - [33mwerkzeug[0m - [33m172.17.0.1 - - [04/Jan/2023 10:48:23] "GET /progress-scdg HTTP/1.1" 200 -[0m[0m
[1;32;40mINFO - 2023-01-04 10:48:23,205 - [33mwerkzeug[0m - [33m172.17.0.1 - - [04/Jan/2023 10:48:23] "GET /iteration-scdg HTTP/1.1" 200 -[0m[0m
[1;32;40mINFO - 2023-01-04 10:48:23,217 - [33mwerkzeug[0m - [33m172.17.0.1 - - [04/Jan/2023 10:48:23] "GET /progress-scdg HTTP/1.1" 200 -[0m[0m
[1;32;40mINFO - 2023-01-04 10:48:26,886 - [33mwerkzeug[0m - [33m172.17.0.1 - - [04/Jan/2023 10:48:26] "GET /iteration-scdg HTTP/1.1" 200 -[0m[0m
[1;32;40mINFO - 2023-01-04 10:48:26,902 - [33mwerkzeug[0m - [33m172.17.0.1 - - [04/Jan/2023 10:48:26] "GET /progress-scdg HTTP/1.1" 200 -[0m[0m
[1;32;40mINFO - 2023-01-04 10:48:28,071 - [33mwerkzeug[0m - [33m172.17.0.1 - - [04/Jan/2023 10:48:28] "GET /iteration-scdg HTTP/1.1" 200 -[0m[0m
[1;32;40mINFO - 2023-01-04 10:48:28,082 - [33mwerkzeug[0m - [33m172.17.0.1 - - [04/Jan/2023 10:48:28] "GET /progress-scdg HTTP/1.1" 200 -[0m[0m
[1;32;40mINFO - 2023-01-04 10:48:28,213 - [33mwerkzeug[0m - [33m172.17.0.1 - - [04/Jan/2023 10:48:28] "GET /iteration-scdg HTTP/1.1" 200 -[0m[0m
[1;32;40mINFO - 2023-01-04 10:48:28,216 - [33mwerkzeug[0m - [33m172.17.0.1 - - [04/Jan/2023 10:48:28] "GET /progress-scdg HTTP/1.1" 200 -[0m[0m
[1;32;40mINFO - 2023-01-04 10:48:31,895 - [33mwerkzeug[0m - [33m172.17.0.1 - - [04/Jan/2023 10:48:31] "GET /iteration-scdg HTTP/1.1" 200 -[0m[0m
[1;32;40mINFO - 2023-01-04 10:48:31,896 - [33mwerkzeug[0m - [33m172.17.0.1 - - [04/Jan/2023 10:48:31] "GET /progress-scdg HTTP/1.1" 200 -[0m[0m
[1;32;40mINFO - 2023-01-04 10:48:33,057 - [33mwerkzeug[0m - [33m172.17.0.1 - - [04/Jan/2023 10:48:33] "GET /iteration-scdg HTTP/1.1" 200 -[0m[0m
[1;32;40mINFO - 2023-01-04 10:48:33,068 - [33mwerkzeug[0m - [33m172.17.0.1 - - [04/Jan/2023 10:48:33] "GET /progress-scdg HTTP/1.1" 200 -[0m[0m
[1;32;40mINFO - 2023-01-04 10:48:33,199 - [33mwerkzeug[0m - [33m172.17.0.1 - - [04/Jan/2023 10:48:33] "GET /iteration-scdg HTTP/1.1" 200 -[0m[0m
[1;32;40mINFO - 2023-01-04 10:48:33,200 - [33mwerkzeug[0m - [33m172.17.0.1 - - [04/Jan/2023 10:48:33] "GET /progress-scdg HTTP/1.1" 200 -[0m[0m
[1;32;40mINFO - 2023-01-04 10:48:36,893 - [33mwerkzeug[0m - [33m172.17.0.1 - - [04/Jan/2023 10:48:36] "GET /iteration-scdg HTTP/1.1" 200 -[0m[0m
[1;32;40mINFO - 2023-01-04 10:48:36,910 - [33mwerkzeug[0m - [33m172.17.0.1 - - [04/Jan/2023 10:48:36] "GET /progress-scdg HTTP/1.1" 200 -[0m[0m
[1;32;40mINFO - 2023-01-04 10:48:38,055 - [33mwerkzeug[0m - [33m172.17.0.1 - - [04/Jan/2023 10:48:38] "GET /iteration-scdg HTTP/1.1" 200 -[0m[0m
[1;32;40mINFO - 2023-01-04 10:48:38,071 - [33mwerkzeug[0m - [33m172.17.0.1 - - [04/Jan/2023 10:48:38] "GET /progress-scdg HTTP/1.1" 200 -[0m[0m
[1;32;40mINFO - 2023-01-04 10:48:38,196 - [33mwerkzeug[0m - [33m172.17.0.1 - - [04/Jan/2023 10:48:38] "GET /iteration-scdg HTTP/1.1" 200 -[0m[0m
[1;32;40mINFO - 2023-01-04 10:48:38,202 - [33mwerkzeug[0m - [33m172.17.0.1 - - [04/Jan/2023 10:48:38] "GET /progress-scdg HTTP/1.1" 200 -[0m[0m
[1;32;40mINFO - 2023-01-04 10:48:41,889 - [33mwerkzeug[0m - [33m172.17.0.1 - - [04/Jan/2023 10:48:41] "GET /progress-scdg HTTP/1.1" 200 -[0m[0m
[1;32;40mINFO - 2023-01-04 10:48:41,895 - [33mwerkzeug[0m - [33m172.17.0.1 - - [04/Jan/2023 10:48:41] "GET /iteration-scdg HTTP/1.1" 200 -[0m[0m
[1;32;40mINFO - 2023-01-04 10:48:43,071 - [33mwerkzeug[0m - [33m172.17.0.1 - - [04/Jan/2023 10:48:43] "GET /iteration-scdg HTTP/1.1" 200 -[0m[0m
[1;32;40mINFO - 2023-01-04 10:48:43,088 - [33mwerkzeug[0m - [33m172.17.0.1 - - [04/Jan/2023 10:48:43] "GET /progress-scdg HTTP/1.1" 200 -[0m[0m
[1;32;40mINFO - 2023-01-04 10:48:43,213 - [33mwerkzeug[0m - [33m172.17.0.1 - - [04/Jan/2023 10:48:43] "GET /iteration-scdg HTTP/1.1" 200 -[0m[0m
[1;32;40mINFO - 2023-01-04 10:48:43,229 - [33mwerkzeug[0m - [33m172.17.0.1 - - [04/Jan/2023 10:48:43] "GET /progress-scdg HTTP/1.1" 200 -[0m[0m
[1;32;40mINFO - 2023-01-04 10:48:46,897 - [33mwerkzeug[0m - [33m172.17.0.1 - - [04/Jan/2023 10:48:46] "GET /iteration-scdg HTTP/1.1" 200 -[0m[0m
[1;32;40mINFO - 2023-01-04 10:48:46,913 - [33mwerkzeug[0m - [33m172.17.0.1 - - [04/Jan/2023 10:48:46] "GET /progress-scdg HTTP/1.1" 200 -[0m[0m
[1;32;40mINFO - 2023-01-04 10:48:48,072 - [33mwerkzeug[0m - [33m172.17.0.1 - - [04/Jan/2023 10:48:48] "GET /iteration-scdg HTTP/1.1" 200 -[0m[0m
[1;32;40mINFO - 2023-01-04 10:48:48,092 - [33mwerkzeug[0m - [33m172.17.0.1 - - [04/Jan/2023 10:48:48] "GET /progress-scdg HTTP/1.1" 200 -[0m[0m
[1;32;40mINFO - 2023-01-04 10:48:48,213 - [33mwerkzeug[0m - [33m172.17.0.1 - - [04/Jan/2023 10:48:48] "GET /iteration-scdg HTTP/1.1" 200 -[0m[0m
[1;32;40mINFO - 2023-01-04 10:48:48,224 - [33mwerkzeug[0m - [33m172.17.0.1 - - [04/Jan/2023 10:48:48] "GET /progress-scdg HTTP/1.1" 200 -[0m[0m
[1;32;40mINFO - 2023-01-04 10:48:51,904 - [33mwerkzeug[0m - [33m172.17.0.1 - - [04/Jan/2023 10:48:51] "GET /iteration-scdg HTTP/1.1" 200 -[0m[0m
[1;32;40mINFO - 2023-01-04 10:48:51,913 - [33mwerkzeug[0m - [33m172.17.0.1 - - [04/Jan/2023 10:48:51] "GET /progress-scdg HTTP/1.1" 200 -[0m[0m
[1;32;40mINFO - 2023-01-04 10:48:53,080 - [33mwerkzeug[0m - [33m172.17.0.1 - - [04/Jan/2023 10:48:53] "GET /iteration-scdg HTTP/1.1" 200 -[0m[0m
[1;32;40mINFO - 2023-01-04 10:48:53,098 - [33mwerkzeug[0m - [33m172.17.0.1 - - [04/Jan/2023 10:48:53] "GET /progress-scdg HTTP/1.1" 200 -[0m[0m
[1;32;40mINFO - 2023-01-04 10:48:53,225 - [33mwerkzeug[0m - [33m172.17.0.1 - - [04/Jan/2023 10:48:53] "GET /iteration-scdg HTTP/1.1" 200 -[0m[0m
[1;32;40mINFO - 2023-01-04 10:48:53,225 - [33mwerkzeug[0m - [33m172.17.0.1 - - [04/Jan/2023 10:48:53] "GET /progress-scdg HTTP/1.1" 200 -[0m[0m
[1;32;40mINFO - 2023-01-04 10:48:56,896 - [33mwerkzeug[0m - [33m172.17.0.1 - - [04/Jan/2023 10:48:56] "GET /iteration-scdg HTTP/1.1" 200 -[0m[0m
[1;32;40mINFO - 2023-01-04 10:48:56,918 - [33mwerkzeug[0m - [33m172.17.0.1 - - [04/Jan/2023 10:48:56] "GET /progress-scdg HTTP/1.1" 200 -[0m[0m
[1;32;40mINFO - 2023-01-04 10:48:58,081 - [33mwerkzeug[0m - [33m172.17.0.1 - - [04/Jan/2023 10:48:58] "GET /iteration-scdg HTTP/1.1" 200 -[0m[0m
[1;32;40mINFO - 2023-01-04 10:48:58,113 - [33mwerkzeug[0m - [33m172.17.0.1 - - [04/Jan/2023 10:48:58] "GET /progress-scdg HTTP/1.1" 200 -[0m[0m
[1;32;40mINFO - 2023-01-04 10:48:58,214 - [33mwerkzeug[0m - [33m172.17.0.1 - - [04/Jan/2023 10:48:58] "GET /iteration-scdg HTTP/1.1" 200 -[0m[0m
[1;32;40mINFO - 2023-01-04 10:48:58,225 - [33mwerkzeug[0m - [33m172.17.0.1 - - [04/Jan/2023 10:48:58] "GET /progress-scdg HTTP/1.1" 200 -[0m[0m
[1;32;40mINFO - 2023-01-04 10:49:01,922 - [33mwerkzeug[0m - [33m172.17.0.1 - - [04/Jan/2023 10:49:01] "GET /progress-scdg HTTP/1.1" 200 -[0m[0m
[1;32;40mINFO - 2023-01-04 10:49:01,933 - [33mwerkzeug[0m - [33m172.17.0.1 - - [04/Jan/2023 10:49:01] "GET /iteration-scdg HTTP/1.1" 200 -[0m[0m
[1;32;40mINFO - 2023-01-04 10:49:03,070 - [33mwerkzeug[0m - [33m172.17.0.1 - - [04/Jan/2023 10:49:03] "GET /iteration-scdg HTTP/1.1" 200 -[0m[0m
[1;32;40mINFO - 2023-01-04 10:49:03,086 - [33mwerkzeug[0m - [33m172.17.0.1 - - [04/Jan/2023 10:49:03] "GET /progress-scdg HTTP/1.1" 200 -[0m[0m
[1;32;40mINFO - 2023-01-04 10:49:03,203 - [33mwerkzeug[0m - [33m172.17.0.1 - - [04/Jan/2023 10:49:03] "GET /iteration-scdg HTTP/1.1" 200 -[0m[0m
[1;32;40mINFO - 2023-01-04 10:49:03,219 - [33mwerkzeug[0m - [33m172.17.0.1 - - [04/Jan/2023 10:49:03] "GET /progress-scdg HTTP/1.1" 200 -[0m[0m
[1;32;40mINFO - 2023-01-04 10:49:06,904 - [33mwerkzeug[0m - [33m172.17.0.1 - - [04/Jan/2023 10:49:06] "GET /iteration-scdg HTTP/1.1" 200 -[0m[0m
[1;32;40mINFO - 2023-01-04 10:49:06,920 - [33mwerkzeug[0m - [33m172.17.0.1 - - [04/Jan/2023 10:49:06] "GET /progress-scdg HTTP/1.1" 200 -[0m[0m
[1;32;40mINFO - 2023-01-04 10:49:08,085 - [33mwerkzeug[0m - [33m172.17.0.1 - - [04/Jan/2023 10:49:08] "GET /iteration-scdg HTTP/1.1" 200 -[0m[0m
[1;32;40mINFO - 2023-01-04 10:49:08,107 - [33mwerkzeug[0m - [33m172.17.0.1 - - [04/Jan/2023 10:49:08] "GET /progress-scdg HTTP/1.1" 200 -[0m[0m
[1;32;40mINFO - 2023-01-04 10:49:08,220 - [33mwerkzeug[0m - [33m172.17.0.1 - - [04/Jan/2023 10:49:08] "GET /iteration-scdg HTTP/1.1" 200 -[0m[0m
[1;32;40mINFO - 2023-01-04 10:49:08,231 - [33mwerkzeug[0m - [33m172.17.0.1 - - [04/Jan/2023 10:49:08] "GET /progress-scdg HTTP/1.1" 200 -[0m[0m
[1;32;40mINFO - 2023-01-04 10:49:11,906 - [33mwerkzeug[0m - [33m172.17.0.1 - - [04/Jan/2023 10:49:11] "GET /iteration-scdg HTTP/1.1" 200 -[0m[0m
[1;32;40mINFO - 2023-01-04 10:49:11,936 - [33mwerkzeug[0m - [33m172.17.0.1 - - [04/Jan/2023 10:49:11] "GET /progress-scdg HTTP/1.1" 200 -[0m[0m
[1;32;40mINFO - 2023-01-04 10:49:13,087 - [33mwerkzeug[0m - [33m172.17.0.1 - - [04/Jan/2023 10:49:13] "GET /iteration-scdg HTTP/1.1" 200 -[0m[0m
[1;32;40mINFO - 2023-01-04 10:49:13,093 - [33mwerkzeug[0m - [33m172.17.0.1 - - [04/Jan/2023 10:49:13] "GET /progress-scdg HTTP/1.1" 200 -[0m[0m
[1;32;40mINFO - 2023-01-04 10:49:13,199 - [33mwerkzeug[0m - [33m172.17.0.1 - - [04/Jan/2023 10:49:13] "GET /iteration-scdg HTTP/1.1" 200 -[0m[0m
[1;32;40mINFO - 2023-01-04 10:49:13,220 - [33mwerkzeug[0m - [33m172.17.0.1 - - [04/Jan/2023 10:49:13] "GET /progress-scdg HTTP/1.1" 200 -[0m[0m
[1;32;40mINFO - 2023-01-04 10:49:16,927 - [33mwerkzeug[0m - [33m172.17.0.1 - - [04/Jan/2023 10:49:16] "GET /iteration-scdg HTTP/1.1" 200 -[0m[0m
[1;32;40mINFO - 2023-01-04 10:49:16,940 - [33mwerkzeug[0m - [33m172.17.0.1 - - [04/Jan/2023 10:49:16] "GET /progress-scdg HTTP/1.1" 200 -[0m[0m
[1;32;40mINFO - 2023-01-04 10:49:18,094 - [33mwerkzeug[0m - [33m172.17.0.1 - - [04/Jan/2023 10:49:18] "GET /iteration-scdg HTTP/1.1" 200 -[0m[0m
[1;32;40mINFO - 2023-01-04 10:49:18,100 - [33mwerkzeug[0m - [33m172.17.0.1 - - [04/Jan/2023 10:49:18] "GET /progress-scdg HTTP/1.1" 200 -[0m[0m
[1;32;40mINFO - 2023-01-04 10:49:18,207 - [33mwerkzeug[0m - [33m172.17.0.1 - - [04/Jan/2023 10:49:18] "GET /iteration-scdg HTTP/1.1" 200 -[0m[0m
[1;32;40mINFO - 2023-01-04 10:49:18,229 - [33mwerkzeug[0m - [33m172.17.0.1 - - [04/Jan/2023 10:49:18] "GET /progress-scdg HTTP/1.1" 200 -[0m[0m
[1;32;40mINFO - 2023-01-04 10:49:21,912 - [33mwerkzeug[0m - [33m172.17.0.1 - - [04/Jan/2023 10:49:21] "GET /iteration-scdg HTTP/1.1" 200 -[0m[0m
[1;32;40mINFO - 2023-01-04 10:49:21,934 - [33mwerkzeug[0m - [33m172.17.0.1 - - [04/Jan/2023 10:49:21] "GET /progress-scdg HTTP/1.1" 200 -[0m[0m
[1;32;40mINFO - 2023-01-04 10:49:23,084 - [33mwerkzeug[0m - [33m172.17.0.1 - - [04/Jan/2023 10:49:23] "GET /iteration-scdg HTTP/1.1" 200 -[0m[0m
[1;32;40mINFO - 2023-01-04 10:49:23,116 - [33mwerkzeug[0m - [33m172.17.0.1 - - [04/Jan/2023 10:49:23] "GET /progress-scdg HTTP/1.1" 200 -[0m[0m
[1;32;40mINFO - 2023-01-04 10:49:23,205 - [33mwerkzeug[0m - [33m172.17.0.1 - - [04/Jan/2023 10:49:23] "GET /iteration-scdg HTTP/1.1" 200 -[0m[0m
[1;32;40mINFO - 2023-01-04 10:49:23,223 - [33mwerkzeug[0m - [33m172.17.0.1 - - [04/Jan/2023 10:49:23] "GET /progress-scdg HTTP/1.1" 200 -[0m[0m
[1;32;40mINFO - 2023-01-04 10:49:26,899 - [33mwerkzeug[0m - [33m172.17.0.1 - - [04/Jan/2023 10:49:26] "GET /iteration-scdg HTTP/1.1" 200 -[0m[0m
[1;32;40mINFO - 2023-01-04 10:49:26,926 - [33mwerkzeug[0m - [33m172.17.0.1 - - [04/Jan/2023 10:49:26] "GET /progress-scdg HTTP/1.1" 200 -[0m[0m
[1;32;40mINFO - 2023-01-04 10:49:28,092 - [33mwerkzeug[0m - [33m172.17.0.1 - - [04/Jan/2023 10:49:28] "GET /iteration-scdg HTTP/1.1" 200 -[0m[0m
[1;32;40mINFO - 2023-01-04 10:49:28,103 - [33mwerkzeug[0m - [33m172.17.0.1 - - [04/Jan/2023 10:49:28] "GET /progress-scdg HTTP/1.1" 200 -[0m[0m
[1;32;40mINFO - 2023-01-04 10:49:28,221 - [33mwerkzeug[0m - [33m172.17.0.1 - - [04/Jan/2023 10:49:28] "GET /iteration-scdg HTTP/1.1" 200 -[0m[0m
[1;32;40mINFO - 2023-01-04 10:49:28,238 - [33mwerkzeug[0m - [33m172.17.0.1 - - [04/Jan/2023 10:49:28] "GET /progress-scdg HTTP/1.1" 200 -[0m[0m
[1;32;40mINFO - 2023-01-04 10:49:31,915 - [33mwerkzeug[0m - [33m172.17.0.1 - - [04/Jan/2023 10:49:31] "GET /iteration-scdg HTTP/1.1" 200 -[0m[0m
[1;32;40mINFO - 2023-01-04 10:49:31,927 - [33mwerkzeug[0m - [33m172.17.0.1 - - [04/Jan/2023 10:49:31] "GET /progress-scdg HTTP/1.1" 200 -[0m[0m
[1;32;40mINFO - 2023-01-04 10:49:33,098 - [33mwerkzeug[0m - [33m172.17.0.1 - - [04/Jan/2023 10:49:33] "GET /iteration-scdg HTTP/1.1" 200 -[0m[0m
[1;32;40mINFO - 2023-01-04 10:49:33,115 - [33mwerkzeug[0m - [33m172.17.0.1 - - [04/Jan/2023 10:49:33] "GET /progress-scdg HTTP/1.1" 200 -[0m[0m
[1;32;40mINFO - 2023-01-04 10:49:33,214 - [33mwerkzeug[0m - [33m172.17.0.1 - - [04/Jan/2023 10:49:33] "GET /iteration-scdg HTTP/1.1" 200 -[0m[0m
[1;32;40mINFO - 2023-01-04 10:49:33,241 - [33mwerkzeug[0m - [33m172.17.0.1 - - [04/Jan/2023 10:49:33] "GET /progress-scdg HTTP/1.1" 200 -[0m[0m
[1;32;40mINFO - 2023-01-04 10:49:36,911 - [33mwerkzeug[0m - [33m172.17.0.1 - - [04/Jan/2023 10:49:36] "GET /iteration-scdg HTTP/1.1" 200 -[0m[0m
[1;32;40mINFO - 2023-01-04 10:49:36,927 - [33mwerkzeug[0m - [33m172.17.0.1 - - [04/Jan/2023 10:49:36] "GET /progress-scdg HTTP/1.1" 200 -[0m[0m
[1;32;40mINFO - 2023-01-04 10:49:38,097 - [33mwerkzeug[0m - [33m172.17.0.1 - - [04/Jan/2023 10:49:38] "GET /progress-scdg HTTP/1.1" 200 -[0m[0m
[1;32;40mINFO - 2023-01-04 10:49:38,100 - [33mwerkzeug[0m - [33m172.17.0.1 - - [04/Jan/2023 10:49:38] "GET /iteration-scdg HTTP/1.1" 200 -[0m[0m
[1;32;40mINFO - 2023-01-04 10:49:38,219 - [33mwerkzeug[0m - [33m172.17.0.1 - - [04/Jan/2023 10:49:38] "GET /iteration-scdg HTTP/1.1" 200 -[0m[0m
[1;32;40mINFO - 2023-01-04 10:49:38,230 - [33mwerkzeug[0m - [33m172.17.0.1 - - [04/Jan/2023 10:49:38] "GET /progress-scdg HTTP/1.1" 200 -[0m[0m
[1;32;40mINFO - 2023-01-04 10:49:41,918 - [33mwerkzeug[0m - [33m172.17.0.1 - - [04/Jan/2023 10:49:41] "GET /iteration-scdg HTTP/1.1" 200 -[0m[0m
[1;32;40mINFO - 2023-01-04 10:49:41,930 - [33mwerkzeug[0m - [33m172.17.0.1 - - [04/Jan/2023 10:49:41] "GET /progress-scdg HTTP/1.1" 200 -[0m[0m
[1;32;40mINFO - 2023-01-04 10:49:43,097 - [33mwerkzeug[0m - [33m172.17.0.1 - - [04/Jan/2023 10:49:43] "GET /iteration-scdg HTTP/1.1" 200 -[0m[0m
[1;32;40mINFO - 2023-01-04 10:49:43,134 - [33mwerkzeug[0m - [33m172.17.0.1 - - [04/Jan/2023 10:49:43] "GET /progress-scdg HTTP/1.1" 200 -[0m[0m
[1;32;40mINFO - 2023-01-04 10:49:43,215 - [33mwerkzeug[0m - [33m172.17.0.1 - - [04/Jan/2023 10:49:43] "GET /iteration-scdg HTTP/1.1" 200 -[0m[0m
[1;32;40mINFO - 2023-01-04 10:49:43,231 - [33mwerkzeug[0m - [33m172.17.0.1 - - [04/Jan/2023 10:49:43] "GET /progress-scdg HTTP/1.1" 200 -[0m[0m
[1;32;40mINFO - 2023-01-04 10:49:46,905 - [33mwerkzeug[0m - [33m172.17.0.1 - - [04/Jan/2023 10:49:46] "GET /iteration-scdg HTTP/1.1" 200 -[0m[0m
[1;32;40mINFO - 2023-01-04 10:49:46,911 - [33mwerkzeug[0m - [33m172.17.0.1 - - [04/Jan/2023 10:49:46] "GET /progress-scdg HTTP/1.1" 200 -[0m[0m
[1;32;40mINFO - 2023-01-04 10:49:48,101 - [33mwerkzeug[0m - [33m172.17.0.1 - - [04/Jan/2023 10:49:48] "GET /iteration-scdg HTTP/1.1" 200 -[0m[0m
[1;32;40mINFO - 2023-01-04 10:49:48,128 - [33mwerkzeug[0m - [33m172.17.0.1 - - [04/Jan/2023 10:49:48] "GET /progress-scdg HTTP/1.1" 200 -[0m[0m
[1;32;40mINFO - 2023-01-04 10:49:48,215 - [33mwerkzeug[0m - [33m172.17.0.1 - - [04/Jan/2023 10:49:48] "GET /iteration-scdg HTTP/1.1" 200 -[0m[0m
[1;32;40mINFO - 2023-01-04 10:49:48,242 - [33mwerkzeug[0m - [33m172.17.0.1 - - [04/Jan/2023 10:49:48] "GET /progress-scdg HTTP/1.1" 200 -[0m[0m
[1;32;40mINFO - 2023-01-04 10:49:50,450 - [31mToolChainExplorerAnotherCDFS[0m - [31mTimeout expired for simulation ![0m[0m
[1;32;40mINFO - 2023-01-04 10:49:50,454 - [37mGraphBuilder[0m - [37mOutput dir :src/output/runs/69//warzone4[0m[0m
