2021-12-02 18:50:15,340 [cuckoo.core.scheduler] INFO: Task #13: acquired machine cuckoo1 (label=cuckoo1)
2021-12-02 18:50:15,340 [cuckoo.core.resultserver] DEBUG: Now tracking machine :ip: for task #13
2021-12-02 18:50:15,340 [cuckoo.core.plugins] DEBUG: Started auxiliary module: Replay
2021-12-02 18:50:15,346 [cuckoo.auxiliary.sniffer] INFO: Started sniffer with PID 21897 (interface=qemubr, host=:ip:)
2021-12-02 18:50:15,346 [cuckoo.core.plugins] DEBUG: Started auxiliary module: Sniffer
2021-12-02 18:50:15,367 [cuckoo.machinery.qemu] DEBUG: Starting vm cuckoo1
2021-12-02 18:50:15,379 [cuckoo.core.scheduler] ERROR: Error starting Virtual Machine! VM: cuckoo1, error: QEMU failed starting the machine: qemu-img: /var/lib/libvirt/images/snapshot_cuckoo1.qcow2: Could not open '/var/lib/libvirt/images/:image:.qcow2': No such file or directory
Could not open backing image to determine size.

2021-12-02 18:50:15,380 [cuckoo.core.plugins] DEBUG: Stopped auxiliary module: Replay
2021-12-02 18:50:15,406 [cuckoo.core.plugins] DEBUG: Stopped auxiliary module: Sniffer
2021-12-02 18:50:15,406 [cuckoo.machinery.qemu] DEBUG: Stopping vm cuckoo1
2021-12-02 18:50:15,415 [cuckoo.core.scheduler] WARNING: Unable to stop machine cuckoo1: Trying to stop an already stopped vm cuckoo1
2021-12-02 18:50:15,421 [cuckoo.core.resultserver] DEBUG: Stopped tracking machine :ip: for task #13
2021-12-02 18:50:15,428 [cuckoo.core.scheduler] DEBUG: Released database task #13
2021-12-02 18:50:15,443 [cuckoo.core.plugins] DEBUG: Executed processing module "AnalysisInfo" for task #13
2021-12-02 18:50:15,444 [cuckoo.processing.behavior] WARNING: Analysis results folder does not contain any behavior log files.
2021-12-02 18:50:15,444 [cuckoo.core.plugins] DEBUG: Executed processing module "BehaviorAnalysis" for task #13
2021-12-02 18:50:15,444 [cuckoo.core.plugins] DEBUG: Executed processing module "Dropped" for task #13
2021-12-02 18:50:15,444 [cuckoo.core.plugins] DEBUG: Executed processing module "DroppedBuffer" for task #13
2021-12-02 18:50:15,445 [cuckoo.core.plugins] DEBUG: Executed processing module "MetaInfo" for task #13
2021-12-02 18:50:15,445 [cuckoo.core.plugins] DEBUG: Executed processing module "ProcessMemory" for task #13
2021-12-02 18:50:15,445 [cuckoo.core.plugins] DEBUG: Executed processing module "Procmon" for task #13
2021-12-02 18:50:15,446 [cuckoo.core.plugins] DEBUG: Executed processing module "Screenshots" for task #13
2021-12-02 18:50:15,618 [cuckoo.core.plugins] DEBUG: Executed processing module "Static" for task #13
2021-12-02 18:50:15,638 [cuckoo.core.plugins] DEBUG: Executed processing module "Strings" for task #13
2021-12-02 18:50:15,651 [cuckoo.core.plugins] DEBUG: Executed processing module "TargetInfo" for task #13
2021-12-02 18:50:15,651 [cuckoo.processing.network] WARNING: The PCAP file does not exist at path "/home/crochetch/Documents/toolchain_malware_analysis/src/sandboxes/.cuckoo/storage/analyses/13/dump.pcap".
2021-12-02 18:50:15,651 [cuckoo.core.plugins] DEBUG: Executed processing module "NetworkAnalysis" for task #13
2021-12-02 18:50:15,652 [cuckoo.core.plugins] DEBUG: Executed processing module "Extracted" for task #13
2021-12-02 18:50:15,652 [cuckoo.core.plugins] DEBUG: Executed processing module "TLSMasterSecrets" for task #13
2021-12-02 18:50:15,652 [cuckoo.processing.debug] ERROR: Error processing task #13: it appears that the Virtual Machine hasn't been able to contact back to the Cuckoo Host. There could be a few reasons for this, please refer to our documentation on the matter: https://cuckoo.sh/docs/faq/index.html#troubleshooting-vm-network-configuration
2021-12-02 18:50:15,659 [cuckoo.core.plugins] DEBUG: Executed processing module "Debug" for task #13
2021-12-02 18:50:15,660 [cuckoo.core.plugins] DEBUG: Running 0 signatures
2021-12-02 18:50:15,663 [cuckoo.core.plugins] DEBUG: Executed reporting module "JsonDump"
2021-12-02 18:50:15,700 [cuckoo.core.plugins] DEBUG: Executed reporting module "SingleFile"
2021-12-02 18:50:15,744 [cuckoo.core.plugins] DEBUG: Executed reporting module "MongoDB"
2021-12-02 18:50:15,744 [cuckoo.core.scheduler] INFO: Task #13: reports generation completed
2021-12-02 18:50:15,750 [cuckoo.core.scheduler] INFO: Task #13: analysis procedure completed
