2021-12-02 18:28:17,913 [cuckoo.core.scheduler] INFO: Task #6: acquired machine cuckoo1 (label=cuckoo1)
2021-12-02 18:28:17,913 [cuckoo.core.resultserver] DEBUG: Now tracking machine :ip: for task #6
2021-12-02 18:28:17,914 [cuckoo.core.plugins] DEBUG: Started auxiliary module: Replay
2021-12-02 18:28:17,921 [cuckoo.auxiliary.sniffer] INFO: Started sniffer with PID 13522 (interface=qemubr, host=:ip:)
2021-12-02 18:28:17,921 [cuckoo.core.plugins] DEBUG: Started auxiliary module: Sniffer
2021-12-02 18:28:17,947 [cuckoo.machinery.qemu] DEBUG: Starting vm cuckoo1
2021-12-02 18:28:17,968 [cuckoo.machinery.qemu] DEBUG: Executing QEMU ['qemu-system-x86_64', '-display', 'none', '-m', '1024M', '-hda', '/home/crochetch/Documents/PhD/VMImages/images/snapshot_cuckoo1.qcow2', '-net', 'tap,ifname=tap_cuckoo1,script=no,downscript=no', '-net', 'nic,macaddr=52:54:00:12:34:56', '-enable-kvm']
2021-12-02 18:28:17,994 [cuckoo.core.guest] INFO: Starting analysis #6 on guest (id=cuckoo1, ip=:ip:)
2021-12-02 18:28:17,996 [cuckoo.core.guest] DEBUG: cuckoo1: not ready yet
2021-12-02 18:28:18,998 [cuckoo.core.guest] DEBUG: cuckoo1: not ready yet
2021-12-02 18:28:20,003 [cuckoo.core.guest] DEBUG: cuckoo1: not ready yet
2021-12-02 18:28:21,008 [cuckoo.core.guest] DEBUG: cuckoo1: not ready yet
2021-12-02 18:28:22,013 [cuckoo.core.guest] DEBUG: cuckoo1: not ready yet
2021-12-02 18:28:23,017 [cuckoo.core.guest] DEBUG: cuckoo1: not ready yet
2021-12-02 18:28:24,021 [cuckoo.core.guest] DEBUG: cuckoo1: not ready yet
2021-12-02 18:28:25,023 [cuckoo.core.guest] DEBUG: cuckoo1: not ready yet
2021-12-02 18:28:26,027 [cuckoo.core.guest] DEBUG: cuckoo1: not ready yet
2021-12-02 18:28:27,030 [cuckoo.core.guest] DEBUG: cuckoo1: not ready yet
2021-12-02 18:28:28,033 [cuckoo.core.guest] DEBUG: cuckoo1: not ready yet
2021-12-02 18:28:29,036 [cuckoo.core.guest] DEBUG: cuckoo1: not ready yet
2021-12-02 18:28:30,041 [cuckoo.core.guest] DEBUG: cuckoo1: not ready yet
2021-12-02 18:28:31,045 [cuckoo.core.guest] DEBUG: cuckoo1: not ready yet
2021-12-02 18:28:32,049 [cuckoo.core.guest] DEBUG: cuckoo1: not ready yet
2021-12-02 18:28:33,051 [cuckoo.core.guest] DEBUG: cuckoo1: not ready yet
2021-12-02 18:28:34,055 [cuckoo.core.guest] DEBUG: cuckoo1: not ready yet
2021-12-02 18:28:35,060 [cuckoo.core.guest] DEBUG: cuckoo1: not ready yet
2021-12-02 18:28:36,064 [cuckoo.core.guest] DEBUG: cuckoo1: not ready yet
2021-12-02 18:28:37,068 [cuckoo.core.guest] DEBUG: cuckoo1: not ready yet
2021-12-02 18:28:38,072 [cuckoo.core.guest] DEBUG: cuckoo1: not ready yet
2021-12-02 18:28:39,079 [cuckoo.core.guest] DEBUG: cuckoo1: not ready yet
2021-12-02 18:28:40,082 [cuckoo.core.guest] DEBUG: cuckoo1: not ready yet
2021-12-02 18:28:41,086 [cuckoo.core.guest] DEBUG: cuckoo1: not ready yet
2021-12-02 18:28:42,091 [cuckoo.core.guest] DEBUG: cuckoo1: not ready yet
2021-12-02 18:28:43,095 [cuckoo.core.guest] DEBUG: cuckoo1: not ready yet
2021-12-02 18:28:44,099 [cuckoo.core.guest] DEBUG: cuckoo1: not ready yet
2021-12-02 18:28:45,105 [cuckoo.core.guest] DEBUG: cuckoo1: not ready yet
2021-12-02 18:28:46,108 [cuckoo.core.guest] DEBUG: cuckoo1: not ready yet
2021-12-02 18:28:47,112 [cuckoo.core.guest] DEBUG: cuckoo1: not ready yet
2021-12-02 18:28:48,115 [cuckoo.core.guest] DEBUG: cuckoo1: not ready yet
2021-12-02 18:28:49,119 [cuckoo.core.guest] DEBUG: cuckoo1: not ready yet
2021-12-02 18:28:50,122 [cuckoo.core.guest] DEBUG: cuckoo1: not ready yet
2021-12-02 18:28:51,125 [cuckoo.core.guest] DEBUG: cuckoo1: not ready yet
2021-12-02 18:28:52,127 [cuckoo.core.guest] DEBUG: cuckoo1: not ready yet
2021-12-02 18:28:53,131 [cuckoo.core.guest] DEBUG: cuckoo1: not ready yet
2021-12-02 18:28:54,135 [cuckoo.core.guest] DEBUG: cuckoo1: not ready yet
2021-12-02 18:28:55,139 [cuckoo.core.guest] DEBUG: cuckoo1: not ready yet
2021-12-02 18:28:56,142 [cuckoo.core.guest] DEBUG: cuckoo1: not ready yet
2021-12-02 18:28:57,146 [cuckoo.core.guest] DEBUG: cuckoo1: not ready yet
2021-12-02 18:28:58,149 [cuckoo.core.guest] DEBUG: cuckoo1: not ready yet
2021-12-02 18:28:59,152 [cuckoo.core.guest] DEBUG: cuckoo1: not ready yet
2021-12-02 18:29:00,156 [cuckoo.core.guest] DEBUG: cuckoo1: not ready yet
