[1;33;40mWARNING - 2023-01-04 10:07:32,466 - [34mangr.project[0m - [34mDisabling IRSB translation cache because support for self-modifying code is enabled.[0m[0m
[1;32;40mINFO - 2023-01-04 10:07:33,589 - [33mwerkzeug[0m - [33m172.17.0.1 - - [04/Jan/2023 10:07:33] "GET /iteration-scdg HTTP/1.1" 200 -[0m[0m
[1;32;40mINFO - 2023-01-04 10:07:33,595 - [33mwerkzeug[0m - [33m172.17.0.1 - - [04/Jan/2023 10:07:33] "GET /progress-scdg HTTP/1.1" 200 -[0m[0m
[1;32;40mINFO - 2023-01-04 10:07:34,947 - [33mwerkzeug[0m - [33m172.17.0.1 - - [04/Jan/2023 10:07:34] "GET /iteration-scdg HTTP/1.1" 200 -[0m[0m
[1;32;40mINFO - 2023-01-04 10:07:34,969 - [33mwerkzeug[0m - [33m172.17.0.1 - - [04/Jan/2023 10:07:34] "GET /progress-scdg HTTP/1.1" 200 -[0m[0m
[1;32;40mINFO - 2023-01-04 10:07:36,010 - [36mCustomSimProcedure[0m - {"ordinal.4465.b'mfc42.dll'": 5242880, "ordinal.3136.b'mfc42.dll'": 5242884, "ordinal.3262.b'mfc42.dll'": 5242888, "ordinal.2985.b'mfc42.dll'": 5242892, "ordinal.3081.b'mfc42.dll'": 5242896, "ordinal.2976.b'mfc42.dll'": 5242900, "ordinal.3830.b'mfc42.dll'": 5242904, "ordinal.3831.b'mfc42.dll'": 5242908, "ordinal.3825.b'mfc42.dll'": 5242912, "ordinal.3079.b'mfc42.dll'": 5242916, "ordinal.4080.b'mfc42.dll'": 5242920, "ordinal.4622.b'mfc42.dll'": 5242924, "ordinal.4424.b'mfc42.dll'": 5242928, "ordinal.3738.b'mfc42.dll'": 5242932, "ordinal.561.b'mfc42.dll'": 5242936, "ordinal.825.b'mfc42.dll'": 5242940, "ordinal.815.b'mfc42.dll'": 5242944, "ordinal.641.b'mfc42.dll'": 5242948, "ordinal.2514.b'mfc42.dll'": 5242952, "ordinal.5265.b'mfc42.dll'": 5242956, "ordinal.4376.b'mfc42.dll'": 5242960, "ordinal.4853.b'mfc42.dll'": 5242964, "ordinal.4998.b'mfc42.dll'": 5242968, "ordinal.6052.b'mfc42.dll'": 5242972, "ordinal.4078.b'mfc42.dll'": 5242976, "ordinal.1775.b'mfc42.dll'": 5242980, "ordinal.4407.b'mfc42.dll'": 5242984, "ordinal.5241.b'mfc42.dll'": 5242988, "ordinal.3259.b'mfc42.dll'": 5242992, "ordinal.5163.b'mfc42.dll'": 5242996, "ordinal.6374.b'mfc42.dll'": 5243000, "ordinal.4353.b'mfc42.dll'": 5243004, "ordinal.5280.b'mfc42.dll'": 5243008, "ordinal.3798.b'mfc42.dll'": 5243012, "ordinal.4837.b'mfc42.dll'": 5243016, "ordinal.4441.b'mfc42.dll'": 5243020, "ordinal.2648.b'mfc42.dll'": 5243024, "ordinal.2055.b'mfc42.dll'": 5243028, "ordinal.6376.b'mfc42.dll'": 5243032, "ordinal.3749.b'mfc42.dll'": 5243036, "ordinal.5065.b'mfc42.dll'": 5243040, "ordinal.1727.b'mfc42.dll'": 5243044, "ordinal.5261.b'mfc42.dll'": 5243048, "ordinal.2446.b'mfc42.dll'": 5243052, "ordinal.2124.b'mfc42.dll'": 5243056, "ordinal.5277.b'mfc42.dll'": 5243060, "ordinal.4627.b'mfc42.dll'": 5243064, "ordinal.4425.b'mfc42.dll'": 5243068, "ordinal.3597.b'mfc42.dll'": 5243072, "ordinal.1146.b'mfc42.dll'": 5243076, "ordinal.1168.b'mfc42.dll'": 5243080, "ordinal.324.b'mfc42.dll'": 5243084, "ordinal.4234.b'mfc42.dll'": 5243088, "ordinal.2379.b'mfc42.dll'": 5243092, "ordinal.755.b'mfc42.dll'": 5243096, "ordinal.470.b'mfc42.dll'": 5243100, "ordinal.3147.b'mfc42.dll'": 5243104, "ordinal.2982.b'mfc42.dll'": 5243108, "ordinal.5714.b'mfc42.dll'": 5243112, "ordinal.5289.b'mfc42.dll'": 5243116, "ordinal.5307.b'mfc42.dll'": 5243120, "ordinal.4698.b'mfc42.dll'": 5243124, "ordinal.4079.b'mfc42.dll'": 5243128, "ordinal.2725.b'mfc42.dll'": 5243132, "ordinal.5302.b'mfc42.dll'": 5243136, "ordinal.5300.b'mfc42.dll'": 5243140, "ordinal.3346.b'mfc42.dll'": 5243144, "ordinal.2396.b'mfc42.dll'": 5243148, "ordinal.5199.b'mfc42.dll'": 5243152, "ordinal.1089.b'mfc42.dll'": 5243156, "ordinal.3922.b'mfc42.dll'": 5243160, "ordinal.5731.b'mfc42.dll'": 5243164, "ordinal.2512.b'mfc42.dll'": 5243168, "ordinal.2554.b'mfc42.dll'": 5243172, "ordinal.4486.b'mfc42.dll'": 5243176, "ordinal.6375.b'mfc42.dll'": 5243180, "ordinal.4274.b'mfc42.dll'": 5243184, "ordinal.2385.b'mfc42.dll'": 5243188, "ordinal.4673.b'mfc42.dll'": 5243192, "ordinal.1576.b'mfc42.dll'": 5243196, '__set_app_type': 5243200, '_except_handler3': 5243204, '_controlfp': 5243208, '__p__commode': 5243212, '_adjust_fdiv': 5243216, '__setusermatherr': 5243220, '_initterm': 5243224, '__getmainargs': 5243228, '_acmdln': 5243232, '_XcptFilter': 5243236, '_exit': 5243240, '_onexit': 5243244, '__dllonexit': 5243248, '__p___argc': 5243252, 'fopen': 5243256, 'fclose': 5243260, 'wcsstr': 5243264, 'wcscpy': 5243268, 'atoi': 5243272, 'exit': 5243276, 'sprintf': 5243280, 'wcsncpy': 5243284, 'wcscat': 5243288, 'malloc': 5243292, 'wcslen': 5243296, '__CxxFrameHandler': 5243300, '_setmbcp': 5243304, '__p__fmode': 5243308, 'GlobalFree': 5243312, 'WriteFile': 5243316, 'GetCurrentProcess': 5243320, 'SizeofResource': 5243324, 'LockResource': 5243328, 'LoadResource': 5243332, 'FindResourceA': 5243336, 'GetProcAddress': 5243340, 'LoadLibraryA': 5243344, 'GetModuleHandleA': 5243348, 'DeleteFileW': 5243352, 'GetFileAttributesW': 5243356, 'Sleep': 5243360, 'GetCommandLineW': 5243364, 'GetTempPathW': 5243368, 'GetTempPathA': 5243372, 'GetFileTime': 5243376, 'ReadFile': 5243380, 'GetTickCount': 5243384, 'GetModuleFileNameW': 5243388, 'GetStartupInfoA': 5243392, 'CloseHandle': 5243396, 'SendMessageA': 5243400, 'GetClientRect': 5243404, 'EnableWindow': 5243408, 'DrawIcon': 5243412, 'IsIconic': 5243416, 'GetSystemMetrics': 5243420, 'LoadIconA': 5243424, 'wsprintfW': 5243428, 'SHGetSpecialFolderPathW': 5243432, 'KiUserExceptionDispatcher': 6295572, '_fmode': 6295576, '_commode': 6295580, '_wcmdln': 6295584}[0m
[1;32;40mINFO - 2023-01-04 10:07:36,010 - [36mCustomSimProcedure[0m - [36mWas in angr :user32.dll[0m[0m
[1;33;40mWARNING - 2023-01-04 10:07:36,013 - [36mCustomSimProcedure[0m - [36mProcedure wsprintfA in DLL user32.dll has 3 arguments in json and 2 arguments in angr prototype. Taking number of arguments from json.[0m[0m
[1;33;40mWARNING - 2023-01-04 10:07:36,013 - [36mCustomSimProcedure[0m - [36mProcedure wsprintfW in DLL user32.dll has 3 arguments in json and 2 arguments in angr prototype. Taking number of arguments from json.[0m[0m
[1;32;40mINFO - 2023-01-04 10:07:36,051 - [36mCustomSimProcedure[0m - [36mWas in angr :msvcrt.dll[0m[0m
[1;32;40mINFO - 2023-01-04 10:07:36,086 - [36mCustomSimProcedure[0m - [36mWas in angr :kernel32.dll[0m[0m
[1;33;40mWARNING - 2023-01-04 10:07:36,172 - [34mangr.project[0m - [34mAddress is already hooked, during hook(0x500228, <SimProcedure SHGetSpecialFolderPathW>). Not re-hooking.[0m[0m
[1;33;40mWARNING - 2023-01-04 10:07:36,176 - [34mangr.project[0m - [34mAddress is already hooked, during hook(0x601014, <SimProcedure KiUserExceptionDispatcher>). Not re-hooking.[0m[0m
[1;32;40mINFO - 2023-01-04 10:07:36,177 - [36mCustomSimProcedure[0m - [36mNo hooks for: {"ordinal.4465.b'mfc42.dll'": 5242880, "ordinal.3136.b'mfc42.dll'": 5242884, "ordinal.3262.b'mfc42.dll'": 5242888, "ordinal.2985.b'mfc42.dll'": 5242892, "ordinal.3081.b'mfc42.dll'": 5242896, "ordinal.2976.b'mfc42.dll'": 5242900, "ordinal.3830.b'mfc42.dll'": 5242904, "ordinal.3831.b'mfc42.dll'": 5242908, "ordinal.3825.b'mfc42.dll'": 5242912, "ordinal.3079.b'mfc42.dll'": 5242916, "ordinal.4080.b'mfc42.dll'": 5242920, "ordinal.4622.b'mfc42.dll'": 5242924, "ordinal.4424.b'mfc42.dll'": 5242928, "ordinal.3738.b'mfc42.dll'": 5242932, "ordinal.561.b'mfc42.dll'": 5242936, "ordinal.825.b'mfc42.dll'": 5242940, "ordinal.815.b'mfc42.dll'": 5242944, "ordinal.641.b'mfc42.dll'": 5242948, "ordinal.2514.b'mfc42.dll'": 5242952, "ordinal.5265.b'mfc42.dll'": 5242956, "ordinal.4376.b'mfc42.dll'": 5242960, "ordinal.4853.b'mfc42.dll'": 5242964, "ordinal.4998.b'mfc42.dll'": 5242968, "ordinal.6052.b'mfc42.dll'": 5242972, "ordinal.4078.b'mfc42.dll'": 5242976, "ordinal.1775.b'mfc42.dll'": 5242980, "ordinal.4407.b'mfc42.dll'": 5242984, "ordinal.5241.b'mfc42.dll'": 5242988, "ordinal.3259.b'mfc42.dll'": 5242992, "ordinal.5163.b'mfc42.dll'": 5242996, "ordinal.6374.b'mfc42.dll'": 5243000, "ordinal.4353.b'mfc42.dll'": 5243004, "ordinal.5280.b'mfc42.dll'": 5243008, "ordinal.3798.b'mfc42.dll'": 5243012, "ordinal.4837.b'mfc42.dll'": 5243016, "ordinal.4441.b'mfc42.dll'": 5243020, "ordinal.2648.b'mfc42.dll'": 5243024, "ordinal.2055.b'mfc42.dll'": 5243028, "ordinal.6376.b'mfc42.dll'": 5243032, "ordinal.3749.b'mfc42.dll'": 5243036, "ordinal.5065.b'mfc42.dll'": 5243040, "ordinal.1727.b'mfc42.dll'": 5243044, "ordinal.5261.b'mfc42.dll'": 5243048, "ordinal.2446.b'mfc42.dll'": 5243052, "ordinal.2124.b'mfc42.dll'": 5243056, "ordinal.5277.b'mfc42.dll'": 5243060, "ordinal.4627.b'mfc42.dll'": 5243064, "ordinal.4425.b'mfc42.dll'": 5243068, "ordinal.3597.b'mfc42.dll'": 5243072, "ordinal.1146.b'mfc42.dll'": 5243076, "ordinal.1168.b'mfc42.dll'": 5243080, "ordinal.324.b'mfc42.dll'": 5243084, "ordinal.4234.b'mfc42.dll'": 5243088, "ordinal.2379.b'mfc42.dll'": 5243092, "ordinal.755.b'mfc42.dll'": 5243096, "ordinal.470.b'mfc42.dll'": 5243100, "ordinal.3147.b'mfc42.dll'": 5243104, "ordinal.2982.b'mfc42.dll'": 5243108, "ordinal.5714.b'mfc42.dll'": 5243112, "ordinal.5289.b'mfc42.dll'": 5243116, "ordinal.5307.b'mfc42.dll'": 5243120, "ordinal.4698.b'mfc42.dll'": 5243124, "ordinal.4079.b'mfc42.dll'": 5243128, "ordinal.2725.b'mfc42.dll'": 5243132, "ordinal.5302.b'mfc42.dll'": 5243136, "ordinal.5300.b'mfc42.dll'": 5243140, "ordinal.3346.b'mfc42.dll'": 5243144, "ordinal.2396.b'mfc42.dll'": 5243148, "ordinal.5199.b'mfc42.dll'": 5243152, "ordinal.1089.b'mfc42.dll'": 5243156, "ordinal.3922.b'mfc42.dll'": 5243160, "ordinal.5731.b'mfc42.dll'": 5243164, "ordinal.2512.b'mfc42.dll'": 5243168, "ordinal.2554.b'mfc42.dll'": 5243172, "ordinal.4486.b'mfc42.dll'": 5243176, "ordinal.6375.b'mfc42.dll'": 5243180, "ordinal.4274.b'mfc42.dll'": 5243184, "ordinal.2385.b'mfc42.dll'": 5243188, "ordinal.4673.b'mfc42.dll'": 5243192, "ordinal.1576.b'mfc42.dll'": 5243196, '__set_app_type': 5243200, '_except_handler3': 5243204, '_controlfp': 5243208, '_adjust_fdiv': 5243216, '__setusermatherr': 5243220, '_initterm': 5243224, '__getmainargs': 5243228, '_acmdln': 5243232, '_XcptFilter': 5243236, '__dllonexit': 5243248, '__CxxFrameHandler': 5243300, '_setmbcp': 5243304, '_fmode': 6295576, '_commode': 6295580, '_wcmdln': 6295584}[0m[0m
[1;32;40mINFO - 2023-01-04 10:07:36,177 - [36mCustomSimProcedure[0m - [36mcustom_hook_static[0m[0m
[1;32;40mINFO - 2023-01-04 10:07:36,177 - [36mCustomSimProcedure[0m - [36mmfc42.dll[0m[0m
[1;32;40mINFO - 2023-01-04 10:07:36,177 - [36mCustomSimProcedure[0m - [36m4465[0m[0m
[1;32;40mINFO - 2023-01-04 10:07:36,177 - [36mCustomSimProcedure[0m - [36mmfc42.dll[0m[0m
[1;32;40mINFO - 2023-01-04 10:07:36,177 - [36mCustomSimProcedure[0m - [36m3136[0m[0m
[1;32;40mINFO - 2023-01-04 10:07:36,177 - [36mCustomSimProcedure[0m - [36mmfc42.dll[0m[0m
[1;32;40mINFO - 2023-01-04 10:07:36,177 - [36mCustomSimProcedure[0m - [36m3262[0m[0m
[1;32;40mINFO - 2023-01-04 10:07:36,177 - [36mCustomSimProcedure[0m - [36mmfc42.dll[0m[0m
[1;32;40mINFO - 2023-01-04 10:07:36,177 - [36mCustomSimProcedure[0m - [36m2985[0m[0m
[1;32;40mINFO - 2023-01-04 10:07:36,177 - [36mCustomSimProcedure[0m - [36mmfc42.dll[0m[0m
[1;32;40mINFO - 2023-01-04 10:07:36,177 - [36mCustomSimProcedure[0m - [36m3081[0m[0m
[1;32;40mINFO - 2023-01-04 10:07:36,177 - [36mCustomSimProcedure[0m - [36mmfc42.dll[0m[0m
[1;32;40mINFO - 2023-01-04 10:07:36,178 - [36mCustomSimProcedure[0m - [36m2976[0m[0m
[1;32;40mINFO - 2023-01-04 10:07:36,178 - [36mCustomSimProcedure[0m - [36mmfc42.dll[0m[0m
[1;32;40mINFO - 2023-01-04 10:07:36,178 - [36mCustomSimProcedure[0m - [36m3830[0m[0m
[1;32;40mINFO - 2023-01-04 10:07:36,178 - [36mCustomSimProcedure[0m - [36mmfc42.dll[0m[0m
[1;32;40mINFO - 2023-01-04 10:07:36,178 - [36mCustomSimProcedure[0m - [36m3831[0m[0m
[1;32;40mINFO - 2023-01-04 10:07:36,178 - [36mCustomSimProcedure[0m - [36mmfc42.dll[0m[0m
[1;32;40mINFO - 2023-01-04 10:07:36,178 - [36mCustomSimProcedure[0m - [36m3825[0m[0m
[1;32;40mINFO - 2023-01-04 10:07:36,178 - [36mCustomSimProcedure[0m - [36mmfc42.dll[0m[0m
[1;32;40mINFO - 2023-01-04 10:07:36,178 - [36mCustomSimProcedure[0m - [36m3079[0m[0m
[1;32;40mINFO - 2023-01-04 10:07:36,178 - [36mCustomSimProcedure[0m - [36mmfc42.dll[0m[0m
[1;32;40mINFO - 2023-01-04 10:07:36,178 - [36mCustomSimProcedure[0m - [36m4080[0m[0m
[1;32;40mINFO - 2023-01-04 10:07:36,178 - [36mCustomSimProcedure[0m - [36mmfc42.dll[0m[0m
[1;32;40mINFO - 2023-01-04 10:07:36,178 - [36mCustomSimProcedure[0m - [36m4622[0m[0m
[1;32;40mINFO - 2023-01-04 10:07:36,178 - [36mCustomSimProcedure[0m - [36mmfc42.dll[0m[0m
[1;32;40mINFO - 2023-01-04 10:07:36,178 - [36mCustomSimProcedure[0m - [36m4424[0m[0m
[1;32;40mINFO - 2023-01-04 10:07:36,178 - [36mCustomSimProcedure[0m - [36mmfc42.dll[0m[0m
[1;32;40mINFO - 2023-01-04 10:07:36,178 - [36mCustomSimProcedure[0m - [36m3738[0m[0m
[1;32;40mINFO - 2023-01-04 10:07:36,179 - [36mCustomSimProcedure[0m - [36mmfc42.dll[0m[0m
[1;32;40mINFO - 2023-01-04 10:07:36,179 - [36mCustomSimProcedure[0m - [36m561[0m[0m
[1;32;40mINFO - 2023-01-04 10:07:36,179 - [36mCustomSimProcedure[0m - [36mmfc42.dll[0m[0m
[1;32;40mINFO - 2023-01-04 10:07:36,179 - [36mCustomSimProcedure[0m - [36m825[0m[0m
[1;32;40mINFO - 2023-01-04 10:07:36,179 - [36mCustomSimProcedure[0m - [36mmfc42.dll[0m[0m
[1;32;40mINFO - 2023-01-04 10:07:36,179 - [36mCustomSimProcedure[0m - [36m815[0m[0m
[1;32;40mINFO - 2023-01-04 10:07:36,179 - [36mCustomSimProcedure[0m - [36mmfc42.dll[0m[0m
[1;32;40mINFO - 2023-01-04 10:07:36,179 - [36mCustomSimProcedure[0m - [36m641[0m[0m
[1;32;40mINFO - 2023-01-04 10:07:36,179 - [36mCustomSimProcedure[0m - [36mmfc42.dll[0m[0m
[1;32;40mINFO - 2023-01-04 10:07:36,179 - [36mCustomSimProcedure[0m - [36m2514[0m[0m
[1;32;40mINFO - 2023-01-04 10:07:36,179 - [36mCustomSimProcedure[0m - [36mmfc42.dll[0m[0m
[1;32;40mINFO - 2023-01-04 10:07:36,179 - [36mCustomSimProcedure[0m - [36m5265[0m[0m
[1;32;40mINFO - 2023-01-04 10:07:36,179 - [36mCustomSimProcedure[0m - [36mmfc42.dll[0m[0m
[1;32;40mINFO - 2023-01-04 10:07:36,179 - [36mCustomSimProcedure[0m - [36m4376[0m[0m
[1;32;40mINFO - 2023-01-04 10:07:36,179 - [36mCustomSimProcedure[0m - [36mmfc42.dll[0m[0m
[1;32;40mINFO - 2023-01-04 10:07:36,179 - [36mCustomSimProcedure[0m - [36m4853[0m[0m
[1;32;40mINFO - 2023-01-04 10:07:36,179 - [36mCustomSimProcedure[0m - [36mmfc42.dll[0m[0m
[1;32;40mINFO - 2023-01-04 10:07:36,179 - [36mCustomSimProcedure[0m - [36m4998[0m[0m
[1;32;40mINFO - 2023-01-04 10:07:36,180 - [36mCustomSimProcedure[0m - [36mmfc42.dll[0m[0m
[1;32;40mINFO - 2023-01-04 10:07:36,180 - [36mCustomSimProcedure[0m - [36m6052[0m[0m
[1;32;40mINFO - 2023-01-04 10:07:36,180 - [36mCustomSimProcedure[0m - [36mmfc42.dll[0m[0m
[1;32;40mINFO - 2023-01-04 10:07:36,180 - [36mCustomSimProcedure[0m - [36m4078[0m[0m
[1;32;40mINFO - 2023-01-04 10:07:36,180 - [36mCustomSimProcedure[0m - [36mmfc42.dll[0m[0m
[1;32;40mINFO - 2023-01-04 10:07:36,180 - [36mCustomSimProcedure[0m - [36m1775[0m[0m
[1;32;40mINFO - 2023-01-04 10:07:36,180 - [36mCustomSimProcedure[0m - [36mmfc42.dll[0m[0m
[1;32;40mINFO - 2023-01-04 10:07:36,180 - [36mCustomSimProcedure[0m - [36m4407[0m[0m
[1;32;40mINFO - 2023-01-04 10:07:36,180 - [36mCustomSimProcedure[0m - [36mmfc42.dll[0m[0m
[1;32;40mINFO - 2023-01-04 10:07:36,180 - [36mCustomSimProcedure[0m - [36m5241[0m[0m
[1;32;40mINFO - 2023-01-04 10:07:36,180 - [36mCustomSimProcedure[0m - [36mmfc42.dll[0m[0m
[1;32;40mINFO - 2023-01-04 10:07:36,180 - [36mCustomSimProcedure[0m - [36m3259[0m[0m
[1;32;40mINFO - 2023-01-04 10:07:36,180 - [36mCustomSimProcedure[0m - [36mmfc42.dll[0m[0m
[1;32;40mINFO - 2023-01-04 10:07:36,180 - [36mCustomSimProcedure[0m - [36m5163[0m[0m
[1;32;40mINFO - 2023-01-04 10:07:36,180 - [36mCustomSimProcedure[0m - [36mmfc42.dll[0m[0m
[1;32;40mINFO - 2023-01-04 10:07:36,180 - [36mCustomSimProcedure[0m - [36m6374[0m[0m
[1;32;40mINFO - 2023-01-04 10:07:36,180 - [36mCustomSimProcedure[0m - [36mmfc42.dll[0m[0m
[1;32;40mINFO - 2023-01-04 10:07:36,180 - [36mCustomSimProcedure[0m - [36m4353[0m[0m
[1;32;40mINFO - 2023-01-04 10:07:36,180 - [36mCustomSimProcedure[0m - [36mmfc42.dll[0m[0m
[1;32;40mINFO - 2023-01-04 10:07:36,181 - [36mCustomSimProcedure[0m - [36m5280[0m[0m
[1;32;40mINFO - 2023-01-04 10:07:36,181 - [36mCustomSimProcedure[0m - [36mmfc42.dll[0m[0m
[1;32;40mINFO - 2023-01-04 10:07:36,181 - [36mCustomSimProcedure[0m - [36m3798[0m[0m
[1;32;40mINFO - 2023-01-04 10:07:36,181 - [36mCustomSimProcedure[0m - [36mmfc42.dll[0m[0m
[1;32;40mINFO - 2023-01-04 10:07:36,181 - [36mCustomSimProcedure[0m - [36m4837[0m[0m
[1;32;40mINFO - 2023-01-04 10:07:36,181 - [36mCustomSimProcedure[0m - [36mmfc42.dll[0m[0m
[1;32;40mINFO - 2023-01-04 10:07:36,181 - [36mCustomSimProcedure[0m - [36m4441[0m[0m
[1;32;40mINFO - 2023-01-04 10:07:36,181 - [36mCustomSimProcedure[0m - [36mmfc42.dll[0m[0m
[1;32;40mINFO - 2023-01-04 10:07:36,181 - [36mCustomSimProcedure[0m - [36m2648[0m[0m
[1;32;40mINFO - 2023-01-04 10:07:36,181 - [36mCustomSimProcedure[0m - [36mmfc42.dll[0m[0m
[1;32;40mINFO - 2023-01-04 10:07:36,181 - [36mCustomSimProcedure[0m - [36m2055[0m[0m
[1;32;40mINFO - 2023-01-04 10:07:36,181 - [36mCustomSimProcedure[0m - [36mmfc42.dll[0m[0m
[1;32;40mINFO - 2023-01-04 10:07:36,181 - [36mCustomSimProcedure[0m - [36m6376[0m[0m
[1;32;40mINFO - 2023-01-04 10:07:36,181 - [36mCustomSimProcedure[0m - [36mmfc42.dll[0m[0m
[1;32;40mINFO - 2023-01-04 10:07:36,181 - [36mCustomSimProcedure[0m - [36m3749[0m[0m
[1;32;40mINFO - 2023-01-04 10:07:36,181 - [36mCustomSimProcedure[0m - [36mmfc42.dll[0m[0m
[1;32;40mINFO - 2023-01-04 10:07:36,181 - [36mCustomSimProcedure[0m - [36m5065[0m[0m
[1;32;40mINFO - 2023-01-04 10:07:36,182 - [36mCustomSimProcedure[0m - [36mmfc42.dll[0m[0m
[1;32;40mINFO - 2023-01-04 10:07:36,182 - [36mCustomSimProcedure[0m - [36m1727[0m[0m
[1;32;40mINFO - 2023-01-04 10:07:36,182 - [36mCustomSimProcedure[0m - [36mmfc42.dll[0m[0m
[1;32;40mINFO - 2023-01-04 10:07:36,182 - [36mCustomSimProcedure[0m - [36m5261[0m[0m
[1;32;40mINFO - 2023-01-04 10:07:36,182 - [36mCustomSimProcedure[0m - [36mmfc42.dll[0m[0m
[1;32;40mINFO - 2023-01-04 10:07:36,182 - [36mCustomSimProcedure[0m - [36m2446[0m[0m
[1;32;40mINFO - 2023-01-04 10:07:36,182 - [36mCustomSimProcedure[0m - [36mmfc42.dll[0m[0m
[1;32;40mINFO - 2023-01-04 10:07:36,182 - [36mCustomSimProcedure[0m - [36m2124[0m[0m
[1;32;40mINFO - 2023-01-04 10:07:36,182 - [36mCustomSimProcedure[0m - [36mmfc42.dll[0m[0m
[1;32;40mINFO - 2023-01-04 10:07:36,182 - [36mCustomSimProcedure[0m - [36m5277[0m[0m
[1;32;40mINFO - 2023-01-04 10:07:36,182 - [36mCustomSimProcedure[0m - [36mmfc42.dll[0m[0m
[1;32;40mINFO - 2023-01-04 10:07:36,182 - [36mCustomSimProcedure[0m - [36m4627[0m[0m
[1;32;40mINFO - 2023-01-04 10:07:36,182 - [36mCustomSimProcedure[0m - [36mmfc42.dll[0m[0m
[1;32;40mINFO - 2023-01-04 10:07:36,182 - [36mCustomSimProcedure[0m - [36m4425[0m[0m
[1;32;40mINFO - 2023-01-04 10:07:36,182 - [36mCustomSimProcedure[0m - [36mmfc42.dll[0m[0m
[1;32;40mINFO - 2023-01-04 10:07:36,182 - [36mCustomSimProcedure[0m - [36m3597[0m[0m
[1;32;40mINFO - 2023-01-04 10:07:36,182 - [36mCustomSimProcedure[0m - [36mmfc42.dll[0m[0m
[1;32;40mINFO - 2023-01-04 10:07:36,182 - [36mCustomSimProcedure[0m - [36m1146[0m[0m
[1;32;40mINFO - 2023-01-04 10:07:36,183 - [36mCustomSimProcedure[0m - [36mmfc42.dll[0m[0m
[1;32;40mINFO - 2023-01-04 10:07:36,183 - [36mCustomSimProcedure[0m - [36m1168[0m[0m
[1;32;40mINFO - 2023-01-04 10:07:36,183 - [36mCustomSimProcedure[0m - [36mmfc42.dll[0m[0m
[1;32;40mINFO - 2023-01-04 10:07:36,183 - [36mCustomSimProcedure[0m - [36m324[0m[0m
[1;32;40mINFO - 2023-01-04 10:07:36,183 - [36mCustomSimProcedure[0m - [36mmfc42.dll[0m[0m
[1;32;40mINFO - 2023-01-04 10:07:36,183 - [36mCustomSimProcedure[0m - [36m4234[0m[0m
[1;32;40mINFO - 2023-01-04 10:07:36,183 - [36mCustomSimProcedure[0m - [36mmfc42.dll[0m[0m
[1;32;40mINFO - 2023-01-04 10:07:36,183 - [36mCustomSimProcedure[0m - [36m2379[0m[0m
[1;32;40mINFO - 2023-01-04 10:07:36,183 - [36mCustomSimProcedure[0m - [36mmfc42.dll[0m[0m
[1;32;40mINFO - 2023-01-04 10:07:36,183 - [36mCustomSimProcedure[0m - [36m755[0m[0m
[1;32;40mINFO - 2023-01-04 10:07:36,183 - [36mCustomSimProcedure[0m - [36mmfc42.dll[0m[0m
[1;32;40mINFO - 2023-01-04 10:07:36,183 - [36mCustomSimProcedure[0m - [36m470[0m[0m
[1;32;40mINFO - 2023-01-04 10:07:36,183 - [36mCustomSimProcedure[0m - [36mmfc42.dll[0m[0m
[1;32;40mINFO - 2023-01-04 10:07:36,183 - [36mCustomSimProcedure[0m - [36m3147[0m[0m
[1;32;40mINFO - 2023-01-04 10:07:36,183 - [36mCustomSimProcedure[0m - [36mmfc42.dll[0m[0m
[1;32;40mINFO - 2023-01-04 10:07:36,183 - [36mCustomSimProcedure[0m - [36m2982[0m[0m
[1;32;40mINFO - 2023-01-04 10:07:36,183 - [36mCustomSimProcedure[0m - [36mmfc42.dll[0m[0m
[1;32;40mINFO - 2023-01-04 10:07:36,183 - [36mCustomSimProcedure[0m - [36m5714[0m[0m
[1;32;40mINFO - 2023-01-04 10:07:36,183 - [36mCustomSimProcedure[0m - [36mmfc42.dll[0m[0m
[1;32;40mINFO - 2023-01-04 10:07:36,183 - [36mCustomSimProcedure[0m - [36m5289[0m[0m
[1;32;40mINFO - 2023-01-04 10:07:36,184 - [36mCustomSimProcedure[0m - [36mmfc42.dll[0m[0m
[1;32;40mINFO - 2023-01-04 10:07:36,184 - [36mCustomSimProcedure[0m - [36m5307[0m[0m
[1;32;40mINFO - 2023-01-04 10:07:36,184 - [36mCustomSimProcedure[0m - [36mmfc42.dll[0m[0m
[1;32;40mINFO - 2023-01-04 10:07:36,184 - [36mCustomSimProcedure[0m - [36m4698[0m[0m
[1;32;40mINFO - 2023-01-04 10:07:36,184 - [36mCustomSimProcedure[0m - [36mmfc42.dll[0m[0m
[1;32;40mINFO - 2023-01-04 10:07:36,184 - [36mCustomSimProcedure[0m - [36m4079[0m[0m
[1;32;40mINFO - 2023-01-04 10:07:36,184 - [36mCustomSimProcedure[0m - [36mmfc42.dll[0m[0m
[1;32;40mINFO - 2023-01-04 10:07:36,184 - [36mCustomSimProcedure[0m - [36m2725[0m[0m
[1;32;40mINFO - 2023-01-04 10:07:36,184 - [36mCustomSimProcedure[0m - [36mmfc42.dll[0m[0m
[1;32;40mINFO - 2023-01-04 10:07:36,184 - [36mCustomSimProcedure[0m - [36m5302[0m[0m
[1;32;40mINFO - 2023-01-04 10:07:36,184 - [36mCustomSimProcedure[0m - [36mmfc42.dll[0m[0m
[1;32;40mINFO - 2023-01-04 10:07:36,184 - [36mCustomSimProcedure[0m - [36m5300[0m[0m
[1;32;40mINFO - 2023-01-04 10:07:36,184 - [36mCustomSimProcedure[0m - [36mmfc42.dll[0m[0m
[1;32;40mINFO - 2023-01-04 10:07:36,184 - [36mCustomSimProcedure[0m - [36m3346[0m[0m
[1;32;40mINFO - 2023-01-04 10:07:36,184 - [36mCustomSimProcedure[0m - [36mmfc42.dll[0m[0m
[1;32;40mINFO - 2023-01-04 10:07:36,184 - [36mCustomSimProcedure[0m - [36m2396[0m[0m
[1;32;40mINFO - 2023-01-04 10:07:36,184 - [36mCustomSimProcedure[0m - [36mmfc42.dll[0m[0m
[1;32;40mINFO - 2023-01-04 10:07:36,184 - [36mCustomSimProcedure[0m - [36m5199[0m[0m
[1;32;40mINFO - 2023-01-04 10:07:36,185 - [36mCustomSimProcedure[0m - [36mmfc42.dll[0m[0m
[1;32;40mINFO - 2023-01-04 10:07:36,185 - [36mCustomSimProcedure[0m - [36m1089[0m[0m
[1;32;40mINFO - 2023-01-04 10:07:36,185 - [36mCustomSimProcedure[0m - [36mmfc42.dll[0m[0m
[1;32;40mINFO - 2023-01-04 10:07:36,185 - [36mCustomSimProcedure[0m - [36m3922[0m[0m
[1;32;40mINFO - 2023-01-04 10:07:36,185 - [36mCustomSimProcedure[0m - [36mmfc42.dll[0m[0m
[1;32;40mINFO - 2023-01-04 10:07:36,185 - [36mCustomSimProcedure[0m - [36m5731[0m[0m
[1;32;40mINFO - 2023-01-04 10:07:36,185 - [36mCustomSimProcedure[0m - [36mmfc42.dll[0m[0m
[1;32;40mINFO - 2023-01-04 10:07:36,185 - [36mCustomSimProcedure[0m - [36m2512[0m[0m
[1;32;40mINFO - 2023-01-04 10:07:36,185 - [36mCustomSimProcedure[0m - [36mmfc42.dll[0m[0m
[1;32;40mINFO - 2023-01-04 10:07:36,185 - [36mCustomSimProcedure[0m - [36m2554[0m[0m
[1;32;40mINFO - 2023-01-04 10:07:36,185 - [36mCustomSimProcedure[0m - [36mmfc42.dll[0m[0m
[1;32;40mINFO - 2023-01-04 10:07:36,185 - [36mCustomSimProcedure[0m - [36m4486[0m[0m
[1;32;40mINFO - 2023-01-04 10:07:36,185 - [36mCustomSimProcedure[0m - [36mmfc42.dll[0m[0m
[1;32;40mINFO - 2023-01-04 10:07:36,185 - [36mCustomSimProcedure[0m - [36m6375[0m[0m
[1;32;40mINFO - 2023-01-04 10:07:36,185 - [36mCustomSimProcedure[0m - [36mmfc42.dll[0m[0m
[1;32;40mINFO - 2023-01-04 10:07:36,185 - [36mCustomSimProcedure[0m - [36m4274[0m[0m
[1;32;40mINFO - 2023-01-04 10:07:36,185 - [36mCustomSimProcedure[0m - [36mmfc42.dll[0m[0m
[1;32;40mINFO - 2023-01-04 10:07:36,185 - [36mCustomSimProcedure[0m - [36m2385[0m[0m
[1;32;40mINFO - 2023-01-04 10:07:36,186 - [36mCustomSimProcedure[0m - [36mmfc42.dll[0m[0m
[1;32;40mINFO - 2023-01-04 10:07:36,186 - [36mCustomSimProcedure[0m - [36m4673[0m[0m
[1;32;40mINFO - 2023-01-04 10:07:36,186 - [36mCustomSimProcedure[0m - [36mmfc42.dll[0m[0m
[1;32;40mINFO - 2023-01-04 10:07:36,186 - [36mCustomSimProcedure[0m - [36m1576[0m[0m
[1;33;40mWARNING - 2023-01-04 10:07:36,186 - [34mangr.project[0m - [34mAddress is already hooked, during hook(0x400000, <SimProcedure _initterm>). Not re-hooking.[0m[0m
[1;33;40mWARNING - 2023-01-04 10:07:36,186 - [34mangr.project[0m - [34mAddress is already hooked, during hook(0x400000, <SimProcedure __getmainargs>). Not re-hooking.[0m[0m
[1;33;40mWARNING - 2023-01-04 10:07:36,186 - [34mangr.project[0m - [34mAddress is already hooked, during hook(0x400000, <SimProcedure fopen>). Not re-hooking.[0m[0m
[1;33;40mWARNING - 2023-01-04 10:07:36,186 - [34mangr.project[0m - [34mAddress is already hooked, during hook(0x400000, <SimProcedure fclose>). Not re-hooking.[0m[0m
[1;33;40mWARNING - 2023-01-04 10:07:36,186 - [34mangr.project[0m - [34mAddress is already hooked, during hook(0x400000, <SimProcedure atoi>). Not re-hooking.[0m[0m
[1;33;40mWARNING - 2023-01-04 10:07:36,186 - [34mangr.project[0m - [34mAddress is already hooked, during hook(0x400000, <SimProcedure exit>). Not re-hooking.[0m[0m
[1;33;40mWARNING - 2023-01-04 10:07:36,187 - [34mangr.project[0m - [34mAddress is already hooked, during hook(0x400000, <SimProcedure sprintf>). Not re-hooking.[0m[0m
[1;33;40mWARNING - 2023-01-04 10:07:36,187 - [34mangr.project[0m - [34mAddress is already hooked, during hook(0x400000, <SimProcedure malloc>). Not re-hooking.[0m[0m
[1;33;40mWARNING - 2023-01-04 10:07:36,187 - [34mangr.project[0m - [34mAddress is already hooked, during hook(0x400000, <SimProcedure __p__fmode>). Not re-hooking.[0m[0m
[1;33;40mWARNING - 2023-01-04 10:07:36,187 - [34mangr.project[0m - [34mAddress is already hooked, during hook(0x400000, <SimProcedure WriteFile>). Not re-hooking.[0m[0m
[1;33;40mWARNING - 2023-01-04 10:07:36,187 - [34mangr.project[0m - [34mAddress is already hooked, during hook(0x400000, <SimProcedure GetCommandLineW>). Not re-hooking.[0m[0m
[1;33;40mWARNING - 2023-01-04 10:07:36,187 - [34mangr.project[0m - [34mAddress is already hooked, during hook(0x400000, <SimProcedure GetTempPathA>). Not re-hooking.[0m[0m
[1;33;40mWARNING - 2023-01-04 10:07:36,187 - [34mangr.project[0m - [34mAddress is already hooked, during hook(0x400000, <SimProcedure ReadFile>). Not re-hooking.[0m[0m
[1;33;40mWARNING - 2023-01-04 10:07:36,188 - [34mangr.project[0m - [34mAddress is already hooked, during hook(0x400000, <SimProcedure GetTickCount>). Not re-hooking.[0m[0m
[1;32;40mINFO - 2023-01-04 10:07:36,188 - [36mCustomSimProcedure[0m - [36mmfc42.dll[0m[0m
[1;32;40mINFO - 2023-01-04 10:07:36,188 - [36mCustomSimProcedure[0m - [36m4465[0m[0m
[1;32;40mINFO - 2023-01-04 10:07:36,188 - [36mCustomSimProcedure[0m - [36mmfc42.dll[0m[0m
[1;32;40mINFO - 2023-01-04 10:07:36,188 - [36mCustomSimProcedure[0m - [36m3136[0m[0m
[1;32;40mINFO - 2023-01-04 10:07:36,188 - [36mCustomSimProcedure[0m - [36mmfc42.dll[0m[0m
[1;32;40mINFO - 2023-01-04 10:07:36,188 - [36mCustomSimProcedure[0m - [36m3262[0m[0m
[1;32;40mINFO - 2023-01-04 10:07:36,188 - [36mCustomSimProcedure[0m - [36mmfc42.dll[0m[0m
[1;32;40mINFO - 2023-01-04 10:07:36,188 - [36mCustomSimProcedure[0m - [36m2985[0m[0m
[1;32;40mINFO - 2023-01-04 10:07:36,188 - [36mCustomSimProcedure[0m - [36mmfc42.dll[0m[0m
[1;32;40mINFO - 2023-01-04 10:07:36,188 - [36mCustomSimProcedure[0m - [36m3081[0m[0m
[1;32;40mINFO - 2023-01-04 10:07:36,188 - [36mCustomSimProcedure[0m - [36mmfc42.dll[0m[0m
[1;32;40mINFO - 2023-01-04 10:07:36,188 - [36mCustomSimProcedure[0m - [36m2976[0m[0m
[1;32;40mINFO - 2023-01-04 10:07:36,188 - [36mCustomSimProcedure[0m - [36mmfc42.dll[0m[0m
[1;32;40mINFO - 2023-01-04 10:07:36,188 - [36mCustomSimProcedure[0m - [36m3830[0m[0m
[1;32;40mINFO - 2023-01-04 10:07:36,189 - [36mCustomSimProcedure[0m - [36mmfc42.dll[0m[0m
[1;32;40mINFO - 2023-01-04 10:07:36,189 - [36mCustomSimProcedure[0m - [36m3831[0m[0m
[1;32;40mINFO - 2023-01-04 10:07:36,189 - [36mCustomSimProcedure[0m - [36mmfc42.dll[0m[0m
[1;32;40mINFO - 2023-01-04 10:07:36,189 - [36mCustomSimProcedure[0m - [36m3825[0m[0m
[1;32;40mINFO - 2023-01-04 10:07:36,189 - [36mCustomSimProcedure[0m - [36mmfc42.dll[0m[0m
[1;32;40mINFO - 2023-01-04 10:07:36,189 - [36mCustomSimProcedure[0m - [36m3079[0m[0m
[1;32;40mINFO - 2023-01-04 10:07:36,189 - [36mCustomSimProcedure[0m - [36mmfc42.dll[0m[0m
[1;32;40mINFO - 2023-01-04 10:07:36,189 - [36mCustomSimProcedure[0m - [36m4080[0m[0m
[1;32;40mINFO - 2023-01-04 10:07:36,189 - [36mCustomSimProcedure[0m - [36mmfc42.dll[0m[0m
[1;32;40mINFO - 2023-01-04 10:07:36,189 - [36mCustomSimProcedure[0m - [36m4622[0m[0m
[1;32;40mINFO - 2023-01-04 10:07:36,189 - [36mCustomSimProcedure[0m - [36mmfc42.dll[0m[0m
[1;32;40mINFO - 2023-01-04 10:07:36,189 - [36mCustomSimProcedure[0m - [36m4424[0m[0m
[1;32;40mINFO - 2023-01-04 10:07:36,189 - [36mCustomSimProcedure[0m - [36mmfc42.dll[0m[0m
[1;32;40mINFO - 2023-01-04 10:07:36,189 - [36mCustomSimProcedure[0m - [36m3738[0m[0m
[1;32;40mINFO - 2023-01-04 10:07:36,189 - [36mCustomSimProcedure[0m - [36mmfc42.dll[0m[0m
[1;32;40mINFO - 2023-01-04 10:07:36,189 - [36mCustomSimProcedure[0m - [36m561[0m[0m
[1;32;40mINFO - 2023-01-04 10:07:36,189 - [36mCustomSimProcedure[0m - [36mmfc42.dll[0m[0m
[1;32;40mINFO - 2023-01-04 10:07:36,189 - [36mCustomSimProcedure[0m - [36m825[0m[0m
[1;32;40mINFO - 2023-01-04 10:07:36,189 - [36mCustomSimProcedure[0m - [36mmfc42.dll[0m[0m
[1;32;40mINFO - 2023-01-04 10:07:36,189 - [36mCustomSimProcedure[0m - [36m815[0m[0m
[1;32;40mINFO - 2023-01-04 10:07:36,190 - [36mCustomSimProcedure[0m - [36mmfc42.dll[0m[0m
[1;32;40mINFO - 2023-01-04 10:07:36,190 - [36mCustomSimProcedure[0m - [36m641[0m[0m
[1;32;40mINFO - 2023-01-04 10:07:36,190 - [36mCustomSimProcedure[0m - [36mmfc42.dll[0m[0m
[1;32;40mINFO - 2023-01-04 10:07:36,190 - [36mCustomSimProcedure[0m - [36m2514[0m[0m
[1;32;40mINFO - 2023-01-04 10:07:36,190 - [36mCustomSimProcedure[0m - [36mmfc42.dll[0m[0m
[1;32;40mINFO - 2023-01-04 10:07:36,190 - [36mCustomSimProcedure[0m - [36m5265[0m[0m
[1;32;40mINFO - 2023-01-04 10:07:36,190 - [36mCustomSimProcedure[0m - [36mmfc42.dll[0m[0m
[1;32;40mINFO - 2023-01-04 10:07:36,190 - [36mCustomSimProcedure[0m - [36m4376[0m[0m
[1;32;40mINFO - 2023-01-04 10:07:36,190 - [36mCustomSimProcedure[0m - [36mmfc42.dll[0m[0m
[1;32;40mINFO - 2023-01-04 10:07:36,190 - [36mCustomSimProcedure[0m - [36m4853[0m[0m
[1;32;40mINFO - 2023-01-04 10:07:36,190 - [36mCustomSimProcedure[0m - [36mmfc42.dll[0m[0m
[1;32;40mINFO - 2023-01-04 10:07:36,190 - [36mCustomSimProcedure[0m - [36m4998[0m[0m
[1;32;40mINFO - 2023-01-04 10:07:36,190 - [36mCustomSimProcedure[0m - [36mmfc42.dll[0m[0m
[1;32;40mINFO - 2023-01-04 10:07:36,190 - [36mCustomSimProcedure[0m - [36m6052[0m[0m
[1;32;40mINFO - 2023-01-04 10:07:36,190 - [36mCustomSimProcedure[0m - [36mmfc42.dll[0m[0m
[1;32;40mINFO - 2023-01-04 10:07:36,190 - [36mCustomSimProcedure[0m - [36m4078[0m[0m
[1;32;40mINFO - 2023-01-04 10:07:36,190 - [36mCustomSimProcedure[0m - [36mmfc42.dll[0m[0m
[1;32;40mINFO - 2023-01-04 10:07:36,190 - [36mCustomSimProcedure[0m - [36m1775[0m[0m
[1;32;40mINFO - 2023-01-04 10:07:36,190 - [36mCustomSimProcedure[0m - [36mmfc42.dll[0m[0m
[1;32;40mINFO - 2023-01-04 10:07:36,191 - [36mCustomSimProcedure[0m - [36m4407[0m[0m
[1;32;40mINFO - 2023-01-04 10:07:36,191 - [36mCustomSimProcedure[0m - [36mmfc42.dll[0m[0m
[1;32;40mINFO - 2023-01-04 10:07:36,191 - [36mCustomSimProcedure[0m - [36m5241[0m[0m
[1;32;40mINFO - 2023-01-04 10:07:36,191 - [36mCustomSimProcedure[0m - [36mmfc42.dll[0m[0m
[1;32;40mINFO - 2023-01-04 10:07:36,191 - [36mCustomSimProcedure[0m - [36m3259[0m[0m
[1;32;40mINFO - 2023-01-04 10:07:36,191 - [36mCustomSimProcedure[0m - [36mmfc42.dll[0m[0m
[1;32;40mINFO - 2023-01-04 10:07:36,191 - [36mCustomSimProcedure[0m - [36m5163[0m[0m
[1;32;40mINFO - 2023-01-04 10:07:36,191 - [36mCustomSimProcedure[0m - [36mmfc42.dll[0m[0m
[1;32;40mINFO - 2023-01-04 10:07:36,191 - [36mCustomSimProcedure[0m - [36m6374[0m[0m
[1;32;40mINFO - 2023-01-04 10:07:36,191 - [36mCustomSimProcedure[0m - [36mmfc42.dll[0m[0m
[1;32;40mINFO - 2023-01-04 10:07:36,191 - [36mCustomSimProcedure[0m - [36m4353[0m[0m
[1;32;40mINFO - 2023-01-04 10:07:36,191 - [36mCustomSimProcedure[0m - [36mmfc42.dll[0m[0m
[1;32;40mINFO - 2023-01-04 10:07:36,191 - [36mCustomSimProcedure[0m - [36m5280[0m[0m
[1;32;40mINFO - 2023-01-04 10:07:36,191 - [36mCustomSimProcedure[0m - [36mmfc42.dll[0m[0m
[1;32;40mINFO - 2023-01-04 10:07:36,191 - [36mCustomSimProcedure[0m - [36m3798[0m[0m
[1;32;40mINFO - 2023-01-04 10:07:36,191 - [36mCustomSimProcedure[0m - [36mmfc42.dll[0m[0m
[1;32;40mINFO - 2023-01-04 10:07:36,191 - [36mCustomSimProcedure[0m - [36m4837[0m[0m
[1;32;40mINFO - 2023-01-04 10:07:36,191 - [36mCustomSimProcedure[0m - [36mmfc42.dll[0m[0m
[1;32;40mINFO - 2023-01-04 10:07:36,192 - [36mCustomSimProcedure[0m - [36m4441[0m[0m
[1;32;40mINFO - 2023-01-04 10:07:36,192 - [36mCustomSimProcedure[0m - [36mmfc42.dll[0m[0m
[1;32;40mINFO - 2023-01-04 10:07:36,192 - [36mCustomSimProcedure[0m - [36m2648[0m[0m
[1;32;40mINFO - 2023-01-04 10:07:36,192 - [36mCustomSimProcedure[0m - [36mmfc42.dll[0m[0m
[1;32;40mINFO - 2023-01-04 10:07:36,192 - [36mCustomSimProcedure[0m - [36m2055[0m[0m
[1;32;40mINFO - 2023-01-04 10:07:36,192 - [36mCustomSimProcedure[0m - [36mmfc42.dll[0m[0m
[1;32;40mINFO - 2023-01-04 10:07:36,192 - [36mCustomSimProcedure[0m - [36m6376[0m[0m
[1;32;40mINFO - 2023-01-04 10:07:36,192 - [36mCustomSimProcedure[0m - [36mmfc42.dll[0m[0m
[1;32;40mINFO - 2023-01-04 10:07:36,192 - [36mCustomSimProcedure[0m - [36m3749[0m[0m
[1;32;40mINFO - 2023-01-04 10:07:36,192 - [36mCustomSimProcedure[0m - [36mmfc42.dll[0m[0m
[1;32;40mINFO - 2023-01-04 10:07:36,192 - [36mCustomSimProcedure[0m - [36m5065[0m[0m
[1;32;40mINFO - 2023-01-04 10:07:36,192 - [36mCustomSimProcedure[0m - [36mmfc42.dll[0m[0m
[1;32;40mINFO - 2023-01-04 10:07:36,192 - [36mCustomSimProcedure[0m - [36m1727[0m[0m
[1;32;40mINFO - 2023-01-04 10:07:36,192 - [36mCustomSimProcedure[0m - [36mmfc42.dll[0m[0m
[1;32;40mINFO - 2023-01-04 10:07:36,192 - [36mCustomSimProcedure[0m - [36m5261[0m[0m
[1;32;40mINFO - 2023-01-04 10:07:36,192 - [36mCustomSimProcedure[0m - [36mmfc42.dll[0m[0m
[1;32;40mINFO - 2023-01-04 10:07:36,192 - [36mCustomSimProcedure[0m - [36m2446[0m[0m
[1;32;40mINFO - 2023-01-04 10:07:36,192 - [36mCustomSimProcedure[0m - [36mmfc42.dll[0m[0m
[1;32;40mINFO - 2023-01-04 10:07:36,193 - [36mCustomSimProcedure[0m - [36m2124[0m[0m
[1;32;40mINFO - 2023-01-04 10:07:36,193 - [36mCustomSimProcedure[0m - [36mmfc42.dll[0m[0m
[1;32;40mINFO - 2023-01-04 10:07:36,193 - [36mCustomSimProcedure[0m - [36m5277[0m[0m
[1;32;40mINFO - 2023-01-04 10:07:36,193 - [36mCustomSimProcedure[0m - [36mmfc42.dll[0m[0m
[1;32;40mINFO - 2023-01-04 10:07:36,193 - [36mCustomSimProcedure[0m - [36m4627[0m[0m
[1;32;40mINFO - 2023-01-04 10:07:36,193 - [36mCustomSimProcedure[0m - [36mmfc42.dll[0m[0m
[1;32;40mINFO - 2023-01-04 10:07:36,193 - [36mCustomSimProcedure[0m - [36m4425[0m[0m
[1;32;40mINFO - 2023-01-04 10:07:36,193 - [36mCustomSimProcedure[0m - [36mmfc42.dll[0m[0m
[1;32;40mINFO - 2023-01-04 10:07:36,193 - [36mCustomSimProcedure[0m - [36m3597[0m[0m
[1;32;40mINFO - 2023-01-04 10:07:36,193 - [36mCustomSimProcedure[0m - [36mmfc42.dll[0m[0m
[1;32;40mINFO - 2023-01-04 10:07:36,193 - [36mCustomSimProcedure[0m - [36m1146[0m[0m
[1;32;40mINFO - 2023-01-04 10:07:36,193 - [36mCustomSimProcedure[0m - [36mmfc42.dll[0m[0m
[1;32;40mINFO - 2023-01-04 10:07:36,193 - [36mCustomSimProcedure[0m - [36m1168[0m[0m
[1;32;40mINFO - 2023-01-04 10:07:36,193 - [36mCustomSimProcedure[0m - [36mmfc42.dll[0m[0m
[1;32;40mINFO - 2023-01-04 10:07:36,193 - [36mCustomSimProcedure[0m - [36m324[0m[0m
[1;32;40mINFO - 2023-01-04 10:07:36,193 - [36mCustomSimProcedure[0m - [36mmfc42.dll[0m[0m
[1;32;40mINFO - 2023-01-04 10:07:36,193 - [36mCustomSimProcedure[0m - [36m4234[0m[0m
[1;32;40mINFO - 2023-01-04 10:07:36,193 - [36mCustomSimProcedure[0m - [36mmfc42.dll[0m[0m
[1;32;40mINFO - 2023-01-04 10:07:36,194 - [36mCustomSimProcedure[0m - [36m2379[0m[0m
[1;32;40mINFO - 2023-01-04 10:07:36,194 - [36mCustomSimProcedure[0m - [36mmfc42.dll[0m[0m
[1;32;40mINFO - 2023-01-04 10:07:36,194 - [36mCustomSimProcedure[0m - [36m755[0m[0m
[1;32;40mINFO - 2023-01-04 10:07:36,194 - [36mCustomSimProcedure[0m - [36mmfc42.dll[0m[0m
[1;32;40mINFO - 2023-01-04 10:07:36,194 - [36mCustomSimProcedure[0m - [36m470[0m[0m
[1;32;40mINFO - 2023-01-04 10:07:36,194 - [36mCustomSimProcedure[0m - [36mmfc42.dll[0m[0m
[1;32;40mINFO - 2023-01-04 10:07:36,194 - [36mCustomSimProcedure[0m - [36m3147[0m[0m
[1;32;40mINFO - 2023-01-04 10:07:36,194 - [36mCustomSimProcedure[0m - [36mmfc42.dll[0m[0m
[1;32;40mINFO - 2023-01-04 10:07:36,194 - [36mCustomSimProcedure[0m - [36m2982[0m[0m
[1;32;40mINFO - 2023-01-04 10:07:36,194 - [36mCustomSimProcedure[0m - [36mmfc42.dll[0m[0m
[1;32;40mINFO - 2023-01-04 10:07:36,194 - [36mCustomSimProcedure[0m - [36m5714[0m[0m
[1;32;40mINFO - 2023-01-04 10:07:36,194 - [36mCustomSimProcedure[0m - [36mmfc42.dll[0m[0m
[1;32;40mINFO - 2023-01-04 10:07:36,194 - [36mCustomSimProcedure[0m - [36m5289[0m[0m
[1;32;40mINFO - 2023-01-04 10:07:36,194 - [36mCustomSimProcedure[0m - [36mmfc42.dll[0m[0m
[1;32;40mINFO - 2023-01-04 10:07:36,194 - [36mCustomSimProcedure[0m - [36m5307[0m[0m
[1;32;40mINFO - 2023-01-04 10:07:36,194 - [36mCustomSimProcedure[0m - [36mmfc42.dll[0m[0m
[1;32;40mINFO - 2023-01-04 10:07:36,194 - [36mCustomSimProcedure[0m - [36m4698[0m[0m
[1;32;40mINFO - 2023-01-04 10:07:36,195 - [36mCustomSimProcedure[0m - [36mmfc42.dll[0m[0m
[1;32;40mINFO - 2023-01-04 10:07:36,195 - [36mCustomSimProcedure[0m - [36m4079[0m[0m
[1;32;40mINFO - 2023-01-04 10:07:36,195 - [36mCustomSimProcedure[0m - [36mmfc42.dll[0m[0m
[1;32;40mINFO - 2023-01-04 10:07:36,195 - [36mCustomSimProcedure[0m - [36m2725[0m[0m
[1;32;40mINFO - 2023-01-04 10:07:36,195 - [36mCustomSimProcedure[0m - [36mmfc42.dll[0m[0m
[1;32;40mINFO - 2023-01-04 10:07:36,195 - [36mCustomSimProcedure[0m - [36m5302[0m[0m
[1;32;40mINFO - 2023-01-04 10:07:36,195 - [36mCustomSimProcedure[0m - [36mmfc42.dll[0m[0m
[1;32;40mINFO - 2023-01-04 10:07:36,195 - [36mCustomSimProcedure[0m - [36m5300[0m[0m
[1;32;40mINFO - 2023-01-04 10:07:36,195 - [36mCustomSimProcedure[0m - [36mmfc42.dll[0m[0m
[1;32;40mINFO - 2023-01-04 10:07:36,195 - [36mCustomSimProcedure[0m - [36m3346[0m[0m
[1;32;40mINFO - 2023-01-04 10:07:36,195 - [36mCustomSimProcedure[0m - [36mmfc42.dll[0m[0m
[1;32;40mINFO - 2023-01-04 10:07:36,195 - [36mCustomSimProcedure[0m - [36m2396[0m[0m
[1;32;40mINFO - 2023-01-04 10:07:36,195 - [36mCustomSimProcedure[0m - [36mmfc42.dll[0m[0m
[1;32;40mINFO - 2023-01-04 10:07:36,195 - [36mCustomSimProcedure[0m - [36m5199[0m[0m
[1;32;40mINFO - 2023-01-04 10:07:36,195 - [36mCustomSimProcedure[0m - [36mmfc42.dll[0m[0m
[1;32;40mINFO - 2023-01-04 10:07:36,195 - [36mCustomSimProcedure[0m - [36m1089[0m[0m
[1;32;40mINFO - 2023-01-04 10:07:36,196 - [36mCustomSimProcedure[0m - [36mmfc42.dll[0m[0m
[1;32;40mINFO - 2023-01-04 10:07:36,196 - [36mCustomSimProcedure[0m - [36m3922[0m[0m
[1;32;40mINFO - 2023-01-04 10:07:36,196 - [36mCustomSimProcedure[0m - [36mmfc42.dll[0m[0m
[1;32;40mINFO - 2023-01-04 10:07:36,196 - [36mCustomSimProcedure[0m - [36m5731[0m[0m
[1;32;40mINFO - 2023-01-04 10:07:36,196 - [36mCustomSimProcedure[0m - [36mmfc42.dll[0m[0m
[1;32;40mINFO - 2023-01-04 10:07:36,196 - [36mCustomSimProcedure[0m - [36m2512[0m[0m
[1;32;40mINFO - 2023-01-04 10:07:36,196 - [36mCustomSimProcedure[0m - [36mmfc42.dll[0m[0m
[1;32;40mINFO - 2023-01-04 10:07:36,196 - [36mCustomSimProcedure[0m - [36m2554[0m[0m
[1;32;40mINFO - 2023-01-04 10:07:36,196 - [36mCustomSimProcedure[0m - [36mmfc42.dll[0m[0m
[1;32;40mINFO - 2023-01-04 10:07:36,196 - [36mCustomSimProcedure[0m - [36m4486[0m[0m
[1;32;40mINFO - 2023-01-04 10:07:36,196 - [36mCustomSimProcedure[0m - [36mmfc42.dll[0m[0m
[1;32;40mINFO - 2023-01-04 10:07:36,196 - [36mCustomSimProcedure[0m - [36m6375[0m[0m
[1;32;40mINFO - 2023-01-04 10:07:36,196 - [36mCustomSimProcedure[0m - [36mmfc42.dll[0m[0m
[1;32;40mINFO - 2023-01-04 10:07:36,196 - [36mCustomSimProcedure[0m - [36m4274[0m[0m
[1;32;40mINFO - 2023-01-04 10:07:36,196 - [36mCustomSimProcedure[0m - [36mmfc42.dll[0m[0m
[1;32;40mINFO - 2023-01-04 10:07:36,196 - [36mCustomSimProcedure[0m - [36m2385[0m[0m
[1;32;40mINFO - 2023-01-04 10:07:36,196 - [36mCustomSimProcedure[0m - [36mmfc42.dll[0m[0m
[1;32;40mINFO - 2023-01-04 10:07:36,197 - [36mCustomSimProcedure[0m - [36m4673[0m[0m
[1;32;40mINFO - 2023-01-04 10:07:36,197 - [36mCustomSimProcedure[0m - [36mmfc42.dll[0m[0m
[1;32;40mINFO - 2023-01-04 10:07:36,197 - [36mCustomSimProcedure[0m - [36m1576[0m[0m
[1;33;40mWARNING - 2023-01-04 10:07:36,197 - [34mangr.project[0m - [34mAddress is already hooked, during hook(0x50014c, <SimProcedure __p__commode>). Not re-hooking.[0m[0m
[1;33;40mWARNING - 2023-01-04 10:07:36,197 - [34mangr.project[0m - [34mAddress is already hooked, during hook(0x500158, <SimProcedure _initterm>). Not re-hooking.[0m[0m
[1;33;40mWARNING - 2023-01-04 10:07:36,197 - [34mangr.project[0m - [34mAddress is already hooked, during hook(0x50015c, <SimProcedure __getmainargs>). Not re-hooking.[0m[0m
[1;33;40mWARNING - 2023-01-04 10:07:36,197 - [34mangr.project[0m - [34mAddress is already hooked, during hook(0x500178, <SimProcedure fopen>). Not re-hooking.[0m[0m
[1;33;40mWARNING - 2023-01-04 10:07:36,197 - [34mangr.project[0m - [34mAddress is already hooked, during hook(0x50017c, <SimProcedure fclose>). Not re-hooking.[0m[0m
[1;33;40mWARNING - 2023-01-04 10:07:36,198 - [34mangr.project[0m - [34mAddress is already hooked, during hook(0x500188, <SimProcedure atoi>). Not re-hooking.[0m[0m
[1;33;40mWARNING - 2023-01-04 10:07:36,198 - [34mangr.project[0m - [34mAddress is already hooked, during hook(0x50018c, <SimProcedure exit>). Not re-hooking.[0m[0m
[1;33;40mWARNING - 2023-01-04 10:07:36,198 - [34mangr.project[0m - [34mAddress is already hooked, during hook(0x500190, <SimProcedure sprintf>). Not re-hooking.[0m[0m
[1;33;40mWARNING - 2023-01-04 10:07:36,198 - [34mangr.project[0m - [34mAddress is already hooked, during hook(0x50019c, <SimProcedure malloc>). Not re-hooking.[0m[0m
[1;33;40mWARNING - 2023-01-04 10:07:36,198 - [34mangr.project[0m - [34mAddress is already hooked, during hook(0x5001ac, <SimProcedure __p__fmode>). Not re-hooking.[0m[0m
[1;33;40mWARNING - 2023-01-04 10:07:36,198 - [34mangr.project[0m - [34mAddress is already hooked, during hook(0x5001b4, <SimProcedure WriteFile>). Not re-hooking.[0m[0m
[1;33;40mWARNING - 2023-01-04 10:07:36,199 - [34mangr.project[0m - [34mAddress is already hooked, during hook(0x5001e4, <SimProcedure GetCommandLineW>). Not re-hooking.[0m[0m
[1;33;40mWARNING - 2023-01-04 10:07:36,199 - [34mangr.project[0m - [34mAddress is already hooked, during hook(0x5001ec, <SimProcedure GetTempPathA>). Not re-hooking.[0m[0m
[1;33;40mWARNING - 2023-01-04 10:07:36,199 - [34mangr.project[0m - [34mAddress is already hooked, during hook(0x5001f4, <SimProcedure ReadFile>). Not re-hooking.[0m[0m
[1;33;40mWARNING - 2023-01-04 10:07:36,199 - [34mangr.project[0m - [34mAddress is already hooked, during hook(0x5001f8, <SimProcedure GetTickCount>). Not re-hooking.[0m[0m
[1;33;40mWARNING - 2023-01-04 10:07:36,199 - [34mangr.project[0m - [34mAddress is already hooked, during hook(0x601014, <SimProcedure KiUserExceptionDispatcher>). Not re-hooking.[0m[0m
[1;32;40mINFO - 2023-01-04 10:07:36,199 - [36mCustomSimProcedure[0m - [36mcustom_hook_windows_symbols[0m[0m
[1;33;40mWARNING - 2023-01-04 10:07:36,212 - [34mangr.project[0m - [34mAddress is already hooked, during hook(0x500208, <SimProcedure SendMessageA>). Re-hooking.[0m[0m
[1;33;40mWARNING - 2023-01-04 10:07:36,214 - [34mangr.project[0m - [34mAddress is already hooked, during hook(0x500208, <SimProcedure SendMessageA>). Re-hooking.[0m[0m
[1;33;40mWARNING - 2023-01-04 10:07:36,312 - [34mangr.project[0m - [34mAddress is already hooked, during hook(0x500210, <SimProcedure EnableWindow>). Re-hooking.[0m[0m
[1;33;40mWARNING - 2023-01-04 10:07:36,314 - [34mangr.project[0m - [34mAddress is already hooked, during hook(0x500210, <SimProcedure EnableWindow>). Re-hooking.[0m[0m
[1;33;40mWARNING - 2023-01-04 10:07:36,332 - [34mangr.project[0m - [34mAddress is already hooked, during hook(0x50021c, <SimProcedure GetSystemMetrics>). Re-hooking.[0m[0m
[1;33;40mWARNING - 2023-01-04 10:07:36,333 - [34mangr.project[0m - [34mAddress is already hooked, during hook(0x50021c, <SimProcedure GetSystemMetrics>). Re-hooking.[0m[0m
[1;33;40mWARNING - 2023-01-04 10:07:36,426 - [34mangr.project[0m - [34mAddress is already hooked, during hook(0x500220, <SimProcedure LoadIconA>). Re-hooking.[0m[0m
[1;33;40mWARNING - 2023-01-04 10:07:36,428 - [34mangr.project[0m - [34mAddress is already hooked, during hook(0x500220, <SimProcedure LoadIconA>). Re-hooking.[0m[0m
[1;33;40mWARNING - 2023-01-04 10:07:36,785 - [34mangr.project[0m - [34mAddress is already hooked, during hook(0x500214, <SimProcedure DrawIcon>). Re-hooking.[0m[0m
[1;33;40mWARNING - 2023-01-04 10:07:36,786 - [34mangr.project[0m - [34mAddress is already hooked, during hook(0x500214, <SimProcedure DrawIcon>). Re-hooking.[0m[0m
[1;33;40mWARNING - 2023-01-04 10:07:36,813 - [34mangr.project[0m - [34mAddress is already hooked, during hook(0x500210, <SimProcedure EnableWindow>). Re-hooking.[0m[0m
[1;33;40mWARNING - 2023-01-04 10:07:36,814 - [34mangr.project[0m - [34mAddress is already hooked, during hook(0x500210, <SimProcedure EnableWindow>). Re-hooking.[0m[0m
[1;33;40mWARNING - 2023-01-04 10:07:36,919 - [34mangr.project[0m - [34mAddress is already hooked, during hook(0x50020c, <SimProcedure GetClientRect>). Re-hooking.[0m[0m
[1;33;40mWARNING - 2023-01-04 10:07:36,920 - [34mangr.project[0m - [34mAddress is already hooked, during hook(0x50020c, <SimProcedure GetClientRect>). Re-hooking.[0m[0m
[1;32;40mINFO - 2023-01-04 10:07:36,943 - [33mwerkzeug[0m - [33m172.17.0.1 - - [04/Jan/2023 10:07:36] "GET /iteration-scdg HTTP/1.1" 200 -[0m[0m
[1;32;40mINFO - 2023-01-04 10:07:36,945 - [33mwerkzeug[0m - [33m172.17.0.1 - - [04/Jan/2023 10:07:36] "GET /progress-scdg HTTP/1.1" 200 -[0m[0m
[1;33;40mWARNING - 2023-01-04 10:07:37,204 - [34mangr.project[0m - [34mAddress is already hooked, during hook(0x50021c, <SimProcedure GetSystemMetrics>). Re-hooking.[0m[0m
[1;33;40mWARNING - 2023-01-04 10:07:37,206 - [34mangr.project[0m - [34mAddress is already hooked, during hook(0x50021c, <SimProcedure GetSystemMetrics>). Re-hooking.[0m[0m
[1;33;40mWARNING - 2023-01-04 10:07:37,365 - [34mangr.project[0m - [34mAddress is already hooked, during hook(0x500218, <SimProcedure IsIconic>). Re-hooking.[0m[0m
[1;33;40mWARNING - 2023-01-04 10:07:37,367 - [34mangr.project[0m - [34mAddress is already hooked, during hook(0x500218, <SimProcedure IsIconic>). Re-hooking.[0m[0m
[1;33;40mWARNING - 2023-01-04 10:07:37,420 - [34mangr.project[0m - [34mAddress is already hooked, during hook(0x500220, <SimProcedure LoadIconA>). Re-hooking.[0m[0m
[1;33;40mWARNING - 2023-01-04 10:07:37,421 - [34mangr.project[0m - [34mAddress is already hooked, during hook(0x500220, <SimProcedure LoadIconA>). Re-hooking.[0m[0m
[1;33;40mWARNING - 2023-01-04 10:07:37,646 - [34mangr.project[0m - [34mAddress is already hooked, during hook(0x500208, <SimProcedure SendMessageA>). Re-hooking.[0m[0m
[1;33;40mWARNING - 2023-01-04 10:07:37,648 - [34mangr.project[0m - [34mAddress is already hooked, during hook(0x500208, <SimProcedure SendMessageA>). Re-hooking.[0m[0m
[1;33;40mWARNING - 2023-01-04 10:07:38,048 - [34mangr.project[0m - [34mAddress is already hooked, during hook(0x500218, <SimProcedure IsIconic>). Re-hooking.[0m[0m
[1;33;40mWARNING - 2023-01-04 10:07:38,049 - [34mangr.project[0m - [34mAddress is already hooked, during hook(0x500218, <SimProcedure IsIconic>). Re-hooking.[0m[0m
[1;32;40mINFO - 2023-01-04 10:07:38,601 - [33mwerkzeug[0m - [33m172.17.0.1 - - [04/Jan/2023 10:07:38] "GET /iteration-scdg HTTP/1.1" 200 -[0m[0m
[1;32;40mINFO - 2023-01-04 10:07:38,607 - [33mwerkzeug[0m - [33m172.17.0.1 - - [04/Jan/2023 10:07:38] "GET /progress-scdg HTTP/1.1" 200 -[0m[0m
[1;33;40mWARNING - 2023-01-04 10:07:38,705 - [34mangr.project[0m - [34mAddress is already hooked, during hook(0x50020c, <SimProcedure GetClientRect>). Re-hooking.[0m[0m
[1;33;40mWARNING - 2023-01-04 10:07:38,706 - [34mangr.project[0m - [34mAddress is already hooked, during hook(0x50020c, <SimProcedure GetClientRect>). Re-hooking.[0m[0m
[1;33;40mWARNING - 2023-01-04 10:07:38,970 - [34mangr.project[0m - [34mAddress is already hooked, during hook(0x500214, <SimProcedure DrawIcon>). Re-hooking.[0m[0m
[1;33;40mWARNING - 2023-01-04 10:07:38,972 - [34mangr.project[0m - [34mAddress is already hooked, during hook(0x500214, <SimProcedure DrawIcon>). Re-hooking.[0m[0m
[1;33;40mWARNING - 2023-01-04 10:07:39,340 - [34mangr.project[0m - [34mAddress is already hooked, during hook(0x500204, <SimProcedure CloseHandle>). Re-hooking.[0m[0m
[1;33;40mWARNING - 2023-01-04 10:07:39,342 - [34mangr.project[0m - [34mAddress is already hooked, during hook(0x500204, <SimProcedure CloseHandle>). Re-hooking.[0m[0m
[1;33;40mWARNING - 2023-01-04 10:07:39,642 - [34mangr.project[0m - [34mAddress is already hooked, during hook(0x5001d8, <SimProcedure DeleteFileW>). Re-hooking.[0m[0m
[1;33;40mWARNING - 2023-01-04 10:07:39,644 - [34mangr.project[0m - [34mAddress is already hooked, during hook(0x5001d8, <SimProcedure DeleteFileW>). Re-hooking.[0m[0m
[1;33;40mWARNING - 2023-01-04 10:07:39,922 - [34mangr.project[0m - [34mAddress is already hooked, during hook(0x5001c8, <SimProcedure FindResourceA>). Re-hooking.[0m[0m
[1;33;40mWARNING - 2023-01-04 10:07:39,924 - [34mangr.project[0m - [34mAddress is already hooked, during hook(0x5001c8, <SimProcedure FindResourceA>). Re-hooking.[0m[0m
[1;32;40mINFO - 2023-01-04 10:07:39,961 - [33mwerkzeug[0m - [33m172.17.0.1 - - [04/Jan/2023 10:07:39] "GET /iteration-scdg HTTP/1.1" 200 -[0m[0m
[1;32;40mINFO - 2023-01-04 10:07:39,983 - [33mwerkzeug[0m - [33m172.17.0.1 - - [04/Jan/2023 10:07:39] "GET /progress-scdg HTTP/1.1" 200 -[0m[0m
[1;33;40mWARNING - 2023-01-04 10:07:40,260 - [34mangr.project[0m - [34mAddress is already hooked, during hook(0x5001dc, <SimProcedure GetFileAttributesW>). Re-hooking.[0m[0m
[1;33;40mWARNING - 2023-01-04 10:07:40,262 - [34mangr.project[0m - [34mAddress is already hooked, during hook(0x5001dc, <SimProcedure GetFileAttributesW>). Re-hooking.[0m[0m
[1;33;40mWARNING - 2023-01-04 10:07:40,280 - [34mangr.project[0m - [34mAddress is already hooked, during hook(0x5001f0, <SimProcedure GetFileTime>). Re-hooking.[0m[0m
[1;33;40mWARNING - 2023-01-04 10:07:40,282 - [34mangr.project[0m - [34mAddress is already hooked, during hook(0x5001f0, <SimProcedure GetFileTime>). Re-hooking.[0m[0m
[1;33;40mWARNING - 2023-01-04 10:07:40,598 - [34mangr.project[0m - [34mAddress is already hooked, during hook(0x500200, <SimProcedure GetStartupInfoA>). Re-hooking.[0m[0m
[1;33;40mWARNING - 2023-01-04 10:07:40,600 - [34mangr.project[0m - [34mAddress is already hooked, during hook(0x500200, <SimProcedure GetStartupInfoA>). Re-hooking.[0m[0m
[1;33;40mWARNING - 2023-01-04 10:07:40,688 - [34mangr.project[0m - [34mAddress is already hooked, during hook(0x5001e8, <SimProcedure GetTempPathW>). Re-hooking.[0m[0m
[1;33;40mWARNING - 2023-01-04 10:07:40,690 - [34mangr.project[0m - [34mAddress is already hooked, during hook(0x5001e8, <SimProcedure GetTempPathW>). Re-hooking.[0m[0m
[1;33;40mWARNING - 2023-01-04 10:07:40,831 - [34mangr.project[0m - [34mAddress is already hooked, during hook(0x5001b0, <SimProcedure GlobalFree>). Re-hooking.[0m[0m
[1;33;40mWARNING - 2023-01-04 10:07:40,832 - [34mangr.project[0m - [34mAddress is already hooked, during hook(0x5001b0, <SimProcedure GlobalFree>). Re-hooking.[0m[0m
[1;33;40mWARNING - 2023-01-04 10:07:41,094 - [34mangr.project[0m - [34mAddress is already hooked, during hook(0x5001c4, <SimProcedure LoadResource>). Re-hooking.[0m[0m
[1;33;40mWARNING - 2023-01-04 10:07:41,096 - [34mangr.project[0m - [34mAddress is already hooked, during hook(0x5001c4, <SimProcedure LoadResource>). Re-hooking.[0m[0m
[1;33;40mWARNING - 2023-01-04 10:07:41,134 - [34mangr.project[0m - [34mAddress is already hooked, during hook(0x5001c0, <SimProcedure LockResource>). Re-hooking.[0m[0m
[1;33;40mWARNING - 2023-01-04 10:07:41,136 - [34mangr.project[0m - [34mAddress is already hooked, during hook(0x5001c0, <SimProcedure LockResource>). Re-hooking.[0m[0m
[1;33;40mWARNING - 2023-01-04 10:07:41,772 - [34mangr.project[0m - [34mAddress is already hooked, during hook(0x5001bc, <SimProcedure SizeofResource>). Re-hooking.[0m[0m
[1;33;40mWARNING - 2023-01-04 10:07:41,773 - [34mangr.project[0m - [34mAddress is already hooked, during hook(0x5001bc, <SimProcedure SizeofResource>). Re-hooking.[0m[0m
[1;33;40mWARNING - 2023-01-04 10:07:41,775 - [34mangr.project[0m - [34mAddress is already hooked, during hook(0x5001e0, <SimProcedure Sleep>). Re-hooking.[0m[0m
[1;33;40mWARNING - 2023-01-04 10:07:41,776 - [34mangr.project[0m - [34mAddress is already hooked, during hook(0x5001e0, <SimProcedure Sleep>). Re-hooking.[0m[0m
[1;32;40mINFO - 2023-01-04 10:07:41,947 - [33mwerkzeug[0m - [33m172.17.0.1 - - [04/Jan/2023 10:07:41] "GET /iteration-scdg HTTP/1.1" 200 -[0m[0m
[1;32;40mINFO - 2023-01-04 10:07:41,963 - [33mwerkzeug[0m - [33m172.17.0.1 - - [04/Jan/2023 10:07:41] "GET /progress-scdg HTTP/1.1" 200 -[0m[0m
[1;33;40mWARNING - 2023-01-04 10:07:42,268 - [34mangr.project[0m - [34mAddress is already hooked, during hook(0x5001d8, <SimProcedure DeleteFileW>). Re-hooking.[0m[0m
[1;33;40mWARNING - 2023-01-04 10:07:42,269 - [34mangr.project[0m - [34mAddress is already hooked, during hook(0x5001d8, <SimProcedure DeleteFileW>). Re-hooking.[0m[0m
[1;33;40mWARNING - 2023-01-04 10:07:42,478 - [34mangr.project[0m - [34mAddress is already hooked, during hook(0x5001dc, <SimProcedure GetFileAttributesW>). Re-hooking.[0m[0m
[1;33;40mWARNING - 2023-01-04 10:07:42,479 - [34mangr.project[0m - [34mAddress is already hooked, during hook(0x5001dc, <SimProcedure GetFileAttributesW>). Re-hooking.[0m[0m
[1;33;40mWARNING - 2023-01-04 10:07:42,502 - [34mangr.project[0m - [34mAddress is already hooked, during hook(0x5001b8, <SimProcedure GetCurrentProcess>). Re-hooking.[0m[0m
[1;33;40mWARNING - 2023-01-04 10:07:42,503 - [34mangr.project[0m - [34mAddress is already hooked, during hook(0x5001b8, <SimProcedure GetCurrentProcess>). Re-hooking.[0m[0m
[1;33;40mWARNING - 2023-01-04 10:07:42,630 - [34mangr.project[0m - [34mAddress is already hooked, during hook(0x5001f0, <SimProcedure GetFileTime>). Re-hooking.[0m[0m
[1;33;40mWARNING - 2023-01-04 10:07:42,632 - [34mangr.project[0m - [34mAddress is already hooked, during hook(0x5001f0, <SimProcedure GetFileTime>). Re-hooking.[0m[0m
[1;33;40mWARNING - 2023-01-04 10:07:42,958 - [34mangr.project[0m - [34mAddress is already hooked, during hook(0x5001b8, <SimProcedure GetCurrentProcess>). Re-hooking.[0m[0m
[1;33;40mWARNING - 2023-01-04 10:07:42,959 - [34mangr.project[0m - [34mAddress is already hooked, during hook(0x5001b8, <SimProcedure GetCurrentProcess>). Re-hooking.[0m[0m
[1;33;40mWARNING - 2023-01-04 10:07:43,266 - [34mangr.project[0m - [34mAddress is already hooked, during hook(0x5001c0, <SimProcedure LockResource>). Re-hooking.[0m[0m
[1;33;40mWARNING - 2023-01-04 10:07:43,267 - [34mangr.project[0m - [34mAddress is already hooked, during hook(0x5001c0, <SimProcedure LockResource>). Re-hooking.[0m[0m
[1;33;40mWARNING - 2023-01-04 10:07:43,418 - [34mangr.project[0m - [34mAddress is already hooked, during hook(0x500204, <SimProcedure CloseHandle>). Re-hooking.[0m[0m
[1;33;40mWARNING - 2023-01-04 10:07:43,419 - [34mangr.project[0m - [34mAddress is already hooked, during hook(0x500204, <SimProcedure CloseHandle>). Re-hooking.[0m[0m
[1;33;40mWARNING - 2023-01-04 10:07:43,466 - [34mangr.project[0m - [34mAddress is already hooked, during hook(0x5001e8, <SimProcedure GetTempPathW>). Re-hooking.[0m[0m
[1;33;40mWARNING - 2023-01-04 10:07:43,468 - [34mangr.project[0m - [34mAddress is already hooked, during hook(0x5001e8, <SimProcedure GetTempPathW>). Re-hooking.[0m[0m
[1;32;40mINFO - 2023-01-04 10:07:43,580 - [33mwerkzeug[0m - [33m172.17.0.1 - - [04/Jan/2023 10:07:43] "GET /iteration-scdg HTTP/1.1" 200 -[0m[0m
[1;32;40mINFO - 2023-01-04 10:07:43,586 - [33mwerkzeug[0m - [33m172.17.0.1 - - [04/Jan/2023 10:07:43] "GET /progress-scdg HTTP/1.1" 200 -[0m[0m
[1;33;40mWARNING - 2023-01-04 10:07:43,622 - [34mangr.project[0m - [34mAddress is already hooked, during hook(0x5001c4, <SimProcedure LoadResource>). Re-hooking.[0m[0m
[1;33;40mWARNING - 2023-01-04 10:07:43,624 - [34mangr.project[0m - [34mAddress is already hooked, during hook(0x5001c4, <SimProcedure LoadResource>). Re-hooking.[0m[0m
[1;33;40mWARNING - 2023-01-04 10:07:43,765 - [34mangr.project[0m - [34mAddress is already hooked, during hook(0x5001b0, <SimProcedure GlobalFree>). Re-hooking.[0m[0m
[1;33;40mWARNING - 2023-01-04 10:07:43,766 - [34mangr.project[0m - [34mAddress is already hooked, during hook(0x5001b0, <SimProcedure GlobalFree>). Re-hooking.[0m[0m
[1;33;40mWARNING - 2023-01-04 10:07:43,920 - [34mangr.project[0m - [34mAddress is already hooked, during hook(0x500200, <SimProcedure GetStartupInfoA>). Re-hooking.[0m[0m
[1;33;40mWARNING - 2023-01-04 10:07:43,921 - [34mangr.project[0m - [34mAddress is already hooked, during hook(0x500200, <SimProcedure GetStartupInfoA>). Re-hooking.[0m[0m
[1;33;40mWARNING - 2023-01-04 10:07:43,980 - [34mangr.project[0m - [34mAddress is already hooked, during hook(0x5001bc, <SimProcedure SizeofResource>). Re-hooking.[0m[0m
[1;33;40mWARNING - 2023-01-04 10:07:43,981 - [34mangr.project[0m - [34mAddress is already hooked, during hook(0x5001bc, <SimProcedure SizeofResource>). Re-hooking.[0m[0m
[1;33;40mWARNING - 2023-01-04 10:07:44,179 - [34mangr.project[0m - [34mAddress is already hooked, during hook(0x5001e0, <SimProcedure Sleep>). Re-hooking.[0m[0m
[1;33;40mWARNING - 2023-01-04 10:07:44,180 - [34mangr.project[0m - [34mAddress is already hooked, during hook(0x5001e0, <SimProcedure Sleep>). Re-hooking.[0m[0m
[1;33;40mWARNING - 2023-01-04 10:07:44,183 - [34mangr.project[0m - [34mAddress is already hooked, during hook(0x5001c8, <SimProcedure FindResourceA>). Re-hooking.[0m[0m
[1;33;40mWARNING - 2023-01-04 10:07:44,184 - [34mangr.project[0m - [34mAddress is already hooked, during hook(0x5001c8, <SimProcedure FindResourceA>). Re-hooking.[0m[0m
[1;33;40mWARNING - 2023-01-04 10:07:44,360 - [34mangr.project[0m - [34mAddress is already hooked, during hook(0x500174, <SimProcedure __p___argc>). Re-hooking.[0m[0m
[1;33;40mWARNING - 2023-01-04 10:07:44,361 - [34mangr.project[0m - [34mAddress is already hooked, during hook(0x500174, <SimProcedure __p___argc>). Re-hooking.[0m[0m
[1;33;40mWARNING - 2023-01-04 10:07:44,496 - [34mangr.project[0m - [34mAddress is already hooked, during hook(0x50016c, <SimProcedure _onexit>). Re-hooking.[0m[0m
[1;33;40mWARNING - 2023-01-04 10:07:44,497 - [34mangr.project[0m - [34mAddress is already hooked, during hook(0x50016c, <SimProcedure _onexit>). Re-hooking.[0m[0m
[1;33;40mWARNING - 2023-01-04 10:07:44,506 - [34mangr.project[0m - [34mAddress is already hooked, during hook(0x500194, <SimProcedure wcsncpy>). Re-hooking.[0m[0m
[1;33;40mWARNING - 2023-01-04 10:07:44,507 - [34mangr.project[0m - [34mAddress is already hooked, during hook(0x500194, <SimProcedure wcsncpy>). Re-hooking.[0m[0m
[1;33;40mWARNING - 2023-01-04 10:07:44,930 - [34mangr.project[0m - [34mAddress is already hooked, during hook(0x50016c, <SimProcedure _onexit>). Re-hooking.[0m[0m
[1;33;40mWARNING - 2023-01-04 10:07:44,931 - [34mangr.project[0m - [34mAddress is already hooked, during hook(0x50016c, <SimProcedure _onexit>). Re-hooking.[0m[0m
[1;32;40mINFO - 2023-01-04 10:07:44,952 - [33mwerkzeug[0m - [33m172.17.0.1 - - [04/Jan/2023 10:07:44] "GET /iteration-scdg HTTP/1.1" 200 -[0m[0m
[1;32;40mINFO - 2023-01-04 10:07:44,964 - [33mwerkzeug[0m - [33m172.17.0.1 - - [04/Jan/2023 10:07:44] "GET /progress-scdg HTTP/1.1" 200 -[0m[0m
[1;33;40mWARNING - 2023-01-04 10:07:45,256 - [34mangr.project[0m - [34mAddress is already hooked, during hook(0x500168, <SimProcedure _exit>). Re-hooking.[0m[0m
[1;33;40mWARNING - 2023-01-04 10:07:45,257 - [34mangr.project[0m - [34mAddress is already hooked, during hook(0x500168, <SimProcedure _exit>). Re-hooking.[0m[0m
[1;33;40mWARNING - 2023-01-04 10:07:45,516 - [34mangr.project[0m - [34mAddress is already hooked, during hook(0x500184, <SimProcedure wcscpy>). Re-hooking.[0m[0m
[1;33;40mWARNING - 2023-01-04 10:07:45,518 - [34mangr.project[0m - [34mAddress is already hooked, during hook(0x500184, <SimProcedure wcscpy>). Re-hooking.[0m[0m
[1;33;40mWARNING - 2023-01-04 10:07:45,817 - [34mangr.project[0m - [34mAddress is already hooked, during hook(0x500198, <SimProcedure wcscat>). Re-hooking.[0m[0m
[1;33;40mWARNING - 2023-01-04 10:07:45,819 - [34mangr.project[0m - [34mAddress is already hooked, during hook(0x500198, <SimProcedure wcscat>). Re-hooking.[0m[0m
[1;33;40mWARNING - 2023-01-04 10:07:45,826 - [34mangr.project[0m - [34mAddress is already hooked, during hook(0x500184, <SimProcedure wcscpy>). Re-hooking.[0m[0m
[1;33;40mWARNING - 2023-01-04 10:07:45,828 - [34mangr.project[0m - [34mAddress is already hooked, during hook(0x500184, <SimProcedure wcscpy>). Re-hooking.[0m[0m
[1;33;40mWARNING - 2023-01-04 10:07:45,833 - [34mangr.project[0m - [34mAddress is already hooked, during hook(0x5001a0, <SimProcedure wcslen>). Re-hooking.[0m[0m
[1;33;40mWARNING - 2023-01-04 10:07:45,834 - [34mangr.project[0m - [34mAddress is already hooked, during hook(0x5001a0, <SimProcedure wcslen>). Re-hooking.[0m[0m
[1;33;40mWARNING - 2023-01-04 10:07:45,840 - [34mangr.project[0m - [34mAddress is already hooked, during hook(0x500194, <SimProcedure wcsncpy>). Re-hooking.[0m[0m
[1;33;40mWARNING - 2023-01-04 10:07:45,841 - [34mangr.project[0m - [34mAddress is already hooked, during hook(0x500194, <SimProcedure wcsncpy>). Re-hooking.[0m[0m
[1;33;40mWARNING - 2023-01-04 10:07:45,851 - [34mangr.project[0m - [34mAddress is already hooked, during hook(0x500180, <SimProcedure wcsstr>). Re-hooking.[0m[0m
[1;33;40mWARNING - 2023-01-04 10:07:45,853 - [34mangr.project[0m - [34mAddress is already hooked, during hook(0x500180, <SimProcedure wcsstr>). Re-hooking.[0m[0m
[1;33;40mWARNING - 2023-01-04 10:07:46,083 - [34mangr.project[0m - [34mAddress is already hooked, during hook(0x500174, <SimProcedure __p___argc>). Re-hooking.[0m[0m
[1;33;40mWARNING - 2023-01-04 10:07:46,085 - [34mangr.project[0m - [34mAddress is already hooked, during hook(0x500174, <SimProcedure __p___argc>). Re-hooking.[0m[0m
[1;33;40mWARNING - 2023-01-04 10:07:46,130 - [34mangr.project[0m - [34mAddress is already hooked, during hook(0x500168, <SimProcedure _exit>). Re-hooking.[0m[0m
[1;33;40mWARNING - 2023-01-04 10:07:46,131 - [34mangr.project[0m - [34mAddress is already hooked, during hook(0x500168, <SimProcedure _exit>). Re-hooking.[0m[0m
[1;33;40mWARNING - 2023-01-04 10:07:46,164 - [34mangr.project[0m - [34mAddress is already hooked, during hook(0x5001a0, <SimProcedure wcslen>). Re-hooking.[0m[0m
[1;33;40mWARNING - 2023-01-04 10:07:46,165 - [34mangr.project[0m - [34mAddress is already hooked, during hook(0x5001a0, <SimProcedure wcslen>). Re-hooking.[0m[0m
[1;33;40mWARNING - 2023-01-04 10:07:46,298 - [34mangr.project[0m - [34mAddress is already hooked, during hook(0x500180, <SimProcedure wcsstr>). Re-hooking.[0m[0m
[1;33;40mWARNING - 2023-01-04 10:07:46,299 - [34mangr.project[0m - [34mAddress is already hooked, during hook(0x500180, <SimProcedure wcsstr>). Re-hooking.[0m[0m
[1;33;40mWARNING - 2023-01-04 10:07:46,313 - [34mangr.project[0m - [34mAddress is already hooked, during hook(0x500198, <SimProcedure wcscat>). Re-hooking.[0m[0m
[1;33;40mWARNING - 2023-01-04 10:07:46,314 - [34mangr.project[0m - [34mAddress is already hooked, during hook(0x500198, <SimProcedure wcscat>). Re-hooking.[0m[0m
[1;33;40mWARNING - 2023-01-04 10:07:46,642 - [34mangr.project[0m - [34mAddress is already hooked, during hook(0x500228, <SimProcedure SHGetSpecialFolderPathW>). Re-hooking.[0m[0m
[1;33;40mWARNING - 2023-01-04 10:07:46,643 - [34mangr.project[0m - [34mAddress is already hooked, during hook(0x500228, <SimProcedure SHGetSpecialFolderPathW>). Re-hooking.[0m[0m
[1;32;40mINFO - 2023-01-04 10:07:46,705 - [36mCustomSimProcedure[0m - [36mSyscall found:  __p__fmode[][0m[0m
[1;32;40mINFO - 2023-01-04 10:07:46,712 - [36mCustomSimProcedure[0m - [36mSyscall found:  __p__commode[][0m[0m
[1;32;40mINFO - 2023-01-04 10:07:46,743 - [36mCustomSimProcedure[0m - [36mSyscall found:  _controlfp[][0m[0m
[1;32;40mINFO - 2023-01-04 10:07:46,775 - [36mCustomSimProcedure[0m - [36mSyscall found:  __getmainargs[<BV32 0x7ffefd98>, <BV32 0x7ffefd88>, <BV32 0x7ffefd94>, <BV32 0x0>, <BV32 0x7ffefd8c>][0m[0m
[1;32;40mINFO - 2023-01-04 10:07:46,810 - [36mCustomSimProcedure[0m - [36mSyscall found:  ordinal.1168.b'mfc42.dll'[][0m[0m
[1;32;40mINFO - 2023-01-04 10:07:46,931 - [36mCustomSimProcedure[0m - [36mSyscall found:  _setmbcp[][0m[0m
[1;32;40mINFO - 2023-01-04 10:07:46,952 - [33mwerkzeug[0m - [33m172.17.0.1 - - [04/Jan/2023 10:07:46] "GET /iteration-scdg HTTP/1.1" 200 -[0m[0m
[1;32;40mINFO - 2023-01-04 10:07:46,962 - [33mwerkzeug[0m - [33m172.17.0.1 - - [04/Jan/2023 10:07:46] "GET /progress-scdg HTTP/1.1" 200 -[0m[0m
[1;32;40mINFO - 2023-01-04 10:07:46,975 - [36mCustomSimProcedure[0m - [36mSyscall found:  ordinal.561.b'mfc42.dll'[][0m[0m
[1;32;40mINFO - 2023-01-04 10:07:48,582 - [33mwerkzeug[0m - [33m172.17.0.1 - - [04/Jan/2023 10:07:48] "GET /iteration-scdg HTTP/1.1" 200 -[0m[0m
[1;32;40mINFO - 2023-01-04 10:07:48,595 - [33mwerkzeug[0m - [33m172.17.0.1 - - [04/Jan/2023 10:07:48] "GET /progress-scdg HTTP/1.1" 200 -[0m[0m
[1;32;40mINFO - 2023-01-04 10:07:49,954 - [33mwerkzeug[0m - [33m172.17.0.1 - - [04/Jan/2023 10:07:49] "GET /iteration-scdg HTTP/1.1" 200 -[0m[0m
[1;32;40mINFO - 2023-01-04 10:07:49,966 - [33mwerkzeug[0m - [33m172.17.0.1 - - [04/Jan/2023 10:07:49] "GET /progress-scdg HTTP/1.1" 200 -[0m[0m
[1;32;40mINFO - 2023-01-04 10:07:51,959 - [33mwerkzeug[0m - [33m172.17.0.1 - - [04/Jan/2023 10:07:51] "GET /iteration-scdg HTTP/1.1" 200 -[0m[0m
[1;32;40mINFO - 2023-01-04 10:07:51,965 - [33mwerkzeug[0m - [33m172.17.0.1 - - [04/Jan/2023 10:07:51] "GET /progress-scdg HTTP/1.1" 200 -[0m[0m
[1;32;40mINFO - 2023-01-04 10:07:53,590 - [33mwerkzeug[0m - [33m172.17.0.1 - - [04/Jan/2023 10:07:53] "GET /iteration-scdg HTTP/1.1" 200 -[0m[0m
[1;32;40mINFO - 2023-01-04 10:07:53,617 - [33mwerkzeug[0m - [33m172.17.0.1 - - [04/Jan/2023 10:07:53] "GET /progress-scdg HTTP/1.1" 200 -[0m[0m
[1;32;40mINFO - 2023-01-04 10:07:54,954 - [33mwerkzeug[0m - [33m172.17.0.1 - - [04/Jan/2023 10:07:54] "GET /iteration-scdg HTTP/1.1" 200 -[0m[0m
[1;32;40mINFO - 2023-01-04 10:07:54,956 - [33mwerkzeug[0m - [33m172.17.0.1 - - [04/Jan/2023 10:07:54] "GET /progress-scdg HTTP/1.1" 200 -[0m[0m
[1;32;40mINFO - 2023-01-04 10:07:56,947 - [33mwerkzeug[0m - [33m172.17.0.1 - - [04/Jan/2023 10:07:56] "GET /iteration-scdg HTTP/1.1" 200 -[0m[0m
[1;32;40mINFO - 2023-01-04 10:07:56,968 - [33mwerkzeug[0m - [33m172.17.0.1 - - [04/Jan/2023 10:07:56] "GET /progress-scdg HTTP/1.1" 200 -[0m[0m
[1;32;40mINFO - 2023-01-04 10:07:58,592 - [33mwerkzeug[0m - [33m172.17.0.1 - - [04/Jan/2023 10:07:58] "GET /iteration-scdg HTTP/1.1" 200 -[0m[0m
[1;32;40mINFO - 2023-01-04 10:07:58,613 - [33mwerkzeug[0m - [33m172.17.0.1 - - [04/Jan/2023 10:07:58] "GET /progress-scdg HTTP/1.1" 200 -[0m[0m
[1;32;40mINFO - 2023-01-04 10:07:59,966 - [33mwerkzeug[0m - [33m172.17.0.1 - - [04/Jan/2023 10:07:59] "GET /iteration-scdg HTTP/1.1" 200 -[0m[0m
[1;32;40mINFO - 2023-01-04 10:07:59,992 - [33mwerkzeug[0m - [33m172.17.0.1 - - [04/Jan/2023 10:07:59] "GET /progress-scdg HTTP/1.1" 200 -[0m[0m
[1;32;40mINFO - 2023-01-04 10:08:01,954 - [33mwerkzeug[0m - [33m172.17.0.1 - - [04/Jan/2023 10:08:01] "GET /iteration-scdg HTTP/1.1" 200 -[0m[0m
[1;32;40mINFO - 2023-01-04 10:08:01,966 - [33mwerkzeug[0m - [33m172.17.0.1 - - [04/Jan/2023 10:08:01] "GET /progress-scdg HTTP/1.1" 200 -[0m[0m
[1;32;40mINFO - 2023-01-04 10:08:03,590 - [33mwerkzeug[0m - [33m172.17.0.1 - - [04/Jan/2023 10:08:03] "GET /iteration-scdg HTTP/1.1" 200 -[0m[0m
[1;32;40mINFO - 2023-01-04 10:08:03,607 - [33mwerkzeug[0m - [33m172.17.0.1 - - [04/Jan/2023 10:08:03] "GET /progress-scdg HTTP/1.1" 200 -[0m[0m
[1;32;40mINFO - 2023-01-04 10:08:04,950 - [33mwerkzeug[0m - [33m172.17.0.1 - - [04/Jan/2023 10:08:04] "GET /iteration-scdg HTTP/1.1" 200 -[0m[0m
[1;32;40mINFO - 2023-01-04 10:08:04,957 - [33mwerkzeug[0m - [33m172.17.0.1 - - [04/Jan/2023 10:08:04] "GET /progress-scdg HTTP/1.1" 200 -[0m[0m
[1;32;40mINFO - 2023-01-04 10:08:06,960 - [33mwerkzeug[0m - [33m172.17.0.1 - - [04/Jan/2023 10:08:06] "GET /iteration-scdg HTTP/1.1" 200 -[0m[0m
[1;32;40mINFO - 2023-01-04 10:08:06,982 - [33mwerkzeug[0m - [33m172.17.0.1 - - [04/Jan/2023 10:08:06] "GET /progress-scdg HTTP/1.1" 200 -[0m[0m
[1;32;40mINFO - 2023-01-04 10:08:08,591 - [33mwerkzeug[0m - [33m172.17.0.1 - - [04/Jan/2023 10:08:08] "GET /iteration-scdg HTTP/1.1" 200 -[0m[0m
[1;32;40mINFO - 2023-01-04 10:08:08,623 - [33mwerkzeug[0m - [33m172.17.0.1 - - [04/Jan/2023 10:08:08] "GET /progress-scdg HTTP/1.1" 200 -[0m[0m
[1;32;40mINFO - 2023-01-04 10:08:09,957 - [33mwerkzeug[0m - [33m172.17.0.1 - - [04/Jan/2023 10:08:09] "GET /iteration-scdg HTTP/1.1" 200 -[0m[0m
[1;32;40mINFO - 2023-01-04 10:08:09,963 - [33mwerkzeug[0m - [33m172.17.0.1 - - [04/Jan/2023 10:08:09] "GET /progress-scdg HTTP/1.1" 200 -[0m[0m
[1;32;40mINFO - 2023-01-04 10:08:11,962 - [33mwerkzeug[0m - [33m172.17.0.1 - - [04/Jan/2023 10:08:11] "GET /iteration-scdg HTTP/1.1" 200 -[0m[0m
[1;32;40mINFO - 2023-01-04 10:08:11,979 - [33mwerkzeug[0m - [33m172.17.0.1 - - [04/Jan/2023 10:08:11] "GET /progress-scdg HTTP/1.1" 200 -[0m[0m
[1;32;40mINFO - 2023-01-04 10:08:13,581 - [33mwerkzeug[0m - [33m172.17.0.1 - - [04/Jan/2023 10:08:13] "GET /iteration-scdg HTTP/1.1" 200 -[0m[0m
[1;32;40mINFO - 2023-01-04 10:08:13,592 - [33mwerkzeug[0m - [33m172.17.0.1 - - [04/Jan/2023 10:08:13] "GET /progress-scdg HTTP/1.1" 200 -[0m[0m
[1;32;40mINFO - 2023-01-04 10:08:14,960 - [33mwerkzeug[0m - [33m172.17.0.1 - - [04/Jan/2023 10:08:14] "GET /iteration-scdg HTTP/1.1" 200 -[0m[0m
[1;32;40mINFO - 2023-01-04 10:08:14,977 - [33mwerkzeug[0m - [33m172.17.0.1 - - [04/Jan/2023 10:08:14] "GET /progress-scdg HTTP/1.1" 200 -[0m[0m
[1;32;40mINFO - 2023-01-04 10:08:16,959 - [33mwerkzeug[0m - [33m172.17.0.1 - - [04/Jan/2023 10:08:16] "GET /iteration-scdg HTTP/1.1" 200 -[0m[0m
[1;32;40mINFO - 2023-01-04 10:08:16,976 - [33mwerkzeug[0m - [33m172.17.0.1 - - [04/Jan/2023 10:08:16] "GET /progress-scdg HTTP/1.1" 200 -[0m[0m
[1;32;40mINFO - 2023-01-04 10:08:18,590 - [33mwerkzeug[0m - [33m172.17.0.1 - - [04/Jan/2023 10:08:18] "GET /iteration-scdg HTTP/1.1" 200 -[0m[0m
[1;32;40mINFO - 2023-01-04 10:08:18,591 - [33mwerkzeug[0m - [33m172.17.0.1 - - [04/Jan/2023 10:08:18] "GET /progress-scdg HTTP/1.1" 200 -[0m[0m
[1;32;40mINFO - 2023-01-04 10:08:19,976 - [33mwerkzeug[0m - [33m172.17.0.1 - - [04/Jan/2023 10:08:19] "GET /iteration-scdg HTTP/1.1" 200 -[0m[0m
[1;32;40mINFO - 2023-01-04 10:08:19,987 - [33mwerkzeug[0m - [33m172.17.0.1 - - [04/Jan/2023 10:08:19] "GET /progress-scdg HTTP/1.1" 200 -[0m[0m
[1;32;40mINFO - 2023-01-04 10:08:21,953 - [33mwerkzeug[0m - [33m172.17.0.1 - - [04/Jan/2023 10:08:21] "GET /iteration-scdg HTTP/1.1" 200 -[0m[0m
[1;32;40mINFO - 2023-01-04 10:08:21,986 - [33mwerkzeug[0m - [33m172.17.0.1 - - [04/Jan/2023 10:08:21] "GET /progress-scdg HTTP/1.1" 200 -[0m[0m
[1;32;40mINFO - 2023-01-04 10:08:23,591 - [33mwerkzeug[0m - [33m172.17.0.1 - - [04/Jan/2023 10:08:23] "GET /iteration-scdg HTTP/1.1" 200 -[0m[0m
[1;32;40mINFO - 2023-01-04 10:08:23,612 - [33mwerkzeug[0m - [33m172.17.0.1 - - [04/Jan/2023 10:08:23] "GET /progress-scdg HTTP/1.1" 200 -[0m[0m
[1;32;40mINFO - 2023-01-04 10:08:24,967 - [33mwerkzeug[0m - [33m172.17.0.1 - - [04/Jan/2023 10:08:24] "GET /iteration-scdg HTTP/1.1" 200 -[0m[0m
[1;32;40mINFO - 2023-01-04 10:08:24,978 - [33mwerkzeug[0m - [33m172.17.0.1 - - [04/Jan/2023 10:08:24] "GET /progress-scdg HTTP/1.1" 200 -[0m[0m
[1;32;40mINFO - 2023-01-04 10:08:26,968 - [33mwerkzeug[0m - [33m172.17.0.1 - - [04/Jan/2023 10:08:26] "GET /iteration-scdg HTTP/1.1" 200 -[0m[0m
[1;32;40mINFO - 2023-01-04 10:08:26,979 - [33mwerkzeug[0m - [33m172.17.0.1 - - [04/Jan/2023 10:08:26] "GET /progress-scdg HTTP/1.1" 200 -[0m[0m
[1;32;40mINFO - 2023-01-04 10:08:28,581 - [33mwerkzeug[0m - [33m172.17.0.1 - - [04/Jan/2023 10:08:28] "GET /iteration-scdg HTTP/1.1" 200 -[0m[0m
[1;32;40mINFO - 2023-01-04 10:08:28,582 - [33mwerkzeug[0m - [33m172.17.0.1 - - [04/Jan/2023 10:08:28] "GET /progress-scdg HTTP/1.1" 200 -[0m[0m
[1;32;40mINFO - 2023-01-04 10:08:29,970 - [33mwerkzeug[0m - [33m172.17.0.1 - - [04/Jan/2023 10:08:29] "GET /iteration-scdg HTTP/1.1" 200 -[0m[0m
[1;32;40mINFO - 2023-01-04 10:08:30,043 - [33mwerkzeug[0m - [33m172.17.0.1 - - [04/Jan/2023 10:08:30] "GET /progress-scdg HTTP/1.1" 200 -[0m[0m
[1;32;40mINFO - 2023-01-04 10:08:31,980 - [33mwerkzeug[0m - [33m172.17.0.1 - - [04/Jan/2023 10:08:31] "GET /progress-scdg HTTP/1.1" 200 -[0m[0m
[1;32;40mINFO - 2023-01-04 10:08:31,985 - [33mwerkzeug[0m - [33m172.17.0.1 - - [04/Jan/2023 10:08:31] "GET /iteration-scdg HTTP/1.1" 200 -[0m[0m
[1;32;40mINFO - 2023-01-04 10:08:33,591 - [33mwerkzeug[0m - [33m172.17.0.1 - - [04/Jan/2023 10:08:33] "GET /iteration-scdg HTTP/1.1" 200 -[0m[0m
[1;32;40mINFO - 2023-01-04 10:08:33,613 - [33mwerkzeug[0m - [33m172.17.0.1 - - [04/Jan/2023 10:08:33] "GET /progress-scdg HTTP/1.1" 200 -[0m[0m
[1;32;40mINFO - 2023-01-04 10:08:34,971 - [33mwerkzeug[0m - [33m172.17.0.1 - - [04/Jan/2023 10:08:34] "GET /iteration-scdg HTTP/1.1" 200 -[0m[0m
[1;32;40mINFO - 2023-01-04 10:08:34,982 - [33mwerkzeug[0m - [33m172.17.0.1 - - [04/Jan/2023 10:08:34] "GET /progress-scdg HTTP/1.1" 200 -[0m[0m
[1;32;40mINFO - 2023-01-04 10:08:36,965 - [33mwerkzeug[0m - [33m172.17.0.1 - - [04/Jan/2023 10:08:36] "GET /iteration-scdg HTTP/1.1" 200 -[0m[0m
[1;32;40mINFO - 2023-01-04 10:08:36,975 - [33mwerkzeug[0m - [33m172.17.0.1 - - [04/Jan/2023 10:08:36] "GET /progress-scdg HTTP/1.1" 200 -[0m[0m
[1;32;40mINFO - 2023-01-04 10:08:38,579 - [33mwerkzeug[0m - [33m172.17.0.1 - - [04/Jan/2023 10:08:38] "GET /iteration-scdg HTTP/1.1" 200 -[0m[0m
[1;32;40mINFO - 2023-01-04 10:08:38,585 - [33mwerkzeug[0m - [33m172.17.0.1 - - [04/Jan/2023 10:08:38] "GET /progress-scdg HTTP/1.1" 200 -[0m[0m
[1;32;40mINFO - 2023-01-04 10:08:39,972 - [33mwerkzeug[0m - [33m172.17.0.1 - - [04/Jan/2023 10:08:39] "GET /iteration-scdg HTTP/1.1" 200 -[0m[0m
[1;32;40mINFO - 2023-01-04 10:08:39,988 - [33mwerkzeug[0m - [33m172.17.0.1 - - [04/Jan/2023 10:08:39] "GET /progress-scdg HTTP/1.1" 200 -[0m[0m
[1;32;40mINFO - 2023-01-04 10:08:41,972 - [33mwerkzeug[0m - [33m172.17.0.1 - - [04/Jan/2023 10:08:41] "GET /iteration-scdg HTTP/1.1" 200 -[0m[0m
[1;32;40mINFO - 2023-01-04 10:08:41,988 - [33mwerkzeug[0m - [33m172.17.0.1 - - [04/Jan/2023 10:08:41] "GET /progress-scdg HTTP/1.1" 200 -[0m[0m
[1;32;40mINFO - 2023-01-04 10:08:43,591 - [33mwerkzeug[0m - [33m172.17.0.1 - - [04/Jan/2023 10:08:43] "GET /iteration-scdg HTTP/1.1" 200 -[0m[0m
[1;32;40mINFO - 2023-01-04 10:08:43,615 - [33mwerkzeug[0m - [33m172.17.0.1 - - [04/Jan/2023 10:08:43] "GET /progress-scdg HTTP/1.1" 200 -[0m[0m
[1;32;40mINFO - 2023-01-04 10:08:44,974 - [33mwerkzeug[0m - [33m172.17.0.1 - - [04/Jan/2023 10:08:44] "GET /iteration-scdg HTTP/1.1" 200 -[0m[0m
[1;32;40mINFO - 2023-01-04 10:08:44,991 - [33mwerkzeug[0m - [33m172.17.0.1 - - [04/Jan/2023 10:08:44] "GET /progress-scdg HTTP/1.1" 200 -[0m[0m
[1;32;40mINFO - 2023-01-04 10:08:46,975 - [33mwerkzeug[0m - [33m172.17.0.1 - - [04/Jan/2023 10:08:46] "GET /iteration-scdg HTTP/1.1" 200 -[0m[0m
[1;32;40mINFO - 2023-01-04 10:08:46,991 - [33mwerkzeug[0m - [33m172.17.0.1 - - [04/Jan/2023 10:08:46] "GET /progress-scdg HTTP/1.1" 200 -[0m[0m
[1;32;40mINFO - 2023-01-04 10:08:48,598 - [33mwerkzeug[0m - [33m172.17.0.1 - - [04/Jan/2023 10:08:48] "GET /iteration-scdg HTTP/1.1" 200 -[0m[0m
[1;32;40mINFO - 2023-01-04 10:08:48,599 - [33mwerkzeug[0m - [33m172.17.0.1 - - [04/Jan/2023 10:08:48] "GET /progress-scdg HTTP/1.1" 200 -[0m[0m
[1;32;40mINFO - 2023-01-04 10:08:49,976 - [33mwerkzeug[0m - [33m172.17.0.1 - - [04/Jan/2023 10:08:49] "GET /iteration-scdg HTTP/1.1" 200 -[0m[0m
[1;32;40mINFO - 2023-01-04 10:08:49,992 - [33mwerkzeug[0m - [33m172.17.0.1 - - [04/Jan/2023 10:08:49] "GET /progress-scdg HTTP/1.1" 200 -[0m[0m
[1;32;40mINFO - 2023-01-04 10:08:51,972 - [33mwerkzeug[0m - [33m172.17.0.1 - - [04/Jan/2023 10:08:51] "GET /iteration-scdg HTTP/1.1" 200 -[0m[0m
[1;32;40mINFO - 2023-01-04 10:08:51,973 - [33mwerkzeug[0m - [33m172.17.0.1 - - [04/Jan/2023 10:08:51] "GET /progress-scdg HTTP/1.1" 200 -[0m[0m
[1;32;40mINFO - 2023-01-04 10:08:53,583 - [33mwerkzeug[0m - [33m172.17.0.1 - - [04/Jan/2023 10:08:53] "GET /iteration-scdg HTTP/1.1" 200 -[0m[0m
[1;32;40mINFO - 2023-01-04 10:08:53,605 - [33mwerkzeug[0m - [33m172.17.0.1 - - [04/Jan/2023 10:08:53] "GET /progress-scdg HTTP/1.1" 200 -[0m[0m
[1;32;40mINFO - 2023-01-04 10:08:54,978 - [33mwerkzeug[0m - [33m172.17.0.1 - - [04/Jan/2023 10:08:54] "GET /iteration-scdg HTTP/1.1" 200 -[0m[0m
[1;32;40mINFO - 2023-01-04 10:08:54,984 - [33mwerkzeug[0m - [33m172.17.0.1 - - [04/Jan/2023 10:08:54] "GET /progress-scdg HTTP/1.1" 200 -[0m[0m
[1;32;40mINFO - 2023-01-04 10:08:56,979 - [33mwerkzeug[0m - [33m172.17.0.1 - - [04/Jan/2023 10:08:56] "GET /iteration-scdg HTTP/1.1" 200 -[0m[0m
[1;32;40mINFO - 2023-01-04 10:08:56,986 - [33mwerkzeug[0m - [33m172.17.0.1 - - [04/Jan/2023 10:08:56] "GET /progress-scdg HTTP/1.1" 200 -[0m[0m
[1;32;40mINFO - 2023-01-04 10:08:58,599 - [33mwerkzeug[0m - [33m172.17.0.1 - - [04/Jan/2023 10:08:58] "GET /iteration-scdg HTTP/1.1" 200 -[0m[0m
[1;32;40mINFO - 2023-01-04 10:08:58,610 - [33mwerkzeug[0m - [33m172.17.0.1 - - [04/Jan/2023 10:08:58] "GET /progress-scdg HTTP/1.1" 200 -[0m[0m
[1;32;40mINFO - 2023-01-04 10:08:59,969 - [33mwerkzeug[0m - [33m172.17.0.1 - - [04/Jan/2023 10:08:59] "GET /iteration-scdg HTTP/1.1" 200 -[0m[0m
[1;32;40mINFO - 2023-01-04 10:08:59,985 - [33mwerkzeug[0m - [33m172.17.0.1 - - [04/Jan/2023 10:08:59] "GET /progress-scdg HTTP/1.1" 200 -[0m[0m
[1;32;40mINFO - 2023-01-04 10:09:01,980 - [33mwerkzeug[0m - [33m172.17.0.1 - - [04/Jan/2023 10:09:01] "GET /iteration-scdg HTTP/1.1" 200 -[0m[0m
[1;32;40mINFO - 2023-01-04 10:09:01,996 - [33mwerkzeug[0m - [33m172.17.0.1 - - [04/Jan/2023 10:09:01] "GET /progress-scdg HTTP/1.1" 200 -[0m[0m
[1;32;40mINFO - 2023-01-04 10:09:03,596 - [33mwerkzeug[0m - [33m172.17.0.1 - - [04/Jan/2023 10:09:03] "GET /iteration-scdg HTTP/1.1" 200 -[0m[0m
[1;32;40mINFO - 2023-01-04 10:09:03,607 - [33mwerkzeug[0m - [33m172.17.0.1 - - [04/Jan/2023 10:09:03] "GET /progress-scdg HTTP/1.1" 200 -[0m[0m
[1;32;40mINFO - 2023-01-04 10:09:04,968 - [33mwerkzeug[0m - [33m172.17.0.1 - - [04/Jan/2023 10:09:04] "GET /iteration-scdg HTTP/1.1" 200 -[0m[0m
[1;32;40mINFO - 2023-01-04 10:09:04,979 - [33mwerkzeug[0m - [33m172.17.0.1 - - [04/Jan/2023 10:09:04] "GET /progress-scdg HTTP/1.1" 200 -[0m[0m
[1;32;40mINFO - 2023-01-04 10:09:06,978 - [33mwerkzeug[0m - [33m172.17.0.1 - - [04/Jan/2023 10:09:06] "GET /iteration-scdg HTTP/1.1" 200 -[0m[0m
[1;32;40mINFO - 2023-01-04 10:09:06,994 - [33mwerkzeug[0m - [33m172.17.0.1 - - [04/Jan/2023 10:09:06] "GET /progress-scdg HTTP/1.1" 200 -[0m[0m
[1;32;40mINFO - 2023-01-04 10:09:08,593 - [33mwerkzeug[0m - [33m172.17.0.1 - - [04/Jan/2023 10:09:08] "GET /iteration-scdg HTTP/1.1" 200 -[0m[0m
[1;32;40mINFO - 2023-01-04 10:09:08,610 - [33mwerkzeug[0m - [33m172.17.0.1 - - [04/Jan/2023 10:09:08] "GET /progress-scdg HTTP/1.1" 200 -[0m[0m
[1;32;40mINFO - 2023-01-04 10:09:09,974 - [33mwerkzeug[0m - [33m172.17.0.1 - - [04/Jan/2023 10:09:09] "GET /iteration-scdg HTTP/1.1" 200 -[0m[0m
[1;32;40mINFO - 2023-01-04 10:09:09,981 - [33mwerkzeug[0m - [33m172.17.0.1 - - [04/Jan/2023 10:09:09] "GET /progress-scdg HTTP/1.1" 200 -[0m[0m
[1;32;40mINFO - 2023-01-04 10:09:11,985 - [33mwerkzeug[0m - [33m172.17.0.1 - - [04/Jan/2023 10:09:11] "GET /iteration-scdg HTTP/1.1" 200 -[0m[0m
[1;32;40mINFO - 2023-01-04 10:09:12,001 - [33mwerkzeug[0m - [33m172.17.0.1 - - [04/Jan/2023 10:09:12] "GET /progress-scdg HTTP/1.1" 200 -[0m[0m
[1;32;40mINFO - 2023-01-04 10:09:13,582 - [33mwerkzeug[0m - [33m172.17.0.1 - - [04/Jan/2023 10:09:13] "GET /iteration-scdg HTTP/1.1" 200 -[0m[0m
[1;32;40mINFO - 2023-01-04 10:09:13,583 - [33mwerkzeug[0m - [33m172.17.0.1 - - [04/Jan/2023 10:09:13] "GET /progress-scdg HTTP/1.1" 200 -[0m[0m
[1;32;40mINFO - 2023-01-04 10:09:14,976 - [33mwerkzeug[0m - [33m172.17.0.1 - - [04/Jan/2023 10:09:14] "GET /iteration-scdg HTTP/1.1" 200 -[0m[0m
[1;32;40mINFO - 2023-01-04 10:09:14,987 - [33mwerkzeug[0m - [33m172.17.0.1 - - [04/Jan/2023 10:09:14] "GET /progress-scdg HTTP/1.1" 200 -[0m[0m
[1;32;40mINFO - 2023-01-04 10:09:16,981 - [33mwerkzeug[0m - [33m172.17.0.1 - - [04/Jan/2023 10:09:16] "GET /iteration-scdg HTTP/1.1" 200 -[0m[0m
[1;32;40mINFO - 2023-01-04 10:09:16,987 - [33mwerkzeug[0m - [33m172.17.0.1 - - [04/Jan/2023 10:09:16] "GET /progress-scdg HTTP/1.1" 200 -[0m[0m
[1;32;40mINFO - 2023-01-04 10:09:18,595 - [33mwerkzeug[0m - [33m172.17.0.1 - - [04/Jan/2023 10:09:18] "GET /iteration-scdg HTTP/1.1" 200 -[0m[0m
[1;32;40mINFO - 2023-01-04 10:09:18,611 - [33mwerkzeug[0m - [33m172.17.0.1 - - [04/Jan/2023 10:09:18] "GET /progress-scdg HTTP/1.1" 200 -[0m[0m
[1;32;40mINFO - 2023-01-04 10:09:19,990 - [33mwerkzeug[0m - [33m172.17.0.1 - - [04/Jan/2023 10:09:19] "GET /iteration-scdg HTTP/1.1" 200 -[0m[0m
[1;32;40mINFO - 2023-01-04 10:09:20,012 - [33mwerkzeug[0m - [33m172.17.0.1 - - [04/Jan/2023 10:09:20] "GET /progress-scdg HTTP/1.1" 200 -[0m[0m
[1;32;40mINFO - 2023-01-04 10:09:21,992 - [33mwerkzeug[0m - [33m172.17.0.1 - - [04/Jan/2023 10:09:21] "GET /iteration-scdg HTTP/1.1" 200 -[0m[0m
[1;32;40mINFO - 2023-01-04 10:09:22,004 - [33mwerkzeug[0m - [33m172.17.0.1 - - [04/Jan/2023 10:09:22] "GET /progress-scdg HTTP/1.1" 200 -[0m[0m
[1;32;40mINFO - 2023-01-04 10:09:23,594 - [33mwerkzeug[0m - [33m172.17.0.1 - - [04/Jan/2023 10:09:23] "GET /iteration-scdg HTTP/1.1" 200 -[0m[0m
[1;32;40mINFO - 2023-01-04 10:09:23,616 - [33mwerkzeug[0m - [33m172.17.0.1 - - [04/Jan/2023 10:09:23] "GET /progress-scdg HTTP/1.1" 200 -[0m[0m
[1;32;40mINFO - 2023-01-04 10:09:24,979 - [33mwerkzeug[0m - [33m172.17.0.1 - - [04/Jan/2023 10:09:24] "GET /iteration-scdg HTTP/1.1" 200 -[0m[0m
[1;32;40mINFO - 2023-01-04 10:09:24,995 - [33mwerkzeug[0m - [33m172.17.0.1 - - [04/Jan/2023 10:09:24] "GET /progress-scdg HTTP/1.1" 200 -[0m[0m
[1;32;40mINFO - 2023-01-04 10:09:26,757 - [31mToolChainExplorerAnotherCDFS[0m - [31mTimeout expired for simulation ![0m[0m
[1;32;40mINFO - 2023-01-04 10:09:26,760 - [37mGraphBuilder[0m - [37mOutput dir :src/output/runs/68//Gh0stRAT[0m[0m
