2021-12-02 18:23:57,676 [cuckoo.core.scheduler] INFO: Task #4: acquired machine cuckoo1 (label=cuckoo1)
2021-12-02 18:23:57,676 [cuckoo.core.resultserver] DEBUG: Now tracking machine :ip: for task #4
2021-12-02 18:23:57,676 [cuckoo.core.plugins] DEBUG: Started auxiliary module: Replay
2021-12-02 18:23:57,682 [cuckoo.auxiliary.sniffer] INFO: Started sniffer with PID 10944 (interface=qemubr, host=:ip:)
2021-12-02 18:23:57,683 [cuckoo.core.plugins] DEBUG: Started auxiliary module: Sniffer
2021-12-02 18:23:57,705 [cuckoo.machinery.qemu] DEBUG: Starting vm cuckoo1
2021-12-02 18:23:57,726 [cuckoo.machinery.qemu] DEBUG: Executing QEMU ['qemu-system-x86_64', '-display', 'none', '-m', '1024M', '-hda', '/home/crochetch/Documents/PhD/VMImages/images/snapshot_cuckoo1.qcow2', '-net', 'tap,ifname=tap_cuckoo1,script=no,downscript=no', '-net', 'nic,macaddr=52:54:00:12:34:56', '-enable-kvm']
2021-12-02 18:23:57,750 [cuckoo.core.guest] INFO: Starting analysis #4 on guest (id=cuckoo1, ip=:ip:)
2021-12-02 18:23:57,752 [cuckoo.core.guest] DEBUG: cuckoo1: not ready yet
2021-12-02 18:23:58,755 [cuckoo.core.guest] DEBUG: cuckoo1: not ready yet
2021-12-02 18:23:59,759 [cuckoo.core.guest] DEBUG: cuckoo1: not ready yet
2021-12-02 18:24:00,765 [cuckoo.core.guest] DEBUG: cuckoo1: not ready yet
2021-12-02 18:24:01,769 [cuckoo.core.guest] DEBUG: cuckoo1: not ready yet
2021-12-02 18:24:02,772 [cuckoo.core.guest] DEBUG: cuckoo1: not ready yet
2021-12-02 18:24:03,776 [cuckoo.core.guest] DEBUG: cuckoo1: not ready yet
2021-12-02 18:24:04,779 [cuckoo.core.guest] DEBUG: cuckoo1: not ready yet
2021-12-02 18:24:05,782 [cuckoo.core.guest] DEBUG: cuckoo1: not ready yet
2021-12-02 18:24:06,785 [cuckoo.core.guest] DEBUG: cuckoo1: not ready yet
2021-12-02 18:24:07,788 [cuckoo.core.guest] DEBUG: cuckoo1: not ready yet
2021-12-02 18:24:08,792 [cuckoo.core.guest] DEBUG: cuckoo1: not ready yet
2021-12-02 18:24:09,797 [cuckoo.core.guest] DEBUG: cuckoo1: not ready yet
2021-12-02 18:24:10,801 [cuckoo.core.guest] DEBUG: cuckoo1: not ready yet
2021-12-02 18:24:11,805 [cuckoo.core.guest] DEBUG: cuckoo1: not ready yet
2021-12-02 18:24:12,809 [cuckoo.core.guest] DEBUG: cuckoo1: not ready yet
2021-12-02 18:24:13,813 [cuckoo.core.guest] DEBUG: cuckoo1: not ready yet
2021-12-02 18:24:14,816 [cuckoo.core.guest] DEBUG: cuckoo1: not ready yet
2021-12-02 18:24:15,820 [cuckoo.core.guest] DEBUG: cuckoo1: not ready yet
2021-12-02 18:24:16,825 [cuckoo.core.guest] DEBUG: cuckoo1: not ready yet
2021-12-02 18:24:17,829 [cuckoo.core.guest] DEBUG: cuckoo1: not ready yet
2021-12-02 18:24:18,836 [cuckoo.core.guest] DEBUG: cuckoo1: not ready yet
2021-12-02 18:24:19,839 [cuckoo.core.guest] DEBUG: cuckoo1: not ready yet
2021-12-02 18:24:20,842 [cuckoo.core.guest] DEBUG: cuckoo1: not ready yet
2021-12-02 18:24:21,844 [cuckoo.core.guest] DEBUG: cuckoo1: not ready yet
2021-12-02 18:24:22,848 [cuckoo.core.guest] DEBUG: cuckoo1: not ready yet
2021-12-02 18:24:23,853 [cuckoo.core.guest] DEBUG: cuckoo1: not ready yet
