[1;32;40mINFO - 2023-01-02 14:27:07,570 - SemaSCDG - 
----------------------------------------------------------------
--- Building SCDG of autoit/00c635478393aafb5c2d97b4a00c6930 ---
----------------------------------------------------------------[0m
[1;32;40mINFO - 2023-01-02 14:27:09,811 - SemaSCDG - Libraries used are :
{'oleaut32.dll', 'kernel32.dll', 'comdlg32.dll', 'user32.dll', 'comctl32.dll', 'iphlpapi.dll', 'psapi.dll', 'userenv.dll', 'shell32.dll', 'winmm.dll', 'mpr.dll', 'uxtheme.dll', 'gdi32.dll', 'wsock32.dll', 'wininet.dll', 'advapi32.dll', 'version.dll', 'ole32.dll'}[0m
[1;32;40mINFO - 2023-01-02 14:27:09,811 - SemaSCDG - OS recognized as : windows[0m
[1;32;40mINFO - 2023-01-02 14:27:09,811 - SemaSCDG - CPU architecture recognized as : <Arch X86 (LE)>[0m
[1;32;40mINFO - 2023-01-02 14:27:09,811 - SemaSCDG - Entry point of the binary recognized as : 4349812[0m
[1;32;40mINFO - 2023-01-02 14:27:09,811 - SemaSCDG - Min/Max addresses of the binary recognized as : <Loaded 00c635478393aafb5c2d97b4a00c6930, maps [0x400000:0x8013ff]>[0m
[1;32;40mINFO - 2023-01-02 14:27:09,811 - SemaSCDG - Stack executable ?  False[0m
[1;32;40mINFO - 2023-01-02 14:27:09,811 - SemaSCDG - Binary position-independent ?  True[0m
[1;32;40mINFO - 2023-01-02 14:27:09,811 - SemaSCDG - Exploration method:  DFS[0m
[1;32;40mINFO - 2023-01-02 14:27:10,038 - SemaSCDG - Entry_state address = None[0m
[1;32;40mINFO - 2023-01-02 14:27:12,662 - SemaSCDG - .text[0m
[1;32;40mINFO - 2023-01-02 14:27:12,662 - SemaSCDG - {'vaddr': 4198400, 'memsize': 570703, 'is_readable': True, 'is_writable': False, 'is_executable': True}[0m
[1;32;40mINFO - 2023-01-02 14:27:12,662 - SemaSCDG - .rdata[0m
[1;32;40mINFO - 2023-01-02 14:27:12,662 - SemaSCDG - {'vaddr': 4771840, 'memsize': 183362, 'is_readable': True, 'is_writable': False, 'is_executable': False}[0m
[1;32;40mINFO - 2023-01-02 14:27:12,662 - SemaSCDG - .data[0m
[1;32;40mINFO - 2023-01-02 14:27:12,663 - SemaSCDG - {'vaddr': 4956160, 'memsize': 40276, 'is_readable': True, 'is_writable': True, 'is_executable': False}[0m
[1;32;40mINFO - 2023-01-02 14:27:12,663 - SemaSCDG - .rsrc[0m
[1;32;40mINFO - 2023-01-02 14:27:12,663 - SemaSCDG - {'vaddr': 4997120, 'memsize': 343932, 'is_readable': True, 'is_writable': False, 'is_executable': False}[0m
[1;32;40mINFO - 2023-01-02 14:27:12,663 - SemaSCDG - .reloc[0m
[1;32;40mINFO - 2023-01-02 14:27:12,663 - SemaSCDG - {'vaddr': 5341184, 'memsize': 42100, 'is_readable': True, 'is_writable': False, 'is_executable': False}[0m
[1;32;40mINFO - 2023-01-02 14:27:12,664 - SemaSCDG - 
------------------------------
Start -State of simulation manager :
 <SimulationManager with 1 active>
------------------------------[0m
[1;32;40mINFO - 2023-01-02 14:27:14,376 - SemaSCDG - 
------------------------------
End - State of simulation manager :
 <SimulationManager with all stashes empty (1 errored)>
------------------------------[0m
[1;32;40mINFO - 2023-01-02 14:27:14,376 - SemaSCDG - Syscall Found:{'GetStartupInfoW': 1, 'GetProcessHeap': 1, 'GetModuleHandleW': 1, 'GetProcAddress': 29, 'InitializeCriticalSectionAndSpinCount': 14}[0m
[1;32;40mINFO - 2023-01-02 14:27:14,376 - SemaSCDG - Total execution time to build scdg: 10.806665182113647[0m
[1;32;40mINFO - 2023-01-02 14:27:14,376 - SemaSCDG - .text[0m
[1;32;40mINFO - 2023-01-02 14:27:14,376 - SemaSCDG - {'vaddr': 4198400, 'memsize': 570703, 'is_readable': True, 'is_writable': False, 'is_executable': True}[0m
[1;32;40mINFO - 2023-01-02 14:27:14,376 - SemaSCDG - .rdata[0m
[1;32;40mINFO - 2023-01-02 14:27:14,376 - SemaSCDG - {'vaddr': 4771840, 'memsize': 183362, 'is_readable': True, 'is_writable': False, 'is_executable': False}[0m
[1;32;40mINFO - 2023-01-02 14:27:14,376 - SemaSCDG - .data[0m
[1;32;40mINFO - 2023-01-02 14:27:14,376 - SemaSCDG - {'vaddr': 4956160, 'memsize': 40276, 'is_readable': True, 'is_writable': True, 'is_executable': False}[0m
[1;32;40mINFO - 2023-01-02 14:27:14,376 - SemaSCDG - .rsrc[0m
[1;32;40mINFO - 2023-01-02 14:27:14,376 - SemaSCDG - {'vaddr': 4997120, 'memsize': 343932, 'is_readable': True, 'is_writable': False, 'is_executable': False}[0m
[1;32;40mINFO - 2023-01-02 14:27:14,377 - SemaSCDG - .reloc[0m
[1;32;40mINFO - 2023-01-02 14:27:14,377 - SemaSCDG - {'vaddr': 5341184, 'memsize': 42100, 'is_readable': True, 'is_writable': False, 'is_executable': False}[0m
