[1;33;40mWARNING - 2023-10-16 17:06:06,742 - [34mangr.project[0m - [34mDisabling IRSB translation cache because support for self-modifying code is enabled.[0m[0m
[1;32;40mINFO - 2023-10-16 17:06:13,110 - [36mCustomSimProcedure[0m - {'CompareFileTime': 5242880, 'SearchPathA': 5242884, 'GetShortPathNameA': 5242888, 'GetFullPathNameA': 5242892, 'MoveFileA': 5242896, 'SetCurrentDirectoryA': 5242900, 'GetFileAttributesA': 5242904, 'GetLastError': 5242908, 'CreateDirectoryA': 5242912, 'SetFileAttributesA': 5242916, 'Sleep': 5242920, 'GetTickCount': 5242924, 'GetFileSize': 5242928, 'GetModuleFileNameA': 5242932, 'GetCurrentProcess': 5242936, 'CopyFileA': 5242940, 'ExitProcess': 5242944, 'GetWindowsDirectoryA': 5242948, 'SetFileTime': 5242952, 'GetCommandLineA': 5242956, 'SetErrorMode': 5242960, 'LoadLibraryA': 5242964, 'lstrcpynA': 5242968, 'GetDiskFreeSpaceA': 5242972, 'GlobalUnlock': 5242976, 'GlobalLock': 5242980, 'CreateThread': 5242984, 'CreateProcessA': 5242988, 'RemoveDirectoryA': 5242992, 'CreateFileA': 5242996, 'GetTempFileNameA': 5243000, 'lstrlenA': 5243004, 'lstrcatA': 5243008, 'GetSystemDirectoryA': 5243012, 'GetVersion': 5243016, 'CloseHandle': 5243020, 'lstrcmpiA': 5243024, 'lstrcmpA': 5243028, 'ExpandEnvironmentStringsA': 5243032, 'GlobalFree': 5243036, 'GlobalAlloc': 5243040, 'WaitForSingleObject': 5243044, 'GetExitCodeProcess': 5243048, 'GetModuleHandleA': 5243052, 'LoadLibraryExA': 5243056, 'GetProcAddress': 5243060, 'FreeLibrary': 5243064, 'MultiByteToWideChar': 5243068, 'WritePrivateProfileStringA': 5243072, 'GetPrivateProfileStringA': 5243076, 'WriteFile': 5243080, 'ReadFile': 5243084, 'MulDiv': 5243088, 'SetFilePointer': 5243092, 'FindClose': 5243096, 'FindNextFileA': 5243100, 'FindFirstFileA': 5243104, 'DeleteFileA': 5243108, 'GetTempPathA': 5243112, 'EndDialog': 5243116, 'ScreenToClient': 5243120, 'GetWindowRect': 5243124, 'EnableMenuItem': 5243128, 'GetSystemMenu': 5243132, 'SetClassLongA': 5243136, 'IsWindowEnabled': 5243140, 'SetWindowPos': 5243144, 'GetSysColor': 5243148, 'GetWindowLongA': 5243152, 'SetCursor': 5243156, 'LoadCursorA': 5243160, 'CheckDlgButton': 5243164, 'GetMessagePos': 5243168, 'LoadBitmapA': 5243172, 'CallWindowProcA': 5243176, 'IsWindowVisible': 5243180, 'CloseClipboard': 5243184, 'SetClipboardData': 5243188, 'EmptyClipboard': 5243192, 'RegisterClassA': 5243196, 'TrackPopupMenu': 5243200, 'AppendMenuA': 5243204, 'CreatePopupMenu': 5243208, 'GetSystemMetrics': 5243212, 'SetDlgItemTextA': 5243216, 'GetDlgItemTextA': 5243220, 'MessageBoxIndirectA': 5243224, 'CharPrevA': 5243228, 'DispatchMessageA': 5243232, 'PeekMessageA': 5243236, 'DestroyWindow': 5243240, 'CreateDialogParamA': 5243244, 'SetTimer': 5243248, 'SetWindowTextA': 5243252, 'PostQuitMessage': 5243256, 'SetForegroundWindow': 5243260, 'wsprintfA': 5243264, 'SendMessageTimeoutA': 5243268, 'FindWindowExA': 5243272, 'SystemParametersInfoA': 5243276, 'CreateWindowExA': 5243280, 'GetClassInfoA': 5243284, 'DialogBoxParamA': 5243288, 'CharNextA': 5243292, 'OpenClipboard': 5243296, 'ExitWindowsEx': 5243300, 'IsWindow': 5243304, 'GetDlgItem': 5243308, 'SetWindowLongA': 5243312, 'LoadImageA': 5243316, 'GetDC': 5243320, 'EnableWindow': 5243324, 'InvalidateRect': 5243328, 'SendMessageA': 5243332, 'DefWindowProcA': 5243336, 'BeginPaint': 5243340, 'GetClientRect': 5243344, 'FillRect': 5243348, 'DrawTextA': 5243352, 'EndPaint': 5243356, 'ShowWindow': 5243360, 'SetBkColor': 5243364, 'GetDeviceCaps': 5243368, 'DeleteObject': 5243372, 'CreateBrushIndirect': 5243376, 'CreateFontIndirectA': 5243380, 'SetBkMode': 5243384, 'SetTextColor': 5243388, 'SelectObject': 5243392, 'SHGetPathFromIDListA': 5243396, 'SHBrowseForFolderA': 5243400, 'SHGetFileInfoA': 5243404, 'ShellExecuteA': 5243408, 'SHFileOperationA': 5243412, 'SHGetSpecialFolderLocation': 5243416, 'RegQueryValueExA': 5243420, 'RegSetValueExA': 5243424, 'RegEnumKeyA': 5243428, 'RegEnumValueA': 5243432, 'RegOpenKeyExA': 5243436, 'RegDeleteKeyA': 5243440, 'RegDeleteValueA': 5243444, 'RegCloseKey': 5243448, 'RegCreateKeyExA': 5243452, 'ImageList_AddMasked': 5243456, 'ImageList_Destroy': 5243460, "ordinal.17.b'comctl32.dll'": 5243464, 'ImageList_Create': 5243468, 'CoTaskMemFree': 5243472, 'OleInitialize': 5243476, 'OleUninitialize': 5243480, 'CoCreateInstance': 5243484, 'GetFileVersionInfoSizeA': 5243488, 'GetFileVersionInfoA': 5243492, 'VerQueryValueA': 5243496, 'KiUserExceptionDispatcher': 6295572, '_fmode': 6295576, '_commode': 6295580, '_acmdln': 6295584, '_wcmdln': 6295588}[0m
[1;33;40mWARNING - 2023-10-16 17:06:13,122 - [34mangr.project[0m - [34mAddress is already hooked, during hook(0x5001fc, <SimProcedure SetTextColor>). Not re-hooking.[0m[0m
[1;33;40mWARNING - 2023-10-16 17:06:13,122 - [34mangr.project[0m - [34mAddress is already hooked, during hook(0x5001f8, <SimProcedure SetBkMode>). Not re-hooking.[0m[0m
[1;33;40mWARNING - 2023-10-16 17:06:13,122 - [34mangr.project[0m - [34mAddress is already hooked, during hook(0x500200, <SimProcedure SelectObject>). Not re-hooking.[0m[0m
[1;33;40mWARNING - 2023-10-16 17:06:13,122 - [34mangr.project[0m - [34mAddress is already hooked, during hook(0x5001f4, <SimProcedure CreateFontIndirectA>). Not re-hooking.[0m[0m
[1;33;40mWARNING - 2023-10-16 17:06:13,122 - [34mangr.project[0m - [34mAddress is already hooked, during hook(0x5001f0, <SimProcedure CreateBrushIndirect>). Not re-hooking.[0m[0m
[1;33;40mWARNING - 2023-10-16 17:06:13,122 - [34mangr.project[0m - [34mAddress is already hooked, during hook(0x5001ec, <SimProcedure DeleteObject>). Not re-hooking.[0m[0m
[1;33;40mWARNING - 2023-10-16 17:06:13,122 - [34mangr.project[0m - [34mAddress is already hooked, during hook(0x5001e8, <SimProcedure GetDeviceCaps>). Not re-hooking.[0m[0m
[1;33;40mWARNING - 2023-10-16 17:06:13,122 - [34mangr.project[0m - [34mAddress is already hooked, during hook(0x5001e4, <SimProcedure SetBkColor>). Not re-hooking.[0m[0m
[1;33;40mWARNING - 2023-10-16 17:06:13,132 - [34mangr.project[0m - [34mAddress is already hooked, during hook(0x50024c, <SimProcedure ImageList_Create>). Not re-hooking.[0m[0m
[1;33;40mWARNING - 2023-10-16 17:06:13,132 - [34mangr.project[0m - [34mAddress is already hooked, during hook(0x500244, <SimProcedure ImageList_Destroy>). Not re-hooking.[0m[0m
[1;32;40mINFO - 2023-10-16 17:06:13,133 - [36mCustomSimProcedure[0m - [36mWas in angr :user32.dll[0m[0m
[1;33;40mWARNING - 2023-10-16 17:06:13,134 - [36mCustomSimProcedure[0m - [36mProcedure wsprintfA in DLL user32.dll has 3 arguments in json and 2 arguments in angr prototype. Taking number of arguments from json.[0m[0m
[1;33;40mWARNING - 2023-10-16 17:06:13,134 - [36mCustomSimProcedure[0m - [36mProcedure wsprintfW in DLL user32.dll has 3 arguments in json and 2 arguments in angr prototype. Taking number of arguments from json.[0m[0m
[1;33;40mWARNING - 2023-10-16 17:06:13,159 - [34mangr.project[0m - [34mAddress is already hooked, during hook(0x5001c4, <SimProcedure SendMessageA>). Not re-hooking.[0m[0m
[1;33;40mWARNING - 2023-10-16 17:06:13,159 - [34mangr.project[0m - [34mAddress is already hooked, during hook(0x500140, <SimProcedure TrackPopupMenu>). Not re-hooking.[0m[0m
[1;33;40mWARNING - 2023-10-16 17:06:13,159 - [34mangr.project[0m - [34mAddress is already hooked, during hook(0x500164, <SimProcedure PeekMessageA>). Not re-hooking.[0m[0m
[1;33;40mWARNING - 2023-10-16 17:06:13,159 - [34mangr.project[0m - [34mAddress is already hooked, during hook(0x500120, <SimProcedure GetMessagePos>). Not re-hooking.[0m[0m
[1;33;40mWARNING - 2023-10-16 17:06:13,159 - [34mangr.project[0m - [34mAddress is already hooked, during hook(0x5001bc, <SimProcedure EnableWindow>). Not re-hooking.[0m[0m
[1;33;40mWARNING - 2023-10-16 17:06:13,159 - [34mangr.project[0m - [34mAddress is already hooked, during hook(0x5000f8, <SimProcedure EnableMenuItem>). Not re-hooking.[0m[0m
[1;33;40mWARNING - 2023-10-16 17:06:13,159 - [34mangr.project[0m - [34mAddress is already hooked, during hook(0x50014c, <SimProcedure GetSystemMetrics>). Not re-hooking.[0m[0m
[1;33;40mWARNING - 2023-10-16 17:06:13,159 - [34mangr.project[0m - [34mAddress is already hooked, during hook(0x50011c, <SimProcedure CheckDlgButton>). Not re-hooking.[0m[0m
[1;33;40mWARNING - 2023-10-16 17:06:13,159 - [34mangr.project[0m - [34mAddress is already hooked, during hook(0x500148, <SimProcedure CreatePopupMenu>). Not re-hooking.[0m[0m
[1;33;40mWARNING - 2023-10-16 17:06:13,159 - [34mangr.project[0m - [34mAddress is already hooked, during hook(0x500198, <SimProcedure DialogBoxParamA>). Not re-hooking.[0m[0m
[1;33;40mWARNING - 2023-10-16 17:06:13,160 - [34mangr.project[0m - [34mAddress is already hooked, during hook(0x50018c, <SimProcedure SystemParametersInfoA>). Not re-hooking.[0m[0m
[1;33;40mWARNING - 2023-10-16 17:06:13,160 - [34mangr.project[0m - [34mAddress is already hooked, during hook(0x500168, <SimProcedure DestroyWindow>). Not re-hooking.[0m[0m
[1;33;40mWARNING - 2023-10-16 17:06:13,160 - [34mangr.project[0m - [34mAddress is already hooked, during hook(0x500100, <SimProcedure SetClassLongA>). Not re-hooking.[0m[0m
[1;33;40mWARNING - 2023-10-16 17:06:13,160 - [34mangr.project[0m - [34mAddress is already hooked, during hook(0x5000f4, <SimProcedure GetWindowRect>). Not re-hooking.[0m[0m
[1;33;40mWARNING - 2023-10-16 17:06:13,160 - [34mangr.project[0m - [34mAddress is already hooked, during hook(0x500150, <SimProcedure SetDlgItemTextA>). Not re-hooking.[0m[0m
[1;33;40mWARNING - 2023-10-16 17:06:13,160 - [34mangr.project[0m - [34mAddress is already hooked, during hook(0x5001d8, <SimProcedure DrawTextA>). Not re-hooking.[0m[0m
[1;33;40mWARNING - 2023-10-16 17:06:13,160 - [34mangr.project[0m - [34mAddress is already hooked, during hook(0x500154, <SimProcedure GetDlgItemTextA>). Not re-hooking.[0m[0m
[1;33;40mWARNING - 2023-10-16 17:06:13,160 - [34mangr.project[0m - [34mAddress is already hooked, during hook(0x500158, <SimProcedure MessageBoxIndirectA>). Not re-hooking.[0m[0m
[1;33;40mWARNING - 2023-10-16 17:06:13,160 - [34mangr.project[0m - [34mAddress is already hooked, during hook(0x50010c, <SimProcedure GetSysColor>). Not re-hooking.[0m[0m
[1;33;40mWARNING - 2023-10-16 17:06:13,160 - [34mangr.project[0m - [34mAddress is already hooked, during hook(0x500128, <SimProcedure CallWindowProcA>). Not re-hooking.[0m[0m
[1;33;40mWARNING - 2023-10-16 17:06:13,160 - [34mangr.project[0m - [34mAddress is already hooked, during hook(0x500108, <SimProcedure SetWindowPos>). Not re-hooking.[0m[0m
[1;33;40mWARNING - 2023-10-16 17:06:13,160 - [34mangr.project[0m - [34mAddress is already hooked, during hook(0x500194, <SimProcedure GetClassInfoA>). Not re-hooking.[0m[0m
[1;33;40mWARNING - 2023-10-16 17:06:13,160 - [34mangr.project[0m - [34mAddress is already hooked, during hook(0x5001e0, <SimProcedure ShowWindow>). Not re-hooking.[0m[0m
[1;33;40mWARNING - 2023-10-16 17:06:13,160 - [34mangr.project[0m - [34mAddress is already hooked, during hook(0x50016c, <SimProcedure CreateDialogParamA>). Not re-hooking.[0m[0m
[1;33;40mWARNING - 2023-10-16 17:06:13,160 - [34mangr.project[0m - [34mAddress is already hooked, during hook(0x5001cc, <SimProcedure BeginPaint>). Not re-hooking.[0m[0m
[1;33;40mWARNING - 2023-10-16 17:06:13,160 - [34mangr.project[0m - [34mAddress is already hooked, during hook(0x500114, <SimProcedure SetCursor>). Not re-hooking.[0m[0m
[1;33;40mWARNING - 2023-10-16 17:06:13,160 - [34mangr.project[0m - [34mAddress is already hooked, during hook(0x500170, <SimProcedure SetTimer>). Not re-hooking.[0m[0m
[1;33;40mWARNING - 2023-10-16 17:06:13,161 - [34mangr.project[0m - [34mAddress is already hooked, during hook(0x5001b0, <SimProcedure SetWindowLongA>). Not re-hooking.[0m[0m
[1;33;40mWARNING - 2023-10-16 17:06:13,161 - [34mangr.project[0m - [34mAddress is already hooked, during hook(0x500104, <SimProcedure IsWindowEnabled>). Not re-hooking.[0m[0m
[1;33;40mWARNING - 2023-10-16 17:06:13,161 - [34mangr.project[0m - [34mAddress is already hooked, during hook(0x5001c8, <SimProcedure DefWindowProcA>). Not re-hooking.[0m[0m
[1;33;40mWARNING - 2023-10-16 17:06:13,161 - [34mangr.project[0m - [34mAddress is already hooked, during hook(0x5001b8, <SimProcedure GetDC>). Not re-hooking.[0m[0m
[1;33;40mWARNING - 2023-10-16 17:06:13,161 - [34mangr.project[0m - [34mAddress is already hooked, during hook(0x500134, <SimProcedure SetClipboardData>). Not re-hooking.[0m[0m
[1;33;40mWARNING - 2023-10-16 17:06:13,161 - [34mangr.project[0m - [34mAddress is already hooked, during hook(0x5001ac, <SimProcedure GetDlgItem>). Not re-hooking.[0m[0m
[1;33;40mWARNING - 2023-10-16 17:06:13,161 - [34mangr.project[0m - [34mAddress is already hooked, during hook(0x500130, <SimProcedure CloseClipboard>). Not re-hooking.[0m[0m
[1;33;40mWARNING - 2023-10-16 17:06:13,161 - [34mangr.project[0m - [34mAddress is already hooked, during hook(0x50015c, <SimProcedure CharPrevA>). Not re-hooking.[0m[0m
[1;33;40mWARNING - 2023-10-16 17:06:13,161 - [34mangr.project[0m - [34mAddress is already hooked, during hook(0x50019c, <SimProcedure CharNextA>). Not re-hooking.[0m[0m
[1;33;40mWARNING - 2023-10-16 17:06:13,161 - [34mangr.project[0m - [34mAddress is already hooked, during hook(0x500118, <SimProcedure LoadCursorA>). Not re-hooking.[0m[0m
[1;33;40mWARNING - 2023-10-16 17:06:13,161 - [34mangr.project[0m - [34mAddress is already hooked, during hook(0x500138, <SimProcedure EmptyClipboard>). Not re-hooking.[0m[0m
[1;33;40mWARNING - 2023-10-16 17:06:13,161 - [34mangr.project[0m - [34mAddress is already hooked, during hook(0x5001dc, <SimProcedure EndPaint>). Not re-hooking.[0m[0m
[1;33;40mWARNING - 2023-10-16 17:06:13,161 - [34mangr.project[0m - [34mAddress is already hooked, during hook(0x5001c0, <SimProcedure InvalidateRect>). Not re-hooking.[0m[0m
[1;33;40mWARNING - 2023-10-16 17:06:13,161 - [34mangr.project[0m - [34mAddress is already hooked, during hook(0x5001d0, <SimProcedure GetClientRect>). Not re-hooking.[0m[0m
[1;33;40mWARNING - 2023-10-16 17:06:13,161 - [34mangr.project[0m - [34mAddress is already hooked, during hook(0x500110, <SimProcedure GetWindowLongA>). Not re-hooking.[0m[0m
[1;33;40mWARNING - 2023-10-16 17:06:13,161 - [34mangr.project[0m - [34mAddress is already hooked, during hook(0x5000f0, <SimProcedure ScreenToClient>). Not re-hooking.[0m[0m
[1;33;40mWARNING - 2023-10-16 17:06:13,161 - [34mangr.project[0m - [34mAddress is already hooked, during hook(0x500188, <SimProcedure FindWindowExA>). Not re-hooking.[0m[0m
[1;33;40mWARNING - 2023-10-16 17:06:13,161 - [34mangr.project[0m - [34mAddress is already hooked, during hook(0x500124, <SimProcedure LoadBitmapA>). Not re-hooking.[0m[0m
[1;33;40mWARNING - 2023-10-16 17:06:13,161 - [34mangr.project[0m - [34mAddress is already hooked, during hook(0x5001a8, <SimProcedure IsWindow>). Not re-hooking.[0m[0m
[1;33;40mWARNING - 2023-10-16 17:06:13,161 - [34mangr.project[0m - [34mAddress is already hooked, during hook(0x5001b4, <SimProcedure LoadImageA>). Not re-hooking.[0m[0m
[1;33;40mWARNING - 2023-10-16 17:06:13,161 - [34mangr.project[0m - [34mAddress is already hooked, during hook(0x5000fc, <SimProcedure GetSystemMenu>). Not re-hooking.[0m[0m
[1;33;40mWARNING - 2023-10-16 17:06:13,162 - [34mangr.project[0m - [34mAddress is already hooked, during hook(0x5000ec, <SimProcedure EndDialog>). Not re-hooking.[0m[0m
[1;33;40mWARNING - 2023-10-16 17:06:13,162 - [34mangr.project[0m - [34mAddress is already hooked, during hook(0x5001d4, <SimProcedure FillRect>). Not re-hooking.[0m[0m
[1;33;40mWARNING - 2023-10-16 17:06:13,162 - [34mangr.project[0m - [34mAddress is already hooked, during hook(0x500184, <SimProcedure SendMessageTimeoutA>). Not re-hooking.[0m[0m
[1;33;40mWARNING - 2023-10-16 17:06:13,162 - [34mangr.project[0m - [34mAddress is already hooked, during hook(0x500178, <SimProcedure PostQuitMessage>). Not re-hooking.[0m[0m
[1;33;40mWARNING - 2023-10-16 17:06:13,162 - [34mangr.project[0m - [34mAddress is already hooked, during hook(0x500174, <SimProcedure SetWindowTextA>). Not re-hooking.[0m[0m
[1;33;40mWARNING - 2023-10-16 17:06:13,162 - [34mangr.project[0m - [34mAddress is already hooked, during hook(0x50017c, <SimProcedure SetForegroundWindow>). Not re-hooking.[0m[0m
[1;33;40mWARNING - 2023-10-16 17:06:13,162 - [34mangr.project[0m - [34mAddress is already hooked, during hook(0x5001a4, <SimProcedure ExitWindowsEx>). Not re-hooking.[0m[0m
[1;33;40mWARNING - 2023-10-16 17:06:13,162 - [34mangr.project[0m - [34mAddress is already hooked, during hook(0x50012c, <SimProcedure IsWindowVisible>). Not re-hooking.[0m[0m
[1;33;40mWARNING - 2023-10-16 17:06:13,162 - [34mangr.project[0m - [34mAddress is already hooked, during hook(0x5001a0, <SimProcedure OpenClipboard>). Not re-hooking.[0m[0m
[1;33;40mWARNING - 2023-10-16 17:06:13,162 - [34mangr.project[0m - [34mAddress is already hooked, during hook(0x500144, <SimProcedure AppendMenuA>). Not re-hooking.[0m[0m
[1;33;40mWARNING - 2023-10-16 17:06:13,183 - [34mangr.project[0m - [34mAddress is already hooked, during hook(0x500214, <SimProcedure SHFileOperationA>). Not re-hooking.[0m[0m
[1;33;40mWARNING - 2023-10-16 17:06:13,183 - [34mangr.project[0m - [34mAddress is already hooked, during hook(0x50020c, <SimProcedure SHGetFileInfoA>). Not re-hooking.[0m[0m
[1;33;40mWARNING - 2023-10-16 17:06:13,183 - [34mangr.project[0m - [34mAddress is already hooked, during hook(0x500210, <SimProcedure ShellExecuteA>). Not re-hooking.[0m[0m
[1;33;40mWARNING - 2023-10-16 17:06:13,184 - [34mangr.project[0m - [34mAddress is already hooked, during hook(0x500204, <SimProcedure SHGetPathFromIDListA>). Not re-hooking.[0m[0m
[1;33;40mWARNING - 2023-10-16 17:06:13,184 - [34mangr.project[0m - [34mAddress is already hooked, during hook(0x500218, <SimProcedure SHGetSpecialFolderLocation>). Not re-hooking.[0m[0m
[1;33;40mWARNING - 2023-10-16 17:06:13,184 - [34mangr.project[0m - [34mAddress is already hooked, during hook(0x500208, <SimProcedure SHBrowseForFolderA>). Not re-hooking.[0m[0m
[1;32;40mINFO - 2023-10-16 17:06:13,186 - [36mCustomSimProcedure[0m - [36mWas in angr :advapi32.dll[0m[0m
[1;33;40mWARNING - 2023-10-16 17:06:13,201 - [34mangr.project[0m - [34mAddress is already hooked, during hook(0x500228, <SimProcedure RegEnumValueA>). Not re-hooking.[0m[0m
[1;33;40mWARNING - 2023-10-16 17:06:13,201 - [34mangr.project[0m - [34mAddress is already hooked, during hook(0x500230, <SimProcedure RegDeleteKeyA>). Not re-hooking.[0m[0m
[1;33;40mWARNING - 2023-10-16 17:06:13,202 - [34mangr.project[0m - [34mAddress is already hooked, during hook(0x500234, <SimProcedure RegDeleteValueA>). Not re-hooking.[0m[0m
[1;33;40mWARNING - 2023-10-16 17:06:13,202 - [34mangr.project[0m - [34mAddress is already hooked, during hook(0x500224, <SimProcedure RegEnumKeyA>). Not re-hooking.[0m[0m
[1;33;40mWARNING - 2023-10-16 17:06:13,221 - [34mangr.project[0m - [34mAddress is already hooked, during hook(0x500258, <SimProcedure OleUninitialize>). Not re-hooking.[0m[0m
[1;33;40mWARNING - 2023-10-16 17:06:13,222 - [34mangr.project[0m - [34mAddress is already hooked, during hook(0x500250, <SimProcedure CoTaskMemFree>). Not re-hooking.[0m[0m
[1;33;40mWARNING - 2023-10-16 17:06:13,230 - [34mangr.project[0m - [34mAddress is already hooked, during hook(0x500268, <SimProcedure VerQueryValueA>). Not re-hooking.[0m[0m
[1;33;40mWARNING - 2023-10-16 17:06:13,230 - [34mangr.project[0m - [34mAddress is already hooked, during hook(0x500260, <SimProcedure GetFileVersionInfoSizeA>). Not re-hooking.[0m[0m
[1;33;40mWARNING - 2023-10-16 17:06:13,230 - [34mangr.project[0m - [34mAddress is already hooked, during hook(0x500264, <SimProcedure GetFileVersionInfoA>). Not re-hooking.[0m[0m
[1;32;40mINFO - 2023-10-16 17:06:13,230 - [36mCustomSimProcedure[0m - [36mWas in angr :kernel32.dll[0m[0m
[1;33;40mWARNING - 2023-10-16 17:06:13,277 - [34mangr.project[0m - [34mAddress is already hooked, during hook(0x5000a8, <SimProcedure GetExitCodeProcess>). Not re-hooking.[0m[0m
[1;33;40mWARNING - 2023-10-16 17:06:13,277 - [34mangr.project[0m - [34mAddress is already hooked, during hook(0x500064, <SimProcedure GlobalLock>). Not re-hooking.[0m[0m
[1;33;40mWARNING - 2023-10-16 17:06:13,277 - [34mangr.project[0m - [34mAddress is already hooked, during hook(0x500010, <SimProcedure MoveFileA>). Not re-hooking.[0m[0m
[1;33;40mWARNING - 2023-10-16 17:06:13,277 - [34mangr.project[0m - [34mAddress is already hooked, during hook(0x5000e4, <SimProcedure DeleteFileA>). Not re-hooking.[0m[0m
[1;33;40mWARNING - 2023-10-16 17:06:13,277 - [34mangr.project[0m - [34mAddress is already hooked, during hook(0x500098, <SimProcedure ExpandEnvironmentStringsA>). Not re-hooking.[0m[0m
[1;33;40mWARNING - 2023-10-16 17:06:13,277 - [34mangr.project[0m - [34mAddress is already hooked, during hook(0x500060, <SimProcedure GlobalUnlock>). Not re-hooking.[0m[0m
[1;33;40mWARNING - 2023-10-16 17:06:13,278 - [34mangr.project[0m - [34mAddress is already hooked, during hook(0x500014, <SimProcedure SetCurrentDirectoryA>). Not re-hooking.[0m[0m
[1;33;40mWARNING - 2023-10-16 17:06:13,278 - [34mangr.project[0m - [34mAddress is already hooked, during hook(0x500048, <SimProcedure SetFileTime>). Not re-hooking.[0m[0m
[1;33;40mWARNING - 2023-10-16 17:06:13,278 - [34mangr.project[0m - [34mAddress is already hooked, during hook(0x500000, <SimProcedure CompareFileTime>). Not re-hooking.[0m[0m
[1;33;40mWARNING - 2023-10-16 17:06:13,278 - [34mangr.project[0m - [34mAddress is already hooked, during hook(0x500038, <SimProcedure GetCurrentProcess>). Not re-hooking.[0m[0m
[1;33;40mWARNING - 2023-10-16 17:06:13,278 - [34mangr.project[0m - [34mAddress is already hooked, during hook(0x500024, <SimProcedure SetFileAttributesA>). Not re-hooking.[0m[0m
[1;33;40mWARNING - 2023-10-16 17:06:13,278 - [34mangr.project[0m - [34mAddress is already hooked, during hook(0x5000d0, <SimProcedure MulDiv>). Not re-hooking.[0m[0m
[1;33;40mWARNING - 2023-10-16 17:06:13,278 - [34mangr.project[0m - [34mAddress is already hooked, during hook(0x500088, <SimProcedure GetVersion>). Not re-hooking.[0m[0m
[1;33;40mWARNING - 2023-10-16 17:06:13,278 - [34mangr.project[0m - [34mAddress is already hooked, during hook(0x50005c, <SimProcedure GetDiskFreeSpaceA>). Not re-hooking.[0m[0m
[1;33;40mWARNING - 2023-10-16 17:06:13,278 - [34mangr.project[0m - [34mAddress is already hooked, during hook(0x500004, <SimProcedure SearchPathA>). Not re-hooking.[0m[0m
[1;33;40mWARNING - 2023-10-16 17:06:13,278 - [34mangr.project[0m - [34mAddress is already hooked, during hook(0x500090, <SimProcedure lstrcmpiA>). Not re-hooking.[0m[0m
[1;33;40mWARNING - 2023-10-16 17:06:13,278 - [34mangr.project[0m - [34mAddress is already hooked, during hook(0x500020, <SimProcedure CreateDirectoryA>). Not re-hooking.[0m[0m
[1;33;40mWARNING - 2023-10-16 17:06:13,278 - [34mangr.project[0m - [34mAddress is already hooked, during hook(0x50009c, <SimProcedure GlobalFree>). Not re-hooking.[0m[0m
[1;33;40mWARNING - 2023-10-16 17:06:13,278 - [34mangr.project[0m - [34mAddress is already hooked, during hook(0x50000c, <SimProcedure GetFullPathNameA>). Not re-hooking.[0m[0m
[1;33;40mWARNING - 2023-10-16 17:06:13,278 - [34mangr.project[0m - [34mAddress is already hooked, during hook(0x5000c4, <SimProcedure GetPrivateProfileStringA>). Not re-hooking.[0m[0m
[1;33;40mWARNING - 2023-10-16 17:06:13,278 - [34mangr.project[0m - [34mAddress is already hooked, during hook(0x500070, <SimProcedure RemoveDirectoryA>). Not re-hooking.[0m[0m
[1;33;40mWARNING - 2023-10-16 17:06:13,279 - [34mangr.project[0m - [34mAddress is already hooked, during hook(0x500028, <SimProcedure Sleep>). Not re-hooking.[0m[0m
[1;33;40mWARNING - 2023-10-16 17:06:13,312 - [34mangr.project[0m - [34mAddress is already hooked, during hook(0x500240, <SimProcedure ImageList_AddMasked>). Not re-hooking.[0m[0m
[1;33;40mWARNING - 2023-10-16 17:06:13,312 - [34mangr.project[0m - [34mAddress is already hooked, during hook(0x601014, <SimProcedure KiUserExceptionDispatcher>). Not re-hooking.[0m[0m
[1;32;40mINFO - 2023-10-16 17:06:13,312 - [36mCustomSimProcedure[0m - [36mNo hooks for: {"ordinal.17.b'comctl32.dll'": 5243464, '_fmode': 6295576, '_commode': 6295580, '_acmdln': 6295584, '_wcmdln': 6295588}[0m[0m
[1;32;40mINFO - 2023-10-16 17:06:13,312 - [36mCustomSimProcedure[0m - [36mcustom_hook_static[0m[0m
[1;33;40mWARNING - 2023-10-16 17:06:13,312 - [34mangr.project[0m - [34mAddress is already hooked, during hook(0x400000, <SimProcedure ExitProcess>). Not re-hooking.[0m[0m
[1;33;40mWARNING - 2023-10-16 17:06:13,312 - [34mangr.project[0m - [34mAddress is already hooked, during hook(0x400000, <SimProcedure GetWindowsDirectoryA>). Not re-hooking.[0m[0m
[1;33;40mWARNING - 2023-10-16 17:06:13,312 - [34mangr.project[0m - [34mAddress is already hooked, during hook(0x400000, <SimProcedure GetCommandLineA>). Not re-hooking.[0m[0m
[1;33;40mWARNING - 2023-10-16 17:06:13,313 - [34mangr.project[0m - [34mAddress is already hooked, during hook(0x400000, <SimProcedure GlobalAlloc>). Not re-hooking.[0m[0m
[1;33;40mWARNING - 2023-10-16 17:06:13,313 - [34mangr.project[0m - [34mAddress is already hooked, during hook(0x400000, <SimProcedure WriteFile>). Not re-hooking.[0m[0m
[1;33;40mWARNING - 2023-10-16 17:06:13,313 - [34mangr.project[0m - [34mAddress is already hooked, during hook(0x400000, <SimProcedure ReadFile>). Not re-hooking.[0m[0m
[1;33;40mWARNING - 2023-10-16 17:06:13,313 - [34mangr.project[0m - [34mAddress is already hooked, during hook(0x400000, <SimProcedure GetTempPathA>). Not re-hooking.[0m[0m
[1;33;40mWARNING - 2023-10-16 17:06:13,313 - [34mangr.project[0m - [34mAddress is already hooked, during hook(0x400000, <SimProcedure MessageBoxIndirectA>). Not re-hooking.[0m[0m
[1;33;40mWARNING - 2023-10-16 17:06:13,313 - [34mangr.project[0m - [34mAddress is already hooked, during hook(0x400000, <SimProcedure CharPrevA>). Not re-hooking.[0m[0m
[1;33;40mWARNING - 2023-10-16 17:06:13,313 - [34mangr.project[0m - [34mAddress is already hooked, during hook(0x400000, <SimProcedure CharNextA>). Not re-hooking.[0m[0m
[1;32;40mINFO - 2023-10-16 17:06:13,313 - [36mCustomSimProcedure[0m - [36mcomctl32.dll[0m[0m
[1;32;40mINFO - 2023-10-16 17:06:13,313 - [36mCustomSimProcedure[0m - [36m17[0m[0m
[1;33;40mWARNING - 2023-10-16 17:06:13,313 - [34mangr.project[0m - [34mAddress is already hooked, during hook(0x50002c, <SimProcedure GetTickCount>). Not re-hooking.[0m[0m
[1;33;40mWARNING - 2023-10-16 17:06:13,313 - [34mangr.project[0m - [34mAddress is already hooked, during hook(0x500040, <SimProcedure ExitProcess>). Not re-hooking.[0m[0m
[1;33;40mWARNING - 2023-10-16 17:06:13,313 - [34mangr.project[0m - [34mAddress is already hooked, during hook(0x500044, <SimProcedure GetWindowsDirectoryA>). Not re-hooking.[0m[0m
[1;33;40mWARNING - 2023-10-16 17:06:13,313 - [34mangr.project[0m - [34mAddress is already hooked, during hook(0x50004c, <SimProcedure GetCommandLineA>). Not re-hooking.[0m[0m
[1;33;40mWARNING - 2023-10-16 17:06:13,313 - [34mangr.project[0m - [34mAddress is already hooked, during hook(0x5000a0, <SimProcedure GlobalAlloc>). Not re-hooking.[0m[0m
[1;33;40mWARNING - 2023-10-16 17:06:13,314 - [34mangr.project[0m - [34mAddress is already hooked, during hook(0x5000c8, <SimProcedure WriteFile>). Not re-hooking.[0m[0m
[1;33;40mWARNING - 2023-10-16 17:06:13,314 - [34mangr.project[0m - [34mAddress is already hooked, during hook(0x5000cc, <SimProcedure ReadFile>). Not re-hooking.[0m[0m
[1;33;40mWARNING - 2023-10-16 17:06:13,314 - [34mangr.project[0m - [34mAddress is already hooked, during hook(0x5000e8, <SimProcedure GetTempPathA>). Not re-hooking.[0m[0m
[1;33;40mWARNING - 2023-10-16 17:06:13,314 - [34mangr.project[0m - [34mAddress is already hooked, during hook(0x500158, <SimProcedure MessageBoxIndirectA>). Not re-hooking.[0m[0m
[1;33;40mWARNING - 2023-10-16 17:06:13,314 - [34mangr.project[0m - [34mAddress is already hooked, during hook(0x50015c, <SimProcedure CharPrevA>). Not re-hooking.[0m[0m
[1;33;40mWARNING - 2023-10-16 17:06:13,314 - [34mangr.project[0m - [34mAddress is already hooked, during hook(0x50019c, <SimProcedure CharNextA>). Not re-hooking.[0m[0m
[1;32;40mINFO - 2023-10-16 17:06:13,314 - [36mCustomSimProcedure[0m - [36mcomctl32.dll[0m[0m
[1;32;40mINFO - 2023-10-16 17:06:13,314 - [36mCustomSimProcedure[0m - [36m17[0m[0m
[1;33;40mWARNING - 2023-10-16 17:06:13,314 - [34mangr.project[0m - [34mAddress is already hooked, during hook(0x601014, <SimProcedure KiUserExceptionDispatcher>). Not re-hooking.[0m[0m
[1;32;40mINFO - 2023-10-16 17:06:13,314 - [36mCustomSimProcedure[0m - [36mcustom_hook_windows_symbols[0m[0m
