2021-12-02 18:39:52,879 [cuckoo.core.scheduler] INFO: Task #9: acquired machine cuckoo1 (label=cuckoo1)
2021-12-02 18:39:52,879 [cuckoo.core.resultserver] DEBUG: Now tracking machine :ip: for task #9
2021-12-02 18:39:52,880 [cuckoo.core.plugins] DEBUG: Started auxiliary module: Replay
2021-12-02 18:39:52,887 [cuckoo.auxiliary.sniffer] INFO: Started sniffer with PID 17981 (interface=qemubr, host=:ip:)
2021-12-02 18:39:52,888 [cuckoo.core.plugins] DEBUG: Started auxiliary module: Sniffer
2021-12-02 18:39:52,922 [cuckoo.machinery.qemu] DEBUG: Starting vm cuckoo1
2021-12-02 18:39:52,944 [cuckoo.machinery.qemu] DEBUG: Executing QEMU ['qemu-system-x86_64', '-display', 'none', '-m', '1024M', '-hda', '/home/crochetch/Documents/PhD/VMImages/images/snapshot_cuckoo1.qcow2', '-net', 'tap,ifname=tap_cuckoo1,script=no,downscript=no', '-net', 'nic,macaddr=52:54:00:12:34:56', '-enable-kvm']
2021-12-02 18:39:52,972 [cuckoo.core.guest] INFO: Starting analysis #9 on guest (id=cuckoo1, ip=:ip:)
2021-12-02 18:39:52,974 [cuckoo.core.guest] DEBUG: cuckoo1: not ready yet
2021-12-02 18:39:53,977 [cuckoo.core.guest] DEBUG: cuckoo1: not ready yet
2021-12-02 18:39:54,980 [cuckoo.core.guest] DEBUG: cuckoo1: not ready yet
2021-12-02 18:39:55,983 [cuckoo.core.guest] DEBUG: cuckoo1: not ready yet
2021-12-02 18:39:56,986 [cuckoo.core.guest] DEBUG: cuckoo1: not ready yet
2021-12-02 18:39:57,987 [cuckoo.core.guest] DEBUG: cuckoo1: not ready yet
2021-12-02 18:39:58,992 [cuckoo.core.guest] DEBUG: cuckoo1: not ready yet
2021-12-02 18:39:59,994 [cuckoo.core.guest] DEBUG: cuckoo1: not ready yet
2021-12-02 18:40:00,997 [cuckoo.core.guest] DEBUG: cuckoo1: not ready yet
2021-12-02 18:40:01,999 [cuckoo.core.guest] DEBUG: cuckoo1: not ready yet
2021-12-02 18:40:03,002 [cuckoo.core.guest] DEBUG: cuckoo1: not ready yet
2021-12-02 18:40:04,005 [cuckoo.core.guest] DEBUG: cuckoo1: not ready yet
2021-12-02 18:40:05,007 [cuckoo.core.guest] DEBUG: cuckoo1: not ready yet
2021-12-02 18:40:06,010 [cuckoo.core.guest] DEBUG: cuckoo1: not ready yet
2021-12-02 18:40:07,013 [cuckoo.core.guest] DEBUG: cuckoo1: not ready yet
2021-12-02 18:40:08,015 [cuckoo.core.guest] DEBUG: cuckoo1: not ready yet
2021-12-02 18:40:09,018 [cuckoo.core.guest] DEBUG: cuckoo1: not ready yet
