2021-12-02 18:50:16,360 [cuckoo.core.scheduler] INFO: Task #14: acquired machine cuckoo1 (label=cuckoo1)
2021-12-02 18:50:16,361 [cuckoo.core.resultserver] DEBUG: Now tracking machine :ip: for task #14
2021-12-02 18:50:16,361 [cuckoo.core.plugins] DEBUG: Started auxiliary module: Replay
2021-12-02 18:50:16,366 [cuckoo.auxiliary.sniffer] INFO: Started sniffer with PID 21912 (interface=qemubr, host=:ip:)
2021-12-02 18:50:16,367 [cuckoo.core.plugins] DEBUG: Started auxiliary module: Sniffer
2021-12-02 18:50:16,389 [cuckoo.machinery.qemu] DEBUG: Starting vm cuckoo1
2021-12-02 18:50:16,402 [cuckoo.core.scheduler] ERROR: Error starting Virtual Machine! VM: cuckoo1, error: QEMU failed starting the machine: qemu-img: /var/lib/libvirt/images/snapshot_cuckoo1.qcow2: Could not open '/var/lib/libvirt/images/:image:.qcow2': No such file or directory
Could not open backing image to determine size.

2021-12-02 18:50:16,402 [cuckoo.core.plugins] DEBUG: Stopped auxiliary module: Replay
2021-12-02 18:50:16,422 [cuckoo.core.plugins] DEBUG: Stopped auxiliary module: Sniffer
2021-12-02 18:50:16,423 [cuckoo.machinery.qemu] DEBUG: Stopping vm cuckoo1
2021-12-02 18:50:16,429 [cuckoo.core.scheduler] WARNING: Unable to stop machine cuckoo1: Trying to stop an already stopped vm cuckoo1
2021-12-02 18:50:16,435 [cuckoo.core.resultserver] DEBUG: Stopped tracking machine :ip: for task #14
2021-12-02 18:50:16,445 [cuckoo.core.scheduler] DEBUG: Released database task #14
2021-12-02 18:50:16,462 [cuckoo.core.plugins] DEBUG: Executed processing module "AnalysisInfo" for task #14
2021-12-02 18:50:16,463 [cuckoo.processing.behavior] WARNING: Analysis results folder does not contain any behavior log files.
2021-12-02 18:50:16,463 [cuckoo.core.plugins] DEBUG: Executed processing module "BehaviorAnalysis" for task #14
2021-12-02 18:50:16,463 [cuckoo.core.plugins] DEBUG: Executed processing module "Dropped" for task #14
2021-12-02 18:50:16,464 [cuckoo.core.plugins] DEBUG: Executed processing module "DroppedBuffer" for task #14
2021-12-02 18:50:16,464 [cuckoo.core.plugins] DEBUG: Executed processing module "MetaInfo" for task #14
2021-12-02 18:50:16,464 [cuckoo.core.plugins] DEBUG: Executed processing module "ProcessMemory" for task #14
2021-12-02 18:50:16,465 [cuckoo.core.plugins] DEBUG: Executed processing module "Procmon" for task #14
2021-12-02 18:50:16,465 [cuckoo.core.plugins] DEBUG: Executed processing module "Screenshots" for task #14
2021-12-02 18:50:16,669 [cuckoo.core.plugins] DEBUG: Executed processing module "Static" for task #14
2021-12-02 18:50:16,690 [cuckoo.core.plugins] DEBUG: Executed processing module "Strings" for task #14
2021-12-02 18:50:16,703 [cuckoo.core.plugins] DEBUG: Executed processing module "TargetInfo" for task #14
2021-12-02 18:50:16,703 [cuckoo.processing.network] WARNING: The PCAP file does not exist at path "/home/crochetch/Documents/toolchain_malware_analysis/src/sandboxes/.cuckoo/storage/analyses/14/dump.pcap".
2021-12-02 18:50:16,703 [cuckoo.core.plugins] DEBUG: Executed processing module "NetworkAnalysis" for task #14
2021-12-02 18:50:16,704 [cuckoo.core.plugins] DEBUG: Executed processing module "Extracted" for task #14
2021-12-02 18:50:16,704 [cuckoo.core.plugins] DEBUG: Executed processing module "TLSMasterSecrets" for task #14
2021-12-02 18:50:16,704 [cuckoo.processing.debug] ERROR: Error processing task #14: it appears that the Virtual Machine hasn't been able to contact back to the Cuckoo Host. There could be a few reasons for this, please refer to our documentation on the matter: https://cuckoo.sh/docs/faq/index.html#troubleshooting-vm-network-configuration
2021-12-02 18:50:16,712 [cuckoo.core.plugins] DEBUG: Executed processing module "Debug" for task #14
2021-12-02 18:50:16,713 [cuckoo.core.plugins] DEBUG: Running 0 signatures
2021-12-02 18:50:16,716 [cuckoo.core.plugins] DEBUG: Executed reporting module "JsonDump"
2021-12-02 18:50:16,741 [cuckoo.core.plugins] DEBUG: Executed reporting module "SingleFile"
2021-12-02 18:50:16,748 [cuckoo.core.plugins] DEBUG: Executed reporting module "MongoDB"
2021-12-02 18:50:16,748 [cuckoo.core.scheduler] INFO: Task #14: reports generation completed
2021-12-02 18:50:16,753 [cuckoo.core.scheduler] INFO: Task #14: analysis procedure completed
