[1;33;40mWARNING - 2023-01-04 10:24:39,147 - [34mangr.project[0m - [34mDisabling IRSB translation cache because support for self-modifying code is enabled.[0m[0m
[1;32;40mINFO - 2023-01-04 10:24:39,356 - [33mwerkzeug[0m - [33m172.17.0.1 - - [04/Jan/2023 10:24:39] "GET /iteration-scdg HTTP/1.1" 200 -[0m[0m
[1;32;40mINFO - 2023-01-04 10:24:39,357 - [33mwerkzeug[0m - [33m172.17.0.1 - - [04/Jan/2023 10:24:39] "GET /progress-scdg HTTP/1.1" 200 -[0m[0m
[1;32;40mINFO - 2023-01-04 10:24:41,730 - [33mwerkzeug[0m - [33m172.17.0.1 - - [04/Jan/2023 10:24:41] "GET /iteration-scdg HTTP/1.1" 200 -[0m[0m
[1;32;40mINFO - 2023-01-04 10:24:41,731 - [33mwerkzeug[0m - [33m172.17.0.1 - - [04/Jan/2023 10:24:41] "GET /progress-scdg HTTP/1.1" 200 -[0m[0m
[1;32;40mINFO - 2023-01-04 10:24:42,646 - [36mCustomSimProcedure[0m - {'ReleaseMutex': 5242880, 'Sleep': 5242884, 'lstrcpyA': 5242888, 'CreateProcessA': 5242892, 'TerminateProcess': 5242896, 'ExitThread': 5242900, 'GetStartupInfoA': 5242904, 'GetModuleHandleA': 5242908, 'WaitForSingleObject': 5242912, 'GetModuleFileNameA': 5242916, 'CreateFileA': 5242920, 'SetFilePointer': 5242924, 'WriteFile': 5242928, 'lstrcpynA': 5242932, 'lstrlenA': 5242936, 'OpenMutexA': 5242940, 'GetComputerNameA': 5242944, 'ExitProcess': 5242948, 'GetCurrentProcess': 5242952, 'GetCurrentThread': 5242956, 'CloseHandle': 5242960, 'CreateThread': 5242964, 'LoadLibraryA': 5242968, 'GetProcAddress': 5242972, 'GetSystemDefaultUILanguage': 5242976, 'GetTickCount': 5242980, 'GetAdaptersInfo': 5242984, 'GetIfTable': 5242988, "ordinal.823.b'mfc42.dll'": 5242992, "ordinal.825.b'mfc42.dll'": 5242996, '_controlfp': 5243000, '__set_app_type': 5243004, '__p__fmode': 5243008, '__p__commode': 5243012, '_adjust_fdiv': 5243016, '__setusermatherr': 5243020, '_initterm': 5243024, '__getmainargs': 5243028, '_acmdln': 5243032, 'exit': 5243036, '_XcptFilter': 5243040, '_exit': 5243044, '_except_handler3': 5243048, 'strstr': 5243052, 'strcspn': 5243056, 'strncpy': 5243060, 'atoi': 5243064, 'time': 5243068, 'srand': 5243072, 'rand': 5243076, 'realloc': 5243080, 'free': 5243084, 'malloc': 5243088, 'sprintf': 5243092, 'ShellExecuteA': 5243096, 'ShellExecuteExA': 5243100, 'SHChangeNotify': 5243104, 'SHDeleteKeyA': 5243108, 'wsprintfA': 5243112, 'setsockopt': 5243116, 'recv': 5243120, '__WSAFDIsSet': 5243124, 'select': 5243128, 'send': 5243132, 'WSAIoctl': 5243136, 'WSAStartup': 5243140, 'htons': 5243144, 'inet_ntoa': 5243148, 'htonl': 5243152, 'socket': 5243156, 'connect': 5243160, 'closesocket': 5243164, 'inet_addr': 5243168, 'sendto': 5243172, 'WSACleanup': 5243176, 'KiUserExceptionDispatcher': 6295572, '_fmode': 6295576, '_commode': 6295580, '_wcmdln': 6295584}[0m
[1;33;40mWARNING - 2023-01-04 10:24:42,650 - [34mangr.project[0m - [34mAddress is already hooked, during hook(0x5000fc, <SimProcedure send>). Not re-hooking.[0m[0m
[1;33;40mWARNING - 2023-01-04 10:24:42,650 - [34mangr.project[0m - [34mAddress is already hooked, during hook(0x500120, <SimProcedure inet_addr>). Not re-hooking.[0m[0m
[1;33;40mWARNING - 2023-01-04 10:24:42,650 - [34mangr.project[0m - [34mAddress is already hooked, during hook(0x5000f4, <SimProcedure __WSAFDIsSet>). Not re-hooking.[0m[0m
[1;33;40mWARNING - 2023-01-04 10:24:42,650 - [34mangr.project[0m - [34mAddress is already hooked, during hook(0x5000ec, <SimProcedure setsockopt>). Not re-hooking.[0m[0m
[1;33;40mWARNING - 2023-01-04 10:24:42,650 - [34mangr.project[0m - [34mAddress is already hooked, during hook(0x500104, <SimProcedure WSAStartup>). Not re-hooking.[0m[0m
[1;33;40mWARNING - 2023-01-04 10:24:42,650 - [34mangr.project[0m - [34mAddress is already hooked, during hook(0x50011c, <SimProcedure closesocket>). Not re-hooking.[0m[0m
[1;33;40mWARNING - 2023-01-04 10:24:42,651 - [34mangr.project[0m - [34mAddress is already hooked, during hook(0x500110, <SimProcedure htonl>). Not re-hooking.[0m[0m
[1;33;40mWARNING - 2023-01-04 10:24:42,651 - [34mangr.project[0m - [34mAddress is already hooked, during hook(0x500108, <SimProcedure htons>). Not re-hooking.[0m[0m
[1;33;40mWARNING - 2023-01-04 10:24:42,651 - [34mangr.project[0m - [34mAddress is already hooked, during hook(0x500128, <SimProcedure WSACleanup>). Not re-hooking.[0m[0m
[1;32;40mINFO - 2023-01-04 10:24:42,653 - [36mCustomSimProcedure[0m - [36mWas in angr :kernel32.dll[0m[0m
[1;33;40mWARNING - 2023-01-04 10:24:42,754 - [34mangr.project[0m - [34mAddress is already hooked, during hook(0x5000e4, <SimProcedure SHDeleteKeyA>). Not re-hooking.[0m[0m
[1;32;40mINFO - 2023-01-04 10:24:42,774 - [36mCustomSimProcedure[0m - [36mWas in angr :user32.dll[0m[0m
[1;33;40mWARNING - 2023-01-04 10:24:42,777 - [36mCustomSimProcedure[0m - [36mProcedure wsprintfA in DLL user32.dll has 3 arguments in json and 2 arguments in angr prototype. Taking number of arguments from json.[0m[0m
[1;33;40mWARNING - 2023-01-04 10:24:42,778 - [36mCustomSimProcedure[0m - [36mProcedure wsprintfW in DLL user32.dll has 3 arguments in json and 2 arguments in angr prototype. Taking number of arguments from json.[0m[0m
[1;33;40mWARNING - 2023-01-04 10:24:42,836 - [34mangr.project[0m - [34mAddress is already hooked, during hook(0x5000dc, <SimProcedure ShellExecuteExA>). Not re-hooking.[0m[0m
[1;33;40mWARNING - 2023-01-04 10:24:42,836 - [34mangr.project[0m - [34mAddress is already hooked, during hook(0x5000d8, <SimProcedure ShellExecuteA>). Not re-hooking.[0m[0m
[1;33;40mWARNING - 2023-01-04 10:24:42,837 - [34mangr.project[0m - [34mAddress is already hooked, during hook(0x5000e0, <SimProcedure SHChangeNotify>). Not re-hooking.[0m[0m
[1;32;40mINFO - 2023-01-04 10:24:42,841 - [36mCustomSimProcedure[0m - [36mWas in angr :msvcrt.dll[0m[0m
[1;33;40mWARNING - 2023-01-04 10:24:42,883 - [34mangr.project[0m - [34mAddress is already hooked, during hook(0x5000bc, <SimProcedure time>). Not re-hooking.[0m[0m
[1;33;40mWARNING - 2023-01-04 10:24:42,883 - [34mangr.project[0m - [34mAddress is already hooked, during hook(0x601014, <SimProcedure KiUserExceptionDispatcher>). Not re-hooking.[0m[0m
[1;32;40mINFO - 2023-01-04 10:24:42,883 - [36mCustomSimProcedure[0m - [36mNo hooks for: {'GetIfTable': 5242988, "ordinal.823.b'mfc42.dll'": 5242992, "ordinal.825.b'mfc42.dll'": 5242996, '_controlfp': 5243000, '__set_app_type': 5243004, '_adjust_fdiv': 5243016, '__setusermatherr': 5243020, '_initterm': 5243024, '__getmainargs': 5243028, '_acmdln': 5243032, '_XcptFilter': 5243040, '_except_handler3': 5243048, 'WSAIoctl': 5243136, '_fmode': 6295576, '_commode': 6295580, '_wcmdln': 6295584}[0m[0m
[1;32;40mINFO - 2023-01-04 10:24:42,883 - [36mCustomSimProcedure[0m - [36mcustom_hook_static[0m[0m
[1;33;40mWARNING - 2023-01-04 10:24:42,884 - [34mangr.project[0m - [34mAddress 0x400000 not hooked[0m[0m
[1;33;40mWARNING - 2023-01-04 10:24:42,884 - [34mangr.project[0m - [34mAddress is already hooked, during hook(0x400000, <SimProcedure WriteFile>). Not re-hooking.[0m[0m
[1;33;40mWARNING - 2023-01-04 10:24:42,884 - [34mangr.project[0m - [34mAddress is already hooked, during hook(0x400000, <SimProcedure ExitProcess>). Not re-hooking.[0m[0m
[1;33;40mWARNING - 2023-01-04 10:24:42,884 - [34mangr.project[0m - [34mAddress is already hooked, during hook(0x400000, <SimProcedure GetTickCount>). Not re-hooking.[0m[0m
[1;32;40mINFO - 2023-01-04 10:24:42,884 - [36mCustomSimProcedure[0m - [36mmfc42.dll[0m[0m
[1;32;40mINFO - 2023-01-04 10:24:42,884 - [36mCustomSimProcedure[0m - [36m823[0m[0m
[1;32;40mINFO - 2023-01-04 10:24:42,885 - [36mCustomSimProcedure[0m - [36mmfc42.dll[0m[0m
[1;32;40mINFO - 2023-01-04 10:24:42,885 - [36mCustomSimProcedure[0m - [36m825[0m[0m
[1;33;40mWARNING - 2023-01-04 10:24:42,885 - [34mangr.project[0m - [34mAddress is already hooked, during hook(0x400000, <SimProcedure __p__fmode>). Not re-hooking.[0m[0m
[1;33;40mWARNING - 2023-01-04 10:24:42,885 - [34mangr.project[0m - [34mAddress is already hooked, during hook(0x400000, <SimProcedure __p__commode>). Not re-hooking.[0m[0m
[1;33;40mWARNING - 2023-01-04 10:24:42,885 - [34mangr.project[0m - [34mAddress is already hooked, during hook(0x400000, <SimProcedure _initterm>). Not re-hooking.[0m[0m
[1;33;40mWARNING - 2023-01-04 10:24:42,885 - [34mangr.project[0m - [34mAddress is already hooked, during hook(0x400000, <SimProcedure __getmainargs>). Not re-hooking.[0m[0m
[1;33;40mWARNING - 2023-01-04 10:24:42,885 - [34mangr.project[0m - [34mAddress is already hooked, during hook(0x400000, <SimProcedure exit>). Not re-hooking.[0m[0m
[1;33;40mWARNING - 2023-01-04 10:24:42,885 - [34mangr.project[0m - [34mAddress is already hooked, during hook(0x400000, <SimProcedure strstr>). Not re-hooking.[0m[0m
[1;33;40mWARNING - 2023-01-04 10:24:42,885 - [34mangr.project[0m - [34mAddress is already hooked, during hook(0x400000, <SimProcedure strncpy>). Not re-hooking.[0m[0m
[1;33;40mWARNING - 2023-01-04 10:24:42,886 - [34mangr.project[0m - [34mAddress is already hooked, during hook(0x400000, <SimProcedure atoi>). Not re-hooking.[0m[0m
[1;33;40mWARNING - 2023-01-04 10:24:42,886 - [34mangr.project[0m - [34mAddress is already hooked, during hook(0x400000, <SimProcedure time>). Not re-hooking.[0m[0m
[1;33;40mWARNING - 2023-01-04 10:24:42,886 - [34mangr.project[0m - [34mAddress is already hooked, during hook(0x400000, <SimProcedure srand>). Not re-hooking.[0m[0m
[1;33;40mWARNING - 2023-01-04 10:24:42,886 - [34mangr.project[0m - [34mAddress is already hooked, during hook(0x400000, <SimProcedure rand>). Not re-hooking.[0m[0m
[1;33;40mWARNING - 2023-01-04 10:24:42,886 - [34mangr.project[0m - [34mAddress is already hooked, during hook(0x400000, <SimProcedure realloc>). Not re-hooking.[0m[0m
[1;33;40mWARNING - 2023-01-04 10:24:42,886 - [34mangr.project[0m - [34mAddress is already hooked, during hook(0x400000, <SimProcedure free>). Not re-hooking.[0m[0m
[1;33;40mWARNING - 2023-01-04 10:24:42,886 - [34mangr.project[0m - [34mAddress is already hooked, during hook(0x400000, <SimProcedure malloc>). Not re-hooking.[0m[0m
[1;33;40mWARNING - 2023-01-04 10:24:42,886 - [34mangr.project[0m - [34mAddress is already hooked, during hook(0x400000, <SimProcedure sprintf>). Not re-hooking.[0m[0m
[1;33;40mWARNING - 2023-01-04 10:24:42,886 - [34mangr.project[0m - [34mAddress is already hooked, during hook(0x400000, <SimProcedure setsockopt>). Not re-hooking.[0m[0m
[1;33;40mWARNING - 2023-01-04 10:24:42,887 - [34mangr.project[0m - [34mAddress is already hooked, during hook(0x400000, <SimProcedure recv>). Not re-hooking.[0m[0m
[1;33;40mWARNING - 2023-01-04 10:24:42,887 - [34mangr.project[0m - [34mAddress is already hooked, during hook(0x400000, <SimProcedure select>). Not re-hooking.[0m[0m
[1;33;40mWARNING - 2023-01-04 10:24:42,887 - [34mangr.project[0m - [34mAddress is already hooked, during hook(0x400000, <SimProcedure send>). Not re-hooking.[0m[0m
[1;33;40mWARNING - 2023-01-04 10:24:42,887 - [34mangr.project[0m - [34mAddress is already hooked, during hook(0x400000, <SimProcedure htons>). Not re-hooking.[0m[0m
[1;33;40mWARNING - 2023-01-04 10:24:42,887 - [34mangr.project[0m - [34mAddress is already hooked, during hook(0x400000, <SimProcedure inet_ntoa>). Not re-hooking.[0m[0m
[1;33;40mWARNING - 2023-01-04 10:24:42,887 - [34mangr.project[0m - [34mAddress is already hooked, during hook(0x400000, <SimProcedure htonl>). Not re-hooking.[0m[0m
[1;33;40mWARNING - 2023-01-04 10:24:42,887 - [34mangr.project[0m - [34mAddress is already hooked, during hook(0x400000, <SimProcedure socket>). Not re-hooking.[0m[0m
[1;33;40mWARNING - 2023-01-04 10:24:42,888 - [34mangr.project[0m - [34mAddress is already hooked, during hook(0x500030, <SimProcedure WriteFile>). Not re-hooking.[0m[0m
[1;33;40mWARNING - 2023-01-04 10:24:42,888 - [34mangr.project[0m - [34mAddress is already hooked, during hook(0x500044, <SimProcedure ExitProcess>). Not re-hooking.[0m[0m
[1;33;40mWARNING - 2023-01-04 10:24:42,888 - [34mangr.project[0m - [34mAddress is already hooked, during hook(0x500064, <SimProcedure GetTickCount>). Not re-hooking.[0m[0m
[1;32;40mINFO - 2023-01-04 10:24:42,888 - [36mCustomSimProcedure[0m - [36mmfc42.dll[0m[0m
[1;32;40mINFO - 2023-01-04 10:24:42,888 - [36mCustomSimProcedure[0m - [36m823[0m[0m
[1;32;40mINFO - 2023-01-04 10:24:42,888 - [36mCustomSimProcedure[0m - [36mmfc42.dll[0m[0m
[1;32;40mINFO - 2023-01-04 10:24:42,888 - [36mCustomSimProcedure[0m - [36m825[0m[0m
[1;33;40mWARNING - 2023-01-04 10:24:42,888 - [34mangr.project[0m - [34mAddress is already hooked, during hook(0x500080, <SimProcedure __p__fmode>). Not re-hooking.[0m[0m
[1;33;40mWARNING - 2023-01-04 10:24:42,888 - [34mangr.project[0m - [34mAddress is already hooked, during hook(0x500084, <SimProcedure __p__commode>). Not re-hooking.[0m[0m
[1;33;40mWARNING - 2023-01-04 10:24:42,889 - [34mangr.project[0m - [34mAddress is already hooked, during hook(0x500090, <SimProcedure _initterm>). Not re-hooking.[0m[0m
[1;33;40mWARNING - 2023-01-04 10:24:42,889 - [34mangr.project[0m - [34mAddress is already hooked, during hook(0x500094, <SimProcedure __getmainargs>). Not re-hooking.[0m[0m
[1;33;40mWARNING - 2023-01-04 10:24:42,889 - [34mangr.project[0m - [34mAddress is already hooked, during hook(0x50009c, <SimProcedure exit>). Not re-hooking.[0m[0m
[1;33;40mWARNING - 2023-01-04 10:24:42,889 - [34mangr.project[0m - [34mAddress is already hooked, during hook(0x5000ac, <SimProcedure strstr>). Not re-hooking.[0m[0m
[1;33;40mWARNING - 2023-01-04 10:24:42,889 - [34mangr.project[0m - [34mAddress is already hooked, during hook(0x5000b4, <SimProcedure strncpy>). Not re-hooking.[0m[0m
[1;33;40mWARNING - 2023-01-04 10:24:42,889 - [34mangr.project[0m - [34mAddress is already hooked, during hook(0x5000b8, <SimProcedure atoi>). Not re-hooking.[0m[0m
[1;33;40mWARNING - 2023-01-04 10:24:42,889 - [34mangr.project[0m - [34mAddress is already hooked, during hook(0x5000bc, <SimProcedure time>). Not re-hooking.[0m[0m
[1;33;40mWARNING - 2023-01-04 10:24:42,890 - [34mangr.project[0m - [34mAddress is already hooked, during hook(0x5000c0, <SimProcedure srand>). Not re-hooking.[0m[0m
[1;33;40mWARNING - 2023-01-04 10:24:42,890 - [34mangr.project[0m - [34mAddress is already hooked, during hook(0x5000c4, <SimProcedure rand>). Not re-hooking.[0m[0m
[1;33;40mWARNING - 2023-01-04 10:24:42,890 - [34mangr.project[0m - [34mAddress is already hooked, during hook(0x5000c8, <SimProcedure realloc>). Not re-hooking.[0m[0m
[1;33;40mWARNING - 2023-01-04 10:24:42,890 - [34mangr.project[0m - [34mAddress is already hooked, during hook(0x5000cc, <SimProcedure free>). Not re-hooking.[0m[0m
[1;33;40mWARNING - 2023-01-04 10:24:42,890 - [34mangr.project[0m - [34mAddress is already hooked, during hook(0x5000d0, <SimProcedure malloc>). Not re-hooking.[0m[0m
[1;33;40mWARNING - 2023-01-04 10:24:42,890 - [34mangr.project[0m - [34mAddress is already hooked, during hook(0x5000d4, <SimProcedure sprintf>). Not re-hooking.[0m[0m
[1;33;40mWARNING - 2023-01-04 10:24:42,890 - [34mangr.project[0m - [34mAddress is already hooked, during hook(0x5000ec, <SimProcedure setsockopt>). Not re-hooking.[0m[0m
[1;33;40mWARNING - 2023-01-04 10:24:42,890 - [34mangr.project[0m - [34mAddress is already hooked, during hook(0x5000f0, <SimProcedure recv>). Not re-hooking.[0m[0m
[1;33;40mWARNING - 2023-01-04 10:24:42,890 - [34mangr.project[0m - [34mAddress is already hooked, during hook(0x5000f8, <SimProcedure select>). Not re-hooking.[0m[0m
[1;33;40mWARNING - 2023-01-04 10:24:42,891 - [34mangr.project[0m - [34mAddress is already hooked, during hook(0x5000fc, <SimProcedure send>). Not re-hooking.[0m[0m
[1;33;40mWARNING - 2023-01-04 10:24:42,891 - [34mangr.project[0m - [34mAddress is already hooked, during hook(0x500108, <SimProcedure htons>). Not re-hooking.[0m[0m
[1;33;40mWARNING - 2023-01-04 10:24:42,891 - [34mangr.project[0m - [34mAddress is already hooked, during hook(0x50010c, <SimProcedure inet_ntoa>). Not re-hooking.[0m[0m
[1;33;40mWARNING - 2023-01-04 10:24:42,891 - [34mangr.project[0m - [34mAddress is already hooked, during hook(0x500110, <SimProcedure htonl>). Not re-hooking.[0m[0m
[1;33;40mWARNING - 2023-01-04 10:24:42,891 - [34mangr.project[0m - [34mAddress is already hooked, during hook(0x500114, <SimProcedure socket>). Not re-hooking.[0m[0m
[1;33;40mWARNING - 2023-01-04 10:24:42,891 - [34mangr.project[0m - [34mAddress is already hooked, during hook(0x601014, <SimProcedure KiUserExceptionDispatcher>). Not re-hooking.[0m[0m
[1;32;40mINFO - 2023-01-04 10:24:42,891 - [36mCustomSimProcedure[0m - [36mcustom_hook_windows_symbols[0m[0m
[1;32;40mINFO - 2023-01-04 10:24:43,164 - [33mwerkzeug[0m - [33m172.17.0.1 - - [04/Jan/2023 10:24:43] "GET /iteration-scdg HTTP/1.1" 200 -[0m[0m
[1;32;40mINFO - 2023-01-04 10:24:43,181 - [33mwerkzeug[0m - [33m172.17.0.1 - - [04/Jan/2023 10:24:43] "GET /progress-scdg HTTP/1.1" 200 -[0m[0m
[1;32;40mINFO - 2023-01-04 10:24:44,377 - [33mwerkzeug[0m - [33m172.17.0.1 - - [04/Jan/2023 10:24:44] "GET /iteration-scdg HTTP/1.1" 200 -[0m[0m
[1;32;40mINFO - 2023-01-04 10:24:44,404 - [33mwerkzeug[0m - [33m172.17.0.1 - - [04/Jan/2023 10:24:44] "GET /progress-scdg HTTP/1.1" 200 -[0m[0m
[1;33;40mWARNING - 2023-01-04 10:24:45,612 - [34mangr.project[0m - [34mAddress is already hooked, during hook(0x500000, <SimProcedure ReleaseMutex>). Re-hooking.[0m[0m
[1;33;40mWARNING - 2023-01-04 10:24:45,613 - [34mangr.project[0m - [34mAddress is already hooked, during hook(0x500000, <SimProcedure ReleaseMutex>). Re-hooking.[0m[0m
[1;33;40mWARNING - 2023-01-04 10:24:45,632 - [34mangr.project[0m - [34mAddress is already hooked, during hook(0x500020, <SimProcedure WaitForSingleObject>). Re-hooking.[0m[0m
[1;33;40mWARNING - 2023-01-04 10:24:45,633 - [34mangr.project[0m - [34mAddress is already hooked, during hook(0x500020, <SimProcedure WaitForSingleObject>). Re-hooking.[0m[0m
[1;33;40mWARNING - 2023-01-04 10:24:45,711 - [34mangr.project[0m - [34mAddress is already hooked, during hook(0x500050, <SimProcedure CloseHandle>). Re-hooking.[0m[0m
[1;33;40mWARNING - 2023-01-04 10:24:45,712 - [34mangr.project[0m - [34mAddress is already hooked, during hook(0x500050, <SimProcedure CloseHandle>). Re-hooking.[0m[0m
[1;33;40mWARNING - 2023-01-04 10:24:45,895 - [34mangr.project[0m - [34mAddress is already hooked, during hook(0x50000c, <SimProcedure CreateProcessA>). Re-hooking.[0m[0m
[1;33;40mWARNING - 2023-01-04 10:24:45,897 - [34mangr.project[0m - [34mAddress is already hooked, during hook(0x50000c, <SimProcedure CreateProcessA>). Re-hooking.[0m[0m
[1;33;40mWARNING - 2023-01-04 10:24:46,170 - [34mangr.project[0m - [34mAddress is already hooked, during hook(0x500014, <SimProcedure ExitThread>). Re-hooking.[0m[0m
[1;33;40mWARNING - 2023-01-04 10:24:46,172 - [34mangr.project[0m - [34mAddress is already hooked, during hook(0x500014, <SimProcedure ExitThread>). Re-hooking.[0m[0m
[1;32;40mINFO - 2023-01-04 10:24:46,385 - [33mwerkzeug[0m - [33m172.17.0.1 - - [04/Jan/2023 10:24:46] "GET /iteration-scdg HTTP/1.1" 200 -[0m[0m
[1;32;40mINFO - 2023-01-04 10:24:46,397 - [33mwerkzeug[0m - [33m172.17.0.1 - - [04/Jan/2023 10:24:46] "GET /progress-scdg HTTP/1.1" 200 -[0m[0m
[1;33;40mWARNING - 2023-01-04 10:24:46,560 - [34mangr.project[0m - [34mAddress is already hooked, during hook(0x50004c, <SimProcedure GetCurrentThread>). Re-hooking.[0m[0m
[1;33;40mWARNING - 2023-01-04 10:24:46,562 - [34mangr.project[0m - [34mAddress is already hooked, during hook(0x50004c, <SimProcedure GetCurrentThread>). Re-hooking.[0m[0m
[1;33;40mWARNING - 2023-01-04 10:24:46,933 - [34mangr.project[0m - [34mAddress is already hooked, during hook(0x500018, <SimProcedure GetStartupInfoA>). Re-hooking.[0m[0m
[1;33;40mWARNING - 2023-01-04 10:24:46,935 - [34mangr.project[0m - [34mAddress is already hooked, during hook(0x500018, <SimProcedure GetStartupInfoA>). Re-hooking.[0m[0m
[1;33;40mWARNING - 2023-01-04 10:24:47,438 - [34mangr.project[0m - [34mAddress is already hooked, during hook(0x50003c, <SimProcedure OpenMutexA>). Re-hooking.[0m[0m
[1;33;40mWARNING - 2023-01-04 10:24:47,439 - [34mangr.project[0m - [34mAddress is already hooked, during hook(0x50003c, <SimProcedure OpenMutexA>). Re-hooking.[0m[0m
[1;33;40mWARNING - 2023-01-04 10:24:47,838 - [34mangr.project[0m - [34mAddress is already hooked, during hook(0x50002c, <SimProcedure SetFilePointer>). Re-hooking.[0m[0m
[1;33;40mWARNING - 2023-01-04 10:24:47,839 - [34mangr.project[0m - [34mAddress is already hooked, during hook(0x50002c, <SimProcedure SetFilePointer>). Re-hooking.[0m[0m
[1;33;40mWARNING - 2023-01-04 10:24:47,962 - [34mangr.project[0m - [34mAddress is already hooked, during hook(0x500004, <SimProcedure Sleep>). Re-hooking.[0m[0m
[1;33;40mWARNING - 2023-01-04 10:24:47,963 - [34mangr.project[0m - [34mAddress is already hooked, during hook(0x500004, <SimProcedure Sleep>). Re-hooking.[0m[0m
[1;33;40mWARNING - 2023-01-04 10:24:48,070 - [34mangr.project[0m - [34mAddress is already hooked, during hook(0x500020, <SimProcedure WaitForSingleObject>). Re-hooking.[0m[0m
[1;33;40mWARNING - 2023-01-04 10:24:48,071 - [34mangr.project[0m - [34mAddress is already hooked, during hook(0x500020, <SimProcedure WaitForSingleObject>). Re-hooking.[0m[0m
[1;32;40mINFO - 2023-01-04 10:24:48,163 - [33mwerkzeug[0m - [33m172.17.0.1 - - [04/Jan/2023 10:24:48] "GET /iteration-scdg HTTP/1.1" 200 -[0m[0m
[1;32;40mINFO - 2023-01-04 10:24:48,175 - [33mwerkzeug[0m - [33m172.17.0.1 - - [04/Jan/2023 10:24:48] "GET /progress-scdg HTTP/1.1" 200 -[0m[0m
[1;33;40mWARNING - 2023-01-04 10:24:48,204 - [34mangr.project[0m - [34mAddress is already hooked, during hook(0x500038, <SimProcedure lstrlenA>). Re-hooking.[0m[0m
[1;33;40mWARNING - 2023-01-04 10:24:48,205 - [34mangr.project[0m - [34mAddress is already hooked, during hook(0x500038, <SimProcedure lstrlenA>). Re-hooking.[0m[0m
[1;33;40mWARNING - 2023-01-04 10:24:48,294 - [34mangr.project[0m - [34mAddress is already hooked, during hook(0x500014, <SimProcedure ExitThread>). Re-hooking.[0m[0m
[1;33;40mWARNING - 2023-01-04 10:24:48,295 - [34mangr.project[0m - [34mAddress is already hooked, during hook(0x500014, <SimProcedure ExitThread>). Re-hooking.[0m[0m
[1;33;40mWARNING - 2023-01-04 10:24:48,535 - [34mangr.project[0m - [34mAddress is already hooked, during hook(0x50000c, <SimProcedure CreateProcessA>). Re-hooking.[0m[0m
[1;33;40mWARNING - 2023-01-04 10:24:48,536 - [34mangr.project[0m - [34mAddress is already hooked, during hook(0x50000c, <SimProcedure CreateProcessA>). Re-hooking.[0m[0m
[1;33;40mWARNING - 2023-01-04 10:24:48,682 - [34mangr.project[0m - [34mAddress is already hooked, during hook(0x50002c, <SimProcedure SetFilePointer>). Re-hooking.[0m[0m
[1;33;40mWARNING - 2023-01-04 10:24:48,684 - [34mangr.project[0m - [34mAddress is already hooked, during hook(0x50002c, <SimProcedure SetFilePointer>). Re-hooking.[0m[0m
[1;33;40mWARNING - 2023-01-04 10:24:48,740 - [34mangr.project[0m - [34mAddress is already hooked, during hook(0x500048, <SimProcedure GetCurrentProcess>). Re-hooking.[0m[0m
[1;33;40mWARNING - 2023-01-04 10:24:48,742 - [34mangr.project[0m - [34mAddress is already hooked, during hook(0x500048, <SimProcedure GetCurrentProcess>). Re-hooking.[0m[0m
[1;33;40mWARNING - 2023-01-04 10:24:49,115 - [34mangr.project[0m - [34mAddress is already hooked, during hook(0x500060, <SimProcedure GetSystemDefaultUILanguage>). Re-hooking.[0m[0m
[1;33;40mWARNING - 2023-01-04 10:24:49,116 - [34mangr.project[0m - [34mAddress is already hooked, during hook(0x500060, <SimProcedure GetSystemDefaultUILanguage>). Re-hooking.[0m[0m
[1;33;40mWARNING - 2023-01-04 10:24:49,178 - [34mangr.project[0m - [34mAddress is already hooked, during hook(0x50004c, <SimProcedure GetCurrentThread>). Re-hooking.[0m[0m
[1;33;40mWARNING - 2023-01-04 10:24:49,179 - [34mangr.project[0m - [34mAddress is already hooked, during hook(0x50004c, <SimProcedure GetCurrentThread>). Re-hooking.[0m[0m
[1;33;40mWARNING - 2023-01-04 10:24:49,212 - [34mangr.project[0m - [34mAddress is already hooked, during hook(0x500048, <SimProcedure GetCurrentProcess>). Re-hooking.[0m[0m
[1;33;40mWARNING - 2023-01-04 10:24:49,213 - [34mangr.project[0m - [34mAddress is already hooked, during hook(0x500048, <SimProcedure GetCurrentProcess>). Re-hooking.[0m[0m
[1;33;40mWARNING - 2023-01-04 10:24:49,337 - [34mangr.project[0m - [34mAddress is already hooked, during hook(0x500038, <SimProcedure lstrlenA>). Re-hooking.[0m[0m
[1;33;40mWARNING - 2023-01-04 10:24:49,339 - [34mangr.project[0m - [34mAddress is already hooked, during hook(0x500038, <SimProcedure lstrlenA>). Re-hooking.[0m[0m
[1;32;40mINFO - 2023-01-04 10:24:49,384 - [33mwerkzeug[0m - [33m172.17.0.1 - - [04/Jan/2023 10:24:49] "GET /iteration-scdg HTTP/1.1" 200 -[0m[0m
[1;32;40mINFO - 2023-01-04 10:24:49,390 - [33mwerkzeug[0m - [33m172.17.0.1 - - [04/Jan/2023 10:24:49] "GET /progress-scdg HTTP/1.1" 200 -[0m[0m
[1;33;40mWARNING - 2023-01-04 10:24:49,538 - [34mangr.project[0m - [34mAddress is already hooked, during hook(0x50003c, <SimProcedure OpenMutexA>). Re-hooking.[0m[0m
[1;33;40mWARNING - 2023-01-04 10:24:49,540 - [34mangr.project[0m - [34mAddress is already hooked, during hook(0x50003c, <SimProcedure OpenMutexA>). Re-hooking.[0m[0m
[1;33;40mWARNING - 2023-01-04 10:24:49,628 - [34mangr.project[0m - [34mAddress is already hooked, during hook(0x500060, <SimProcedure GetSystemDefaultUILanguage>). Re-hooking.[0m[0m
[1;33;40mWARNING - 2023-01-04 10:24:49,629 - [34mangr.project[0m - [34mAddress is already hooked, during hook(0x500060, <SimProcedure GetSystemDefaultUILanguage>). Re-hooking.[0m[0m
[1;33;40mWARNING - 2023-01-04 10:24:49,727 - [34mangr.project[0m - [34mAddress is already hooked, during hook(0x500050, <SimProcedure CloseHandle>). Re-hooking.[0m[0m
[1;33;40mWARNING - 2023-01-04 10:24:49,729 - [34mangr.project[0m - [34mAddress is already hooked, during hook(0x500050, <SimProcedure CloseHandle>). Re-hooking.[0m[0m
[1;33;40mWARNING - 2023-01-04 10:24:50,117 - [34mangr.project[0m - [34mAddress is already hooked, during hook(0x500000, <SimProcedure ReleaseMutex>). Re-hooking.[0m[0m
[1;33;40mWARNING - 2023-01-04 10:24:50,118 - [34mangr.project[0m - [34mAddress is already hooked, during hook(0x500000, <SimProcedure ReleaseMutex>). Re-hooking.[0m[0m
[1;33;40mWARNING - 2023-01-04 10:24:50,251 - [34mangr.project[0m - [34mAddress is already hooked, during hook(0x500018, <SimProcedure GetStartupInfoA>). Re-hooking.[0m[0m
[1;33;40mWARNING - 2023-01-04 10:24:50,252 - [34mangr.project[0m - [34mAddress is already hooked, during hook(0x500018, <SimProcedure GetStartupInfoA>). Re-hooking.[0m[0m
[1;33;40mWARNING - 2023-01-04 10:24:50,519 - [34mangr.project[0m - [34mAddress is already hooked, during hook(0x500004, <SimProcedure Sleep>). Re-hooking.[0m[0m
[1;33;40mWARNING - 2023-01-04 10:24:50,521 - [34mangr.project[0m - [34mAddress is already hooked, during hook(0x500004, <SimProcedure Sleep>). Re-hooking.[0m[0m
[1;33;40mWARNING - 2023-01-04 10:24:51,369 - [34mangr.project[0m - [34mAddress is already hooked, during hook(0x5000a4, <SimProcedure _exit>). Re-hooking.[0m[0m
[1;33;40mWARNING - 2023-01-04 10:24:51,370 - [34mangr.project[0m - [34mAddress is already hooked, during hook(0x5000a4, <SimProcedure _exit>). Re-hooking.[0m[0m
[1;32;40mINFO - 2023-01-04 10:24:51,381 - [33mwerkzeug[0m - [33m172.17.0.1 - - [04/Jan/2023 10:24:51] "GET /iteration-scdg HTTP/1.1" 200 -[0m[0m
[1;32;40mINFO - 2023-01-04 10:24:51,382 - [33mwerkzeug[0m - [33m172.17.0.1 - - [04/Jan/2023 10:24:51] "GET /progress-scdg HTTP/1.1" 200 -[0m[0m
[1;33;40mWARNING - 2023-01-04 10:24:51,808 - [34mangr.project[0m - [34mAddress is already hooked, during hook(0x5000b0, <SimProcedure strcspn>). Re-hooking.[0m[0m
[1;33;40mWARNING - 2023-01-04 10:24:51,809 - [34mangr.project[0m - [34mAddress is already hooked, during hook(0x5000b0, <SimProcedure strcspn>). Re-hooking.[0m[0m
[1;33;40mWARNING - 2023-01-04 10:24:52,062 - [34mangr.project[0m - [34mAddress is already hooked, during hook(0x5000b0, <SimProcedure strcspn>). Re-hooking.[0m[0m
[1;33;40mWARNING - 2023-01-04 10:24:52,063 - [34mangr.project[0m - [34mAddress is already hooked, during hook(0x5000b0, <SimProcedure strcspn>). Re-hooking.[0m[0m
[1;33;40mWARNING - 2023-01-04 10:24:52,208 - [34mangr.project[0m - [34mAddress is already hooked, during hook(0x5000a4, <SimProcedure _exit>). Re-hooking.[0m[0m
[1;33;40mWARNING - 2023-01-04 10:24:52,209 - [34mangr.project[0m - [34mAddress is already hooked, during hook(0x5000a4, <SimProcedure _exit>). Re-hooking.[0m[0m
[1;33;40mWARNING - 2023-01-04 10:24:52,510 - [34mangr.project[0m - [34mAddress is already hooked, during hook(0x5000e4, <SimProcedure SHDeleteKeyA>). Re-hooking.[0m[0m
[1;33;40mWARNING - 2023-01-04 10:24:52,511 - [34mangr.project[0m - [34mAddress is already hooked, during hook(0x5000e4, <SimProcedure SHDeleteKeyA>). Re-hooking.[0m[0m
[1;33;40mWARNING - 2023-01-04 10:24:52,873 - [34mangr.project[0m - [34mAddress is already hooked, during hook(0x5000e4, <SimProcedure SHDeleteKeyA>). Re-hooking.[0m[0m
[1;33;40mWARNING - 2023-01-04 10:24:52,874 - [34mangr.project[0m - [34mAddress is already hooked, during hook(0x5000e4, <SimProcedure SHDeleteKeyA>). Re-hooking.[0m[0m
[1;32;40mINFO - 2023-01-04 10:24:53,173 - [33mwerkzeug[0m - [33m172.17.0.1 - - [04/Jan/2023 10:24:53] "GET /iteration-scdg HTTP/1.1" 200 -[0m[0m
[1;32;40mINFO - 2023-01-04 10:24:53,179 - [33mwerkzeug[0m - [33m172.17.0.1 - - [04/Jan/2023 10:24:53] "GET /progress-scdg HTTP/1.1" 200 -[0m[0m
[1;33;40mWARNING - 2023-01-04 10:24:53,575 - [34mangr.project[0m - [34mAddress is already hooked, during hook(0x50011c, <SimProcedure closesocket>). Re-hooking.[0m[0m
[1;33;40mWARNING - 2023-01-04 10:24:53,576 - [34mangr.project[0m - [34mAddress is already hooked, during hook(0x50011c, <SimProcedure closesocket>). Re-hooking.[0m[0m
[1;33;40mWARNING - 2023-01-04 10:24:53,577 - [34mangr.project[0m - [34mAddress is already hooked, during hook(0x500118, <SimProcedure connect>). Re-hooking.[0m[0m
[1;33;40mWARNING - 2023-01-04 10:24:53,578 - [34mangr.project[0m - [34mAddress is already hooked, during hook(0x500118, <SimProcedure connect>). Re-hooking.[0m[0m
[1;33;40mWARNING - 2023-01-04 10:24:53,592 - [34mangr.project[0m - [34mAddress is already hooked, during hook(0x500120, <SimProcedure inet_addr>). Re-hooking.[0m[0m
[1;33;40mWARNING - 2023-01-04 10:24:53,596 - [34mangr.project[0m - [34mAddress is already hooked, during hook(0x500120, <SimProcedure inet_addr>). Re-hooking.[0m[0m
[1;33;40mWARNING - 2023-01-04 10:24:53,611 - [34mangr.project[0m - [34mAddress is already hooked, during hook(0x500124, <SimProcedure sendto>). Re-hooking.[0m[0m
[1;33;40mWARNING - 2023-01-04 10:24:53,612 - [34mangr.project[0m - [34mAddress is already hooked, during hook(0x500124, <SimProcedure sendto>). Re-hooking.[0m[0m
[1;33;40mWARNING - 2023-01-04 10:24:53,667 - [34mangr.project[0m - [34mAddress is already hooked, during hook(0x500104, <SimProcedure WSAStartup>). Re-hooking.[0m[0m
[1;33;40mWARNING - 2023-01-04 10:24:53,668 - [34mangr.project[0m - [34mAddress is already hooked, during hook(0x500104, <SimProcedure WSAStartup>). Re-hooking.[0m[0m
[1;33;40mWARNING - 2023-01-04 10:24:53,669 - [34mangr.project[0m - [34mAddress is already hooked, during hook(0x500128, <SimProcedure WSACleanup>). Re-hooking.[0m[0m
[1;33;40mWARNING - 2023-01-04 10:24:53,670 - [34mangr.project[0m - [34mAddress is already hooked, during hook(0x500128, <SimProcedure WSACleanup>). Re-hooking.[0m[0m
[1;33;40mWARNING - 2023-01-04 10:24:53,672 - [34mangr.project[0m - [34mAddress is already hooked, during hook(0x500124, <SimProcedure sendto>). Re-hooking.[0m[0m
[1;33;40mWARNING - 2023-01-04 10:24:53,673 - [34mangr.project[0m - [34mAddress is already hooked, during hook(0x500124, <SimProcedure sendto>). Re-hooking.[0m[0m
[1;33;40mWARNING - 2023-01-04 10:24:53,674 - [34mangr.project[0m - [34mAddress is already hooked, during hook(0x500118, <SimProcedure connect>). Re-hooking.[0m[0m
[1;33;40mWARNING - 2023-01-04 10:24:53,675 - [34mangr.project[0m - [34mAddress is already hooked, during hook(0x500118, <SimProcedure connect>). Re-hooking.[0m[0m
[1;33;40mWARNING - 2023-01-04 10:24:53,677 - [34mangr.project[0m - [34mAddress is already hooked, during hook(0x5000f4, <SimProcedure __WSAFDIsSet>). Re-hooking.[0m[0m
[1;33;40mWARNING - 2023-01-04 10:24:53,678 - [34mangr.project[0m - [34mAddress is already hooked, during hook(0x5000f4, <SimProcedure __WSAFDIsSet>). Re-hooking.[0m[0m
[1;33;40mWARNING - 2023-01-04 10:24:53,683 - [34mangr.project[0m - [34mAddress is already hooked, during hook(0x500120, <SimProcedure inet_addr>). Re-hooking.[0m[0m
[1;33;40mWARNING - 2023-01-04 10:24:53,684 - [34mangr.project[0m - [34mAddress is already hooked, during hook(0x500120, <SimProcedure inet_addr>). Re-hooking.[0m[0m
[1;33;40mWARNING - 2023-01-04 10:24:53,690 - [34mangr.project[0m - [34mAddress is already hooked, during hook(0x5000f4, <SimProcedure __WSAFDIsSet>). Re-hooking.[0m[0m
[1;33;40mWARNING - 2023-01-04 10:24:53,691 - [34mangr.project[0m - [34mAddress is already hooked, during hook(0x5000f4, <SimProcedure __WSAFDIsSet>). Re-hooking.[0m[0m
[1;33;40mWARNING - 2023-01-04 10:24:53,709 - [34mangr.project[0m - [34mAddress is already hooked, during hook(0x500104, <SimProcedure WSAStartup>). Re-hooking.[0m[0m
[1;33;40mWARNING - 2023-01-04 10:24:53,710 - [34mangr.project[0m - [34mAddress is already hooked, during hook(0x500104, <SimProcedure WSAStartup>). Re-hooking.[0m[0m
[1;33;40mWARNING - 2023-01-04 10:24:53,728 - [34mangr.project[0m - [34mAddress is already hooked, during hook(0x50011c, <SimProcedure closesocket>). Re-hooking.[0m[0m
[1;33;40mWARNING - 2023-01-04 10:24:53,729 - [34mangr.project[0m - [34mAddress is already hooked, during hook(0x50011c, <SimProcedure closesocket>). Re-hooking.[0m[0m
[1;33;40mWARNING - 2023-01-04 10:24:53,745 - [34mangr.project[0m - [34mAddress is already hooked, during hook(0x500128, <SimProcedure WSACleanup>). Re-hooking.[0m[0m
[1;33;40mWARNING - 2023-01-04 10:24:53,746 - [34mangr.project[0m - [34mAddress is already hooked, during hook(0x500128, <SimProcedure WSACleanup>). Re-hooking.[0m[0m
[1;33;40mWARNING - 2023-01-04 10:24:53,766 - [34mangr.project[0m - [34mAddress is already hooked, during hook(0x5000dc, <SimProcedure ShellExecuteExA>). Re-hooking.[0m[0m
[1;33;40mWARNING - 2023-01-04 10:24:53,767 - [34mangr.project[0m - [34mAddress is already hooked, during hook(0x5000dc, <SimProcedure ShellExecuteExA>). Re-hooking.[0m[0m
[1;33;40mWARNING - 2023-01-04 10:24:53,799 - [34mangr.project[0m - [34mAddress is already hooked, during hook(0x5000d8, <SimProcedure ShellExecuteA>). Re-hooking.[0m[0m
[1;33;40mWARNING - 2023-01-04 10:24:53,800 - [34mangr.project[0m - [34mAddress is already hooked, during hook(0x5000d8, <SimProcedure ShellExecuteA>). Re-hooking.[0m[0m
[1;33;40mWARNING - 2023-01-04 10:24:53,801 - [34mangr.project[0m - [34mAddress is already hooked, during hook(0x5000dc, <SimProcedure ShellExecuteExA>). Re-hooking.[0m[0m
[1;33;40mWARNING - 2023-01-04 10:24:53,802 - [34mangr.project[0m - [34mAddress is already hooked, during hook(0x5000dc, <SimProcedure ShellExecuteExA>). Re-hooking.[0m[0m
[1;33;40mWARNING - 2023-01-04 10:24:53,910 - [34mangr.project[0m - [34mAddress is already hooked, during hook(0x5000d8, <SimProcedure ShellExecuteA>). Re-hooking.[0m[0m
[1;33;40mWARNING - 2023-01-04 10:24:53,911 - [34mangr.project[0m - [34mAddress is already hooked, during hook(0x5000d8, <SimProcedure ShellExecuteA>). Re-hooking.[0m[0m
[1;33;40mWARNING - 2023-01-04 10:24:54,102 - [34mangr.project[0m - [34mAddress is already hooked, during hook(0x5000e0, <SimProcedure SHChangeNotify>). Re-hooking.[0m[0m
[1;33;40mWARNING - 2023-01-04 10:24:54,103 - [34mangr.project[0m - [34mAddress is already hooked, during hook(0x5000e0, <SimProcedure SHChangeNotify>). Re-hooking.[0m[0m
[1;32;40mINFO - 2023-01-04 10:24:54,154 - [36mCustomSimProcedure[0m - [36mSyscall found:  __p__fmode[][0m[0m
[1;32;40mINFO - 2023-01-04 10:24:54,163 - [36mCustomSimProcedure[0m - [36mSyscall found:  __p__commode[][0m[0m
[1;32;40mINFO - 2023-01-04 10:24:54,194 - [36mCustomSimProcedure[0m - [36mSyscall found:  _controlfp[][0m[0m
[1;32;40mINFO - 2023-01-04 10:24:54,227 - [36mCustomSimProcedure[0m - [36mSyscall found:  __getmainargs[<BV32 0x7ffefe48>, <BV32 0x7ffefe38>, <BV32 0x7ffefe44>, <BV32 0x0>, <BV32 0x7ffefe3c>][0m[0m
[1;32;40mINFO - 2023-01-04 10:24:54,367 - [33mwerkzeug[0m - [33m172.17.0.1 - - [04/Jan/2023 10:24:54] "GET /iteration-scdg HTTP/1.1" 200 -[0m[0m
[1;32;40mINFO - 2023-01-04 10:24:54,374 - [33mwerkzeug[0m - [33m172.17.0.1 - - [04/Jan/2023 10:24:54] "GET /progress-scdg HTTP/1.1" 200 -[0m[0m
[1;32;40mINFO - 2023-01-04 10:24:54,778 - [36mCustomSimProcedure[0m - [36mSyscall found:  GetStartupInfoA[<BV32 0x7ffefe4c>][0m[0m
[1;32;40mINFO - 2023-01-04 10:24:54,799 - [36mCustomSimProcedure[0m - [36mSyscall found:  GetModuleHandleA[<BV32 0x0>][0m[0m
[1;32;40mINFO - 2023-01-04 10:24:54,823 - [37mCustomSimProcedureWindows[0m - [37mLoadLibraryA: Symbol not found[0m[0m
[1;32;40mINFO - 2023-01-04 10:24:54,848 - [36mCustomSimProcedure[0m - {'ReleaseMutex': 5242880, 'Sleep': 5242884, 'lstrcpyA': 5242888, 'CreateProcessA': 5242892, 'TerminateProcess': 5242896, 'ExitThread': 5242900, 'GetStartupInfoA': 5242904, 'GetModuleHandleA': 5242908, 'WaitForSingleObject': 5242912, 'GetModuleFileNameA': 5242916, 'CreateFileA': 5242920, 'SetFilePointer': 5242924, 'WriteFile': 5242928, 'lstrcpynA': 5242932, 'lstrlenA': 5242936, 'OpenMutexA': 5242940, 'GetComputerNameA': 5242944, 'ExitProcess': 5242948, 'GetCurrentProcess': 5242952, 'GetCurrentThread': 5242956, 'CloseHandle': 5242960, 'CreateThread': 5242964, 'LoadLibraryA': 5242968, 'GetProcAddress': 5242972, 'GetSystemDefaultUILanguage': 5242976, 'GetTickCount': 5242980, 'GetAdaptersInfo': 5242984, 'GetIfTable': 5242988, "ordinal.823.b'mfc42.dll'": 5242992, "ordinal.825.b'mfc42.dll'": 5242996, '_controlfp': 5243000, '__set_app_type': 5243004, '__p__fmode': 5243008, '__p__commode': 5243012, '_adjust_fdiv': 5243016, '__setusermatherr': 5243020, '_initterm': 5243024, '__getmainargs': 5243028, '_acmdln': 5243032, 'exit': 5243036, '_XcptFilter': 5243040, '_exit': 5243044, '_except_handler3': 5243048, 'strstr': 5243052, 'strcspn': 5243056, 'strncpy': 5243060, 'atoi': 5243064, 'time': 5243068, 'srand': 5243072, 'rand': 5243076, 'realloc': 5243080, 'free': 5243084, 'malloc': 5243088, 'sprintf': 5243092, 'ShellExecuteA': 5243096, 'ShellExecuteExA': 5243100, 'SHChangeNotify': 5243104, 'SHDeleteKeyA': 5243108, 'wsprintfA': 5243112, 'setsockopt': 5243116, 'recv': 5243120, '__WSAFDIsSet': 5243124, 'select': 5243128, 'send': 5243132, 'WSAIoctl': 5243136, 'WSAStartup': 5243140, 'htons': 5243144, 'inet_ntoa': 5243148, 'htonl': 5243152, 'socket': 5243156, 'connect': 5243160, 'closesocket': 5243164, 'inet_addr': 5243168, 'sendto': 5243172, 'WSACleanup': 5243176, 'KiUserExceptionDispatcher': 6295572, '_fmode': 6295576, '_commode': 6295580, '_wcmdln': 6295584, 'advapi32.dll': 6295588}[0m
[1;33;40mWARNING - 2023-01-04 10:24:54,852 - [34mangr.project[0m - [34mAddress is already hooked, during hook(0x5000fc, <SimProcedure send>). Not re-hooking.[0m[0m
[1;33;40mWARNING - 2023-01-04 10:24:54,852 - [34mangr.project[0m - [34mAddress is already hooked, during hook(0x500120, <SimProcedure inet_addr>). Not re-hooking.[0m[0m
[1;33;40mWARNING - 2023-01-04 10:24:54,852 - [34mangr.project[0m - [34mAddress is already hooked, during hook(0x5000f4, <SimProcedure __WSAFDIsSet>). Not re-hooking.[0m[0m
[1;33;40mWARNING - 2023-01-04 10:24:54,852 - [34mangr.project[0m - [34mAddress is already hooked, during hook(0x5000ec, <SimProcedure setsockopt>). Not re-hooking.[0m[0m
[1;33;40mWARNING - 2023-01-04 10:24:54,852 - [34mangr.project[0m - [34mAddress is already hooked, during hook(0x500104, <SimProcedure WSAStartup>). Not re-hooking.[0m[0m
[1;33;40mWARNING - 2023-01-04 10:24:54,853 - [34mangr.project[0m - [34mAddress is already hooked, during hook(0x50011c, <SimProcedure closesocket>). Not re-hooking.[0m[0m
[1;33;40mWARNING - 2023-01-04 10:24:54,853 - [34mangr.project[0m - [34mAddress is already hooked, during hook(0x500110, <SimProcedure htonl>). Not re-hooking.[0m[0m
[1;33;40mWARNING - 2023-01-04 10:24:54,853 - [34mangr.project[0m - [34mAddress is already hooked, during hook(0x500108, <SimProcedure htons>). Not re-hooking.[0m[0m
[1;33;40mWARNING - 2023-01-04 10:24:54,853 - [34mangr.project[0m - [34mAddress is already hooked, during hook(0x500128, <SimProcedure WSACleanup>). Not re-hooking.[0m[0m
[1;32;40mINFO - 2023-01-04 10:24:54,855 - [36mCustomSimProcedure[0m - [36mWas in angr :kernel32.dll[0m[0m
[1;33;40mWARNING - 2023-01-04 10:24:54,959 - [34mangr.project[0m - [34mAddress is already hooked, during hook(0x5000e4, <SimProcedure SHDeleteKeyA>). Not re-hooking.[0m[0m
[1;32;40mINFO - 2023-01-04 10:24:54,983 - [36mCustomSimProcedure[0m - [36mWas in angr :user32.dll[0m[0m
[1;33;40mWARNING - 2023-01-04 10:24:54,986 - [36mCustomSimProcedure[0m - [36mProcedure wsprintfA in DLL user32.dll has 3 arguments in json and 2 arguments in angr prototype. Taking number of arguments from json.[0m[0m
[1;33;40mWARNING - 2023-01-04 10:24:54,986 - [36mCustomSimProcedure[0m - [36mProcedure wsprintfW in DLL user32.dll has 3 arguments in json and 2 arguments in angr prototype. Taking number of arguments from json.[0m[0m
[1;32;40mINFO - 2023-01-04 10:24:55,033 - [36mCustomSimProcedure[0m - [36mWas in angr :advapi32.dll[0m[0m
[1;33;40mWARNING - 2023-01-04 10:24:55,074 - [34mangr.project[0m - [34mAddress is already hooked, during hook(0x5000dc, <SimProcedure ShellExecuteExA>). Not re-hooking.[0m[0m
[1;33;40mWARNING - 2023-01-04 10:24:55,075 - [34mangr.project[0m - [34mAddress is already hooked, during hook(0x5000d8, <SimProcedure ShellExecuteA>). Not re-hooking.[0m[0m
[1;33;40mWARNING - 2023-01-04 10:24:55,075 - [34mangr.project[0m - [34mAddress is already hooked, during hook(0x5000e0, <SimProcedure SHChangeNotify>). Not re-hooking.[0m[0m
[1;32;40mINFO - 2023-01-04 10:24:55,080 - [36mCustomSimProcedure[0m - [36mWas in angr :msvcrt.dll[0m[0m
[1;33;40mWARNING - 2023-01-04 10:24:55,121 - [34mangr.project[0m - [34mAddress is already hooked, during hook(0x5000bc, <SimProcedure time>). Not re-hooking.[0m[0m
[1;33;40mWARNING - 2023-01-04 10:24:55,121 - [34mangr.project[0m - [34mAddress is already hooked, during hook(0x601014, <SimProcedure KiUserExceptionDispatcher>). Not re-hooking.[0m[0m
[1;32;40mINFO - 2023-01-04 10:24:55,122 - [36mCustomSimProcedure[0m - [36mNo hooks for: {'GetIfTable': 5242988, "ordinal.823.b'mfc42.dll'": 5242992, "ordinal.825.b'mfc42.dll'": 5242996, '_controlfp': 5243000, '__set_app_type': 5243004, '_adjust_fdiv': 5243016, '__setusermatherr': 5243020, '_initterm': 5243024, '__getmainargs': 5243028, '_acmdln': 5243032, '_XcptFilter': 5243040, '_except_handler3': 5243048, 'WSAIoctl': 5243136, '_fmode': 6295576, '_commode': 6295580, '_wcmdln': 6295584, 'advapi32.dll': 6295588}[0m[0m
[1;32;40mINFO - 2023-01-04 10:24:55,125 - [36mCustomSimProcedure[0m - [36mSyscall found:  LoadLibraryA[<BV32 0x407154>][0m[0m
[1;32;40mINFO - 2023-01-04 10:24:55,147 - [37mCustomSimProcedureWindows[0m - [37mGetProcAddress: StartServiceCtrlDispatcherA[0m[0m
[1;32;40mINFO - 2023-01-04 10:24:55,147 - [37mCustomSimProcedureWindows[0m - [37mGetProcAddress - Query to lib : advapi32.dll[0m[0m
[1;32;40mINFO - 2023-01-04 10:24:55,147 - [37mCustomSimProcedureWindows[0m - [37mGetProcAddress: Symbol not found[0m[0m
[1;32;40mINFO - 2023-01-04 10:24:55,148 - [36mCustomSimProcedure[0m - [36mSyscall found:  GetProcAddress[<BV32 0x601024>, <BV32 0x4073d8>][0m[0m
[1;32;40mINFO - 2023-01-04 10:24:55,185 - [36mCustomSimProcedure[0m - [36mSyscall found:  LoadLibraryA[<BV32 0x407154>][0m[0m
[1;32;40mINFO - 2023-01-04 10:24:55,208 - [37mCustomSimProcedureWindows[0m - [37mGetProcAddress: RegCloseKey[0m[0m
[1;32;40mINFO - 2023-01-04 10:24:55,208 - [37mCustomSimProcedureWindows[0m - [37mGetProcAddress - Query to lib : advapi32.dll[0m[0m
[1;32;40mINFO - 2023-01-04 10:24:55,208 - [37mCustomSimProcedureWindows[0m - [37mGetProcAddress: Symbol not found[0m[0m
[1;32;40mINFO - 2023-01-04 10:24:55,208 - [36mCustomSimProcedure[0m - [36mSyscall found:  GetProcAddress[<BV32 0x601024>, <BV32 0x4071a4>][0m[0m
[1;32;40mINFO - 2023-01-04 10:24:55,230 - [36mCustomSimProcedure[0m - [36mSyscall found:  LoadLibraryA[<BV32 0x407154>][0m[0m
[1;32;40mINFO - 2023-01-04 10:24:55,254 - [37mCustomSimProcedureWindows[0m - [37mGetProcAddress: RegOpenKeyExA[0m[0m
[1;32;40mINFO - 2023-01-04 10:24:55,254 - [37mCustomSimProcedureWindows[0m - [37mGetProcAddress - Query to lib : advapi32.dll[0m[0m
[1;32;40mINFO - 2023-01-04 10:24:55,254 - [37mCustomSimProcedureWindows[0m - [37mGetProcAddress: Symbol not found[0m[0m
[1;32;40mINFO - 2023-01-04 10:24:55,254 - [36mCustomSimProcedure[0m - [36mSyscall found:  GetProcAddress[<BV32 0x601024>, <BV32 0x407374>][0m[0m
[1;32;40mINFO - 2023-01-04 10:24:55,936 - [36mCustomSimProcedure[0m - [36mSyscall found:  RegOpenKeyExA[<BV32 0x80000002>, <BV32 0x7ffefbb0>, <BV32 0x0>, <BV32 0xf003f>, <BV32 0x7ffefcb8>][0m[0m
[1;32;40mINFO - 2023-01-04 10:24:55,960 - [36mCustomSimProcedure[0m - [36mSyscall found:  RegCloseKey[<BV32 key_handle_RegOpenKeyExA_163857_32[7:0] .. key_handle_RegOpenKeyExA_163857_32[15:8] .. key_handle_RegOpenKeyExA_163857_32[23:16] .. key_handle_RegOpenKeyExA_163857_32[31:24]>][0m[0m
[1;32;40mINFO - 2023-01-04 10:24:56,004 - [36mCustomSimProcedure[0m - [36mSyscall found:  StartServiceCtrlDispatcherA[<BV32 0x7ffefdfc>][0m[0m
[1;32;40mINFO - 2023-01-04 10:24:56,036 - [31mToolChainExplorerAnotherCDFS[0m - [31mA new block of execution have been executed with changes in sim_manager.[0m[0m
[1;32;40mINFO - 2023-01-04 10:24:56,036 - [31mToolChainExplorerAnotherCDFS[0m - [31mCurrently, simulation manager is :[0m[0m
[1;32;40mINFO - 2023-01-04 10:24:56,037 - [31mToolChainExplorerAnotherCDFS[0m - [31m<SimulationManager with 1 deadended>[0m[0m
[1;32;40mINFO - 2023-01-04 10:24:56,037 - [31mToolChainExplorerAnotherCDFS[0m - [31mpause stash len :0[0m[0m
[1;32;40mINFO - 2023-01-04 10:24:56,037 - [31mToolChainExplorerAnotherCDFS[0m - [31mlen(simgr.active) <= 0 or deadended >= self.max_end_state)[0m[0m
[1;32;40mINFO - 2023-01-04 10:24:56,040 - [37mGraphBuilder[0m - [37mOutput dir :src/output/runs/69//nitol[0m[0m
