2021-12-03 09:18:50,583 [cuckoo.core.scheduler] INFO: Task #21: acquired machine cuckoo1 (label=cuckoo1)
2021-12-03 09:18:50,584 [cuckoo.core.resultserver] DEBUG: Now tracking machine 192.168.122.227 for task #21
2021-12-03 09:18:50,584 [cuckoo.core.plugins] DEBUG: Started auxiliary module: Replay
2021-12-03 09:18:50,591 [cuckoo.auxiliary.sniffer] INFO: Started sniffer with PID 33769 (interface=qemubr, host=192.168.122.227)
2021-12-03 09:18:50,591 [cuckoo.core.plugins] DEBUG: Started auxiliary module: Sniffer
2021-12-03 09:18:50,622 [cuckoo.machinery.qemu] DEBUG: Starting vm cuckoo1
2021-12-03 09:18:50,639 [cuckoo.core.scheduler] ERROR: Error starting Virtual Machine! VM: cuckoo1, error: QEMU failed starting the machine: qemu-img: /home/crochetch/Documents/PhD/VMImages/images/snapshot_cuckoo1.qcow2: Could not open '/home/crochetch/Documents/PhD/VMImages/images/cuckoo_ubuntu18.04.qcow2': No such file or directory
Could not open backing image to determine size.

2021-12-03 09:18:50,640 [cuckoo.core.plugins] DEBUG: Stopped auxiliary module: Replay
2021-12-03 09:18:50,651 [cuckoo.core.plugins] DEBUG: Stopped auxiliary module: Sniffer
2021-12-03 09:18:50,652 [cuckoo.machinery.qemu] DEBUG: Stopping vm cuckoo1
2021-12-03 09:18:50,660 [cuckoo.core.scheduler] WARNING: Unable to stop machine cuckoo1: Trying to stop an already stopped vm cuckoo1
2021-12-03 09:18:50,669 [cuckoo.core.resultserver] DEBUG: Stopped tracking machine 192.168.122.227 for task #21
2021-12-03 09:18:50,690 [cuckoo.core.scheduler] DEBUG: Released database task #21
2021-12-03 09:18:50,725 [cuckoo.core.plugins] DEBUG: Executed processing module "AnalysisInfo" for task #21
2021-12-03 09:18:50,728 [cuckoo.processing.behavior] WARNING: Analysis results folder does not contain any behavior log files.
2021-12-03 09:18:50,730 [cuckoo.core.plugins] DEBUG: Executed processing module "BehaviorAnalysis" for task #21
2021-12-03 09:18:50,731 [cuckoo.core.plugins] DEBUG: Executed processing module "Dropped" for task #21
2021-12-03 09:18:50,732 [cuckoo.core.plugins] DEBUG: Executed processing module "DroppedBuffer" for task #21
2021-12-03 09:18:50,732 [cuckoo.core.plugins] DEBUG: Executed processing module "MetaInfo" for task #21
2021-12-03 09:18:50,733 [cuckoo.core.plugins] DEBUG: Executed processing module "ProcessMemory" for task #21
2021-12-03 09:18:50,735 [cuckoo.core.plugins] DEBUG: Executed processing module "Procmon" for task #21
2021-12-03 09:18:50,735 [cuckoo.core.plugins] DEBUG: Executed processing module "Screenshots" for task #21
2021-12-03 09:18:51,013 [cuckoo.core.plugins] DEBUG: Executed processing module "Static" for task #21
2021-12-03 09:18:51,045 [cuckoo.core.plugins] DEBUG: Executed processing module "Strings" for task #21
2021-12-03 09:18:51,060 [cuckoo.core.plugins] DEBUG: Executed processing module "TargetInfo" for task #21
2021-12-03 09:18:51,062 [cuckoo.processing.network] WARNING: The PCAP file does not exist at path "/home/crochetch/Documents/toolchain_malware_analysis/src/sandboxes/.cuckoo/storage/analyses/21/dump.pcap".
2021-12-03 09:18:51,062 [cuckoo.core.plugins] DEBUG: Executed processing module "NetworkAnalysis" for task #21
2021-12-03 09:18:51,062 [cuckoo.core.plugins] DEBUG: Executed processing module "Extracted" for task #21
2021-12-03 09:18:51,063 [cuckoo.core.plugins] DEBUG: Executed processing module "TLSMasterSecrets" for task #21
2021-12-03 09:18:51,063 [cuckoo.processing.debug] ERROR: Error processing task #21: it appears that the Virtual Machine hasn't been able to contact back to the Cuckoo Host. There could be a few reasons for this, please refer to our documentation on the matter: https://cuckoo.sh/docs/faq/index.html#troubleshooting-vm-network-configuration
2021-12-03 09:18:51,074 [cuckoo.core.plugins] DEBUG: Executed processing module "Debug" for task #21
2021-12-03 09:18:51,075 [cuckoo.core.plugins] DEBUG: Running 0 signatures
2021-12-03 09:18:51,079 [cuckoo.core.plugins] DEBUG: Executed reporting module "JsonDump"
2021-12-03 09:18:51,111 [cuckoo.core.plugins] DEBUG: Executed reporting module "SingleFile"
2021-12-03 09:18:51,119 [cuckoo.core.plugins] DEBUG: Executed reporting module "MongoDB"
2021-12-03 09:18:51,119 [cuckoo.core.scheduler] INFO: Task #21: reports generation completed
2021-12-03 09:18:51,124 [cuckoo.core.scheduler] INFO: Task #21: analysis procedure completed
